18
6 24 3 20
5 26 6 24
7 16 7 12
3 20 7 16
8 26 7 24
5 26 8 26
10 13 7 12
9 18 10 13
11 20 9 18
11 24 7 24
15 17 11 20
15 27 11 24
16 22 15 27
17 17 15 17
19 19 17 17
17 20 19 19
19 21 17 20
16 22 19 21
total area=103
i=0
area=101.865
+++++3 guards with gradient 0
	======== guard 15 21
	was guard reflex vertex? 0
	computed gradient 2.75777 -1.82595 and pull 2.15028 1.59242
	------- removing guard 15 21
g0=15 21
area0=77.6308
alpha0=0.8
scaling gradient with 1 to 2.75777 -1.82595
	>>>> prev guard 15 21 cur guard 15.7853 20.9626
	was guard reflex vertex? 0
	was guard in reflex area? 0
	does guard intersect boundary ray 15 21 15.7853 20.9626?0
	is guard inside polygon? 1
0 other guards have coords 15.7853 20.9626
	 new best guard at 15.7853 20.9626
		new arrangement area = 101.374
		old arrangement area = 101.865
		new guard area = 76.0787
		best guard area = 77.6308
---- official new best guard 15.7853 20.9626
Df=0 0
h=0 0
Df=0 0
h=0 0
Df=-0.00178399 -0.0047573
h=-0.0005568 0.0002088
Df=-0.192 -0.256
h=-0.0512 0.0384
Df=2 -2
h=1.41421 1.41421
Df=0.4 0.8
h=0.357771 -0.178885
Df=0.785289 -0.0373641
h=1.72023 1.27394
is completely visible? 0
are areas equal? 103=101.374?0
+++++2 guards with gradient 0
	======== guard 7 17
	was guard reflex vertex? 0
	computed gradient -1.80667 3.58691 and pull 1.36218 0.978979
	------- removing guard 7 17
g1=7 17
area1=73.677
alpha1=0.8
scaling gradient with 1 to -1.80667 3.58691
	>>>> prev guard 7 17 cur guard 6.92888 17.7305
	was guard reflex vertex? 0
	was guard in reflex area? 0
	does guard intersect boundary ray 7 17 6.92888 17.7305?0
	is guard inside polygon? 1
0 other guards have coords 6.92888 17.7305
	 new best guard at 6.92888 17.7305
		new arrangement area = 101.396
		old arrangement area = 101.374
		new guard area = 75.5823
		best guard area = 73.677
---- official new best guard 6.92888 17.7305
Df=0 0
h=0 0
Df=0 0
h=0 0
Df=-0.228571 0
h=0 0.0326531
Df=1.07692 -0.615385
h=0.0763291 0.133576
Df=-1.65369 2.20491
h=0.440983 0.330737
Df=-0.64 1.28
h=0.572433 0.286217
Df=-0.0711178 0.730543
h=1.08975 0.783183
is completely visible? 0
are areas equal? 103=101.396?0
+++++1 guards with gradient 0
	======== guard 9 17
	was guard reflex vertex? 0
	computed gradient -18.1943 -3.92818 and pull -1.52719 17.5218
	------- removing guard 9 17
g2=9 17
area2=46.2857
alpha2=0.8
scaling gradient with 1 to -18.1943 -3.92818
	>>>> prev guard 9 17 cur guard 5.84456 19.175
	was guard reflex vertex? 0
	was guard in reflex area? 0
	does guard intersect boundary ray 9 17 5.84456 19.175?0
	is guard inside polygon? 1
0 other guards have coords 5.84456 19.175
	 new best guard at 5.84456 19.175
		new arrangement area = 100.988
		old arrangement area = 101.396
		new guard area = 79.7767
		best guard area = 46.2857
---- official new best guard 5.84456 19.175
Df=1.28 -2.56
h=-1.14487 -0.572433
Df=-1.2069 -0.517241
h=-0.0679171 0.158473
Df=-0.228571 -0.0653061
h=-0.00897049 0.0313967
Df=-14.4 0
h=0 14.4
Df=-3.15544 2.17498
h=-1.22175 14.0174
is completely visible? 0
are areas equal? 103=100.988?0
i=1
area=100.988
+++++3 guards with gradient 0
	======== guard 15.7853 20.9626
	was guard reflex vertex? 0
	computed gradient 2.57943 0.916249 and pull 1.12308 0.850088
	------- removing guard 15.7853 20.9626
g0=15.7853 20.9626
area0=76.0787
alpha0=0.8
scaling gradient with 1 to 2.57943 0.916249
	>>>> prev guard 15.7853 20.9626 cur guard 17.0059 21.2154
	was guard reflex vertex? 0
	was guard in reflex area? 0
	does guard intersect boundary ray 15.7853 20.9626 17.0059 21.2154?0
	is guard inside polygon? 1
0 other guards have coords 17.0059 21.2154
	 new best guard at 17.0059 21.2154
		new arrangement area = 98.4455
		old arrangement area = 100.988
		new guard area = 65.5958
		best guard area = 76.0787
---- official new best guard 17.0059 21.2154
Df=0 0
h=0 0
Df=0 0
h=0 0
Df=-0.0055217 -0.015971
h=-0.00171814 0.000594017
Df=0 0
h=0 0
Df=1.2676 -0.262365
h=0.247666 1.19658
Df=0.801465 1.01134
h=0.652517 -0.517107
Df=1.22063 0.252723
h=0.898465 0.68007
is completely visible? 0
are areas equal? 103=98.4455?0
+++++2 guards with gradient 0
	======== guard 6.92888 17.7305
	was guard reflex vertex? 0
	computed gradient 4.49873 0.184878 and pull 0.106743 -2.59741
	------- removing guard 6.92888 17.7305
g1=6.92888 17.7305
area1=75.5823
alpha1=0.8
scaling gradient with 1 to 4.49873 0.184878
	>>>> prev guard 6.92888 17.7305 cur guard 7.60886 17.929
	was guard reflex vertex? 0
	was guard in reflex area? 0
	does guard intersect boundary ray 6.92888 17.7305 7.60886 17.929?0
	is guard inside polygon? 1
0 other guards have coords 7.60886 17.929
	 new best guard at 7.60886 17.929
		new arrangement area = 98.9984
		old arrangement area = 98.4455
		new guard area = 75.2944
		best guard area = 75.5823
---- official new best guard 7.60886 17.929
Df=3.59898 0.147903
h=0.085394 -2.07793
Df=0 0
h=0 0
Df=0 0
h=0 0
Df=0 0
h=0 0
Df=0 0
h=0 0
Df=0 0
h=0 0
Df=0.679982 0.198428
h=0.085394 -2.07793
is completely visible? 0
are areas equal? 103=98.9984?0
+++++1 guards with gradient 0
	======== guard 5.84456 19.175
	was guard reflex vertex? 0
	computed gradient 2.8545 5.69259 and pull 1.80682 -0.20341
	------- removing guard 5.84456 19.175
g2=5.84456 19.175
area2=79.7767
alpha2=0.8
scaling gradient with 1 to 2.8545 5.69259
	>>>> prev guard 5.84456 19.175 cur guard 4.06601 21.7932
	was guard reflex vertex? 0
	was guard in reflex area? 0
	does guard intersect boundary ray 5.84456 19.175 4.06601 21.7932?1
	is guard inside polygon? 0
0 other guards have coords 4.19857 21.5981
	 new best guard at 4.19857 21.5981
		new arrangement area = 101.212
		old arrangement area = 98.9984
		new guard area = 84.8643
		best guard area = 79.7767
---- official new best guard 4.19857 21.5981
Df=0.331605 -0.0106831
h=0.00221295 0.0686904
Df=-0.331605 0.0794091
h=0.0160053 0.0668364
Df=0.967725 -1.034
h=0.146435 0.13705
Df=0.0668337 -0.240255
h=0.0227923 0.00634032
Df=-0.68581 4.28553
h=0.820818 0.131355
Df=0.331639 0.890629
h=0.264509 -0.0984939
Df=1.60321 0.583443
h=0.172683 -0.474506
Df=-1.77855 2.61825
h=1.44546 -0.162728
is completely visible? 0
are areas equal? 103=101.212?0
i=2
area=101.212
+++++3 guards with gradient 0
	======== guard 17.0059 21.2154
	was guard reflex vertex? 0
	computed gradient -2.88938 0.0048799 and pull -0.0124576 -2.37501
	------- removing guard 17.0059 21.2154
g0=17.0059 21.2154
area0=65.5958
alpha0=0.8
scaling gradient with 1 to -2.88938 0.0048799
	>>>> prev guard 17.0059 21.2154 cur guard 17.5181 21.0383
	was guard reflex vertex? 0
	was guard in reflex area? 0
	does guard intersect boundary ray 17.0059 21.2154 17.5181 21.0383?0
	is guard inside polygon? 1
0 other guards have coords 17.5181 21.0383
	 new best guard at 17.5181 21.0383
		new arrangement area = 99.4276
		old arrangement area = 101.212
		new guard area = 61.2412
		best guard area = 65.5958
---- official new best guard 17.5181 21.0383
Df=-2.30946 0.0112526
h=-0.00925854 -1.90021
Df=0 0
h=0 0
Df=0 0
h=0 0
Df=-0.00204513 -0.00734867
h=-0.000707543 0.000196909
Df=0 0
h=0 0
Df=0 0
h=0 0
Df=0.512212 -0.177043
h=-0.00996609 -1.90001
is completely visible? 0
are areas equal? 103=99.4276?0
+++++2 guards with gradient 0
	======== guard 7.60886 17.929
	was guard reflex vertex? 0
	computed gradient 5.12533 -2.08865 and pull -0.466009 -1.60353
	------- removing guard 7.60886 17.929
g1=7.60886 17.929
area1=75.2944
alpha1=0.8
scaling gradient with 1 to 5.12533 -2.08865
	>>>> prev guard 7.60886 17.929 cur guard 8.89834 17.497
	was guard reflex vertex? 0
	was guard in reflex area? 0
	does guard intersect boundary ray 7.60886 17.929 8.89834 17.497?0
	is guard inside polygon? 1
0 other guards have coords 8.89834 17.497
	 new best guard at 8.89834 17.497
		new arrangement area = 96.2929
		old arrangement area = 99.4276
		new guard area = 49.9452
		best guard area = 75.2944
---- official new best guard 8.89834 17.497
Df=3.01723 -0.952362
h=-0.470818 -1.49162
Df=0 0
h=0 0
Df=-0.172416 -0.0172916
h=-0.002834 0.0282581
Df=1.25546 -0.701268
h=0.100845 0.180539
Df=0 0
h=0 0
Df=0 0
h=0 0
Df=1.28948 -0.432007
h=-0.372807 -1.28283
is completely visible? 0
are areas equal? 103=96.2929?0
+++++1 guards with gradient 0
	======== guard 4.19857 21.5981
	was guard reflex vertex? 0
	computed gradient 1.61086 4.51395 and pull 1.31792 0.0970215
	------- removing guard 4.19857 21.5981
g2=4.19857 21.5981
area2=84.8643
alpha2=0.8
scaling gradient with 1 to 1.61086 4.51395
	>>>> prev guard 4.19857 21.5981 cur guard 3.24433 24.4304
	was guard reflex vertex? 0
	was guard in reflex area? 0
	does guard intersect boundary ray 4.19857 21.5981 3.24433 24.4304?1
	is guard inside polygon? 0
0 other guards have coords 5.21457 22.9528
	 new best guard at 5.21457 22.9528
		new arrangement area = 97.2382
		old arrangement area = 96.2929
		new guard area = 90.7389
		best guard area = 84.8643
---- official new best guard 5.21457 22.9528
Df=-0.666136 0.499602
h=0.166402 0.221869
Df=-0.352776 0.411455
h=0.111501 0.0955994
Df=0.383401 -1.08567
h=0.150513 0.0531535
Df=0.0115297 -0.338549
h=0.0286705 0.000976406
Df=0.0192043 0.153835
h=0.0119245 -0.00148861
Df=0.7339 3.12346
h=0.447061 -0.105043
Df=0.31983 0.426794
h=0.0711323 -0.053305
Df=0.839732 0.420224
h=0.0671293 -0.134144
Df=-0.954232 2.83236
h=1.05433 0.0776172
is completely visible? 0
are areas equal? 103=97.2382?0
i=3
area=97.2382
+++++3 guards with gradient 0
	======== guard 17.5181 21.0383
	was guard reflex vertex? 0
	computed gradient -2.43372 -0.809717 and pull -1.47018 -0.731775
	------- removing guard 17.5181 21.0383
g0=17.5181 21.0383
area0=61.2412
alpha0=0.8
scaling gradient with 1 to -2.43372 -0.809717
	>>>> prev guard 17.5181 21.0383 cur guard 17.3033 20.65
	was guard reflex vertex? 0
	was guard in reflex area? 0
	does guard intersect boundary ray 17.5181 21.0383 17.3033 20.65?0
	is guard inside polygon? 1
0 other guards have coords 17.3033 20.65
	 new best guard at 17.3033 20.65
		new arrangement area = 98.2666
		old arrangement area = 97.2382
		new guard area = 62.7042
		best guard area = 61.2412
---- official new best guard 17.3033 20.65
Df=-1.17233 0.585008
h=-0.504137 -1.01027
Df=0 0
h=0 0
Df=0 0
h=0 0
Df=-0.000502868 -0.00178589
h=-0.000163436 4.60201e-05
Df=-0.0143312 -0.0315404
h=-0.00440542 0.00200172
Df=-0.759813 -1.19945
h=-0.667439 0.4228
Df=-0.214855 -0.388273
h=-1.17615 -0.58542
is completely visible? 0
are areas equal? 103=98.2666?0
+++++2 guards with gradient 0
	======== guard 8.89834 17.497
	was guard reflex vertex? 0
	computed gradient 1.8123 -2.66752 and pull -1.08501 -0.812615
	------- removing guard 8.89834 17.497
g1=8.89834 17.497
area1=49.9452
alpha1=0.8
scaling gradient with 1 to 1.8123 -2.66752
	>>>> prev guard 8.89834 17.497 cur guard 10.0463 16.5945
	was guard reflex vertex? 0
	was guard in reflex area? 0
	does guard intersect boundary ray 8.89834 17.497 10.0463 16.5945?1
	is guard inside polygon? 0
0 other guards have coords 9.13834 17.3083
	 new best guard at 9.13834 17.3083
		new arrangement area = 98.2686
		old arrangement area = 98.2666
		new guard area = 42.6989
		best guard area = 49.9452
---- official new best guard 9.13834 17.3083
Df=1.63922 -2.07874
h=-0.859849 -0.678046
Df=0 0
h=0 0
Df=-0.189379 -0.0552827
h=-0.00816047 0.0279548
Df=0 0
h=0 0
Df=1.14795 -0.902428
h=-0.868009 -0.650092
is completely visible? 0
are areas equal? 103=98.2686?0
+++++1 guards with gradient 0
	======== guard 5.21457 22.9528
	was guard reflex vertex? 0
	computed gradient 0.806946 4.13694 and pull 2.50325 1.34629
	------- removing guard 5.21457 22.9528
g2=5.21457 22.9528
area2=90.7389
alpha2=0.8
scaling gradient with 1 to 0.806946 4.13694
	>>>> prev guard 5.21457 22.9528 cur guard 4.98082 26.096
	was guard reflex vertex? 0
	was guard in reflex area? 0
	does guard intersect boundary ray 5.21457 22.9528 4.98082 26.096?1
	is guard inside polygon? 0
0 other guards have coords 6.63916 24.8522
	 new best guard at 6.63916 24.8522
		new arrangement area = 89.9129
		old arrangement area = 98.2686
		new guard area = 43.1972
		best guard area = 90.7389
---- official new best guard 6.63916 24.8522
Df=-1.52783 1.14587
h=0.875353 1.16714
Df=-0.488854 0.833445
h=0.402652 0.236174
Df=0.246638 -1.36255
h=0.231747 0.0419492
Df=-0.0325084 -0.367999
h=0.0339877 -0.00300241
Df=0.0400063 0.159678
h=0.0131425 -0.00329278
Df=1.2192 2.3888
h=0.367769 -0.187702
Df=0.407852 0.311723
h=0.050006 -0.0654267
Df=0.78106 0.200571
h=0.0279411 -0.108808
Df=-0.233755 3.1432
h=2.0026 1.07703
is completely visible? 0
are areas equal? 103=89.9129?0
i=4
area=89.9129
+++++3 guards with gradient 0
	======== guard 17.3033 20.65
	was guard reflex vertex? 0
	computed gradient -11.419 -0.993596 and pull -6.77214 -7.41439
	------- removing guard 17.3033 20.65
g0=17.3033 20.65
area0=62.7042
alpha0=0.8
scaling gradient with 1 to -11.419 -0.993596
	>>>> prev guard 17.3033 20.65 cur guard 14.2208 18.9941
	was guard reflex vertex? 0
	was guard in reflex area? 0
	does guard intersect boundary ray 17.3033 20.65 14.2208 18.9941?0
	is guard inside polygon? 1
0 other guards have coords 14.2208 18.9941
	 new best guard at 14.2208 18.9941
		new arrangement area = 100.192
		old arrangement area = 89.9129
		new guard area = 63.4335
		best guard area = 62.7042
---- official new best guard 14.2208 18.9941
Df=-5.5381 2.58382
h=-3.6021 -7.72066
Df=-0.0319585 0.309893
h=-0.0489044 -0.0050434
Df=0 0
h=0 0
Df=0 0
h=0 0
Df=-0.269293 -0.506701
h=-0.0709847 0.0377257
Df=-3.29585 -3.18189
h=-1.69573 1.75646
Df=-3.08247 -1.6559
h=-5.41771 -5.93152
is completely visible? 0
are areas equal? 103=100.192?0
+++++2 guards with gradient 0
	======== guard 9.13834 17.3083
	was guard reflex vertex? 0
	computed gradient -20.1263 -7.08058 and pull -7.26446 30.2283
	------- removing guard 9.13834 17.3083
g1=9.13834 17.3083
area1=42.6989
alpha1=0.8
scaling gradient with 1 to -20.1263 -7.08058
event=placed on reflex vertex 9 18
	>>>> prev guard 9.13834 17.3083 cur guard 9 18
	was guard reflex vertex? 0
	was guard in reflex area? 0
	does guard intersect boundary ray 9.13834 17.3083 9 18?0
	is guard inside polygon? 1
0 other guards have coords 9 18
	 new best guard at 9 18
		new arrangement area = 103
		old arrangement area = 100.192
		new guard area = 71.0833
		best guard area = 42.6989
---- official new best guard 9 18
Df=-17.4335 -3.4867
h=-4.94283 24.7142
Df=1.33242 -2.17777
h=-0.868738 -0.531517
Df=-0 -0
h=-0 0
Df=-0 -0
h=-0 0
Df=0 0
h=-5.81157 24.1826
is completely visible? 1
are areas equal? 103=103?1
i=6
area=103
g0=14.2208 18.9941
alpha0=0.8
area0=63.4335
g1=9 18
alpha1=0.8
area1=71.0833
g2=6.63916 24.8522
alpha2=0.8
area2=43.1972
