14
4 5 4 3
5 9 4 5
6 5 5 9
7 5 6 5
8 9 7 5
9 5 8 9
10 5 9 5
11 9 10 5
12 5 11 9
13 5 12 5
14 9 13 5
15 3 4 3
15 5 15 3
14 9 15 5
total area=38
i=0
area=31.2698
+++++4 guards with gradient 0
	======== guard 5.9 4.9
	was guard reflex vertex? 0
	computed gradient 0 -0 and pull 0 0
	======== guard 8 4
	was guard reflex vertex? 0
	computed gradient 0.0677092 -0.174731 and pull 0.0616899 0.02699
	------- removing guard 8 4
g1=8 4
area1=28.1587
alpha1=0.4
scaling gradient with 0.03125 to 0.00211591 -0.00546036
	>>>> prev guard 8 4 cur guard 8.0051 4.00172
	was guard reflex vertex? 0
	was guard in reflex area? 0
	does guard intersect boundary ray 8 4 8.0051 4.00172?0
	is guard inside polygon? 1
0 other guards have coords 8.0051 4.00172
	 new best guard at 8.0051 4.00172
scaling gradient with 0.0625 to 0.00423183 -0.0109207
	>>>> prev guard 8 4 cur guard 8.01446 4.00439
	was guard reflex vertex? 0
	was guard in reflex area? 0
	does guard intersect boundary ray 8 4 8.01446 4.00439?0
	is guard inside polygon? 1
0 other guards have coords 8.01446 4.00439
	 new best guard at 8.01446 4.00439
scaling gradient with 0.125 to 0.00846365 -0.0218414
	>>>> prev guard 8 4 cur guard 8.02756 4.00693
	was guard reflex vertex? 0
	was guard in reflex area? 0
	does guard intersect boundary ray 8 4 8.02756 4.00693?0
	is guard inside polygon? 1
0 other guards have coords 8.02756 4.00693
	 new best guard at 8.02756 4.00693
scaling gradient with 0.25 to 0.0169273 -0.0436828
	>>>> prev guard 8 4 cur guard 8.04433 4.00763
	was guard reflex vertex? 0
	was guard in reflex area? 0
	does guard intersect boundary ray 8 4 8.04433 4.00763?0
	is guard inside polygon? 1
0 other guards have coords 8.04433 4.00763
	 new best guard at 8.04433 4.00763
scaling gradient with 0.5 to 0.0338546 -0.0873657
	>>>> prev guard 8 4 cur guard 8.06539 4.00336
	was guard reflex vertex? 0
	was guard in reflex area? 0
	does guard intersect boundary ray 8 4 8.06539 4.00336?0
	is guard inside polygon? 1
0 other guards have coords 8.06539 4.00336
	 new best guard at 8.06539 4.00336
scaling gradient with 1 to 0.0677092 -0.174731
	>>>> prev guard 8 4 cur guard 8.09258 3.98812
	was guard reflex vertex? 0
	was guard in reflex area? 0
	does guard intersect boundary ray 8 4 8.09258 3.98812?0
	is guard inside polygon? 1
0 other guards have coords 8.09258 3.98812
	 new best guard at 8.09258 3.98812
scaling gradient with 2 to 0.135418 -0.349463
	>>>> prev guard 8 4 cur guard 8.13011 3.95013
	was guard reflex vertex? 0
	was guard in reflex area? 0
	does guard intersect boundary ray 8 4 8.13011 3.95013?0
	is guard inside polygon? 1
0 other guards have coords 8.13011 3.95013
	 new best guard at 8.13011 3.95013
scaling gradient with 4 to 0.270837 -0.698926
	>>>> prev guard 8 4 cur guard 8.18674 3.86599
	was guard reflex vertex? 0
	was guard in reflex area? 0
	does guard intersect boundary ray 8 4 8.18674 3.86599?0
	is guard inside polygon? 1
0 other guards have coords 8.18674 3.86599
	 new best guard at 8.18674 3.86599
scaling gradient with 8 to 0.541674 -1.39785
	>>>> prev guard 8 4 cur guard 8.2803 3.689
	was guard reflex vertex? 0
	was guard in reflex area? 0
	does guard intersect boundary ray 8 4 8.2803 3.689?0
	is guard inside polygon? 1
0 other guards have coords 8.2803 3.689
	 new best guard at 8.2803 3.689
scaling gradient with 16 to 1.08335 -2.7957
	>>>> prev guard 8 4 cur guard 8.44676 3.32592
	was guard reflex vertex? 0
	was guard in reflex area? 0
	does guard intersect boundary ray 8 4 8.44676 3.32592?0
	is guard inside polygon? 1
0 other guards have coords 8.44676 3.32592
	 new best guard at 8.44676 3.32592
scaling gradient with 32 to 2.16669 -5.5914
	>>>> prev guard 8 4 cur guard 8.7582 2.5903
	was guard reflex vertex? 0
	was guard in reflex area? 0
	does guard intersect boundary ray 8 4 8.7582 2.5903?1
	is guard inside polygon? 0
0 other guards have coords 8.53784 3
	 new best guard at 8.53784 3
Df=0 0
h=0 0
Df=0 0
h=0 0
Df=0 0
h=0 0
Df=0.021842 -0.0436839
h=0.019536 0.00976802
Df=0 0
h=0 0
Df=0.00524173 -0.0262086
h=0.00513994 0.00102799
Df=0.311437 -0.735621
h=0.024676 0.010796
is completely visible? 0
are areas equal? 38=32.8447?0
+++++3 guards with gradient 0
	======== guard 5.9 4.9
	was guard reflex vertex? 0
	computed gradient 0 -0 and pull 0 0
	======== guard 4.1 4
	was guard reflex vertex? 0
	computed gradient 0 -0 and pull 0 0
	======== guard 4.2 4
	was guard reflex vertex? 0
	computed gradient 0.048681 -0.19503 and pull 0.0465322 0.0136338
	------- removing guard 4.2 4
g3=4.2 4
area3=27.2073
alpha3=0.4
scaling gradient with 0.03125 to 0.00152128 -0.00609469
	>>>> prev guard 4.2 4 cur guard 4.20384 4.0006
	was guard reflex vertex? 0
	was guard in reflex area? 0
	does guard intersect boundary ray 4.2 4 4.20384 4.0006?0
	is guard inside polygon? 1
0 other guards have coords 4.20384 4.0006
	 new best guard at 4.20384 4.0006
scaling gradient with 0.0625 to 0.00304256 -0.0121894
	>>>> prev guard 4.2 4 cur guard 4.21089 4.0012
	was guard reflex vertex? 0
	was guard in reflex area? 0
	does guard intersect boundary ray 4.2 4 4.21089 4.0012?0
	is guard inside polygon? 1
0 other guards have coords 4.21089 4.0012
	 new best guard at 4.21089 4.0012
scaling gradient with 0.125 to 0.00608512 -0.0243788
	>>>> prev guard 4.2 4 cur guard 4.22073 4.00082
	was guard reflex vertex? 0
	was guard in reflex area? 0
	does guard intersect boundary ray 4.2 4 4.22073 4.00082?0
	is guard inside polygon? 1
0 other guards have coords 4.22073 4.00082
	 new best guard at 4.22073 4.00082
scaling gradient with 0.25 to 0.0121702 -0.0487575
	>>>> prev guard 4.2 4 cur guard 4.2333 3.99771
	was guard reflex vertex? 0
	was guard in reflex area? 0
	does guard intersect boundary ray 4.2 4 4.2333 3.99771?0
	is guard inside polygon? 1
0 other guards have coords 4.2333 3.99771
	 new best guard at 4.2333 3.99771
scaling gradient with 0.5 to 0.0243405 -0.0975151
	>>>> prev guard 4.2 4 cur guard 4.24902 3.9885
	was guard reflex vertex? 0
	was guard in reflex area? 0
	does guard intersect boundary ray 4.2 4 4.24902 3.9885?0
	is guard inside polygon? 1
0 other guards have coords 4.24902 3.9885
	 new best guard at 4.24902 3.9885
scaling gradient with 1 to 0.048681 -0.19503
	>>>> prev guard 4.2 4 cur guard 4.26922 3.96663
	was guard reflex vertex? 0
	was guard in reflex area? 0
	does guard intersect boundary ray 4.2 4 4.26922 3.96663?0
	is guard inside polygon? 1
0 other guards have coords 4.26922 3.96663
	 new best guard at 4.26922 3.96663
scaling gradient with 2 to 0.097362 -0.39006
	>>>> prev guard 4.2 4 cur guard 4.29689 3.91902
	was guard reflex vertex? 0
	was guard in reflex area? 0
	does guard intersect boundary ray 4.2 4 4.29689 3.91902?0
	is guard inside polygon? 1
0 other guards have coords 4.29689 3.91902
	 new best guard at 4.29689 3.91902
scaling gradient with 4 to 0.194724 -0.780121
	>>>> prev guard 4.2 4 cur guard 4.33833 3.81961
	was guard reflex vertex? 0
	was guard in reflex area? 0
	does guard intersect boundary ray 4.2 4 4.33833 3.81961?0
	is guard inside polygon? 1
0 other guards have coords 4.33833 3.81961
	 new best guard at 4.33833 3.81961
scaling gradient with 8 to 0.389448 -1.56024
	>>>> prev guard 4.2 4 cur guard 4.40636 3.61635
	was guard reflex vertex? 0
	was guard in reflex area? 0
	does guard intersect boundary ray 4.2 4 4.40636 3.61635?0
	is guard inside polygon? 1
0 other guards have coords 4.40636 3.61635
	 new best guard at 4.40636 3.61635
scaling gradient with 16 to 0.778896 -3.12048
	>>>> prev guard 4.2 4 cur guard 4.52681 3.2052
	was guard reflex vertex? 0
	was guard in reflex area? 0
	does guard intersect boundary ray 4.2 4 4.52681 3.2052?0
	is guard inside polygon? 1
0 other guards have coords 4.52681 3.2052
	 new best guard at 4.52681 3.2052
scaling gradient with 32 to 1.55779 -6.24097
	>>>> prev guard 4.2 4 cur guard 4.75152 2.37809
	was guard reflex vertex? 0
	was guard in reflex area? 0
	does guard intersect boundary ray 4.2 4 4.75152 2.37809?1
	is guard inside polygon? 0
0 other guards have coords 4.54005 3
	 new best guard at 4.54005 3
Df=0 0
h=0 0
Df=0.0135376 -0.0379052
h=0.0127489 0.00455318
Df=0 0
h=0 0
Df=0.00403988 -0.0234313
h=0.00398114 0.000686403
Df=0 0
h=0 0
Df=0.00189495 -0.0166756
h=0.00188284 0.000213959
Df=0.224711 -0.827109
h=0.0186129 0.00545354
is completely visible? 0
are areas equal? 38=32.8447?0
+++++2 guards with gradient 0
	======== guard 5.9 4.9
	was guard reflex vertex? 0
	computed gradient 0 -0 and pull 0 0
	======== guard 4.1 4
	was guard reflex vertex? 0
	computed gradient 0.0465179 -0.192131 and pull 0.0445987 0.0126134
	------- removing guard 4.1 4
g2=4.1 4
area2=27.1787
alpha2=0.4
scaling gradient with 0.03125 to 0.00145369 -0.00600408
	>>>> prev guard 4.1 4 cur guard 4.10368 4.00053
	was guard reflex vertex? 0
	was guard in reflex area? 0
	does guard intersect boundary ray 4.1 4 4.10368 4.00053?0
	is guard inside polygon? 1
0 other guards have coords 4.10368 4.00053
	 new best guard at 4.10368 4.00053
scaling gradient with 0.0625 to 0.00290737 -0.0120082
	>>>> prev guard 4.1 4 cur guard 4.11043 4.001
	was guard reflex vertex? 0
	was guard in reflex area? 0
	does guard intersect boundary ray 4.1 4 4.11043 4.001?0
	is guard inside polygon? 1
0 other guards have coords 4.11043 4.001
	 new best guard at 4.11043 4.001
scaling gradient with 0.125 to 0.00581474 -0.0240163
	>>>> prev guard 4.1 4 cur guard 4.11986 4.00047
	was guard reflex vertex? 0
	was guard in reflex area? 0
	does guard intersect boundary ray 4.1 4 4.11986 4.00047?0
	is guard inside polygon? 1
0 other guards have coords 4.11986 4.00047
	 new best guard at 4.11986 4.00047
scaling gradient with 0.25 to 0.0116295 -0.0480327
	>>>> prev guard 4.1 4 cur guard 4.13191 3.9972
	was guard reflex vertex? 0
	was guard in reflex area? 0
	does guard intersect boundary ray 4.1 4 4.13191 3.9972?0
	is guard inside polygon? 1
0 other guards have coords 4.13191 3.9972
	 new best guard at 4.13191 3.9972
scaling gradient with 0.5 to 0.023259 -0.0960653
	>>>> prev guard 4.1 4 cur guard 4.14697 3.98792
	was guard reflex vertex? 0
	was guard in reflex area? 0
	does guard intersect boundary ray 4.1 4 4.14697 3.98792?0
	is guard inside polygon? 1
0 other guards have coords 4.14697 3.98792
	 new best guard at 4.14697 3.98792
scaling gradient with 1 to 0.0465179 -0.192131
	>>>> prev guard 4.1 4 cur guard 4.16631 3.96613
	was guard reflex vertex? 0
	was guard in reflex area? 0
	does guard intersect boundary ray 4.1 4 4.16631 3.96613?0
	is guard inside polygon? 1
0 other guards have coords 4.16631 3.96613
	 new best guard at 4.16631 3.96613
scaling gradient with 2 to 0.0930359 -0.384261
	>>>> prev guard 4.1 4 cur guard 4.19279 3.91896
	was guard reflex vertex? 0
	was guard in reflex area? 0
	does guard intersect boundary ray 4.1 4 4.19279 3.91896?0
	is guard inside polygon? 1
0 other guards have coords 4.19279 3.91896
	 new best guard at 4.19279 3.91896
scaling gradient with 4 to 0.186072 -0.768523
	>>>> prev guard 4.1 4 cur guard 4.23243 3.82076
	was guard reflex vertex? 0
	was guard in reflex area? 0
	does guard intersect boundary ray 4.1 4 4.23243 3.82076?0
	is guard inside polygon? 1
0 other guards have coords 4.23243 3.82076
	 new best guard at 4.23243 3.82076
scaling gradient with 8 to 0.372144 -1.53705
	>>>> prev guard 4.1 4 cur guard 4.29748 3.62024
	was guard reflex vertex? 0
	was guard in reflex area? 0
	does guard intersect boundary ray 4.1 4 4.29748 3.62024?0
	is guard inside polygon? 1
0 other guards have coords 4.29748 3.62024
	 new best guard at 4.29748 3.62024
scaling gradient with 16 to 0.744287 -3.07409
	>>>> prev guard 4.1 4 cur guard 4.41264 3.21491
	was guard reflex vertex? 0
	was guard in reflex area? 0
	does guard intersect boundary ray 4.1 4 4.41264 3.21491?0
	is guard inside polygon? 1
0 other guards have coords 4.41264 3.21491
	 new best guard at 4.41264 3.21491
scaling gradient with 32 to 1.48857 -6.14818
	>>>> prev guard 4.1 4 cur guard 4.62741 2.3998
	was guard reflex vertex? 0
	was guard in reflex area? 0
	does guard intersect boundary ray 4.1 4 4.62741 2.3998?1
	is guard inside polygon? 0
0 other guards have coords 4.42959 3
	 new best guard at 4.42959 3
Df=0 0
h=0 0
Df=0.0128324 -0.0372139
h=0.0121314 0.00418323
Df=0 0
h=0 0
Df=0.00391913 -0.0231228
h=0.00386402 0.000654918
Df=0 0
h=0 0
Df=0.00185568 -0.0165155
h=0.00184407 0.000207199
Df=0.214775 -0.815111
h=0.0178395 0.00504535
is completely visible? 0
are areas equal? 38=32.8447?0
+++++1 guards with gradient 0
	======== guard 5.9 4.9
	was guard reflex vertex? 0
	computed gradient 0.761366 -1.29789 and pull 5.48896 5.15587
	------- removing guard 5.9 4.9
g0=5.9 4.9
area0=26.2543
alpha0=0.4
scaling gradient with 0.03125 to 0.0237927 -0.040559
pull reduced from 56.7117 to 	>>>> prev guard 5.9 4.9 cur guard 5.9019 4.89676
	was guard reflex vertex? 0
	was guard in reflex area? 0
	does guard intersect boundary ray 5.9 4.9 5.9019 4.89676?0
	is guard inside polygon? 1
0 other guards have coords 5.9019 4.89676
	 new best guard at 5.9019 4.89676
scaling gradient with 0.0625 to 0.0475854 -0.0811179
pull reduced from 56.7117 to 	>>>> prev guard 5.9 4.9 cur guard 5.90723 4.88767
	was guard reflex vertex? 0
	was guard in reflex area? 0
	does guard intersect boundary ray 5.9 4.9 5.90723 4.88767?0
	is guard inside polygon? 1
0 other guards have coords 5.90723 4.88767
	 new best guard at 5.90723 4.88767
scaling gradient with 0.125 to 0.0951708 -0.162236
pull reduced from 56.7117 to 	>>>> prev guard 5.9 4.9 cur guard 5.91912 4.86743
	was guard reflex vertex? 0
	was guard in reflex area? 0
	does guard intersect boundary ray 5.9 4.9 5.91912 4.86743?0
	is guard inside polygon? 1
0 other guards have coords 5.91912 4.86743
	 new best guard at 5.91912 4.86743
scaling gradient with 0.25 to 0.190342 -0.324472
pull reduced from 56.7117 to 	>>>> prev guard 5.9 4.9 cur guard 5.94388 4.8253
	was guard reflex vertex? 0
	was guard in reflex area? 0
	does guard intersect boundary ray 5.9 4.9 5.94388 4.8253?0
	is guard inside polygon? 1
0 other guards have coords 5.94388 4.8253
	 new best guard at 5.94388 4.8253
scaling gradient with 0.5 to 0.380683 -0.648943
pull reduced from 56.7117 to 	>>>> prev guard 5.9 4.9 cur guard 5.99426 4.7398
	was guard reflex vertex? 0
	was guard in reflex area? 0
	does guard intersect boundary ray 5.9 4.9 5.99426 4.7398?0
	is guard inside polygon? 1
0 other guards have coords 5.99426 4.7398
	 new best guard at 5.99426 4.7398
scaling gradient with 1 to 0.761366 -1.29789
pull reduced from 56.7117 to 	>>>> prev guard 5.9 4.9 cur guard 6.09594 4.56801
	was guard reflex vertex? 0
	was guard in reflex area? 0
	does guard intersect boundary ray 5.9 4.9 6.09594 4.56801?0
	is guard inside polygon? 1
0 other guards have coords 6.09594 4.56801
	 new best guard at 6.09594 4.56801
scaling gradient with 2 to 1.52273 -2.59577
pull reduced from 56.7117 to 	>>>> prev guard 5.9 4.9 cur guard 6.30104 4.22472
	was guard reflex vertex? 0
	was guard in reflex area? 0
	does guard intersect boundary ray 5.9 4.9 6.30104 4.22472?0
	is guard inside polygon? 1
0 other guards have coords 6.30104 4.22472
	 new best guard at 6.30104 4.22472
scaling gradient with 4 to 3.04546 -5.19155
pull reduced from 56.7117 to 	>>>> prev guard 5.9 4.9 cur guard 6.7165 3.54204
	was guard reflex vertex? 0
	was guard in reflex area? 0
	does guard intersect boundary ray 5.9 4.9 6.7165 3.54204?0
	is guard inside polygon? 1
0 other guards have coords 6.7165 3.54204
	 new best guard at 6.7165 3.54204
scaling gradient with 8 to 6.09093 -10.3831
pull reduced from 56.7117 to 	>>>> prev guard 5.9 4.9 cur guard 7.56704 2.19428
	was guard reflex vertex? 0
	was guard in reflex area? 0
	does guard intersect boundary ray 5.9 4.9 7.56704 2.19428?1
	is guard inside polygon? 0
0 other guards have coords 7.07063 3
	 new best guard at 7.07063 3
scaling gradient with 16 to 12.1819 -20.7662
pull reduced from 56.7117 to 	>>>> prev guard 5.9 4.9 cur guard 8.84852 0.375951
	was guard reflex vertex? 0
	was guard in reflex area? 0
	does guard intersect boundary ray 5.9 4.9 8.84852 0.375951?1
	is guard inside polygon? 0
0 other guards have coords 7.13831 3
scaling gradient with 32 to 24.3637 -41.5324
	>>>> prev guard 5.9 4.9 cur guard 10.9488 -2.00936
	was guard reflex vertex? 0
	was guard in reflex area? 0
	does guard intersect boundary ray 5.9 4.9 10.9488 -2.00936?1
	is guard inside polygon? 0
0 other guards have coords 7.28838 3
Df=0.28999 -0.28999
h=2.05054 2.05054
Df=0.0124891 -0.13738
h=0.124378 0.0113071
Df=0.000602889 -0.0186896
h=0.00602575 0.000194379
Df=0.000978533 -0.0401199
h=0.00978242 0.000238596
Df=0.000155825 -0.0095053
h=0.00155804 2.55416e-05
Df=0.000330569 -0.0234704
h=0.00330536 4.65543e-05
Df=0.850545 -1.34776
h=2.19559 2.06235
is completely visible? 0
are areas equal? 38=32.8447?0
i=1
area=32.8447
+++++4 guards with gradient 0
	======== guard 7.07063 3
	was guard reflex vertex? 0
	computed gradient -0 -0 and pull -0 0
	======== guard 8.53784 3
	was guard reflex vertex? 0
	computed gradient 0.088462 -0.0999927 and pull 0.0298994 0.0310176
	------- removing guard 8.53784 3
g1=8.53784 3
area1=30.1614
alpha1=0.4
scaling gradient with 0.03125 to 0.00276444 -0.00312477
	>>>> prev guard 8.53784 3 cur guard 8.78961 2.41373
	was guard reflex vertex? 0
	was guard in reflex area? 0
	does guard intersect boundary ray 8.53784 3 8.78961 2.41373?1
	is guard inside polygon? 0
0 other guards have coords 8.78961 3
	 new best guard at 8.78961 3
scaling gradient with 0.0625 to 0.00552887 -0.00624955
	>>>> prev guard 8.53784 3 cur guard 8.99385 2.53297
	was guard reflex vertex? 0
	was guard in reflex area? 0
	does guard intersect boundary ray 8.53784 3 8.99385 2.53297?1
	is guard inside polygon? 0
0 other guards have coords 8.99385 3
	 new best guard at 8.99385 3
scaling gradient with 0.125 to 0.0110577 -0.0124991
	>>>> prev guard 8.53784 3 cur guard 9.16052 2.62786
	was guard reflex vertex? 0
	was guard in reflex area? 0
	does guard intersect boundary ray 8.53784 3 9.16052 2.62786?1
	is guard inside polygon? 0
0 other guards have coords 9.16052 3
	 new best guard at 9.16052 3
scaling gradient with 0.25 to 0.0221155 -0.0249982
	>>>> prev guard 8.53784 3 cur guard 9.29802 2.70277
	was guard reflex vertex? 0
	was guard in reflex area? 0
	does guard intersect boundary ray 8.53784 3 9.29802 2.70277?1
	is guard inside polygon? 0
0 other guards have coords 9.29802 3
	 new best guard at 9.29802 3
scaling gradient with 0.5 to 0.044231 -0.0499964
	>>>> prev guard 8.53784 3 cur guard 9.41395 2.7607
	was guard reflex vertex? 0
	was guard in reflex area? 0
	does guard intersect boundary ray 8.53784 3 9.41395 2.7607?1
	is guard inside polygon? 0
0 other guards have coords 9.41395 3
	 new best guard at 9.41395 3
scaling gradient with 1 to 0.088462 -0.0999927
	>>>> prev guard 8.53784 3 cur guard 9.51616 2.80304
	was guard reflex vertex? 0
	was guard in reflex area? 0
	does guard intersect boundary ray 8.53784 3 9.51616 2.80304?1
	is guard inside polygon? 0
0 other guards have coords 9.51616 3
	 new best guard at 9.51616 3
scaling gradient with 2 to 0.176924 -0.199985
	>>>> prev guard 8.53784 3 cur guard 9.61448 2.82891
	was guard reflex vertex? 0
	was guard in reflex area? 0
	does guard intersect boundary ray 8.53784 3 9.61448 2.82891?1
	is guard inside polygon? 0
0 other guards have coords 9.61448 3
	 new best guard at 9.61448 3
scaling gradient with 4 to 0.353848 -0.399971
	>>>> prev guard 8.53784 3 cur guard 9.72383 2.83361
	was guard reflex vertex? 0
	was guard in reflex area? 0
	does guard intersect boundary ray 8.53784 3 9.72383 2.83361?1
	is guard inside polygon? 0
0 other guards have coords 9.72383 3
	 new best guard at 9.72383 3
scaling gradient with 8 to 0.707696 -0.799942
	>>>> prev guard 8.53784 3 cur guard 9.87032 2.80538
	was guard reflex vertex? 0
	was guard in reflex area? 0
	does guard intersect boundary ray 8.53784 3 9.87032 2.80538?1
	is guard inside polygon? 0
0 other guards have coords 9.87032 3
	 new best guard at 9.87032 3
scaling gradient with 16 to 1.41539 -1.59988
	>>>> prev guard 8.53784 3 cur guard 10.1031 2.71879
	was guard reflex vertex? 0
	was guard in reflex area? 0
	does guard intersect boundary ray 8.53784 3 10.1031 2.71879?1
	is guard inside polygon? 0
0 other guards have coords 10.1031 3
	 new best guard at 10.1031 3
scaling gradient with 32 to 2.83078 -3.19977
	>>>> prev guard 8.53784 3 cur guard 10.5182 2.52153
	was guard reflex vertex? 0
	was guard in reflex area? 0
	does guard intersect boundary ray 8.53784 3 10.5182 2.52153?1
	is guard inside polygon? 0
0 other guards have coords 10.5182 3
	 new best guard at 10.5182 3
Df=0 0
h=0 0
Df=0 0
h=0 0
Df=0 0
h=0 0
Df=0.0259661 -0.0189833
h=0.00766233 0.0104809
Df=0 0
h=0 0
Df=0.00941869 -0.0210138
h=0.00429742 0.00192616
Df=0.415107 -0.478466
h=0.0119597 0.012407
is completely visible? 0
are areas equal? 38=35.3415?0
+++++3 guards with gradient 0
	======== guard 7.07063 3
	was guard reflex vertex? 0
	computed gradient 0.0551865 -0.104089 and pull 0.0237318 0.0136651
	------- removing guard 7.07063 3
g0=7.07063 3
area0=30.3353
alpha0=0.4
scaling gradient with 0.03125 to 0.00172458 -0.00325277
	>>>> prev guard 7.07063 3 cur guard 7.7531 1.92262
	was guard reflex vertex? 0
	was guard in reflex area? 0
	does guard intersect boundary ray 7.07063 3 7.7531 1.92262?1
	is guard inside polygon? 0
0 other guards have coords 7.7531 3
	 new best guard at 7.7531 3
scaling gradient with 0.0625 to 0.00344916 -0.00650555
	>>>> prev guard 7.07063 3 cur guard 8.30125 2.13867
	was guard reflex vertex? 0
	was guard in reflex area? 0
	does guard intersect boundary ray 7.07063 3 8.30125 2.13867?1
	is guard inside polygon? 0
0 other guards have coords 8.30125 3
	 new best guard at 8.30125 3
scaling gradient with 0.125 to 0.00689831 -0.0130111
	>>>> prev guard 7.07063 3 cur guard 8.74222 2.31099
	was guard reflex vertex? 0
	was guard in reflex area? 0
	does guard intersect boundary ray 7.07063 3 8.74222 2.31099?1
	is guard inside polygon? 0
0 other guards have coords 8.74222 3
	 new best guard at 8.74222 3
scaling gradient with 0.25 to 0.0137966 -0.0260222
	>>>> prev guard 7.07063 3 cur guard 9.098 2.4478
	was guard reflex vertex? 0
	was guard in reflex area? 0
	does guard intersect boundary ray 7.07063 3 9.098 2.4478?1
	is guard inside polygon? 0
0 other guards have coords 9.098 3
	 new best guard at 9.098 3
scaling gradient with 0.5 to 0.0275933 -0.0520444
	>>>> prev guard 7.07063 3 cur guard 9.38673 2.55517
	was guard reflex vertex? 0
	was guard in reflex area? 0
	does guard intersect boundary ray 7.07063 3 9.38673 2.55517?1
	is guard inside polygon? 0
0 other guards have coords 9.38673 3
	 new best guard at 9.38673 3
scaling gradient with 1 to 0.0551865 -0.104089
	>>>> prev guard 7.07063 3 cur guard 9.62403 2.6369
	was guard reflex vertex? 0
	was guard in reflex area? 0
	does guard intersect boundary ray 7.07063 3 9.62403 2.6369?1
	is guard inside polygon? 0
0 other guards have coords 9.62403 3
scaling gradient with 2 to 0.110373 -0.208178
	>>>> prev guard 7.07063 3 cur guard 9.8246 2.69396
	was guard reflex vertex? 0
	was guard in reflex area? 0
	does guard intersect boundary ray 7.07063 3 9.8246 2.69396?1
	is guard inside polygon? 0
0 other guards have coords 9.8246 3
scaling gradient with 4 to 0.220746 -0.416355
	>>>> prev guard 7.07063 3 cur guard 10.0046 2.72295
	was guard reflex vertex? 0
	was guard in reflex area? 0
	does guard intersect boundary ray 7.07063 3 10.0046 2.72295?1
	is guard inside polygon? 0
0 other guards have coords 10.0046 3
scaling gradient with 8 to 0.441492 -0.83271
	>>>> prev guard 7.07063 3 cur guard 10.1858 2.71284
	was guard reflex vertex? 0
	was guard in reflex area? 0
	does guard intersect boundary ray 7.07063 3 10.1858 2.71284?1
	is guard inside polygon? 0
0 other guards have coords 10.1858 3
scaling gradient with 16 to 0.882984 -1.66542
	>>>> prev guard 7.07063 3 cur guard 10.4034 2.63813
	was guard reflex vertex? 0
	was guard in reflex area? 0
	does guard intersect boundary ray 7.07063 3 10.4034 2.63813?1
	is guard inside polygon? 0
0 other guards have coords 10.4034 3
scaling gradient with 32 to 1.76597 -3.33084
	>>>> prev guard 7.07063 3 cur guard 10.7205 2.44513
	was guard reflex vertex? 0
	was guard in reflex area? 0
	does guard intersect boundary ray 7.07063 3 10.7205 2.44513?1
	is guard inside polygon? 0
0 other guards have coords 10.7205 3
Df=0 0
h=0 0
Df=0 0
h=0 0
Df=0 0
h=0 0
Df=0.0158725 -0.0232483
h=0.00655434 0.00447491
Df=0 0
h=0 0
Df=0.00620209 -0.0183872
h=0.00293839 0.000991129
Df=0.28873 -0.444827
h=0.00949273 0.00546604
is completely visible? 0
are areas equal? 38=35.3415?0
+++++2 guards with gradient 0
	======== guard 4.42959 3
	was guard reflex vertex? 0
	computed gradient 0 -0 and pull 0 0
	======== guard 4.54005 3
	was guard reflex vertex? 0
	computed gradient 0.0734959 -0.142938 and pull 0.0308071 0.0189122
	------- removing guard 4.54005 3
g3=4.54005 3
area3=28.4689
alpha3=0.4
scaling gradient with 0.03125 to 0.00229675 -0.00446681
	>>>> prev guard 4.54005 3 cur guard 4.72246 2.33947
	was guard reflex vertex? 0
	was guard in reflex area? 0
	does guard intersect boundary ray 4.54005 3 4.72246 2.33947?1
	is guard inside polygon? 0
0 other guards have coords 4.72246 3
	 new best guard at 4.72246 3
scaling gradient with 0.0625 to 0.0045935 -0.00893363
	>>>> prev guard 4.54005 3 cur guard 4.87123 2.47237
	was guard reflex vertex? 0
	was guard in reflex area? 0
	does guard intersect boundary ray 4.54005 3 4.87123 2.47237?1
	is guard inside polygon? 0
0 other guards have coords 4.87123 3
	 new best guard at 4.87123 3
scaling gradient with 0.125 to 0.00918699 -0.0178673
	>>>> prev guard 4.54005 3 cur guard 4.99344 2.57798
	was guard reflex vertex? 0
	was guard in reflex area? 0
	does guard intersect boundary ray 4.54005 3 4.99344 2.57798?1
	is guard inside polygon? 0
0 other guards have coords 4.99344 3
	 new best guard at 4.99344 3
scaling gradient with 0.25 to 0.018374 -0.0357345
	>>>> prev guard 4.54005 3 cur guard 5.09514 2.66104
	was guard reflex vertex? 0
	was guard in reflex area? 0
	does guard intersect boundary ray 4.54005 3 5.09514 2.66104?1
	is guard inside polygon? 0
0 other guards have coords 5.09514 3
	 new best guard at 5.09514 3
scaling gradient with 0.5 to 0.036748 -0.071469
	>>>> prev guard 4.54005 3 cur guard 5.18191 2.72463
	was guard reflex vertex? 0
	was guard in reflex area? 0
	does guard intersect boundary ray 4.54005 3 5.18191 2.72463?1
	is guard inside polygon? 0
0 other guards have coords 5.18191 3
	 new best guard at 5.18191 3
scaling gradient with 1 to 0.0734959 -0.142938
	>>>> prev guard 4.54005 3 cur guard 5.25967 2.76978
	was guard reflex vertex? 0
	was guard in reflex area? 0
	does guard intersect boundary ray 4.54005 3 5.25967 2.76978?1
	is guard inside polygon? 0
0 other guards have coords 5.25967 3
	 new best guard at 5.25967 3
scaling gradient with 2 to 0.146992 -0.285876
	>>>> prev guard 4.54005 3 cur guard 5.3361 2.79447
	was guard reflex vertex? 0
	was guard in reflex area? 0
	does guard intersect boundary ray 4.54005 3 5.3361 2.79447?1
	is guard inside polygon? 0
0 other guards have coords 5.3361 3
	 new best guard at 5.3361 3
scaling gradient with 4 to 0.293984 -0.571752
	>>>> prev guard 4.54005 3 cur guard 5.42323 2.79135
	was guard reflex vertex? 0
	was guard in reflex area? 0
	does guard intersect boundary ray 4.54005 3 5.42323 2.79135?1
	is guard inside polygon? 0
0 other guards have coords 5.42323 3
	 new best guard at 5.42323 3
scaling gradient with 8 to 0.587968 -1.1435
	>>>> prev guard 4.54005 3 cur guard 5.54243 2.74311
	was guard reflex vertex? 0
	was guard in reflex area? 0
	does guard intersect boundary ray 4.54005 3 5.54243 2.74311?1
	is guard inside polygon? 0
0 other guards have coords 5.54243 3
	 new best guard at 5.54243 3
scaling gradient with 16 to 1.17594 -2.28701
	>>>> prev guard 4.54005 3 cur guard 5.73434 2.61304
	was guard reflex vertex? 0
	was guard in reflex area? 0
	does guard intersect boundary ray 4.54005 3 5.73434 2.61304?1
	is guard inside polygon? 0
0 other guards have coords 5.73434 3
	 new best guard at 5.73434 3
scaling gradient with 32 to 2.35187 -4.57402
	>>>> prev guard 4.54005 3 cur guard 6.07847 2.32602
	was guard reflex vertex? 0
	was guard in reflex area? 0
	does guard intersect boundary ray 4.54005 3 6.07847 2.32602?1
	is guard inside polygon? 0
0 other guards have coords 6.07847 3
	 new best guard at 6.07847 3
Df=0 0
h=0 0
Df=0.0188768 -0.023218
h=0.0073234 0.0059541
Df=0 0
h=0 0
Df=0.00703255 -0.0191987
h=0.00330173 0.00120944
Df=0 0
h=0 0
Df=0.00348902 -0.0147585
h=0.00169771 0.000401353
Df=0.344136 -0.673976
h=0.0123228 0.00756488
is completely visible? 0
are areas equal? 38=35.3415?0
+++++1 guards with gradient 0
	======== guard 4.42959 3
	was guard reflex vertex? 0
	computed gradient 0.132123 -0.222046 and pull 0.0515316 0.0383378
	------- removing guard 4.42959 3
g2=4.42959 3
area2=28.4027
alpha2=0.4
scaling gradient with 0.03125 to 0.00412884 -0.00693894
	>>>> prev guard 4.42959 3 cur guard 4.60586 2.35042
	was guard reflex vertex? 0
	was guard in reflex area? 0
	does guard intersect boundary ray 4.42959 3 4.60586 2.35042?1
	is guard inside polygon? 0
0 other guards have coords 4.60586 3
	 new best guard at 4.60586 3
scaling gradient with 0.0625 to 0.00825769 -0.0138779
	>>>> prev guard 4.42959 3 cur guard 4.75167 2.4823
	was guard reflex vertex? 0
	was guard in reflex area? 0
	does guard intersect boundary ray 4.42959 3 4.75167 2.4823?1
	is guard inside polygon? 0
0 other guards have coords 4.75167 3
	 new best guard at 4.75167 3
scaling gradient with 0.125 to 0.0165154 -0.0277558
	>>>> prev guard 4.42959 3 cur guard 4.87375 2.58668
	was guard reflex vertex? 0
	was guard in reflex area? 0
	does guard intersect boundary ray 4.42959 3 4.87375 2.58668?1
	is guard inside polygon? 0
0 other guards have coords 4.87375 3
	 new best guard at 4.87375 3
scaling gradient with 0.25 to 0.0330307 -0.0555116
	>>>> prev guard 4.42959 3 cur guard 4.97818 2.66797
	was guard reflex vertex? 0
	was guard in reflex area? 0
	does guard intersect boundary ray 4.42959 3 4.97818 2.66797?1
	is guard inside polygon? 0
0 other guards have coords 4.97818 3
	 new best guard at 4.97818 3
scaling gradient with 0.5 to 0.0660615 -0.111023
	>>>> prev guard 4.42959 3 cur guard 5.07114 2.72856
	was guard reflex vertex? 0
	was guard in reflex area? 0
	does guard intersect boundary ray 4.42959 3 5.07114 2.72856?1
	is guard inside polygon? 0
0 other guards have coords 5.07114 3
	 new best guard at 5.07114 3
scaling gradient with 1 to 0.132123 -0.222046
	>>>> prev guard 4.42959 3 cur guard 5.16019 2.76815
	was guard reflex vertex? 0
	was guard in reflex area? 0
	does guard intersect boundary ray 4.42959 3 5.16019 2.76815?1
	is guard inside polygon? 0
0 other guards have coords 5.16019 3
	 new best guard at 5.16019 3
scaling gradient with 2 to 0.264246 -0.444092
	>>>> prev guard 4.42959 3 cur guard 5.2567 2.78206
	was guard reflex vertex? 0
	was guard in reflex area? 0
	does guard intersect boundary ray 4.42959 3 5.2567 2.78206?1
	is guard inside polygon? 0
0 other guards have coords 5.2567 3
	 new best guard at 5.2567 3
scaling gradient with 4 to 0.528492 -0.888185
	>>>> prev guard 4.42959 3 cur guard 5.38031 2.75766
	was guard reflex vertex? 0
	was guard in reflex area? 0
	does guard intersect boundary ray 4.42959 3 5.38031 2.75766?1
	is guard inside polygon? 0
0 other guards have coords 5.38031 3
	 new best guard at 5.38031 3
scaling gradient with 8 to 1.05698 -1.77637
	>>>> prev guard 4.42959 3 cur guard 5.56787 2.66709
	was guard reflex vertex? 0
	was guard in reflex area? 0
	does guard intersect boundary ray 4.42959 3 5.56787 2.66709?1
	is guard inside polygon? 0
0 other guards have coords 5.56787 3
	 new best guard at 5.56787 3
scaling gradient with 16 to 2.11397 -3.55274
	>>>> prev guard 4.42959 3 cur guard 5.89117 2.45252
	was guard reflex vertex? 0
	was guard in reflex area? 0
	does guard intersect boundary ray 4.42959 3 5.89117 2.45252?1
	is guard inside polygon? 0
0 other guards have coords 5.89117 3
	 new best guard at 5.89117 3
scaling gradient with 32 to 4.22794 -7.10548
	>>>> prev guard 4.42959 3 cur guard 6.49216 1.99664
	was guard reflex vertex? 0
	was guard in reflex area? 0
	does guard intersect boundary ray 4.42959 3 6.49216 1.99664?1
	is guard inside polygon? 0
0 other guards have coords 6.49216 3
	 new best guard at 6.49216 3
Df=0.0179388 -0.0140857
h=0.00553928 0.00705456
Df=0.018121 -0.0232892
h=0.00715087 0.00556399
Df=0.00466059 -0.0106504
h=0.00213484 0.000934201
Df=0.00682331 -0.0190043
h=0.00321097 0.00115287
Df=0.00189192 -0.00716131
h=0.000914583 0.00024162
Df=0.0034135 -0.0146275
h=0.00166209 0.000387868
Df=0.600992 -1.00336
h=0.0206126 0.0153351
is completely visible? 0
are areas equal? 38=35.3415?0
i=2
area=35.3415
+++++4 guards with gradient 0
	======== guard 9.38673 3
	was guard reflex vertex? 0
	computed gradient -2.09088 -0.404305 and pull -0.198476 1.02643
	------- removing guard 9.38673 3
g0=9.38673 3
area0=31.5946
alpha0=0.4
scaling gradient with 0.03125 to -0.06534 -0.0126345
	>>>> prev guard 9.38673 3 cur guard 9.59661 2.72524
	was guard reflex vertex? 0
	was guard in reflex area? 0
	does guard intersect boundary ray 9.38673 3 9.59661 2.72524?1
	is guard inside polygon? 0
0 other guards have coords 9.59661 3
	 new best guard at 9.59661 3
scaling gradient with 0.0625 to -0.13068 -0.0252691
pull reduced from 1.09295 to 	>>>> prev guard 9.38673 3 cur guard 9.74321 2.8343
	was guard reflex vertex? 0
	was guard in reflex area? 0
	does guard intersect boundary ray 9.38673 3 9.74321 2.8343?1
	is guard inside polygon? 0
0 other guards have coords 9.74321 3
scaling gradient with 0.125 to -0.26136 -0.0505382
pull reduced from 1.09295 to 	>>>> prev guard 9.38673 3 cur guard 9.83513 2.88638
	was guard reflex vertex? 0
	was guard in reflex area? 0
	does guard intersect boundary ray 9.38673 3 9.83513 2.88638?1
	is guard inside polygon? 0
0 other guards have coords 9.83513 3
scaling gradient with 0.25 to -0.52272 -0.101076
pull reduced from 1.09295 to 	>>>> prev guard 9.38673 3 cur guard 9.86491 2.91105
	was guard reflex vertex? 0
	was guard in reflex area? 0
	does guard intersect boundary ray 9.38673 3 9.86491 2.91105?1
	is guard inside polygon? 0
0 other guards have coords 9.86491 3
scaling gradient with 0.5 to -1.04544 -0.202153
pull reduced from 1.09295 to 	>>>> prev guard 9.38673 3 cur guard 9.8043 2.9168
	was guard reflex vertex? 0
	was guard in reflex area? 0
	does guard intersect boundary ray 9.38673 3 9.8043 2.9168?1
	is guard inside polygon? 0
0 other guards have coords 9.8043 3
scaling gradient with 1 to -2.09088 -0.404305
pull reduced from 1.09295 to 	>>>> prev guard 9.38673 3 cur guard 9.58758 2.90607
	was guard reflex vertex? 0
	was guard in reflex area? 0
	does guard intersect boundary ray 9.38673 3 9.58758 2.90607?1
	is guard inside polygon? 0
0 other guards have coords 9.58758 3
	 new best guard at 9.58758 3
scaling gradient with 2 to -4.18176 -0.808611
pull reduced from 1.09295 to 	>>>> prev guard 9.38673 3 cur guard 9.0746 2.88637
	was guard reflex vertex? 0
	was guard in reflex area? 0
	does guard intersect boundary ray 9.38673 3 9.0746 2.88637?1
	is guard inside polygon? 0
0 other guards have coords 9.0746 3
	 new best guard at 9.0746 3
scaling gradient with 4 to -8.36352 -1.61722
	>>>> prev guard 9.38673 3 cur guard 7.97925 2.86183
	was guard reflex vertex? 0
	was guard in reflex area? 0
	does guard intersect boundary ray 9.38673 3 7.97925 2.86183?1
	is guard inside polygon? 0
0 other guards have coords 7.97925 3
scaling gradient with 8 to -16.727 -3.23444
	>>>> prev guard 9.38673 3 cur guard 5.74893 2.71282
	was guard reflex vertex? 0
	was guard in reflex area? 0
	does guard intersect boundary ray 9.38673 3 5.74893 2.71282?1
	is guard inside polygon? 0
0 other guards have coords 5.74893 3
scaling gradient with 16 to -33.4541 -6.46888
	>>>> prev guard 9.38673 3 cur guard 1.27247 2.33486
	was guard reflex vertex? 0
	was guard in reflex area? 0
	does guard intersect boundary ray 9.38673 3 1.27247 2.33486?1
	is guard inside polygon? 0
0 other guards have coords 4 3
scaling gradient with 32 to -66.9082 -12.9378
	>>>> prev guard 9.38673 3 cur guard -4.9497 1.51498
	was guard reflex vertex? 0
	was guard in reflex area? 0
	does guard intersect boundary ray 9.38673 3 -4.9497 1.51498?1
	is guard inside polygon? 0
0 other guards have coords 4 3
Df=0 0
h=0 0
Df=0 0
h=0 0
Df=-0.836352 -0.161722
h=-0.0793905 0.410571
Df=0 0
h=0 0
Df=0 0
h=0 0
Df=0 0
h=0 0
Df=-0.512983 -0.113635
h=-0.0793905 0.410571
is completely visible? 0
are areas equal? 38=35.3415?0
+++++3 guards with gradient 0
	======== guard 10.5182 3
	was guard reflex vertex? 0
	computed gradient 0.0392274 -0.0638484 and pull 0.0159318 0.0177084
	------- removing guard 10.5182 3
g1=10.5182 3
area1=30.1205
alpha1=0.4
scaling gradient with 0.03125 to 0.00122586 -0.00199526
	>>>> prev guard 10.5182 3 cur guard 10.8517 2.61848
	was guard reflex vertex? 0
	was guard in reflex area? 0
	does guard intersect boundary ray 10.5182 3 10.8517 2.61848?1
	is guard inside polygon? 0
0 other guards have coords 10.8517 3
	 new best guard at 10.8517 3
scaling gradient with 0.0625 to 0.00245171 -0.00399053
	>>>> prev guard 10.5182 3 cur guard 11.1199 2.69588
	was guard reflex vertex? 0
	was guard in reflex area? 0
	does guard intersect boundary ray 10.5182 3 11.1199 2.69588?1
	is guard inside polygon? 0
0 other guards have coords 11.1199 3
	 new best guard at 11.1199 3
scaling gradient with 0.125 to 0.00490342 -0.00798105
	>>>> prev guard 10.5182 3 cur guard 11.3362 2.75749
	was guard reflex vertex? 0
	was guard in reflex area? 0
	does guard intersect boundary ray 10.5182 3 11.3362 2.75749?1
	is guard inside polygon? 0
0 other guards have coords 11.3362 3
	 new best guard at 11.3362 3
scaling gradient with 0.25 to 0.00980685 -0.0159621
	>>>> prev guard 10.5182 3 cur guard 11.5113 2.80613
	was guard reflex vertex? 0
	was guard in reflex area? 0
	does guard intersect boundary ray 10.5182 3 11.5113 2.80613?1
	is guard inside polygon? 0
0 other guards have coords 11.5113 3
	 new best guard at 11.5113 3
scaling gradient with 0.5 to 0.0196137 -0.0319242
	>>>> prev guard 10.5182 3 cur guard 11.6542 2.84377
	was guard reflex vertex? 0
	was guard in reflex area? 0
	does guard intersect boundary ray 10.5182 3 11.6542 2.84377?1
	is guard inside polygon? 0
0 other guards have coords 11.6542 3
	 new best guard at 11.6542 3
scaling gradient with 1 to 0.0392274 -0.0638484
	>>>> prev guard 10.5182 3 cur guard 11.7729 2.87132
	was guard reflex vertex? 0
	was guard in reflex area? 0
	does guard intersect boundary ray 10.5182 3 11.7729 2.87132?1
	is guard inside polygon? 0
0 other guards have coords 11.7729 3
	 new best guard at 11.7729 3
scaling gradient with 2 to 0.0784548 -0.127697
	>>>> prev guard 10.5182 3 cur guard 11.8754 2.88826
	was guard reflex vertex? 0
	was guard in reflex area? 0
	does guard intersect boundary ray 10.5182 3 11.8754 2.88826?1
	is guard inside polygon? 0
0 other guards have coords 11.8754 3
	 new best guard at 11.8754 3
scaling gradient with 4 to 0.15691 -0.255394
	>>>> prev guard 10.5182 3 cur guard 11.9713 2.89159
	was guard reflex vertex? 0
	was guard in reflex area? 0
	does guard intersect boundary ray 10.5182 3 11.9713 2.89159?1
	is guard inside polygon? 0
0 other guards have coords 11.9713 3
	 new best guard at 11.9713 3
scaling gradient with 8 to 0.313819 -0.510787
	>>>> prev guard 10.5182 3 cur guard 12.0743 2.87383
	was guard reflex vertex? 0
	was guard in reflex area? 0
	does guard intersect boundary ray 10.5182 3 12.0743 2.87383?1
	is guard inside polygon? 0
0 other guards have coords 12.0743 3
	 new best guard at 12.0743 3
scaling gradient with 16 to 0.627638 -1.02157
	>>>> prev guard 10.5182 3 cur guard 12.2083 2.81875
	was guard reflex vertex? 0
	was guard in reflex area? 0
	does guard intersect boundary ray 10.5182 3 12.2083 2.81875?1
	is guard inside polygon? 0
0 other guards have coords 12.2083 3
	 new best guard at 12.2083 3
scaling gradient with 32 to 1.25528 -2.04315
	>>>> prev guard 10.5182 3 cur guard 12.4171 2.69297
	was guard reflex vertex? 0
	was guard in reflex area? 0
	does guard intersect boundary ray 10.5182 3 12.4171 2.69297?1
	is guard inside polygon? 0
0 other guards have coords 12.4171 3
	 new best guard at 12.4171 3
Df=0 0
h=0 0
Df=0 0
h=0 0
Df=-0.0030344 -0.00230348
h=-0.000917359 0.00120845
Df=0 0
h=0 0
Df=0 0
h=0 0
Df=0.0187254 -0.0232359
h=0.00729006 0.00587492
Df=0.208846 -0.307034
h=0.00637271 0.00708337
is completely visible? 0
are areas equal? 38=37.6938?0
+++++2 guards with gradient 0
	======== guard 6.49216 3
	was guard reflex vertex? 0
	computed gradient 0.0519098 -0.101778 and pull 0.0211865 0.0129856
	------- removing guard 6.49216 3
g2=6.49216 3
area2=31.5377
alpha2=0.4
scaling gradient with 0.03125 to 0.00162218 -0.00318055
	>>>> prev guard 6.49216 3 cur guard 6.97478 2.1981
	was guard reflex vertex? 0
	was guard in reflex area? 0
	does guard intersect boundary ray 6.49216 3 6.97478 2.1981?1
	is guard inside polygon? 0
0 other guards have coords 6.97478 3
	 new best guard at 6.97478 3
scaling gradient with 0.0625 to 0.00324436 -0.00636111
	>>>> prev guard 6.49216 3 cur guard 7.36283 2.35901
	was guard reflex vertex? 0
	was guard in reflex area? 0
	does guard intersect boundary ray 6.49216 3 7.36283 2.35901?1
	is guard inside polygon? 0
0 other guards have coords 7.36283 3
scaling gradient with 0.125 to 0.00648873 -0.0127222
	>>>> prev guard 6.49216 3 cur guard 7.67548 2.48723
	was guard reflex vertex? 0
	was guard in reflex area? 0
	does guard intersect boundary ray 6.49216 3 7.67548 2.48723?1
	is guard inside polygon? 0
0 other guards have coords 7.67548 3
scaling gradient with 0.25 to 0.0129775 -0.0254444
	>>>> prev guard 6.49216 3 cur guard 7.92834 2.58879
	was guard reflex vertex? 0
	was guard in reflex area? 0
	does guard intersect boundary ray 6.49216 3 7.92834 2.58879?1
	is guard inside polygon? 0
0 other guards have coords 7.92834 3
scaling gradient with 0.5 to 0.0259549 -0.0508889
	>>>> prev guard 6.49216 3 cur guard 8.13439 2.668
	was guard reflex vertex? 0
	was guard in reflex area? 0
	does guard intersect boundary ray 6.49216 3 8.13439 2.668?1
	is guard inside polygon? 0
0 other guards have coords 8.13439 3
scaling gradient with 1 to 0.0519098 -0.101778
	>>>> prev guard 6.49216 3 cur guard 8.30508 2.72729
	was guard reflex vertex? 0
	was guard in reflex area? 0
	does guard intersect boundary ray 6.49216 3 8.30508 2.72729?1
	is guard inside polygon? 0
0 other guards have coords 8.30508 3
scaling gradient with 2 to 0.10382 -0.203555
	>>>> prev guard 6.49216 3 cur guard 8.45164 2.76659
	was guard reflex vertex? 0
	was guard in reflex area? 0
	does guard intersect boundary ray 6.49216 3 8.45164 2.76659?1
	is guard inside polygon? 0
0 other guards have coords 8.45164 3
scaling gradient with 4 to 0.207639 -0.407111
	>>>> prev guard 6.49216 3 cur guard 8.58719 2.78174
	was guard reflex vertex? 0
	was guard in reflex area? 0
	does guard intersect boundary ray 6.49216 3 8.58719 2.78174?1
	is guard inside polygon? 0
0 other guards have coords 8.58719 3
scaling gradient with 8 to 0.415279 -0.814222
	>>>> prev guard 6.49216 3 cur guard 8.73055 2.76129
	was guard reflex vertex? 0
	was guard in reflex area? 0
	does guard intersect boundary ray 6.49216 3 8.73055 2.76129?1
	is guard inside polygon? 0
0 other guards have coords 8.73055 3
scaling gradient with 16 to 0.830557 -1.62844
	>>>> prev guard 6.49216 3 cur guard 8.91337 2.6798
	was guard reflex vertex? 0
	was guard in reflex area? 0
	does guard intersect boundary ray 6.49216 3 8.91337 2.6798?1
	is guard inside polygon? 0
0 other guards have coords 8.91337 3
	 new best guard at 8.91337 3
scaling gradient with 32 to 1.66111 -3.25689
	>>>> prev guard 6.49216 3 cur guard 9.19421 2.48433
	was guard reflex vertex? 0
	was guard in reflex area? 0
	does guard intersect boundary ray 6.49216 3 9.19421 2.48433?1
	is guard inside polygon? 0
0 other guards have coords 9.19421 3
	 new best guard at 9.19421 3
Df=0 0
h=0 0
Df=0.00249939 -0.000634647
h=0.000307563 0.00121126
Df=0 0
h=0 0
Df=0.0129033 -0.0226313
h=0.00560467 0.00319551
Df=0 0
h=0 0
Df=0.00536126 -0.0174451
h=0.00256236 0.000787468
Df=0.280844 -0.515673
h=0.00847459 0.00519424
is completely visible? 0
are areas equal? 38=37.6938?0
+++++1 guards with gradient 0
	======== guard 6.07847 3
	was guard reflex vertex? 0
	computed gradient 0.127306 -0.18094 and pull 0.0440202 0.045515
	------- removing guard 6.07847 3
g3=6.07847 3
area3=30.2575
alpha3=0.4
scaling gradient with 0.03125 to 0.00397832 -0.00565436
	>>>> prev guard 6.07847 3 cur guard 6.35762 2.46401
	was guard reflex vertex? 0
	was guard in reflex area? 0
	does guard intersect boundary ray 6.07847 3 6.35762 2.46401?1
	is guard inside polygon? 0
0 other guards have coords 6.35762 3
	 new best guard at 6.35762 3
scaling gradient with 0.0625 to 0.00795664 -0.0113087
	>>>> prev guard 6.07847 3 cur guard 6.5851 2.57394
	was guard reflex vertex? 0
	was guard in reflex area? 0
	does guard intersect boundary ray 6.07847 3 6.5851 2.57394?1
	is guard inside polygon? 0
0 other guards have coords 6.5851 3
	 new best guard at 6.5851 3
scaling gradient with 0.125 to 0.0159133 -0.0226174
	>>>> prev guard 6.07847 3 cur guard 6.77187 2.66099
	was guard reflex vertex? 0
	was guard in reflex area? 0
	does guard intersect boundary ray 6.07847 3 6.77187 2.66099?1
	is guard inside polygon? 0
0 other guards have coords 6.77187 3
scaling gradient with 0.25 to 0.0318266 -0.0452349
	>>>> prev guard 6.07847 3 cur guard 6.92736 2.72881
	was guard reflex vertex? 0
	was guard in reflex area? 0
	does guard intersect boundary ray 6.07847 3 6.92736 2.72881?1
	is guard inside polygon? 0
0 other guards have coords 6.92736 3
scaling gradient with 0.5 to 0.0636531 -0.0904698
	>>>> prev guard 6.07847 3 cur guard 7.06037 2.77945
	was guard reflex vertex? 0
	was guard in reflex area? 0
	does guard intersect boundary ray 6.07847 3 7.06037 2.77945?1
	is guard inside polygon? 0
0 other guards have coords 7.06037 3
scaling gradient with 1 to 0.127306 -0.18094
	>>>> prev guard 6.07847 3 cur guard 7.18048 2.81273
	was guard reflex vertex? 0
	was guard in reflex area? 0
	does guard intersect boundary ray 6.07847 3 7.18048 2.81273?1
	is guard inside polygon? 0
0 other guards have coords 7.18048 3
scaling gradient with 2 to 0.254612 -0.361879
	>>>> prev guard 6.07847 3 cur guard 7.30046 2.82487
	was guard reflex vertex? 0
	was guard in reflex area? 0
	does guard intersect boundary ray 6.07847 3 7.30046 2.82487?1
	is guard inside polygon? 0
0 other guards have coords 7.30046 3
scaling gradient with 4 to 0.509225 -0.723758
	>>>> prev guard 6.07847 3 cur guard 7.4407 2.80564
	was guard reflex vertex? 0
	was guard in reflex area? 0
	does guard intersect boundary ray 6.07847 3 7.4407 2.80564?1
	is guard inside polygon? 0
0 other guards have coords 7.4407 3
scaling gradient with 8 to 1.01845 -1.44752
	>>>> prev guard 6.07847 3 cur guard 7.63789 2.73235
	was guard reflex vertex? 0
	was guard in reflex area? 0
	does guard intersect boundary ray 6.07847 3 7.63789 2.73235?1
	is guard inside polygon? 0
0 other guards have coords 7.63789 3
scaling gradient with 16 to 2.0369 -2.89503
	>>>> prev guard 6.07847 3 cur guard 7.96212 2.55792
	was guard reflex vertex? 0
	was guard in reflex area? 0
	does guard intersect boundary ray 6.07847 3 7.96212 2.55792?1
	is guard inside polygon? 0
0 other guards have coords 7.96212 3
scaling gradient with 32 to 4.0738 -5.79006
	>>>> prev guard 6.07847 3 cur guard 8.55093 2.18677
	was guard reflex vertex? 0
	was guard in reflex area? 0
	does guard intersect boundary ray 6.07847 3 8.55093 2.18677?1
	is guard inside polygon? 0
0 other guards have coords 8.55093 3
Df=-0.00169739 -6.65986e-05
h=-3.32737e-05 0.000848041
Df=0.0243306 -0.0112107
h=0.00509091 0.0110488
Df=0.00925351 -0.0135172
h=0.00381785 0.0026136
Df=0.0112082 -0.0219767
h=0.00499233 0.00254611
Df=0.00296934 -0.00879152
h=0.00140661 0.000475083
Df=0.00485822 -0.0168132
h=0.00233364 0.000674314
Df=0.227477 -0.426057
h=0.0176081 0.018206
is completely visible? 0
are areas equal? 38=37.3801?0
i=3
area=37.3801
+++++4 guards with gradient 0
	======== guard 9.0746 3
	was guard reflex vertex? 0
	computed gradient -0 -0 and pull -0 0
	======== guard 12.4171 3
	was guard reflex vertex? 0
	computed gradient -3.39865 -0.721002 and pull -0.346021 1.68716
	------- removing guard 12.4171 3
g1=12.4171 3
area1=31.2933
alpha1=0.4
scaling gradient with 0.03125 to -0.106208 -0.0225313
pull reduced from 2.96624 to 	>>>> prev guard 12.4171 3 cur guard 12.5677 2.79178
	was guard reflex vertex? 0
	was guard in reflex area? 0
	does guard intersect boundary ray 12.4171 3 12.5677 2.79178?1
	is guard inside polygon? 0
0 other guards have coords 12.5677 3
	 new best guard at 12.5677 3
scaling gradient with 0.0625 to -0.212416 -0.0450626
pull reduced from 2.96624 to 	>>>> prev guard 12.4171 3 cur guard 12.6672 2.8486
	was guard reflex vertex? 0
	was guard in reflex area? 0
	does guard intersect boundary ray 12.4171 3 12.6672 2.8486?1
	is guard inside polygon? 0
0 other guards have coords 12.6672 3
scaling gradient with 0.125 to -0.424831 -0.0901252
pull reduced from 2.96624 to 	>>>> prev guard 12.4171 3 cur guard 12.711 2.88101
	was guard reflex vertex? 0
	was guard in reflex area? 0
	does guard intersect boundary ray 12.4171 3 12.711 2.88101?1
	is guard inside polygon? 0
0 other guards have coords 12.711 3
scaling gradient with 0.25 to -0.849663 -0.18025
pull reduced from 2.96624 to 	>>>> prev guard 12.4171 3 cur guard 12.6771 2.89496
	was guard reflex vertex? 0
	was guard in reflex area? 0
	does guard intersect boundary ray 12.4171 3 12.6771 2.89496?1
	is guard inside polygon? 0
0 other guards have coords 12.6771 3
scaling gradient with 0.5 to -1.69933 -0.360501
pull reduced from 2.96624 to 	>>>> prev guard 12.4171 3 cur guard 12.5133 2.89059
	was guard reflex vertex? 0
	was guard in reflex area? 0
	does guard intersect boundary ray 12.4171 3 12.5133 2.89059?1
	is guard inside polygon? 0
0 other guards have coords 12.5133 3
	 new best guard at 12.5133 3
scaling gradient with 1 to -3.39865 -0.721002
pull reduced from 2.96624 to 	>>>> prev guard 12.4171 3 cur guard 12.1082 2.86582
	was guard reflex vertex? 0
	was guard in reflex area? 0
	does guard intersect boundary ray 12.4171 3 12.1082 2.86582?1
	is guard inside polygon? 0
0 other guards have coords 12.1082 3
scaling gradient with 2 to -6.7973 -1.442
pull reduced from 2.96624 to 	>>>> prev guard 12.4171 3 cur guard 11.2296 2.82911
	was guard reflex vertex? 0
	was guard in reflex area? 0
	does guard intersect boundary ray 12.4171 3 11.2296 2.82911?1
	is guard inside polygon? 0
0 other guards have coords 11.2296 3
scaling gradient with 4 to -13.5946 -2.88401
	>>>> prev guard 12.4171 3 cur guard 9.41153 2.76754
	was guard reflex vertex? 0
	was guard in reflex area? 0
	does guard intersect boundary ray 12.4171 3 9.41153 2.76754?1
	is guard inside polygon? 0
0 other guards have coords 9.41153 3
	 new best guard at 9.41153 3
scaling gradient with 8 to -27.1892 -5.76801
	>>>> prev guard 12.4171 3 cur guard 5.75424 2.48756
	was guard reflex vertex? 0
	was guard in reflex area? 0
	does guard intersect boundary ray 12.4171 3 5.75424 2.48756?1
	is guard inside polygon? 0
0 other guards have coords 5.75424 3
scaling gradient with 16 to -54.3784 -11.536
	>>>> prev guard 12.4171 3 cur guard -1.54955 1.80214
	was guard reflex vertex? 0
	was guard in reflex area? 0
	does guard intersect boundary ray 12.4171 3 -1.54955 1.80214?1
	is guard inside polygon? 0
0 other guards have coords 4 3
scaling gradient with 32 to -108.757 -23.0721
	>>>> prev guard 12.4171 3 cur guard -10.5713 0.330921
	was guard reflex vertex? 0
	was guard in reflex area? 0
	does guard intersect boundary ray 12.4171 3 -10.5713 0.330921?1
	is guard inside polygon? 0
0 other guards have coords 4 3
Df=0 0
h=0 0
Df=0 0
h=0 0
Df=0 0
h=0 0
Df=0 0
h=0 0
Df=-1.36921 -0.285559
h=-0.139772 0.670184
Df=0.00974856 -0.00284114
h=0.00136383 0.00467959
Df=-1.81809 -0.232462
h=-0.138408 0.674864
is completely visible? 0
are areas equal? 38=34.3395?0
+++++3 guards with gradient 0
	======== guard 9.0746 3
	was guard reflex vertex? 0
	computed gradient -0 -0 and pull -0 0
	======== guard 9.19421 3
	was guard reflex vertex? 0
	computed gradient 0.0830049 -0.0771329 and pull 0.022959 0.031762
	------- removing guard 9.19421 3
g2=9.19421 3
area2=31.075
alpha2=0.4
scaling gradient with 0.03125 to 0.0025939 -0.0024104
	>>>> prev guard 9.19421 3 cur guard 9.42093 2.58981
	was guard reflex vertex? 0
	was guard in reflex area? 0
	does guard intersect boundary ray 9.19421 3 9.42093 2.58981?1
	is guard inside polygon? 0
0 other guards have coords 9.42093 3
	 new best guard at 9.42093 3
scaling gradient with 0.0625 to 0.00518781 -0.00482081
	>>>> prev guard 9.19421 3 cur guard 9.60456 2.674
	was guard reflex vertex? 0
	was guard in reflex area? 0
	does guard intersect boundary ray 9.19421 3 9.60456 2.674?1
	is guard inside polygon? 0
0 other guards have coords 9.60456 3
	 new best guard at 9.60456 3
scaling gradient with 0.125 to 0.0103756 -0.00964161
	>>>> prev guard 9.19421 3 cur guard 9.75413 2.74097
	was guard reflex vertex? 0
	was guard in reflex area? 0
	does guard intersect boundary ray 9.19421 3 9.75413 2.74097?1
	is guard inside polygon? 0
0 other guards have coords 9.75413 3
	 new best guard at 9.75413 3
scaling gradient with 0.25 to 0.0207512 -0.0192832
	>>>> prev guard 9.19421 3 cur guard 9.87728 2.79378
	was guard reflex vertex? 0
	was guard in reflex area? 0
	does guard intersect boundary ray 9.19421 3 9.87728 2.79378?1
	is guard inside polygon? 0
0 other guards have coords 9.87728 3
	 new best guard at 9.87728 3
scaling gradient with 0.5 to 0.0415025 -0.0385665
	>>>> prev guard 9.19421 3 cur guard 9.98096 2.83448
	was guard reflex vertex? 0
	was guard in reflex area? 0
	does guard intersect boundary ray 9.19421 3 9.98096 2.83448?1
	is guard inside polygon? 0
0 other guards have coords 9.98096 3
	 new best guard at 9.98096 3
scaling gradient with 1 to 0.0830049 -0.0771329
	>>>> prev guard 9.19421 3 cur guard 10.0724 2.86395
	was guard reflex vertex? 0
	was guard in reflex area? 0
	does guard intersect boundary ray 9.19421 3 10.0724 2.86395?1
	is guard inside polygon? 0
0 other guards have coords 10.0724 3
	 new best guard at 10.0724 3
scaling gradient with 2 to 0.16601 -0.154266
	>>>> prev guard 9.19421 3 cur guard 10.1606 2.88136
	was guard reflex vertex? 0
	was guard in reflex area? 0
	does guard intersect boundary ray 9.19421 3 10.1606 2.88136?1
	is guard inside polygon? 0
0 other guards have coords 10.1606 3
	 new best guard at 10.1606 3
scaling gradient with 4 to 0.33202 -0.308532
	>>>> prev guard 9.19421 3 cur guard 10.2596 2.88295
	was guard reflex vertex? 0
	was guard in reflex area? 0
	does guard intersect boundary ray 9.19421 3 10.2596 2.88295?1
	is guard inside polygon? 0
0 other guards have coords 10.2596 3
	 new best guard at 10.2596 3
scaling gradient with 8 to 0.664039 -0.617063
	>>>> prev guard 9.19421 3 cur guard 10.3938 2.85953
	was guard reflex vertex? 0
	was guard in reflex area? 0
	does guard intersect boundary ray 9.19421 3 10.3938 2.85953?1
	is guard inside polygon? 0
0 other guards have coords 10.3938 3
	 new best guard at 10.3938 3
scaling gradient with 16 to 1.32808 -1.23413
	>>>> prev guard 9.19421 3 cur guard 10.6092 2.79144
	was guard reflex vertex? 0
	was guard in reflex area? 0
	does guard intersect boundary ray 9.19421 3 10.6092 2.79144?1
	is guard inside polygon? 0
0 other guards have coords 10.6092 3
	 new best guard at 10.6092 3
scaling gradient with 32 to 2.65616 -2.46825
	>>>> prev guard 9.19421 3 cur guard 10.9959 2.63823
	was guard reflex vertex? 0
	was guard in reflex area? 0
	does guard intersect boundary ray 9.19421 3 10.9959 2.63823?1
	is guard inside polygon? 0
0 other guards have coords 10.9959 3
	 new best guard at 10.9959 3
Df=0 0
h=0 0
Df=0 0
h=0 0
Df=0 0
h=0 0
Df=0.0215511 -0.00868277
h=0.00402685 0.00999484
Df=0 0
h=0 0
Df=0.0116509 -0.0221704
h=0.00515674 0.00270995
Df=0.386659 -0.361769
h=0.00918359 0.0127048
is completely visible? 0
are areas equal? 38=35.2837?0
+++++2 guards with gradient 0
	======== guard 9.0746 3
	was guard reflex vertex? 0
	computed gradient 0.0889811 -0.0831484 and pull 0.0252744 0.0340311
	------- removing guard 9.0746 3
g0=9.0746 3
area0=30.8291
alpha0=0.4
scaling gradient with 0.03125 to 0.00278066 -0.00259839
	>>>> prev guard 9.0746 3 cur guard 8.66646 2.91161
	was guard reflex vertex? 0
	was guard in reflex area? 0
	does guard intersect boundary ray 9.0746 3 8.66646 2.91161?1
	is guard inside polygon? 0
0 other guards have coords 8.66646 3
	 new best guard at 8.66646 3
scaling gradient with 0.0625 to 0.00556132 -0.00519678
	>>>> prev guard 9.0746 3 cur guard 8.34241 2.93159
	was guard reflex vertex? 0
	was guard in reflex area? 0
	does guard intersect boundary ray 9.0746 3 8.34241 2.93159?1
	is guard inside polygon? 0
0 other guards have coords 8.34241 3
scaling gradient with 0.125 to 0.0111226 -0.0103936
	>>>> prev guard 9.0746 3 cur guard 8.08608 2.94716
	was guard reflex vertex? 0
	was guard in reflex area? 0
	does guard intersect boundary ray 9.0746 3 8.08608 2.94716?1
	is guard inside polygon? 0
0 other guards have coords 8.08608 3
scaling gradient with 0.25 to 0.0222453 -0.0207871
	>>>> prev guard 9.0746 3 cur guard 7.88482 2.95879
	was guard reflex vertex? 0
	was guard in reflex area? 0
	does guard intersect boundary ray 9.0746 3 7.88482 2.95879?1
	is guard inside polygon? 0
0 other guards have coords 7.88482 3
scaling gradient with 0.5 to 0.0444905 -0.0415742
	>>>> prev guard 9.0746 3 cur guard 7.7294 2.96643
	was guard reflex vertex? 0
	was guard in reflex area? 0
	does guard intersect boundary ray 9.0746 3 7.7294 2.96643?1
	is guard inside polygon? 0
0 other guards have coords 7.7294 3
scaling gradient with 1 to 0.0889811 -0.0831484
	>>>> prev guard 9.0746 3 cur guard 7.6142 2.96921
	was guard reflex vertex? 0
	was guard in reflex area? 0
	does guard intersect boundary ray 9.0746 3 7.6142 2.96921?1
	is guard inside polygon? 0
0 other guards have coords 7.6142 3
scaling gradient with 2 to 0.177962 -0.166297
	>>>> prev guard 9.0746 3 cur guard 7.5383 2.96479
	was guard reflex vertex? 0
	was guard in reflex area? 0
	does guard intersect boundary ray 9.0746 3 7.5383 2.96479?1
	is guard inside polygon? 0
0 other guards have coords 7.5383 3
scaling gradient with 4 to 0.355924 -0.332594
	>>>> prev guard 9.0746 3 cur guard 7.50807 2.94795
	was guard reflex vertex? 0
	was guard in reflex area? 0
	does guard intersect boundary ray 9.0746 3 7.50807 2.94795?1
	is guard inside polygon? 0
0 other guards have coords 7.50807 3
scaling gradient with 8 to 0.711848 -0.665187
	>>>> prev guard 9.0746 3 cur guard 7.54286 2.90787
	was guard reflex vertex? 0
	was guard in reflex area? 0
	does guard intersect boundary ray 9.0746 3 7.54286 2.90787?1
	is guard inside polygon? 0
0 other guards have coords 7.54286 3
scaling gradient with 16 to 1.4237 -1.33037
	>>>> prev guard 9.0746 3 cur guard 7.68661 2.82258
	was guard reflex vertex? 0
	was guard in reflex area? 0
	does guard intersect boundary ray 9.0746 3 7.68661 2.82258?1
	is guard inside polygon? 0
0 other guards have coords 7.68661 3
scaling gradient with 32 to 2.84739 -2.66075
	>>>> prev guard 9.0746 3 cur guard 8.03142 2.64793
	was guard reflex vertex? 0
	was guard in reflex area? 0
	does guard intersect boundary ray 9.0746 3 8.03142 2.64793?1
	is guard inside polygon? 0
0 other guards have coords 8.03142 3
Df=0 0
h=0 0
Df=0 0
h=0 0
Df=0 0
h=0 0
Df=0.0243986 -0.0112893
h=0.00512284 0.0110716
Df=0 0
h=0 0
Df=0.0111938 -0.0219701
h=0.00498692 0.00254084
Df=-0.408142 -0.0883933
h=0.0101098 0.0136124
is completely visible? 0
are areas equal? 38=35.2837?0
+++++1 guards with gradient 0
	======== guard 6.5851 3
	was guard reflex vertex? 0
	computed gradient 1.24202 -0.412444 and pull 0.152885 0.611774
	------- removing guard 6.5851 3
g3=6.5851 3
area3=31.2865
alpha3=0.4
scaling gradient with 0.03125 to 0.038813 -0.0128889
	>>>> prev guard 6.5851 3 cur guard 6.78242 2.70706
	was guard reflex vertex? 0
	was guard in reflex area? 0
	does guard intersect boundary ray 6.5851 3 6.78242 2.70706?1
	is guard inside polygon? 0
0 other guards have coords 6.78242 3
	 new best guard at 6.78242 3
scaling gradient with 0.0625 to 0.077626 -0.0257777
	>>>> prev guard 6.5851 3 cur guard 6.95871 2.81253
	was guard reflex vertex? 0
	was guard in reflex area? 0
	does guard intersect boundary ray 6.5851 3 6.95871 2.81253?1
	is guard inside polygon? 0
0 other guards have coords 6.95871 3
scaling gradient with 0.125 to 0.155252 -0.0515555
	>>>> prev guard 6.5851 3 cur guard 7.1244 2.89484
	was guard reflex vertex? 0
	was guard in reflex area? 0
	does guard intersect boundary ray 6.5851 3 7.1244 2.89484?1
	is guard inside polygon? 0
0 other guards have coords 7.1244 3
scaling gradient with 0.25 to 0.310504 -0.103111
pull reduced from 0.397641 to 	>>>> prev guard 6.5851 3 cur guard 7.28919 2.93725
	was guard reflex vertex? 0
	was guard in reflex area? 0
	does guard intersect boundary ray 6.5851 3 7.28919 2.93725?1
	is guard inside polygon? 0
0 other guards have coords 7.28919 3
scaling gradient with 0.5 to 0.621008 -0.206222
pull reduced from 0.397641 to 	>>>> prev guard 6.5851 3 cur guard 7.47668 2.95722
	was guard reflex vertex? 0
	was guard in reflex area? 0
	does guard intersect boundary ray 6.5851 3 7.47668 2.95722?1
	is guard inside polygon? 0
0 other guards have coords 7.47668 3
scaling gradient with 1 to 1.24202 -0.412444
pull reduced from 0.397641 to 	>>>> prev guard 6.5851 3 cur guard 7.73315 2.96123
	was guard reflex vertex? 0
	was guard in reflex area? 0
	does guard intersect boundary ray 6.5851 3 7.73315 2.96123?1
	is guard inside polygon? 0
0 other guards have coords 7.73315 3
scaling gradient with 2 to 2.48403 -0.824888
	>>>> prev guard 6.5851 3 cur guard 8.14927 2.95194
	was guard reflex vertex? 0
	was guard in reflex area? 0
	does guard intersect boundary ray 6.5851 3 8.14927 2.95194?1
	is guard inside polygon? 0
0 other guards have coords 8.14927 3
scaling gradient with 4 to 4.96806 -1.64978
	>>>> prev guard 6.5851 3 cur guard 8.89185 2.87851
	was guard reflex vertex? 0
	was guard in reflex area? 0
	does guard intersect boundary ray 6.5851 3 8.89185 2.87851?1
	is guard inside polygon? 0
0 other guards have coords 8.89185 3
scaling gradient with 8 to 9.93612 -3.29955
	>>>> prev guard 6.5851 3 cur guard 10.293 2.68778
	was guard reflex vertex? 0
	was guard in reflex area? 0
	does guard intersect boundary ray 6.5851 3 10.293 2.68778?1
	is guard inside polygon? 0
0 other guards have coords 10.293 3
scaling gradient with 16 to 19.8722 -6.5991
	>>>> prev guard 6.5851 3 cur guard 13.016 2.27124
	was guard reflex vertex? 0
	was guard in reflex area? 0
	does guard intersect boundary ray 6.5851 3 13.016 2.27124?1
	is guard inside polygon? 0
0 other guards have coords 13.016 3
	 new best guard at 13.016 3
scaling gradient with 32 to 39.7445 -13.1982
	>>>> prev guard 6.5851 3 cur guard 18.3861 1.41008
	was guard reflex vertex? 0
	was guard in reflex area? 0
	does guard intersect boundary ray 6.5851 3 18.3861 1.41008?1
	is guard inside polygon? 0
0 other guards have coords 15 3
Df=-0.00992946 -0.00290485
h=-0.001394 0.00476501
Df=0.472642 -0.0980499
h=0.0480029 0.231394
Df=0.0117981 -0.0142456
h=0.00454324 0.00376267
Df=0.0133299 -0.0227602
h=0.0057512 0.0033683
Df=0.00348115 -0.00942503
h=0.00163276 0.000603062
Df=0.00548471 -0.0175919
h=0.00261806 0.000816244
Df=2.72296 -0.728759
h=0.0611542 0.244709
is completely visible? 0
are areas equal? 38=35.2632?0
i=4
area=35.2632
+++++4 guards with gradient 0
	======== guard 8.66646 3
	was guard reflex vertex? 0
	computed gradient -0.0437196 -0.0582882 and pull -0.0174873 0.0131165
	------- removing guard 8.66646 3
g0=8.66646 3
area0=30.2724
alpha0=0.4
scaling gradient with 0.03125 to -0.00136624 -0.00182151
	>>>> prev guard 8.66646 3 cur guard 8.33843 2.93019
	was guard reflex vertex? 0
	was guard in reflex area? 0
	does guard intersect boundary ray 8.66646 3 8.33843 2.93019?1
	is guard inside polygon? 0
0 other guards have coords 8.33843 3
	 new best guard at 8.33843 3
scaling gradient with 0.0625 to -0.00273248 -0.00364301
	>>>> prev guard 8.66646 3 cur guard 8.0744 2.94491
	was guard reflex vertex? 0
	was guard in reflex area? 0
	does guard intersect boundary ray 8.66646 3 8.0744 2.94491?1
	is guard inside polygon? 0
0 other guards have coords 8.0744 3
	 new best guard at 8.0744 3
scaling gradient with 0.125 to -0.00546495 -0.00728602
	>>>> prev guard 8.66646 3 cur guard 7.86133 2.95639
	was guard reflex vertex? 0
	was guard in reflex area? 0
	does guard intersect boundary ray 8.66646 3 7.86133 2.95639?1
	is guard inside polygon? 0
0 other guards have coords 7.86133 3
	 new best guard at 7.86133 3
scaling gradient with 0.25 to -0.0109299 -0.014572
	>>>> prev guard 8.66646 3 cur guard 7.68861 2.965
	was guard reflex vertex? 0
	was guard in reflex area? 0
	does guard intersect boundary ray 8.66646 3 7.68861 2.965?1
	is guard inside polygon? 0
0 other guards have coords 7.68861 3
	 new best guard at 7.68861 3
scaling gradient with 0.5 to -0.0218598 -0.0291441
	>>>> prev guard 8.66646 3 cur guard 7.54728 2.97072
	was guard reflex vertex? 0
	was guard in reflex area? 0
	does guard intersect boundary ray 8.66646 3 7.54728 2.97072?1
	is guard inside polygon? 0
0 other guards have coords 7.54728 3
	 new best guard at 7.54728 3
scaling gradient with 1 to -0.0437196 -0.0582882
	>>>> prev guard 8.66646 3 cur guard 7.42932 2.97296
	was guard reflex vertex? 0
	was guard in reflex area? 0
	does guard intersect boundary ray 8.66646 3 7.42932 2.97296?1
	is guard inside polygon? 0
0 other guards have coords 7.42932 3
	 new best guard at 7.42932 3
scaling gradient with 2 to -0.0874392 -0.116576
	>>>> prev guard 8.66646 3 cur guard 7.32656 2.97009
	was guard reflex vertex? 0
	was guard in reflex area? 0
	does guard intersect boundary ray 8.66646 3 7.32656 2.97009?1
	is guard inside polygon? 0
0 other guards have coords 7.32656 3
	 new best guard at 7.32656 3
scaling gradient with 4 to -0.174878 -0.233153
	>>>> prev guard 8.66646 3 cur guard 7.22896 2.95847
	was guard reflex vertex? 0
	was guard in reflex area? 0
	does guard intersect boundary ray 8.66646 3 7.22896 2.95847?1
	is guard inside polygon? 0
0 other guards have coords 7.22896 3
	 new best guard at 7.22896 3
scaling gradient with 8 to -0.349757 -0.466306
	>>>> prev guard 8.66646 3 cur guard 7.12151 2.93052
	was guard reflex vertex? 0
	was guard in reflex area? 0
	does guard intersect boundary ray 8.66646 3 7.12151 2.93052?1
	is guard inside polygon? 0
0 other guards have coords 7.12151 3
	 new best guard at 7.12151 3
scaling gradient with 16 to -0.699514 -0.932611
	>>>> prev guard 8.66646 3 cur guard 6.97818 2.87086
	was guard reflex vertex? 0
	was guard in reflex area? 0
	does guard intersect boundary ray 8.66646 3 6.97818 2.87086?1
	is guard inside polygon? 0
0 other guards have coords 6.97818 3
	 new best guard at 6.97818 3
scaling gradient with 32 to -1.39903 -1.86522
	>>>> prev guard 8.66646 3 cur guard 6.7502 2.74852
	was guard reflex vertex? 0
	was guard in reflex area? 0
	does guard intersect boundary ray 8.66646 3 6.7502 2.74852?1
	is guard inside polygon? 0
0 other guards have coords 6.7502 3
	 new best guard at 6.7502 3
Df=-0.0174878 -0.0233153
h=-0.00699494 0.00524662
Df=0 0
h=0 0
Df=0 0
h=0 0
Df=0 0
h=0 0
Df=0 0
h=0 0
Df=0 0
h=0 0
Df=-0.227982 -0.251483
h=-0.00699494 0.00524662
is completely visible? 0
are areas equal? 38=37.1995?0
+++++3 guards with gradient 0
	======== guard 9.41153 3
	was guard reflex vertex? 0
	computed gradient -0.0374418 -0.0577507 and pull -0.0148023 0.0104338
	------- removing guard 9.41153 3
g1=9.41153 3
area1=31.6758
alpha1=0.4
scaling gradient with 0.03125 to -0.00117006 -0.00180471
	>>>> prev guard 9.41153 3 cur guard 7.95578 2.81472
	was guard reflex vertex? 0
	was guard in reflex area? 0
	does guard intersect boundary ray 9.41153 3 7.95578 2.81472?1
	is guard inside polygon? 0
0 other guards have coords 7.95578 3
	 new best guard at 7.95578 3
scaling gradient with 0.0625 to -0.00234011 -0.00360942
	>>>> prev guard 9.41153 3 cur guard 6.78981 2.85232
	was guard reflex vertex? 0
	was guard in reflex area? 0
	does guard intersect boundary ray 9.41153 3 6.78981 2.85232?1
	is guard inside polygon? 0
0 other guards have coords 6.78981 3
	 new best guard at 6.78981 3
scaling gradient with 0.125 to -0.00468022 -0.00721884
	>>>> prev guard 9.41153 3 cur guard 5.85547 2.88212
	was guard reflex vertex? 0
	was guard in reflex area? 0
	does guard intersect boundary ray 9.41153 3 5.85547 2.88212?1
	is guard inside polygon? 0
0 other guards have coords 5.85547 3
	 new best guard at 5.85547 3
scaling gradient with 0.25 to -0.00936044 -0.0144377
	>>>> prev guard 9.41153 3 cur guard 5.10607 2.90537
	was guard reflex vertex? 0
	was guard in reflex area? 0
	does guard intersect boundary ray 9.41153 3 5.10607 2.90537?1
	is guard inside polygon? 0
0 other guards have coords 5.10607 3
scaling gradient with 0.5 to -0.0187209 -0.0288754
	>>>> prev guard 9.41153 3 cur guard 4.50387 2.92282
	was guard reflex vertex? 0
	was guard in reflex area? 0
	does guard intersect boundary ray 9.41153 3 4.50387 2.92282?1
	is guard inside polygon? 0
0 other guards have coords 4.50387 3
scaling gradient with 1 to -0.0374418 -0.0577507
	>>>> prev guard 9.41153 3 cur guard 4.01793 2.93447
	was guard reflex vertex? 0
	was guard in reflex area? 0
	does guard intersect boundary ray 9.41153 3 4.01793 2.93447?1
	is guard inside polygon? 0
0 other guards have coords 4.01793 3
scaling gradient with 2 to -0.0748835 -0.115501
	>>>> prev guard 9.41153 3 cur guard 3.622 2.93917
	was guard reflex vertex? 0
	was guard in reflex area? 0
	does guard intersect boundary ray 9.41153 3 3.622 2.93917?1
	is guard inside polygon? 0
0 other guards have coords 4 3
scaling gradient with 4 to -0.149767 -0.231003
	>>>> prev guard 9.41153 3 cur guard 3.67009 2.93369
	was guard reflex vertex? 0
	was guard in reflex area? 0
	does guard intersect boundary ray 9.41153 3 3.67009 2.93369?1
	is guard inside polygon? 0
0 other guards have coords 4 3
scaling gradient with 8 to -0.299534 -0.462006
	>>>> prev guard 9.41153 3 cur guard 3.71093 2.91083
	was guard reflex vertex? 0
	was guard in reflex area? 0
	does guard intersect boundary ray 9.41153 3 3.71093 2.91083?1
	is guard inside polygon? 0
0 other guards have coords 4 3
scaling gradient with 16 to -0.599068 -0.924012
	>>>> prev guard 9.41153 3 cur guard 3.71963 2.85558
	was guard reflex vertex? 0
	was guard in reflex area? 0
	does guard intersect boundary ray 9.41153 3 3.71963 2.85558?1
	is guard inside polygon? 0
0 other guards have coords 4 3
scaling gradient with 32 to -1.19814 -1.84802
	>>>> prev guard 9.41153 3 cur guard 3.67867 2.73745
	was guard reflex vertex? 0
	was guard in reflex area? 0
	does guard intersect boundary ray 9.41153 3 3.67867 2.73745?1
	is guard inside polygon? 0
0 other guards have coords 4 3
Df=-0.0133458 -0.0227647
h=-0.00575658 0.00337478
Df=0 0
h=0 0
Df=-0.00163095 -0.000335588
h=-0.000164351 0.000798741
Df=0 0
h=0 0
Df=0 0
h=0 0
Df=0 0
h=0 0
Df=-0.934335 -0.117885
h=-0.00592093 0.00417352
is completely visible? 1
are areas equal? 38=38?1
i=6
area=38
g0=6.7502 3
alpha0=0.4
area0=30.8588
g1=5.85547 3
alpha1=0.4
area1=29.8168
g2=10.9959 3
alpha2=0.4
area2=29.9278
g3=13.016 3
alpha3=0.4
area3=30.0565
