18
6 24 3 20
5 26 6 24
7 16 7 12
3 20 7 16
8 26 7 24
5 26 8 26
10 13 7 12
9 18 10 13
11 20 9 18
11 24 7 24
15 17 11 20
15 27 11 24
16 22 15 27
17 17 15 17
19 19 17 17
17 20 19 19
19 21 17 20
16 22 19 21
total area=103
i=0
area=101.927
+++++3 guards with gradient 0
	======== guard 15 21
	was guard reflex vertex? 0
	computed gradient 0.593334 -1.15634 and pull 0.525835 0.637691
	------- removing guard 15 21
g0=15 21
area0=77.6308
alpha0=0.35
scaling gradient with 0.03125 to 0.0185417 -0.0361355
pull reduced from 0.683152 to 	>>>> prev guard 15 21 cur guard 15.0013 20.9975
	was guard reflex vertex? 0
	was guard in reflex area? 0
	does guard intersect boundary ray 15 21 15.0013 20.9975?0
	is guard inside polygon? 1
0 other guards have coords 15.0013 20.9975
	 new best guard at 15.0013 20.9975
		new arrangement area = 101.927
		old arrangement area = 101.927
		new guard area = 77.6163
		best guard area = 77.6308
scaling gradient with 0.0625 to 0.0370834 -0.072271
pull reduced from 0.683152 to 	>>>> prev guard 15 21 cur guard 15.0026 20.9949
	was guard reflex vertex? 0
	was guard in reflex area? 0
	does guard intersect boundary ray 15 21 15.0026 20.9949?0
	is guard inside polygon? 1
0 other guards have coords 15.0026 20.9949
	 new best guard at 15.0026 20.9949
		new arrangement area = 101.927
		old arrangement area = 101.927
		new guard area = 77.6019
		best guard area = 77.6163
scaling gradient with 0.125 to 0.0741668 -0.144542
pull reduced from 0.683152 to 	>>>> prev guard 15 21 cur guard 15.0052 20.9899
	was guard reflex vertex? 0
	was guard in reflex area? 0
	does guard intersect boundary ray 15 21 15.0052 20.9899?0
	is guard inside polygon? 1
0 other guards have coords 15.0052 20.9899
	 new best guard at 15.0052 20.9899
		new arrangement area = 101.927
		old arrangement area = 101.927
		new guard area = 77.573
		best guard area = 77.6019
scaling gradient with 0.25 to 0.148334 -0.289084
pull reduced from 0.683152 to 	>>>> prev guard 15 21 cur guard 15.0104 20.9798
	was guard reflex vertex? 0
	was guard in reflex area? 0
	does guard intersect boundary ray 15 21 15.0104 20.9798?0
	is guard inside polygon? 1
0 other guards have coords 15.0104 20.9798
	 new best guard at 15.0104 20.9798
		new arrangement area = 101.927
		old arrangement area = 101.927
		new guard area = 77.5152
		best guard area = 77.573
scaling gradient with 0.5 to 0.296667 -0.578168
pull reduced from 0.683152 to 	>>>> prev guard 15 21 cur guard 15.0208 20.9595
	was guard reflex vertex? 0
	was guard in reflex area? 0
	does guard intersect boundary ray 15 21 15.0208 20.9595?0
	is guard inside polygon? 1
0 other guards have coords 15.0208 20.9595
	 new best guard at 15.0208 20.9595
		new arrangement area = 101.927
		old arrangement area = 101.927
		new guard area = 77.3991
		best guard area = 77.5152
scaling gradient with 1 to 0.593334 -1.15634
pull reduced from 0.683152 to 	>>>> prev guard 15 21 cur guard 15.0415 20.9191
	was guard reflex vertex? 0
	was guard in reflex area? 0
	does guard intersect boundary ray 15 21 15.0415 20.9191?0
	is guard inside polygon? 1
0 other guards have coords 15.0415 20.9191
	 new best guard at 15.0415 20.9191
		new arrangement area = 101.927
		old arrangement area = 101.927
		new guard area = 77.1656
		best guard area = 77.3991
scaling gradient with 2 to 1.18667 -2.31267
pull reduced from 0.683152 to 	>>>> prev guard 15 21 cur guard 15.0831 20.8381
	was guard reflex vertex? 0
	was guard in reflex area? 0
	does guard intersect boundary ray 15 21 15.0831 20.8381?0
	is guard inside polygon? 1
0 other guards have coords 15.0831 20.8381
	 new best guard at 15.0831 20.8381
		new arrangement area = 101.928
		old arrangement area = 101.927
		new guard area = 76.693
		best guard area = 77.1656
scaling gradient with 4 to 2.37334 -4.62534
pull reduced from 0.683152 to 	>>>> prev guard 15 21 cur guard 15.1661 20.6762
	was guard reflex vertex? 0
	was guard in reflex area? 0
	does guard intersect boundary ray 15 21 15.1661 20.6762?0
	is guard inside polygon? 1
0 other guards have coords 15.1661 20.6762
	 new best guard at 15.1661 20.6762
		new arrangement area = 101.928
		old arrangement area = 101.927
		new guard area = 75.7242
		best guard area = 76.693
scaling gradient with 8 to 4.74667 -9.25068
pull reduced from 0.683152 to 	>>>> prev guard 15 21 cur guard 15.3323 20.3525
	was guard reflex vertex? 0
	was guard in reflex area? 0
	does guard intersect boundary ray 15 21 15.3323 20.3525?0
	is guard inside polygon? 1
0 other guards have coords 15.3323 20.3525
	 new best guard at 15.3323 20.3525
		new arrangement area = 101.929
		old arrangement area = 101.927
		new guard area = 73.6877
		best guard area = 75.7242
scaling gradient with 16 to 9.49334 -18.5014
pull reduced from 0.683152 to 	>>>> prev guard 15 21 cur guard 15.6645 19.7049
	was guard reflex vertex? 0
	was guard in reflex area? 0
	does guard intersect boundary ray 15 21 15.6645 19.7049?0
	is guard inside polygon? 1
0 other guards have coords 15.6645 19.7049
	 new best guard at 15.6645 19.7049
		new arrangement area = 101.931
		old arrangement area = 101.927
		new guard area = 69.3968
		best guard area = 73.6877
scaling gradient with 32 to 18.9867 -37.0027
pull reduced from 0.683152 to 	>>>> prev guard 15 21 cur guard 16.3291 18.4098
	was guard reflex vertex? 0
	was guard in reflex area? 0
	does guard intersect boundary ray 15 21 16.3291 18.4098?0
	is guard inside polygon? 1
0 other guards have coords 16.3291 18.4098
---- official new best guard 15.6645 19.7049
Df=0 0
h=0 0
Df=0 0
h=0 0
Df=-0.000429686 -0.00114583
h=-0.000134109 5.0291e-05
Df=-0.084 -0.112
h=-0.0224 0.0168
Df=0.291922 -0.291922
h=0.20642 0.20642
Df=0.000175001 0.000350001
h=0.000156525 -7.82626e-05
Df=0.664534 -1.2951
h=0.184042 0.223192
is completely visible? 0
are areas equal? 103=101.931?0
+++++2 guards with gradient 0
	======== guard 7 17
	was guard reflex vertex? 0
	computed gradient 0.0889073 0.262302 and pull 0.152206 0.155058
	------- removing guard 7 17
g1=7 17
area1=73.677
alpha1=0.35
scaling gradient with 0.03125 to 0.00277835 0.00819693
	>>>> prev guard 7 17 cur guard 7.01085 17.0114
	was guard reflex vertex? 0
	was guard in reflex area? 0
	does guard intersect boundary ray 7 17 7.01085 17.0114?0
	is guard inside polygon? 1
0 other guards have coords 7.01085 17.0114
	 new best guard at 7.01085 17.0114
		new arrangement area = 101.928
		old arrangement area = 101.931
		new guard area = 73.6866
		best guard area = 73.677
scaling gradient with 0.0625 to 0.0055567 0.0163939
	>>>> prev guard 7 17 cur guard 7.01104 17.012
	was guard reflex vertex? 0
	was guard in reflex area? 0
	does guard intersect boundary ray 7 17 7.01104 17.012?0
	is guard inside polygon? 1
0 other guards have coords 7.01104 17.012
	 new best guard at 7.01104 17.012
		new arrangement area = 101.928
		old arrangement area = 101.931
		new guard area = 73.6878
		best guard area = 73.6866
scaling gradient with 0.125 to 0.0111134 0.0327877
	>>>> prev guard 7 17 cur guard 7.01143 17.0131
	was guard reflex vertex? 0
	was guard in reflex area? 0
	does guard intersect boundary ray 7 17 7.01143 17.0131?0
	is guard inside polygon? 1
0 other guards have coords 7.01143 17.0131
	 new best guard at 7.01143 17.0131
		new arrangement area = 101.928
		old arrangement area = 101.931
		new guard area = 73.6902
		best guard area = 73.6878
scaling gradient with 0.25 to 0.0222268 0.0655755
	>>>> prev guard 7 17 cur guard 7.01221 17.0154
	was guard reflex vertex? 0
	was guard in reflex area? 0
	does guard intersect boundary ray 7 17 7.01221 17.0154?0
	is guard inside polygon? 1
0 other guards have coords 7.01221 17.0154
	 new best guard at 7.01221 17.0154
		new arrangement area = 101.928
		old arrangement area = 101.931
		new guard area = 73.695
		best guard area = 73.6902
scaling gradient with 0.5 to 0.0444536 0.131151
	>>>> prev guard 7 17 cur guard 7.01377 17.02
	was guard reflex vertex? 0
	was guard in reflex area? 0
	does guard intersect boundary ray 7 17 7.01377 17.02?0
	is guard inside polygon? 1
0 other guards have coords 7.01377 17.02
	 new best guard at 7.01377 17.02
		new arrangement area = 101.927
		old arrangement area = 101.931
		new guard area = 73.7047
		best guard area = 73.695
scaling gradient with 1 to 0.0889073 0.262302
	>>>> prev guard 7 17 cur guard 7.01688 17.0292
	was guard reflex vertex? 0
	was guard in reflex area? 0
	does guard intersect boundary ray 7 17 7.01688 17.0292?0
	is guard inside polygon? 1
0 other guards have coords 7.01688 17.0292
	 new best guard at 7.01688 17.0292
		new arrangement area = 101.926
		old arrangement area = 101.931
		new guard area = 73.7241
		best guard area = 73.7047
scaling gradient with 2 to 0.177815 0.524604
	>>>> prev guard 7 17 cur guard 7.0231 17.0476
	was guard reflex vertex? 0
	was guard in reflex area? 0
	does guard intersect boundary ray 7 17 7.0231 17.0476?0
	is guard inside polygon? 1
0 other guards have coords 7.0231 17.0476
	 new best guard at 7.0231 17.0476
		new arrangement area = 101.925
		old arrangement area = 101.931
		new guard area = 73.7629
		best guard area = 73.7241
scaling gradient with 4 to 0.355629 1.04921
	>>>> prev guard 7 17 cur guard 7.03555 17.0843
	was guard reflex vertex? 0
	was guard in reflex area? 0
	does guard intersect boundary ray 7 17 7.03555 17.0843?0
	is guard inside polygon? 1
0 other guards have coords 7.03555 17.0843
	 new best guard at 7.03555 17.0843
		new arrangement area = 101.921
		old arrangement area = 101.931
		new guard area = 73.8412
		best guard area = 73.7629
scaling gradient with 8 to 0.711258 2.09842
	>>>> prev guard 7 17 cur guard 7.06044 17.1577
	was guard reflex vertex? 0
	was guard in reflex area? 0
	does guard intersect boundary ray 7 17 7.06044 17.1577?0
	is guard inside polygon? 1
0 other guards have coords 7.06044 17.1577
	 new best guard at 7.06044 17.1577
		new arrangement area = 101.914
		old arrangement area = 101.931
		new guard area = 73.9997
		best guard area = 73.8412
scaling gradient with 16 to 1.42252 4.19683
	>>>> prev guard 7 17 cur guard 7.11023 17.3046
	was guard reflex vertex? 0
	was guard in reflex area? 0
	does guard intersect boundary ray 7 17 7.11023 17.3046?0
	is guard inside polygon? 1
0 other guards have coords 7.11023 17.3046
	 new best guard at 7.11023 17.3046
		new arrangement area = 101.898
		old arrangement area = 101.931
		new guard area = 74.3254
		best guard area = 73.9997
scaling gradient with 32 to 2.84503 8.39366
	>>>> prev guard 7 17 cur guard 7.20981 17.5984
	was guard reflex vertex? 0
	was guard in reflex area? 0
	does guard intersect boundary ray 7 17 7.20981 17.5984?0
	is guard inside polygon? 1
0 other guards have coords 7.20981 17.5984
	 new best guard at 7.20981 17.5984
		new arrangement area = 101.866
		old arrangement area = 101.931
		new guard area = 75.0131
		best guard area = 74.3254
---- official new best guard 7.20981 17.5984
Df=0 0
h=0 0
Df=0 0
h=0 0
Df=-0.00747918 0
h=0 0.00106845
Df=0.187794 -0.107311
h=0.0133103 0.023293
Df=-0.148917 0.198557
h=0.0397113 0.0297835
Df=-0.000280001 0.000560002
h=0.00025044 0.00012522
Df=0.209807 0.59841
h=0.0532721 0.0542702
is completely visible? 0
are areas equal? 103=101.866?0
+++++1 guards with gradient 0
	======== guard 9 17.5
	was guard reflex vertex? 0
	computed gradient -5.14084 -0.268474 and pull -0.0383763 9.15666
	------- removing guard 9 17.5
g2=9 17.5
area2=46.3077
alpha2=0.35
scaling gradient with 0.03125 to -0.160651 -0.0083898
pull reduced from 83.846 to 	>>>> prev guard 9 17.5 cur guard 8.98875 17.4994
	was guard reflex vertex? 0
	was guard in reflex area? 0
	does guard intersect boundary ray 9 17.5 8.98875 17.4994?0
	is guard inside polygon? 1
0 other guards have coords 8.98875 17.4994
	 new best guard at 8.98875 17.4994
		new arrangement area = 101.862
		old arrangement area = 101.866
		new guard area = 46.712
		best guard area = 46.3077
scaling gradient with 0.0625 to -0.321303 -0.0167796
pull reduced from 83.846 to 	>>>> prev guard 9 17.5 cur guard 8.97751 17.4988
	was guard reflex vertex? 0
	was guard in reflex area? 0
	does guard intersect boundary ray 9 17.5 8.97751 17.4988?0
	is guard inside polygon? 1
0 other guards have coords 8.97751 17.4988
	 new best guard at 8.97751 17.4988
		new arrangement area = 101.859
		old arrangement area = 101.866
		new guard area = 47.1154
		best guard area = 46.712
scaling gradient with 0.125 to -0.642605 -0.0335592
pull reduced from 83.846 to 	>>>> prev guard 9 17.5 cur guard 8.95502 17.4977
	was guard reflex vertex? 0
	was guard in reflex area? 0
	does guard intersect boundary ray 9 17.5 8.95502 17.4977?0
	is guard inside polygon? 1
0 other guards have coords 8.95502 17.4977
	 new best guard at 8.95502 17.4977
		new arrangement area = 101.853
		old arrangement area = 101.866
		new guard area = 47.9194
		best guard area = 47.1154
scaling gradient with 0.25 to -1.28521 -0.0671184
pull reduced from 83.846 to 	>>>> prev guard 9 17.5 cur guard 8.91004 17.4953
	was guard reflex vertex? 0
	was guard in reflex area? 0
	does guard intersect boundary ray 9 17.5 8.91004 17.4953?0
	is guard inside polygon? 1
0 other guards have coords 8.91004 17.4953
	 new best guard at 8.91004 17.4953
		new arrangement area = 101.84
		old arrangement area = 101.866
		new guard area = 49.5161
		best guard area = 47.9194
scaling gradient with 0.5 to -2.57042 -0.134237
pull reduced from 83.846 to 	>>>> prev guard 9 17.5 cur guard 8.82007 17.4906
	was guard reflex vertex? 0
	was guard in reflex area? 0
	does guard intersect boundary ray 9 17.5 8.82007 17.4906?0
	is guard inside polygon? 1
0 other guards have coords 8.82007 17.4906
	 new best guard at 8.82007 17.4906
		new arrangement area = 101.815
		old arrangement area = 101.866
		new guard area = 52.6725
		best guard area = 49.5161
scaling gradient with 1 to -5.14084 -0.268474
pull reduced from 83.846 to 	>>>> prev guard 9 17.5 cur guard 8.64014 17.4812
	was guard reflex vertex? 0
	was guard in reflex area? 0
	does guard intersect boundary ray 9 17.5 8.64014 17.4812?0
	is guard inside polygon? 1
0 other guards have coords 8.64014 17.4812
	 new best guard at 8.64014 17.4812
		new arrangement area = 101.764
		old arrangement area = 101.866
		new guard area = 62.3665
		best guard area = 52.6725
scaling gradient with 2 to -10.2817 -0.536947
pull reduced from 83.846 to 	>>>> prev guard 9 17.5 cur guard 8.28028 17.4624
	was guard reflex vertex? 0
	was guard in reflex area? 0
	does guard intersect boundary ray 9 17.5 8.28028 17.4624?0
	is guard inside polygon? 1
0 other guards have coords 8.28028 17.4624
	 new best guard at 8.28028 17.4624
		new arrangement area = 101.662
		old arrangement area = 101.866
		new guard area = 71.7416
		best guard area = 62.3665
scaling gradient with 4 to -20.5634 -1.07389
pull reduced from 83.846 to 	>>>> prev guard 9 17.5 cur guard 7.56056 17.4248
	was guard reflex vertex? 0
	was guard in reflex area? 0
	does guard intersect boundary ray 9 17.5 7.56056 17.4248?0
	is guard inside polygon? 1
0 other guards have coords 7.56056 17.4248
	 new best guard at 7.56056 17.4248
		new arrangement area = 101.458
		old arrangement area = 101.866
		new guard area = 73.7096
		best guard area = 71.7416
scaling gradient with 8 to -41.1267 -2.14779
pull reduced from 83.846 to 	>>>> prev guard 9 17.5 cur guard 6.12113 17.3497
	was guard reflex vertex? 0
	was guard in reflex area? 0
	does guard intersect boundary ray 9 17.5 6.12113 17.3497?0
	is guard inside polygon? 1
0 other guards have coords 6.12113 17.3497
scaling gradient with 16 to -82.2535 -4.29558
pull reduced from 83.846 to 	>>>> prev guard 9 17.5 cur guard 3.24226 17.1993
	was guard reflex vertex? 0
	was guard in reflex area? 0
	does guard intersect boundary ray 9 17.5 3.24226 17.1993?1
	is guard inside polygon? 0
0 other guards have coords 5.67371 17.3263
scaling gradient with 32 to -164.507 -8.59116
pull reduced from 83.846 to 	>>>> prev guard 9 17.5 cur guard -2.51549 16.8986
	was guard reflex vertex? 0
	was guard in reflex area? 0
	does guard intersect boundary ray 9 17.5 -2.51549 16.8986?1
	is guard inside polygon? 0
0 other guards have coords 5.67371 17.3263
---- official new best guard 7.56056 17.4248
Df=0.000672 -0.000896
h=-0.0003584 -0.0002688
Df=-0.18022 -0.0831784
h=-0.0116189 0.0251742
Df=-0.032147 -0.00989138
h=-0.00145446 0.00472698
Df=-1.5876 0
h=0 3.1752
Df=-1.43944 -0.0751726
h=-0.0134317 3.20483
is completely visible? 0
are areas equal? 103=101.458?0
i=1
area=101.458
+++++3 guards with gradient 0
	======== guard 15.6645 19.7049
	was guard reflex vertex? 0
	computed gradient 0.697401 -0.130113 and pull 0.0432656 0.308518
	------- removing guard 15.6645 19.7049
g0=15.6645 19.7049
area0=69.3968
alpha0=0.35
scaling gradient with 0.03125 to 0.0217938 -0.00406603
	>>>> prev guard 15.6645 19.7049 cur guard 16.2007 18.6901
	was guard reflex vertex? 0
	was guard in reflex area? 0
	does guard intersect boundary ray 15.6645 19.7049 16.2007 18.6901?0
	is guard inside polygon? 1
0 other guards have coords 16.2007 18.6901
	 new best guard at 16.2007 18.6901
		new arrangement area = 100.518
		old arrangement area = 101.458
		new guard area = 63.6641
		best guard area = 69.3968
scaling gradient with 0.0625 to 0.0435876 -0.00813206
	>>>> prev guard 15.6645 19.7049 cur guard 16.2022 18.6899
	was guard reflex vertex? 0
	was guard in reflex area? 0
	does guard intersect boundary ray 15.6645 19.7049 16.2022 18.6899?0
	is guard inside polygon? 1
0 other guards have coords 16.2022 18.6899
scaling gradient with 0.125 to 0.0871751 -0.0162641
	>>>> prev guard 15.6645 19.7049 cur guard 16.2053 18.6893
	was guard reflex vertex? 0
	was guard in reflex area? 0
	does guard intersect boundary ray 15.6645 19.7049 16.2053 18.6893?0
	is guard inside polygon? 1
0 other guards have coords 16.2053 18.6893
scaling gradient with 0.25 to 0.17435 -0.0325282
	>>>> prev guard 15.6645 19.7049 cur guard 16.2114 18.6881
	was guard reflex vertex? 0
	was guard in reflex area? 0
	does guard intersect boundary ray 15.6645 19.7049 16.2114 18.6881?0
	is guard inside polygon? 1
0 other guards have coords 16.2114 18.6881
scaling gradient with 0.5 to 0.3487 -0.0650565
	>>>> prev guard 15.6645 19.7049 cur guard 16.2236 18.6859
	was guard reflex vertex? 0
	was guard in reflex area? 0
	does guard intersect boundary ray 15.6645 19.7049 16.2236 18.6859?0
	is guard inside polygon? 1
0 other guards have coords 16.2236 18.6859
scaling gradient with 1 to 0.697401 -0.130113
	>>>> prev guard 15.6645 19.7049 cur guard 16.248 18.6813
	was guard reflex vertex? 0
	was guard in reflex area? 0
	does guard intersect boundary ray 15.6645 19.7049 16.248 18.6813?0
	is guard inside polygon? 1
0 other guards have coords 16.248 18.6813
scaling gradient with 2 to 1.3948 -0.260226
	>>>> prev guard 15.6645 19.7049 cur guard 16.2968 18.6722
	was guard reflex vertex? 0
	was guard in reflex area? 0
	does guard intersect boundary ray 15.6645 19.7049 16.2968 18.6722?0
	is guard inside polygon? 1
0 other guards have coords 16.2968 18.6722
scaling gradient with 4 to 2.7896 -0.520452
	>>>> prev guard 15.6645 19.7049 cur guard 16.3945 18.654
	was guard reflex vertex? 0
	was guard in reflex area? 0
	does guard intersect boundary ray 15.6645 19.7049 16.3945 18.654?0
	is guard inside polygon? 1
0 other guards have coords 16.3945 18.654
scaling gradient with 8 to 5.57921 -1.0409
	>>>> prev guard 15.6645 19.7049 cur guard 16.5897 18.6176
	was guard reflex vertex? 0
	was guard in reflex area? 0
	does guard intersect boundary ray 15.6645 19.7049 16.5897 18.6176?0
	is guard inside polygon? 1
0 other guards have coords 16.5897 18.6176
scaling gradient with 16 to 11.1584 -2.08181
	>>>> prev guard 15.6645 19.7049 cur guard 16.9803 18.5447
	was guard reflex vertex? 0
	was guard in reflex area? 0
	does guard intersect boundary ray 15.6645 19.7049 16.9803 18.5447?0
	is guard inside polygon? 1
0 other guards have coords 16.9803 18.5447
scaling gradient with 32 to 22.3168 -4.16362
	>>>> prev guard 15.6645 19.7049 cur guard 17.7614 18.399
	was guard reflex vertex? 0
	was guard in reflex area? 0
	does guard intersect boundary ray 15.6645 19.7049 17.7614 18.399?0
	is guard inside polygon? 1
0 other guards have coords 17.7614 18.399
---- official new best guard 16.2007 18.6901
Df=0 0
h=0 0
Df=0 0
h=0 0
Df=-0.00483771 -0.00975915
h=-0.00100915 0.000500245
Df=0 0
h=0 0
Df=0.249066 -0.0364051
h=0.0156953 0.10738
Df=-0.000138039 0.000624702
h=0.00045676 0.00010093
Df=0.536181 -1.01476
h=0.015143 0.107981
is completely visible? 0
are areas equal? 103=100.518?0
+++++2 guards with gradient 0
	======== guard 7.20981 17.5984
	was guard reflex vertex? 0
	computed gradient -0.396136 0.584915 and pull 0.130412 0.0866171
	------- removing guard 7.20981 17.5984
g1=7.20981 17.5984
area1=75.0131
alpha1=0.35
scaling gradient with 0.03125 to -0.0123793 0.0182786
	>>>> prev guard 7.20981 17.5984 cur guard 7.38591 18.0845
	was guard reflex vertex? 0
	was guard in reflex area? 0
	does guard intersect boundary ray 7.20981 17.5984 7.38591 18.0845?0
	is guard inside polygon? 1
0 other guards have coords 7.38591 18.0845
	 new best guard at 7.38591 18.0845
		new arrangement area = 100.453
		old arrangement area = 100.518
		new guard area = 76.2511
		best guard area = 75.0131
scaling gradient with 0.0625 to -0.0247585 0.0365572
	>>>> prev guard 7.20981 17.5984 cur guard 7.38505 18.0858
	was guard reflex vertex? 0
	was guard in reflex area? 0
	does guard intersect boundary ray 7.20981 17.5984 7.38505 18.0858?0
	is guard inside polygon? 1
0 other guards have coords 7.38505 18.0858
	 new best guard at 7.38505 18.0858
		new arrangement area = 100.453
		old arrangement area = 100.518
		new guard area = 76.2569
		best guard area = 76.2511
scaling gradient with 0.125 to -0.049517 0.0731144
	>>>> prev guard 7.20981 17.5984 cur guard 7.38331 18.0883
	was guard reflex vertex? 0
	was guard in reflex area? 0
	does guard intersect boundary ray 7.20981 17.5984 7.38331 18.0883?0
	is guard inside polygon? 1
0 other guards have coords 7.38331 18.0883
	 new best guard at 7.38331 18.0883
		new arrangement area = 100.454
		old arrangement area = 100.518
		new guard area = 76.2685
		best guard area = 76.2569
scaling gradient with 0.25 to -0.099034 0.146229
	>>>> prev guard 7.20981 17.5984 cur guard 7.37985 18.0934
	was guard reflex vertex? 0
	was guard in reflex area? 0
	does guard intersect boundary ray 7.20981 17.5984 7.37985 18.0934?0
	is guard inside polygon? 1
0 other guards have coords 7.37985 18.0934
	 new best guard at 7.37985 18.0934
		new arrangement area = 100.455
		old arrangement area = 100.518
		new guard area = 76.2917
		best guard area = 76.2685
scaling gradient with 0.5 to -0.198068 0.292458
	>>>> prev guard 7.20981 17.5984 cur guard 7.37292 18.1037
	was guard reflex vertex? 0
	was guard in reflex area? 0
	does guard intersect boundary ray 7.20981 17.5984 7.37292 18.1037?0
	is guard inside polygon? 1
0 other guards have coords 7.37292 18.1037
	 new best guard at 7.37292 18.1037
		new arrangement area = 100.457
		old arrangement area = 100.518
		new guard area = 76.338
		best guard area = 76.2917
scaling gradient with 1 to -0.396136 0.584915
	>>>> prev guard 7.20981 17.5984 cur guard 7.35905 18.1241
	was guard reflex vertex? 0
	was guard in reflex area? 0
	does guard intersect boundary ray 7.20981 17.5984 7.35905 18.1241?0
	is guard inside polygon? 1
0 other guards have coords 7.35905 18.1241
	 new best guard at 7.35905 18.1241
		new arrangement area = 100.461
		old arrangement area = 100.518
		new guard area = 76.4303
		best guard area = 76.338
scaling gradient with 2 to -0.792272 1.16983
	>>>> prev guard 7.20981 17.5984 cur guard 7.33132 18.1651
	was guard reflex vertex? 0
	was guard in reflex area? 0
	does guard intersect boundary ray 7.20981 17.5984 7.33132 18.1651?0
	is guard inside polygon? 1
0 other guards have coords 7.33132 18.1651
	 new best guard at 7.33132 18.1651
		new arrangement area = 100.47
		old arrangement area = 100.518
		new guard area = 76.6136
		best guard area = 76.4303
scaling gradient with 4 to -1.58454 2.33966
	>>>> prev guard 7.20981 17.5984 cur guard 7.27586 18.247
	was guard reflex vertex? 0
	was guard in reflex area? 0
	does guard intersect boundary ray 7.20981 17.5984 7.27586 18.247?0
	is guard inside polygon? 1
0 other guards have coords 7.27586 18.247
	 new best guard at 7.27586 18.247
		new arrangement area = 100.488
		old arrangement area = 100.518
		new guard area = 76.9751
		best guard area = 76.6136
scaling gradient with 8 to -3.16909 4.67932
	>>>> prev guard 7.20981 17.5984 cur guard 7.16494 18.4108
	was guard reflex vertex? 0
	was guard in reflex area? 0
	does guard intersect boundary ray 7.20981 17.5984 7.16494 18.4108?0
	is guard inside polygon? 1
0 other guards have coords 7.16494 18.4108
	 new best guard at 7.16494 18.4108
		new arrangement area = 100.524
		old arrangement area = 100.518
		new guard area = 77.6783
		best guard area = 76.9751
scaling gradient with 16 to -6.33818 9.35864
	>>>> prev guard 7.20981 17.5984 cur guard 6.94311 18.7383
	was guard reflex vertex? 0
	was guard in reflex area? 0
	does guard intersect boundary ray 7.20981 17.5984 6.94311 18.7383?0
	is guard inside polygon? 1
0 other guards have coords 6.94311 18.7383
	 new best guard at 6.94311 18.7383
		new arrangement area = 100.605
		old arrangement area = 100.518
		new guard area = 78.9812
		best guard area = 77.6783
scaling gradient with 32 to -12.6764 18.7173
	>>>> prev guard 7.20981 17.5984 cur guard 6.49944 19.3934
	was guard reflex vertex? 0
	was guard in reflex area? 0
	does guard intersect boundary ray 7.20981 17.5984 6.49944 19.3934?0
	is guard inside polygon? 1
0 other guards have coords 6.49944 19.3934
	 new best guard at 6.49944 19.3934
		new arrangement area = 101.1
		old arrangement area = 100.518
		new guard area = 82.0029
		best guard area = 78.9812
---- official new best guard 6.49944 19.3934
Df=0 0
h=0 0
Df=0 0
h=0 0
Df=-0.0087485 -0.000286725
h=-4.47656e-05 0.00136588
Df=0 0
h=0 0
Df=-0.129899 0.205007
h=0.0456891 0.0289501
Df=0 0
h=0 0
Df=-0.710371 1.795
h=0.0456443 0.030316
is completely visible? 0
are areas equal? 103=101.1?0
+++++1 guards with gradient 0
	======== guard 7.56056 17.4248
	was guard reflex vertex? 0
	computed gradient -0.50643 0.207885 and pull 0.174885 0.283134
	------- removing guard 7.56056 17.4248
g2=7.56056 17.4248
area2=73.7096
alpha2=0.35
scaling gradient with 0.03125 to -0.0158259 0.0064964
	>>>> prev guard 7.56056 17.4248 cur guard 6.42015 17.385
	was guard reflex vertex? 0
	was guard in reflex area? 0
	does guard intersect boundary ray 7.56056 17.4248 6.42015 17.385?0
	is guard inside polygon? 1
0 other guards have coords 6.42015 17.385
	 new best guard at 6.42015 17.385
		new arrangement area = 99.7442
		old arrangement area = 101.1
		new guard area = 72.7914
		best guard area = 73.7096
scaling gradient with 0.0625 to -0.0316519 0.0129928
	>>>> prev guard 7.56056 17.4248 cur guard 6.41904 17.3854
	was guard reflex vertex? 0
	was guard in reflex area? 0
	does guard intersect boundary ray 7.56056 17.4248 6.41904 17.3854?0
	is guard inside polygon? 1
0 other guards have coords 6.41904 17.3854
scaling gradient with 0.125 to -0.0633038 0.0259856
	>>>> prev guard 7.56056 17.4248 cur guard 6.41683 17.3863
	was guard reflex vertex? 0
	was guard in reflex area? 0
	does guard intersect boundary ray 7.56056 17.4248 6.41683 17.3863?0
	is guard inside polygon? 1
0 other guards have coords 6.41683 17.3863
scaling gradient with 0.25 to -0.126608 0.0519712
	>>>> prev guard 7.56056 17.4248 cur guard 6.41239 17.3881
	was guard reflex vertex? 0
	was guard in reflex area? 0
	does guard intersect boundary ray 7.56056 17.4248 6.41239 17.3881?0
	is guard inside polygon? 1
0 other guards have coords 6.41239 17.3881
scaling gradient with 0.5 to -0.253215 0.103942
	>>>> prev guard 7.56056 17.4248 cur guard 6.40353 17.3918
	was guard reflex vertex? 0
	was guard in reflex area? 0
	does guard intersect boundary ray 7.56056 17.4248 6.40353 17.3918?0
	is guard inside polygon? 1
0 other guards have coords 6.40353 17.3918
scaling gradient with 1 to -0.50643 0.207885
	>>>> prev guard 7.56056 17.4248 cur guard 6.38581 17.3991
	was guard reflex vertex? 0
	was guard in reflex area? 0
	does guard intersect boundary ray 7.56056 17.4248 6.38581 17.3991?0
	is guard inside polygon? 1
0 other guards have coords 6.38581 17.3991
scaling gradient with 2 to -1.01286 0.415769
	>>>> prev guard 7.56056 17.4248 cur guard 6.35036 17.4136
	was guard reflex vertex? 0
	was guard in reflex area? 0
	does guard intersect boundary ray 7.56056 17.4248 6.35036 17.4136?0
	is guard inside polygon? 1
0 other guards have coords 6.35036 17.4136
scaling gradient with 4 to -2.02572 0.831539
	>>>> prev guard 7.56056 17.4248 cur guard 6.27946 17.4427
	was guard reflex vertex? 0
	was guard in reflex area? 0
	does guard intersect boundary ray 7.56056 17.4248 6.27946 17.4427?0
	is guard inside polygon? 1
0 other guards have coords 6.27946 17.4427
scaling gradient with 8 to -4.05144 1.66308
	>>>> prev guard 7.56056 17.4248 cur guard 6.13766 17.5009
	was guard reflex vertex? 0
	was guard in reflex area? 0
	does guard intersect boundary ray 7.56056 17.4248 6.13766 17.5009?0
	is guard inside polygon? 1
0 other guards have coords 6.13766 17.5009
scaling gradient with 16 to -8.10288 3.32616
	>>>> prev guard 7.56056 17.4248 cur guard 5.85406 17.6173
	was guard reflex vertex? 0
	was guard in reflex area? 0
	does guard intersect boundary ray 7.56056 17.4248 5.85406 17.6173?0
	is guard inside polygon? 1
0 other guards have coords 5.85406 17.6173
scaling gradient with 32 to -16.2058 6.65231
	>>>> prev guard 7.56056 17.4248 cur guard 5.28685 17.8502
	was guard reflex vertex? 0
	was guard in reflex area? 0
	does guard intersect boundary ray 7.56056 17.4248 5.28685 17.8502?0
	is guard inside polygon? 1
0 other guards have coords 5.28685 17.8502
---- official new best guard 6.42015 17.385
Df=0.00170175 -0.000669512
h=-0.000437266 -0.00111143
Df=-0.204586 -0.0485568
h=-0.00718527 0.0302739
Df=-0.00940347 -0.00080169
h=-0.000121486 0.00142498
Df=0.208232 -0.108925
h=0.0146791 0.0280621
Df=-0.17286 0.230874
h=0.0537335 0.0402313
Df=-0.000335128 0.000838696
h=0.00054106 0.000216198
Df=-1.14041 -0.0398639
h=0.0612096 0.099097
is completely visible? 0
are areas equal? 103=99.7442?0
i=2
area=99.7442
+++++3 guards with gradient 0
	======== guard 16.2007 18.6901
	was guard reflex vertex? 0
	computed gradient -0.414812 0.129737 and pull 0.111889 0.223414
	------- removing guard 16.2007 18.6901
g0=16.2007 18.6901
area0=63.6641
alpha0=0.35
scaling gradient with 0.03125 to -0.0129629 0.00405427
	>>>> prev guard 16.2007 18.6901 cur guard 16.6366 17.8943
	was guard reflex vertex? 0
	was guard in reflex area? 0
	does guard intersect boundary ray 16.2007 18.6901 16.6366 17.8943?0
	is guard inside polygon? 1
0 other guards have coords 16.6366 17.8943
	 new best guard at 16.6366 17.8943
		new arrangement area = 99.6103
		old arrangement area = 99.7442
		new guard area = 60.6854
		best guard area = 63.6641
scaling gradient with 0.0625 to -0.0259258 0.00810855
	>>>> prev guard 16.2007 18.6901 cur guard 16.6357 17.8945
	was guard reflex vertex? 0
	was guard in reflex area? 0
	does guard intersect boundary ray 16.2007 18.6901 16.6357 17.8945?0
	is guard inside polygon? 1
0 other guards have coords 16.6357 17.8945
	 new best guard at 16.6357 17.8945
		new arrangement area = 99.6105
		old arrangement area = 99.7442
		new guard area = 60.6858
		best guard area = 60.6854
scaling gradient with 0.125 to -0.0518515 0.0162171
	>>>> prev guard 16.2007 18.6901 cur guard 16.6339 17.8951
	was guard reflex vertex? 0
	was guard in reflex area? 0
	does guard intersect boundary ray 16.2007 18.6901 16.6339 17.8951?0
	is guard inside polygon? 1
0 other guards have coords 16.6339 17.8951
	 new best guard at 16.6339 17.8951
		new arrangement area = 99.6108
		old arrangement area = 99.7442
		new guard area = 60.6866
		best guard area = 60.6858
scaling gradient with 0.25 to -0.103703 0.0324342
	>>>> prev guard 16.2007 18.6901 cur guard 16.6302 17.8962
	was guard reflex vertex? 0
	was guard in reflex area? 0
	does guard intersect boundary ray 16.2007 18.6901 16.6302 17.8962?0
	is guard inside polygon? 1
0 other guards have coords 16.6302 17.8962
	 new best guard at 16.6302 17.8962
		new arrangement area = 99.6115
		old arrangement area = 99.7442
		new guard area = 60.6883
		best guard area = 60.6866
scaling gradient with 0.5 to -0.207406 0.0648684
	>>>> prev guard 16.2007 18.6901 cur guard 16.623 17.8985
	was guard reflex vertex? 0
	was guard in reflex area? 0
	does guard intersect boundary ray 16.2007 18.6901 16.623 17.8985?0
	is guard inside polygon? 1
0 other guards have coords 16.623 17.8985
	 new best guard at 16.623 17.8985
		new arrangement area = 99.6129
		old arrangement area = 99.7442
		new guard area = 60.6915
		best guard area = 60.6883
scaling gradient with 1 to -0.414812 0.129737
	>>>> prev guard 16.2007 18.6901 cur guard 16.6085 17.903
	was guard reflex vertex? 0
	was guard in reflex area? 0
	does guard intersect boundary ray 16.2007 18.6901 16.6085 17.903?0
	is guard inside polygon? 1
0 other guards have coords 16.6085 17.903
	 new best guard at 16.6085 17.903
		new arrangement area = 99.6156
		old arrangement area = 99.7442
		new guard area = 60.698
		best guard area = 60.6915
scaling gradient with 2 to -0.829625 0.259474
	>>>> prev guard 16.2007 18.6901 cur guard 16.5794 17.9121
	was guard reflex vertex? 0
	was guard in reflex area? 0
	does guard intersect boundary ray 16.2007 18.6901 16.5794 17.9121?0
	is guard inside polygon? 1
0 other guards have coords 16.5794 17.9121
	 new best guard at 16.5794 17.9121
		new arrangement area = 99.6212
		old arrangement area = 99.7442
		new guard area = 60.7108
		best guard area = 60.698
scaling gradient with 4 to -1.65925 0.518947
	>>>> prev guard 16.2007 18.6901 cur guard 16.5213 17.9303
	was guard reflex vertex? 0
	was guard in reflex area? 0
	does guard intersect boundary ray 16.2007 18.6901 16.5213 17.9303?0
	is guard inside polygon? 1
0 other guards have coords 16.5213 17.9303
	 new best guard at 16.5213 17.9303
		new arrangement area = 99.6325
		old arrangement area = 99.7442
		new guard area = 60.7364
		best guard area = 60.7108
scaling gradient with 8 to -3.3185 1.03789
	>>>> prev guard 16.2007 18.6901 cur guard 16.4052 17.9666
	was guard reflex vertex? 0
	was guard in reflex area? 0
	does guard intersect boundary ray 16.2007 18.6901 16.4052 17.9666?0
	is guard inside polygon? 1
0 other guards have coords 16.4052 17.9666
	 new best guard at 16.4052 17.9666
		new arrangement area = 99.6561
		old arrangement area = 99.7442
		new guard area = 60.7867
		best guard area = 60.7364
scaling gradient with 16 to -6.637 2.07579
	>>>> prev guard 16.2007 18.6901 cur guard 16.1729 18.0393
	was guard reflex vertex? 0
	was guard in reflex area? 0
	does guard intersect boundary ray 16.2007 18.6901 16.1729 18.0393?0
	is guard inside polygon? 1
0 other guards have coords 16.1729 18.0393
	 new best guard at 16.1729 18.0393
		new arrangement area = 99.707
		old arrangement area = 99.7442
		new guard area = 60.8839
		best guard area = 60.7867
scaling gradient with 32 to -13.274 4.15158
	>>>> prev guard 16.2007 18.6901 cur guard 15.7083 18.1846
	was guard reflex vertex? 0
	was guard in reflex area? 0
	does guard intersect boundary ray 16.2007 18.6901 15.7083 18.1846?0
	is guard inside polygon? 1
0 other guards have coords 15.7083 18.1846
	 new best guard at 15.7083 18.1846
		new arrangement area = 99.8276
		old arrangement area = 99.7442
		new guard area = 61.0626
		best guard area = 60.8839
---- official new best guard 15.7083 18.1846
Df=0 0
h=0 0
Df=0 0
h=0 0
Df=-0.00919584 -0.0159342
h=-0.00149997 0.000865655
Df=0 0
h=0 0
Df=-0.032256 -0.00195606
h=-0.000589896 0.00972757
Df=-0.103732 0.0632981
h=0.0412509 0.0676016
Df=-0.492402 -0.505563
h=0.039161 0.0781948
is completely visible? 0
are areas equal? 103=99.8276?0
+++++2 guards with gradient 0
	======== guard 6.49944 19.3934
	was guard reflex vertex? 0
	computed gradient -0.0874066 0.860206 and pull 0.190096 0.0154623
	------- removing guard 6.49944 19.3934
g1=6.49944 19.3934
area1=82.0029
alpha1=0.35
scaling gradient with 0.03125 to -0.00273146 0.0268814
	>>>> prev guard 6.49944 19.3934 cur guard 5.94425 20.8324
	was guard reflex vertex? 0
	was guard in reflex area? 0
	does guard intersect boundary ray 6.49944 19.3934 5.94425 20.8324?0
	is guard inside polygon? 1
0 other guards have coords 5.94425 20.8324
	 new best guard at 5.94425 20.8324
		new arrangement area = 100.317
		old arrangement area = 99.8276
		new guard area = 88.2182
		best guard area = 82.0029
scaling gradient with 0.0625 to -0.00546291 0.0537629
	>>>> prev guard 6.49944 19.3934 cur guard 5.94406 20.8343
	was guard reflex vertex? 0
	was guard in reflex area? 0
	does guard intersect boundary ray 6.49944 19.3934 5.94406 20.8343?0
	is guard inside polygon? 1
0 other guards have coords 5.94406 20.8343
	 new best guard at 5.94406 20.8343
		new arrangement area = 100.318
		old arrangement area = 99.8276
		new guard area = 88.2265
		best guard area = 88.2182
scaling gradient with 0.125 to -0.0109258 0.107526
	>>>> prev guard 6.49944 19.3934 cur guard 5.94368 20.838
	was guard reflex vertex? 0
	was guard in reflex area? 0
	does guard intersect boundary ray 6.49944 19.3934 5.94368 20.838?0
	is guard inside polygon? 1
0 other guards have coords 5.94368 20.838
	 new best guard at 5.94368 20.838
		new arrangement area = 100.32
		old arrangement area = 99.8276
		new guard area = 88.2431
		best guard area = 88.2265
scaling gradient with 0.25 to -0.0218517 0.215051
	>>>> prev guard 6.49944 19.3934 cur guard 5.94292 20.8455
	was guard reflex vertex? 0
	was guard in reflex area? 0
	does guard intersect boundary ray 6.49944 19.3934 5.94292 20.8455?0
	is guard inside polygon? 1
0 other guards have coords 5.94292 20.8455
	 new best guard at 5.94292 20.8455
		new arrangement area = 100.323
		old arrangement area = 99.8276
		new guard area = 88.2762
		best guard area = 88.2431
scaling gradient with 0.5 to -0.0437033 0.430103
	>>>> prev guard 6.49944 19.3934 cur guard 5.94139 20.8606
	was guard reflex vertex? 0
	was guard in reflex area? 0
	does guard intersect boundary ray 6.49944 19.3934 5.94139 20.8606?0
	is guard inside polygon? 1
0 other guards have coords 5.94139 20.8606
	 new best guard at 5.94139 20.8606
		new arrangement area = 100.33
		old arrangement area = 99.8276
		new guard area = 88.342
		best guard area = 88.2762
scaling gradient with 1 to -0.0874066 0.860206
	>>>> prev guard 6.49944 19.3934 cur guard 5.93833 20.8907
	was guard reflex vertex? 0
	was guard in reflex area? 0
	does guard intersect boundary ray 6.49944 19.3934 5.93833 20.8907?0
	is guard inside polygon? 1
0 other guards have coords 5.93833 20.8907
	 new best guard at 5.93833 20.8907
		new arrangement area = 100.343
		old arrangement area = 99.8276
		new guard area = 88.4722
		best guard area = 88.342
scaling gradient with 2 to -0.174813 1.72041
	>>>> prev guard 6.49944 19.3934 cur guard 5.93221 20.9509
	was guard reflex vertex? 0
	was guard in reflex area? 0
	does guard intersect boundary ray 6.49944 19.3934 5.93221 20.9509?0
	is guard inside polygon? 1
0 other guards have coords 5.93221 20.9509
	 new best guard at 5.93221 20.9509
		new arrangement area = 100.37
		old arrangement area = 99.8276
		new guard area = 88.7269
		best guard area = 88.4722
scaling gradient with 4 to -0.349626 3.44082
	>>>> prev guard 6.49944 19.3934 cur guard 5.91997 21.0714
	was guard reflex vertex? 0
	was guard in reflex area? 0
	does guard intersect boundary ray 6.49944 19.3934 5.91997 21.0714?0
	is guard inside polygon? 1
0 other guards have coords 5.91997 21.0714
	 new best guard at 5.91997 21.0714
		new arrangement area = 100.426
		old arrangement area = 99.8276
		new guard area = 89.2146
		best guard area = 88.7269
scaling gradient with 8 to -0.699253 6.88165
	>>>> prev guard 6.49944 19.3934 cur guard 5.8955 21.3122
	was guard reflex vertex? 0
	was guard in reflex area? 0
	does guard intersect boundary ray 6.49944 19.3934 5.8955 21.3122?0
	is guard inside polygon? 1
0 other guards have coords 5.8955 21.3122
	 new best guard at 5.8955 21.3122
		new arrangement area = 100.546
		old arrangement area = 99.8276
		new guard area = 90.1109
		best guard area = 89.2146
scaling gradient with 16 to -1.39851 13.7633
	>>>> prev guard 6.49944 19.3934 cur guard 5.84655 21.7939
	was guard reflex vertex? 0
	was guard in reflex area? 0
	does guard intersect boundary ray 6.49944 19.3934 5.84655 21.7939?0
	is guard inside polygon? 1
0 other guards have coords 5.84655 21.7939
	 new best guard at 5.84655 21.7939
		new arrangement area = 100.786
		old arrangement area = 99.8276
		new guard area = 91.597
		best guard area = 90.1109
scaling gradient with 32 to -2.79701 27.5266
	>>>> prev guard 6.49944 19.3934 cur guard 5.74866 22.7574
	was guard reflex vertex? 0
	was guard in reflex area? 0
	does guard intersect boundary ray 6.49944 19.3934 5.74866 22.7574?0
	is guard inside polygon? 1
0 other guards have coords 5.74866 22.7574
	 new best guard at 5.74866 22.7574
		new arrangement area = 100.884
		old arrangement area = 99.8276
		new guard area = 93.1204
		best guard area = 91.597
---- official new best guard 5.74866 22.7574
Df=0 0
h=0 0
Df=-0.00874739 0.000950515
h=0.000205131 0.00188778
Df=0 0
h=0 0
Df=4.19082e-05 -0.000152748
h=1.55048e-05 4.25393e-06
Df=-0.0401088 0.297586
h=0.0655295 0.00883209
Df=0 0
h=0 0
Df=0.018222 0.00268793
h=0.000783624 -0.00531233
Df=-0.750781 3.36394
h=0.0665337 0.0054118
is completely visible? 0
are areas equal? 103=100.884?0
+++++1 guards with gradient 0
	======== guard 6.42015 17.385
	was guard reflex vertex? 0
	computed gradient -0.108074 0.208092 and pull 0.208699 0.020126
	------- removing guard 6.42015 17.385
g2=6.42015 17.385
area2=72.7914
alpha2=0.35
scaling gradient with 0.03125 to -0.00337732 0.00650287
	>>>> prev guard 6.42015 17.385 cur guard 5.52219 17.3549
	was guard reflex vertex? 0
	was guard in reflex area? 0
	does guard intersect boundary ray 6.42015 17.385 5.52219 17.3549?1
	is guard inside polygon? 0
0 other guards have coords 5.64109 17.3589
	 new best guard at 5.64109 17.3589
		new arrangement area = 100.676
		old arrangement area = 100.884
		new guard area = 70.6603
		best guard area = 72.7914
scaling gradient with 0.0625 to -0.00675464 0.0130057
	>>>> prev guard 6.42015 17.385 cur guard 5.52195 17.3554
	was guard reflex vertex? 0
	was guard in reflex area? 0
	does guard intersect boundary ray 6.42015 17.385 5.52195 17.3554?1
	is guard inside polygon? 0
0 other guards have coords 5.6407 17.3593
	 new best guard at 5.6407 17.3593
		new arrangement area = 100.675
		old arrangement area = 100.884
		new guard area = 70.6616
		best guard area = 70.6603
scaling gradient with 0.125 to -0.0135093 0.0260115
	>>>> prev guard 6.42015 17.385 cur guard 5.52148 17.3563
	was guard reflex vertex? 0
	was guard in reflex area? 0
	does guard intersect boundary ray 6.42015 17.385 5.52148 17.3563?1
	is guard inside polygon? 0
0 other guards have coords 5.63992 17.3601
	 new best guard at 5.63992 17.3601
		new arrangement area = 100.675
		old arrangement area = 100.884
		new guard area = 70.6642
		best guard area = 70.6616
scaling gradient with 0.25 to -0.0270186 0.052023
	>>>> prev guard 6.42015 17.385 cur guard 5.52054 17.3581
	was guard reflex vertex? 0
	was guard in reflex area? 0
	does guard intersect boundary ray 6.42015 17.385 5.52054 17.3581?1
	is guard inside polygon? 0
0 other guards have coords 5.63836 17.3616
	 new best guard at 5.63836 17.3616
		new arrangement area = 100.675
		old arrangement area = 100.884
		new guard area = 70.6696
		best guard area = 70.6642
scaling gradient with 0.5 to -0.0540371 0.104046
	>>>> prev guard 6.42015 17.385 cur guard 5.51864 17.3618
	was guard reflex vertex? 0
	was guard in reflex area? 0
	does guard intersect boundary ray 6.42015 17.385 5.51864 17.3618?1
	is guard inside polygon? 0
0 other guards have coords 5.63524 17.3648
	 new best guard at 5.63524 17.3648
		new arrangement area = 100.674
		old arrangement area = 100.884
		new guard area = 70.6802
		best guard area = 70.6696
scaling gradient with 1 to -0.108074 0.208092
	>>>> prev guard 6.42015 17.385 cur guard 5.51486 17.369
	was guard reflex vertex? 0
	was guard in reflex area? 0
	does guard intersect boundary ray 6.42015 17.385 5.51486 17.369?1
	is guard inside polygon? 0
0 other guards have coords 5.62895 17.3711
	 new best guard at 5.62895 17.3711
		new arrangement area = 100.672
		old arrangement area = 100.884
		new guard area = 70.7016
		best guard area = 70.6802
scaling gradient with 2 to -0.216148 0.416184
	>>>> prev guard 6.42015 17.385 cur guard 5.5073 17.3836
	was guard reflex vertex? 0
	was guard in reflex area? 0
	does guard intersect boundary ray 6.42015 17.385 5.5073 17.3836?1
	is guard inside polygon? 0
0 other guards have coords 5.61623 17.3838
	 new best guard at 5.61623 17.3838
		new arrangement area = 100.668
		old arrangement area = 100.884
		new guard area = 70.7448
		best guard area = 70.7016
scaling gradient with 4 to -0.432297 0.832367
	>>>> prev guard 6.42015 17.385 cur guard 5.49217 17.4127
	was guard reflex vertex? 0
	was guard in reflex area? 0
	does guard intersect boundary ray 6.42015 17.385 5.49217 17.4127?1
	is guard inside polygon? 0
0 other guards have coords 5.59019 17.4098
	 new best guard at 5.59019 17.4098
		new arrangement area = 100.661
		old arrangement area = 100.884
		new guard area = 70.8327
		best guard area = 70.7448
scaling gradient with 8 to -0.864594 1.66473
	>>>> prev guard 6.42015 17.385 cur guard 5.46191 17.471
	was guard reflex vertex? 0
	was guard in reflex area? 0
	does guard intersect boundary ray 6.42015 17.385 5.46191 17.471?1
	is guard inside polygon? 0
0 other guards have coords 5.53561 17.4644
	 new best guard at 5.53561 17.4644
		new arrangement area = 100.645
		old arrangement area = 100.884
		new guard area = 71.0151
		best guard area = 70.8327
scaling gradient with 16 to -1.72919 3.32947
	>>>> prev guard 6.42015 17.385 cur guard 5.40138 17.5875
	was guard reflex vertex? 0
	was guard in reflex area? 0
	does guard intersect boundary ray 6.42015 17.385 5.40138 17.5875?1
	is guard inside polygon? 0
0 other guards have coords 5.4152 17.5848
	 new best guard at 5.4152 17.5848
		new arrangement area = 100.609
		old arrangement area = 100.884
		new guard area = 71.4084
		best guard area = 71.0151
scaling gradient with 32 to -3.45838 6.65894
	>>>> prev guard 6.42015 17.385 cur guard 5.28034 17.8206
	was guard reflex vertex? 0
	was guard in reflex area? 0
	does guard intersect boundary ray 6.42015 17.385 5.28034 17.8206?0
	is guard inside polygon? 1
0 other guards have coords 5.28034 17.8206
	 new best guard at 5.28034 17.8206
		new arrangement area = 100.563
		old arrangement area = 100.884
		new guard area = 72.32
		best guard area = 71.4084
---- official new best guard 5.28034 17.8206
Df=0.0998021 0.0417847
h=0.0278296 -0.0664705
Df=-0.213945 -0.0135886
h=-0.00205006 0.0322772
Df=-0.00644191 0.000564675
h=8.50363e-05 0.000970109
Df=0.178196 -0.123372
h=0.0153339 0.022148
Df=-0.0953151 0.16693
h=0.0316525 0.0180732
Df=-0.000122415 0.000513485
h=0.000193611 4.61569e-05
Df=-1.13981 0.435643
h=0.0730445 0.00704409
is completely visible? 0
are areas equal? 103=100.563?0
i=3
area=100.563
+++++3 guards with gradient 0
	======== guard 15.7083 18.1846
	was guard reflex vertex? 0
	computed gradient -0.0508589 -0.0801731 and pull -0.00758668 0.00576696
	------- removing guard 15.7083 18.1846
g0=15.7083 18.1846
area0=61.0626
alpha0=0.35
scaling gradient with 0.03125 to -0.00158934 -0.00250541
	>>>> prev guard 15.7083 18.1846 cur guard 15.3137 17.7804
	was guard reflex vertex? 0
	was guard in reflex area? 0
	does guard intersect boundary ray 15.7083 18.1846 15.3137 17.7804?0
	is guard inside polygon? 1
0 other guards have coords 15.3137 17.7804
	 new best guard at 15.3137 17.7804
		new arrangement area = 100.625
		old arrangement area = 100.563
		new guard area = 58.8921
		best guard area = 61.0626
scaling gradient with 0.0625 to -0.00317868 -0.00501082
	>>>> prev guard 15.7083 18.1846 cur guard 15.3136 17.7802
	was guard reflex vertex? 0
	was guard in reflex area? 0
	does guard intersect boundary ray 15.7083 18.1846 15.3136 17.7802?0
	is guard inside polygon? 1
0 other guards have coords 15.3136 17.7802
	 new best guard at 15.3136 17.7802
		new arrangement area = 100.625
		old arrangement area = 100.563
		new guard area = 58.8913
		best guard area = 58.8921
scaling gradient with 0.125 to -0.00635737 -0.0100216
	>>>> prev guard 15.7083 18.1846 cur guard 15.3134 17.7798
	was guard reflex vertex? 0
	was guard in reflex area? 0
	does guard intersect boundary ray 15.7083 18.1846 15.3134 17.7798?0
	is guard inside polygon? 1
0 other guards have coords 15.3134 17.7798
	 new best guard at 15.3134 17.7798
		new arrangement area = 100.625
		old arrangement area = 100.563
		new guard area = 58.8895
		best guard area = 58.8913
scaling gradient with 0.25 to -0.0127147 -0.0200433
	>>>> prev guard 15.7083 18.1846 cur guard 15.313 17.7791
	was guard reflex vertex? 0
	was guard in reflex area? 0
	does guard intersect boundary ray 15.7083 18.1846 15.313 17.7791?0
	is guard inside polygon? 1
0 other guards have coords 15.313 17.7791
	 new best guard at 15.313 17.7791
		new arrangement area = 100.625
		old arrangement area = 100.563
		new guard area = 58.8861
		best guard area = 58.8895
scaling gradient with 0.5 to -0.0254295 -0.0400865
	>>>> prev guard 15.7083 18.1846 cur guard 15.3121 17.7777
	was guard reflex vertex? 0
	was guard in reflex area? 0
	does guard intersect boundary ray 15.7083 18.1846 15.3121 17.7777?0
	is guard inside polygon? 1
0 other guards have coords 15.3121 17.7777
	 new best guard at 15.3121 17.7777
		new arrangement area = 100.626
		old arrangement area = 100.563
		new guard area = 58.8791
		best guard area = 58.8861
scaling gradient with 1 to -0.0508589 -0.0801731
	>>>> prev guard 15.7083 18.1846 cur guard 15.3103 17.7749
	was guard reflex vertex? 0
	was guard in reflex area? 0
	does guard intersect boundary ray 15.7083 18.1846 15.3103 17.7749?0
	is guard inside polygon? 1
0 other guards have coords 15.3103 17.7749
	 new best guard at 15.3103 17.7749
		new arrangement area = 100.626
		old arrangement area = 100.563
		new guard area = 58.8653
		best guard area = 58.8791
scaling gradient with 2 to -0.101718 -0.160346
	>>>> prev guard 15.7083 18.1846 cur guard 15.3067 17.7693
	was guard reflex vertex? 0
	was guard in reflex area? 0
	does guard intersect boundary ray 15.7083 18.1846 15.3067 17.7693?0
	is guard inside polygon? 1
0 other guards have coords 15.3067 17.7693
	 new best guard at 15.3067 17.7693
		new arrangement area = 100.627
		old arrangement area = 100.563
		new guard area = 58.8375
		best guard area = 58.8653
scaling gradient with 4 to -0.203436 -0.320692
	>>>> prev guard 15.7083 18.1846 cur guard 15.2996 17.7581
	was guard reflex vertex? 0
	was guard in reflex area? 0
	does guard intersect boundary ray 15.7083 18.1846 15.2996 17.7581?0
	is guard inside polygon? 1
0 other guards have coords 15.2996 17.7581
	 new best guard at 15.2996 17.7581
		new arrangement area = 100.629
		old arrangement area = 100.563
		new guard area = 58.7821
		best guard area = 58.8375
scaling gradient with 8 to -0.406872 -0.641385
	>>>> prev guard 15.7083 18.1846 cur guard 15.2854 17.7356
	was guard reflex vertex? 0
	was guard in reflex area? 0
	does guard intersect boundary ray 15.7083 18.1846 15.2854 17.7356?0
	is guard inside polygon? 1
0 other guards have coords 15.2854 17.7356
	 new best guard at 15.2854 17.7356
		new arrangement area = 100.632
		old arrangement area = 100.563
		new guard area = 58.6713
		best guard area = 58.7821
scaling gradient with 16 to -0.813743 -1.28277
	>>>> prev guard 15.7083 18.1846 cur guard 15.2569 17.6907
	was guard reflex vertex? 0
	was guard in reflex area? 0
	does guard intersect boundary ray 15.7083 18.1846 15.2569 17.6907?0
	is guard inside polygon? 1
0 other guards have coords 15.2569 17.6907
	 new best guard at 15.2569 17.6907
		new arrangement area = 100.639
		old arrangement area = 100.563
		new guard area = 58.4502
		best guard area = 58.6713
scaling gradient with 32 to -1.62749 -2.56554
	>>>> prev guard 15.7083 18.1846 cur guard 15.1999 17.6009
	was guard reflex vertex? 0
	was guard in reflex area? 0
	does guard intersect boundary ray 15.7083 18.1846 15.1999 17.6009?0
	is guard inside polygon? 1
0 other guards have coords 15.1999 17.6009
	 new best guard at 15.1999 17.6009
		new arrangement area = 100.654
		old arrangement area = 100.563
		new guard area = 58.0102
		best guard area = 58.4502
---- official new best guard 15.1999 17.6009
Df=0 0
h=0 0
Df=0 0
h=0 0
Df=-0.0186933 -0.0279923
h=-0.00267317 0.00178515
Df=0 0
h=0 0
Df=0.000892689 -6.82455e-05
h=1.78347e-05 0.000233288
Df=0 0
h=0 0
Df=-0.508377 -0.583634
h=-0.00265534 0.00201844
is completely visible? 0
are areas equal? 103=100.654?0
+++++2 guards with gradient 0
	======== guard 5.74866 22.7574
	was guard reflex vertex? 0
	computed gradient 0.0381304 -0.394813 and pull 0.0624082 -0.0148057
	------- removing guard 5.74866 22.7574
g1=5.74866 22.7574
area1=93.1204
alpha1=0.35
scaling gradient with 0.03125 to 0.00119158 -0.0123379
	>>>> prev guard 5.74866 22.7574 cur guard 5.15248 25.4466
	was guard reflex vertex? 0
	was guard in reflex area? 0
	does guard intersect boundary ray 5.74866 22.7574 5.15248 25.4466?1
	is guard inside polygon? 0
0 other guards have coords 5.59337 23.4578
	 new best guard at 5.59337 23.4578
		new arrangement area = 100.63
		old arrangement area = 100.654
		new guard area = 92.1843
		best guard area = 93.1204
scaling gradient with 0.0625 to 0.00238315 -0.0246758
	>>>> prev guard 5.74866 22.7574 cur guard 5.15257 25.4457
	was guard reflex vertex? 0
	was guard in reflex area? 0
	does guard intersect boundary ray 5.74866 22.7574 5.15257 25.4457?1
	is guard inside polygon? 0
0 other guards have coords 5.59335 23.4578
scaling gradient with 0.125 to 0.0047663 -0.0493516
	>>>> prev guard 5.74866 22.7574 cur guard 5.15273 25.444
	was guard reflex vertex? 0
	was guard in reflex area? 0
	does guard intersect boundary ray 5.74866 22.7574 5.15273 25.444?1
	is guard inside polygon? 0
0 other guards have coords 5.5933 23.4577
scaling gradient with 0.25 to 0.0095326 -0.0987032
	>>>> prev guard 5.74866 22.7574 cur guard 5.15307 25.4406
	was guard reflex vertex? 0
	was guard in reflex area? 0
	does guard intersect boundary ray 5.74866 22.7574 5.15307 25.4406?1
	is guard inside polygon? 0
0 other guards have coords 5.59322 23.4576
scaling gradient with 0.5 to 0.0190652 -0.197406
	>>>> prev guard 5.74866 22.7574 cur guard 5.15373 25.4337
	was guard reflex vertex? 0
	was guard in reflex area? 0
	does guard intersect boundary ray 5.74866 22.7574 5.15373 25.4337?1
	is guard inside polygon? 0
0 other guards have coords 5.59304 23.4574
scaling gradient with 1 to 0.0381304 -0.394813
	>>>> prev guard 5.74866 22.7574 cur guard 5.15507 25.4198
	was guard reflex vertex? 0
	was guard in reflex area? 0
	does guard intersect boundary ray 5.74866 22.7574 5.15507 25.4198?1
	is guard inside polygon? 0
0 other guards have coords 5.59269 23.4569
scaling gradient with 2 to 0.0762608 -0.789626
	>>>> prev guard 5.74866 22.7574 cur guard 5.15774 25.3922
	was guard reflex vertex? 0
	was guard in reflex area? 0
	does guard intersect boundary ray 5.74866 22.7574 5.15774 25.3922?1
	is guard inside polygon? 0
0 other guards have coords 5.59198 23.456
scaling gradient with 4 to 0.152522 -1.57925
	>>>> prev guard 5.74866 22.7574 cur guard 5.16308 25.3369
	was guard reflex vertex? 0
	was guard in reflex area? 0
	does guard intersect boundary ray 5.74866 22.7574 5.16308 25.3369?1
	is guard inside polygon? 0
0 other guards have coords 5.59051 23.454
scaling gradient with 8 to 0.305043 -3.1585
	>>>> prev guard 5.74866 22.7574 cur guard 5.17375 25.2264
	was guard reflex vertex? 0
	was guard in reflex area? 0
	does guard intersect boundary ray 5.74866 22.7574 5.17375 25.2264?1
	is guard inside polygon? 0
0 other guards have coords 5.58741 23.4499
scaling gradient with 16 to 0.610086 -6.31701
	>>>> prev guard 5.74866 22.7574 cur guard 5.19511 25.0053
	was guard reflex vertex? 0
	was guard in reflex area? 0
	does guard intersect boundary ray 5.74866 22.7574 5.19511 25.0053?1
	is guard inside polygon? 0
0 other guards have coords 5.58042 23.4406
scaling gradient with 32 to 1.22017 -12.634
	>>>> prev guard 5.74866 22.7574 cur guard 5.23781 24.5631
	was guard reflex vertex? 0
	was guard in reflex area? 0
	does guard intersect boundary ray 5.74866 22.7574 5.23781 24.5631?1
	is guard inside polygon? 0
0 other guards have coords 5.56224 23.4163
---- official new best guard 5.59337 23.4578
Df=0 0
h=0 0
Df=-0.000349617 0.000352065
h=0.000199637 0.000198249
Df=0 0
h=0 0
Df=-0.0125188 -0.16945
h=0.0164846 -0.00121786
Df=1.79789e-05 7.33627e-05
h=6.33294e-06 -1.55201e-06
Df=0.0151162 0.0287885
h=0.0048537 -0.00254856
Df=0 0
h=0 0
Df=0.0110799 0.0020518
h=0.000298564 -0.00161227
Df=-0.596173 2.68926
h=0.0218429 -0.005182
is completely visible? 0
are areas equal? 103=100.63?0
+++++1 guards with gradient 0
	======== guard 5.28034 17.8206
	was guard reflex vertex? 0
	computed gradient 0.621269 0.261678 and pull 0.226182 -0.0421085
	------- removing guard 5.28034 17.8206
g2=5.28034 17.8206
area2=72.32
alpha2=0.35
scaling gradient with 0.03125 to 0.0194147 0.00817743
	>>>> prev guard 5.28034 17.8206 cur guard 4.38569 18.1667
	was guard reflex vertex? 0
	was guard in reflex area? 0
	does guard intersect boundary ray 5.28034 17.8206 4.38569 18.1667?1
	is guard inside polygon? 0
0 other guards have coords 5.11569 17.8843
	 new best guard at 5.11569 17.8843
		new arrangement area = 100.58
		old arrangement area = 100.63
		new guard area = 72.3622
		best guard area = 72.32
scaling gradient with 0.0625 to 0.0388293 0.0163549
	>>>> prev guard 5.28034 17.8206 cur guard 4.38704 18.1673
	was guard reflex vertex? 0
	was guard in reflex area? 0
	does guard intersect boundary ray 5.28034 17.8206 4.38704 18.1673?1
	is guard inside polygon? 0
0 other guards have coords 5.11536 17.8846
	 new best guard at 5.11536 17.8846
		new arrangement area = 100.58
		old arrangement area = 100.63
		new guard area = 72.3633
		best guard area = 72.3622
scaling gradient with 0.125 to 0.0776587 0.0327097
	>>>> prev guard 5.28034 17.8206 cur guard 4.38976 18.1685
	was guard reflex vertex? 0
	was guard in reflex area? 0
	does guard intersect boundary ray 5.28034 17.8206 4.38976 18.1685?1
	is guard inside polygon? 0
0 other guards have coords 5.11469 17.8853
	 new best guard at 5.11469 17.8853
		new arrangement area = 100.58
		old arrangement area = 100.63
		new guard area = 72.3655
		best guard area = 72.3633
scaling gradient with 0.25 to 0.155317 0.0654195
	>>>> prev guard 5.28034 17.8206 cur guard 4.3952 18.1708
	was guard reflex vertex? 0
	was guard in reflex area? 0
	does guard intersect boundary ray 5.28034 17.8206 4.3952 18.1708?1
	is guard inside polygon? 0
0 other guards have coords 5.11332 17.8867
	 new best guard at 5.11332 17.8867
		new arrangement area = 100.58
		old arrangement area = 100.63
		new guard area = 72.37
		best guard area = 72.3655
scaling gradient with 0.5 to 0.310635 0.130839
	>>>> prev guard 5.28034 17.8206 cur guard 4.40607 18.1753
	was guard reflex vertex? 0
	was guard in reflex area? 0
	does guard intersect boundary ray 5.28034 17.8206 4.40607 18.1753?1
	is guard inside polygon? 0
0 other guards have coords 5.11047 17.8895
	 new best guard at 5.11047 17.8895
		new arrangement area = 100.579
		old arrangement area = 100.63
		new guard area = 72.3794
		best guard area = 72.37
scaling gradient with 1 to 0.621269 0.261678
	>>>> prev guard 5.28034 17.8206 cur guard 4.42781 18.1845
	was guard reflex vertex? 0
	was guard in reflex area? 0
	does guard intersect boundary ray 5.28034 17.8206 4.42781 18.1845?1
	is guard inside polygon? 0
0 other guards have coords 5.10422 17.8958
	 new best guard at 5.10422 17.8958
		new arrangement area = 100.577
		old arrangement area = 100.63
		new guard area = 72.4
		best guard area = 72.3794
scaling gradient with 2 to 1.24254 0.523356
	>>>> prev guard 5.28034 17.8206 cur guard 4.4713 18.2028
	was guard reflex vertex? 0
	was guard in reflex area? 0
	does guard intersect boundary ray 5.28034 17.8206 4.4713 18.2028?1
	is guard inside polygon? 0
0 other guards have coords 5.089 17.911
	 new best guard at 5.089 17.911
		new arrangement area = 100.572
		old arrangement area = 100.63
		new guard area = 72.4504
		best guard area = 72.4
scaling gradient with 4 to 2.48508 1.04671
	>>>> prev guard 5.28034 17.8206 cur guard 4.55828 18.2394
	was guard reflex vertex? 0
	was guard in reflex area? 0
	does guard intersect boundary ray 5.28034 17.8206 4.55828 18.2394?1
	is guard inside polygon? 0
0 other guards have coords 5.03996 17.96
	 new best guard at 5.03996 17.96
		new arrangement area = 100.555
		old arrangement area = 100.63
		new guard area = 72.6144
		best guard area = 72.4504
scaling gradient with 8 to 4.97015 2.09342
	>>>> prev guard 5.28034 17.8206 cur guard 4.73224 18.3127
	was guard reflex vertex? 0
	was guard in reflex area? 0
	does guard intersect boundary ray 5.28034 17.8206 4.73224 18.3127?0
	is guard inside polygon? 1
0 other guards have coords 4.73224 18.3127
	 new best guard at 4.73224 18.3127
		new arrangement area = 100.442
		old arrangement area = 100.63
		new guard area = 73.9295
		best guard area = 72.6144
scaling gradient with 16 to 9.94031 4.18685
	>>>> prev guard 5.28034 17.8206 cur guard 5.08015 18.4593
	was guard reflex vertex? 0
	was guard in reflex area? 0
	does guard intersect boundary ray 5.28034 17.8206 5.08015 18.4593?0
	is guard inside polygon? 1
0 other guards have coords 5.08015 18.4593
	 new best guard at 5.08015 18.4593
		new arrangement area = 100.543
		old arrangement area = 100.63
		new guard area = 75.063
		best guard area = 73.9295
scaling gradient with 32 to 19.8806 8.37369
	>>>> prev guard 5.28034 17.8206 cur guard 5.77597 18.7523
	was guard reflex vertex? 0
	was guard in reflex area? 0
	does guard intersect boundary ray 5.28034 17.8206 5.77597 18.7523?0
	is guard inside polygon? 1
0 other guards have coords 5.77597 18.7523
	 new best guard at 5.77597 18.7523
		new arrangement area = 100.756
		old arrangement area = 100.63
		new guard area = 77.3647
		best guard area = 75.063
---- official new best guard 5.77597 18.7523
Df=0.108052 0.102061
h=0.0407532 -0.0431455
Df=0.0105627 -0.00123014
h=0.000197735 0.00169786
Df=-0.00357893 0.000995977
h=0.000155277 0.000557968
Df=0.151985 -0.140678
h=0.0167072 0.0180501
Df=1.08161e-07 -2.7742e-07
h=2.41118e-08 9.40073e-09
Df=-0.0495586 0.130063
h=0.0212493 0.00809674
Df=-1.81101e-05 0.000375506
h=0.000100835 4.86309e-06
Df=0.495629 0.931725
h=0.0791636 -0.014738
is completely visible? 0
are areas equal? 103=100.756?0
i=4
area=100.756
+++++3 guards with gradient 0
	======== guard 15.1999 17.6009
	was guard reflex vertex? 0
	computed gradient 0.159091 -0.150966 and pull -0.000410768 0.0622504
	------- removing guard 15.1999 17.6009
g0=15.1999 17.6009
area0=58.0102
alpha0=0.35
scaling gradient with 0.03125 to 0.00497161 -0.00471768
	>>>> prev guard 15.1999 17.6009 cur guard 14.7936 17.1381
	was guard reflex vertex? 0
	was guard in reflex area? 0
	does guard intersect boundary ray 15.1999 17.6009 14.7936 17.1381?1
	is guard inside polygon? 0
0 other guards have coords 14.8024 17.1482
	 new best guard at 14.8024 17.1482
		new arrangement area = 100.853
		old arrangement area = 100.756
		new guard area = 55.6077
		best guard area = 58.0102
scaling gradient with 0.0625 to 0.00994321 -0.00943536
	>>>> prev guard 15.1999 17.6009 cur guard 14.7939 17.1377
	was guard reflex vertex? 0
	was guard in reflex area? 0
	does guard intersect boundary ray 15.1999 17.6009 14.7939 17.1377?1
	is guard inside polygon? 0
0 other guards have coords 14.8028 17.1479
	 new best guard at 14.8028 17.1479
		new arrangement area = 100.853
		old arrangement area = 100.756
		new guard area = 55.6075
		best guard area = 55.6077
scaling gradient with 0.125 to 0.0198864 -0.0188707
	>>>> prev guard 15.1999 17.6009 cur guard 14.7946 17.1371
	was guard reflex vertex? 0
	was guard in reflex area? 0
	does guard intersect boundary ray 15.1999 17.6009 14.7946 17.1371?1
	is guard inside polygon? 0
0 other guards have coords 14.8036 17.1473
	 new best guard at 14.8036 17.1473
		new arrangement area = 100.853
		old arrangement area = 100.756
		new guard area = 55.6071
		best guard area = 55.6075
scaling gradient with 0.25 to 0.0397729 -0.0377414
	>>>> prev guard 15.1999 17.6009 cur guard 14.796 17.1358
	was guard reflex vertex? 0
	was guard in reflex area? 0
	does guard intersect boundary ray 15.1999 17.6009 14.796 17.1358?1
	is guard inside polygon? 0
0 other guards have coords 14.8051 17.1462
	 new best guard at 14.8051 17.1462
		new arrangement area = 100.853
		old arrangement area = 100.756
		new guard area = 55.6063
		best guard area = 55.6071
scaling gradient with 0.5 to 0.0795457 -0.0754829
	>>>> prev guard 15.1999 17.6009 cur guard 14.7988 17.1331
	was guard reflex vertex? 0
	was guard in reflex area? 0
	does guard intersect boundary ray 15.1999 17.6009 14.7988 17.1331?1
	is guard inside polygon? 0
0 other guards have coords 14.8081 17.1439
	 new best guard at 14.8081 17.1439
		new arrangement area = 100.853
		old arrangement area = 100.756
		new guard area = 55.6048
		best guard area = 55.6063
scaling gradient with 1 to 0.159091 -0.150966
	>>>> prev guard 15.1999 17.6009 cur guard 14.8043 17.1278
	was guard reflex vertex? 0
	was guard in reflex area? 0
	does guard intersect boundary ray 15.1999 17.6009 14.8043 17.1278?1
	is guard inside polygon? 0
0 other guards have coords 14.8141 17.1395
	 new best guard at 14.8141 17.1395
		new arrangement area = 100.853
		old arrangement area = 100.756
		new guard area = 55.6017
		best guard area = 55.6048
scaling gradient with 2 to 0.318183 -0.301932
	>>>> prev guard 15.1999 17.6009 cur guard 14.8155 17.1173
	was guard reflex vertex? 0
	was guard in reflex area? 0
	does guard intersect boundary ray 15.1999 17.6009 14.8155 17.1173?1
	is guard inside polygon? 0
0 other guards have coords 14.826 17.1305
	 new best guard at 14.826 17.1305
		new arrangement area = 100.853
		old arrangement area = 100.756
		new guard area = 55.5956
		best guard area = 55.6017
scaling gradient with 4 to 0.636366 -0.603863
	>>>> prev guard 15.1999 17.6009 cur guard 14.8378 17.0961
	was guard reflex vertex? 0
	was guard in reflex area? 0
	does guard intersect boundary ray 15.1999 17.6009 14.8378 17.0961?1
	is guard inside polygon? 0
0 other guards have coords 14.8497 17.1127
	 new best guard at 14.8497 17.1127
		new arrangement area = 100.853
		old arrangement area = 100.756
		new guard area = 55.5836
		best guard area = 55.5956
scaling gradient with 8 to 1.27273 -1.20773
	>>>> prev guard 15.1999 17.6009 cur guard 14.8823 17.0539
	was guard reflex vertex? 0
	was guard in reflex area? 0
	does guard intersect boundary ray 15.1999 17.6009 14.8823 17.0539?1
	is guard inside polygon? 0
0 other guards have coords 14.8962 17.0778
	 new best guard at 14.8962 17.0778
		new arrangement area = 100.852
		old arrangement area = 100.756
		new guard area = 55.5601
		best guard area = 55.5836
scaling gradient with 16 to 2.54546 -2.41545
	>>>> prev guard 15.1999 17.6009 cur guard 14.9714 16.9693
	was guard reflex vertex? 0
	was guard in reflex area? 0
	does guard intersect boundary ray 15.1999 17.6009 14.9714 16.9693?1
	is guard inside polygon? 0
0 other guards have coords 14.9862 17.0103
	 new best guard at 14.9862 17.0103
		new arrangement area = 100.85
		old arrangement area = 100.756
		new guard area = 55.5154
		best guard area = 55.5601
scaling gradient with 32 to 5.09093 -4.8309
	>>>> prev guard 15.1999 17.6009 cur guard 15.1496 16.8002
	was guard reflex vertex? 0
	was guard in reflex area? 0
	does guard intersect boundary ray 15.1999 17.6009 15.1496 16.8002?1
	is guard inside polygon? 0
0 other guards have coords 15.1621 17
	 new best guard at 15.1621 17
		new arrangement area = 100.831
		old arrangement area = 100.756
		new guard area = 55.819
		best guard area = 55.5154
---- official new best guard 15.1621 17
Df=0 0
h=0 0
Df=0 0
h=0 0
Df=-0.0291882 -0.0374026
h=-0.00359595 0.00280621
Df=0 0
h=0 0
Df=0.0848702 -0.0154355
h=0.00345218 0.0189814
Df=0 0
h=0 0
Df=-0.0503655 -0.800713
h=-0.000143769 0.0217876
is completely visible? 0
are areas equal? 103=100.831?0
+++++2 guards with gradient 0
	======== guard 5.59337 23.4578
	was guard reflex vertex? 0
	computed gradient -0.241377 -0.157529 and pull 0.301128 0.336148
	------- removing guard 5.59337 23.4578
g1=5.59337 23.4578
area1=92.1843
alpha1=0.35
scaling gradient with 0.03125 to -0.00754303 -0.00492279
	>>>> prev guard 5.59337 23.4578 cur guard 5.13698 25.6324
	was guard reflex vertex? 0
	was guard in reflex area? 0
	does guard intersect boundary ray 5.59337 23.4578 5.13698 25.6324?1
	is guard inside polygon? 0
0 other guards have coords 6.47287 24.6305
	 new best guard at 6.47287 24.6305
		new arrangement area = 101.561
		old arrangement area = 100.831
		new guard area = 48.0924
		best guard area = 92.1843
scaling gradient with 0.0625 to -0.0150861 -0.00984559
	>>>> prev guard 5.59337 23.4578 cur guard 5.13646 25.6321
	was guard reflex vertex? 0
	was guard in reflex area? 0
	does guard intersect boundary ray 5.59337 23.4578 5.13646 25.6321?1
	is guard inside polygon? 0
0 other guards have coords 6.47252 24.63
	 new best guard at 6.47252 24.63
		new arrangement area = 101.561
		old arrangement area = 100.831
		new guard area = 48.1034
		best guard area = 48.0924
scaling gradient with 0.125 to -0.0301721 -0.0196912
	>>>> prev guard 5.59337 23.4578 cur guard 5.1354 25.6314
	was guard reflex vertex? 0
	was guard in reflex area? 0
	does guard intersect boundary ray 5.59337 23.4578 5.1354 25.6314?1
	is guard inside polygon? 0
0 other guards have coords 6.47181 24.6291
	 new best guard at 6.47181 24.6291
		new arrangement area = 101.56
		old arrangement area = 100.831
		new guard area = 48.1253
		best guard area = 48.1034
scaling gradient with 0.25 to -0.0603442 -0.0393824
	>>>> prev guard 5.59337 23.4578 cur guard 5.13329 25.63
	was guard reflex vertex? 0
	was guard in reflex area? 0
	does guard intersect boundary ray 5.59337 23.4578 5.13329 25.63?1
	is guard inside polygon? 0
0 other guards have coords 6.47039 24.6272
	 new best guard at 6.47039 24.6272
		new arrangement area = 101.559
		old arrangement area = 100.831
		new guard area = 48.1693
		best guard area = 48.1253
scaling gradient with 0.5 to -0.120688 -0.0787647
	>>>> prev guard 5.59337 23.4578 cur guard 5.12906 25.6272
	was guard reflex vertex? 0
	was guard in reflex area? 0
	does guard intersect boundary ray 5.59337 23.4578 5.12906 25.6272?1
	is guard inside polygon? 0
0 other guards have coords 6.46754 24.6234
	 new best guard at 6.46754 24.6234
		new arrangement area = 101.556
		old arrangement area = 100.831
		new guard area = 48.2573
		best guard area = 48.1693
scaling gradient with 1 to -0.241377 -0.157529
	>>>> prev guard 5.59337 23.4578 cur guard 5.12061 25.6217
	was guard reflex vertex? 0
	was guard in reflex area? 0
	does guard intersect boundary ray 5.59337 23.4578 5.12061 25.6217?1
	is guard inside polygon? 0
0 other guards have coords 6.46185 24.6158
	 new best guard at 6.46185 24.6158
		new arrangement area = 101.55
		old arrangement area = 100.831
		new guard area = 48.4337
		best guard area = 48.2573
scaling gradient with 2 to -0.482754 -0.315059
	>>>> prev guard 5.59337 23.4578 cur guard 5.10372 25.6107
	was guard reflex vertex? 0
	was guard in reflex area? 0
	does guard intersect boundary ray 5.59337 23.4578 5.10372 25.6107?1
	is guard inside polygon? 0
0 other guards have coords 6.45048 24.6006
	 new best guard at 6.45048 24.6006
		new arrangement area = 101.539
		old arrangement area = 100.831
		new guard area = 48.7884
		best guard area = 48.4337
scaling gradient with 4 to -0.965508 -0.630118
	>>>> prev guard 5.59337 23.4578 cur guard 5.06993 25.5887
	was guard reflex vertex? 0
	was guard in reflex area? 0
	does guard intersect boundary ray 5.59337 23.4578 5.06993 25.5887?1
	is guard inside polygon? 0
0 other guards have coords 6.42773 24.5703
	 new best guard at 6.42773 24.5703
		new arrangement area = 101.517
		old arrangement area = 100.831
		new guard area = 49.5054
		best guard area = 48.7884
scaling gradient with 8 to -1.93102 -1.26024
	>>>> prev guard 5.59337 23.4578 cur guard 5.00234 25.5445
	was guard reflex vertex? 0
	was guard in reflex area? 0
	does guard intersect boundary ray 5.59337 23.4578 5.00234 25.5445?1
	is guard inside polygon? 0
0 other guards have coords 6.38222 24.5096
	 new best guard at 6.38222 24.5096
		new arrangement area = 101.473
		old arrangement area = 100.831
		new guard area = 53.1318
		best guard area = 49.5054
scaling gradient with 16 to -3.86203 -2.52047
	>>>> prev guard 5.59337 23.4578 cur guard 4.86717 25.4563
	was guard reflex vertex? 0
	was guard in reflex area? 0
	does guard intersect boundary ray 5.59337 23.4578 4.86717 25.4563?1
	is guard inside polygon? 0
0 other guards have coords 6.29122 24.3883
	 new best guard at 6.29122 24.3883
		new arrangement area = 101.382
		old arrangement area = 100.831
		new guard area = 66.6991
		best guard area = 53.1318
scaling gradient with 32 to -7.72406 -5.04094
	>>>> prev guard 5.59337 23.4578 cur guard 4.59683 25.2799
	was guard reflex vertex? 0
	was guard in reflex area? 0
	does guard intersect boundary ray 5.59337 23.4578 4.59683 25.2799?1
	is guard inside polygon? 0
0 other guards have coords 6.10921 24.1456
	 new best guard at 6.10921 24.1456
		new arrangement area = 102.156
		old arrangement area = 100.831
		new guard area = 89.0068
		best guard area = 66.6991
---- official new best guard 6.10921 24.1456
Df=-0.0823322 0.0617491
h=0.0911136 0.121485
Df=-0.000208753 0.000541594
h=0.000359266 0.000138476
Df=0 0
h=0 0
Df=-0.0180118 -0.128576
h=0.0122357 -0.00171406
Df=2.12969e-05 7.0254e-05
h=5.89418e-06 -1.78677e-06
Df=0.0058566 0.00915733
h=0.00142686 -0.000912555
Df=0 0
h=0 0
Df=0.0101929 0.00192249
h=0.000253315 -0.00134306
Df=-0.996543 1.82207
h=0.105395 0.117652
is completely visible? 0
are areas equal? 103=102.156?0
+++++1 guards with gradient 0
	======== guard 5.77597 18.7523
	was guard reflex vertex? 0
	computed gradient 0.510569 0.147878 and pull 0.190352 0.0480732
	------- removing guard 5.77597 18.7523
g2=5.77597 18.7523
area2=77.3647
alpha2=0.35
scaling gradient with 0.03125 to 0.0159553 0.0046212
	>>>> prev guard 5.77597 18.7523 cur guard 6.18691 19.5014
	was guard reflex vertex? 0
	was guard in reflex area? 0
	does guard intersect boundary ray 5.77597 18.7523 6.18691 19.5014?0
	is guard inside polygon? 1
0 other guards have coords 6.18691 19.5014
	 new best guard at 6.18691 19.5014
		new arrangement area = 102.156
		old arrangement area = 102.156
		new guard area = 82.3684
		best guard area = 77.3647
scaling gradient with 0.0625 to 0.0319105 0.0092424
	>>>> prev guard 5.77597 18.7523 cur guard 6.18803 19.5017
	was guard reflex vertex? 0
	was guard in reflex area? 0
	does guard intersect boundary ray 5.77597 18.7523 6.18803 19.5017?0
	is guard inside polygon? 1
0 other guards have coords 6.18803 19.5017
	 new best guard at 6.18803 19.5017
		new arrangement area = 102.156
		old arrangement area = 102.156
		new guard area = 82.372
		best guard area = 82.3684
scaling gradient with 0.125 to 0.0638211 0.0184848
	>>>> prev guard 5.77597 18.7523 cur guard 6.19026 19.5024
	was guard reflex vertex? 0
	was guard in reflex area? 0
	does guard intersect boundary ray 5.77597 18.7523 6.19026 19.5024?0
	is guard inside polygon? 1
0 other guards have coords 6.19026 19.5024
	 new best guard at 6.19026 19.5024
		new arrangement area = 102.156
		old arrangement area = 102.156
		new guard area = 82.3792
		best guard area = 82.372
scaling gradient with 0.25 to 0.127642 0.0369696
	>>>> prev guard 5.77597 18.7523 cur guard 6.19473 19.5037
	was guard reflex vertex? 0
	was guard in reflex area? 0
	does guard intersect boundary ray 5.77597 18.7523 6.19473 19.5037?0
	is guard inside polygon? 1
0 other guards have coords 6.19473 19.5037
	 new best guard at 6.19473 19.5037
		new arrangement area = 102.156
		old arrangement area = 102.156
		new guard area = 82.3937
		best guard area = 82.3792
scaling gradient with 0.5 to 0.255284 0.0739392
	>>>> prev guard 5.77597 18.7523 cur guard 6.20367 19.5063
	was guard reflex vertex? 0
	was guard in reflex area? 0
	does guard intersect boundary ray 5.77597 18.7523 6.20367 19.5063?0
	is guard inside polygon? 1
0 other guards have coords 6.20367 19.5063
	 new best guard at 6.20367 19.5063
		new arrangement area = 102.156
		old arrangement area = 102.156
		new guard area = 82.4226
		best guard area = 82.3937
scaling gradient with 1 to 0.510569 0.147878
	>>>> prev guard 5.77597 18.7523 cur guard 6.22154 19.5114
	was guard reflex vertex? 0
	was guard in reflex area? 0
	does guard intersect boundary ray 5.77597 18.7523 6.22154 19.5114?0
	is guard inside polygon? 1
0 other guards have coords 6.22154 19.5114
	 new best guard at 6.22154 19.5114
		new arrangement area = 102.156
		old arrangement area = 102.156
		new guard area = 82.4806
		best guard area = 82.4226
scaling gradient with 2 to 1.02114 0.295757
	>>>> prev guard 5.77597 18.7523 cur guard 6.25728 19.5218
	was guard reflex vertex? 0
	was guard in reflex area? 0
	does guard intersect boundary ray 5.77597 18.7523 6.25728 19.5218?0
	is guard inside polygon? 1
0 other guards have coords 6.25728 19.5218
	 new best guard at 6.25728 19.5218
		new arrangement area = 102.156
		old arrangement area = 102.156
		new guard area = 82.5968
		best guard area = 82.4806
scaling gradient with 4 to 2.04227 0.591514
	>>>> prev guard 5.77597 18.7523 cur guard 6.32876 19.5425
	was guard reflex vertex? 0
	was guard in reflex area? 0
	does guard intersect boundary ray 5.77597 18.7523 6.32876 19.5425?0
	is guard inside polygon? 1
0 other guards have coords 6.32876 19.5425
	 new best guard at 6.32876 19.5425
		new arrangement area = 102.156
		old arrangement area = 102.156
		new guard area = 82.8304
		best guard area = 82.5968
scaling gradient with 8 to 4.08455 1.18303
	>>>> prev guard 5.77597 18.7523 cur guard 6.47171 19.5839
	was guard reflex vertex? 0
	was guard in reflex area? 0
	does guard intersect boundary ray 5.77597 18.7523 6.47171 19.5839?0
	is guard inside polygon? 1
0 other guards have coords 6.47171 19.5839
	 new best guard at 6.47171 19.5839
		new arrangement area = 102.156
		old arrangement area = 102.156
		new guard area = 83.3024
		best guard area = 82.8304
scaling gradient with 16 to 8.1691 2.36605
	>>>> prev guard 5.77597 18.7523 cur guard 6.75763 19.6667
	was guard reflex vertex? 0
	was guard in reflex area? 0
	does guard intersect boundary ray 5.77597 18.7523 6.75763 19.6667?0
	is guard inside polygon? 1
0 other guards have coords 6.75763 19.6667
	 new best guard at 6.75763 19.6667
		new arrangement area = 102.483
		old arrangement area = 102.156
		new guard area = 84.2664
		best guard area = 83.3024
scaling gradient with 32 to 16.3382 4.73211
	>>>> prev guard 5.77597 18.7523 cur guard 7.32947 19.8323
	was guard reflex vertex? 0
	was guard in reflex area? 0
	does guard intersect boundary ray 5.77597 18.7523 7.32947 19.8323?0
	is guard inside polygon? 1
0 other guards have coords 7.32947 19.8323
	 new best guard at 7.32947 19.8323
		new arrangement area = 103
		old arrangement area = 102.156
		new guard area = 85.5749
		best guard area = 84.2664
---- official new best guard 7.32947 19.8323
Df=0.0521598 0.0231968
h=0.00770083 -0.0173159
Df=0.0108825 -0.000464589
h=8.84519e-05 0.00207189
Df=-0.00511169 0.00119231
h=0.000221269 0.000948624
Df=0.1669 -0.166149
h=0.0224385 0.02254
Df=1.08849e-05 -3.4267e-05
h=3.19433e-06 1.01468e-06
Df=-0.0462389 0.193604
h=0.0360465 0.00860906
Df=9.60978e-05 0.000411816
h=0.000124391 -2.90269e-05
Df=1.5535 1.07999
h=0.0666231 0.0168256
is completely visible? 1
are areas equal? 103=103?1
i=6
area=103
g0=15.1621 17
alpha0=0.35
area0=55.819
g1=6.10921 24.1456
alpha1=0.35
area1=89.0068
g2=7.32947 19.8323
alpha2=0.35
area2=85.5749
