18
6 24 3 20
5 26 6 24
7 16 7 12
3 20 7 16
8 26 7 24
5 26 8 26
10 13 7 12
9 18 10 13
11 20 9 18
11 24 7 24
15 17 11 20
15 27 11 24
16 22 15 27
17 17 15 17
19 19 17 17
17 20 19 19
19 21 17 20
16 22 19 21
total area=103
i=0
area=101.927
+++++3 guards with gradient 0
	======== guard 15 21
	was guard reflex vertex? 0
	computed gradient 0.593334 -1.15634 and pull 0.525835 0.637691
	------- removing guard 15 21
g0=15 21
area0=77.6308
alpha0=0.35
scaling gradient with 0.03125 to 0.0185417 -0.0361355
pull reduced from 0.683152 to 	>>>> prev guard 15 21 cur guard 15.0013 20.9975
	was guard reflex vertex? 0
	was guard in reflex area? 0
	does guard intersect boundary ray 15 21 15.0013 20.9975?0
	is guard inside polygon? 1
0 other guards have coords 15.0013 20.9975
	 new best guard at 15.0013 20.9975
scaling gradient with 0.0625 to 0.0370834 -0.072271
pull reduced from 0.683152 to 	>>>> prev guard 15 21 cur guard 15.0049 20.9904
	was guard reflex vertex? 0
	was guard in reflex area? 0
	does guard intersect boundary ray 15 21 15.0049 20.9904?0
	is guard inside polygon? 1
0 other guards have coords 15.0049 20.9904
	 new best guard at 15.0049 20.9904
scaling gradient with 0.125 to 0.0741668 -0.144542
pull reduced from 0.683152 to 	>>>> prev guard 15 21 cur guard 15.0131 20.9746
	was guard reflex vertex? 0
	was guard in reflex area? 0
	does guard intersect boundary ray 15 21 15.0131 20.9746?0
	is guard inside polygon? 1
0 other guards have coords 15.0131 20.9746
	 new best guard at 15.0131 20.9746
scaling gradient with 0.25 to 0.148334 -0.289084
pull reduced from 0.683152 to 	>>>> prev guard 15 21 cur guard 15.0301 20.942
	was guard reflex vertex? 0
	was guard in reflex area? 0
	does guard intersect boundary ray 15 21 15.0301 20.942?0
	is guard inside polygon? 1
0 other guards have coords 15.0301 20.942
	 new best guard at 15.0301 20.942
scaling gradient with 0.5 to 0.296667 -0.578168
pull reduced from 0.683152 to 	>>>> prev guard 15 21 cur guard 15.0651 20.8761
	was guard reflex vertex? 0
	was guard in reflex area? 0
	does guard intersect boundary ray 15 21 15.0651 20.8761?0
	is guard inside polygon? 1
0 other guards have coords 15.0651 20.8761
	 new best guard at 15.0651 20.8761
scaling gradient with 1 to 0.593334 -1.15634
pull reduced from 0.683152 to 	>>>> prev guard 15 21 cur guard 15.137 20.7454
	was guard reflex vertex? 0
	was guard in reflex area? 0
	does guard intersect boundary ray 15 21 15.137 20.7454?0
	is guard inside polygon? 1
0 other guards have coords 15.137 20.7454
	 new best guard at 15.137 20.7454
scaling gradient with 2 to 1.18667 -2.31267
pull reduced from 0.683152 to 	>>>> prev guard 15 21 cur guard 15.2875 20.4909
	was guard reflex vertex? 0
	was guard in reflex area? 0
	does guard intersect boundary ray 15 21 15.2875 20.4909?0
	is guard inside polygon? 1
0 other guards have coords 15.2875 20.4909
	 new best guard at 15.2875 20.4909
scaling gradient with 4 to 2.37334 -4.62534
	>>>> prev guard 15 21 cur guard 15.6108 20.0081
	was guard reflex vertex? 0
	was guard in reflex area? 0
	does guard intersect boundary ray 15 21 15.6108 20.0081?0
	is guard inside polygon? 1
0 other guards have coords 15.6108 20.0081
	 new best guard at 15.6108 20.0081
scaling gradient with 8 to 4.74667 -9.25068
	>>>> prev guard 15 21 cur guard 16.2385 19.0189
	was guard reflex vertex? 0
	was guard in reflex area? 0
	does guard intersect boundary ray 15 21 16.2385 19.0189?0
	is guard inside polygon? 1
0 other guards have coords 16.2385 19.0189
scaling gradient with 16 to 9.49334 -18.5014
	>>>> prev guard 15 21 cur guard 17.442 16.9772
	was guard reflex vertex? 0
	was guard in reflex area? 0
	does guard intersect boundary ray 15 21 17.442 16.9772?1
	is guard inside polygon? 0
0 other guards have coords 17.2664 17.2664
scaling gradient with 32 to 18.9867 -37.0027
	>>>> prev guard 15 21 cur guard 19.5951 13.0874
	was guard reflex vertex? 0
	was guard in reflex area? 0
	does guard intersect boundary ray 15 21 19.5951 13.0874?1
	is guard inside polygon? 0
0 other guards have coords 17.2043 17.2043
Df=0 0
h=0 0
Df=0 0
h=0 0
Df=-0.000429686 -0.00114583
h=-0.000134109 5.0291e-05
Df=-0.084 -0.112
h=-0.0224 0.0168
Df=0.291922 -0.291922
h=0.20642 0.20642
Df=0.000175001 0.000350001
h=0.000156525 -7.82626e-05
Df=0.323286 -0.482783
h=0.184042 0.223192
is completely visible? 0
are areas equal? 103=101.93?0
+++++2 guards with gradient 0
	======== guard 7 17
	was guard reflex vertex? 0
	computed gradient 0.0889073 0.262302 and pull 0.152206 0.155058
	------- removing guard 7 17
g1=7 17
area1=73.677
alpha1=0.35
scaling gradient with 0.03125 to 0.00277835 0.00819693
	>>>> prev guard 7 17 cur guard 7.01085 17.0114
	was guard reflex vertex? 0
	was guard in reflex area? 0
	does guard intersect boundary ray 7 17 7.01085 17.0114?0
	is guard inside polygon? 1
0 other guards have coords 7.01085 17.0114
	 new best guard at 7.01085 17.0114
scaling gradient with 0.0625 to 0.0055567 0.0163939
	>>>> prev guard 7 17 cur guard 7.03057 17.0326
	was guard reflex vertex? 0
	was guard in reflex area? 0
	does guard intersect boundary ray 7 17 7.03057 17.0326?0
	is guard inside polygon? 1
0 other guards have coords 7.03057 17.0326
	 new best guard at 7.03057 17.0326
scaling gradient with 0.125 to 0.0111134 0.0327877
	>>>> prev guard 7 17 cur guard 7.05778 17.0626
	was guard reflex vertex? 0
	was guard in reflex area? 0
	does guard intersect boundary ray 7 17 7.05778 17.0626?0
	is guard inside polygon? 1
0 other guards have coords 7.05778 17.0626
	 new best guard at 7.05778 17.0626
scaling gradient with 0.25 to 0.0222268 0.0655755
	>>>> prev guard 7 17 cur guard 7.09176 17.1021
	was guard reflex vertex? 0
	was guard in reflex area? 0
	does guard intersect boundary ray 7 17 7.09176 17.1021?0
	is guard inside polygon? 1
0 other guards have coords 7.09176 17.1021
	 new best guard at 7.09176 17.1021
scaling gradient with 0.5 to 0.0444536 0.131151
	>>>> prev guard 7 17 cur guard 7.13271 17.1538
	was guard reflex vertex? 0
	was guard in reflex area? 0
	does guard intersect boundary ray 7 17 7.13271 17.1538?0
	is guard inside polygon? 1
0 other guards have coords 7.13271 17.1538
	 new best guard at 7.13271 17.1538
scaling gradient with 1 to 0.0889073 0.262302
	>>>> prev guard 7 17 cur guard 7.18235 17.2243
	was guard reflex vertex? 0
	was guard in reflex area? 0
	does guard intersect boundary ray 7 17 7.18235 17.2243?0
	is guard inside polygon? 1
0 other guards have coords 7.18235 17.2243
	 new best guard at 7.18235 17.2243
scaling gradient with 2 to 0.177815 0.524604
	>>>> prev guard 7 17 cur guard 7.24516 17.3283
	was guard reflex vertex? 0
	was guard in reflex area? 0
	does guard intersect boundary ray 7 17 7.24516 17.3283?0
	is guard inside polygon? 1
0 other guards have coords 7.24516 17.3283
	 new best guard at 7.24516 17.3283
scaling gradient with 4 to 0.355629 1.04921
	>>>> prev guard 7 17 cur guard 7.33095 17.4958
	was guard reflex vertex? 0
	was guard in reflex area? 0
	does guard intersect boundary ray 7 17 7.33095 17.4958?0
	is guard inside polygon? 1
0 other guards have coords 7.33095 17.4958
	 new best guard at 7.33095 17.4958
scaling gradient with 8 to 0.711258 2.09842
	>>>> prev guard 7 17 cur guard 7.46004 17.7875
	was guard reflex vertex? 0
	was guard in reflex area? 0
	does guard intersect boundary ray 7 17 7.46004 17.7875?0
	is guard inside polygon? 1
0 other guards have coords 7.46004 17.7875
	 new best guard at 7.46004 17.7875
scaling gradient with 16 to 1.42252 4.19683
	>>>> prev guard 7 17 cur guard 7.67353 18.3255
	was guard reflex vertex? 0
	was guard in reflex area? 0
	does guard intersect boundary ray 7 17 7.67353 18.3255?0
	is guard inside polygon? 1
0 other guards have coords 7.67353 18.3255
	 new best guard at 7.67353 18.3255
scaling gradient with 32 to 2.84503 8.39366
	>>>> prev guard 7 17 cur guard 8.05413 19.3544
	was guard reflex vertex? 0
	was guard in reflex area? 0
	does guard intersect boundary ray 7 17 8.05413 19.3544?0
	is guard inside polygon? 1
0 other guards have coords 8.05413 19.3544
	 new best guard at 8.05413 19.3544
Df=0 0
h=0 0
Df=0 0
h=0 0
Df=-0.00747918 0
h=0 0.00106845
Df=0.187794 -0.107311
h=0.0133103 0.023293
Df=-0.148917 0.198557
h=0.0397113 0.0297835
Df=-0.000280001 0.000560002
h=0.00025044 0.00012522
Df=0.380603 1.02883
h=0.0532721 0.0542702
is completely visible? 0
are areas equal? 103=101.476?0
+++++1 guards with gradient 0
	======== guard 9 17.5
	was guard reflex vertex? 0
	computed gradient -5.14084 -0.268474 and pull -0.0383763 9.15666
	------- removing guard 9 17.5
g2=9 17.5
area2=46.3077
alpha2=0.35
scaling gradient with 0.03125 to -0.160651 -0.0083898
pull reduced from 83.846 to 	>>>> prev guard 9 17.5 cur guard 8.98875 17.4994
	was guard reflex vertex? 0
	was guard in reflex area? 0
	does guard intersect boundary ray 9 17.5 8.98875 17.4994?0
	is guard inside polygon? 1
0 other guards have coords 8.98875 17.4994
	 new best guard at 8.98875 17.4994
scaling gradient with 0.0625 to -0.321303 -0.0167796
pull reduced from 83.846 to 	>>>> prev guard 9 17.5 cur guard 8.95727 17.4978
	was guard reflex vertex? 0
	was guard in reflex area? 0
	does guard intersect boundary ray 9 17.5 8.95727 17.4978?0
	is guard inside polygon? 1
0 other guards have coords 8.95727 17.4978
	 new best guard at 8.95727 17.4978
scaling gradient with 0.125 to -0.642605 -0.0335592
pull reduced from 83.846 to 	>>>> prev guard 9 17.5 cur guard 8.88709 17.4942
	was guard reflex vertex? 0
	was guard in reflex area? 0
	does guard intersect boundary ray 9 17.5 8.88709 17.4942?0
	is guard inside polygon? 1
0 other guards have coords 8.88709 17.4942
	 new best guard at 8.88709 17.4942
scaling gradient with 0.25 to -1.28521 -0.0671184
pull reduced from 83.846 to 	>>>> prev guard 9 17.5 cur guard 8.74099 17.4869
	was guard reflex vertex? 0
	was guard in reflex area? 0
	does guard intersect boundary ray 9 17.5 8.74099 17.4869?0
	is guard inside polygon? 1
0 other guards have coords 8.74099 17.4869
	 new best guard at 8.74099 17.4869
scaling gradient with 0.5 to -2.57042 -0.134237
pull reduced from 83.846 to 	>>>> prev guard 9 17.5 cur guard 8.44417 17.473
	was guard reflex vertex? 0
	was guard in reflex area? 0
	does guard intersect boundary ray 9 17.5 8.44417 17.473?0
	is guard inside polygon? 1
0 other guards have coords 8.44417 17.473
	 new best guard at 8.44417 17.473
scaling gradient with 1 to -5.14084 -0.268474
pull reduced from 83.846 to 	>>>> prev guard 9 17.5 cur guard 7.84683 17.4487
	was guard reflex vertex? 0
	was guard in reflex area? 0
	does guard intersect boundary ray 9 17.5 7.84683 17.4487?0
	is guard inside polygon? 1
0 other guards have coords 7.84683 17.4487
	 new best guard at 7.84683 17.4487
scaling gradient with 2 to -10.2817 -0.536947
pull reduced from 83.846 to 	>>>> prev guard 9 17.5 cur guard 6.64915 17.4139
	was guard reflex vertex? 0
	was guard in reflex area? 0
	does guard intersect boundary ray 9 17.5 6.64915 17.4139?0
	is guard inside polygon? 1
0 other guards have coords 6.64915 17.4139
	 new best guard at 6.64915 17.4139
scaling gradient with 4 to -20.5634 -1.07389
pull reduced from 83.846 to 	>>>> prev guard 9 17.5 cur guard 4.2512 17.4005
	was guard reflex vertex? 0
	was guard in reflex area? 0
	does guard intersect boundary ray 9 17.5 4.2512 17.4005?1
	is guard inside polygon? 0
0 other guards have coords 5.57186 17.4281
	 new best guard at 5.57186 17.4281
scaling gradient with 8 to -41.1267 -2.14779
pull reduced from 83.846 to 	>>>> prev guard 9 17.5 cur guard 0.773122 17.6259
	was guard reflex vertex? 0
	was guard in reflex area? 0
	does guard intersect boundary ray 9 17.5 0.773122 17.6259?1
	is guard inside polygon? 0
0 other guards have coords 5.4456 17.5544
	 new best guard at 5.4456 17.5544
scaling gradient with 16 to -82.2535 -4.29558
	>>>> prev guard 9 17.5 cur guard -4.15382 18.0529
	was guard reflex vertex? 0
	was guard in reflex area? 0
	does guard intersect boundary ray 9 17.5 -4.15382 18.0529?1
	is guard inside polygon? 0
0 other guards have coords 5.34643 17.6536
	 new best guard at 5.34643 17.6536
scaling gradient with 32 to -164.507 -8.59116
	>>>> prev guard 9 17.5 cur guard -13.8513 18.092
	was guard reflex vertex? 0
	was guard in reflex area? 0
	does guard intersect boundary ray 9 17.5 -13.8513 18.092?1
	is guard inside polygon? 0
0 other guards have coords 5.40692 17.5931
Df=0.000672 -0.000896
h=-0.0003584 -0.0002688
Df=-0.18022 -0.0831784
h=-0.0116189 0.0251742
Df=-0.032147 -0.00989138
h=-0.00145446 0.00472698
Df=-1.5876 0
h=0 3.1752
Df=-9.59942 0.498496
h=-0.0134317 3.20483
is completely visible? 0
are areas equal? 103=102.416?0
i=1
area=102.416
+++++3 guards with gradient 0
	======== guard 15.6108 20.0081
	was guard reflex vertex? 0
	computed gradient 1.69536 -0.336606 and pull 0.164128 0.837116
	------- removing guard 15.6108 20.0081
g0=15.6108 20.0081
area0=71.3577
alpha0=0.35
scaling gradient with 0.03125 to 0.0529801 -0.0105189
	>>>> prev guard 15.6108 20.0081 cur guard 15.8846 19.6797
	was guard reflex vertex? 0
	was guard in reflex area? 0
	does guard intersect boundary ray 15.6108 20.0081 15.8846 19.6797?0
	is guard inside polygon? 1
0 other guards have coords 15.8846 19.6797
	 new best guard at 15.8846 19.6797
scaling gradient with 0.0625 to 0.10596 -0.0210379
	>>>> prev guard 15.6108 20.0081 cur guard 16.1226 19.4741
	was guard reflex vertex? 0
	was guard in reflex area? 0
	does guard intersect boundary ray 15.6108 20.0081 16.1226 19.4741?0
	is guard inside polygon? 1
0 other guards have coords 16.1226 19.4741
scaling gradient with 0.125 to 0.21192 -0.0420757
	>>>> prev guard 15.6108 20.0081 cur guard 16.3392 19.3653
	was guard reflex vertex? 0
	was guard in reflex area? 0
	does guard intersect boundary ray 15.6108 20.0081 16.3392 19.3653?0
	is guard inside polygon? 1
0 other guards have coords 16.3392 19.3653
scaling gradient with 0.25 to 0.423841 -0.0841514
pull reduced from 0.727701 to 	>>>> prev guard 15.6108 20.0081 cur guard 16.5499 19.3111
	was guard reflex vertex? 0
	was guard in reflex area? 0
	does guard intersect boundary ray 15.6108 20.0081 16.5499 19.3111?0
	is guard inside polygon? 1
0 other guards have coords 16.5499 19.3111
scaling gradient with 0.5 to 0.847681 -0.168303
pull reduced from 0.727701 to 	>>>> prev guard 15.6108 20.0081 cur guard 16.7838 19.287
	was guard reflex vertex? 0
	was guard in reflex area? 0
	does guard intersect boundary ray 15.6108 20.0081 16.7838 19.287?0
	is guard inside polygon? 1
0 other guards have coords 16.7838 19.287
scaling gradient with 1 to 1.69536 -0.336606
pull reduced from 0.727701 to 	>>>> prev guard 15.6108 20.0081 cur guard 17.0967 19.2804
	was guard reflex vertex? 0
	was guard in reflex area? 0
	does guard intersect boundary ray 15.6108 20.0081 17.0967 19.2804?0
	is guard inside polygon? 1
0 other guards have coords 17.0967 19.2804
scaling gradient with 2 to 3.39073 -0.673211
	>>>> prev guard 15.6108 20.0081 cur guard 17.5959 19.2867
	was guard reflex vertex? 0
	was guard in reflex area? 0
	does guard intersect boundary ray 15.6108 20.0081 17.5959 19.2867?0
	is guard inside polygon? 1
0 other guards have coords 17.5959 19.2867
scaling gradient with 4 to 6.78145 -1.34642
	>>>> prev guard 15.6108 20.0081 cur guard 18.4814 19.2561
	was guard reflex vertex? 0
	was guard in reflex area? 0
	does guard intersect boundary ray 15.6108 20.0081 18.4814 19.2561?0
	is guard inside polygon? 1
0 other guards have coords 18.4814 19.2561
scaling gradient with 8 to 13.5629 -2.69285
	>>>> prev guard 15.6108 20.0081 cur guard 20.1508 19.1017
	was guard reflex vertex? 0
	was guard in reflex area? 0
	does guard intersect boundary ray 15.6108 20.0081 20.1508 19.1017?1
	is guard inside polygon? 0
0 other guards have coords 17.8966 19.5517
scaling gradient with 16 to 27.1258 -5.38569
	>>>> prev guard 15.6108 20.0081 cur guard 21.1423 19.1098
	was guard reflex vertex? 0
	was guard in reflex area? 0
	does guard intersect boundary ray 15.6108 20.0081 21.1423 19.1098?1
	is guard inside polygon? 0
0 other guards have coords 17.6443 19.6778
scaling gradient with 32 to 54.2516 -10.7714
	>>>> prev guard 15.6108 20.0081 cur guard 24.05 18.6289
	was guard reflex vertex? 0
	was guard in reflex area? 0
	does guard intersect boundary ray 15.6108 20.0081 24.05 18.6289?1
	is guard inside polygon? 0
0 other guards have coords 17.6505 19.6747
Df=0 0
h=0 0
Df=0 0
h=0 0
Df=-0.00105877 -0.00228382
h=-0.000240628 0.000111554
Df=0 0
h=0 0
Df=0.594432 -0.116158
h=0.057232 0.292882
Df=3.66173e-06 0.000629821
h=0.000453348 -2.63573e-06
Df=0.273826 -0.328365
h=0.0574447 0.292991
is completely visible? 0
are areas equal? 103=102.417?0
+++++2 guards with gradient 0
	======== guard 8.05413 19.3544
	was guard reflex vertex? 0
	computed gradient -0.223467 1.02892 and pull 0.341284 0.0742267
	------- removing guard 8.05413 19.3544
g1=8.05413 19.3544
area1=80.9307
alpha1=0.35
scaling gradient with 0.03125 to -0.00698335 0.0321536
	>>>> prev guard 8.05413 19.3544 cur guard 8.38202 20.1849
	was guard reflex vertex? 0
	was guard in reflex area? 0
	does guard intersect boundary ray 8.05413 19.3544 8.38202 20.1849?0
	is guard inside polygon? 1
0 other guards have coords 8.38202 20.1849
	 new best guard at 8.38202 20.1849
scaling gradient with 0.0625 to -0.0139667 0.0643072
	>>>> prev guard 8.05413 19.3544 cur guard 8.66723 20.859
	was guard reflex vertex? 0
	was guard in reflex area? 0
	does guard intersect boundary ray 8.05413 19.3544 8.66723 20.859?0
	is guard inside polygon? 1
0 other guards have coords 8.66723 20.859
	 new best guard at 8.66723 20.859
scaling gradient with 0.125 to -0.0279334 0.128614
	>>>> prev guard 8.05413 19.3544 cur guard 8.91734 21.4125
	was guard reflex vertex? 0
	was guard in reflex area? 0
	does guard intersect boundary ray 8.05413 19.3544 8.91734 21.4125?0
	is guard inside polygon? 1
0 other guards have coords 8.91734 21.4125
	 new best guard at 8.91734 21.4125
scaling gradient with 0.25 to -0.0558668 0.257229
	>>>> prev guard 8.05413 19.3544 cur guard 9.13741 21.8784
	was guard reflex vertex? 0
	was guard in reflex area? 0
	does guard intersect boundary ray 8.05413 19.3544 9.13741 21.8784?0
	is guard inside polygon? 1
0 other guards have coords 9.13741 21.8784
scaling gradient with 0.5 to -0.111734 0.514458
	>>>> prev guard 8.05413 19.3544 cur guard 9.32953 22.2924
	was guard reflex vertex? 0
	was guard in reflex area? 0
	does guard intersect boundary ray 8.05413 19.3544 9.32953 22.2924?0
	is guard inside polygon? 1
0 other guards have coords 9.32953 22.2924
scaling gradient with 1 to -0.223467 1.02892
	>>>> prev guard 8.05413 19.3544 cur guard 9.49148 22.7009
	was guard reflex vertex? 0
	was guard in reflex area? 0
	does guard intersect boundary ray 8.05413 19.3544 9.49148 22.7009?0
	is guard inside polygon? 1
0 other guards have coords 9.49148 22.7009
scaling gradient with 2 to -0.446934 2.05783
	>>>> prev guard 8.05413 19.3544 cur guard 9.61364 23.1768
	was guard reflex vertex? 0
	was guard in reflex area? 0
	does guard intersect boundary ray 8.05413 19.3544 9.61364 23.1768?0
	is guard inside polygon? 1
0 other guards have coords 9.61364 23.1768
scaling gradient with 4 to -0.893868 4.11566
	>>>> prev guard 8.05413 19.3544 cur guard 9.67269 23.8509
	was guard reflex vertex? 0
	was guard in reflex area? 0
	does guard intersect boundary ray 8.05413 19.3544 9.67269 23.8509?0
	is guard inside polygon? 1
0 other guards have coords 9.67269 23.8509
scaling gradient with 8 to -1.78774 8.23132
	>>>> prev guard 8.05413 19.3544 cur guard 9.61867 24.9716
	was guard reflex vertex? 0
	was guard in reflex area? 0
	does guard intersect boundary ray 8.05413 19.3544 9.61867 24.9716?1
	is guard inside polygon? 0
0 other guards have coords 9.34807 24
scaling gradient with 16 to -3.57547 16.4626
	>>>> prev guard 8.05413 19.3544 cur guard 9.07846 26.0541
	was guard reflex vertex? 0
	was guard in reflex area? 0
	does guard intersect boundary ray 8.05413 19.3544 9.07846 26.0541?1
	is guard inside polygon? 0
0 other guards have coords 8.76441 24
scaling gradient with 32 to -7.15095 32.9253
	>>>> prev guard 8.05413 19.3544 cur guard 8.07205 27.9532
	was guard reflex vertex? 0
	was guard in reflex area? 0
	does guard intersect boundary ray 8.05413 19.3544 8.07205 27.9532?1
	is guard inside polygon? 0
0 other guards have coords 8.06381 24
Df=0 0
h=0 0
Df=0 0
h=0 0
Df=0 0
h=0 0
Df=1.96425e-05 -5.89937e-05
h=7.04425e-06 2.34544e-06
Df=-0.0789928 0.360418
h=0.11951 0.0261931
Df=0 0
h=0 0
Df=0.000759708 -0.000238744
h=-6.79006e-05 -0.000216066
Df=0.25011 0.553482
h=0.119449 0.0259794
is completely visible? 0
are areas equal? 103=101.717?0
+++++1 guards with gradient 0
	======== guard 5.34643 17.6536
	was guard reflex vertex? 0
	computed gradient 0.646918 0.318964 and pull 0.253331 -0.0642063
	------- removing guard 5.34643 17.6536
g2=5.34643 17.6536
area2=71.6277
alpha2=0.35
scaling gradient with 0.03125 to 0.0202162 0.00996763
	>>>> prev guard 5.34643 17.6536 cur guard -2.31396 18.0486
	was guard reflex vertex? 0
	was guard in reflex area? 0
	does guard intersect boundary ray 5.34643 17.6536 -2.31396 18.0486?1
	is guard inside polygon? 0
0 other guards have coords 3 20
	 new best guard at 3 20
scaling gradient with 0.0625 to 0.0404324 0.0199353
	>>>> prev guard 5.34643 17.6536 cur guard -3.10775 20.3129
	was guard reflex vertex? 0
	was guard in reflex area? 0
	does guard intersect boundary ray 5.34643 17.6536 -3.10775 20.3129?1
	is guard inside polygon? 0
1 other guards have coords 3 20
scaling gradient with 0.125 to 0.0808647 0.0398705
	>>>> prev guard 5.34643 17.6536 cur guard -1.8628 20.2486
	was guard reflex vertex? 0
	was guard in reflex area? 0
	does guard intersect boundary ray 5.34643 17.6536 -1.8628 20.2486?1
	is guard inside polygon? 0
1 other guards have coords 3 20
scaling gradient with 0.25 to 0.161729 0.079741
	>>>> prev guard 5.34643 17.6536 cur guard -0.86119 20.2
	was guard reflex vertex? 0
	was guard in reflex area? 0
	does guard intersect boundary ray 5.34643 17.6536 -0.86119 20.2?1
	is guard inside polygon? 0
1 other guards have coords 3 20
scaling gradient with 0.5 to 0.323459 0.159482
	>>>> prev guard 5.34643 17.6536 cur guard -0.0485764 20.1667
	was guard reflex vertex? 0
	was guard in reflex area? 0
	does guard intersect boundary ray 5.34643 17.6536 -0.0485764 20.1667?1
	is guard inside polygon? 0
1 other guards have coords 3 20
scaling gradient with 1 to 0.646918 0.318964
	>>>> prev guard 5.34643 17.6536 cur guard 0.624156 20.1512
	was guard reflex vertex? 0
	was guard in reflex area? 0
	does guard intersect boundary ray 5.34643 17.6536 0.624156 20.1512?1
	is guard inside polygon? 0
1 other guards have coords 3 20
scaling gradient with 2 to 1.29384 0.637928
	>>>> prev guard 5.34643 17.6536 cur guard 1.20763 20.1611
	was guard reflex vertex? 0
	was guard in reflex area? 0
	does guard intersect boundary ray 5.34643 17.6536 1.20763 20.1611?1
	is guard inside polygon? 0
1 other guards have coords 3 20
scaling gradient with 4 to 2.58767 1.27586
	>>>> prev guard 5.34643 17.6536 cur guard 1.76497 20.2137
	was guard reflex vertex? 0
	was guard in reflex area? 0
	does guard intersect boundary ray 5.34643 17.6536 1.76497 20.2137?1
	is guard inside polygon? 0
1 other guards have coords 3 20
scaling gradient with 8 to 5.17534 2.55171
	>>>> prev guard 5.34643 17.6536 cur guard 2.39198 20.3451
	was guard reflex vertex? 0
	was guard in reflex area? 0
	does guard intersect boundary ray 5.34643 17.6536 2.39198 20.3451?1
	is guard inside polygon? 0
1 other guards have coords 3 20
scaling gradient with 16 to 10.3507 5.10343
	>>>> prev guard 5.34643 17.6536 cur guard 3.25587 20.6288
	was guard reflex vertex? 0
	was guard in reflex area? 0
	does guard intersect boundary ray 5.34643 17.6536 3.25587 20.6288?1
	is guard inside polygon? 0
1 other guards have coords 3 20
scaling gradient with 32 to 20.7014 10.2069
	>>>> prev guard 5.34643 17.6536 cur guard 4.67152 21.213
	was guard reflex vertex? 0
	was guard in reflex area? 0
	does guard intersect boundary ray 5.34643 17.6536 4.67152 21.213?1
	is guard inside polygon? 1
0 other guards have coords 3.22925 19.7708
	 new best guard at 3.22925 19.7708
Df=0.0100509 -0.00103506
h=0.000162236 0.00157537
Df=-0.00377503 0.00098359
h=0.000149976 0.00057561
Df=0.153197 -0.136472
h=0.0160566 0.0180244
Df=-0.0530281 0.127768
h=0.0208731 0.00866308
Df=-3.60099e-05 0.000379774
h=0.000103482 9.81207e-06
Df=0.120013 0.120013
h=0.0513205 -0.0513205
Df=1.67152 1.21303
h=0.0886659 -0.0224722
is completely visible? 0
are areas equal? 103=101.326?0
i=2
area=101.326
+++++3 guards with gradient 0
	======== guard 15.8846 19.6797
	was guard reflex vertex? 0
	computed gradient -0.0210383 0.0732667 and pull 0.0631343 0.0181288
	------- removing guard 15.8846 19.6797
g0=15.8846 19.6797
area0=69.3213
alpha0=0.35
scaling gradient with 0.03125 to -0.000657447 0.00228959
	>>>> prev guard 15.8846 19.6797 cur guard 16.108 19.4184
	was guard reflex vertex? 0
	was guard in reflex area? 0
	does guard intersect boundary ray 15.8846 19.6797 16.108 19.4184?0
	is guard inside polygon? 1
0 other guards have coords 16.108 19.4184
	 new best guard at 16.108 19.4184
scaling gradient with 0.0625 to -0.00131489 0.00457917
	>>>> prev guard 15.8846 19.6797 cur guard 16.2911 19.211
	was guard reflex vertex? 0
	was guard in reflex area? 0
	does guard intersect boundary ray 15.8846 19.6797 16.2911 19.211?0
	is guard inside polygon? 1
0 other guards have coords 16.2911 19.211
scaling gradient with 0.125 to -0.00262979 0.00915834
	>>>> prev guard 15.8846 19.6797 cur guard 16.4418 19.047
	was guard reflex vertex? 0
	was guard in reflex area? 0
	does guard intersect boundary ray 15.8846 19.6797 16.4418 19.047?0
	is guard inside polygon? 1
0 other guards have coords 16.4418 19.047
scaling gradient with 0.25 to -0.00525957 0.0183167
	>>>> prev guard 15.8846 19.6797 cur guard 16.5664 18.9183
	was guard reflex vertex? 0
	was guard in reflex area? 0
	does guard intersect boundary ray 15.8846 19.6797 16.5664 18.9183?0
	is guard inside polygon? 1
0 other guards have coords 16.5664 18.9183
scaling gradient with 0.5 to -0.0105191 0.0366334
	>>>> prev guard 15.8846 19.6797 cur guard 16.6698 18.8192
	was guard reflex vertex? 0
	was guard in reflex area? 0
	does guard intersect boundary ray 15.8846 19.6797 16.6698 18.8192?0
	is guard inside polygon? 1
0 other guards have coords 16.6698 18.8192
scaling gradient with 1 to -0.0210383 0.0732667
	>>>> prev guard 15.8846 19.6797 cur guard 16.7554 18.7463
	was guard reflex vertex? 0
	was guard in reflex area? 0
	does guard intersect boundary ray 15.8846 19.6797 16.7554 18.7463?0
	is guard inside polygon? 1
0 other guards have coords 16.7554 18.7463
scaling gradient with 2 to -0.0420766 0.146533
	>>>> prev guard 15.8846 19.6797 cur guard 16.8254 18.6996
	was guard reflex vertex? 0
	was guard in reflex area? 0
	does guard intersect boundary ray 15.8846 19.6797 16.8254 18.6996?0
	is guard inside polygon? 1
0 other guards have coords 16.8254 18.6996
scaling gradient with 4 to -0.0841532 0.293067
	>>>> prev guard 15.8846 19.6797 cur guard 16.8799 18.6839
	was guard reflex vertex? 0
	was guard in reflex area? 0
	does guard intersect boundary ray 15.8846 19.6797 16.8799 18.6839?0
	is guard inside polygon? 1
0 other guards have coords 16.8799 18.6839
scaling gradient with 8 to -0.168306 0.586134
	>>>> prev guard 15.8846 19.6797 cur guard 16.9162 18.7137
	was guard reflex vertex? 0
	was guard in reflex area? 0
	does guard intersect boundary ray 15.8846 19.6797 16.9162 18.7137?0
	is guard inside polygon? 1
0 other guards have coords 16.9162 18.7137
scaling gradient with 16 to -0.336613 1.17227
	>>>> prev guard 15.8846 19.6797 cur guard 16.926 18.8209
	was guard reflex vertex? 0
	was guard in reflex area? 0
	does guard intersect boundary ray 15.8846 19.6797 16.926 18.8209?0
	is guard inside polygon? 1
0 other guards have coords 16.926 18.8209
scaling gradient with 32 to -0.673225 2.34454
	>>>> prev guard 15.8846 19.6797 cur guard 16.8912 19.072
	was guard reflex vertex? 0
	was guard in reflex area? 0
	does guard intersect boundary ray 15.8846 19.6797 16.8912 19.072?0
	is guard inside polygon? 1
0 other guards have coords 16.8912 19.072
Df=0 0
h=0 0
Df=0 0
h=0 0
Df=0 0
h=0 0
Df=0 0
h=0 0
Df=0 0
h=0 0
Df=-0.0073634 0.0256434
h=0.022097 0.00634508
Df=0.223435 -0.261262
h=0.022097 0.00634508
is completely visible? 0
are areas equal? 103=101.326?0
+++++2 guards with gradient 0
	======== guard 8.91734 21.4125
	was guard reflex vertex? 0
	computed gradient 0.525177 -1.38936 and pull 0.145328 0.549709
	------- removing guard 8.91734 21.4125
g1=8.91734 21.4125
area1=97.5578
alpha1=0.35
scaling gradient with 0.03125 to 0.0164118 -0.0434176
	>>>> prev guard 8.91734 21.4125 cur guard 9.12875 21.8907
	was guard reflex vertex? 0
	was guard in reflex area? 0
	does guard intersect boundary ray 8.91734 21.4125 9.12875 21.8907?0
	is guard inside polygon? 1
0 other guards have coords 9.12875 21.8907
	 new best guard at 9.12875 21.8907
scaling gradient with 0.0625 to 0.0328235 -0.0868353
	>>>> prev guard 8.91734 21.4125 cur guard 9.31035 22.3057
	was guard reflex vertex? 0
	was guard in reflex area? 0
	does guard intersect boundary ray 8.91734 21.4125 9.31035 22.3057?0
	is guard inside polygon? 1
0 other guards have coords 9.31035 22.3057
scaling gradient with 0.125 to 0.0656471 -0.173671
	>>>> prev guard 8.91734 21.4125 cur guard 9.4704 22.664
	was guard reflex vertex? 0
	was guard in reflex area? 0
	does guard intersect boundary ray 8.91734 21.4125 9.4704 22.664?0
	is guard inside polygon? 1
0 other guards have coords 9.4704 22.664
scaling gradient with 0.25 to 0.131294 -0.347341
	>>>> prev guard 8.91734 21.4125 cur guard 9.6178 22.9648
	was guard reflex vertex? 0
	was guard in reflex area? 0
	does guard intersect boundary ray 8.91734 21.4125 9.6178 22.9648?0
	is guard inside polygon? 1
0 other guards have coords 9.6178 22.9648
scaling gradient with 0.5 to 0.262588 -0.694682
	>>>> prev guard 8.91734 21.4125 cur guard 9.76427 23.1953
	was guard reflex vertex? 0
	was guard in reflex area? 0
	does guard intersect boundary ray 8.91734 21.4125 9.76427 23.1953?0
	is guard inside polygon? 1
0 other guards have coords 9.76427 23.1953
scaling gradient with 1 to 0.525177 -1.38936
	>>>> prev guard 8.91734 21.4125 cur guard 9.92839 23.3209
	was guard reflex vertex? 0
	was guard in reflex area? 0
	does guard intersect boundary ray 8.91734 21.4125 9.92839 23.3209?0
	is guard inside polygon? 1
0 other guards have coords 9.92839 23.3209
scaling gradient with 2 to 1.05035 -2.77873
	>>>> prev guard 8.91734 21.4125 cur guard 10.1434 23.2654
	was guard reflex vertex? 0
	was guard in reflex area? 0
	does guard intersect boundary ray 8.91734 21.4125 10.1434 23.2654?0
	is guard inside polygon? 1
0 other guards have coords 10.1434 23.2654
scaling gradient with 4 to 2.10071 -5.55746
	>>>> prev guard 8.91734 21.4125 cur guard 10.4726 22.8704
	was guard reflex vertex? 0
	was guard in reflex area? 0
	does guard intersect boundary ray 8.91734 21.4125 10.4726 22.8704?0
	is guard inside polygon? 1
0 other guards have coords 10.4726 22.8704
scaling gradient with 8 to 4.20141 -11.1149
	>>>> prev guard 8.91734 21.4125 cur guard 11.0402 21.8149
	was guard reflex vertex? 0
	was guard in reflex area? 0
	does guard intersect boundary ray 8.91734 21.4125 11.0402 21.8149?0
	is guard inside polygon? 1
0 other guards have coords 11.0402 21.8149
scaling gradient with 16 to 8.40283 -22.2298
	>>>> prev guard 8.91734 21.4125 cur guard 12.0927 19.4528
	was guard reflex vertex? 0
	was guard in reflex area? 0
	does guard intersect boundary ray 8.91734 21.4125 12.0927 19.4528?0
	is guard inside polygon? 1
0 other guards have coords 12.0927 19.4528
scaling gradient with 32 to 16.8057 -44.4596
	>>>> prev guard 8.91734 21.4125 cur guard 14.1213 14.4895
	was guard reflex vertex? 0
	was guard in reflex area? 0
	does guard intersect boundary ray 8.91734 21.4125 14.1213 14.4895?1
	is guard inside polygon? 0
0 other guards have coords 10.4172 19.4172
Df=0 0
h=0 0
Df=0.000459645 -0.000162828
h=-2.83572e-05 -8.00492e-05
Df=0 0
h=0 0
Df=-0.235829 -0.174746
h=-0.0542606 0.0732273
Df=0.408976 -0.329175
h=0.099102 0.123127
Df=0 0
h=0 0
Df=0.000649563 0.00371709
h=0.000453019 -7.91654e-05
Df=0.00955537 0.0140894
h=0.00559893 -0.00379718
Df=0.211409 0.478226
h=0.050865 0.192398
is completely visible? 0
are areas equal? 103=100.485?0
+++++1 guards with gradient 0
	======== guard 3.22925 19.7708
	was guard reflex vertex? 0
	computed gradient 0.257555 0.228905 and pull 0.0877653 -0.00812171
	------- removing guard 3.22925 19.7708
g2=3.22925 19.7708
area2=77.4183
alpha2=0.35
scaling gradient with 0.03125 to 0.0080486 0.00715327
	>>>> prev guard 3.22925 19.7708 cur guard 4.57318 20.7411
	was guard reflex vertex? 0
	was guard in reflex area? 0
	does guard intersect boundary ray 3.22925 19.7708 4.57318 20.7411?1
	is guard inside polygon? 1
0 other guards have coords 3.41603 19.584
	 new best guard at 3.41603 19.584
scaling gradient with 0.0625 to 0.0160972 0.0143065
	>>>> prev guard 3.22925 19.7708 cur guard 4.49845 20.3607
	was guard reflex vertex? 0
	was guard in reflex area? 0
	does guard intersect boundary ray 3.22925 19.7708 4.49845 20.3607?1
	is guard inside polygon? 1
0 other guards have coords 3.56888 19.4311
	 new best guard at 3.56888 19.4311
scaling gradient with 0.125 to 0.0321944 0.0286131
	>>>> prev guard 3.22925 19.7708 cur guard 4.44321 20.0539
	was guard reflex vertex? 0
	was guard in reflex area? 0
	does guard intersect boundary ray 3.22925 19.7708 4.44321 20.0539?1
	is guard inside polygon? 1
0 other guards have coords 3.69464 19.3054
	 new best guard at 3.69464 19.3054
scaling gradient with 0.25 to 0.0643888 0.0572262
	>>>> prev guard 3.22925 19.7708 cur guard 4.40475 19.807
	was guard reflex vertex? 0
	was guard in reflex area? 0
	does guard intersect boundary ray 3.22925 19.7708 4.40475 19.807?1
	is guard inside polygon? 1
0 other guards have coords 3.79886 19.2011
	 new best guard at 3.79886 19.2011
scaling gradient with 0.5 to 0.128778 0.114452
	>>>> prev guard 3.22925 19.7708 cur guard 4.3821 19.6099
	was guard reflex vertex? 0
	was guard in reflex area? 0
	does guard intersect boundary ray 3.22925 19.7708 4.3821 19.6099?1
	is guard inside polygon? 1
0 other guards have coords 3.88608 19.1139
	 new best guard at 3.88608 19.1139
scaling gradient with 1 to 0.257555 0.228905
	>>>> prev guard 3.22925 19.7708 cur guard 4.37686 19.4564
	was guard reflex vertex? 0
	was guard in reflex area? 0
	does guard intersect boundary ray 3.22925 19.7708 4.37686 19.4564?1
	is guard inside polygon? 1
0 other guards have coords 3.96023 19.0398
	 new best guard at 3.96023 19.0398
scaling gradient with 2 to 0.515111 0.45781
	>>>> prev guard 3.22925 19.7708 cur guard 4.39504 19.3452
	was guard reflex vertex? 0
	was guard in reflex area? 0
	does guard intersect boundary ray 3.22925 19.7708 4.39504 19.3452?1
	is guard inside polygon? 1
0 other guards have coords 4.0249 18.9751
	 new best guard at 4.0249 18.9751
scaling gradient with 4 to 1.03022 0.915619
	>>>> prev guard 3.22925 19.7708 cur guard 4.45102 19.283
	was guard reflex vertex? 0
	was guard in reflex area? 0
	does guard intersect boundary ray 3.22925 19.7708 4.45102 19.283?1
	is guard inside polygon? 1
0 other guards have coords 4.08401 18.916
	 new best guard at 4.08401 18.916
scaling gradient with 8 to 2.06044 1.83124
	>>>> prev guard 3.22925 19.7708 cur guard 4.57527 19.2899
	was guard reflex vertex? 0
	was guard in reflex area? 0
	does guard intersect boundary ray 3.22925 19.7708 4.57527 19.2899?1
	is guard inside polygon? 1
0 other guards have coords 4.14267 18.8573
	 new best guard at 4.14267 18.8573
scaling gradient with 16 to 4.12088 3.66248
	>>>> prev guard 3.22925 19.7708 cur guard 4.83029 19.4123
	was guard reflex vertex? 0
	was guard in reflex area? 0
	does guard intersect boundary ray 3.22925 19.7708 4.83029 19.4123?1
	is guard inside polygon? 1
0 other guards have coords 4.209 18.791
	 new best guard at 4.209 18.791
scaling gradient with 32 to 8.24177 7.32495
	>>>> prev guard 3.22925 19.7708 cur guard 5.34217 19.7471
	was guard reflex vertex? 0
	was guard in reflex area? 0
	does guard intersect boundary ray 3.22925 19.7708 5.34217 19.7471?1
	is guard inside polygon? 1
0 other guards have coords 4.29751 18.7025
	 new best guard at 4.29751 18.7025
Df=0.0276572 -0.0181193
h=0.00358369 0.00547012
Df=-0.000115265 0.000102769
h=1.81374e-05 2.03428e-05
Df=0.00508147 -0.00933662
h=0.00105533 0.000574366
Df=0.00774437 -0.0443654
h=0.00342223 0.000597381
Df=-0.00292019 0.0989847
h=0.0127326 0.000375629
Df=6.80366e-05 0.000221727
h=3.67321e-05 -1.12712e-05
Df=0.0526288 0.0526288
h=0.00986916 -0.00986916
Df=1.13316 0.956142
h=0.0307179 -0.0028426
is completely visible? 0
are areas equal? 103=101.077?0
i=3
area=101.077
+++++3 guards with gradient 0
	======== guard 16.108 19.4184
	was guard reflex vertex? 0
	computed gradient -0 -0 and pull -0 0
	======== guard 9.12875 21.8907
	was guard reflex vertex? 0
	computed gradient -3.73904 -2.89489 and pull -0.666971 0.102476
	------- removing guard 9.12875 21.8907
g1=9.12875 21.8907
area1=96.8393
alpha1=0.35
scaling gradient with 0.03125 to -0.116845 -0.0904652
	>>>> prev guard 9.12875 21.8907 cur guard 9.24301 22.2741
	was guard reflex vertex? 0
	was guard in reflex area? 0
	does guard intersect boundary ray 9.12875 21.8907 9.24301 22.2741?0
	is guard inside polygon? 1
0 other guards have coords 9.24301 22.2741
	 new best guard at 9.24301 22.2741
scaling gradient with 0.0625 to -0.23369 -0.18093
	>>>> prev guard 9.12875 21.8907 cur guard 9.27138 22.5753
	was guard reflex vertex? 0
	was guard in reflex area? 0
	does guard intersect boundary ray 9.12875 21.8907 9.27138 22.5753?0
	is guard inside polygon? 1
0 other guards have coords 9.27138 22.5753
scaling gradient with 0.125 to -0.46738 -0.361861
	>>>> prev guard 9.12875 21.8907 cur guard 9.21466 22.7982
	was guard reflex vertex? 0
	was guard in reflex area? 0
	does guard intersect boundary ray 9.12875 21.8907 9.21466 22.7982?0
	is guard inside polygon? 1
0 other guards have coords 9.21466 22.7982
scaling gradient with 0.25 to -0.93476 -0.723721
	>>>> prev guard 9.12875 21.8907 cur guard 9.05717 22.933
	was guard reflex vertex? 0
	was guard in reflex area? 0
	does guard intersect boundary ray 9.12875 21.8907 9.05717 22.933?0
	is guard inside polygon? 1
0 other guards have coords 9.05717 22.933
	 new best guard at 9.05717 22.933
scaling gradient with 0.5 to -1.86952 -1.44744
pull reduced from 0.455351 to 	>>>> prev guard 9.12875 21.8907 cur guard 8.76434 22.945
	was guard reflex vertex? 0
	was guard in reflex area? 0
	does guard intersect boundary ray 9.12875 21.8907 8.76434 22.945?0
	is guard inside polygon? 1
0 other guards have coords 8.76434 22.945
	 new best guard at 8.76434 22.945
scaling gradient with 1 to -3.73904 -2.89489
	>>>> prev guard 9.12875 21.8907 cur guard 8.22166 22.7592
	was guard reflex vertex? 0
	was guard in reflex area? 0
	does guard intersect boundary ray 9.12875 21.8907 8.22166 22.7592?0
	is guard inside polygon? 1
0 other guards have coords 8.22166 22.7592
	 new best guard at 8.22166 22.7592
scaling gradient with 2 to -7.47808 -5.78977
	>>>> prev guard 9.12875 21.8907 cur guard 7.21736 22.2124
	was guard reflex vertex? 0
	was guard in reflex area? 0
	does guard intersect boundary ray 9.12875 21.8907 7.21736 22.2124?0
	is guard inside polygon? 1
0 other guards have coords 7.21736 22.2124
	 new best guard at 7.21736 22.2124
scaling gradient with 4 to -14.9562 -11.5795
	>>>> prev guard 9.12875 21.8907 cur guard 5.3203 20.9716
	was guard reflex vertex? 0
	was guard in reflex area? 0
	does guard intersect boundary ray 9.12875 21.8907 5.3203 20.9716?0
	is guard inside polygon? 1
0 other guards have coords 5.3203 20.9716
scaling gradient with 8 to -29.9123 -23.1591
	>>>> prev guard 9.12875 21.8907 cur guard 1.6621 18.3649
	was guard reflex vertex? 0
	was guard in reflex area? 0
	does guard intersect boundary ray 9.12875 21.8907 1.6621 18.3649?1
	is guard inside polygon? 0
0 other guards have coords 3.68151 19.3185
scaling gradient with 16 to -59.8247 -46.3182
	>>>> prev guard 9.12875 21.8907 cur guard -3.47946 13.9981
	was guard reflex vertex? 0
	was guard in reflex area? 0
	does guard intersect boundary ray 9.12875 21.8907 -3.47946 13.9981?1
	is guard inside polygon? 0
0 other guards have coords 4.19672 18.8033
scaling gradient with 32 to -119.649 -92.6363
	>>>> prev guard 9.12875 21.8907 cur guard -9.9542 8.0696
	was guard reflex vertex? 0
	was guard in reflex area? 0
	does guard intersect boundary ray 9.12875 21.8907 -9.9542 8.0696?1
	is guard inside polygon? 0
0 other guards have coords 4.47782 18.5222
Df=-0.273101 -0.275617
h=-0.0919703 0.0911308
Df=0 0
h=0 0
Df=0.00251714 -0.158208
h=0.0230217 0.000366282
Df=2.52452e-05 0.000105101
h=1.29832e-05 -3.11856e-06
Df=0 0
h=0 0
Df=-0.633811 0.0209746
h=-0.00538805 -0.162816
Df=0.000420423 -0.000151931
h=-2.42565e-05 -6.71225e-05
Df=-0.404715 -0.600313
h=-0.159092 0.107256
Df=-1.0043 -0.546785
h=-0.23344 0.0358665
is completely visible? 1
are areas equal? 103=103?1
i=5
area=103
g0=16.108 19.4184
alpha0=0.35
area0=67.7224
g1=7.21736 22.2124
alpha1=0.35
area1=97.7311
g2=4.29751 18.7025
alpha2=0.35
area2=75.4482
