18
6 24 3 20
5 26 6 24
7 16 7 12
3 20 7 16
8 26 7 24
5 26 8 26
10 13 7 12
9 18 10 13
11 20 9 18
11 24 7 24
15 17 11 20
15 27 11 24
16 22 15 27
17 17 15 17
19 19 17 17
17 20 19 19
19 21 17 20
16 22 19 21
total area=103
i=0
area=101.865
+++++3 guards with gradient 0
	======== guard 15 21
	was guard reflex vertex? 0
	computed gradient 0.592332 -1.15901 and pull 0.525522 0.637808
	------- removing guard 15 21
g0=15 21
area0=77.6308
alpha0=0.8
scaling gradient with 0.03125 to 0.0185104 -0.036219
pull reduced from 0.682972 to 	>>>> prev guard 15 21 cur guard 15.003 20.9942
	was guard reflex vertex? 0
	was guard in reflex area? 0
	does guard intersect boundary ray 15 21 15.003 20.9942?0
	is guard inside polygon? 1
0 other guards have coords 15.003 20.9942
	 new best guard at 15.003 20.9942
scaling gradient with 0.0625 to 0.0370207 -0.072438
pull reduced from 0.682972 to 	>>>> prev guard 15 21 cur guard 15.0113 20.978
	was guard reflex vertex? 0
	was guard in reflex area? 0
	does guard intersect boundary ray 15 21 15.0113 20.978?0
	is guard inside polygon? 1
0 other guards have coords 15.0113 20.978
	 new best guard at 15.0113 20.978
scaling gradient with 0.125 to 0.0740415 -0.144876
pull reduced from 0.682972 to 	>>>> prev guard 15 21 cur guard 15.0298 20.9419
	was guard reflex vertex? 0
	was guard in reflex area? 0
	does guard intersect boundary ray 15 21 15.0298 20.9419?0
	is guard inside polygon? 1
0 other guards have coords 15.0298 20.9419
	 new best guard at 15.0298 20.9419
scaling gradient with 0.25 to 0.148083 -0.289752
pull reduced from 0.682972 to 	>>>> prev guard 15 21 cur guard 15.0687 20.8671
	was guard reflex vertex? 0
	was guard in reflex area? 0
	does guard intersect boundary ray 15 21 15.0687 20.8671?0
	is guard inside polygon? 1
0 other guards have coords 15.0687 20.8671
	 new best guard at 15.0687 20.8671
scaling gradient with 0.5 to 0.296166 -0.579504
pull reduced from 0.682972 to 	>>>> prev guard 15 21 cur guard 15.1485 20.7161
	was guard reflex vertex? 0
	was guard in reflex area? 0
	does guard intersect boundary ray 15 21 15.1485 20.7161?0
	is guard inside polygon? 1
0 other guards have coords 15.1485 20.7161
	 new best guard at 15.1485 20.7161
scaling gradient with 1 to 0.592332 -1.15901
pull reduced from 0.682972 to 	>>>> prev guard 15 21 cur guard 15.3127 20.4168
	was guard reflex vertex? 0
	was guard in reflex area? 0
	does guard intersect boundary ray 15 21 15.3127 20.4168?0
	is guard inside polygon? 1
0 other guards have coords 15.3127 20.4168
	 new best guard at 15.3127 20.4168
scaling gradient with 2 to 1.18466 -2.31802
pull reduced from 0.682972 to 	>>>> prev guard 15 21 cur guard 15.6561 19.8336
	was guard reflex vertex? 0
	was guard in reflex area? 0
	does guard intersect boundary ray 15 21 15.6561 19.8336?0
	is guard inside polygon? 1
0 other guards have coords 15.6561 19.8336
	 new best guard at 15.6561 19.8336
scaling gradient with 4 to 2.36933 -4.63603
	>>>> prev guard 15 21 cur guard 16.394 18.7274
	was guard reflex vertex? 0
	was guard in reflex area? 0
	does guard intersect boundary ray 15 21 16.394 18.7274?0
	is guard inside polygon? 1
0 other guards have coords 16.394 18.7274
scaling gradient with 8 to 4.73865 -9.27207
	>>>> prev guard 15 21 cur guard 17.8266 16.4609
	was guard reflex vertex? 0
	was guard in reflex area? 0
	does guard intersect boundary ray 15 21 17.8266 16.4609?1
	is guard inside polygon? 0
0 other guards have coords 17.3025 17.3025
scaling gradient with 16 to 9.47731 -18.5441
	>>>> prev guard 15 21 cur guard 20.049 12.6243
	was guard reflex vertex? 0
	was guard in reflex area? 0
	does guard intersect boundary ray 15 21 20.049 12.6243?1
	is guard inside polygon? 0
0 other guards have coords 17.2566 17.2566
scaling gradient with 32 to 18.9546 -37.0883
	>>>> prev guard 15 21 cur guard 22.5706 7.68196
	was guard reflex vertex? 0
	was guard in reflex area? 0
	does guard intersect boundary ray 15 21 22.5706 7.68196?1
	is guard inside polygon? 0
0 other guards have coords 17.1746 17.1746
Df=0 0
h=0 0
Df=0 0
h=0 0
Df=-0.00178399 -0.0047573
h=-0.0005568 0.0002088
Df=-0.192 -0.256
h=-0.0512 0.0384
Df=0.667249 -0.667249
h=0.471817 0.471817
Df=0.000400001 0.000800003
h=0.000357772 -0.000178886
Df=0.343376 -0.583162
h=0.420418 0.510246
is completely visible? 0
are areas equal? 103=101.871?0
+++++2 guards with gradient 0
	======== guard 7 17
	was guard reflex vertex? 0
	computed gradient 0.0889073 0.262302 and pull 0.152206 0.155058
	------- removing guard 7 17
g1=7 17
area1=73.677
alpha1=0.8
scaling gradient with 0.03125 to 0.00277835 0.00819693
	>>>> prev guard 7 17 cur guard 7.0248 17.0261
	was guard reflex vertex? 0
	was guard in reflex area? 0
	does guard intersect boundary ray 7 17 7.0248 17.0261?0
	is guard inside polygon? 1
0 other guards have coords 7.0248 17.0261
	 new best guard at 7.0248 17.0261
scaling gradient with 0.0625 to 0.0055567 0.0163939
	>>>> prev guard 7 17 cur guard 7.06988 17.0744
	was guard reflex vertex? 0
	was guard in reflex area? 0
	does guard intersect boundary ray 7 17 7.06988 17.0744?0
	is guard inside polygon? 1
0 other guards have coords 7.06988 17.0744
	 new best guard at 7.06988 17.0744
scaling gradient with 0.125 to 0.0111134 0.0327877
	>>>> prev guard 7 17 cur guard 7.13207 17.1432
	was guard reflex vertex? 0
	was guard in reflex area? 0
	does guard intersect boundary ray 7 17 7.13207 17.1432?0
	is guard inside polygon? 1
0 other guards have coords 7.13207 17.1432
	 new best guard at 7.13207 17.1432
scaling gradient with 0.25 to 0.0222268 0.0655755
	>>>> prev guard 7 17 cur guard 7.20974 17.2334
	was guard reflex vertex? 0
	was guard in reflex area? 0
	does guard intersect boundary ray 7 17 7.20974 17.2334?0
	is guard inside polygon? 1
0 other guards have coords 7.20974 17.2334
	 new best guard at 7.20974 17.2334
scaling gradient with 0.5 to 0.0444536 0.131151
	>>>> prev guard 7 17 cur guard 7.30334 17.3515
	was guard reflex vertex? 0
	was guard in reflex area? 0
	does guard intersect boundary ray 7 17 7.30334 17.3515?0
	is guard inside polygon? 1
0 other guards have coords 7.30334 17.3515
	 new best guard at 7.30334 17.3515
scaling gradient with 1 to 0.0889073 0.262302
	>>>> prev guard 7 17 cur guard 7.41679 17.5126
	was guard reflex vertex? 0
	was guard in reflex area? 0
	does guard intersect boundary ray 7 17 7.41679 17.5126?0
	is guard inside polygon? 1
0 other guards have coords 7.41679 17.5126
	 new best guard at 7.41679 17.5126
scaling gradient with 2 to 0.177815 0.524604
	>>>> prev guard 7 17 cur guard 7.56036 17.7503
	was guard reflex vertex? 0
	was guard in reflex area? 0
	does guard intersect boundary ray 7 17 7.56036 17.7503?0
	is guard inside polygon? 1
0 other guards have coords 7.56036 17.7503
	 new best guard at 7.56036 17.7503
scaling gradient with 4 to 0.355629 1.04921
	>>>> prev guard 7 17 cur guard 7.75647 18.1332
	was guard reflex vertex? 0
	was guard in reflex area? 0
	does guard intersect boundary ray 7 17 7.75647 18.1332?0
	is guard inside polygon? 1
0 other guards have coords 7.75647 18.1332
	 new best guard at 7.75647 18.1332
scaling gradient with 8 to 0.711258 2.09842
	>>>> prev guard 7 17 cur guard 8.05151 18.8
	was guard reflex vertex? 0
	was guard in reflex area? 0
	does guard intersect boundary ray 7 17 8.05151 18.8?0
	is guard inside polygon? 1
0 other guards have coords 8.05151 18.8
	 new best guard at 8.05151 18.8
scaling gradient with 16 to 1.42252 4.19683
	>>>> prev guard 7 17 cur guard 8.5395 20.0298
	was guard reflex vertex? 0
	was guard in reflex area? 0
	does guard intersect boundary ray 7 17 8.5395 20.0298?0
	is guard inside polygon? 1
0 other guards have coords 8.5395 20.0298
	 new best guard at 8.5395 20.0298
scaling gradient with 32 to 2.84503 8.39366
	>>>> prev guard 7 17 cur guard 9.40945 22.3814
	was guard reflex vertex? 0
	was guard in reflex area? 0
	does guard intersect boundary ray 7 17 9.40945 22.3814?0
	is guard inside polygon? 1
0 other guards have coords 9.40945 22.3814
	 new best guard at 9.40945 22.3814
Df=0 0
h=0 0
Df=0 0
h=0 0
Df=-0.0170953 0
h=0 0.00244218
Df=0.429244 -0.245282
h=0.0304235 0.0532412
Df=-0.340383 0.453844
h=0.0907687 0.0680766
Df=-0.000640002 0.00128
h=0.000572435 0.000286218
Df=0.869949 2.35161
h=0.121765 0.124046
is completely visible? 0
are areas equal? 103=101.32?0
+++++1 guards with gradient 0
	======== guard 9 17
	was guard reflex vertex? 0
	computed gradient -2.84076 -0.2373 and pull -0.0323159 2.34321
	------- removing guard 9 17
g2=9 17
area2=46.2857
alpha2=0.8
scaling gradient with 0.03125 to -0.0887737 -0.00741563
pull reduced from 5.49169 to 	>>>> prev guard 9 17 cur guard 8.9858 16.9988
	was guard reflex vertex? 0
	was guard in reflex area? 0
	does guard intersect boundary ray 9 17 8.9858 16.9988?0
	is guard inside polygon? 1
0 other guards have coords 8.9858 16.9988
	 new best guard at 8.9858 16.9988
scaling gradient with 0.0625 to -0.177547 -0.0148313
pull reduced from 5.49169 to 	>>>> prev guard 9 17 cur guard 8.94603 16.9955
	was guard reflex vertex? 0
	was guard in reflex area? 0
	does guard intersect boundary ray 9 17 8.94603 16.9955?0
	is guard inside polygon? 1
0 other guards have coords 8.94603 16.9955
	 new best guard at 8.94603 16.9955
scaling gradient with 0.125 to -0.355095 -0.0296625
pull reduced from 5.49169 to 	>>>> prev guard 9 17 cur guard 8.85739 16.9883
	was guard reflex vertex? 0
	was guard in reflex area? 0
	does guard intersect boundary ray 9 17 8.85739 16.9883?0
	is guard inside polygon? 1
0 other guards have coords 8.85739 16.9883
	 new best guard at 8.85739 16.9883
scaling gradient with 0.25 to -0.710189 -0.0593251
pull reduced from 5.49169 to 	>>>> prev guard 9 17 cur guard 8.67284 16.9739
	was guard reflex vertex? 0
	was guard in reflex area? 0
	does guard intersect boundary ray 9 17 8.67284 16.9739?0
	is guard inside polygon? 1
0 other guards have coords 8.67284 16.9739
	 new best guard at 8.67284 16.9739
scaling gradient with 0.5 to -1.42038 -0.11865
pull reduced from 5.49169 to 	>>>> prev guard 9 17 cur guard 8.29789 16.947
	was guard reflex vertex? 0
	was guard in reflex area? 0
	does guard intersect boundary ray 9 17 8.29789 16.947?0
	is guard inside polygon? 1
0 other guards have coords 8.29789 16.947
	 new best guard at 8.29789 16.947
scaling gradient with 1 to -2.84076 -0.2373
pull reduced from 5.49169 to 	>>>> prev guard 9 17 cur guard 7.5432 16.9026
	was guard reflex vertex? 0
	was guard in reflex area? 0
	does guard intersect boundary ray 9 17 7.5432 16.9026?0
	is guard inside polygon? 1
0 other guards have coords 7.5432 16.9026
	 new best guard at 7.5432 16.9026
scaling gradient with 2 to -5.68151 -0.4746
pull reduced from 5.49169 to 	>>>> prev guard 9 17 cur guard 6.02957 16.8521
	was guard reflex vertex? 0
	was guard in reflex area? 0
	does guard intersect boundary ray 9 17 6.02957 16.8521?1
	is guard inside polygon? 0
0 other guards have coords 6.14225 16.8577
scaling gradient with 4 to -11.363 -0.949201
pull reduced from 5.49169 to 	>>>> prev guard 9 17 cur guard 3.10988 16.9102
	was guard reflex vertex? 0
	was guard in reflex area? 0
	does guard intersect boundary ray 9 17 3.10988 16.9102?1
	is guard inside polygon? 0
0 other guards have coords 6.04507 16.9549
scaling gradient with 8 to -22.7261 -1.8984
	>>>> prev guard 9 17 cur guard -0.0221606 17.068
	was guard reflex vertex? 0
	was guard in reflex area? 0
	does guard intersect boundary ray 9 17 -0.0221606 17.068?1
	is guard inside polygon? 0
0 other guards have coords 5.97721 17.0228
scaling gradient with 16 to -45.4521 -3.7968
	>>>> prev guard 9 17 cur guard -6.15409 16.8807
	was guard reflex vertex? 0
	was guard in reflex area? 0
	does guard intersect boundary ray 9 17 -6.15409 16.8807?1
	is guard inside polygon? 0
0 other guards have coords 6.02343 16.9766
scaling gradient with 32 to -90.9042 -7.59361
	>>>> prev guard 9 17 cur guard -18.2314 16.0228
	was guard reflex vertex? 0
	was guard in reflex area? 0
	does guard intersect boundary ray 9 17 -18.2314 16.0228?1
	is guard inside polygon? 0
0 other guards have coords 6.10392 16.8961
Df=0.00128 -0.00256
h=-0.00114487 -0.000572433
Df=-0.39199 -0.167996
h=-0.0220589 0.0514708
Df=-0.0674955 -0.0192844
h=-0.00264892 0.00927122
Df=-1.8144 0
h=0 1.8144
Df=-0.754689 -0.0443873
h=-0.0258527 1.87457
is completely visible? 0
are areas equal? 103=101.394?0
i=1
area=101.394
+++++3 guards with gradient 0
	======== guard 15.6561 19.8336
	was guard reflex vertex? 0
	computed gradient -0 -0 and pull -0 0
	======== guard 9.40945 22.3814
	was guard reflex vertex? 0
	computed gradient -1.35446 -2.77585 and pull -0.750282 0.368814
	------- removing guard 9.40945 22.3814
g1=9.40945 22.3814
area1=95.4673
alpha1=0.8
scaling gradient with 0.03125 to -0.0423268 -0.0867454
	>>>> prev guard 9.40945 22.3814 cur guard 9.97859 24.3078
	was guard reflex vertex? 0
	was guard in reflex area? 0
	does guard intersect boundary ray 9.40945 22.3814 9.97859 24.3078?1
	is guard inside polygon? 0
0 other guards have coords 9.88765 24
scaling gradient with 0.0625 to -0.0846537 -0.173491
	>>>> prev guard 9.40945 22.3814 cur guard 10.2094 25.5724
	was guard reflex vertex? 0
	was guard in reflex area? 0
	does guard intersect boundary ray 9.40945 22.3814 10.2094 25.5724?1
	is guard inside polygon? 0
0 other guards have coords 9.81521 24
scaling gradient with 0.125 to -0.169307 -0.346982
	>>>> prev guard 9.40945 22.3814 cur guard 9.92545 25.2614
	was guard reflex vertex? 0
	was guard in reflex area? 0
	does guard intersect boundary ray 9.40945 22.3814 9.92545 25.2614?1
	is guard inside polygon? 0
0 other guards have coords 9.69945 24
scaling gradient with 0.25 to -0.338615 -0.693963
	>>>> prev guard 9.40945 22.3814 cur guard 9.61342 24.9571
	was guard reflex vertex? 0
	was guard in reflex area? 0
	does guard intersect boundary ray 9.40945 22.3814 9.61342 24.9571?1
	is guard inside polygon? 0
0 other guards have coords 9.53763 24
scaling gradient with 0.5 to -0.677229 -1.38793
	>>>> prev guard 9.40945 22.3814 cur guard 9.2404 24.6026
	was guard reflex vertex? 0
	was guard in reflex area? 0
	does guard intersect boundary ray 9.40945 22.3814 9.2404 24.6026?1
	is guard inside polygon? 0
0 other guards have coords 9.28626 24
scaling gradient with 1 to -1.35446 -2.77585
	>>>> prev guard 9.40945 22.3814 cur guard 8.71173 24.097
	was guard reflex vertex? 0
	was guard in reflex area? 0
	does guard intersect boundary ray 9.40945 22.3814 8.71173 24.097?1
	is guard inside polygon? 0
0 other guards have coords 8.75116 24
scaling gradient with 2 to -2.70892 -5.55171
pull reduced from 0.698946 to 	>>>> prev guard 9.40945 22.3814 cur guard 7.767 23.2341
	was guard reflex vertex? 0
	was guard in reflex area? 0
	does guard intersect boundary ray 9.40945 22.3814 7.767 23.2341?0
	is guard inside polygon? 1
0 other guards have coords 7.767 23.2341
	 new best guard at 7.767 23.2341
scaling gradient with 4 to -5.41783 -11.1034
	>>>> prev guard 9.40945 22.3814 cur guard 5.99277 20.9038
	was guard reflex vertex? 0
	was guard in reflex area? 0
	does guard intersect boundary ray 9.40945 22.3814 5.99277 20.9038?0
	is guard inside polygon? 1
0 other guards have coords 5.99277 20.9038
	 new best guard at 5.99277 20.9038
scaling gradient with 8 to -10.8357 -22.2068
	>>>> prev guard 9.40945 22.3814 cur guard 2.71963 15.5455
	was guard reflex vertex? 0
	was guard in reflex area? 0
	does guard intersect boundary ray 9.40945 22.3814 2.71963 15.5455?1
	is guard inside polygon? 0
0 other guards have coords 5.06149 17.9385
scaling gradient with 16 to -21.6713 -44.4137
	>>>> prev guard 9.40945 22.3814 cur guard -1.14448 6.6047
	was guard reflex vertex? 0
	was guard in reflex area? 0
	does guard intersect boundary ray 9.40945 22.3814 -1.14448 6.6047?1
	is guard inside polygon? 0
0 other guards have coords 5.88588 17.1141
scaling gradient with 32 to -43.3427 -88.8273
	>>>> prev guard 9.40945 22.3814 cur guard -6.13377 -6.10629
	was guard reflex vertex? 0
	was guard in reflex area? 0
	does guard intersect boundary ray 9.40945 22.3814 -6.13377 -6.10629?1
	is guard inside polygon? 0
0 other guards have coords 6.30622 16.6938
Df=-0.0999253 -0.148747
h=-0.0512453 0.0344256
Df=0 0
h=0 0
Df=0 0
h=0 0
Df=0 0
h=0 0
Df=0 0
h=0 0
Df=0 0
h=0 0
Df=0 0
h=0 0
Df=-0.983642 -2.07194
h=-0.54898 0.260626
Df=-1.77423 -2.33027
h=-0.600225 0.295051
is completely visible? 0
are areas equal? 103=102.134?0
+++++2 guards with gradient 0
	======== guard 15.6561 19.8336
	was guard reflex vertex? 0
	computed gradient 0.737312 -0.145511 and pull 0.0527764 0.343984
	------- removing guard 15.6561 19.8336
g0=15.6561 19.8336
area0=70.2032
alpha0=0.8
scaling gradient with 0.03125 to 0.023041 -0.00454721
	>>>> prev guard 15.6561 19.8336 cur guard 15.943 19.4214
	was guard reflex vertex? 0
	was guard in reflex area? 0
	does guard intersect boundary ray 15.6561 19.8336 15.943 19.4214?0
	is guard inside polygon? 1
0 other guards have coords 15.943 19.4214
	 new best guard at 15.943 19.4214
scaling gradient with 0.0625 to 0.046082 -0.00909443
	>>>> prev guard 15.6561 19.8336 cur guard 16.1882 19.1452
	was guard reflex vertex? 0
	was guard in reflex area? 0
	does guard intersect boundary ray 15.6561 19.8336 16.1882 19.1452?0
	is guard inside polygon? 1
0 other guards have coords 16.1882 19.1452
	 new best guard at 16.1882 19.1452
scaling gradient with 0.125 to 0.0921641 -0.0181889
	>>>> prev guard 15.6561 19.8336 cur guard 16.4077 18.9764
	was guard reflex vertex? 0
	was guard in reflex area? 0
	does guard intersect boundary ray 15.6561 19.8336 16.4077 18.9764?0
	is guard inside polygon? 1
0 other guards have coords 16.4077 18.9764
	 new best guard at 16.4077 18.9764
scaling gradient with 0.25 to 0.184328 -0.0363777
	>>>> prev guard 15.6561 19.8336 cur guard 16.6211 18.8905
	was guard reflex vertex? 0
	was guard in reflex area? 0
	does guard intersect boundary ray 15.6561 19.8336 16.6211 18.8905?0
	is guard inside polygon? 1
0 other guards have coords 16.6211 18.8905
scaling gradient with 0.5 to 0.368656 -0.0727554
	>>>> prev guard 15.6561 19.8336 cur guard 16.8593 18.8652
	was guard reflex vertex? 0
	was guard in reflex area? 0
	does guard intersect boundary ray 15.6561 19.8336 16.8593 18.8652?0
	is guard inside polygon? 1
0 other guards have coords 16.8593 18.8652
scaling gradient with 1 to 0.737312 -0.145511
	>>>> prev guard 15.6561 19.8336 cur guard 17.1763 18.8768
	was guard reflex vertex? 0
	was guard in reflex area? 0
	does guard intersect boundary ray 15.6561 19.8336 17.1763 18.8768?0
	is guard inside polygon? 1
0 other guards have coords 17.1763 18.8768
scaling gradient with 2 to 1.47462 -0.291022
	>>>> prev guard 15.6561 19.8336 cur guard 17.6743 18.8945
	was guard reflex vertex? 0
	was guard in reflex area? 0
	does guard intersect boundary ray 15.6561 19.8336 17.6743 18.8945?0
	is guard inside polygon? 1
0 other guards have coords 17.6743 18.8945
scaling gradient with 4 to 2.94925 -0.582043
	>>>> prev guard 15.6561 19.8336 cur guard 18.553 18.8705
	was guard reflex vertex? 0
	was guard in reflex area? 0
	does guard intersect boundary ray 15.6561 19.8336 18.553 18.8705?0
	is guard inside polygon? 1
0 other guards have coords 18.553 18.8705
scaling gradient with 8 to 5.8985 -1.16409
	>>>> prev guard 15.6561 19.8336 cur guard 20.2081 18.7202
	was guard reflex vertex? 0
	was guard in reflex area? 0
	does guard intersect boundary ray 15.6561 19.8336 20.2081 18.7202?1
	is guard inside polygon? 0
0 other guards have coords 18.9386 19.0307
scaling gradient with 16 to 11.797 -2.32817
	>>>> prev guard 15.6561 19.8336 cur guard 22.1587 18.593
	was guard reflex vertex? 0
	was guard in reflex area? 0
	does guard intersect boundary ray 15.6561 19.8336 22.1587 18.593?1
	is guard inside polygon? 0
0 other guards have coords 18.3674 19.3163
scaling gradient with 32 to 23.594 -4.65635
	>>>> prev guard 15.6561 19.8336 cur guard 24.7269 18.2761
	was guard reflex vertex? 0
	was guard in reflex area? 0
	does guard intersect boundary ray 15.6561 19.8336 24.7269 18.2761?1
	is guard inside polygon? 0
0 other guards have coords 18.2097 19.3952
Df=0 0
h=0 0
Df=0 0
h=0 0
Df=-0.0108292 -0.0224988
h=-0.00234201 0.00112726
Df=0 0
h=0 0
Df=0.600861 -0.0953756
h=0.0434807 0.273926
Df=-0.000181487 0.00146577
h=0.00108244 0.000134024
Df=0.219417 -0.168828
h=0.0422211 0.275187
is completely visible? 0
are areas equal? 103=102.148?0
+++++1 guards with gradient 0
	======== guard 7.5432 16.9026
	was guard reflex vertex? 0
	computed gradient -0.59523 0.267239 and pull 0.159208 0.273709
	------- removing guard 7.5432 16.9026
g2=7.5432 16.9026
area2=72.1031
alpha2=0.8
scaling gradient with 0.03125 to -0.0186009 0.00835123
	>>>> prev guard 7.5432 16.9026 cur guard 6.96195 16.9122
	was guard reflex vertex? 0
	was guard in reflex area? 0
	does guard intersect boundary ray 7.5432 16.9026 6.96195 16.9122?0
	is guard inside polygon? 1
0 other guards have coords 6.96195 16.9122
	 new best guard at 6.96195 16.9122
scaling gradient with 0.0625 to -0.0372019 0.0167025
	>>>> prev guard 7.5432 16.9026 cur guard 6.51647 16.9664
	was guard reflex vertex? 0
	was guard in reflex area? 0
	does guard intersect boundary ray 7.5432 16.9026 6.51647 16.9664?0
	is guard inside polygon? 1
0 other guards have coords 6.51647 16.9664
scaling gradient with 0.125 to -0.0744038 0.0334049
	>>>> prev guard 7.5432 16.9026 cur guard 6.17365 17.0589
	was guard reflex vertex? 0
	was guard in reflex area? 0
	does guard intersect boundary ray 7.5432 16.9026 6.17365 17.0589?0
	is guard inside polygon? 1
0 other guards have coords 6.17365 17.0589
scaling gradient with 0.25 to -0.148808 0.0668098
	>>>> prev guard 7.5432 16.9026 cur guard 5.90106 17.1873
	was guard reflex vertex? 0
	was guard in reflex area? 0
	does guard intersect boundary ray 7.5432 16.9026 5.90106 17.1873?0
	is guard inside polygon? 1
0 other guards have coords 5.90106 17.1873
scaling gradient with 0.5 to -0.297615 0.13362
	>>>> prev guard 7.5432 16.9026 cur guard 5.66084 17.3553
	was guard reflex vertex? 0
	was guard in reflex area? 0
	does guard intersect boundary ray 7.5432 16.9026 5.66084 17.3553?0
	is guard inside polygon? 1
0 other guards have coords 5.66084 17.3553
scaling gradient with 1 to -0.59523 0.267239
	>>>> prev guard 7.5432 16.9026 cur guard 5.3989 17.5762
	was guard reflex vertex? 0
	was guard in reflex area? 0
	does guard intersect boundary ray 7.5432 16.9026 5.3989 17.5762?1
	is guard inside polygon? 0
0 other guards have coords 5.43525 17.5648
scaling gradient with 2 to -1.19046 0.534478
	>>>> prev guard 7.5432 16.9026 cur guard 5.0607 17.8708
	was guard reflex vertex? 0
	was guard in reflex area? 0
	does guard intersect boundary ray 7.5432 16.9026 5.0607 17.8708?1
	is guard inside polygon? 0
0 other guards have coords 5.17302 17.827
scaling gradient with 4 to -2.38092 1.06896
	>>>> prev guard 7.5432 16.9026 cur guard 4.51791 18.2866
	was guard reflex vertex? 0
	was guard in reflex area? 0
	does guard intersect boundary ray 7.5432 16.9026 4.51791 18.2866?1
	is guard inside polygon? 0
0 other guards have coords 4.87819 18.1218
scaling gradient with 8 to -4.76184 2.13791
	>>>> prev guard 7.5432 16.9026 cur guard 3.61768 18.8754
	was guard reflex vertex? 0
	was guard in reflex area? 0
	does guard intersect boundary ray 7.5432 16.9026 3.61768 18.8754?1
	is guard inside polygon? 0
0 other guards have coords 4.63674 18.3633
	 new best guard at 4.63674 18.3633
scaling gradient with 16 to -9.52368 4.27583
	>>>> prev guard 7.5432 16.9026 cur guard 2.13001 19.6941
	was guard reflex vertex? 0
	was guard in reflex area? 0
	does guard intersect boundary ray 7.5432 16.9026 2.13001 19.6941?1
	is guard inside polygon? 0
0 other guards have coords 4.55799 18.442
	 new best guard at 4.55799 18.442
scaling gradient with 32 to -19.0474 8.55166
	>>>> prev guard 7.5432 16.9026 cur guard -0.4695 20.9187
	was guard reflex vertex? 0
	was guard in reflex area? 0
	does guard intersect boundary ray 7.5432 16.9026 -0.4695 20.9187?1
	is guard inside polygon? 0
0 other guards have coords 4.64451 18.3555
Df=0.00520527 -0.00313256
h=-0.00297357 -0.00494108
Df=-0.436964 -0.0950102
h=-0.013081 0.0601612
Df=-0.0196014 -0.00150021
h=-0.000210758 0.00275373
Df=0.453915 -0.22108
h=0.0280046 0.057498
Df=-0.477683 0.533113
h=0.114859 0.102916
Df=-0.00105565 0.0014014
h=0.000768368 0.000578798
Df=-2.50673 1.33079
h=0.127366 0.218967
is completely visible? 0
are areas equal? 103=100.434?0
i=2
area=100.434
+++++3 guards with gradient 0
	======== guard 16.4077 18.9764
	was guard reflex vertex? 0
	computed gradient -3.49269 -0.513492 and pull -0.157562 1.13903
	------- removing guard 16.4077 18.9764
g0=16.4077 18.9764
area0=65.067
alpha0=0.8
scaling gradient with 0.03125 to -0.109146 -0.0160466
pull reduced from 1.32223 to 	>>>> prev guard 16.4077 18.9764 cur guard 16.5634 18.8552
	was guard reflex vertex? 0
	was guard in reflex area? 0
	does guard intersect boundary ray 16.4077 18.9764 16.5634 18.8552?0
	is guard inside polygon? 1
0 other guards have coords 16.5634 18.8552
	 new best guard at 16.5634 18.8552
scaling gradient with 0.0625 to -0.218293 -0.0320933
pull reduced from 1.32223 to 	>>>> prev guard 16.4077 18.9764 cur guard 16.652 18.7616
	was guard reflex vertex? 0
	was guard in reflex area? 0
	does guard intersect boundary ray 16.4077 18.9764 16.652 18.7616?0
	is guard inside polygon? 1
0 other guards have coords 16.652 18.7616
	 new best guard at 16.652 18.7616
scaling gradient with 0.125 to -0.436586 -0.0641865
pull reduced from 1.32223 to 	>>>> prev guard 16.4077 18.9764 cur guard 16.6525 18.68
	was guard reflex vertex? 0
	was guard in reflex area? 0
	does guard intersect boundary ray 16.4077 18.9764 16.6525 18.68?0
	is guard inside polygon? 1
0 other guards have coords 16.6525 18.68
	 new best guard at 16.6525 18.68
scaling gradient with 0.25 to -0.873172 -0.128373
pull reduced from 1.32223 to 	>>>> prev guard 16.4077 18.9764 cur guard 16.513 18.5956
	was guard reflex vertex? 0
	was guard in reflex area? 0
	does guard intersect boundary ray 16.4077 18.9764 16.513 18.5956?0
	is guard inside polygon? 1
0 other guards have coords 16.513 18.5956
	 new best guard at 16.513 18.5956
scaling gradient with 0.5 to -1.74634 -0.256746
pull reduced from 1.32223 to 	>>>> prev guard 16.4077 18.9764 cur guard 16.1211 18.4927
	was guard reflex vertex? 0
	was guard in reflex area? 0
	does guard intersect boundary ray 16.4077 18.9764 16.1211 18.4927?0
	is guard inside polygon? 1
0 other guards have coords 16.1211 18.4927
	 new best guard at 16.1211 18.4927
scaling gradient with 1 to -3.49269 -0.513492
pull reduced from 1.32223 to 	>>>> prev guard 16.4077 18.9764 cur guard 15.244 18.3636
	was guard reflex vertex? 0
	was guard in reflex area? 0
	does guard intersect boundary ray 16.4077 18.9764 15.244 18.3636?0
	is guard inside polygon? 1
0 other guards have coords 15.244 18.3636
	 new best guard at 15.244 18.3636
scaling gradient with 2 to -6.98537 -1.02698
	>>>> prev guard 16.4077 18.9764 cur guard 13.3993 18.2782
	was guard reflex vertex? 0
	was guard in reflex area? 0
	does guard intersect boundary ray 16.4077 18.9764 13.3993 18.2782?0
	is guard inside polygon? 1
0 other guards have coords 13.3993 18.2782
	 new best guard at 13.3993 18.2782
scaling gradient with 4 to -13.9707 -2.05397
	>>>> prev guard 16.4077 18.9764 cur guard 9.66313 18.0636
	was guard reflex vertex? 0
	was guard in reflex area? 0
	does guard intersect boundary ray 16.4077 18.9764 9.66313 18.0636?1
	is guard inside polygon? 0
0 other guards have coords 12.9829 18.5129
	 new best guard at 12.9829 18.5129
scaling gradient with 8 to -27.9415 -4.10794
	>>>> prev guard 16.4077 18.9764 cur guard 5.49803 17.8661
	was guard reflex vertex? 0
	was guard in reflex area? 0
	does guard intersect boundary ray 16.4077 18.9764 5.49803 17.8661?1
	is guard inside polygon? 1
0 other guards have coords 12.8479 18.6141
	 new best guard at 12.8479 18.6141
scaling gradient with 16 to -55.883 -8.21588
	>>>> prev guard 16.4077 18.9764 cur guard -2.10646 16.9644
	was guard reflex vertex? 0
	was guard in reflex area? 0
	does guard intersect boundary ray 16.4077 18.9764 -2.10646 16.9644?1
	is guard inside polygon? 0
0 other guards have coords 12.8765 18.5926
scaling gradient with 32 to -111.766 -16.4318
	>>>> prev guard 16.4077 18.9764 cur guard -16.9947 14.826
	was guard reflex vertex? 0
	was guard in reflex area? 0
	does guard intersect boundary ray 16.4077 18.9764 -16.9947 14.826?1
	is guard inside polygon? 0
0 other guards have coords 12.9394 18.5454
Df=0 0
h=0 0
Df=0 0
h=0 0
Df=-0.0196094 -0.0367221
h=-0.00344325 0.00183868
Df=0 0
h=0 0
Df=-2.77454 -0.374072
h=-0.122607 0.909389
Df=0 0
h=0 0
Df=-7.48482 -0.646767
h=-0.12605 0.911228
is completely visible? 0
are areas equal? 103=100.73?0
+++++2 guards with gradient 0
	======== guard 5.99277 20.9038
	was guard reflex vertex? 0
	computed gradient 0.217363 0.0551028 and pull 0.126294 -0.00500624
	------- removing guard 5.99277 20.9038
g1=5.99277 20.9038
area1=88.7227
alpha1=0.8
scaling gradient with 0.03125 to 0.0067926 0.00172196
	>>>> prev guard 5.99277 20.9038 cur guard 4.59468 19.0391
	was guard reflex vertex? 0
	was guard in reflex area? 0
	does guard intersect boundary ray 5.99277 20.9038 4.59468 19.0391?0
	is guard inside polygon? 1
0 other guards have coords 4.59468 19.0391
scaling gradient with 0.0625 to 0.0135852 0.00344393
	>>>> prev guard 5.99277 20.9038 cur guard 3.49859 17.547
	was guard reflex vertex? 0
	was guard in reflex area? 0
	does guard intersect boundary ray 5.99277 20.9038 3.49859 17.547?1
	is guard inside polygon? 0
0 other guards have coords 4.33171 18.6683
scaling gradient with 0.125 to 0.0271704 0.00688785
	>>>> prev guard 5.99277 20.9038 cur guard 3.47939 17.475
	was guard reflex vertex? 0
	was guard in reflex area? 0
	does guard intersect boundary ray 5.99277 20.9038 3.47939 17.475?1
	is guard inside polygon? 0
0 other guards have coords 4.34463 18.6554
scaling gradient with 0.25 to 0.0543408 0.0137757
	>>>> prev guard 5.99277 20.9038 cur guard 3.69168 17.7021
	was guard reflex vertex? 0
	was guard in reflex area? 0
	does guard intersect boundary ray 5.99277 20.9038 3.69168 17.7021?1
	is guard inside polygon? 0
0 other guards have coords 4.36335 18.6367
scaling gradient with 0.5 to 0.108682 0.0275514
	>>>> prev guard 5.99277 20.9038 cur guard 3.87858 17.8777
	was guard reflex vertex? 0
	was guard in reflex area? 0
	does guard intersect boundary ray 5.99277 20.9038 3.87858 17.8777?1
	is guard inside polygon? 0
0 other guards have coords 4.39013 18.6099
scaling gradient with 1 to 0.217363 0.0551028
	>>>> prev guard 5.99277 20.9038 cur guard 4.0573 18.0107
	was guard reflex vertex? 0
	was guard in reflex area? 0
	does guard intersect boundary ray 5.99277 20.9038 4.0573 18.0107?1
	is guard inside polygon? 0
0 other guards have coords 4.43089 18.5691
scaling gradient with 2 to 0.434726 0.110206
	>>>> prev guard 5.99277 20.9038 cur guard 4.25439 18.1066
	was guard reflex vertex? 0
	was guard in reflex area? 0
	does guard intersect boundary ray 5.99277 20.9038 4.25439 18.1066?1
	is guard inside polygon? 0
0 other guards have coords 4.4993 18.5007
scaling gradient with 4 to 0.869452 0.220411
	>>>> prev guard 5.99277 20.9038 cur guard 4.51742 18.1651
	was guard reflex vertex? 0
	was guard in reflex area? 0
	does guard intersect boundary ray 5.99277 20.9038 4.51742 18.1651?1
	is guard inside polygon? 0
0 other guards have coords 4.62856 18.3714
scaling gradient with 8 to 1.7389 0.440822
	>>>> prev guard 5.99277 20.9038 cur guard 4.94148 18.1727
	was guard reflex vertex? 0
	was guard in reflex area? 0
	does guard intersect boundary ray 5.99277 20.9038 4.94148 18.1727?0
	is guard inside polygon? 1
0 other guards have coords 4.94148 18.1727
scaling gradient with 16 to 3.47781 0.881645
	>>>> prev guard 5.99277 20.9038 cur guard 5.76848 18.154
	was guard reflex vertex? 0
	was guard in reflex area? 0
	does guard intersect boundary ray 5.99277 20.9038 5.76848 18.154?0
	is guard inside polygon? 1
0 other guards have coords 5.76848 18.154
scaling gradient with 32 to 6.95562 1.76329
	>>>> prev guard 5.99277 20.9038 cur guard 7.56319 18.4204
	was guard reflex vertex? 0
	was guard in reflex area? 0
	does guard intersect boundary ray 5.99277 20.9038 7.56319 18.4204?0
	is guard inside polygon? 1
0 other guards have coords 7.56319 18.4204
	 new best guard at 7.56319 18.4204
Df=0.038842 -9.07157e-05
h=2.92992e-05 0.0125451
Df=0 0
h=0 0
Df=0 0
h=0 0
Df=0.0341786 -0.312024
h=0.0309944 0.00339509
Df=1.48197e-05 0.000180482
h=1.63417e-05 -1.34185e-06
Df=0.0628532 0.348211
h=0.0684356 -0.0123529
Df=0 0
h=0 0
Df=0.0380019 0.00780549
h=0.00155917 -0.00759098
Df=1.7947 0.266362
h=0.101035 -0.00400499
is completely visible? 0
are areas equal? 103=102.672?0
+++++1 guards with gradient 0
	======== guard 4.55799 18.442
	was guard reflex vertex? 0
	computed gradient 0.545378 0.225585 and pull 0.188843 0.0017069
	------- removing guard 4.55799 18.442
g2=4.55799 18.442
area2=74.3803
alpha2=0.8
scaling gradient with 0.03125 to 0.0170431 0.00704954
	>>>> prev guard 4.55799 18.442 cur guard 2.58555 19.508
	was guard reflex vertex? 0
	was guard in reflex area? 0
	does guard intersect boundary ray 4.55799 18.442 2.58555 19.508?1
	is guard inside polygon? 0
0 other guards have coords 3.03875 19.9613
	 new best guard at 3.03875 19.9613
scaling gradient with 0.0625 to 0.0340862 0.0140991
	>>>> prev guard 4.55799 18.442 cur guard 1.49647 20.8166
	was guard reflex vertex? 0
	was guard in reflex area? 0
	does guard intersect boundary ray 4.55799 18.442 1.49647 20.8166?1
	is guard inside polygon? 0
0 other guards have coords 3 20
scaling gradient with 0.125 to 0.0681723 0.0281982
	>>>> prev guard 4.55799 18.442 cur guard 1.8073 20.6891
	was guard reflex vertex? 0
	was guard in reflex area? 0
	does guard intersect boundary ray 4.55799 18.442 1.8073 20.6891?1
	is guard inside polygon? 0
0 other guards have coords 3 20
scaling gradient with 0.25 to 0.136345 0.0563964
	>>>> prev guard 4.55799 18.442 cur guard 2.09787 20.5606
	was guard reflex vertex? 0
	was guard in reflex area? 0
	does guard intersect boundary ray 4.55799 18.442 2.09787 20.5606?1
	is guard inside polygon? 0
0 other guards have coords 3 20
scaling gradient with 0.5 to 0.272689 0.112793
	>>>> prev guard 4.55799 18.442 cur guard 2.35214 20.4668
	was guard reflex vertex? 0
	was guard in reflex area? 0
	does guard intersect boundary ray 4.55799 18.442 2.35214 20.4668?1
	is guard inside polygon? 0
0 other guards have coords 3 20
scaling gradient with 1 to 0.545378 0.225585
	>>>> prev guard 4.55799 18.442 cur guard 2.59919 20.4098
	was guard reflex vertex? 0
	was guard in reflex area? 0
	does guard intersect boundary ray 4.55799 18.442 2.59919 20.4098?1
	is guard inside polygon? 0
0 other guards have coords 3 20
scaling gradient with 2 to 1.09076 0.451171
	>>>> prev guard 4.55799 18.442 cur guard 2.88409 20.4003
	was guard reflex vertex? 0
	was guard in reflex area? 0
	does guard intersect boundary ray 4.55799 18.442 2.88409 20.4003?1
	is guard inside polygon? 0
0 other guards have coords 3 20
scaling gradient with 4 to 2.18151 0.902342
	>>>> prev guard 4.55799 18.442 cur guard 3.28653 20.4649
	was guard reflex vertex? 0
	was guard in reflex area? 0
	does guard intersect boundary ray 4.55799 18.442 3.28653 20.4649?1
	is guard inside polygon? 0
0 other guards have coords 3 20
scaling gradient with 8 to 4.36303 1.80468
	>>>> prev guard 4.55799 18.442 cur guard 3.95752 20.6609
	was guard reflex vertex? 0
	was guard in reflex area? 0
	does guard intersect boundary ray 4.55799 18.442 3.95752 20.6609?1
	is guard inside polygon? 1
0 other guards have coords 3.1483 19.8517
	 new best guard at 3.1483 19.8517
scaling gradient with 16 to 8.72606 3.60937
	>>>> prev guard 4.55799 18.442 cur guard 5.3407 20.9582
	was guard reflex vertex? 0
	was guard in reflex area? 0
	does guard intersect boundary ray 4.55799 18.442 5.3407 20.9582?1
	is guard inside polygon? 1
0 other guards have coords 3.69124 19.3088
	 new best guard at 3.69124 19.3088
scaling gradient with 32 to 17.4521 7.21873
	>>>> prev guard 4.55799 18.442 cur guard 8.26772 21.3492
	was guard reflex vertex? 0
	was guard in reflex area? 0
	does guard intersect boundary ray 4.55799 18.442 8.26772 21.3492?1
	is guard inside polygon? 1
0 other guards have coords 4.95924 18.0408
Df=0.0331613 -0.00860366
h=0.00149837 0.00577521
Df=-0.0025635 0.00112633
h=0.000185532 0.000422267
Df=0.306023 -0.354697
h=0.0416885 0.0359677
Df=2.08169e-05 -6.69443e-05
h=5.58687e-06 1.73728e-06
Df=-0.0861578 0.356248
h=0.0537512 0.0129996
Df=7.09822e-05 0.000713333
h=0.000159798 -1.59012e-05
Df=0.185748 0.185748
h=0.053785 -0.053785
Df=2.1924 1.10651
h=0.151074 0.00136552
is completely visible? 0
are areas equal? 103=102.764?0
i=3
area=102.764
+++++3 guards with gradient 0
	======== guard 12.8479 18.6141
	was guard reflex vertex? 0
	computed gradient -0.216078 0.126889 and pull 0.0432022 0.0362718
	------- removing guard 12.8479 18.6141
g0=12.8479 18.6141
area0=56.4936
alpha0=0.8
scaling gradient with 0.03125 to -0.00675243 0.00396528
	>>>> prev guard 12.8479 18.6141 cur guard 6.86586 18.1031
	was guard reflex vertex? 0
	was guard in reflex area? 0
	does guard intersect boundary ray 12.8479 18.6141 6.86586 18.1031?1
	is guard inside polygon? 1
0 other guards have coords 9.26466 21.3015
	 new best guard at 9.26466 21.3015
scaling gradient with 0.0625 to -0.0135049 0.00793056
	>>>> prev guard 12.8479 18.6141 cur guard 4.48379 20.8998
	was guard reflex vertex? 0
	was guard in reflex area? 0
	does guard intersect boundary ray 12.8479 18.6141 4.48379 20.8998?1
	is guard inside polygon? 1
0 other guards have coords 6.39772 23.4517
	 new best guard at 6.39772 23.4517
scaling gradient with 0.125 to -0.0270097 0.0158611
	>>>> prev guard 12.8479 18.6141 cur guard 2.57562 23.1387
	was guard reflex vertex? 0
	was guard in reflex area? 0
	does guard intersect boundary ray 12.8479 18.6141 2.57562 23.1387?1
	is guard inside polygon? 0
0 other guards have coords 11 20
scaling gradient with 0.25 to -0.0540194 0.0317222
	>>>> prev guard 12.8479 18.6141 cur guard 7.94059 19.7605
	was guard reflex vertex? 0
	was guard in reflex area? 0
	does guard intersect boundary ray 12.8479 18.6141 7.94059 19.7605?1
	is guard inside polygon? 1
0 other guards have coords 9.15695 21.3823
	 new best guard at 9.15695 21.3823
scaling gradient with 0.5 to -0.108039 0.0634445
	>>>> prev guard 12.8479 18.6141 cur guard 6.69905 21.2066
	was guard reflex vertex? 0
	was guard in reflex area? 0
	does guard intersect boundary ray 12.8479 18.6141 6.69905 21.2066?1
	is guard inside polygon? 1
0 other guards have coords 7.66822 22.4988
	 new best guard at 7.66822 22.4988
scaling gradient with 1 to -0.216078 0.126889
	>>>> prev guard 12.8479 18.6141 cur guard 5.67424 22.3844
	was guard reflex vertex? 0
	was guard in reflex area? 0
	does guard intersect boundary ray 12.8479 18.6141 5.67424 22.3844?1
	is guard inside polygon? 1
0 other guards have coords 6.447 23.4147
	 new best guard at 6.447 23.4147
scaling gradient with 2 to -0.432155 0.253778
	>>>> prev guard 12.8479 18.6141 cur guard 4.78958 23.3696
	was guard reflex vertex? 0
	was guard in reflex area? 0
	does guard intersect boundary ray 12.8479 18.6141 4.78958 23.3696?1
	is guard inside polygon? 0
0 other guards have coords 11 20
scaling gradient with 4 to -0.86431 0.507556
	>>>> prev guard 12.8479 18.6141 cur guard 9.54269 20.0509
	was guard reflex vertex? 0
	was guard in reflex area? 0
	does guard intersect boundary ray 12.8479 18.6141 9.54269 20.0509?1
	is guard inside polygon? 1
0 other guards have coords 10.0429 20.7178
scaling gradient with 8 to -1.72862 1.01511
	>>>> prev guard 12.8479 18.6141 cur guard 8.60737 20.9268
	was guard reflex vertex? 0
	was guard in reflex area? 0
	does guard intersect boundary ray 12.8479 18.6141 8.60737 20.9268?1
	is guard inside polygon? 1
0 other guards have coords 9.02387 21.4821
	 new best guard at 9.02387 21.4821
scaling gradient with 16 to -3.45724 2.03022
	>>>> prev guard 12.8479 18.6141 cur guard 7.3292 21.9799
	was guard reflex vertex? 0
	was guard in reflex area? 0
	does guard intersect boundary ray 12.8479 18.6141 7.3292 21.9799?1
	is guard inside polygon? 1
0 other guards have coords 7.70034 22.4747
	 new best guard at 7.70034 22.4747
scaling gradient with 32 to -6.91448 4.06044
	>>>> prev guard 12.8479 18.6141 cur guard 5.24521 23.5285
	was guard reflex vertex? 0
	was guard in reflex area? 0
	does guard intersect boundary ray 12.8479 18.6141 5.24521 23.5285?1
	is guard inside polygon? 0
0 other guards have coords 11 20
Df=0 0
h=0 0
Df=0 0
h=0 0
Df=-0.102009 -0.110759
h=-0.0139316 0.012831
Df=0 0
h=0 0
Df=0 0
h=0 0
Df=-0.0708527 0.21227
h=0.0484934 0.0161864
Df=-1.69466 0.497791
h=0.0345618 0.0290174
is completely visible? 0
are areas equal? 103=102.971?0
+++++2 guards with gradient 0
	======== guard 7.56319 18.4204
	was guard reflex vertex? 0
	computed gradient 0.546796 -0.409931 and pull 0.0586868 0.11601
	------- removing guard 7.56319 18.4204
g1=7.56319 18.4204
area1=77.1214
alpha1=0.8
scaling gradient with 0.03125 to 0.0170874 -0.0128103
	>>>> prev guard 7.56319 18.4204 cur guard 9.01108 18.65
	was guard reflex vertex? 0
	was guard in reflex area? 0
	does guard intersect boundary ray 7.56319 18.4204 9.01108 18.65?0
	is guard inside polygon? 1
0 other guards have coords 9.01108 18.65
scaling gradient with 0.0625 to 0.0341747 -0.0256207
	>>>> prev guard 7.56319 18.4204 cur guard 10.1842 18.8481
	was guard reflex vertex? 0
	was guard in reflex area? 0
	does guard intersect boundary ray 7.56319 18.4204 10.1842 18.8481?1
	is guard inside polygon? 0
0 other guards have coords 9.78259 18.7826
scaling gradient with 0.125 to 0.0683495 -0.0512414
	>>>> prev guard 7.56319 18.4204 cur guard 10.7414 18.9515
	was guard reflex vertex? 0
	was guard in reflex area? 0
	does guard intersect boundary ray 7.56319 18.4204 10.7414 18.9515?1
	is guard inside polygon? 0
0 other guards have coords 9.79298 18.793
scaling gradient with 0.25 to 0.136699 -0.102483
	>>>> prev guard 7.56319 18.4204 cur guard 10.5913 18.9302
	was guard reflex vertex? 0
	was guard in reflex area? 0
	does guard intersect boundary ray 7.56319 18.4204 10.5913 18.9302?1
	is guard inside polygon? 0
0 other guards have coords 9.7964 18.7964
scaling gradient with 0.5 to 0.273398 -0.204966
	>>>> prev guard 7.56319 18.4204 cur guard 10.4882 18.892
	was guard reflex vertex? 0
	was guard in reflex area? 0
	does guard intersect boundary ray 7.56319 18.4204 10.4882 18.892?1
	is guard inside polygon? 0
0 other guards have coords 9.77738 18.7774
scaling gradient with 1 to 0.546796 -0.409931
	>>>> prev guard 7.56319 18.4204 cur guard 10.4277 18.8068
	was guard reflex vertex? 0
	was guard in reflex area? 0
	does guard intersect boundary ray 7.56319 18.4204 10.4277 18.8068?1
	is guard inside polygon? 0
0 other guards have coords 9.70999 18.71
scaling gradient with 2 to 1.09359 -0.819862
	>>>> prev guard 7.56319 18.4204 cur guard 10.4146 18.6209
	was guard reflex vertex? 0
	was guard in reflex area? 0
	does guard intersect boundary ray 7.56319 18.4204 10.4146 18.6209?1
	is guard inside polygon? 0
0 other guards have coords 9.56089 18.5609
scaling gradient with 4 to 2.18718 -1.63972
	>>>> prev guard 7.56319 18.4204 cur guard 10.4839 18.2458
	was guard reflex vertex? 0
	was guard in reflex area? 0
	does guard intersect boundary ray 7.56319 18.4204 10.4839 18.2458?1
	is guard inside polygon? 0
0 other guards have coords 9.31566 18.3157
scaling gradient with 8 to 4.37437 -3.27945
	>>>> prev guard 7.56319 18.4204 cur guard 10.7634 17.5575
	was guard reflex vertex? 0
	was guard in reflex area? 0
	does guard intersect boundary ray 7.56319 18.4204 10.7634 17.5575?1
	is guard inside polygon? 0
0 other guards have coords 9.02596 18.026
scaling gradient with 16 to 8.74873 -6.5589
	>>>> prev guard 7.56319 18.4204 cur guard 11.5933 16.3885
	was guard reflex vertex? 0
	was guard in reflex area? 0
	does guard intersect boundary ray 7.56319 18.4204 11.5933 16.3885?1
	is guard inside polygon? 0
0 other guards have coords 9.06762 17.6619
scaling gradient with 32 to 17.4975 -13.1178
	>>>> prev guard 7.56319 18.4204 cur guard 13.9305 14.2717
	was guard reflex vertex? 0
	was guard in reflex area? 0
	does guard intersect boundary ray 7.56319 18.4204 13.9305 14.2717?1
	is guard inside polygon? 0
0 other guards have coords 9.11861 17.4069
Df=0.00250839 -0.000583665
h=-0.00023487 -0.00100939
Df=0 0
h=0 0
Df=-0.0829452 -0.00837223
h=-0.00149292 0.0147906
Df=0.517873 -0.318989
h=0.0486772 0.0790267
Df=0 0
h=0 0
Df=0 0
h=0 0
Df=1.7947 0.266362
h=0.0469494 0.0928079
is completely visible? 0
are areas equal? 103=102.971?0
+++++1 guards with gradient 0
	======== guard 3.69124 19.3088
	was guard reflex vertex? 0
	computed gradient 0.229617 0.441302 and pull 0.115057 -0.0155406
	------- removing guard 3.69124 19.3088
g2=3.69124 19.3088
area2=77.0345
alpha2=0.8
scaling gradient with 0.03125 to 0.00717554 0.0137907
	>>>> prev guard 3.69124 19.3088 cur guard 5.46472 20.1937
	was guard reflex vertex? 0
	was guard in reflex area? 0
	does guard intersect boundary ray 3.69124 19.3088 5.46472 20.1937?1
	is guard inside polygon? 1
0 other guards have coords 4.13552 18.8645
	 new best guard at 4.13552 18.8645
scaling gradient with 0.0625 to 0.0143511 0.0275813
	>>>> prev guard 3.69124 19.3088 cur guard 5.57501 19.5743
	was guard reflex vertex? 0
	was guard in reflex area? 0
	does guard intersect boundary ray 3.69124 19.3088 5.57501 19.5743?1
	is guard inside polygon? 1
0 other guards have coords 4.50033 18.4997
scaling gradient with 0.125 to 0.0287022 0.0551627
	>>>> prev guard 3.69124 19.3088 cur guard 5.67492 19.0739
	was guard reflex vertex? 0
	was guard in reflex area? 0
	does guard intersect boundary ray 3.69124 19.3088 5.67492 19.0739?1
	is guard inside polygon? 1
0 other guards have coords 4.80051 18.1995
scaling gradient with 0.25 to 0.0574043 0.110325
	>>>> prev guard 3.69124 19.3088 cur guard 5.76777 18.674
	was guard reflex vertex? 0
	was guard in reflex area? 0
	does guard intersect boundary ray 3.69124 19.3088 5.76777 18.674?1
	is guard inside polygon? 1
0 other guards have coords 5.04686 17.9531
scaling gradient with 0.5 to 0.114809 0.220651
	>>>> prev guard 3.69124 19.3088 cur guard 5.85746 18.3656
	was guard reflex vertex? 0
	was guard in reflex area? 0
	does guard intersect boundary ray 3.69124 19.3088 5.85746 18.3656?1
	is guard inside polygon? 1
0 other guards have coords 5.24593 17.7541
scaling gradient with 1 to 0.229617 0.441302
	>>>> prev guard 3.69124 19.3088 cur guard 5.94955 18.1522
	was guard reflex vertex? 0
	was guard in reflex area? 0
	does guard intersect boundary ray 3.69124 19.3088 5.94955 18.1522?1
	is guard inside polygon? 1
0 other guards have coords 5.3987 17.6013
scaling gradient with 2 to 0.459234 0.882603
	>>>> prev guard 3.69124 19.3088 cur guard 6.05348 18.0585
	was guard reflex vertex? 0
	was guard in reflex area? 0
	does guard intersect boundary ray 3.69124 19.3088 6.05348 18.0585?1
	is guard inside polygon? 1
0 other guards have coords 5.49749 17.5025
scaling gradient with 4 to 0.918469 1.76521
	>>>> prev guard 3.69124 19.3088 cur guard 6.18668 18.1482
	was guard reflex vertex? 0
	was guard in reflex area? 0
	does guard intersect boundary ray 3.69124 19.3088 6.18668 18.1482?1
	is guard inside polygon? 1
0 other guards have coords 5.51923 17.4808
scaling gradient with 8 to 1.83694 3.53041
	>>>> prev guard 3.69124 19.3088 cur guard 6.3829 18.5597
	was guard reflex vertex? 0
	was guard in reflex area? 0
	does guard intersect boundary ray 3.69124 19.3088 6.3829 18.5597?1
	is guard inside polygon? 1
0 other guards have coords 5.41159 17.5884
scaling gradient with 16 to 3.67388 7.06082
	>>>> prev guard 3.69124 19.3088 cur guard 6.70876 19.5788
	was guard reflex vertex? 0
	was guard in reflex area? 0
	does guard intersect boundary ray 3.69124 19.3088 6.70876 19.5788?1
	is guard inside polygon? 1
0 other guards have coords 5.06497 17.935
scaling gradient with 32 to 7.34775 14.1216
	>>>> prev guard 3.69124 19.3088 cur guard 7.29676 21.7843
	was guard reflex vertex? 0
	was guard in reflex area? 0
	does guard intersect boundary ray 3.69124 19.3088 7.29676 21.7843?1
	is guard inside polygon? 1
0 other guards have coords 4.25622 18.7438
Df=0.0503337 -0.0247713
h=0.00473767 0.00962664
Df=-0.000284702 0.000200801
h=3.49785e-05 4.95935e-05
Df=0.00735414 -0.0114574
h=0.00131925 0.000846784
Df=0.0226236 -0.103472
h=0.00821238 0.00179559
Df=-0.0335639 0.354882
h=0.04834 0.00457189
Df=0.000140088 0.000568244
h=0.000103928 -2.5621e-05
Df=0.137091 0.137091
h=0.0292974 -0.0292974
Df=1.77348 0.884927
h=0.0920456 -0.0124325
is completely visible? 1
are areas equal? 103=103?1
i=5
area=103
g0=7.70034 22.4747
alpha0=0.8
area0=98.6584
g1=7.56319 18.4204
alpha1=0.8
area1=77.1214
g2=4.13552 18.8645
alpha2=0.8
area2=76.0703
