14
4 5 4 3
5 9 4 5
6 5 5 9
7 5 6 5
8 9 7 5
9 5 8 9
10 5 9 5
11 9 10 5
12 5 11 9
13 5 12 5
14 9 13 5
15 3 4 3
15 5 15 3
14 9 15 5
total area=38
i=0
area=31.2658
+++++4 guards with gradient 0
	======== guard 6.7 3.5
	was guard reflex vertex? 0
	computed gradient 1.62385 -0.435874 and pull 0.233646 1.04357
	------- removing guard 6.7 3.5
g0=6.7 3.5
area0=30.0565
alpha0=0.4
scaling gradient with 0.03125 to 0.0507454 -0.0136211
	>>>> prev guard 6.7 3.5 cur guard 6.72275 3.5824
	was guard reflex vertex? 0
	was guard in reflex area? 0
	does guard intersect boundary ray 6.7 3.5 6.72275 3.5824?0
	is guard inside polygon? 1
0 other guards have coords 6.72275 3.5824
	 new best guard at 6.72275 3.5824
scaling gradient with 0.0625 to 0.101491 -0.0272421
	>>>> prev guard 6.7 3.5 cur guard 6.76776 3.72962
	was guard reflex vertex? 0
	was guard in reflex area? 0
	does guard intersect boundary ray 6.7 3.5 6.76776 3.72962?0
	is guard inside polygon? 1
0 other guards have coords 6.76776 3.72962
scaling gradient with 0.125 to 0.202982 -0.0544842
	>>>> prev guard 6.7 3.5 cur guard 6.8387 3.92653
	was guard reflex vertex? 0
	was guard in reflex area? 0
	does guard intersect boundary ray 6.7 3.5 6.8387 3.92653?0
	is guard inside polygon? 1
0 other guards have coords 6.8387 3.92653
scaling gradient with 0.25 to 0.405963 -0.108968
	>>>> prev guard 6.7 3.5 cur guard 6.94662 4.15882
	was guard reflex vertex? 0
	was guard in reflex area? 0
	does guard intersect boundary ray 6.7 3.5 6.94662 4.15882?0
	is guard inside polygon? 1
0 other guards have coords 6.94662 4.15882
scaling gradient with 0.5 to 0.811926 -0.217937
	>>>> prev guard 6.7 3.5 cur guard 7.11661 4.4107
	was guard reflex vertex? 0
	was guard in reflex area? 0
	does guard intersect boundary ray 6.7 3.5 7.11661 4.4107?0
	is guard inside polygon? 1
0 other guards have coords 7.11661 4.4107
scaling gradient with 1 to 1.62385 -0.435874
event=placed on reflex vertex 7 5
	>>>> prev guard 6.7 3.5 cur guard 7 5
	was guard reflex vertex? 0
	was guard in reflex area? 0
	does guard intersect boundary ray 6.7 3.5 7 5?0
	is guard inside polygon? 1
0 other guards have coords 7 5
scaling gradient with 2 to 3.24771 -0.871747
event=placed on reflex vertex 7 5
	>>>> prev guard 6.7 3.5 cur guard 7 5
	was guard reflex vertex? 0
	was guard in reflex area? 0
	does guard intersect boundary ray 6.7 3.5 7 5?0
	is guard inside polygon? 1
0 other guards have coords 7 5
scaling gradient with 4 to 6.49541 -1.74349
event=placed on reflex vertex 7 5
	>>>> prev guard 6.7 3.5 cur guard 7 5
	was guard reflex vertex? 0
	was guard in reflex area? 0
	does guard intersect boundary ray 6.7 3.5 7 5?0
	is guard inside polygon? 1
0 other guards have coords 7 5
scaling gradient with 8 to 12.9908 -3.48699
event=placed on reflex vertex 7 5
	>>>> prev guard 6.7 3.5 cur guard 7 5
	was guard reflex vertex? 0
	was guard in reflex area? 0
	does guard intersect boundary ray 6.7 3.5 7 5?0
	is guard inside polygon? 1
0 other guards have coords 7 5
scaling gradient with 16 to 25.9816 -6.97398
event=placed on reflex vertex 7 5
	>>>> prev guard 6.7 3.5 cur guard 7 5
	was guard reflex vertex? 0
	was guard in reflex area? 0
	does guard intersect boundary ray 6.7 3.5 7 5?0
	is guard inside polygon? 1
0 other guards have coords 7 5
scaling gradient with 32 to 51.9633 -13.948
event=placed on reflex vertex 7 5
	>>>> prev guard 6.7 3.5 cur guard 7 5
	was guard reflex vertex? 0
	was guard in reflex area? 0
	does guard intersect boundary ray 6.7 3.5 7 5?0
	is guard inside polygon? 1
0 other guards have coords 7 5
Df=0 0
h=0 0
Df=0.632029 -0.126406
h=0.082634 0.41317
Df=0 0
h=0 0
Df=0.0128045 -0.0281699
h=0.00777119 0.00353236
Df=0 0
h=0 0
Df=0.00470807 -0.0197739
h=0.00305336 0.00072699
Df=0.0227513 0.0823962
h=0.0934585 0.417429
is completely visible? 0
are areas equal? 38=31.2082?0
+++++3 guards with gradient 0
	======== guard 4.1 4
	was guard reflex vertex? 0
	computed gradient 0 -0 and pull 0 0
	======== guard 4.2 4
	was guard reflex vertex? 0
	computed gradient 0 -0 and pull 0 0
	======== guard 4.3 4
	was guard reflex vertex? 0
	computed gradient 0.0510044 -0.197991 and pull 0.0485906 0.0147688
	------- removing guard 4.3 4
g3=4.3 4
area3=27.2376
alpha3=0.4
scaling gradient with 0.03125 to 0.00159389 -0.00618722
	>>>> prev guard 4.3 4 cur guard 4.30401 4.00069
	was guard reflex vertex? 0
	was guard in reflex area? 0
	does guard intersect boundary ray 4.3 4 4.30401 4.00069?0
	is guard inside polygon? 1
0 other guards have coords 4.30401 4.00069
	 new best guard at 4.30401 4.00069
scaling gradient with 0.0625 to 0.00318777 -0.0123744
	>>>> prev guard 4.3 4 cur guard 4.31137 4.00143
	was guard reflex vertex? 0
	was guard in reflex area? 0
	does guard intersect boundary ray 4.3 4 4.31137 4.00143?0
	is guard inside polygon? 1
0 other guards have coords 4.31137 4.00143
	 new best guard at 4.31137 4.00143
scaling gradient with 0.125 to 0.00637555 -0.0247489
	>>>> prev guard 4.3 4 cur guard 4.32165 4.00122
	was guard reflex vertex? 0
	was guard in reflex area? 0
	does guard intersect boundary ray 4.3 4 4.32165 4.00122?0
	is guard inside polygon? 1
0 other guards have coords 4.32165 4.00122
	 new best guard at 4.32165 4.00122
scaling gradient with 0.25 to 0.0127511 -0.0494978
	>>>> prev guard 4.3 4 cur guard 4.33478 3.99828
	was guard reflex vertex? 0
	was guard in reflex area? 0
	does guard intersect boundary ray 4.3 4 4.33478 3.99828?0
	is guard inside polygon? 1
0 other guards have coords 4.33478 3.99828
	 new best guard at 4.33478 3.99828
scaling gradient with 0.5 to 0.0255022 -0.0989955
	>>>> prev guard 4.3 4 cur guard 4.35121 3.98919
	was guard reflex vertex? 0
	was guard in reflex area? 0
	does guard intersect boundary ray 4.3 4 4.35121 3.98919?0
	is guard inside polygon? 1
0 other guards have coords 4.35121 3.98919
	 new best guard at 4.35121 3.98919
scaling gradient with 1 to 0.0510044 -0.197991
	>>>> prev guard 4.3 4 cur guard 4.37233 3.96725
	was guard reflex vertex? 0
	was guard in reflex area? 0
	does guard intersect boundary ray 4.3 4 4.37233 3.96725?0
	is guard inside polygon? 1
0 other guards have coords 4.37233 3.96725
	 new best guard at 4.37233 3.96725
scaling gradient with 2 to 0.102009 -0.395982
	>>>> prev guard 4.3 4 cur guard 4.40127 3.91921
	was guard reflex vertex? 0
	was guard in reflex area? 0
	does guard intersect boundary ray 4.3 4 4.40127 3.91921?0
	is guard inside polygon? 1
0 other guards have coords 4.40127 3.91921
	 new best guard at 4.40127 3.91921
scaling gradient with 4 to 0.204018 -0.791964
	>>>> prev guard 4.3 4 cur guard 4.44463 3.8186
	was guard reflex vertex? 0
	was guard in reflex area? 0
	does guard intersect boundary ray 4.3 4 4.44463 3.8186?0
	is guard inside polygon? 1
0 other guards have coords 4.44463 3.8186
	 new best guard at 4.44463 3.8186
scaling gradient with 8 to 0.408035 -1.58393
	>>>> prev guard 4.3 4 cur guard 4.51584 3.61258
	was guard reflex vertex? 0
	was guard in reflex area? 0
	does guard intersect boundary ray 4.3 4 4.51584 3.61258?0
	is guard inside polygon? 1
0 other guards have coords 4.51584 3.61258
	 new best guard at 4.51584 3.61258
scaling gradient with 16 to 0.81607 -3.16786
	>>>> prev guard 4.3 4 cur guard 4.64199 3.19552
	was guard reflex vertex? 0
	was guard in reflex area? 0
	does guard intersect boundary ray 4.3 4 4.64199 3.19552?0
	is guard inside polygon? 1
0 other guards have coords 4.64199 3.19552
	 new best guard at 4.64199 3.19552
scaling gradient with 32 to 1.63214 -6.33571
	>>>> prev guard 4.3 4 cur guard 4.87737 2.35619
	was guard reflex vertex? 0
	was guard in reflex area? 0
	does guard intersect boundary ray 4.3 4 4.87737 2.35619?1
	is guard inside polygon? 0
0 other guards have coords 4.65124 3
	 new best guard at 4.65124 3
Df=0 0
h=0 0
Df=0.0143 -0.03861
h=0.0134098 0.0049666
Df=0 0
h=0 0
Df=0.00416626 -0.0237477
h=0.00410358 0.000719927
Df=0 0
h=0 0
Df=0.00193549 -0.0168387
h=0.00192283 0.000221015
Df=0.235376 -0.839326
h=0.0194362 0.00590754
is completely visible? 0
are areas equal? 38=31.2327?0
+++++2 guards with gradient 0
	======== guard 4.1 4
	was guard reflex vertex? 0
	computed gradient 0 -0 and pull 0 0
	======== guard 4.2 4
	was guard reflex vertex? 0
	computed gradient 0.048681 -0.19503 and pull 0.0465322 0.0136338
	------- removing guard 4.2 4
g2=4.2 4
area2=27.2073
alpha2=0.4
scaling gradient with 0.03125 to 0.00152128 -0.00609469
	>>>> prev guard 4.2 4 cur guard 4.20384 4.0006
	was guard reflex vertex? 0
	was guard in reflex area? 0
	does guard intersect boundary ray 4.2 4 4.20384 4.0006?0
	is guard inside polygon? 1
0 other guards have coords 4.20384 4.0006
	 new best guard at 4.20384 4.0006
scaling gradient with 0.0625 to 0.00304256 -0.0121894
	>>>> prev guard 4.2 4 cur guard 4.21089 4.0012
	was guard reflex vertex? 0
	was guard in reflex area? 0
	does guard intersect boundary ray 4.2 4 4.21089 4.0012?0
	is guard inside polygon? 1
0 other guards have coords 4.21089 4.0012
	 new best guard at 4.21089 4.0012
scaling gradient with 0.125 to 0.00608512 -0.0243788
	>>>> prev guard 4.2 4 cur guard 4.22073 4.00082
	was guard reflex vertex? 0
	was guard in reflex area? 0
	does guard intersect boundary ray 4.2 4 4.22073 4.00082?0
	is guard inside polygon? 1
0 other guards have coords 4.22073 4.00082
	 new best guard at 4.22073 4.00082
scaling gradient with 0.25 to 0.0121702 -0.0487575
	>>>> prev guard 4.2 4 cur guard 4.2333 3.99771
	was guard reflex vertex? 0
	was guard in reflex area? 0
	does guard intersect boundary ray 4.2 4 4.2333 3.99771?0
	is guard inside polygon? 1
0 other guards have coords 4.2333 3.99771
	 new best guard at 4.2333 3.99771
scaling gradient with 0.5 to 0.0243405 -0.0975151
	>>>> prev guard 4.2 4 cur guard 4.24902 3.9885
	was guard reflex vertex? 0
	was guard in reflex area? 0
	does guard intersect boundary ray 4.2 4 4.24902 3.9885?0
	is guard inside polygon? 1
0 other guards have coords 4.24902 3.9885
	 new best guard at 4.24902 3.9885
scaling gradient with 1 to 0.048681 -0.19503
	>>>> prev guard 4.2 4 cur guard 4.26922 3.96663
	was guard reflex vertex? 0
	was guard in reflex area? 0
	does guard intersect boundary ray 4.2 4 4.26922 3.96663?0
	is guard inside polygon? 1
0 other guards have coords 4.26922 3.96663
	 new best guard at 4.26922 3.96663
scaling gradient with 2 to 0.097362 -0.39006
	>>>> prev guard 4.2 4 cur guard 4.29689 3.91902
	was guard reflex vertex? 0
	was guard in reflex area? 0
	does guard intersect boundary ray 4.2 4 4.29689 3.91902?0
	is guard inside polygon? 1
0 other guards have coords 4.29689 3.91902
	 new best guard at 4.29689 3.91902
scaling gradient with 4 to 0.194724 -0.780121
	>>>> prev guard 4.2 4 cur guard 4.33833 3.81961
	was guard reflex vertex? 0
	was guard in reflex area? 0
	does guard intersect boundary ray 4.2 4 4.33833 3.81961?0
	is guard inside polygon? 1
0 other guards have coords 4.33833 3.81961
	 new best guard at 4.33833 3.81961
scaling gradient with 8 to 0.389448 -1.56024
	>>>> prev guard 4.2 4 cur guard 4.40636 3.61635
	was guard reflex vertex? 0
	was guard in reflex area? 0
	does guard intersect boundary ray 4.2 4 4.40636 3.61635?0
	is guard inside polygon? 1
0 other guards have coords 4.40636 3.61635
	 new best guard at 4.40636 3.61635
scaling gradient with 16 to 0.778896 -3.12048
	>>>> prev guard 4.2 4 cur guard 4.52681 3.2052
	was guard reflex vertex? 0
	was guard in reflex area? 0
	does guard intersect boundary ray 4.2 4 4.52681 3.2052?0
	is guard inside polygon? 1
0 other guards have coords 4.52681 3.2052
	 new best guard at 4.52681 3.2052
scaling gradient with 32 to 1.55779 -6.24097
	>>>> prev guard 4.2 4 cur guard 4.75152 2.37809
	was guard reflex vertex? 0
	was guard in reflex area? 0
	does guard intersect boundary ray 4.2 4 4.75152 2.37809?1
	is guard inside polygon? 0
0 other guards have coords 4.54005 3
	 new best guard at 4.54005 3
Df=0 0
h=0 0
Df=0.0135376 -0.0379052
h=0.0127489 0.00455318
Df=0 0
h=0 0
Df=0.00403988 -0.0234313
h=0.00398114 0.000686403
Df=0 0
h=0 0
Df=0.00189495 -0.0166756
h=0.00188284 0.000213959
Df=0.224711 -0.827109
h=0.0186129 0.00545354
is completely visible? 0
are areas equal? 38=31.2327?0
+++++1 guards with gradient 0
	======== guard 4.1 4
	was guard reflex vertex? 0
	computed gradient 0.0860543 -0.298362 and pull 0.0803802 0.0287086
	------- removing guard 4.1 4
g1=4.1 4
area1=27.1787
alpha1=0.4
scaling gradient with 0.03125 to 0.0026892 -0.00932381
	>>>> prev guard 4.1 4 cur guard 4.10665 4.00155
	was guard reflex vertex? 0
	was guard in reflex area? 0
	does guard intersect boundary ray 4.1 4 4.10665 4.00155?0
	is guard inside polygon? 1
0 other guards have coords 4.10665 4.00155
	 new best guard at 4.10665 4.00155
scaling gradient with 0.0625 to 0.00537839 -0.0186476
	>>>> prev guard 4.1 4 cur guard 4.11882 4.0036
	was guard reflex vertex? 0
	was guard in reflex area? 0
	does guard intersect boundary ray 4.1 4 4.11882 4.0036?0
	is guard inside polygon? 1
0 other guards have coords 4.11882 4.0036
	 new best guard at 4.11882 4.0036
scaling gradient with 0.125 to 0.0107568 -0.0372952
	>>>> prev guard 4.1 4 cur guard 4.13586 4.00455
	was guard reflex vertex? 0
	was guard in reflex area? 0
	does guard intersect boundary ray 4.1 4 4.13586 4.00455?0
	is guard inside polygon? 1
0 other guards have coords 4.13586 4.00455
	 new best guard at 4.13586 4.00455
scaling gradient with 0.25 to 0.0215136 -0.0745905
	>>>> prev guard 4.1 4 cur guard 4.15763 4.00163
	was guard reflex vertex? 0
	was guard in reflex area? 0
	does guard intersect boundary ray 4.1 4 4.15763 4.00163?0
	is guard inside polygon? 1
0 other guards have coords 4.15763 4.00163
	 new best guard at 4.15763 4.00163
scaling gradient with 0.5 to 0.0430271 -0.149181
	>>>> prev guard 4.1 4 cur guard 4.18493 3.98967
	was guard reflex vertex? 0
	was guard in reflex area? 0
	does guard intersect boundary ray 4.1 4 4.18493 3.98967?0
	is guard inside polygon? 1
0 other guards have coords 4.18493 3.98967
	 new best guard at 4.18493 3.98967
scaling gradient with 1 to 0.0860543 -0.298362
	>>>> prev guard 4.1 4 cur guard 4.22008 3.95852
	was guard reflex vertex? 0
	was guard in reflex area? 0
	does guard intersect boundary ray 4.1 4 4.22008 3.95852?0
	is guard inside polygon? 1
0 other guards have coords 4.22008 3.95852
	 new best guard at 4.22008 3.95852
scaling gradient with 2 to 0.172109 -0.596724
	>>>> prev guard 4.1 4 cur guard 4.2684 3.88817
	was guard reflex vertex? 0
	was guard in reflex area? 0
	does guard intersect boundary ray 4.1 4 4.2684 3.88817?0
	is guard inside polygon? 1
0 other guards have coords 4.2684 3.88817
	 new best guard at 4.2684 3.88817
scaling gradient with 4 to 0.344217 -1.19345
	>>>> prev guard 4.1 4 cur guard 4.34102 3.7387
	was guard reflex vertex? 0
	was guard in reflex area? 0
	does guard intersect boundary ray 4.1 4 4.34102 3.7387?0
	is guard inside polygon? 1
0 other guards have coords 4.34102 3.7387
	 new best guard at 4.34102 3.7387
scaling gradient with 8 to 0.688434 -2.38689
	>>>> prev guard 4.1 4 cur guard 4.46063 3.43047
	was guard reflex vertex? 0
	was guard in reflex area? 0
	does guard intersect boundary ray 4.1 4 4.46063 3.43047?0
	is guard inside polygon? 1
0 other guards have coords 4.46063 3.43047
	 new best guard at 4.46063 3.43047
scaling gradient with 16 to 1.37687 -4.77379
	>>>> prev guard 4.1 4 cur guard 4.67289 2.80428
	was guard reflex vertex? 0
	was guard in reflex area? 0
	does guard intersect boundary ray 4.1 4 4.67289 2.80428?1
	is guard inside polygon? 0
0 other guards have coords 4.57912 3
	 new best guard at 4.57912 3
scaling gradient with 32 to 2.75374 -9.54758
	>>>> prev guard 4.1 4 cur guard 4.97566 1.73754
	was guard reflex vertex? 0
	was guard in reflex area? 0
	does guard intersect boundary ray 4.1 4 4.97566 1.73754?1
	is guard inside polygon? 0
0 other guards have coords 4.48704 3
Df=0.0125809 -0.0239037
h=0.0111331 0.00585951
Df=0.0128324 -0.0372139
h=0.0121314 0.00418323
Df=0.00231899 -0.011363
h=0.00227215 0.000463705
Df=0.00391913 -0.0231228
h=0.00386402 0.000654918
Df=0.000914649 -0.00722573
h=0.000907408 0.000114862
Df=0.00185568 -0.0165155
h=0.00184407 0.000207199
Df=0.212263 -0.626188
h=0.0321521 0.0114834
is completely visible? 0
are areas equal? 38=31.2327?0
i=1
area=31.2327
+++++4 guards with gradient 0
	======== guard 6.72275 3.5824
	was guard reflex vertex? 0
	computed gradient 1.70634 -0.400608 and pull 0.247217 1.16827
	------- removing guard 6.72275 3.5824
g0=6.72275 3.5824
area0=29.8404
alpha0=0.4
scaling gradient with 0.03125 to 0.053323 -0.012519
	>>>> prev guard 6.72275 3.5824 cur guard 6.765 3.74077
	was guard reflex vertex? 0
	was guard in reflex area? 0
	does guard intersect boundary ray 6.72275 3.5824 6.765 3.74077?0
	is guard inside polygon? 1
0 other guards have coords 6.765 3.74077
	 new best guard at 6.765 3.74077
scaling gradient with 0.0625 to 0.106646 -0.025038
	>>>> prev guard 6.72275 3.5824 cur guard 6.8271 3.95893
	was guard reflex vertex? 0
	was guard in reflex area? 0
	does guard intersect boundary ray 6.72275 3.5824 6.8271 3.95893?0
	is guard inside polygon? 1
0 other guards have coords 6.8271 3.95893
scaling gradient with 0.125 to 0.213292 -0.050076
	>>>> prev guard 6.72275 3.5824 cur guard 6.91362 4.22292
	was guard reflex vertex? 0
	was guard in reflex area? 0
	does guard intersect boundary ray 6.72275 3.5824 6.91362 4.22292?0
	is guard inside polygon? 1
0 other guards have coords 6.91362 4.22292
scaling gradient with 0.25 to 0.426584 -0.100152
	>>>> prev guard 6.72275 3.5824 cur guard 7.03675 4.51955
	was guard reflex vertex? 0
	was guard in reflex area? 0
	does guard intersect boundary ray 6.72275 3.5824 7.03675 4.51955?0
	is guard inside polygon? 1
0 other guards have coords 7.03675 4.51955
scaling gradient with 0.5 to 0.853169 -0.200304
event=placed on reflex vertex 7 5
	>>>> prev guard 6.72275 3.5824 cur guard 7 5
	was guard reflex vertex? 0
	was guard in reflex area? 0
	does guard intersect boundary ray 6.72275 3.5824 7 5?0
	is guard inside polygon? 1
0 other guards have coords 7 5
scaling gradient with 1 to 1.70634 -0.400608
event=placed on reflex vertex 7 5
	>>>> prev guard 6.72275 3.5824 cur guard 7 5
	was guard reflex vertex? 0
	was guard in reflex area? 0
	does guard intersect boundary ray 6.72275 3.5824 7 5?0
	is guard inside polygon? 1
0 other guards have coords 7 5
scaling gradient with 2 to 3.41267 -0.801216
event=placed on reflex vertex 7 5
	>>>> prev guard 6.72275 3.5824 cur guard 7 5
	was guard reflex vertex? 0
	was guard in reflex area? 0
	does guard intersect boundary ray 6.72275 3.5824 7 5?0
	is guard inside polygon? 1
0 other guards have coords 7 5
scaling gradient with 4 to 6.82535 -1.60243
event=placed on reflex vertex 7 5
	>>>> prev guard 6.72275 3.5824 cur guard 7 5
	was guard reflex vertex? 0
	was guard in reflex area? 0
	does guard intersect boundary ray 6.72275 3.5824 7 5?0
	is guard inside polygon? 1
0 other guards have coords 7 5
scaling gradient with 8 to 13.6507 -3.20486
event=placed on reflex vertex 7 5
	>>>> prev guard 6.72275 3.5824 cur guard 7 5
	was guard reflex vertex? 0
	was guard in reflex area? 0
	does guard intersect boundary ray 6.72275 3.5824 7 5?0
	is guard inside polygon? 1
0 other guards have coords 7 5
scaling gradient with 16 to 27.3014 -6.40973
event=placed on reflex vertex 7 5
	>>>> prev guard 6.72275 3.5824 cur guard 7 5
	was guard reflex vertex? 0
	was guard in reflex area? 0
	does guard intersect boundary ray 6.72275 3.5824 7 5?0
	is guard inside polygon? 1
0 other guards have coords 7 5
scaling gradient with 32 to 54.6028 -12.8195
event=placed on reflex vertex 7 5
	>>>> prev guard 6.72275 3.5824 cur guard 7 5
	was guard reflex vertex? 0
	was guard in reflex area? 0
	does guard intersect boundary ray 6.72275 3.5824 7 5?0
	is guard inside polygon? 1
0 other guards have coords 7 5
Df=0 0
h=0 0
Df=0.669892 -0.131014
h=0.0907013 0.463766
Df=0 0
h=0 0
Df=0.0126432 -0.0292288
h=0.00818571 0.0035408
Df=0 0
h=0 0
Df=0 0
h=0 0
Df=0.0422443 0.158377
h=0.098887 0.467307
is completely visible? 0
are areas equal? 38=31.1615?0
+++++3 guards with gradient 0
	======== guard 4.57912 3
	was guard reflex vertex? 0
	computed gradient 0 -0 and pull 0 0
	======== guard 4.54005 3
	was guard reflex vertex? 0
	computed gradient 0 -0 and pull 0 0
	======== guard 4.65124 3
	was guard reflex vertex? 0
	computed gradient 0.0762146 -0.143459 and pull 0.0315444 0.020151
	------- removing guard 4.65124 3
g3=4.65124 3
area3=28.5401
alpha3=0.4
scaling gradient with 0.03125 to 0.00238171 -0.00448309
	>>>> prev guard 4.65124 3 cur guard 4.84225 2.32979
	was guard reflex vertex? 0
	was guard in reflex area? 0
	does guard intersect boundary ray 4.65124 3 4.84225 2.32979?1
	is guard inside polygon? 0
0 other guards have coords 4.84225 3
	 new best guard at 4.84225 3
scaling gradient with 0.0625 to 0.00476341 -0.00896619
	>>>> prev guard 4.65124 3 cur guard 4.99797 2.46473
	was guard reflex vertex? 0
	was guard in reflex area? 0
	does guard intersect boundary ray 4.65124 3 4.99797 2.46473?1
	is guard inside polygon? 0
0 other guards have coords 4.99797 3
	 new best guard at 4.99797 3
scaling gradient with 0.125 to 0.00952682 -0.0179324
	>>>> prev guard 4.65124 3 cur guard 5.12583 2.57196
	was guard reflex vertex? 0
	was guard in reflex area? 0
	does guard intersect boundary ray 4.65124 3 5.12583 2.57196?1
	is guard inside polygon? 0
0 other guards have coords 5.12583 3
	 new best guard at 5.12583 3
scaling gradient with 0.25 to 0.0190536 -0.0358648
	>>>> prev guard 4.65124 3 cur guard 5.23216 2.65631
	was guard reflex vertex? 0
	was guard in reflex area? 0
	does guard intersect boundary ray 4.65124 3 5.23216 2.65631?1
	is guard inside polygon? 0
0 other guards have coords 5.23216 3
	 new best guard at 5.23216 3
scaling gradient with 0.5 to 0.0381073 -0.0717295
	>>>> prev guard 4.65124 3 cur guard 5.3228 2.72092
	was guard reflex vertex? 0
	was guard in reflex area? 0
	does guard intersect boundary ray 4.65124 3 5.3228 2.72092?1
	is guard inside polygon? 0
0 other guards have coords 5.3228 3
	 new best guard at 5.3228 3
scaling gradient with 1 to 0.0762146 -0.143459
	>>>> prev guard 4.65124 3 cur guard 5.40394 2.76687
	was guard reflex vertex? 0
	was guard in reflex area? 0
	does guard intersect boundary ray 4.65124 3 5.40394 2.76687?1
	is guard inside polygon? 0
0 other guards have coords 5.40394 3
	 new best guard at 5.40394 3
scaling gradient with 2 to 0.152429 -0.286918
	>>>> prev guard 4.65124 3 cur guard 5.48356 2.79216
	was guard reflex vertex? 0
	was guard in reflex area? 0
	does guard intersect boundary ray 4.65124 3 5.48356 2.79216?1
	is guard inside polygon? 0
0 other guards have coords 5.48356 3
	 new best guard at 5.48356 3
scaling gradient with 4 to 0.304858 -0.573836
	>>>> prev guard 4.65124 3 cur guard 5.57417 2.78943
	was guard reflex vertex? 0
	was guard in reflex area? 0
	does guard intersect boundary ray 4.65124 3 5.57417 2.78943?1
	is guard inside polygon? 0
0 other guards have coords 5.57417 3
	 new best guard at 5.57417 3
scaling gradient with 8 to 0.609717 -1.14767
	>>>> prev guard 4.65124 3 cur guard 5.69796 2.74134
	was guard reflex vertex? 0
	was guard in reflex area? 0
	does guard intersect boundary ray 4.65124 3 5.69796 2.74134?1
	is guard inside polygon? 0
0 other guards have coords 5.69796 3
	 new best guard at 5.69796 3
scaling gradient with 16 to 1.21943 -2.29534
	>>>> prev guard 4.65124 3 cur guard 5.89707 2.61106
	was guard reflex vertex? 0
	was guard in reflex area? 0
	does guard intersect boundary ray 4.65124 3 5.89707 2.61106?1
	is guard inside polygon? 0
0 other guards have coords 5.89707 3
	 new best guard at 5.89707 3
scaling gradient with 32 to 2.43887 -4.59069
	>>>> prev guard 4.65124 3 cur guard 6.25399 2.3232
	was guard reflex vertex? 0
	was guard in reflex area? 0
	does guard intersect boundary ray 4.65124 3 6.25399 2.3232?1
	is guard inside polygon? 0
0 other guards have coords 6.25399 3
	 new best guard at 6.25399 3
Df=0 0
h=0 0
Df=0.0196656 -0.0230949
h=0.00748642 0.00637478
Df=0 0
h=0 0
Df=0.00725263 -0.0193963
h=0.00339663 0.00127006
Df=0 0
h=0 0
Df=0.00356757 -0.0148924
h=0.0017347 0.000415559
Df=0.356921 -0.676796
h=0.0126178 0.0080604
is completely visible? 0
are areas equal? 38=31.4941?0
+++++2 guards with gradient 0
	======== guard 4.57912 3
	was guard reflex vertex? 0
	computed gradient 0.0744401 -0.143136 and pull 0.0310684 0.0193382
	------- removing guard 4.57912 3
g1=4.57912 3
area1=28.4934
alpha1=0.4
scaling gradient with 0.03125 to 0.00232625 -0.00447299
	>>>> prev guard 4.57912 3 cur guard 4.7516 2.50024
	was guard reflex vertex? 0
	was guard in reflex area? 0
	does guard intersect boundary ray 4.57912 3 4.7516 2.50024?1
	is guard inside polygon? 0
0 other guards have coords 4.7516 3
	 new best guard at 4.7516 3
scaling gradient with 0.0625 to 0.0046525 -0.00894598
	>>>> prev guard 4.57912 3 cur guard 4.89244 2.60102
	was guard reflex vertex? 0
	was guard in reflex area? 0
	does guard intersect boundary ray 4.57912 3 4.89244 2.60102?1
	is guard inside polygon? 0
0 other guards have coords 4.89244 3
	 new best guard at 4.89244 3
scaling gradient with 0.125 to 0.00930501 -0.017892
	>>>> prev guard 4.57912 3 cur guard 5.00835 2.68093
	was guard reflex vertex? 0
	was guard in reflex area? 0
	does guard intersect boundary ray 4.57912 3 5.00835 2.68093?1
	is guard inside polygon? 0
0 other guards have coords 5.00835 3
	 new best guard at 5.00835 3
scaling gradient with 0.25 to 0.01861 -0.0357839
	>>>> prev guard 4.57912 3 cur guard 5.10504 2.74343
	was guard reflex vertex? 0
	was guard in reflex area? 0
	does guard intersect boundary ray 4.57912 3 5.10504 2.74343?1
	is guard inside polygon? 0
0 other guards have coords 5.10504 3
	 new best guard at 5.10504 3
scaling gradient with 0.5 to 0.03722 -0.0715678
	>>>> prev guard 4.57912 3 cur guard 5.18787 2.79057
	was guard reflex vertex? 0
	was guard in reflex area? 0
	does guard intersect boundary ray 4.57912 3 5.18787 2.79057?1
	is guard inside polygon? 0
0 other guards have coords 5.18787 3
	 new best guard at 5.18787 3
scaling gradient with 1 to 0.0744401 -0.143136
	>>>> prev guard 4.57912 3 cur guard 5.26256 2.82255
	was guard reflex vertex? 0
	was guard in reflex area? 0
	does guard intersect boundary ray 4.57912 3 5.26256 2.82255?1
	is guard inside polygon? 0
0 other guards have coords 5.26256 3
	 new best guard at 5.26256 3
scaling gradient with 2 to 0.14888 -0.286271
	>>>> prev guard 4.57912 3 cur guard 5.33672 2.83668
	was guard reflex vertex? 0
	was guard in reflex area? 0
	does guard intersect boundary ray 4.57912 3 5.33672 2.83668?1
	is guard inside polygon? 0
0 other guards have coords 5.33672 3
	 new best guard at 5.33672 3
scaling gradient with 4 to 0.29776 -0.572543
	>>>> prev guard 4.57912 3 cur guard 5.42235 2.82509
	was guard reflex vertex? 0
	was guard in reflex area? 0
	does guard intersect boundary ray 4.57912 3 5.42235 2.82509?1
	is guard inside polygon? 0
0 other guards have coords 5.42235 3
	 new best guard at 5.42235 3
scaling gradient with 8 to 0.595521 -1.14509
	>>>> prev guard 4.57912 3 cur guard 5.54098 2.77001
	was guard reflex vertex? 0
	was guard in reflex area? 0
	does guard intersect boundary ray 4.57912 3 5.54098 2.77001?1
	is guard inside polygon? 0
0 other guards have coords 5.54098 3
	 new best guard at 5.54098 3
scaling gradient with 16 to 1.19104 -2.29017
	>>>> prev guard 4.57912 3 cur guard 5.73365 2.63434
	was guard reflex vertex? 0
	was guard in reflex area? 0
	does guard intersect boundary ray 4.57912 3 5.73365 2.63434?1
	is guard inside polygon? 0
0 other guards have coords 5.73365 3
	 new best guard at 5.73365 3
scaling gradient with 32 to 2.38208 -4.58034
	>>>> prev guard 4.57912 3 cur guard 6.08084 2.3426
	was guard reflex vertex? 0
	was guard in reflex area? 0
	does guard intersect boundary ray 4.57912 3 6.08084 2.3426?1
	is guard inside polygon? 0
0 other guards have coords 6.08084 3
	 new best guard at 6.08084 3
Df=0 0
h=0 0
Df=0.0191509 -0.0231811
h=0.0073821 0.00609869
Df=0 0
h=0 0
Df=0.00710878 -0.0192679
h=0.00333467 0.00123031
Df=0 0
h=0 0
Df=0.00351633 -0.0148053
h=0.00171058 0.000406271
Df=0.347191 -0.657405
h=0.0124274 0.00773526
is completely visible? 0
are areas equal? 38=31.4941?0
+++++1 guards with gradient 0
	======== guard 4.54005 3
	was guard reflex vertex? 0
	computed gradient 0.137791 -0.222663 and pull 0.0526352 0.041125
	------- removing guard 4.54005 3
g2=4.54005 3
area2=28.4689
alpha2=0.4
scaling gradient with 0.03125 to 0.00430596 -0.00695822
	>>>> prev guard 4.54005 3 cur guard 4.72437 2.34105
	was guard reflex vertex? 0
	was guard in reflex area? 0
	does guard intersect boundary ray 4.54005 3 4.72437 2.34105?1
	is guard inside polygon? 0
0 other guards have coords 4.72437 3
	 new best guard at 4.72437 3
scaling gradient with 0.0625 to 0.00861191 -0.0139164
	>>>> prev guard 4.54005 3 cur guard 4.87673 2.47501
	was guard reflex vertex? 0
	was guard in reflex area? 0
	does guard intersect boundary ray 4.54005 3 4.87673 2.47501?1
	is guard inside polygon? 0
0 other guards have coords 4.87673 3
	 new best guard at 4.87673 3
scaling gradient with 0.125 to 0.0172238 -0.0278329
	>>>> prev guard 4.54005 3 cur guard 5.0042 2.58107
	was guard reflex vertex? 0
	was guard in reflex area? 0
	does guard intersect boundary ray 4.54005 3 5.0042 2.58107?1
	is guard inside polygon? 0
0 other guards have coords 5.0042 3
	 new best guard at 5.0042 3
scaling gradient with 0.25 to 0.0344476 -0.0556657
	>>>> prev guard 4.54005 3 cur guard 5.11315 2.6637
	was guard reflex vertex? 0
	was guard in reflex area? 0
	does guard intersect boundary ray 4.54005 3 5.11315 2.6637?1
	is guard inside polygon? 0
0 other guards have coords 5.11315 3
	 new best guard at 5.11315 3
scaling gradient with 0.5 to 0.0688953 -0.111331
	>>>> prev guard 4.54005 3 cur guard 5.21003 2.72534
	was guard reflex vertex? 0
	was guard in reflex area? 0
	does guard intersect boundary ray 4.54005 3 5.21003 2.72534?1
	is guard inside polygon? 0
0 other guards have coords 5.21003 3
	 new best guard at 5.21003 3
scaling gradient with 1 to 0.137791 -0.222663
	>>>> prev guard 4.54005 3 cur guard 5.30277 2.76575
	was guard reflex vertex? 0
	was guard in reflex area? 0
	does guard intersect boundary ray 4.54005 3 5.30277 2.76575?1
	is guard inside polygon? 0
0 other guards have coords 5.30277 3
	 new best guard at 5.30277 3
scaling gradient with 2 to 0.275581 -0.445326
	>>>> prev guard 4.54005 3 cur guard 5.40322 2.78026
	was guard reflex vertex? 0
	was guard in reflex area? 0
	does guard intersect boundary ray 4.54005 3 5.40322 2.78026?1
	is guard inside polygon? 0
0 other guards have coords 5.40322 3
	 new best guard at 5.40322 3
scaling gradient with 4 to 0.551162 -0.890652
	>>>> prev guard 4.54005 3 cur guard 5.53188 2.75625
	was guard reflex vertex? 0
	was guard in reflex area? 0
	does guard intersect boundary ray 4.54005 3 5.53188 2.75625?1
	is guard inside polygon? 0
0 other guards have coords 5.53188 3
	 new best guard at 5.53188 3
scaling gradient with 8 to 1.10232 -1.7813
	>>>> prev guard 4.54005 3 cur guard 5.72721 2.66578
	was guard reflex vertex? 0
	was guard in reflex area? 0
	does guard intersect boundary ray 4.54005 3 5.72721 2.66578?1
	is guard inside polygon? 0
0 other guards have coords 5.72721 3
	 new best guard at 5.72721 3
scaling gradient with 16 to 2.20465 -3.56261
	>>>> prev guard 4.54005 3 cur guard 6.06405 2.45091
	was guard reflex vertex? 0
	was guard in reflex area? 0
	does guard intersect boundary ray 4.54005 3 6.06405 2.45091?1
	is guard inside polygon? 0
0 other guards have coords 6.06405 3
	 new best guard at 6.06405 3
scaling gradient with 32 to 4.4093 -7.12521
	>>>> prev guard 4.54005 3 cur guard 6.69048 1.994
	was guard reflex vertex? 0
	was guard in reflex area? 0
	does guard intersect boundary ray 4.54005 3 6.69048 1.994?1
	is guard inside polygon? 0
0 other guards have coords 6.69048 3
	 new best guard at 6.69048 3
Df=0.0189181 -0.0138098
h=0.00557706 0.00764004
Df=0.0188768 -0.023218
h=0.0073234 0.0059541
Df=0.00485517 -0.0108269
h=0.00221506 0.000993312
Df=0.00703255 -0.0191987
h=0.00330173 0.00120944
Df=0.00194458 -0.00725323
h=0.000939124 0.000251777
Df=0.00348902 -0.0147585
h=0.00169771 0.000401353
Df=0.62643 -1.006
h=0.0210541 0.01645
is completely visible? 0
are areas equal? 38=31.6374?0
i=2
area=31.6374
+++++4 guards with gradient 0
	======== guard 6.765 3.74077
	was guard reflex vertex? 0
	computed gradient -0 -0 and pull -0 0
	======== guard 6.08084 3
	was guard reflex vertex? 0
	computed gradient -0 -0 and pull -0 0
	======== guard 6.69048 3
	was guard reflex vertex? 0
	computed gradient 0.0486642 -0.101639 and pull 0.0215103 0.0110715
	------- removing guard 6.69048 3
g2=6.69048 3
area2=30.9974
alpha2=0.4
scaling gradient with 0.03125 to 0.00152076 -0.00317623
	>>>> prev guard 6.69048 3 cur guard 7.19347 2.19583
	was guard reflex vertex? 0
	was guard in reflex area? 0
	does guard intersect boundary ray 6.69048 3 7.19347 2.19583?1
	is guard inside polygon? 0
0 other guards have coords 7.19347 3
	 new best guard at 7.19347 3
scaling gradient with 0.0625 to 0.00304151 -0.00635245
	>>>> prev guard 6.69048 3 cur guard 7.59782 2.35704
	was guard reflex vertex? 0
	was guard in reflex area? 0
	does guard intersect boundary ray 6.69048 3 7.59782 2.35704?1
	is guard inside polygon? 0
0 other guards have coords 7.59782 3
	 new best guard at 7.59782 3
scaling gradient with 0.125 to 0.00608303 -0.0127049
	>>>> prev guard 6.69048 3 cur guard 7.92351 2.4855
	was guard reflex vertex? 0
	was guard in reflex area? 0
	does guard intersect boundary ray 6.69048 3 7.92351 2.4855?1
	is guard inside polygon? 0
0 other guards have coords 7.92351 3
	 new best guard at 7.92351 3
scaling gradient with 0.25 to 0.0121661 -0.0254098
	>>>> prev guard 6.69048 3 cur guard 8.18676 2.58726
	was guard reflex vertex? 0
	was guard in reflex area? 0
	does guard intersect boundary ray 6.69048 3 8.18676 2.58726?1
	is guard inside polygon? 0
0 other guards have coords 8.18676 3
	 new best guard at 8.18676 3
scaling gradient with 0.5 to 0.0243321 -0.0508196
	>>>> prev guard 6.69048 3 cur guard 8.40102 2.66662
	was guard reflex vertex? 0
	was guard in reflex area? 0
	does guard intersect boundary ray 6.69048 3 8.40102 2.66662?1
	is guard inside polygon? 0
0 other guards have coords 8.40102 3
	 new best guard at 8.40102 3
scaling gradient with 1 to 0.0486642 -0.101639
	>>>> prev guard 6.69048 3 cur guard 8.57805 2.72605
	was guard reflex vertex? 0
	was guard in reflex area? 0
	does guard intersect boundary ray 6.69048 3 8.57805 2.72605?1
	is guard inside polygon? 0
0 other guards have coords 8.57805 3
	 new best guard at 8.57805 3
scaling gradient with 2 to 0.0973285 -0.203278
	>>>> prev guard 6.69048 3 cur guard 8.72917 2.76547
	was guard reflex vertex? 0
	was guard in reflex area? 0
	does guard intersect boundary ray 6.69048 3 8.72917 2.76547?1
	is guard inside polygon? 0
0 other guards have coords 8.72917 3
	 new best guard at 8.72917 3
scaling gradient with 4 to 0.194657 -0.406557
	>>>> prev guard 6.69048 3 cur guard 8.86737 2.78073
	was guard reflex vertex? 0
	was guard in reflex area? 0
	does guard intersect boundary ray 6.69048 3 8.86737 2.78073?1
	is guard inside polygon? 0
0 other guards have coords 8.86737 3
	 new best guard at 8.86737 3
scaling gradient with 8 to 0.389314 -0.813114
	>>>> prev guard 6.69048 3 cur guard 9.01079 2.76042
	was guard reflex vertex? 0
	was guard in reflex area? 0
	does guard intersect boundary ray 6.69048 3 9.01079 2.76042?1
	is guard inside polygon? 0
0 other guards have coords 9.01079 3
	 new best guard at 9.01079 3
scaling gradient with 16 to 0.778628 -1.62623
	>>>> prev guard 6.69048 3 cur guard 9.18954 2.67913
	was guard reflex vertex? 0
	was guard in reflex area? 0
	does guard intersect boundary ray 6.69048 3 9.18954 2.67913?1
	is guard inside polygon? 0
0 other guards have coords 9.18954 3
	 new best guard at 9.18954 3
scaling gradient with 32 to 1.55726 -3.25245
	>>>> prev guard 6.69048 3 cur guard 9.45884 2.48399
	was guard reflex vertex? 0
	was guard in reflex area? 0
	does guard intersect boundary ray 6.69048 3 9.45884 2.48399?1
	is guard inside polygon? 0
0 other guards have coords 9.45884 3
	 new best guard at 9.45884 3
Df=0 0
h=0 0
Df=0 0
h=0 0
Df=0 0
h=0 0
Df=0.0138359 -0.0228951
h=0.0059208 0.00357804
Df=0 0
h=0 0
Df=0.00562976 -0.0177605
h=0.0026833 0.000850556
Df=0.2693 -0.516009
h=0.0086041 0.0044286
is completely visible? 0
are areas equal? 38=34.8317?0
+++++3 guards with gradient 0
	======== guard 6.765 3.74077
	was guard reflex vertex? 0
	computed gradient 1.8916 -0.353021 and pull 0.275589 1.47669
	------- removing guard 6.765 3.74077
g0=6.765 3.74077
area0=29.4263
alpha0=0.4
scaling gradient with 0.03125 to 0.0591124 -0.0110319
	>>>> prev guard 6.765 3.74077 cur guard 6.82557 3.98473
	was guard reflex vertex? 0
	was guard in reflex area? 0
	does guard intersect boundary ray 6.765 3.74077 6.82557 3.98473?0
	is guard inside polygon? 1
0 other guards have coords 6.82557 3.98473
	 new best guard at 6.82557 3.98473
scaling gradient with 0.0625 to 0.118225 -0.0220638
	>>>> prev guard 6.765 3.74077 cur guard 6.90553 4.29626
	was guard reflex vertex? 0
	was guard in reflex area? 0
	does guard intersect boundary ray 6.765 3.74077 6.90553 4.29626?0
	is guard inside polygon? 1
0 other guards have coords 6.90553 4.29626
scaling gradient with 0.125 to 0.23645 -0.0441276
	>>>> prev guard 6.765 3.74077 cur guard 7.01046 4.66009
	was guard reflex vertex? 0
	was guard in reflex area? 0
	does guard intersect boundary ray 6.765 3.74077 7.01046 4.66009?0
	is guard inside polygon? 1
0 other guards have coords 7.01046 4.66009
scaling gradient with 0.25 to 0.472899 -0.0882552
event=placed on reflex vertex 7 5
	>>>> prev guard 6.765 3.74077 cur guard 7 5
	was guard reflex vertex? 0
	was guard in reflex area? 0
	does guard intersect boundary ray 6.765 3.74077 7 5?0
	is guard inside polygon? 1
0 other guards have coords 7 5
scaling gradient with 0.5 to 0.945798 -0.17651
event=placed on reflex vertex 7 5
	>>>> prev guard 6.765 3.74077 cur guard 7 5
	was guard reflex vertex? 0
	was guard in reflex area? 0
	does guard intersect boundary ray 6.765 3.74077 7 5?0
	is guard inside polygon? 1
0 other guards have coords 7 5
scaling gradient with 1 to 1.8916 -0.353021
event=placed on reflex vertex 7 5
	>>>> prev guard 6.765 3.74077 cur guard 7 5
	was guard reflex vertex? 0
	was guard in reflex area? 0
	does guard intersect boundary ray 6.765 3.74077 7 5?0
	is guard inside polygon? 1
0 other guards have coords 7 5
scaling gradient with 2 to 3.78319 -0.706042
event=placed on reflex vertex 7 5
	>>>> prev guard 6.765 3.74077 cur guard 7 5
	was guard reflex vertex? 0
	was guard in reflex area? 0
	does guard intersect boundary ray 6.765 3.74077 7 5?0
	is guard inside polygon? 1
0 other guards have coords 7 5
scaling gradient with 4 to 7.56639 -1.41208
event=placed on reflex vertex 7 5
	>>>> prev guard 6.765 3.74077 cur guard 7 5
	was guard reflex vertex? 0
	was guard in reflex area? 0
	does guard intersect boundary ray 6.765 3.74077 7 5?0
	is guard inside polygon? 1
0 other guards have coords 7 5
scaling gradient with 8 to 15.1328 -2.82417
event=placed on reflex vertex 7 5
	>>>> prev guard 6.765 3.74077 cur guard 7 5
	was guard reflex vertex? 0
	was guard in reflex area? 0
	does guard intersect boundary ray 6.765 3.74077 7 5?0
	is guard inside polygon? 1
0 other guards have coords 7 5
scaling gradient with 16 to 30.2655 -5.64833
event=placed on reflex vertex 7 5
	>>>> prev guard 6.765 3.74077 cur guard 7 5
	was guard reflex vertex? 0
	was guard in reflex area? 0
	does guard intersect boundary ray 6.765 3.74077 7 5?0
	is guard inside polygon? 1
0 other guards have coords 7 5
scaling gradient with 32 to 60.5311 -11.2967
event=placed on reflex vertex 7 5
	>>>> prev guard 6.765 3.74077 cur guard 7 5
	was guard reflex vertex? 0
	was guard in reflex area? 0
	does guard intersect boundary ray 6.765 3.74077 7 5?0
	is guard inside polygon? 1
0 other guards have coords 7 5
Df=0 0
h=0 0
Df=0.756639 -0.141208
h=0.110236 0.590677
Df=0 0
h=0 0
Df=0 0
h=0 0
Df=0 0
h=0 0
Df=0 0
h=0 0
Df=0.0605716 0.243954
h=0.110236 0.590677
is completely visible? 0
are areas equal? 38=34.8317?0
+++++2 guards with gradient 0
	======== guard 6.08084 3
	was guard reflex vertex? 0
	computed gradient -0 -0 and pull -0 0
	======== guard 6.25399 3
	was guard reflex vertex? 0
	computed gradient 0.0908978 -0.116459 and pull 0.0276553 0.0315277
	------- removing guard 6.25399 3
g3=6.25399 3
area3=30.7043
alpha3=0.4
scaling gradient with 0.03125 to 0.00284056 -0.00363936
	>>>> prev guard 6.25399 3 cur guard 6.54197 2.46079
	was guard reflex vertex? 0
	was guard in reflex area? 0
	does guard intersect boundary ray 6.25399 3 6.54197 2.46079?1
	is guard inside polygon? 0
0 other guards have coords 6.54197 3
	 new best guard at 6.54197 3
scaling gradient with 0.0625 to 0.00568111 -0.00727871
	>>>> prev guard 6.25399 3 cur guard 6.77502 2.57058
	was guard reflex vertex? 0
	was guard in reflex area? 0
	does guard intersect boundary ray 6.25399 3 6.77502 2.57058?1
	is guard inside polygon? 0
0 other guards have coords 6.77502 3
scaling gradient with 0.125 to 0.0113622 -0.0145574
	>>>> prev guard 6.25399 3 cur guard 6.96458 2.65782
	was guard reflex vertex? 0
	was guard in reflex area? 0
	does guard intersect boundary ray 6.25399 3 6.96458 2.65782?1
	is guard inside polygon? 0
0 other guards have coords 6.96458 3
scaling gradient with 0.25 to 0.0227244 -0.0291148
	>>>> prev guard 6.25399 3 cur guard 7.12026 2.72645
	was guard reflex vertex? 0
	was guard in reflex area? 0
	does guard intersect boundary ray 6.25399 3 7.12026 2.72645?1
	is guard inside polygon? 0
0 other guards have coords 7.12026 3
scaling gradient with 0.5 to 0.0454489 -0.0582297
	>>>> prev guard 6.25399 3 cur guard 7.25065 2.77902
	was guard reflex vertex? 0
	was guard in reflex area? 0
	does guard intersect boundary ray 6.25399 3 7.25065 2.77902?1
	is guard inside polygon? 0
0 other guards have coords 7.25065 3
scaling gradient with 1 to 0.0908978 -0.116459
	>>>> prev guard 6.25399 3 cur guard 7.36445 2.81642
	was guard reflex vertex? 0
	was guard in reflex area? 0
	does guard intersect boundary ray 6.25399 3 7.36445 2.81642?1
	is guard inside polygon? 0
0 other guards have coords 7.36445 3
scaling gradient with 2 to 0.181796 -0.232919
	>>>> prev guard 6.25399 3 cur guard 7.47224 2.83703
	was guard reflex vertex? 0
	was guard in reflex area? 0
	does guard intersect boundary ray 6.25399 3 7.47224 2.83703?1
	is guard inside polygon? 0
0 other guards have coords 7.47224 3
scaling gradient with 4 to 0.363591 -0.465838
	>>>> prev guard 6.25399 3 cur guard 7.58977 2.83488
	was guard reflex vertex? 0
	was guard in reflex area? 0
	does guard intersect boundary ray 6.25399 3 7.58977 2.83488?1
	is guard inside polygon? 0
0 other guards have coords 7.58977 3
scaling gradient with 8 to 0.727182 -0.931675
	>>>> prev guard 6.25399 3 cur guard 7.74419 2.79589
	was guard reflex vertex? 0
	was guard in reflex area? 0
	does guard intersect boundary ray 6.25399 3 7.74419 2.79589?1
	is guard inside polygon? 0
0 other guards have coords 7.74419 3
scaling gradient with 16 to 1.45436 -1.86335
	>>>> prev guard 6.25399 3 cur guard 7.98628 2.69017
	was guard reflex vertex? 0
	was guard in reflex area? 0
	does guard intersect boundary ray 6.25399 3 7.98628 2.69017?1
	is guard inside polygon? 0
0 other guards have coords 7.98628 3
scaling gradient with 32 to 2.90873 -3.7267
	>>>> prev guard 6.25399 3 cur guard 8.41487 2.45652
	was guard reflex vertex? 0
	was guard in reflex area? 0
	does guard intersect boundary ray 6.25399 3 8.41487 2.45652?1
	is guard inside polygon? 0
0 other guards have coords 8.41487 3
Df=0 0
h=0 0
Df=0.0194075 -0.00723906
h=0.00339129 0.00909186
Df=0 0
h=0 0
Df=0.0118888 -0.0222677
h=0.0052438 0.00279968
Df=0 0
h=0 0
Df=0.00506285 -0.017077
h=0.00242701 0.00071954
Df=0.287977 -0.539206
h=0.0110621 0.0126111
is completely visible? 0
are areas equal? 38=34.8317?0
+++++1 guards with gradient 0
	======== guard 6.08084 3
	was guard reflex vertex? 0
	computed gradient 0.127261 -0.18086 and pull 0.0439903 0.0455007
	------- removing guard 6.08084 3
g1=6.08084 3
area1=30.2629
alpha1=0.4
scaling gradient with 0.03125 to 0.00397689 -0.00565186
	>>>> prev guard 6.08084 3 cur guard 6.36243 2.47726
	was guard reflex vertex? 0
	was guard in reflex area? 0
	does guard intersect boundary ray 6.08084 3 6.36243 2.47726?1
	is guard inside polygon? 0
0 other guards have coords 6.36243 3
	 new best guard at 6.36243 3
scaling gradient with 0.0625 to 0.00795378 -0.0113037
	>>>> prev guard 6.08084 3 cur guard 6.59186 2.58455
	was guard reflex vertex? 0
	was guard in reflex area? 0
	does guard intersect boundary ray 6.08084 3 6.59186 2.58455?1
	is guard inside polygon? 0
0 other guards have coords 6.59186 3
	 new best guard at 6.59186 3
scaling gradient with 0.125 to 0.0159076 -0.0226074
	>>>> prev guard 6.08084 3 cur guard 6.78019 2.66947
	was guard reflex vertex? 0
	was guard in reflex area? 0
	does guard intersect boundary ray 6.08084 3 6.78019 2.66947?1
	is guard inside polygon? 0
0 other guards have coords 6.78019 3
scaling gradient with 0.25 to 0.0318151 -0.0452149
	>>>> prev guard 6.08084 3 cur guard 6.93693 2.7356
	was guard reflex vertex? 0
	was guard in reflex area? 0
	does guard intersect boundary ray 6.08084 3 6.93693 2.7356?1
	is guard inside polygon? 0
0 other guards have coords 6.93693 3
scaling gradient with 0.5 to 0.0636303 -0.0904298
	>>>> prev guard 6.08084 3 cur guard 7.07092 2.78488
	was guard reflex vertex? 0
	was guard in reflex area? 0
	does guard intersect boundary ray 6.08084 3 7.07092 2.78488?1
	is guard inside polygon? 0
0 other guards have coords 7.07092 3
scaling gradient with 1 to 0.127261 -0.18086
	>>>> prev guard 6.08084 3 cur guard 7.19182 2.81708
	was guard reflex vertex? 0
	was guard in reflex area? 0
	does guard intersect boundary ray 6.08084 3 7.19182 2.81708?1
	is guard inside polygon? 0
0 other guards have coords 7.19182 3
scaling gradient with 2 to 0.254521 -0.361719
	>>>> prev guard 6.08084 3 cur guard 7.31241 2.82837
	was guard reflex vertex? 0
	was guard in reflex area? 0
	does guard intersect boundary ray 6.08084 3 7.31241 2.82837?1
	is guard inside polygon? 0
0 other guards have coords 7.31241 3
scaling gradient with 4 to 0.509042 -0.723438
	>>>> prev guard 6.08084 3 cur guard 7.45313 2.80846
	was guard reflex vertex? 0
	was guard in reflex area? 0
	does guard intersect boundary ray 6.08084 3 7.45313 2.80846?1
	is guard inside polygon? 0
0 other guards have coords 7.45313 3
scaling gradient with 8 to 1.01808 -1.44688
	>>>> prev guard 6.08084 3 cur guard 7.65068 2.73466
	was guard reflex vertex? 0
	was guard in reflex area? 0
	does guard intersect boundary ray 6.08084 3 7.65068 2.73466?1
	is guard inside polygon? 0
0 other guards have coords 7.65068 3
scaling gradient with 16 to 2.03617 -2.89375
	>>>> prev guard 6.08084 3 cur guard 7.97512 2.55986
	was guard reflex vertex? 0
	was guard in reflex area? 0
	does guard intersect boundary ray 6.08084 3 7.97512 2.55986?1
	is guard inside polygon? 0
0 other guards have coords 7.97512 3
scaling gradient with 32 to 4.07234 -5.78751
	>>>> prev guard 6.08084 3 cur guard 8.56399 2.18853
	was guard reflex vertex? 0
	was guard in reflex area? 0
	does guard intersect boundary ray 6.08084 3 8.56399 2.18853?1
	is guard inside polygon? 0
0 other guards have coords 8.56399 3
Df=-0.00169723 -6.8604e-05
h=-3.4274e-05 0.000847921
Df=0.0242882 -0.0111624
h=0.00507126 0.0110346
Df=0.00926375 -0.0135212
h=0.00382108 0.00261793
Df=0.0112171 -0.0219807
h=0.00499564 0.00254934
Df=0.00297148 -0.00879432
h=0.00140756 0.000475595
Df=0.0048609 -0.0168167
h=0.00233487 0.000674899
Df=0.229427 -0.415453
h=0.0175961 0.0182003
is completely visible? 0
are areas equal? 38=34.6706?0
i=3
area=34.6706
+++++4 guards with gradient 0
	======== guard 6.82557 3.98473
	was guard reflex vertex? 0
	computed gradient -0 -0 and pull -0 0
	======== guard 6.59186 3
	was guard reflex vertex? 0
	computed gradient -0 -0 and pull -0 0
	======== guard 9.45884 3
	was guard reflex vertex? 0
	computed gradient 0.0468955 -0.0605189 and pull 0.0158423 0.0150844
	------- removing guard 9.45884 3
g2=9.45884 3
area2=31.8421
alpha2=0.4
scaling gradient with 0.03125 to 0.00146548 -0.00189122
	>>>> prev guard 9.45884 3 cur guard 9.67567 2.58825
	was guard reflex vertex? 0
	was guard in reflex area? 0
	does guard intersect boundary ray 9.45884 3 9.67567 2.58825?1
	is guard inside polygon? 0
0 other guards have coords 9.67567 3
	 new best guard at 9.67567 3
scaling gradient with 0.0625 to 0.00293097 -0.00378243
	>>>> prev guard 9.45884 3 cur guard 9.85063 2.6715
	was guard reflex vertex? 0
	was guard in reflex area? 0
	does guard intersect boundary ray 9.45884 3 9.85063 2.6715?1
	is guard inside polygon? 0
0 other guards have coords 9.85063 3
	 new best guard at 9.85063 3
scaling gradient with 0.125 to 0.00586194 -0.00756487
	>>>> prev guard 9.45884 3 cur guard 9.99233 2.7378
	was guard reflex vertex? 0
	was guard in reflex area? 0
	does guard intersect boundary ray 9.45884 3 9.99233 2.7378?1
	is guard inside polygon? 0
0 other guards have coords 9.99233 3
	 new best guard at 9.99233 3
scaling gradient with 0.25 to 0.0117239 -0.0151297
	>>>> prev guard 9.45884 3 cur guard 10.1079 2.79024
	was guard reflex vertex? 0
	was guard in reflex area? 0
	does guard intersect boundary ray 9.45884 3 10.1079 2.79024?1
	is guard inside polygon? 0
0 other guards have coords 10.1079 3
	 new best guard at 10.1079 3
scaling gradient with 0.5 to 0.0234478 -0.0302595
	>>>> prev guard 9.45884 3 cur guard 10.2035 2.83098
	was guard reflex vertex? 0
	was guard in reflex area? 0
	does guard intersect boundary ray 9.45884 3 10.2035 2.83098?1
	is guard inside polygon? 0
0 other guards have coords 10.2035 3
	 new best guard at 10.2035 3
scaling gradient with 1 to 0.0468955 -0.0605189
	>>>> prev guard 9.45884 3 cur guard 10.285 2.86115
	was guard reflex vertex? 0
	was guard in reflex area? 0
	does guard intersect boundary ray 9.45884 3 10.285 2.86115?1
	is guard inside polygon? 0
0 other guards have coords 10.285 3
	 new best guard at 10.285 3
scaling gradient with 2 to 0.093791 -0.121038
	>>>> prev guard 9.45884 3 cur guard 10.359 2.88044
	was guard reflex vertex? 0
	was guard in reflex area? 0
	does guard intersect boundary ray 9.45884 3 10.359 2.88044?1
	is guard inside polygon? 0
0 other guards have coords 10.359 3
	 new best guard at 10.359 3
scaling gradient with 4 to 0.187582 -0.242076
	>>>> prev guard 9.45884 3 cur guard 10.4344 2.88619
	was guard reflex vertex? 0
	was guard in reflex area? 0
	does guard intersect boundary ray 9.45884 3 10.4344 2.88619?1
	is guard inside polygon? 0
0 other guards have coords 10.4344 3
	 new best guard at 10.4344 3
scaling gradient with 8 to 0.375164 -0.484151
	>>>> prev guard 9.45884 3 cur guard 10.5261 2.87143
	was guard reflex vertex? 0
	was guard in reflex area? 0
	does guard intersect boundary ray 9.45884 3 10.5261 2.87143?1
	is guard inside polygon? 0
0 other guards have coords 10.5261 3
	 new best guard at 10.5261 3
scaling gradient with 16 to 0.750328 -0.968303
	>>>> prev guard 9.45884 3 cur guard 10.6607 2.82089
	was guard reflex vertex? 0
	was guard in reflex area? 0
	does guard intersect boundary ray 9.45884 3 10.6607 2.82089?1
	is guard inside polygon? 0
0 other guards have coords 10.6607 3
	 new best guard at 10.6607 3
scaling gradient with 32 to 1.50066 -1.93661
	>>>> prev guard 9.45884 3 cur guard 10.8897 2.70299
	was guard reflex vertex? 0
	was guard in reflex area? 0
	does guard intersect boundary ray 9.45884 3 10.8897 2.70299?1
	is guard inside polygon? 0
0 other guards have coords 10.8897 3
	 new best guard at 10.8897 3
Df=0 0
h=0 0
Df=0 0
h=0 0
Df=0 0
h=0 0
Df=0.00600355 -0.00162444
h=0.000784025 0.00289758
Df=0 0
h=0 0
Df=0.0127547 -0.0225831
h=0.00555289 0.0031362
Df=0.229004 -0.297013
h=0.00633691 0.00603377
is completely visible? 0
are areas equal? 38=35.3713?0
+++++3 guards with gradient 0
	======== guard 6.82557 3.98473
	was guard reflex vertex? 0
	computed gradient -0 -0 and pull -0 0
	======== guard 6.59186 3
	was guard reflex vertex? 0
	computed gradient 0.0471388 -0.10093 and pull 0.0209604 0.0104992
	------- removing guard 6.59186 3
g1=6.59186 3
area1=31.266
alpha1=0.4
scaling gradient with 0.03125 to 0.00147309 -0.00315406
	>>>> prev guard 6.59186 3 cur guard 6.7772 2.66823
	was guard reflex vertex? 0
	was guard in reflex area? 0
	does guard intersect boundary ray 6.59186 3 6.7772 2.66823?1
	is guard inside polygon? 0
0 other guards have coords 6.7772 3
	 new best guard at 6.7772 3
scaling gradient with 0.0625 to 0.00294618 -0.00630811
	>>>> prev guard 6.59186 3 cur guard 6.92738 2.73492
	was guard reflex vertex? 0
	was guard in reflex area? 0
	does guard intersect boundary ray 6.59186 3 6.92738 2.73492?1
	is guard inside polygon? 0
0 other guards have coords 6.92738 3
scaling gradient with 0.125 to 0.00589235 -0.0126162
	>>>> prev guard 6.59186 3 cur guard 7.04967 2.78776
	was guard reflex vertex? 0
	was guard in reflex area? 0
	does guard intersect boundary ray 6.59186 3 7.04967 2.78776?1
	is guard inside polygon? 0
0 other guards have coords 7.04967 3
scaling gradient with 0.25 to 0.0117847 -0.0252324
	>>>> prev guard 6.59186 3 cur guard 7.15013 2.82903
	was guard reflex vertex? 0
	was guard in reflex area? 0
	does guard intersect boundary ray 6.59186 3 7.15013 2.82903?1
	is guard inside polygon? 0
0 other guards have coords 7.15013 3
scaling gradient with 0.5 to 0.0235694 -0.0504649
	>>>> prev guard 6.59186 3 cur guard 7.23405 2.86003
	was guard reflex vertex? 0
	was guard in reflex area? 0
	does guard intersect boundary ray 6.59186 3 7.23405 2.86003?1
	is guard inside polygon? 0
0 other guards have coords 7.23405 3
scaling gradient with 1 to 0.0471388 -0.10093
	>>>> prev guard 6.59186 3 cur guard 7.30664 2.88079
	was guard reflex vertex? 0
	was guard in reflex area? 0
	does guard intersect boundary ray 6.59186 3 7.30664 2.88079?1
	is guard inside polygon? 0
0 other guards have coords 7.30664 3
scaling gradient with 2 to 0.0942776 -0.20186
	>>>> prev guard 6.59186 3 cur guard 7.37393 2.88932
	was guard reflex vertex? 0
	was guard in reflex area? 0
	does guard intersect boundary ray 6.59186 3 7.37393 2.88932?1
	is guard inside polygon? 0
0 other guards have coords 7.37393 3
scaling gradient with 4 to 0.188555 -0.403719
	>>>> prev guard 6.59186 3 cur guard 7.44452 2.88
	was guard reflex vertex? 0
	was guard in reflex area? 0
	does guard intersect boundary ray 6.59186 3 7.44452 2.88?1
	is guard inside polygon? 0
0 other guards have coords 7.44452 3
scaling gradient with 8 to 0.37711 -0.807438
	>>>> prev guard 6.59186 3 cur guard 7.53285 2.84024
	was guard reflex vertex? 0
	was guard in reflex area? 0
	does guard intersect boundary ray 6.59186 3 7.53285 2.84024?1
	is guard inside polygon? 0
0 other guards have coords 7.53285 3
scaling gradient with 16 to 0.754221 -1.61488
	>>>> prev guard 6.59186 3 cur guard 7.66552 2.74385
	was guard reflex vertex? 0
	was guard in reflex area? 0
	does guard intersect boundary ray 6.59186 3 7.66552 2.74385?1
	is guard inside polygon? 0
0 other guards have coords 7.66552 3
scaling gradient with 32 to 1.50844 -3.22975
	>>>> prev guard 6.59186 3 cur guard 7.894 2.53754
	was guard reflex vertex? 0
	was guard in reflex area? 0
	does guard intersect boundary ray 6.59186 3 7.894 2.53754?1
	is guard inside polygon? 0
0 other guards have coords 7.894 3
Df=0 0
h=0 0
Df=0 0
h=0 0
Df=0 0
h=0 0
Df=0.0133617 -0.0227692
h=0.00576197 0.0033813
Df=0 0
h=0 0
Df=0.00549385 -0.0176027
h=0.00262218 0.000818391
Df=0.185337 -0.331775
h=0.00838416 0.00419969
is completely visible? 0
are areas equal? 38=35.3713?0
+++++2 guards with gradient 0
	======== guard 6.82557 3.98473
	was guard reflex vertex? 0
	computed gradient -0 -0 and pull -0 0
	======== guard 6.54197 3
	was guard reflex vertex? 0
	computed gradient 0.0311844 -0.104684 and pull 0.0186984 0.0175626
	------- removing guard 6.54197 3
g3=6.54197 3
area3=31.4244
alpha3=0.4
scaling gradient with 0.03125 to 0.000974512 -0.00327136
	>>>> prev guard 6.54197 3 cur guard 6.77393 2.56978
	was guard reflex vertex? 0
	was guard in reflex area? 0
	does guard intersect boundary ray 6.54197 3 6.77393 2.56978?1
	is guard inside polygon? 0
0 other guards have coords 6.77393 3
	 new best guard at 6.77393 3
scaling gradient with 0.0625 to 0.00194902 -0.00654272
	>>>> prev guard 6.54197 3 cur guard 6.96114 2.6567
	was guard reflex vertex? 0
	was guard in reflex area? 0
	does guard intersect boundary ray 6.54197 3 6.96114 2.6567?1
	is guard inside polygon? 0
0 other guards have coords 6.96114 3
scaling gradient with 0.125 to 0.00389805 -0.0130854
	>>>> prev guard 6.54197 3 cur guard 7.11272 2.72572
	was guard reflex vertex? 0
	was guard in reflex area? 0
	does guard intersect boundary ray 6.54197 3 7.11272 2.72572?1
	is guard inside polygon? 0
0 other guards have coords 7.11272 3
scaling gradient with 0.25 to 0.0077961 -0.0261709
	>>>> prev guard 6.54197 3 cur guard 7.23611 2.77989
	was guard reflex vertex? 0
	was guard in reflex area? 0
	does guard intersect boundary ray 6.54197 3 7.23611 2.77989?1
	is guard inside polygon? 0
0 other guards have coords 7.23611 3
scaling gradient with 0.5 to 0.0155922 -0.0523418
	>>>> prev guard 6.54197 3 cur guard 7.33756 2.82113
	was guard reflex vertex? 0
	was guard in reflex area? 0
	does guard intersect boundary ray 6.54197 3 7.33756 2.82113?1
	is guard inside polygon? 0
0 other guards have coords 7.33756 3
scaling gradient with 1 to 0.0311844 -0.104684
	>>>> prev guard 6.54197 3 cur guard 7.42271 2.84993
	was guard reflex vertex? 0
	was guard in reflex area? 0
	does guard intersect boundary ray 6.54197 3 7.42271 2.84993?1
	is guard inside polygon? 0
0 other guards have coords 7.42271 3
scaling gradient with 2 to 0.0623688 -0.209367
	>>>> prev guard 6.54197 3 cur guard 7.49731 2.8646
	was guard reflex vertex? 0
	was guard in reflex area? 0
	does guard intersect boundary ray 6.54197 3 7.49731 2.8646?1
	is guard inside polygon? 0
0 other guards have coords 7.49731 3
scaling gradient with 4 to 0.124738 -0.418734
	>>>> prev guard 6.54197 3 cur guard 7.56847 2.85959
	was guard reflex vertex? 0
	was guard in reflex area? 0
	does guard intersect boundary ray 6.54197 3 7.56847 2.85959?1
	is guard inside polygon? 0
0 other guards have coords 7.56847 3
scaling gradient with 8 to 0.249475 -0.837468
	>>>> prev guard 6.54197 3 cur guard 7.64685 2.82208
	was guard reflex vertex? 0
	was guard in reflex area? 0
	does guard intersect boundary ray 6.54197 3 7.64685 2.82208?1
	is guard inside polygon? 0
0 other guards have coords 7.64685 3
scaling gradient with 16 to 0.49895 -1.67494
	>>>> prev guard 6.54197 3 cur guard 7.75097 2.72507
	was guard reflex vertex? 0
	was guard in reflex area? 0
	does guard intersect boundary ray 6.54197 3 7.75097 2.72507?1
	is guard inside polygon? 0
0 other guards have coords 7.75097 3
scaling gradient with 32 to 0.9979 -3.34987
	>>>> prev guard 6.54197 3 cur guard 7.91559 2.51347
	was guard reflex vertex? 0
	was guard in reflex area? 0
	does guard intersect boundary ray 6.54197 3 7.91559 2.51347?1
	is guard inside polygon? 0
0 other guards have coords 7.91559 3
Df=-0.00608286 -0.00164837
h=-0.000795493 0.00293556
Df=0 0
h=0 0
Df=0 0
h=0 0
Df=0.0131297 -0.0227014
h=0.00568283 0.00328675
Df=0 0
h=0 0
Df=0.00542692 -0.0175236
h=0.00259201 0.000802723
Df=0.231955 -0.430221
h=0.00747934 0.00702503
is completely visible? 0
are areas equal? 38=34.6723?0
+++++1 guards with gradient 0
	======== guard 6.82557 3.98473
	was guard reflex vertex? 0
	computed gradient 2.30318 -0.730561 and pull 0.379967 2.40488
	------- removing guard 6.82557 3.98473
g0=6.82557 3.98473
area0=28.7894
alpha0=0.4
scaling gradient with 0.03125 to 0.0719743 -0.02283
	>>>> prev guard 6.82557 3.98473 cur guard 6.91018 4.37045
	was guard reflex vertex? 0
	was guard in reflex area? 0
	does guard intersect boundary ray 6.82557 3.98473 6.91018 4.37045?0
	is guard inside polygon? 1
0 other guards have coords 6.91018 4.37045
	 new best guard at 6.91018 4.37045
scaling gradient with 0.0625 to 0.143949 -0.04566
event=placed on reflex vertex 7 5
	>>>> prev guard 6.82557 3.98473 cur guard 7 5
	was guard reflex vertex? 0
	was guard in reflex area? 0
	does guard intersect boundary ray 6.82557 3.98473 7 5?0
	is guard inside polygon? 1
0 other guards have coords 7 5
scaling gradient with 0.125 to 0.287897 -0.0913201
event=placed on reflex vertex 7 5
	>>>> prev guard 6.82557 3.98473 cur guard 7 5
	was guard reflex vertex? 0
	was guard in reflex area? 0
	does guard intersect boundary ray 6.82557 3.98473 7 5?0
	is guard inside polygon? 1
0 other guards have coords 7 5
scaling gradient with 0.25 to 0.575794 -0.18264
event=placed on reflex vertex 7 5
	>>>> prev guard 6.82557 3.98473 cur guard 7 5
	was guard reflex vertex? 0
	was guard in reflex area? 0
	does guard intersect boundary ray 6.82557 3.98473 7 5?0
	is guard inside polygon? 1
0 other guards have coords 7 5
scaling gradient with 0.5 to 1.15159 -0.36528
event=placed on reflex vertex 7 5
	>>>> prev guard 6.82557 3.98473 cur guard 7 5
	was guard reflex vertex? 0
	was guard in reflex area? 0
	does guard intersect boundary ray 6.82557 3.98473 7 5?0
	is guard inside polygon? 1
0 other guards have coords 7 5
scaling gradient with 1 to 2.30318 -0.730561
event=placed on reflex vertex 7 5
	>>>> prev guard 6.82557 3.98473 cur guard 7 5
	was guard reflex vertex? 0
	was guard in reflex area? 0
	does guard intersect boundary ray 6.82557 3.98473 7 5?0
	is guard inside polygon? 1
0 other guards have coords 7 5
scaling gradient with 2 to 4.60635 -1.46112
event=placed on reflex vertex 7 5
	>>>> prev guard 6.82557 3.98473 cur guard 7 5
	was guard reflex vertex? 0
	was guard in reflex area? 0
	does guard intersect boundary ray 6.82557 3.98473 7 5?0
	is guard inside polygon? 1
0 other guards have coords 7 5
scaling gradient with 4 to 9.21271 -2.92224
event=placed on reflex vertex 7 5
	>>>> prev guard 6.82557 3.98473 cur guard 7 5
	was guard reflex vertex? 0
	was guard in reflex area? 0
	does guard intersect boundary ray 6.82557 3.98473 7 5?0
	is guard inside polygon? 1
0 other guards have coords 7 5
scaling gradient with 8 to 18.4254 -5.84448
event=placed on reflex vertex 7 5
	>>>> prev guard 6.82557 3.98473 cur guard 7 5
	was guard reflex vertex? 0
	was guard in reflex area? 0
	does guard intersect boundary ray 6.82557 3.98473 7 5?0
	is guard inside polygon? 1
0 other guards have coords 7 5
scaling gradient with 16 to 36.8508 -11.689
event=placed on reflex vertex 7 5
	>>>> prev guard 6.82557 3.98473 cur guard 7 5
	was guard reflex vertex? 0
	was guard in reflex area? 0
	does guard intersect boundary ray 6.82557 3.98473 7 5?0
	is guard inside polygon? 1
0 other guards have coords 7 5
scaling gradient with 32 to 73.7017 -23.3779
event=placed on reflex vertex 7 5
	>>>> prev guard 6.82557 3.98473 cur guard 7 5
	was guard reflex vertex? 0
	was guard in reflex area? 0
	does guard intersect boundary ray 6.82557 3.98473 7 5?0
	is guard inside polygon? 1
0 other guards have coords 7 5
Df=-0.0492645 -0.0400593
h=-0.0306132 0.0376477
Df=0.943288 -0.162065
h=0.157322 0.915682
Df=0.0102248 -0.0218986
h=0.00912525 0.00426071
Df=0.0112469 -0.0351655
h=0.0105512 0.00337458
Df=0.0021177 -0.010793
h=0.00204681 0.000401604
Df=0.00365737 -0.0222425
h=0.00355462 0.000584492
Df=0.0846126 0.385727
h=0.151987 0.961951
is completely visible? 0
are areas equal? 38=34.6723?0
i=4
area=34.6723
+++++4 guards with gradient 0
	======== guard 6.91018 4.37045
	was guard reflex vertex? 0
	computed gradient 2.31721 -0.330606 and pull 0.519886 3.64386
	------- removing guard 6.91018 4.37045
g0=6.91018 4.37045
area0=27.7687
alpha0=0.4
scaling gradient with 0.03125 to 0.0724127 -0.0103315
event=placed on reflex vertex 7 5
	>>>> prev guard 6.91018 4.37045 cur guard 7 5
	was guard reflex vertex? 0
	was guard in reflex area? 0
	does guard intersect boundary ray 6.91018 4.37045 7 5?0
	is guard inside polygon? 1
0 other guards have coords 7 5
	 new best guard at 7 5
scaling gradient with 0.0625 to 0.144825 -0.0206629
event=placed on reflex vertex 7 5
	>>>> prev guard 6.91018 4.37045 cur guard 7 5
	was guard reflex vertex? 0
	was guard in reflex area? 0
	does guard intersect boundary ray 6.91018 4.37045 7 5?0
	is guard inside polygon? 1
1 other guards have coords 7 5
scaling gradient with 0.125 to 0.289651 -0.0413258
event=placed on reflex vertex 7 5
	>>>> prev guard 6.91018 4.37045 cur guard 7 5
	was guard reflex vertex? 0
	was guard in reflex area? 0
	does guard intersect boundary ray 6.91018 4.37045 7 5?0
	is guard inside polygon? 1
1 other guards have coords 7 5
scaling gradient with 0.25 to 0.579301 -0.0826516
event=placed on reflex vertex 7 5
	>>>> prev guard 6.91018 4.37045 cur guard 7 5
	was guard reflex vertex? 0
	was guard in reflex area? 0
	does guard intersect boundary ray 6.91018 4.37045 7 5?0
	is guard inside polygon? 1
1 other guards have coords 7 5
scaling gradient with 0.5 to 1.1586 -0.165303
event=placed on reflex vertex 7 5
	>>>> prev guard 6.91018 4.37045 cur guard 7 5
	was guard reflex vertex? 0
	was guard in reflex area? 0
	does guard intersect boundary ray 6.91018 4.37045 7 5?0
	is guard inside polygon? 1
1 other guards have coords 7 5
scaling gradient with 1 to 2.31721 -0.330606
event=placed on reflex vertex 7 5
	>>>> prev guard 6.91018 4.37045 cur guard 7 5
	was guard reflex vertex? 0
	was guard in reflex area? 0
	does guard intersect boundary ray 6.91018 4.37045 7 5?0
	is guard inside polygon? 1
1 other guards have coords 7 5
scaling gradient with 2 to 4.63441 -0.661213
event=placed on reflex vertex 7 5
	>>>> prev guard 6.91018 4.37045 cur guard 7 5
	was guard reflex vertex? 0
	was guard in reflex area? 0
	does guard intersect boundary ray 6.91018 4.37045 7 5?0
	is guard inside polygon? 1
1 other guards have coords 7 5
scaling gradient with 4 to 9.26882 -1.32243
event=placed on reflex vertex 7 5
	>>>> prev guard 6.91018 4.37045 cur guard 7 5
	was guard reflex vertex? 0
	was guard in reflex area? 0
	does guard intersect boundary ray 6.91018 4.37045 7 5?0
	is guard inside polygon? 1
1 other guards have coords 7 5
scaling gradient with 8 to 18.5376 -2.64485
event=placed on reflex vertex 7 5
	>>>> prev guard 6.91018 4.37045 cur guard 7 5
	was guard reflex vertex? 0
	was guard in reflex area? 0
	does guard intersect boundary ray 6.91018 4.37045 7 5?0
	is guard inside polygon? 1
1 other guards have coords 7 5
scaling gradient with 16 to 37.0753 -5.2897
event=placed on reflex vertex 7 5
	>>>> prev guard 6.91018 4.37045 cur guard 7 5
	was guard reflex vertex? 0
	was guard in reflex area? 0
	does guard intersect boundary ray 6.91018 4.37045 7 5?0
	is guard inside polygon? 1
1 other guards have coords 7 5
scaling gradient with 32 to 74.1506 -10.5794
event=placed on reflex vertex 7 5
	>>>> prev guard 6.91018 4.37045 cur guard 7 5
	was guard reflex vertex? 0
	was guard in reflex area? 0
	does guard intersect boundary ray 6.91018 4.37045 7 5?0
	is guard inside polygon? 1
1 other guards have coords 7 5
Df=-0 -0
h=-0 0
Df=0.926882 -0.132243
h=0.207955 1.45754
Df=0 -0
h=0 0
Df=0 -0
h=0 0
Df=0 -0
h=0 0
Df=0 -0
h=0 0
Df=0 0
h=0.207955 1.45754
is completely visible? 0
are areas equal? 38=34.6723?0
+++++3 guards with gradient 0
	======== guard 6.7772 3
	was guard reflex vertex? 0
	computed gradient 0.735118 -0.0818933 and pull 0.0406949 0.365299
	------- removing guard 6.7772 3
g1=6.7772 3
area1=30.8013
alpha1=0.4
scaling gradient with 0.03125 to 0.0229724 -0.00255917
	>>>> prev guard 6.7772 3 cur guard 6.93056 2.7636
	was guard reflex vertex? 0
	was guard in reflex area? 0
	does guard intersect boundary ray 6.7772 3 6.93056 2.7636?1
	is guard inside polygon? 0
0 other guards have coords 6.93056 3
	 new best guard at 6.93056 3
scaling gradient with 0.0625 to 0.0459448 -0.00511833
	>>>> prev guard 6.7772 3 cur guard 7.06018 2.83969
	was guard reflex vertex? 0
	was guard in reflex area? 0
	does guard intersect boundary ray 6.7772 3 7.06018 2.83969?1
	is guard inside polygon? 0
0 other guards have coords 7.06018 3
scaling gradient with 0.125 to 0.0918897 -0.0102367
	>>>> prev guard 6.7772 3 cur guard 7.17448 2.90016
	was guard reflex vertex? 0
	was guard in reflex area? 0
	does guard intersect boundary ray 6.7772 3 7.17448 2.90016?1
	is guard inside polygon? 0
0 other guards have coords 7.17448 3
scaling gradient with 0.25 to 0.183779 -0.0204733
	>>>> prev guard 6.7772 3 cur guard 7.28389 2.94771
	was guard reflex vertex? 0
	was guard in reflex area? 0
	does guard intersect boundary ray 6.7772 3 7.28389 2.94771?1
	is guard inside polygon? 0
0 other guards have coords 7.28389 3
scaling gradient with 0.5 to 0.367559 -0.0409467
	>>>> prev guard 6.7772 3 cur guard 7.40407 2.98412
	was guard reflex vertex? 0
	was guard in reflex area? 0
	does guard intersect boundary ray 6.7772 3 7.40407 2.98412?1
	is guard inside polygon? 0
0 other guards have coords 7.40407 3
scaling gradient with 1 to 0.735118 -0.0818933
	>>>> prev guard 6.7772 3 cur guard 7.56228 3.00997
	was guard reflex vertex? 0
	was guard in reflex area? 0
	does guard intersect boundary ray 6.7772 3 7.56228 3.00997?1
	is guard inside polygon? 1
0 other guards have coords 7.56228 3
scaling gradient with 2 to 1.47024 -0.163787
	>>>> prev guard 6.7772 3 cur guard 7.80972 3.0241
	was guard reflex vertex? 0
	was guard in reflex area? 0
	does guard intersect boundary ray 6.7772 3 7.80972 3.0241?1
	is guard inside polygon? 1
0 other guards have coords 7.80972 3
scaling gradient with 4 to 2.94047 -0.327573
	>>>> prev guard 6.7772 3 cur guard 8.24617 3.02229
	was guard reflex vertex? 0
	was guard in reflex area? 0
	does guard intersect boundary ray 6.7772 3 8.24617 3.02229?1
	is guard inside polygon? 1
0 other guards have coords 8.24617 3
scaling gradient with 8 to 5.88094 -0.655147
	>>>> prev guard 6.7772 3 cur guard 9.06905 2.99465
	was guard reflex vertex? 0
	was guard in reflex area? 0
	does guard intersect boundary ray 6.7772 3 9.06905 2.99465?1
	is guard inside polygon? 0
0 other guards have coords 9.06905 3
	 new best guard at 9.06905 3
scaling gradient with 16 to 11.7619 -1.31029
	>>>> prev guard 6.7772 3 cur guard 10.6716 2.92012
	was guard reflex vertex? 0
	was guard in reflex area? 0
	does guard intersect boundary ray 6.7772 3 10.6716 2.92012?1
	is guard inside polygon? 0
0 other guards have coords 10.6716 3
scaling gradient with 32 to 23.5238 -2.62059
	>>>> prev guard 6.7772 3 cur guard 13.8387 2.75567
	was guard reflex vertex? 0
	was guard in reflex area? 0
	does guard intersect boundary ray 6.7772 3 13.8387 2.75567?1
	is guard inside polygon? 0
0 other guards have coords 13.8387 3
	 new best guard at 13.8387 3
Df=0 0
h=0 0
Df=0.294047 -0.0327573
h=0.016278 0.14612
Df=0 0
h=0 0
Df=0 0
h=0 0
Df=0 0
h=0 0
Df=0 0
h=0 0
Df=3.16717 -0.244328
h=0.016278 0.14612
is completely visible? 0
are areas equal? 38=37.1399?0
+++++2 guards with gradient 0
	======== guard 10.8897 3
	was guard reflex vertex? 0
	computed gradient 0.053586 -0.0565421 and pull 0.0194471 0.0184303
	------- removing guard 10.8897 3
g2=10.8897 3
area2=29.9484
alpha2=0.4
scaling gradient with 0.03125 to 0.00167456 -0.00176694
	>>>> prev guard 10.8897 3 cur guard 11.0746 2.76372
	was guard reflex vertex? 0
	was guard in reflex area? 0
	does guard intersect boundary ray 10.8897 3 11.0746 2.76372?1
	is guard inside polygon? 0
0 other guards have coords 11.0746 3
	 new best guard at 11.0746 3
scaling gradient with 0.0625 to 0.00334913 -0.00353388
	>>>> prev guard 10.8897 3 cur guard 11.2243 2.81217
	was guard reflex vertex? 0
	was guard in reflex area? 0
	does guard intersect boundary ray 10.8897 3 11.2243 2.81217?1
	is guard inside polygon? 0
0 other guards have coords 11.2243 3
	 new best guard at 11.2243 3
scaling gradient with 0.125 to 0.00669825 -0.00706777
	>>>> prev guard 10.8897 3 cur guard 11.3462 2.85065
	was guard reflex vertex? 0
	was guard in reflex area? 0
	does guard intersect boundary ray 10.8897 3 11.3462 2.85065?1
	is guard inside polygon? 0
0 other guards have coords 11.3462 3
	 new best guard at 11.3462 3
scaling gradient with 0.25 to 0.0133965 -0.0141355
	>>>> prev guard 10.8897 3 cur guard 11.4463 2.88086
	was guard reflex vertex? 0
	was guard in reflex area? 0
	does guard intersect boundary ray 10.8897 3 11.4463 2.88086?1
	is guard inside polygon? 0
0 other guards have coords 11.4463 3
	 new best guard at 11.4463 3
scaling gradient with 0.5 to 0.026793 -0.0282711
	>>>> prev guard 10.8897 3 cur guard 11.5301 2.9039
	was guard reflex vertex? 0
	was guard in reflex area? 0
	does guard intersect boundary ray 10.8897 3 11.5301 2.9039?1
	is guard inside polygon? 0
0 other guards have coords 11.5301 3
	 new best guard at 11.5301 3
scaling gradient with 1 to 0.053586 -0.0565421
	>>>> prev guard 10.8897 3 cur guard 11.603 2.92007
	was guard reflex vertex? 0
	was guard in reflex area? 0
	does guard intersect boundary ray 10.8897 3 11.603 2.92007?1
	is guard inside polygon? 0
0 other guards have coords 11.603 3
	 new best guard at 11.603 3
scaling gradient with 2 to 0.107172 -0.113084
	>>>> prev guard 10.8897 3 cur guard 11.6714 2.92848
	was guard reflex vertex? 0
	was guard in reflex area? 0
	does guard intersect boundary ray 10.8897 3 11.6714 2.92848?1
	is guard inside polygon? 0
0 other guards have coords 11.6714 3
	 new best guard at 11.6714 3
scaling gradient with 4 to 0.214344 -0.226169
	>>>> prev guard 10.8897 3 cur guard 11.7449 2.92617
	was guard reflex vertex? 0
	was guard in reflex area? 0
	does guard intersect boundary ray 10.8897 3 11.7449 2.92617?1
	is guard inside polygon? 0
0 other guards have coords 11.7449 3
	 new best guard at 11.7449 3
scaling gradient with 8 to 0.428688 -0.452337
	>>>> prev guard 10.8897 3 cur guard 11.8395 2.90622
	was guard reflex vertex? 0
	was guard in reflex area? 0
	does guard intersect boundary ray 10.8897 3 11.8395 2.90622?1
	is guard inside polygon? 0
0 other guards have coords 11.8395 3
	 new best guard at 11.8395 3
scaling gradient with 16 to 0.857377 -0.904674
	>>>> prev guard 10.8897 3 cur guard 11.9854 2.85408
	was guard reflex vertex? 0
	was guard in reflex area? 0
	does guard intersect boundary ray 10.8897 3 11.9854 2.85408?1
	is guard inside polygon? 0
0 other guards have coords 11.9854 3
	 new best guard at 11.9854 3
scaling gradient with 32 to 1.71475 -1.80935
	>>>> prev guard 10.8897 3 cur guard 12.2408 2.73999
	was guard reflex vertex? 0
	was guard in reflex area? 0
	does guard intersect boundary ray 10.8897 3 12.2408 2.73999?1
	is guard inside polygon? 0
0 other guards have coords 12.2408 3
	 new best guard at 12.2408 3
Df=0 0
h=0 0
Df=0 0
h=0 0
Df=0 0
h=0 0
Df=0 0
h=0 0
Df=0 0
h=0 0
Df=0.0214344 -0.0226169
h=0.00777882 0.00737214
Df=0.255406 -0.260011
h=0.00777882 0.00737214
is completely visible? 0
are areas equal? 38=37.1399?0
+++++1 guards with gradient 0
	======== guard 6.77393 3
	was guard reflex vertex? 0
	computed gradient 1.25736 -0.31983 and pull 0.0974574 0.65254
	------- removing guard 6.77393 3
g3=6.77393 3
area3=30.8081
alpha3=0.4
scaling gradient with 0.03125 to 0.0392924 -0.00999469
	>>>> prev guard 6.77393 3 cur guard 6.97043 2.70723
	was guard reflex vertex? 0
	was guard in reflex area? 0
	does guard intersect boundary ray 6.77393 3 6.97043 2.70723?1
	is guard inside polygon? 0
0 other guards have coords 6.97043 3
	 new best guard at 6.97043 3
scaling gradient with 0.0625 to 0.0785847 -0.0199894
	>>>> prev guard 6.77393 3 cur guard 7.14172 2.81639
	was guard reflex vertex? 0
	was guard in reflex area? 0
	does guard intersect boundary ray 6.77393 3 7.14172 2.81639?1
	is guard inside polygon? 0
0 other guards have coords 7.14172 3
scaling gradient with 0.125 to 0.157169 -0.0399788
	>>>> prev guard 6.77393 3 cur guard 7.29912 2.90211
	was guard reflex vertex? 0
	was guard in reflex area? 0
	does guard intersect boundary ray 6.77393 3 7.29912 2.90211?1
	is guard inside polygon? 0
0 other guards have coords 7.29912 3
scaling gradient with 0.25 to 0.314339 -0.0799575
	>>>> prev guard 6.77393 3 cur guard 7.45798 2.9675
	was guard reflex vertex? 0
	was guard in reflex area? 0
	does guard intersect boundary ray 6.77393 3 7.45798 2.9675?1
	is guard inside polygon? 0
0 other guards have coords 7.45798 3
scaling gradient with 0.5 to 0.628678 -0.159915
	>>>> prev guard 6.77393 3 cur guard 7.64316 3.01341
	was guard reflex vertex? 0
	was guard in reflex area? 0
	does guard intersect boundary ray 6.77393 3 7.64316 3.01341?1
	is guard inside polygon? 1
0 other guards have coords 7.64316 3
scaling gradient with 1 to 1.25736 -0.31983
	>>>> prev guard 6.77393 3 cur guard 7.89969 3.03734
	was guard reflex vertex? 0
	was guard in reflex area? 0
	does guard intersect boundary ray 6.77393 3 7.89969 3.03734?1
	is guard inside polygon? 1
0 other guards have coords 7.89969 3
scaling gradient with 2 to 2.51471 -0.63966
	>>>> prev guard 6.77393 3 cur guard 8.31389 3.0309
	was guard reflex vertex? 0
	was guard in reflex area? 0
	does guard intersect boundary ray 6.77393 3 8.31389 3.0309?1
	is guard inside polygon? 1
0 other guards have coords 8.31389 3
scaling gradient with 4 to 5.02942 -1.27932
	>>>> prev guard 6.77393 3 cur guard 9.0554 2.97458
	was guard reflex vertex? 0
	was guard in reflex area? 0
	does guard intersect boundary ray 6.77393 3 9.0554 2.97458?1
	is guard inside polygon? 0
0 other guards have coords 9.0554 3
	 new best guard at 9.0554 3
scaling gradient with 8 to 10.0588 -2.55864
	>>>> prev guard 6.77393 3 cur guard 10.4611 2.82718
	was guard reflex vertex? 0
	was guard in reflex area? 0
	does guard intersect boundary ray 6.77393 3 10.4611 2.82718?1
	is guard inside polygon? 0
0 other guards have coords 10.4611 3
scaling gradient with 16 to 20.1177 -5.11728
	>>>> prev guard 6.77393 3 cur guard 13.2029 2.50456
	was guard reflex vertex? 0
	was guard in reflex area? 0
	does guard intersect boundary ray 6.77393 3 13.2029 2.50456?1
	is guard inside polygon? 0
0 other guards have coords 13.2029 3
scaling gradient with 32 to 40.2354 -10.2346
	>>>> prev guard 6.77393 3 cur guard 18.6229 1.83709
	was guard reflex vertex? 0
	was guard in reflex area? 0
	does guard intersect boundary ray 6.77393 3 18.6229 1.83709?1
	is guard inside polygon? 0
0 other guards have coords 15 3
Df=-0.0204802 -0.00792509
h=-0.00369551 0.00955003
Df=0.486763 -0.0550222
h=0.027337 0.241841
Df=0.0129526 -0.0144167
h=0.00481753 0.00432827
Df=0.014254 -0.0229923
h=0.00605741 0.00375528
Df=0.00370453 -0.00968009
h=0.00172992 0.000662032
Df=0.00574861 -0.0178956
h=0.00273658 0.00087907
Df=0.741508 -0.0254187
h=0.0389829 0.261016
is completely visible? 0
are areas equal? 38=35.1251?0
i=5
area=35.1251
+++++4 guards with gradient 0
	======== guard 7 5
	was guard reflex vertex? 1
	computed gradient -0 -0 and pull -0 -0
	======== guard 13.8387 3
	was guard reflex vertex? 0
	computed gradient -0 -0 and pull -0 0
	======== guard 12.2408 3
	was guard reflex vertex? 0
	computed gradient -2.18185 -0.262653 and pull -0.130385 1.0831
	------- removing guard 12.2408 3
g2=12.2408 3
area2=30.8392
alpha2=0.4
scaling gradient with 0.03125 to -0.0681827 -0.0082079
	>>>> prev guard 12.2408 3 cur guard 12.4292 2.87798
	was guard reflex vertex? 0
	was guard in reflex area? 0
	does guard intersect boundary ray 12.2408 3 12.4292 2.87798?1
	is guard inside polygon? 0
0 other guards have coords 12.4292 3
	 new best guard at 12.4292 3
scaling gradient with 0.0625 to -0.136365 -0.0164158
	>>>> prev guard 12.2408 3 cur guard 12.5586 2.98772
	was guard reflex vertex? 0
	was guard in reflex area? 0
	does guard intersect boundary ray 12.2408 3 12.5586 2.98772?1
	is guard inside polygon? 0
0 other guards have coords 12.5586 3
scaling gradient with 0.125 to -0.272731 -0.0328316
	>>>> prev guard 12.2408 3 cur guard 12.6299 3.0742
	was guard reflex vertex? 0
	was guard in reflex area? 0
	does guard intersect boundary ray 12.2408 3 12.6299 3.0742?1
	is guard inside polygon? 1
0 other guards have coords 12.6299 3
scaling gradient with 0.25 to -0.545462 -0.0656632
	>>>> prev guard 12.2408 3 cur guard 12.6328 3.14075
	was guard reflex vertex? 0
	was guard in reflex area? 0
	does guard intersect boundary ray 12.2408 3 12.6328 3.14075?1
	is guard inside polygon? 1
0 other guards have coords 12.6328 3
scaling gradient with 0.5 to -1.09092 -0.131326
	>>>> prev guard 12.2408 3 cur guard 12.5375 3.18875
	was guard reflex vertex? 0
	was guard in reflex area? 0
	does guard intersect boundary ray 12.2408 3 12.5375 3.18875?1
	is guard inside polygon? 1
0 other guards have coords 12.5375 3
	 new best guard at 12.5375 3
scaling gradient with 1 to -2.18185 -0.262653
	>>>> prev guard 12.2408 3 cur guard 12.2763 3.21663
	was guard reflex vertex? 0
	was guard in reflex area? 0
	does guard intersect boundary ray 12.2408 3 12.2763 3.21663?1
	is guard inside polygon? 1
0 other guards have coords 12.2763 3
	 new best guard at 12.2763 3
scaling gradient with 2 to -4.36369 -0.525306
	>>>> prev guard 12.2408 3 cur guard 11.7077 3.21793
	was guard reflex vertex? 0
	was guard in reflex area? 0
	does guard intersect boundary ray 12.2408 3 11.7077 3.21793?1
	is guard inside polygon? 1
0 other guards have coords 11.7077 3
scaling gradient with 4 to -8.72739 -1.05061
	>>>> prev guard 12.2408 3 cur guard 10.5443 3.17694
	was guard reflex vertex? 0
	was guard in reflex area? 0
	does guard intersect boundary ray 12.2408 3 10.5443 3.17694?1
	is guard inside polygon? 1
0 other guards have coords 10.5443 3
scaling gradient with 8 to -17.4548 -2.10122
	>>>> prev guard 12.2408 3 cur guard 8.20672 3.06011
	was guard reflex vertex? 0
	was guard in reflex area? 0
	does guard intersect boundary ray 12.2408 3 8.20672 3.06011?1
	is guard inside polygon? 1
0 other guards have coords 8.20672 3
scaling gradient with 16 to -34.9096 -4.20245
	>>>> prev guard 12.2408 3 cur guard 3.53347 2.79854
	was guard reflex vertex? 0
	was guard in reflex area? 0
	does guard intersect boundary ray 12.2408 3 3.53347 2.79854?1
	is guard inside polygon? 0
0 other guards have coords 4 3
	 new best guard at 4 3
scaling gradient with 32 to -69.8191 -8.40489
	>>>> prev guard 12.2408 3 cur guard -5.33456 2.25309
	was guard reflex vertex? 0
	was guard in reflex area? 0
	does guard intersect boundary ray 12.2408 3 -5.33456 2.25309?1
	is guard inside polygon? 0
1 other guards have coords 4 3
Df=0 0
h=0 0
Df=0 0
h=0 0
Df=0 0
h=0 0
Df=0 0
h=0 0
Df=-0.872739 -0.105061
h=-0.052154 0.433242
Df=0 0
h=0 0
Df=-4.67325 -0.201463
h=-0.052154 0.433242
is completely visible? 0
are areas equal? 38=37.0421?0
+++++3 guards with gradient 0
	======== guard 7 5
	was guard reflex vertex? 1
	computed gradient -0 -0 and pull -0 -0
	======== guard 13.8387 3
	was guard reflex vertex? 0
	computed gradient -0.214972 -0.197639 and pull -0.072747 0.0791269
	------- removing guard 13.8387 3
g1=13.8387 3
area1=28.9393
alpha1=0.4
scaling gradient with 0.03125 to -0.00671786 -0.00617621
	>>>> prev guard 13.8387 3 cur guard 16.3661 2.81037
	was guard reflex vertex? 0
	was guard in reflex area? 0
	does guard intersect boundary ray 13.8387 3 16.3661 2.81037?1
	is guard inside polygon? 0
0 other guards have coords 15 3
	 new best guard at 15 3
scaling gradient with 0.0625 to -0.0134357 -0.0123524
	>>>> prev guard 13.8387 3 cur guard 17.015 2.85364
	was guard reflex vertex? 0
	was guard in reflex area? 0
	does guard intersect boundary ray 13.8387 3 17.015 2.85364?1
	is guard inside polygon? 0
1 other guards have coords 15 3
scaling gradient with 0.125 to -0.0268714 -0.0247048
	>>>> prev guard 13.8387 3 cur guard 16.604 2.88727
	was guard reflex vertex? 0
	was guard in reflex area? 0
	does guard intersect boundary ray 13.8387 3 16.604 2.88727?1
	is guard inside polygon? 0
1 other guards have coords 15 3
scaling gradient with 0.25 to -0.0537429 -0.0494096
	>>>> prev guard 13.8387 3 cur guard 16.2731 2.91219
	was guard reflex vertex? 0
	was guard in reflex area? 0
	does guard intersect boundary ray 13.8387 3 16.2731 2.91219?1
	is guard inside polygon? 0
1 other guards have coords 15 3
scaling gradient with 0.5 to -0.107486 -0.0988193
	>>>> prev guard 13.8387 3 cur guard 16.0041 2.92818
	was guard reflex vertex? 0
	was guard in reflex area? 0
	does guard intersect boundary ray 13.8387 3 16.0041 2.92818?1
	is guard inside polygon? 0
1 other guards have coords 15 3
scaling gradient with 1 to -0.214972 -0.197639
	>>>> prev guard 13.8387 3 cur guard 15.7802 2.93306
	was guard reflex vertex? 0
	was guard in reflex area? 0
	does guard intersect boundary ray 13.8387 3 15.7802 2.93306?1
	is guard inside polygon? 0
1 other guards have coords 15 3
scaling gradient with 2 to -0.429943 -0.395277
	>>>> prev guard 13.8387 3 cur guard 15.584 2.92116
	was guard reflex vertex? 0
	was guard in reflex area? 0
	does guard intersect boundary ray 13.8387 3 15.584 2.92116?1
	is guard inside polygon? 0
1 other guards have coords 15 3
scaling gradient with 4 to -0.859886 -0.790554
	>>>> prev guard 13.8387 3 cur guard 15.3926 2.88001
	was guard reflex vertex? 0
	was guard in reflex area? 0
	does guard intersect boundary ray 13.8387 3 15.3926 2.88001?1
	is guard inside polygon? 0
1 other guards have coords 15 3
scaling gradient with 8 to -1.71977 -1.58111
	>>>> prev guard 13.8387 3 cur guard 15.1707 2.78385
	was guard reflex vertex? 0
	was guard in reflex area? 0
	does guard intersect boundary ray 13.8387 3 15.1707 2.78385?1
	is guard inside polygon? 0
1 other guards have coords 15 3
scaling gradient with 16 to -3.43954 -3.16222
	>>>> prev guard 13.8387 3 cur guard 14.8555 2.58043
	was guard reflex vertex? 0
	was guard in reflex area? 0
	does guard intersect boundary ray 13.8387 3 14.8555 2.58043?1
	is guard inside polygon? 0
0 other guards have coords 14.8555 3
	 new best guard at 14.8555 3
scaling gradient with 32 to -6.87909 -6.32443
	>>>> prev guard 13.8387 3 cur guard 14.1838 2.16472
	was guard reflex vertex? 0
	was guard in reflex area? 0
	does guard intersect boundary ray 13.8387 3 14.1838 2.16472?1
	is guard inside polygon? 0
0 other guards have coords 14.1838 3
	 new best guard at 14.1838 3
Df=0 0
h=0 0
Df=0 0
h=0 0
Df=0 0
h=0 0
Df=0 0
h=0 0
Df=-0.0859886 -0.0790554
h=-0.0290988 0.0316508
Df=0 0
h=0 0
Df=-0.671715 -0.835278
h=-0.0290988 0.0316508
is completely visible? 0
are areas equal? 38=36.9807?0
+++++2 guards with gradient 0
	======== guard 7 5
	was guard reflex vertex? 1
	computed gradient -0 -0 and pull -0 -0
	======== guard 9.0554 3
	was guard reflex vertex? 0
	computed gradient 0.0516978 -0.141923 and pull 0.00974007 0.0446009
	------- removing guard 9.0554 3
g3=9.0554 3
area3=30.7939
alpha3=0.4
scaling gradient with 0.03125 to 0.00161556 -0.00443511
	>>>> prev guard 9.0554 3 cur guard 9.64951 2.98288
	was guard reflex vertex? 0
	was guard in reflex area? 0
	does guard intersect boundary ray 9.0554 3 9.64951 2.98288?1
	is guard inside polygon? 0
0 other guards have coords 9.64951 3
	 new best guard at 9.64951 3
scaling gradient with 0.0625 to 0.00323112 -0.00887021
	>>>> prev guard 9.0554 3 cur guard 10.1258 2.98916
	was guard reflex vertex? 0
	was guard in reflex area? 0
	does guard intersect boundary ray 9.0554 3 10.1258 2.98916?1
	is guard inside polygon? 0
0 other guards have coords 10.1258 3
scaling gradient with 0.125 to 0.00646223 -0.0177404
	>>>> prev guard 9.0554 3 cur guard 10.5082 2.99348
	was guard reflex vertex? 0
	was guard in reflex area? 0
	does guard intersect boundary ray 9.0554 3 10.5082 2.99348?1
	is guard inside polygon? 0
0 other guards have coords 10.5082 3
scaling gradient with 0.25 to 0.0129245 -0.0354809
	>>>> prev guard 9.0554 3 cur guard 10.8159 2.99551
	was guard reflex vertex? 0
	was guard in reflex area? 0
	does guard intersect boundary ray 9.0554 3 10.8159 2.99551?1
	is guard inside polygon? 0
0 other guards have coords 10.8159 3
scaling gradient with 0.5 to 0.0258489 -0.0709617
	>>>> prev guard 9.0554 3 cur guard 11.0649 2.9943
	was guard reflex vertex? 0
	was guard in reflex area? 0
	does guard intersect boundary ray 9.0554 3 11.0649 2.9943?1
	is guard inside polygon? 0
0 other guards have coords 11.0649 3
scaling gradient with 1 to 0.0516978 -0.141923
	>>>> prev guard 9.0554 3 cur guard 11.269 2.98765
	was guard reflex vertex? 0
	was guard in reflex area? 0
	does guard intersect boundary ray 9.0554 3 11.269 2.98765?1
	is guard inside polygon? 0
0 other guards have coords 11.269 3
scaling gradient with 2 to 0.103396 -0.283847
	>>>> prev guard 9.0554 3 cur guard 11.4414 2.97098
	was guard reflex vertex? 0
	was guard in reflex area? 0
	does guard intersect boundary ray 9.0554 3 11.4414 2.97098?1
	is guard inside polygon? 0
0 other guards have coords 11.4414 3
scaling gradient with 4 to 0.206791 -0.567694
	>>>> prev guard 9.0554 3 cur guard 11.5966 2.93494
	was guard reflex vertex? 0
	was guard in reflex area? 0
	does guard intersect boundary ray 9.0554 3 11.5966 2.93494?1
	is guard inside polygon? 0
0 other guards have coords 11.5966 3
scaling gradient with 8 to 0.413583 -1.13539
	>>>> prev guard 9.0554 3 cur guard 11.7546 2.86069
	was guard reflex vertex? 0
	was guard in reflex area? 0
	does guard intersect boundary ray 9.0554 3 11.7546 2.86069?1
	is guard inside polygon? 0
0 other guards have coords 11.7546 3
scaling gradient with 16 to 0.827166 -2.27077
	>>>> prev guard 9.0554 3 cur guard 11.948 2.71046
	was guard reflex vertex? 0
	was guard in reflex area? 0
	does guard intersect boundary ray 9.0554 3 11.948 2.71046?1
	is guard inside polygon? 0
0 other guards have coords 11.948 3
scaling gradient with 32 to 1.65433 -4.54155
	>>>> prev guard 9.0554 3 cur guard 12.2358 2.40861
	was guard reflex vertex? 0
	was guard in reflex area? 0
	does guard intersect boundary ray 9.0554 3 12.2358 2.40861?1
	is guard inside polygon? 0
0 other guards have coords 12.2358 3
Df=-0.0151593 -0.0231588
h=-0.00634179 0.00415121
Df=0 0
h=0 0
Df=0 0
h=0 0
Df=0.0247157 -0.0116733
h=0.00527761 0.0111742
Df=0 0
h=0 0
Df=0.0111227 -0.0219373
h=0.00496021 0.00251494
Df=0.594115 -0.0171217
h=0.00389603 0.0178404
is completely visible? 1
are areas equal? 38=38?1
i=7
area=38
g0=7 5
alpha0=0.4
area0=26
g1=14.1838 3
alpha1=0.4
area1=28.6548
g2=4 3
alpha2=0.4
area2=28.1793
g3=9.64951 3
alpha3=0.4
area3=31.4825
