14
4 5 4 3
5 9 4 5
6 5 5 9
7 5 6 5
8 9 7 5
9 5 8 9
10 5 9 5
11 9 10 5
12 5 11 9
13 5 12 5
14 9 13 5
15 3 4 3
15 5 15 3
14 9 15 5
total area=38
i=0
area=38
+++++4 guards with gradient 0
	======== guard 4 4
	was guard reflex vertex? 0
	computed gradient 0 -0 and pull 0 0
	======== guard 7.92308 5.30769
	was guard reflex vertex? 0
	computed gradient -0 -0 and pull -0 -0
	======== guard 10.96 5.16
	was guard reflex vertex? 0
	computed gradient -0 -0 and pull -0 -0
	======== guard 13.973 5.10811
	was guard reflex vertex? 0
	computed gradient 0 -0 and pull -0 -0
is completely visible? 0
are areas equal? 38=38?1
i=2
area=38
g0=4 4
alpha0=0.4
area0=27.1516
g1=7.92308 5.30769
alpha1=0.4
area1=19.3571
g2=10.96 5.16
alpha2=0.4
area2=22.3077
g3=13.973 5.10811
alpha3=0.4
area3=21.5
