14
4 5 4 3
5 9 4 5
6 5 5 9
7 5 6 5
8 9 7 5
9 5 8 9
10 5 9 5
11 9 10 5
12 5 11 9
13 5 12 5
14 9 13 5
15 3 4 3
15 5 15 3
14 9 15 5
total area=38
i=0
area=27.2376
+++++4 guards with gradient 0
	======== guard 5.9 4.9
	was guard reflex vertex? 0
	computed gradient 0 -0 and pull 0 0
	======== guard 4.1 4
	was guard reflex vertex? 0
	computed gradient 0 -0 and pull 0 0
	======== guard 4.2 4
	was guard reflex vertex? 0
	computed gradient 0 -0 and pull 0 0
	======== guard 4.3 4
	was guard reflex vertex? 0
	computed gradient 0.0510044 -0.197991 and pull 0.0485906 0.0147688
	------- removing guard 4.3 4
g3=4.3 4
area3=27.2376
alpha3=0.4
scaling gradient with 0.03125 to 0.00159389 -0.00618722
	>>>> prev guard 4.3 4 cur guard 4.30401 4.00069
	was guard reflex vertex? 0
	was guard in reflex area? 0
	does guard intersect boundary ray 4.3 4 4.30401 4.00069?0
	is guard inside polygon? 1
0 other guards have coords 4.30401 4.00069
	 new best guard at 4.30401 4.00069
scaling gradient with 0.0625 to 0.00318777 -0.0123744
	>>>> prev guard 4.3 4 cur guard 4.31137 4.00143
	was guard reflex vertex? 0
	was guard in reflex area? 0
	does guard intersect boundary ray 4.3 4 4.31137 4.00143?0
	is guard inside polygon? 1
0 other guards have coords 4.31137 4.00143
	 new best guard at 4.31137 4.00143
scaling gradient with 0.125 to 0.00637555 -0.0247489
	>>>> prev guard 4.3 4 cur guard 4.32165 4.00122
	was guard reflex vertex? 0
	was guard in reflex area? 0
	does guard intersect boundary ray 4.3 4 4.32165 4.00122?0
	is guard inside polygon? 1
0 other guards have coords 4.32165 4.00122
	 new best guard at 4.32165 4.00122
scaling gradient with 0.25 to 0.0127511 -0.0494978
	>>>> prev guard 4.3 4 cur guard 4.33478 3.99828
	was guard reflex vertex? 0
	was guard in reflex area? 0
	does guard intersect boundary ray 4.3 4 4.33478 3.99828?0
	is guard inside polygon? 1
0 other guards have coords 4.33478 3.99828
	 new best guard at 4.33478 3.99828
scaling gradient with 0.5 to 0.0255022 -0.0989955
	>>>> prev guard 4.3 4 cur guard 4.35121 3.98919
	was guard reflex vertex? 0
	was guard in reflex area? 0
	does guard intersect boundary ray 4.3 4 4.35121 3.98919?0
	is guard inside polygon? 1
0 other guards have coords 4.35121 3.98919
	 new best guard at 4.35121 3.98919
scaling gradient with 1 to 0.0510044 -0.197991
	>>>> prev guard 4.3 4 cur guard 4.37233 3.96725
	was guard reflex vertex? 0
	was guard in reflex area? 0
	does guard intersect boundary ray 4.3 4 4.37233 3.96725?0
	is guard inside polygon? 1
0 other guards have coords 4.37233 3.96725
	 new best guard at 4.37233 3.96725
scaling gradient with 2 to 0.102009 -0.395982
	>>>> prev guard 4.3 4 cur guard 4.40127 3.91921
	was guard reflex vertex? 0
	was guard in reflex area? 0
	does guard intersect boundary ray 4.3 4 4.40127 3.91921?0
	is guard inside polygon? 1
0 other guards have coords 4.40127 3.91921
	 new best guard at 4.40127 3.91921
scaling gradient with 4 to 0.204018 -0.791964
	>>>> prev guard 4.3 4 cur guard 4.44463 3.8186
	was guard reflex vertex? 0
	was guard in reflex area? 0
	does guard intersect boundary ray 4.3 4 4.44463 3.8186?0
	is guard inside polygon? 1
0 other guards have coords 4.44463 3.8186
	 new best guard at 4.44463 3.8186
scaling gradient with 8 to 0.408035 -1.58393
	>>>> prev guard 4.3 4 cur guard 4.51584 3.61258
	was guard reflex vertex? 0
	was guard in reflex area? 0
	does guard intersect boundary ray 4.3 4 4.51584 3.61258?0
	is guard inside polygon? 1
0 other guards have coords 4.51584 3.61258
	 new best guard at 4.51584 3.61258
scaling gradient with 16 to 0.81607 -3.16786
	>>>> prev guard 4.3 4 cur guard 4.64199 3.19552
	was guard reflex vertex? 0
	was guard in reflex area? 0
	does guard intersect boundary ray 4.3 4 4.64199 3.19552?0
	is guard inside polygon? 1
0 other guards have coords 4.64199 3.19552
	 new best guard at 4.64199 3.19552
scaling gradient with 32 to 1.63214 -6.33571
	>>>> prev guard 4.3 4 cur guard 4.87737 2.35619
	was guard reflex vertex? 0
	was guard in reflex area? 0
	does guard intersect boundary ray 4.3 4 4.87737 2.35619?1
	is guard inside polygon? 0
0 other guards have coords 4.65124 3
	 new best guard at 4.65124 3
Df=0 0
h=0 0
Df=0.0143 -0.03861
h=0.0134098 0.0049666
Df=0 0
h=0 0
Df=0.00416626 -0.0237477
h=0.00410358 0.000719927
Df=0 0
h=0 0
Df=0.00193549 -0.0168387
h=0.00192283 0.000221015
Df=0.235376 -0.839326
h=0.0194362 0.00590754
is completely visible? 0
are areas equal? 38=28.5401?0
+++++3 guards with gradient 0
	======== guard 5.9 4.9
	was guard reflex vertex? 0
	computed gradient 0 -0 and pull 0 0
	======== guard 4.1 4
	was guard reflex vertex? 0
	computed gradient 0 -0 and pull 0 0
	======== guard 4.2 4
	was guard reflex vertex? 0
	computed gradient 0.048681 -0.19503 and pull 0.0465322 0.0136338
	------- removing guard 4.2 4
g2=4.2 4
area2=27.2073
alpha2=0.4
scaling gradient with 0.03125 to 0.00152128 -0.00609469
	>>>> prev guard 4.2 4 cur guard 4.20384 4.0006
	was guard reflex vertex? 0
	was guard in reflex area? 0
	does guard intersect boundary ray 4.2 4 4.20384 4.0006?0
	is guard inside polygon? 1
0 other guards have coords 4.20384 4.0006
	 new best guard at 4.20384 4.0006
scaling gradient with 0.0625 to 0.00304256 -0.0121894
	>>>> prev guard 4.2 4 cur guard 4.21089 4.0012
	was guard reflex vertex? 0
	was guard in reflex area? 0
	does guard intersect boundary ray 4.2 4 4.21089 4.0012?0
	is guard inside polygon? 1
0 other guards have coords 4.21089 4.0012
	 new best guard at 4.21089 4.0012
scaling gradient with 0.125 to 0.00608512 -0.0243788
	>>>> prev guard 4.2 4 cur guard 4.22073 4.00082
	was guard reflex vertex? 0
	was guard in reflex area? 0
	does guard intersect boundary ray 4.2 4 4.22073 4.00082?0
	is guard inside polygon? 1
0 other guards have coords 4.22073 4.00082
	 new best guard at 4.22073 4.00082
scaling gradient with 0.25 to 0.0121702 -0.0487575
	>>>> prev guard 4.2 4 cur guard 4.2333 3.99771
	was guard reflex vertex? 0
	was guard in reflex area? 0
	does guard intersect boundary ray 4.2 4 4.2333 3.99771?0
	is guard inside polygon? 1
0 other guards have coords 4.2333 3.99771
	 new best guard at 4.2333 3.99771
scaling gradient with 0.5 to 0.0243405 -0.0975151
	>>>> prev guard 4.2 4 cur guard 4.24902 3.9885
	was guard reflex vertex? 0
	was guard in reflex area? 0
	does guard intersect boundary ray 4.2 4 4.24902 3.9885?0
	is guard inside polygon? 1
0 other guards have coords 4.24902 3.9885
	 new best guard at 4.24902 3.9885
scaling gradient with 1 to 0.048681 -0.19503
	>>>> prev guard 4.2 4 cur guard 4.26922 3.96663
	was guard reflex vertex? 0
	was guard in reflex area? 0
	does guard intersect boundary ray 4.2 4 4.26922 3.96663?0
	is guard inside polygon? 1
0 other guards have coords 4.26922 3.96663
	 new best guard at 4.26922 3.96663
scaling gradient with 2 to 0.097362 -0.39006
	>>>> prev guard 4.2 4 cur guard 4.29689 3.91902
	was guard reflex vertex? 0
	was guard in reflex area? 0
	does guard intersect boundary ray 4.2 4 4.29689 3.91902?0
	is guard inside polygon? 1
0 other guards have coords 4.29689 3.91902
	 new best guard at 4.29689 3.91902
scaling gradient with 4 to 0.194724 -0.780121
	>>>> prev guard 4.2 4 cur guard 4.33833 3.81961
	was guard reflex vertex? 0
	was guard in reflex area? 0
	does guard intersect boundary ray 4.2 4 4.33833 3.81961?0
	is guard inside polygon? 1
0 other guards have coords 4.33833 3.81961
	 new best guard at 4.33833 3.81961
scaling gradient with 8 to 0.389448 -1.56024
	>>>> prev guard 4.2 4 cur guard 4.40636 3.61635
	was guard reflex vertex? 0
	was guard in reflex area? 0
	does guard intersect boundary ray 4.2 4 4.40636 3.61635?0
	is guard inside polygon? 1
0 other guards have coords 4.40636 3.61635
	 new best guard at 4.40636 3.61635
scaling gradient with 16 to 0.778896 -3.12048
	>>>> prev guard 4.2 4 cur guard 4.52681 3.2052
	was guard reflex vertex? 0
	was guard in reflex area? 0
	does guard intersect boundary ray 4.2 4 4.52681 3.2052?0
	is guard inside polygon? 1
0 other guards have coords 4.52681 3.2052
	 new best guard at 4.52681 3.2052
scaling gradient with 32 to 1.55779 -6.24097
	>>>> prev guard 4.2 4 cur guard 4.75152 2.37809
	was guard reflex vertex? 0
	was guard in reflex area? 0
	does guard intersect boundary ray 4.2 4 4.75152 2.37809?1
	is guard inside polygon? 0
0 other guards have coords 4.54005 3
	 new best guard at 4.54005 3
Df=0 0
h=0 0
Df=0.0135376 -0.0379052
h=0.0127489 0.00455318
Df=0 0
h=0 0
Df=0.00403988 -0.0234313
h=0.00398114 0.000686403
Df=0 0
h=0 0
Df=0.00189495 -0.0166756
h=0.00188284 0.000213959
Df=0.224711 -0.827109
h=0.0186129 0.00545354
is completely visible? 0
are areas equal? 38=28.5401?0
+++++2 guards with gradient 0
	======== guard 5.9 4.9
	was guard reflex vertex? 0
	computed gradient 0 -0 and pull 0 0
	======== guard 4.1 4
	was guard reflex vertex? 0
	computed gradient 0.0465179 -0.192131 and pull 0.0445987 0.0126134
	------- removing guard 4.1 4
g1=4.1 4
area1=27.1787
alpha1=0.4
scaling gradient with 0.03125 to 0.00145369 -0.00600408
	>>>> prev guard 4.1 4 cur guard 4.10368 4.00053
	was guard reflex vertex? 0
	was guard in reflex area? 0
	does guard intersect boundary ray 4.1 4 4.10368 4.00053?0
	is guard inside polygon? 1
0 other guards have coords 4.10368 4.00053
	 new best guard at 4.10368 4.00053
scaling gradient with 0.0625 to 0.00290737 -0.0120082
	>>>> prev guard 4.1 4 cur guard 4.11043 4.001
	was guard reflex vertex? 0
	was guard in reflex area? 0
	does guard intersect boundary ray 4.1 4 4.11043 4.001?0
	is guard inside polygon? 1
0 other guards have coords 4.11043 4.001
	 new best guard at 4.11043 4.001
scaling gradient with 0.125 to 0.00581474 -0.0240163
	>>>> prev guard 4.1 4 cur guard 4.11986 4.00047
	was guard reflex vertex? 0
	was guard in reflex area? 0
	does guard intersect boundary ray 4.1 4 4.11986 4.00047?0
	is guard inside polygon? 1
0 other guards have coords 4.11986 4.00047
	 new best guard at 4.11986 4.00047
scaling gradient with 0.25 to 0.0116295 -0.0480327
	>>>> prev guard 4.1 4 cur guard 4.13191 3.9972
	was guard reflex vertex? 0
	was guard in reflex area? 0
	does guard intersect boundary ray 4.1 4 4.13191 3.9972?0
	is guard inside polygon? 1
0 other guards have coords 4.13191 3.9972
	 new best guard at 4.13191 3.9972
scaling gradient with 0.5 to 0.023259 -0.0960653
	>>>> prev guard 4.1 4 cur guard 4.14697 3.98792
	was guard reflex vertex? 0
	was guard in reflex area? 0
	does guard intersect boundary ray 4.1 4 4.14697 3.98792?0
	is guard inside polygon? 1
0 other guards have coords 4.14697 3.98792
	 new best guard at 4.14697 3.98792
scaling gradient with 1 to 0.0465179 -0.192131
	>>>> prev guard 4.1 4 cur guard 4.16631 3.96613
	was guard reflex vertex? 0
	was guard in reflex area? 0
	does guard intersect boundary ray 4.1 4 4.16631 3.96613?0
	is guard inside polygon? 1
0 other guards have coords 4.16631 3.96613
	 new best guard at 4.16631 3.96613
scaling gradient with 2 to 0.0930359 -0.384261
	>>>> prev guard 4.1 4 cur guard 4.19279 3.91896
	was guard reflex vertex? 0
	was guard in reflex area? 0
	does guard intersect boundary ray 4.1 4 4.19279 3.91896?0
	is guard inside polygon? 1
0 other guards have coords 4.19279 3.91896
	 new best guard at 4.19279 3.91896
scaling gradient with 4 to 0.186072 -0.768523
	>>>> prev guard 4.1 4 cur guard 4.23243 3.82076
	was guard reflex vertex? 0
	was guard in reflex area? 0
	does guard intersect boundary ray 4.1 4 4.23243 3.82076?0
	is guard inside polygon? 1
0 other guards have coords 4.23243 3.82076
	 new best guard at 4.23243 3.82076
scaling gradient with 8 to 0.372144 -1.53705
	>>>> prev guard 4.1 4 cur guard 4.29748 3.62024
	was guard reflex vertex? 0
	was guard in reflex area? 0
	does guard intersect boundary ray 4.1 4 4.29748 3.62024?0
	is guard inside polygon? 1
0 other guards have coords 4.29748 3.62024
	 new best guard at 4.29748 3.62024
scaling gradient with 16 to 0.744287 -3.07409
	>>>> prev guard 4.1 4 cur guard 4.41264 3.21491
	was guard reflex vertex? 0
	was guard in reflex area? 0
	does guard intersect boundary ray 4.1 4 4.41264 3.21491?0
	is guard inside polygon? 1
0 other guards have coords 4.41264 3.21491
	 new best guard at 4.41264 3.21491
scaling gradient with 32 to 1.48857 -6.14818
	>>>> prev guard 4.1 4 cur guard 4.62741 2.3998
	was guard reflex vertex? 0
	was guard in reflex area? 0
	does guard intersect boundary ray 4.1 4 4.62741 2.3998?1
	is guard inside polygon? 0
0 other guards have coords 4.42959 3
	 new best guard at 4.42959 3
Df=0 0
h=0 0
Df=0.0128324 -0.0372139
h=0.0121314 0.00418323
Df=0 0
h=0 0
Df=0.00391913 -0.0231228
h=0.00386402 0.000654918
Df=0 0
h=0 0
Df=0.00185568 -0.0165155
h=0.00184407 0.000207199
Df=0.214775 -0.815111
h=0.0178395 0.00504535
is completely visible? 0
are areas equal? 38=28.5401?0
+++++1 guards with gradient 0
	======== guard 5.9 4.9
	was guard reflex vertex? 0
	computed gradient 0.761366 -1.29789 and pull 5.48896 5.15587
	------- removing guard 5.9 4.9
g0=5.9 4.9
area0=26.2543
alpha0=0.4
scaling gradient with 0.03125 to 0.0237927 -0.040559
event=placed on reflex vertex 6 5
	>>>> prev guard 5.9 4.9 cur guard 6 5
	was guard reflex vertex? 0
	was guard in reflex area? 0
	does guard intersect boundary ray 5.9 4.9 6 5?0
	is guard inside polygon? 1
0 other guards have coords 6 5
	 new best guard at 6 5
scaling gradient with 0.0625 to 0.0475854 -0.0811179
event=placed on reflex vertex 6 5
	>>>> prev guard 5.9 4.9 cur guard 6 5
	was guard reflex vertex? 0
	was guard in reflex area? 0
	does guard intersect boundary ray 5.9 4.9 6 5?0
	is guard inside polygon? 1
1 other guards have coords 6 5
scaling gradient with 0.125 to 0.0951708 -0.162236
event=placed on reflex vertex 6 5
	>>>> prev guard 5.9 4.9 cur guard 6 5
	was guard reflex vertex? 0
	was guard in reflex area? 0
	does guard intersect boundary ray 5.9 4.9 6 5?0
	is guard inside polygon? 1
1 other guards have coords 6 5
scaling gradient with 0.25 to 0.190342 -0.324472
event=placed on reflex vertex 6 5
	>>>> prev guard 5.9 4.9 cur guard 6 5
	was guard reflex vertex? 0
	was guard in reflex area? 0
	does guard intersect boundary ray 5.9 4.9 6 5?0
	is guard inside polygon? 1
1 other guards have coords 6 5
scaling gradient with 0.5 to 0.380683 -0.648943
event=placed on reflex vertex 6 5
	>>>> prev guard 5.9 4.9 cur guard 6 5
	was guard reflex vertex? 0
	was guard in reflex area? 0
	does guard intersect boundary ray 5.9 4.9 6 5?0
	is guard inside polygon? 1
1 other guards have coords 6 5
scaling gradient with 1 to 0.761366 -1.29789
event=placed on reflex vertex 6 5
	>>>> prev guard 5.9 4.9 cur guard 6 5
	was guard reflex vertex? 0
	was guard in reflex area? 0
	does guard intersect boundary ray 5.9 4.9 6 5?0
	is guard inside polygon? 1
1 other guards have coords 6 5
scaling gradient with 2 to 1.52273 -2.59577
event=placed on reflex vertex 6 5
	>>>> prev guard 5.9 4.9 cur guard 6 5
	was guard reflex vertex? 0
	was guard in reflex area? 0
	does guard intersect boundary ray 5.9 4.9 6 5?0
	is guard inside polygon? 1
1 other guards have coords 6 5
scaling gradient with 4 to 3.04546 -5.19155
event=placed on reflex vertex 6 5
	>>>> prev guard 5.9 4.9 cur guard 6 5
	was guard reflex vertex? 0
	was guard in reflex area? 0
	does guard intersect boundary ray 5.9 4.9 6 5?0
	is guard inside polygon? 1
1 other guards have coords 6 5
scaling gradient with 8 to 6.09093 -10.3831
event=placed on reflex vertex 6 5
	>>>> prev guard 5.9 4.9 cur guard 6 5
	was guard reflex vertex? 0
	was guard in reflex area? 0
	does guard intersect boundary ray 5.9 4.9 6 5?0
	is guard inside polygon? 1
1 other guards have coords 6 5
scaling gradient with 16 to 12.1819 -20.7662
event=placed on reflex vertex 6 5
	>>>> prev guard 5.9 4.9 cur guard 6 5
	was guard reflex vertex? 0
	was guard in reflex area? 0
	does guard intersect boundary ray 5.9 4.9 6 5?0
	is guard inside polygon? 1
1 other guards have coords 6 5
scaling gradient with 32 to 24.3637 -41.5324
event=placed on reflex vertex 6 5
	>>>> prev guard 5.9 4.9 cur guard 6 5
	was guard reflex vertex? 0
	was guard in reflex area? 0
	does guard intersect boundary ray 5.9 4.9 6 5?0
	is guard inside polygon? 1
1 other guards have coords 6 5
Df=0.28999 -0.28999
h=2.05054 2.05054
Df=0.0124891 -0.13738
h=0.124378 0.0113071
Df=0.000602889 -0.0186896
h=0.00602575 0.000194379
Df=0.000978533 -0.0401199
h=0.00978242 0.000238596
Df=0.000155825 -0.0095053
h=0.00155804 2.55416e-05
Df=0.000330569 -0.0234704
h=0.00330536 4.65543e-05
Df=0 0
h=2.19559 2.06235
is completely visible? 0
are areas equal? 38=28.5401?0
i=1
area=28.5401
+++++4 guards with gradient 0
	======== guard 6 5
	was guard reflex vertex? 1
	computed gradient -0 0 and pull 0 -0
	======== guard 4.42959 3
	was guard reflex vertex? 0
	computed gradient 0 -0 and pull 0 0
	======== guard 4.54005 3
	was guard reflex vertex? 0
	computed gradient 0 -0 and pull 0 0
	======== guard 4.65124 3
	was guard reflex vertex? 0
	computed gradient 0.0762146 -0.143459 and pull 0.0315444 0.020151
	------- removing guard 4.65124 3
g3=4.65124 3
area3=28.5401
alpha3=0.4
scaling gradient with 0.03125 to 0.00238171 -0.00448309
	>>>> prev guard 4.65124 3 cur guard 4.84225 2.32979
	was guard reflex vertex? 0
	was guard in reflex area? 0
	does guard intersect boundary ray 4.65124 3 4.84225 2.32979?1
	is guard inside polygon? 0
0 other guards have coords 4.84225 3
	 new best guard at 4.84225 3
scaling gradient with 0.0625 to 0.00476341 -0.00896619
	>>>> prev guard 4.65124 3 cur guard 4.99797 2.46473
	was guard reflex vertex? 0
	was guard in reflex area? 0
	does guard intersect boundary ray 4.65124 3 4.99797 2.46473?1
	is guard inside polygon? 0
0 other guards have coords 4.99797 3
	 new best guard at 4.99797 3
scaling gradient with 0.125 to 0.00952682 -0.0179324
	>>>> prev guard 4.65124 3 cur guard 5.12583 2.57196
	was guard reflex vertex? 0
	was guard in reflex area? 0
	does guard intersect boundary ray 4.65124 3 5.12583 2.57196?1
	is guard inside polygon? 0
0 other guards have coords 5.12583 3
	 new best guard at 5.12583 3
scaling gradient with 0.25 to 0.0190536 -0.0358648
	>>>> prev guard 4.65124 3 cur guard 5.23216 2.65631
	was guard reflex vertex? 0
	was guard in reflex area? 0
	does guard intersect boundary ray 4.65124 3 5.23216 2.65631?1
	is guard inside polygon? 0
0 other guards have coords 5.23216 3
	 new best guard at 5.23216 3
scaling gradient with 0.5 to 0.0381073 -0.0717295
	>>>> prev guard 4.65124 3 cur guard 5.3228 2.72092
	was guard reflex vertex? 0
	was guard in reflex area? 0
	does guard intersect boundary ray 4.65124 3 5.3228 2.72092?1
	is guard inside polygon? 0
0 other guards have coords 5.3228 3
	 new best guard at 5.3228 3
scaling gradient with 1 to 0.0762146 -0.143459
	>>>> prev guard 4.65124 3 cur guard 5.40394 2.76687
	was guard reflex vertex? 0
	was guard in reflex area? 0
	does guard intersect boundary ray 4.65124 3 5.40394 2.76687?1
	is guard inside polygon? 0
0 other guards have coords 5.40394 3
	 new best guard at 5.40394 3
scaling gradient with 2 to 0.152429 -0.286918
	>>>> prev guard 4.65124 3 cur guard 5.48356 2.79216
	was guard reflex vertex? 0
	was guard in reflex area? 0
	does guard intersect boundary ray 4.65124 3 5.48356 2.79216?1
	is guard inside polygon? 0
0 other guards have coords 5.48356 3
	 new best guard at 5.48356 3
scaling gradient with 4 to 0.304858 -0.573836
	>>>> prev guard 4.65124 3 cur guard 5.57417 2.78943
	was guard reflex vertex? 0
	was guard in reflex area? 0
	does guard intersect boundary ray 4.65124 3 5.57417 2.78943?1
	is guard inside polygon? 0
0 other guards have coords 5.57417 3
	 new best guard at 5.57417 3
scaling gradient with 8 to 0.609717 -1.14767
	>>>> prev guard 4.65124 3 cur guard 5.69796 2.74134
	was guard reflex vertex? 0
	was guard in reflex area? 0
	does guard intersect boundary ray 4.65124 3 5.69796 2.74134?1
	is guard inside polygon? 0
0 other guards have coords 5.69796 3
	 new best guard at 5.69796 3
scaling gradient with 16 to 1.21943 -2.29534
	>>>> prev guard 4.65124 3 cur guard 5.89707 2.61106
	was guard reflex vertex? 0
	was guard in reflex area? 0
	does guard intersect boundary ray 4.65124 3 5.89707 2.61106?1
	is guard inside polygon? 0
0 other guards have coords 5.89707 3
	 new best guard at 5.89707 3
scaling gradient with 32 to 2.43887 -4.59069
	>>>> prev guard 4.65124 3 cur guard 6.25399 2.3232
	was guard reflex vertex? 0
	was guard in reflex area? 0
	does guard intersect boundary ray 4.65124 3 6.25399 2.3232?1
	is guard inside polygon? 0
0 other guards have coords 6.25399 3
	 new best guard at 6.25399 3
Df=0 0
h=0 0
Df=0.0196656 -0.0230949
h=0.00748642 0.00637478
Df=0 0
h=0 0
Df=0.00725263 -0.0193963
h=0.00339663 0.00127006
Df=0 0
h=0 0
Df=0.00356757 -0.0148924
h=0.0017347 0.000415559
Df=0.356921 -0.676796
h=0.0126178 0.0080604
is completely visible? 0
are areas equal? 38=30.7043?0
+++++3 guards with gradient 0
	======== guard 6 5
	was guard reflex vertex? 1
	computed gradient -0 0 and pull 0 -0
	======== guard 4.42959 3
	was guard reflex vertex? 0
	computed gradient 0 -0 and pull 0 0
	======== guard 4.54005 3
	was guard reflex vertex? 0
	computed gradient 0.0734959 -0.142938 and pull 0.0308071 0.0189122
	------- removing guard 4.54005 3
g2=4.54005 3
area2=28.4689
alpha2=0.4
scaling gradient with 0.03125 to 0.00229675 -0.00446681
	>>>> prev guard 4.54005 3 cur guard 4.72246 2.33947
	was guard reflex vertex? 0
	was guard in reflex area? 0
	does guard intersect boundary ray 4.54005 3 4.72246 2.33947?1
	is guard inside polygon? 0
0 other guards have coords 4.72246 3
	 new best guard at 4.72246 3
scaling gradient with 0.0625 to 0.0045935 -0.00893363
	>>>> prev guard 4.54005 3 cur guard 4.87123 2.47237
	was guard reflex vertex? 0
	was guard in reflex area? 0
	does guard intersect boundary ray 4.54005 3 4.87123 2.47237?1
	is guard inside polygon? 0
0 other guards have coords 4.87123 3
	 new best guard at 4.87123 3
scaling gradient with 0.125 to 0.00918699 -0.0178673
	>>>> prev guard 4.54005 3 cur guard 4.99344 2.57798
	was guard reflex vertex? 0
	was guard in reflex area? 0
	does guard intersect boundary ray 4.54005 3 4.99344 2.57798?1
	is guard inside polygon? 0
0 other guards have coords 4.99344 3
	 new best guard at 4.99344 3
scaling gradient with 0.25 to 0.018374 -0.0357345
	>>>> prev guard 4.54005 3 cur guard 5.09514 2.66104
	was guard reflex vertex? 0
	was guard in reflex area? 0
	does guard intersect boundary ray 4.54005 3 5.09514 2.66104?1
	is guard inside polygon? 0
0 other guards have coords 5.09514 3
	 new best guard at 5.09514 3
scaling gradient with 0.5 to 0.036748 -0.071469
	>>>> prev guard 4.54005 3 cur guard 5.18191 2.72463
	was guard reflex vertex? 0
	was guard in reflex area? 0
	does guard intersect boundary ray 4.54005 3 5.18191 2.72463?1
	is guard inside polygon? 0
0 other guards have coords 5.18191 3
	 new best guard at 5.18191 3
scaling gradient with 1 to 0.0734959 -0.142938
	>>>> prev guard 4.54005 3 cur guard 5.25967 2.76978
	was guard reflex vertex? 0
	was guard in reflex area? 0
	does guard intersect boundary ray 4.54005 3 5.25967 2.76978?1
	is guard inside polygon? 0
0 other guards have coords 5.25967 3
	 new best guard at 5.25967 3
scaling gradient with 2 to 0.146992 -0.285876
	>>>> prev guard 4.54005 3 cur guard 5.3361 2.79447
	was guard reflex vertex? 0
	was guard in reflex area? 0
	does guard intersect boundary ray 4.54005 3 5.3361 2.79447?1
	is guard inside polygon? 0
0 other guards have coords 5.3361 3
	 new best guard at 5.3361 3
scaling gradient with 4 to 0.293984 -0.571752
	>>>> prev guard 4.54005 3 cur guard 5.42323 2.79135
	was guard reflex vertex? 0
	was guard in reflex area? 0
	does guard intersect boundary ray 4.54005 3 5.42323 2.79135?1
	is guard inside polygon? 0
0 other guards have coords 5.42323 3
	 new best guard at 5.42323 3
scaling gradient with 8 to 0.587968 -1.1435
	>>>> prev guard 4.54005 3 cur guard 5.54243 2.74311
	was guard reflex vertex? 0
	was guard in reflex area? 0
	does guard intersect boundary ray 4.54005 3 5.54243 2.74311?1
	is guard inside polygon? 0
0 other guards have coords 5.54243 3
	 new best guard at 5.54243 3
scaling gradient with 16 to 1.17594 -2.28701
	>>>> prev guard 4.54005 3 cur guard 5.73434 2.61304
	was guard reflex vertex? 0
	was guard in reflex area? 0
	does guard intersect boundary ray 4.54005 3 5.73434 2.61304?1
	is guard inside polygon? 0
0 other guards have coords 5.73434 3
	 new best guard at 5.73434 3
scaling gradient with 32 to 2.35187 -4.57402
	>>>> prev guard 4.54005 3 cur guard 6.07847 2.32602
	was guard reflex vertex? 0
	was guard in reflex area? 0
	does guard intersect boundary ray 4.54005 3 6.07847 2.32602?1
	is guard inside polygon? 0
0 other guards have coords 6.07847 3
	 new best guard at 6.07847 3
Df=0 0
h=0 0
Df=0.0188768 -0.023218
h=0.0073234 0.0059541
Df=0 0
h=0 0
Df=0.00703255 -0.0191987
h=0.00330173 0.00120944
Df=0 0
h=0 0
Df=0.00348902 -0.0147585
h=0.00169771 0.000401353
Df=0.344136 -0.673976
h=0.0123228 0.00756488
is completely visible? 0
are areas equal? 38=30.7043?0
+++++2 guards with gradient 0
	======== guard 6 5
	was guard reflex vertex? 1
	computed gradient -0 0 and pull 0 -0
	======== guard 4.42959 3
	was guard reflex vertex? 0
	computed gradient 0.0708946 -0.142303 and pull 0.0300598 0.0177618
	------- removing guard 4.42959 3
g1=4.42959 3
area1=28.4027
alpha1=0.4
scaling gradient with 0.03125 to 0.00221546 -0.00444696
	>>>> prev guard 4.42959 3 cur guard 4.60399 2.34898
	was guard reflex vertex? 0
	was guard in reflex area? 0
	does guard intersect boundary ray 4.42959 3 4.60399 2.34898?1
	is guard inside polygon? 0
0 other guards have coords 4.60399 3
	 new best guard at 4.60399 3
scaling gradient with 0.0625 to 0.00443091 -0.00889392
	>>>> prev guard 4.42959 3 cur guard 4.74627 2.47989
	was guard reflex vertex? 0
	was guard in reflex area? 0
	does guard intersect boundary ray 4.42959 3 4.74627 2.47989?1
	is guard inside polygon? 0
0 other guards have coords 4.74627 3
	 new best guard at 4.74627 3
scaling gradient with 0.125 to 0.00886183 -0.0177878
	>>>> prev guard 4.42959 3 cur guard 4.86321 2.58391
	was guard reflex vertex? 0
	was guard in reflex area? 0
	does guard intersect boundary ray 4.42959 3 4.86321 2.58391?1
	is guard inside polygon? 0
0 other guards have coords 4.86321 3
	 new best guard at 4.86321 3
scaling gradient with 0.25 to 0.0177237 -0.0355757
	>>>> prev guard 4.42959 3 cur guard 4.96059 2.6657
	was guard reflex vertex? 0
	was guard in reflex area? 0
	does guard intersect boundary ray 4.42959 3 4.96059 2.6657?1
	is guard inside polygon? 0
0 other guards have coords 4.96059 3
	 new best guard at 4.96059 3
scaling gradient with 0.5 to 0.0354473 -0.0711514
	>>>> prev guard 4.42959 3 cur guard 5.04373 2.72829
	was guard reflex vertex? 0
	was guard in reflex area? 0
	does guard intersect boundary ray 4.42959 3 5.04373 2.72829?1
	is guard inside polygon? 0
0 other guards have coords 5.04373 3
	 new best guard at 5.04373 3
scaling gradient with 1 to 0.0708946 -0.142303
	>>>> prev guard 4.42959 3 cur guard 5.11831 2.77267
	was guard reflex vertex? 0
	was guard in reflex area? 0
	does guard intersect boundary ray 4.42959 3 5.11831 2.77267?1
	is guard inside polygon? 0
0 other guards have coords 5.11831 3
	 new best guard at 5.11831 3
scaling gradient with 2 to 0.141789 -0.284606
	>>>> prev guard 4.42959 3 cur guard 5.19173 2.79679
	was guard reflex vertex? 0
	was guard in reflex area? 0
	does guard intersect boundary ray 4.42959 3 5.19173 2.79679?1
	is guard inside polygon? 0
0 other guards have coords 5.19173 3
	 new best guard at 5.19173 3
scaling gradient with 4 to 0.283578 -0.569211
	>>>> prev guard 4.42959 3 cur guard 5.27556 2.79331
	was guard reflex vertex? 0
	was guard in reflex area? 0
	does guard intersect boundary ray 4.42959 3 5.27556 2.79331?1
	is guard inside polygon? 0
0 other guards have coords 5.27556 3
	 new best guard at 5.27556 3
scaling gradient with 8 to 0.567157 -1.13842
	>>>> prev guard 4.42959 3 cur guard 5.3904 2.745
	was guard reflex vertex? 0
	was guard in reflex area? 0
	does guard intersect boundary ray 4.42959 3 5.3904 2.745?1
	is guard inside polygon? 0
0 other guards have coords 5.3904 3
	 new best guard at 5.3904 3
scaling gradient with 16 to 1.13431 -2.27684
	>>>> prev guard 4.42959 3 cur guard 5.57542 2.61527
	was guard reflex vertex? 0
	was guard in reflex area? 0
	does guard intersect boundary ray 4.42959 3 5.57542 2.61527?1
	is guard inside polygon? 0
0 other guards have coords 5.57542 3
	 new best guard at 5.57542 3
scaling gradient with 32 to 2.26863 -4.55369
	>>>> prev guard 4.42959 3 cur guard 5.90733 2.32934
	was guard reflex vertex? 0
	was guard in reflex area? 0
	does guard intersect boundary ray 4.42959 3 5.90733 2.32934?1
	is guard inside polygon? 0
0 other guards have coords 5.90733 3
	 new best guard at 5.90733 3
Df=0 0
h=0 0
Df=0.018121 -0.0232892
h=0.00715087 0.00556399
Df=0 0
h=0 0
Df=0.00682331 -0.0190043
h=0.00321097 0.00115287
Df=0 0
h=0 0
Df=0.0034135 -0.0146275
h=0.00166209 0.000387868
Df=0.331911 -0.670656
h=0.0120239 0.00710473
is completely visible? 0
are areas equal? 38=30.7043?0
+++++1 guards with gradient 0
	======== guard 6 5
	was guard reflex vertex? 1
	computed gradient -0 0.663098 and pull 0.479314 -0
	------- removing guard 6 5
g0=6 5
area0=26
alpha0=0.4
scaling gradient with 0.03125 to 0 0.0207218
pull reduced from 0.229742 to 	>>>> prev guard 6 5 cur guard 6 5.00166
	was guard reflex vertex? 1
	was guard in reflex area? 1
	does guard intersect boundary ray 6 5 6 5.00166?0
	is guard inside polygon? 0
reflex vertex guard 6 5 tries to move to 6 5.00166
reflex segment1 5 9 6 5
reflex segment1 6 5 7 5
on positive side edge2? 1
on positive side edge1? 1
on negative side edge2? 0
on negative side edge1? 0
on edge2? 0
on edge1? 0
new position still inside the polygon? 0
new position ON polygon? 0
	old reflex coords
1 other guards have coords 6 5
	 new best guard at 6 5
scaling gradient with 0.0625 to 0 0.0414436
pull reduced from 0.229742 to 	>>>> prev guard 6 5 cur guard 6 5.00464
	was guard reflex vertex? 1
	was guard in reflex area? 1
	does guard intersect boundary ray 6 5 6 5.00464?0
	is guard inside polygon? 0
reflex vertex guard 6 5 tries to move to 6 5.00464
reflex segment1 5 9 6 5
reflex segment1 6 5 7 5
on positive side edge2? 1
on positive side edge1? 1
on negative side edge2? 0
on negative side edge1? 0
on edge2? 0
on edge1? 0
new position still inside the polygon? 0
new position ON polygon? 0
	old reflex coords
1 other guards have coords 6 5
scaling gradient with 0.125 to 0 0.0828872
pull reduced from 0.229742 to 	>>>> prev guard 6 5 cur guard 6.00002 5.01034
	was guard reflex vertex? 1
	was guard in reflex area? 1
	does guard intersect boundary ray 6 5 6.00002 5.01034?0
	is guard inside polygon? 0
reflex vertex guard 6 5 tries to move to 6.00002 5.01034
reflex segment1 5 9 6 5
reflex segment1 6 5 7 5
on positive side edge2? 1
on positive side edge1? 1
on negative side edge2? 0
on negative side edge1? 0
on edge2? 0
on edge1? 0
new position still inside the polygon? 0
new position ON polygon? 0
	old reflex coords
1 other guards have coords 6 5
scaling gradient with 0.25 to 0 0.165774
pull reduced from 0.229742 to 	>>>> prev guard 6 5 cur guard 6.00013 5.02154
	was guard reflex vertex? 1
	was guard in reflex area? 1
	does guard intersect boundary ray 6 5 6.00013 5.02154?0
	is guard inside polygon? 0
reflex vertex guard 6 5 tries to move to 6.00013 5.02154
reflex segment1 5 9 6 5
reflex segment1 6 5 7 5
on positive side edge2? 1
on positive side edge1? 1
on negative side edge2? 0
on negative side edge1? 0
on edge2? 0
on edge1? 0
new position still inside the polygon? 0
new position ON polygon? 0
	old reflex coords
1 other guards have coords 6 5
scaling gradient with 0.5 to 0 0.331549
pull reduced from 0.229742 to 	>>>> prev guard 6 5 cur guard 6.00059 5.04375
	was guard reflex vertex? 1
	was guard in reflex area? 1
	does guard intersect boundary ray 6 5 6.00059 5.04375?0
	is guard inside polygon? 0
reflex vertex guard 6 5 tries to move to 6.00059 5.04375
reflex segment1 5 9 6 5
reflex segment1 6 5 7 5
on positive side edge2? 1
on positive side edge1? 1
on negative side edge2? 0
on negative side edge1? 0
on edge2? 0
on edge1? 0
new position still inside the polygon? 0
new position ON polygon? 0
	old reflex coords
1 other guards have coords 6 5
scaling gradient with 1 to 0 0.663098
pull reduced from 0.229742 to 	>>>> prev guard 6 5 cur guard 6.00247 5.08805
	was guard reflex vertex? 1
	was guard in reflex area? 1
	does guard intersect boundary ray 6 5 6.00247 5.08805?0
	is guard inside polygon? 0
reflex vertex guard 6 5 tries to move to 6.00247 5.08805
reflex segment1 5 9 6 5
reflex segment1 6 5 7 5
on positive side edge2? 1
on positive side edge1? 1
on negative side edge2? 0
on negative side edge1? 0
on edge2? 0
on edge1? 0
new position still inside the polygon? 0
new position ON polygon? 0
	old reflex coords
1 other guards have coords 6 5
scaling gradient with 2 to 0 1.3262
pull reduced from 0.229742 to 	>>>> prev guard 6 5 cur guard 6.01007 5.17654
	was guard reflex vertex? 1
	was guard in reflex area? 1
	does guard intersect boundary ray 6 5 6.01007 5.17654?0
	is guard inside polygon? 0
reflex vertex guard 6 5 tries to move to 6.01007 5.17654
reflex segment1 5 9 6 5
reflex segment1 6 5 7 5
on positive side edge2? 1
on positive side edge1? 1
on negative side edge2? 0
on negative side edge1? 0
on edge2? 0
on edge1? 0
new position still inside the polygon? 0
new position ON polygon? 0
	old reflex coords
1 other guards have coords 6 5
scaling gradient with 4 to 0 2.65239
	>>>> prev guard 6 5 cur guard 6.0464 5.35342
	was guard reflex vertex? 1
	was guard in reflex area? 1
	does guard intersect boundary ray 6 5 6.0464 5.35342?0
	is guard inside polygon? 0
reflex vertex guard 6 5 tries to move to 6.0464 5.35342
reflex segment1 5 9 6 5
reflex segment1 6 5 7 5
on positive side edge2? 1
on positive side edge1? 1
on negative side edge2? 0
on negative side edge1? 0
on edge2? 0
on edge1? 0
new position still inside the polygon? 0
new position ON polygon? 0
	old reflex coords
1 other guards have coords 6 5
scaling gradient with 8 to 0 5.30478
	>>>> prev guard 6 5 cur guard 6.07547 5.70712
	was guard reflex vertex? 1
	was guard in reflex area? 1
	does guard intersect boundary ray 6 5 6.07547 5.70712?0
	is guard inside polygon? 0
reflex vertex guard 6 5 tries to move to 6.07547 5.70712
reflex segment1 5 9 6 5
reflex segment1 6 5 7 5
on positive side edge2? 1
on positive side edge1? 1
on negative side edge2? 0
on negative side edge1? 0
on edge2? 0
on edge1? 0
new position still inside the polygon? 0
new position ON polygon? 0
	old reflex coords
1 other guards have coords 6 5
scaling gradient with 16 to 0 10.6096
	>>>> prev guard 6 5 cur guard 6.09872 6.41446
	was guard reflex vertex? 1
	was guard in reflex area? 1
	does guard intersect boundary ray 6 5 6.09872 6.41446?0
	is guard inside polygon? 0
reflex vertex guard 6 5 tries to move to 6.09872 6.41446
reflex segment1 5 9 6 5
reflex segment1 6 5 7 5
on positive side edge2? 1
on positive side edge1? 1
on negative side edge2? 0
on negative side edge1? 0
on edge2? 0
on edge1? 0
new position still inside the polygon? 0
new position ON polygon? 0
	old reflex coords
1 other guards have coords 6 5
scaling gradient with 32 to 0 21.2191
	>>>> prev guard 6 5 cur guard 6.11732 7.8291
	was guard reflex vertex? 1
	was guard in reflex area? 1
	does guard intersect boundary ray 6 5 6.11732 7.8291?0
	is guard inside polygon? 0
reflex vertex guard 6 5 tries to move to 6.11732 7.8291
reflex segment1 5 9 6 5
reflex segment1 6 5 7 5
on positive side edge2? 1
on positive side edge1? 1
on negative side edge2? 0
on negative side edge1? 0
on edge2? 0
on edge1? 0
new position still inside the polygon? 0
new position ON polygon? 0
	old reflex coords
1 other guards have coords 6 5
Df=0 0.169608
h=0.169608 0
Df=0 0.0193326
h=0.00644421 0
Df=0 0.0424021
h=0.0106005 0
Df=0 0.00966632
h=0.00161105 0
Df=0 0.0242298
h=0.00346139 0
Df=0 0.00165774
h=0.191726 0
is completely visible? 0
are areas equal? 38=30.7043?0
i=2
area=30.7043
+++++4 guards with gradient 0
	======== guard 6 5
	was guard reflex vertex? 0
	computed gradient -0 0 and pull 0 -0
	======== guard 5.90733 3
	was guard reflex vertex? 0
	computed gradient 0 -0 and pull 0 0
	======== guard 6.07847 3
	was guard reflex vertex? 0
	computed gradient -0 -0 and pull -0 0
	======== guard 6.25399 3
	was guard reflex vertex? 0
	computed gradient 0.0908978 -0.116459 and pull 0.0276553 0.0315277
	------- removing guard 6.25399 3
g3=6.25399 3
area3=30.7043
alpha3=0.4
scaling gradient with 0.03125 to 0.00284056 -0.00363936
	>>>> prev guard 6.25399 3 cur guard 6.54197 2.46079
	was guard reflex vertex? 0
	was guard in reflex area? 0
	does guard intersect boundary ray 6.25399 3 6.54197 2.46079?1
	is guard inside polygon? 0
0 other guards have coords 6.54197 3
	 new best guard at 6.54197 3
scaling gradient with 0.0625 to 0.00568111 -0.00727871
	>>>> prev guard 6.25399 3 cur guard 6.77502 2.57058
	was guard reflex vertex? 0
	was guard in reflex area? 0
	does guard intersect boundary ray 6.25399 3 6.77502 2.57058?1
	is guard inside polygon? 0
0 other guards have coords 6.77502 3
	 new best guard at 6.77502 3
scaling gradient with 0.125 to 0.0113622 -0.0145574
	>>>> prev guard 6.25399 3 cur guard 6.96458 2.65782
	was guard reflex vertex? 0
	was guard in reflex area? 0
	does guard intersect boundary ray 6.25399 3 6.96458 2.65782?1
	is guard inside polygon? 0
0 other guards have coords 6.96458 3
	 new best guard at 6.96458 3
scaling gradient with 0.25 to 0.0227244 -0.0291148
	>>>> prev guard 6.25399 3 cur guard 7.12026 2.72645
	was guard reflex vertex? 0
	was guard in reflex area? 0
	does guard intersect boundary ray 6.25399 3 7.12026 2.72645?1
	is guard inside polygon? 0
0 other guards have coords 7.12026 3
	 new best guard at 7.12026 3
scaling gradient with 0.5 to 0.0454489 -0.0582297
	>>>> prev guard 6.25399 3 cur guard 7.25065 2.77902
	was guard reflex vertex? 0
	was guard in reflex area? 0
	does guard intersect boundary ray 6.25399 3 7.25065 2.77902?1
	is guard inside polygon? 0
0 other guards have coords 7.25065 3
	 new best guard at 7.25065 3
scaling gradient with 1 to 0.0908978 -0.116459
	>>>> prev guard 6.25399 3 cur guard 7.36445 2.81642
	was guard reflex vertex? 0
	was guard in reflex area? 0
	does guard intersect boundary ray 6.25399 3 7.36445 2.81642?1
	is guard inside polygon? 0
0 other guards have coords 7.36445 3
	 new best guard at 7.36445 3
scaling gradient with 2 to 0.181796 -0.232919
	>>>> prev guard 6.25399 3 cur guard 7.47224 2.83703
	was guard reflex vertex? 0
	was guard in reflex area? 0
	does guard intersect boundary ray 6.25399 3 7.47224 2.83703?1
	is guard inside polygon? 0
0 other guards have coords 7.47224 3
	 new best guard at 7.47224 3
scaling gradient with 4 to 0.363591 -0.465838
	>>>> prev guard 6.25399 3 cur guard 7.58977 2.83488
	was guard reflex vertex? 0
	was guard in reflex area? 0
	does guard intersect boundary ray 6.25399 3 7.58977 2.83488?1
	is guard inside polygon? 0
0 other guards have coords 7.58977 3
	 new best guard at 7.58977 3
scaling gradient with 8 to 0.727182 -0.931675
	>>>> prev guard 6.25399 3 cur guard 7.74419 2.79589
	was guard reflex vertex? 0
	was guard in reflex area? 0
	does guard intersect boundary ray 6.25399 3 7.74419 2.79589?1
	is guard inside polygon? 0
0 other guards have coords 7.74419 3
	 new best guard at 7.74419 3
scaling gradient with 16 to 1.45436 -1.86335
	>>>> prev guard 6.25399 3 cur guard 7.98628 2.69017
	was guard reflex vertex? 0
	was guard in reflex area? 0
	does guard intersect boundary ray 6.25399 3 7.98628 2.69017?1
	is guard inside polygon? 0
0 other guards have coords 7.98628 3
	 new best guard at 7.98628 3
scaling gradient with 32 to 2.90873 -3.7267
	>>>> prev guard 6.25399 3 cur guard 8.41487 2.45652
	was guard reflex vertex? 0
	was guard in reflex area? 0
	does guard intersect boundary ray 6.25399 3 8.41487 2.45652?1
	is guard inside polygon? 0
0 other guards have coords 8.41487 3
	 new best guard at 8.41487 3
Df=0 0
h=0 0
Df=0.0194075 -0.00723906
h=0.00339129 0.00909186
Df=0 0
h=0 0
Df=0.0118888 -0.0222677
h=0.0052438 0.00279968
Df=0 0
h=0 0
Df=0.00506285 -0.017077
h=0.00242701 0.00071954
Df=0.428586 -0.543481
h=0.0110621 0.0126111
is completely visible? 0
are areas equal? 38=32.7049?0
+++++3 guards with gradient 0
	======== guard 6 5
	was guard reflex vertex? 0
	computed gradient -0 0 and pull 0 -0
	======== guard 5.90733 3
	was guard reflex vertex? 0
	computed gradient 0 -0 and pull 0 0
	======== guard 6.07847 3
	was guard reflex vertex? 0
	computed gradient 0.100993 -0.125001 and pull 0.0310422 0.0356732
	------- removing guard 6.07847 3
g2=6.07847 3
area2=30.2575
alpha2=0.4
scaling gradient with 0.03125 to 0.00315602 -0.00390629
	>>>> prev guard 6.07847 3 cur guard 6.35652 2.46336
	was guard reflex vertex? 0
	was guard in reflex area? 0
	does guard intersect boundary ray 6.07847 3 6.35652 2.46336?1
	is guard inside polygon? 0
0 other guards have coords 6.35652 3
	 new best guard at 6.35652 3
scaling gradient with 0.0625 to 0.00631203 -0.00781258
	>>>> prev guard 6.07847 3 cur guard 6.58194 2.57292
	was guard reflex vertex? 0
	was guard in reflex area? 0
	does guard intersect boundary ray 6.07847 3 6.58194 2.57292?1
	is guard inside polygon? 0
0 other guards have coords 6.58194 3
	 new best guard at 6.58194 3
scaling gradient with 0.125 to 0.0126241 -0.0156252
	>>>> prev guard 6.07847 3 cur guard 6.76577 2.65994
	was guard reflex vertex? 0
	was guard in reflex area? 0
	does guard intersect boundary ray 6.07847 3 6.76577 2.65994?1
	is guard inside polygon? 0
0 other guards have coords 6.76577 3
scaling gradient with 0.25 to 0.0252481 -0.0312503
	>>>> prev guard 6.07847 3 cur guard 6.91734 2.7283
	was guard reflex vertex? 0
	was guard in reflex area? 0
	does guard intersect boundary ray 6.07847 3 6.91734 2.7283?1
	is guard inside polygon? 0
0 other guards have coords 6.91734 3
scaling gradient with 0.5 to 0.0504963 -0.0625006
	>>>> prev guard 6.07847 3 cur guard 7.04512 2.7805
	was guard reflex vertex? 0
	was guard in reflex area? 0
	does guard intersect boundary ray 6.07847 3 7.04512 2.7805?1
	is guard inside polygon? 0
0 other guards have coords 7.04512 3
scaling gradient with 1 to 0.100993 -0.125001
	>>>> prev guard 6.07847 3 cur guard 7.15791 2.81725
	was guard reflex vertex? 0
	was guard in reflex area? 0
	does guard intersect boundary ray 6.07847 3 7.15791 2.81725?1
	is guard inside polygon? 0
0 other guards have coords 7.15791 3
scaling gradient with 2 to 0.201985 -0.250002
	>>>> prev guard 6.07847 3 cur guard 7.26678 2.83665
	was guard reflex vertex? 0
	was guard in reflex area? 0
	does guard intersect boundary ray 6.07847 3 7.26678 2.83665?1
	is guard inside polygon? 0
0 other guards have coords 7.26678 3
scaling gradient with 4 to 0.40397 -0.500005
	>>>> prev guard 6.07847 3 cur guard 7.38868 2.83218
	was guard reflex vertex? 0
	was guard in reflex area? 0
	does guard intersect boundary ray 6.07847 3 7.38868 2.83218?1
	is guard inside polygon? 0
0 other guards have coords 7.38868 3
scaling gradient with 8 to 0.80794 -1.00001
	>>>> prev guard 6.07847 3 cur guard 7.55331 2.78859
	was guard reflex vertex? 0
	was guard in reflex area? 0
	does guard intersect boundary ray 6.07847 3 7.55331 2.78859?1
	is guard inside polygon? 0
0 other guards have coords 7.55331 3
scaling gradient with 16 to 1.61588 -2.00002
	>>>> prev guard 6.07847 3 cur guard 7.81678 2.67373
	was guard reflex vertex? 0
	was guard in reflex area? 0
	does guard intersect boundary ray 6.07847 3 7.81678 2.67373?1
	is guard inside polygon? 0
0 other guards have coords 7.81678 3
scaling gradient with 32 to 3.23176 -4.00004
	>>>> prev guard 6.07847 3 cur guard 8.28857 2.42183
	was guard reflex vertex? 0
	was guard in reflex area? 0
	does guard intersect boundary ray 6.07847 3 8.28857 2.42183?1
	is guard inside polygon? 0
0 other guards have coords 8.28857 3
Df=0 0
h=0 0
Df=0.0243306 -0.0112107
h=0.00509091 0.0110488
Df=0 0
h=0 0
Df=0.0112082 -0.0219767
h=0.00499233 0.00254611
Df=0 0
h=0 0
Df=0.00485822 -0.0168132
h=0.00233364 0.000674314
Df=0.225424 -0.427083
h=0.0124169 0.0142693
is completely visible? 0
are areas equal? 38=32.7049?0
+++++2 guards with gradient 0
	======== guard 6 5
	was guard reflex vertex? 0
	computed gradient -0 0 and pull 0 -0
	======== guard 5.90733 3
	was guard reflex vertex? 0
	computed gradient 0.103749 -0.131437 and pull 0.0332398 0.0361774
	------- removing guard 5.90733 3
g1=5.90733 3
area1=29.9093
alpha1=0.4
scaling gradient with 0.03125 to 0.00324215 -0.00410742
	>>>> prev guard 5.90733 3 cur guard 6.17577 2.46604
	was guard reflex vertex? 0
	was guard in reflex area? 0
	does guard intersect boundary ray 5.90733 3 6.17577 2.46604?1
	is guard inside polygon? 0
0 other guards have coords 6.17577 3
	 new best guard at 6.17577 3
scaling gradient with 0.0625 to 0.00648429 -0.00821483
	>>>> prev guard 5.90733 3 cur guard 6.39371 2.57507
	was guard reflex vertex? 0
	was guard in reflex area? 0
	does guard intersect boundary ray 5.90733 3 6.39371 2.57507?1
	is guard inside polygon? 0
0 other guards have coords 6.39371 3
	 new best guard at 6.39371 3
scaling gradient with 0.125 to 0.0129686 -0.0164297
	>>>> prev guard 5.90733 3 cur guard 6.57176 2.66164
	was guard reflex vertex? 0
	was guard in reflex area? 0
	does guard intersect boundary ray 5.90733 3 6.57176 2.66164?1
	is guard inside polygon? 0
0 other guards have coords 6.57176 3
	 new best guard at 6.57176 3
scaling gradient with 0.25 to 0.0259372 -0.0328593
	>>>> prev guard 5.90733 3 cur guard 6.71893 2.72957
	was guard reflex vertex? 0
	was guard in reflex area? 0
	does guard intersect boundary ray 5.90733 3 6.71893 2.72957?1
	is guard inside polygon? 0
0 other guards have coords 6.71893 3
scaling gradient with 0.5 to 0.0518743 -0.0657187
	>>>> prev guard 5.90733 3 cur guard 6.84347 2.7813
	was guard reflex vertex? 0
	was guard in reflex area? 0
	does guard intersect boundary ray 5.90733 3 6.84347 2.7813?1
	is guard inside polygon? 0
0 other guards have coords 6.84347 3
scaling gradient with 1 to 0.103749 -0.131437
	>>>> prev guard 5.90733 3 cur guard 6.95407 2.81742
	was guard reflex vertex? 0
	was guard in reflex area? 0
	does guard intersect boundary ray 5.90733 3 6.95407 2.81742?1
	is guard inside polygon? 0
0 other guards have coords 6.95407 3
scaling gradient with 2 to 0.207497 -0.262875
	>>>> prev guard 5.90733 3 cur guard 7.0618 2.8358
	was guard reflex vertex? 0
	was guard in reflex area? 0
	does guard intersect boundary ray 5.90733 3 7.0618 2.8358?1
	is guard inside polygon? 0
0 other guards have coords 7.0618 3
scaling gradient with 4 to 0.414995 -0.525749
	>>>> prev guard 5.90733 3 cur guard 7.18385 2.82947
	was guard reflex vertex? 0
	was guard in reflex area? 0
	does guard intersect boundary ray 5.90733 3 7.18385 2.82947?1
	is guard inside polygon? 0
0 other guards have coords 7.18385 3
scaling gradient with 8 to 0.829989 -1.0515
	>>>> prev guard 5.90733 3 cur guard 7.35055 2.78235
	was guard reflex vertex? 0
	was guard in reflex area? 0
	does guard intersect boundary ray 5.90733 3 7.35055 2.78235?1
	is guard inside polygon? 0
0 other guards have coords 7.35055 3
scaling gradient with 16 to 1.65998 -2.103
	>>>> prev guard 5.90733 3 cur guard 7.61936 2.66054
	was guard reflex vertex? 0
	was guard in reflex area? 0
	does guard intersect boundary ray 5.90733 3 7.61936 2.66054?1
	is guard inside polygon? 0
0 other guards have coords 7.61936 3
scaling gradient with 32 to 3.31996 -4.20599
	>>>> prev guard 5.90733 3 cur guard 8.10267 2.39484
	was guard reflex vertex? 0
	was guard in reflex area? 0
	does guard intersect boundary ray 5.90733 3 8.10267 2.39484?1
	is guard inside polygon? 0
0 other guards have coords 8.10267 3
Df=0 0
h=0 0
Df=0.0262348 -0.014333
h=0.00628911 0.0115114
Df=0 0
h=0 0
Df=0.0105945 -0.02168
h=0.00475938 0.0023258
Df=0 0
h=0 0
Df=0.00467015 -0.0165619
h=0.00224743 0.000633734
Df=0.178045 -0.338365
h=0.0132959 0.014471
is completely visible? 0
are areas equal? 38=32.7049?0
+++++1 guards with gradient 0
	======== guard 6 5
	was guard reflex vertex? 0
	computed gradient -0 0.663098 and pull 0.479314 -0
	------- removing guard 6 5
g0=6 5
area0=26
alpha0=0.4
scaling gradient with 0.03125 to 0 0.0207218
pull reduced from 0.229742 to 	>>>> prev guard 6 5 cur guard 6 5.00298
	was guard reflex vertex? 0
	was guard in reflex area? 1
	does guard intersect boundary ray 6 5 6 5.00298?0
	is guard inside polygon? 0
reflex vertex guard 6 5 tries to move to 6 5.00298
reflex segment1 5 9 6 5
reflex segment1 6 5 7 5
on positive side edge2? 1
on positive side edge1? 1
on negative side edge2? 0
on negative side edge1? 0
on edge2? 0
on edge1? 0
new position still inside the polygon? 0
new position ON polygon? 0
	old reflex coords
1 other guards have coords 6 5
	 new best guard at 6 5
scaling gradient with 0.0625 to 0 0.0414436
pull reduced from 0.229742 to 	>>>> prev guard 6 5 cur guard 6.00001 5.0057
	was guard reflex vertex? 0
	was guard in reflex area? 1
	does guard intersect boundary ray 6 5 6.00001 5.0057?0
	is guard inside polygon? 0
reflex vertex guard 6 5 tries to move to 6.00001 5.0057
reflex segment1 5 9 6 5
reflex segment1 6 5 7 5
on positive side edge2? 1
on positive side edge1? 1
on negative side edge2? 0
on negative side edge1? 0
on edge2? 0
on edge1? 0
new position still inside the polygon? 0
new position ON polygon? 0
	old reflex coords
1 other guards have coords 6 5
scaling gradient with 0.125 to 0 0.0828872
pull reduced from 0.229742 to 	>>>> prev guard 6 5 cur guard 6.00004 5.01119
	was guard reflex vertex? 0
	was guard in reflex area? 1
	does guard intersect boundary ray 6 5 6.00004 5.01119?0
	is guard inside polygon? 0
reflex vertex guard 6 5 tries to move to 6.00004 5.01119
reflex segment1 5 9 6 5
reflex segment1 6 5 7 5
on positive side edge2? 1
on positive side edge1? 1
on negative side edge2? 0
on negative side edge1? 0
on edge2? 0
on edge1? 0
new position still inside the polygon? 0
new position ON polygon? 0
	old reflex coords
1 other guards have coords 6 5
scaling gradient with 0.25 to 0 0.165774
pull reduced from 0.229742 to 	>>>> prev guard 6 5 cur guard 6.00017 5.02222
	was guard reflex vertex? 0
	was guard in reflex area? 1
	does guard intersect boundary ray 6 5 6.00017 5.02222?0
	is guard inside polygon? 0
reflex vertex guard 6 5 tries to move to 6.00017 5.02222
reflex segment1 5 9 6 5
reflex segment1 6 5 7 5
on positive side edge2? 1
on positive side edge1? 1
on negative side edge2? 0
on negative side edge1? 0
on edge2? 0
on edge1? 0
new position still inside the polygon? 0
new position ON polygon? 0
	old reflex coords
1 other guards have coords 6 5
scaling gradient with 0.5 to 0 0.331549
pull reduced from 0.229742 to 	>>>> prev guard 6 5 cur guard 6.00065 5.0443
	was guard reflex vertex? 0
	was guard in reflex area? 1
	does guard intersect boundary ray 6 5 6.00065 5.0443?0
	is guard inside polygon? 0
reflex vertex guard 6 5 tries to move to 6.00065 5.0443
reflex segment1 5 9 6 5
reflex segment1 6 5 7 5
on positive side edge2? 1
on positive side edge1? 1
on negative side edge2? 0
on negative side edge1? 0
on edge2? 0
on edge1? 0
new position still inside the polygon? 0
new position ON polygon? 0
	old reflex coords
1 other guards have coords 6 5
scaling gradient with 1 to 0 0.663098
pull reduced from 0.229742 to 	>>>> prev guard 6 5 cur guard 6.00257 5.08849
	was guard reflex vertex? 0
	was guard in reflex area? 1
	does guard intersect boundary ray 6 5 6.00257 5.08849?0
	is guard inside polygon? 0
reflex vertex guard 6 5 tries to move to 6.00257 5.08849
reflex segment1 5 9 6 5
reflex segment1 6 5 7 5
on positive side edge2? 1
on positive side edge1? 1
on negative side edge2? 0
on negative side edge1? 0
on edge2? 0
on edge1? 0
new position still inside the polygon? 0
new position ON polygon? 0
	old reflex coords
1 other guards have coords 6 5
scaling gradient with 2 to 0 1.3262
pull reduced from 0.229742 to 	>>>> prev guard 6 5 cur guard 6.01023 5.17688
	was guard reflex vertex? 0
	was guard in reflex area? 1
	does guard intersect boundary ray 6 5 6.01023 5.17688?0
	is guard inside polygon? 0
reflex vertex guard 6 5 tries to move to 6.01023 5.17688
reflex segment1 5 9 6 5
reflex segment1 6 5 7 5
on positive side edge2? 1
on positive side edge1? 1
on negative side edge2? 0
on negative side edge1? 0
on edge2? 0
on edge1? 0
new position still inside the polygon? 0
new position ON polygon? 0
	old reflex coords
1 other guards have coords 6 5
scaling gradient with 4 to 0 2.65239
	>>>> prev guard 6 5 cur guard 6.04653 5.3537
	was guard reflex vertex? 0
	was guard in reflex area? 1
	does guard intersect boundary ray 6 5 6.04653 5.3537?0
	is guard inside polygon? 0
reflex vertex guard 6 5 tries to move to 6.04653 5.3537
reflex segment1 5 9 6 5
reflex segment1 6 5 7 5
on positive side edge2? 1
on positive side edge1? 1
on negative side edge2? 0
on negative side edge1? 0
on edge2? 0
on edge1? 0
new position still inside the polygon? 0
new position ON polygon? 0
	old reflex coords
1 other guards have coords 6 5
scaling gradient with 8 to 0 5.30478
	>>>> prev guard 6 5 cur guard 6.07557 5.70734
	was guard reflex vertex? 0
	was guard in reflex area? 1
	does guard intersect boundary ray 6 5 6.07557 5.70734?0
	is guard inside polygon? 0
reflex vertex guard 6 5 tries to move to 6.07557 5.70734
reflex segment1 5 9 6 5
reflex segment1 6 5 7 5
on positive side edge2? 1
on positive side edge1? 1
on negative side edge2? 0
on negative side edge1? 0
on edge2? 0
on edge1? 0
new position still inside the polygon? 0
new position ON polygon? 0
	old reflex coords
1 other guards have coords 6 5
scaling gradient with 16 to 0 10.6096
	>>>> prev guard 6 5 cur guard 6.0988 6.41464
	was guard reflex vertex? 0
	was guard in reflex area? 1
	does guard intersect boundary ray 6 5 6.0988 6.41464?0
	is guard inside polygon? 0
reflex vertex guard 6 5 tries to move to 6.0988 6.41464
reflex segment1 5 9 6 5
reflex segment1 6 5 7 5
on positive side edge2? 1
on positive side edge1? 1
on negative side edge2? 0
on negative side edge1? 0
on edge2? 0
on edge1? 0
new position still inside the polygon? 0
new position ON polygon? 0
	old reflex coords
1 other guards have coords 6 5
scaling gradient with 32 to 0 21.2191
	>>>> prev guard 6 5 cur guard 6.11738 7.82924
	was guard reflex vertex? 0
	was guard in reflex area? 1
	does guard intersect boundary ray 6 5 6.11738 7.82924?0
	is guard inside polygon? 0
reflex vertex guard 6 5 tries to move to 6.11738 7.82924
reflex segment1 5 9 6 5
reflex segment1 6 5 7 5
on positive side edge2? 1
on positive side edge1? 1
on negative side edge2? 0
on negative side edge1? 0
on edge2? 0
on edge1? 0
new position still inside the polygon? 0
new position ON polygon? 0
	old reflex coords
1 other guards have coords 6 5
Df=0 0.169608
h=0.169608 0
Df=0 0.0193326
h=0.00644421 0
Df=0 0.0424021
h=0.0106005 0
Df=0 0.00966632
h=0.00161105 0
Df=0 0.0242298
h=0.00346139 0
Df=2.86672e-06 0.00298394
h=0.191726 0
is completely visible? 0
are areas equal? 38=32.7049?0
i=3
area=32.7049
+++++4 guards with gradient 0
	======== guard 6 5
	was guard reflex vertex? 0
	computed gradient -0 0 and pull 0 -0
	======== guard 6.57176 3
	was guard reflex vertex? 0
	computed gradient -0 -0 and pull -0 0
	======== guard 6.58194 3
	was guard reflex vertex? 0
	computed gradient -0 -0 and pull -0 0
	======== guard 8.41487 3
	was guard reflex vertex? 0
	computed gradient 0.0858506 -0.102046 and pull 0.0300114 0.0292894
	------- removing guard 8.41487 3
g3=8.41487 3
area3=30.0772
alpha3=0.4
scaling gradient with 0.03125 to 0.00268283 -0.00318894
	>>>> prev guard 8.41487 3 cur guard 8.76035 2.5673
	was guard reflex vertex? 0
	was guard in reflex area? 0
	does guard intersect boundary ray 8.41487 3 8.76035 2.5673?1
	is guard inside polygon? 0
0 other guards have coords 8.76035 3
	 new best guard at 8.76035 3
scaling gradient with 0.0625 to 0.00536566 -0.00637788
	>>>> prev guard 8.41487 3 cur guard 9.03957 2.65568
	was guard reflex vertex? 0
	was guard in reflex area? 0
	does guard intersect boundary ray 8.41487 3 9.03957 2.65568?1
	is guard inside polygon? 0
0 other guards have coords 9.03957 3
	 new best guard at 9.03957 3
scaling gradient with 0.125 to 0.0107313 -0.0127558
	>>>> prev guard 8.41487 3 cur guard 9.2662 2.72586
	was guard reflex vertex? 0
	was guard in reflex area? 0
	does guard intersect boundary ray 8.41487 3 9.2662 2.72586?1
	is guard inside polygon? 0
0 other guards have coords 9.2662 3
	 new best guard at 9.2662 3
scaling gradient with 0.25 to 0.0214627 -0.0255115
	>>>> prev guard 8.41487 3 cur guard 9.45163 2.78099
	was guard reflex vertex? 0
	was guard in reflex area? 0
	does guard intersect boundary ray 8.41487 3 9.45163 2.78099?1
	is guard inside polygon? 0
0 other guards have coords 9.45163 3
	 new best guard at 9.45163 3
scaling gradient with 0.5 to 0.0429253 -0.051023
	>>>> prev guard 8.41487 3 cur guard 9.6058 2.82306
	was guard reflex vertex? 0
	was guard in reflex area? 0
	does guard intersect boundary ray 8.41487 3 9.6058 2.82306?1
	is guard inside polygon? 0
0 other guards have coords 9.6058 3
	 new best guard at 9.6058 3
scaling gradient with 1 to 0.0858506 -0.102046
	>>>> prev guard 8.41487 3 cur guard 9.73841 2.85262
	was guard reflex vertex? 0
	was guard in reflex area? 0
	does guard intersect boundary ray 8.41487 3 9.73841 2.85262?1
	is guard inside polygon? 0
0 other guards have coords 9.73841 3
	 new best guard at 9.73841 3
scaling gradient with 2 to 0.171701 -0.204092
	>>>> prev guard 8.41487 3 cur guard 9.86063 2.86811
	was guard reflex vertex? 0
	was guard in reflex area? 0
	does guard intersect boundary ray 8.41487 3 9.86063 2.86811?1
	is guard inside polygon? 0
0 other guards have coords 9.86063 3
	 new best guard at 9.86063 3
scaling gradient with 4 to 0.343403 -0.408184
	>>>> prev guard 8.41487 3 cur guard 9.98829 2.86418
	was guard reflex vertex? 0
	was guard in reflex area? 0
	does guard intersect boundary ray 8.41487 3 9.98829 2.86418?1
	is guard inside polygon? 0
0 other guards have coords 9.98829 3
	 new best guard at 9.98829 3
scaling gradient with 8 to 0.686805 -0.816369
	>>>> prev guard 8.41487 3 cur guard 10.1478 2.82838
	was guard reflex vertex? 0
	was guard in reflex area? 0
	does guard intersect boundary ray 8.41487 3 10.1478 2.82838?1
	is guard inside polygon? 0
0 other guards have coords 10.1478 3
	 new best guard at 10.1478 3
scaling gradient with 16 to 1.37361 -1.63274
	>>>> prev guard 8.41487 3 cur guard 10.3876 2.73443
	was guard reflex vertex? 0
	was guard in reflex area? 0
	does guard intersect boundary ray 8.41487 3 10.3876 2.73443?1
	is guard inside polygon? 0
0 other guards have coords 10.3876 3
	 new best guard at 10.3876 3
scaling gradient with 32 to 2.74722 -3.26547
	>>>> prev guard 8.41487 3 cur guard 10.8017 2.52865
	was guard reflex vertex? 0
	was guard in reflex area? 0
	does guard intersect boundary ray 8.41487 3 10.8017 2.52865?1
	is guard inside polygon? 0
0 other guards have coords 10.8017 3
	 new best guard at 10.8017 3
Df=0 0
h=0 0
Df=0 0
h=0 0
Df=0 0
h=0 0
Df=0.0252726 -0.0200302
h=0.00784886 0.0099031
Df=0 0
h=0 0
Df=0.00906766 -0.0207882
h=0.0041557 0.00181268
Df=0.414069 -0.471354
h=0.0120046 0.0117158
is completely visible? 0
are areas equal? 38=35.4824?0
+++++3 guards with gradient 0
	======== guard 6 5
	was guard reflex vertex? 0
	computed gradient -0 0 and pull 0 -0
	======== guard 6.57176 3
	was guard reflex vertex? 0
	computed gradient -0 -0 and pull -0 0
	======== guard 6.58194 3
	was guard reflex vertex? 0
	computed gradient 0.0469889 -0.100857 and pull 0.0209058 0.0104437
	------- removing guard 6.58194 3
g2=6.58194 3
area2=31.2962
alpha2=0.4
scaling gradient with 0.03125 to 0.0014684 -0.00315179
	>>>> prev guard 6.58194 3 cur guard 6.76407 2.65892
	was guard reflex vertex? 0
	was guard in reflex area? 0
	does guard intersect boundary ray 6.58194 3 6.76407 2.65892?1
	is guard inside polygon? 0
0 other guards have coords 6.76407 3
	 new best guard at 6.76407 3
scaling gradient with 0.0625 to 0.00293681 -0.00630357
	>>>> prev guard 6.58194 3 cur guard 6.91168 2.72746
	was guard reflex vertex? 0
	was guard in reflex area? 0
	does guard intersect boundary ray 6.58194 3 6.91168 2.72746?1
	is guard inside polygon? 0
0 other guards have coords 6.91168 3
scaling gradient with 0.125 to 0.00587362 -0.0126071
	>>>> prev guard 6.58194 3 cur guard 7.03191 2.7818
	was guard reflex vertex? 0
	was guard in reflex area? 0
	does guard intersect boundary ray 6.58194 3 7.03191 2.7818?1
	is guard inside polygon? 0
0 other guards have coords 7.03191 3
scaling gradient with 0.25 to 0.0117472 -0.0252143
	>>>> prev guard 6.58194 3 cur guard 7.13071 2.82426
	was guard reflex vertex? 0
	was guard in reflex area? 0
	does guard intersect boundary ray 6.58194 3 7.13071 2.82426?1
	is guard inside polygon? 0
0 other guards have coords 7.13071 3
scaling gradient with 0.5 to 0.0234945 -0.0504286
	>>>> prev guard 6.58194 3 cur guard 7.2133 2.85621
	was guard reflex vertex? 0
	was guard in reflex area? 0
	does guard intersect boundary ray 6.58194 3 7.2133 2.85621?1
	is guard inside polygon? 0
0 other guards have coords 7.2133 3
scaling gradient with 1 to 0.0469889 -0.100857
	>>>> prev guard 6.58194 3 cur guard 7.2848 2.87773
	was guard reflex vertex? 0
	was guard in reflex area? 0
	does guard intersect boundary ray 6.58194 3 7.2848 2.87773?1
	is guard inside polygon? 0
0 other guards have coords 7.2848 3
scaling gradient with 2 to 0.0939779 -0.201714
	>>>> prev guard 6.58194 3 cur guard 7.3512 2.88688
	was guard reflex vertex? 0
	was guard in reflex area? 0
	does guard intersect boundary ray 6.58194 3 7.3512 2.88688?1
	is guard inside polygon? 0
0 other guards have coords 7.3512 3
scaling gradient with 4 to 0.187956 -0.403429
	>>>> prev guard 6.58194 3 cur guard 7.42102 2.87807
	was guard reflex vertex? 0
	was guard in reflex area? 0
	does guard intersect boundary ray 6.58194 3 7.42102 2.87807?1
	is guard inside polygon? 0
0 other guards have coords 7.42102 3
scaling gradient with 8 to 0.375912 -0.806857
	>>>> prev guard 6.58194 3 cur guard 7.50862 2.83874
	was guard reflex vertex? 0
	was guard in reflex area? 0
	does guard intersect boundary ray 6.58194 3 7.50862 2.83874?1
	is guard inside polygon? 0
0 other guards have coords 7.50862 3
scaling gradient with 16 to 0.751823 -1.61371
	>>>> prev guard 6.58194 3 cur guard 7.64053 2.74273
	was guard reflex vertex? 0
	was guard in reflex area? 0
	does guard intersect boundary ray 6.58194 3 7.64053 2.74273?1
	is guard inside polygon? 0
0 other guards have coords 7.64053 3
scaling gradient with 32 to 1.50365 -3.22743
	>>>> prev guard 6.58194 3 cur guard 7.86801 2.53683
	was guard reflex vertex? 0
	was guard in reflex area? 0
	does guard intersect boundary ray 6.58194 3 7.86801 2.53683?1
	is guard inside polygon? 0
0 other guards have coords 7.86801 3
Df=0 0
h=0 0
Df=0 0
h=0 0
Df=0 0
h=0 0
Df=0.0133151 -0.022756
h=0.00574617 0.00336224
Df=0 0
h=0 0
Df=0.00548045 -0.0175869
h=0.00261614 0.000815244
Df=0.182129 -0.341083
h=0.00836232 0.00417749
is completely visible? 0
are areas equal? 38=35.4824?0
+++++2 guards with gradient 0
	======== guard 6 5
	was guard reflex vertex? 0
	computed gradient -0 0 and pull 0 -0
	======== guard 6.57176 3
	was guard reflex vertex? 0
	computed gradient 1.22526 -0.35311 and pull 0.144217 0.586541
	------- removing guard 6.57176 3
g1=6.57176 3
area1=31.3278
alpha1=0.4
scaling gradient with 0.03125 to 0.0382895 -0.0110347
	>>>> prev guard 6.57176 3 cur guard 6.72879 2.77535
	was guard reflex vertex? 0
	was guard in reflex area? 0
	does guard intersect boundary ray 6.57176 3 6.72879 2.77535?1
	is guard inside polygon? 0
0 other guards have coords 6.72879 3
	 new best guard at 6.72879 3
scaling gradient with 0.0625 to 0.0765789 -0.0220694
	>>>> prev guard 6.57176 3 cur guard 6.87209 2.86544
	was guard reflex vertex? 0
	was guard in reflex area? 0
	does guard intersect boundary ray 6.57176 3 6.87209 2.86544?1
	is guard inside polygon? 0
0 other guards have coords 6.87209 3
scaling gradient with 0.125 to 0.153158 -0.0441387
pull reduced from 0.364828 to 	>>>> prev guard 6.57176 3 cur guard 7.00661 2.91988
	was guard reflex vertex? 0
	was guard in reflex area? 0
	does guard intersect boundary ray 6.57176 3 7.00661 2.91988?1
	is guard inside polygon? 0
0 other guards have coords 7.00661 3
scaling gradient with 0.25 to 0.306316 -0.0882775
pull reduced from 0.364828 to 	>>>> prev guard 6.57176 3 cur guard 7.14358 2.94855
	was guard reflex vertex? 0
	was guard in reflex area? 0
	does guard intersect boundary ray 6.57176 3 7.14358 2.94855?1
	is guard inside polygon? 0
0 other guards have coords 7.14358 3
scaling gradient with 0.5 to 0.612631 -0.176555
pull reduced from 0.364828 to 	>>>> prev guard 6.57176 3 cur guard 7.3064 2.96192
	was guard reflex vertex? 0
	was guard in reflex area? 0
	does guard intersect boundary ray 6.57176 3 7.3064 2.96192?1
	is guard inside polygon? 0
0 other guards have coords 7.3064 3
scaling gradient with 1 to 1.22526 -0.35311
pull reduced from 0.364828 to 	>>>> prev guard 6.57176 3 cur guard 7.5402 2.96377
	was guard reflex vertex? 0
	was guard in reflex area? 0
	does guard intersect boundary ray 6.57176 3 7.5402 2.96377?1
	is guard inside polygon? 0
0 other guards have coords 7.5402 3
scaling gradient with 2 to 2.45052 -0.70622
	>>>> prev guard 6.57176 3 cur guard 7.93482 2.96144
	was guard reflex vertex? 0
	was guard in reflex area? 0
	does guard intersect boundary ray 6.57176 3 7.93482 2.96144?1
	is guard inside polygon? 0
0 other guards have coords 7.93482 3
scaling gradient with 4 to 4.90105 -1.41244
	>>>> prev guard 6.57176 3 cur guard 8.65414 2.90308
	was guard reflex vertex? 0
	was guard in reflex area? 0
	does guard intersect boundary ray 6.57176 3 8.65414 2.90308?1
	is guard inside polygon? 0
0 other guards have coords 8.65414 3
scaling gradient with 8 to 9.8021 -2.82488
	>>>> prev guard 6.57176 3 cur guard 10.0253 2.7434
	was guard reflex vertex? 0
	was guard in reflex area? 0
	does guard intersect boundary ray 6.57176 3 10.0253 2.7434?1
	is guard inside polygon? 0
0 other guards have coords 10.0253 3
scaling gradient with 16 to 19.6042 -5.64976
	>>>> prev guard 6.57176 3 cur guard 12.7021 2.38966
	was guard reflex vertex? 0
	was guard in reflex area? 0
	does guard intersect boundary ray 6.57176 3 12.7021 2.38966?1
	is guard inside polygon? 0
0 other guards have coords 12.7021 3
	 new best guard at 12.7021 3
scaling gradient with 32 to 39.2084 -11.2995
	>>>> prev guard 6.57176 3 cur guard 17.9917 1.65469
	was guard reflex vertex? 0
	was guard in reflex area? 0
	does guard intersect boundary ray 6.57176 3 17.9917 1.65469?1
	is guard inside polygon? 0
0 other guards have coords 15 3
Df=0 0
h=0 0
Df=0.471371 -0.100931
h=0.0493469 0.230461
Df=0 0
h=0 0
Df=0.0132676 -0.0227422
h=0.00572998 0.00334281
Df=0 0
h=0 0
Df=0.00546673 -0.0175708
h=0.00260996 0.00081203
Df=2.6768 -0.610341
h=0.0576869 0.234616
is completely visible? 1
are areas equal? 38=38?1
i=5
area=38
g0=6 5
alpha0=0.4
area0=26
g1=12.7021 3
alpha1=0.4
area1=30.8348
g2=6.76407 3
alpha2=0.4
area2=30.8289
g3=10.8017 3
alpha3=0.4
area3=29.9747
