8
18 13 18 6
21 13 18 13
23 10 21 13
23 13 23 10
21 15 23 13
25 6 18 6
25 15 25 6
21 15 25 15
total area=52
i=0
area=40.6667
+++++2 guards with gradient 0
	======== guard 21 10
	was guard reflex vertex? 0
	computed gradient -0 -0 and pull 0 -0
	======== guard 20 9
	was guard reflex vertex? 0
	computed gradient 0.222222 -0.666667 and pull 0.210819 0.0702728
	------- removing guard 20 9
g1=20 9
area1=40.6667
alpha1=0.2
scaling gradient with 0.03125 to 0.00694444 -0.0208333
	>>>> prev guard 20 9 cur guard 20.0087 9.00198
	was guard reflex vertex? 0
	was guard in reflex area? 0
	does guard intersect boundary ray 20 9 20.0087 9.00198?0
	is guard inside polygon? 1
0 other guards have coords 20.0087 9.00198
	 new best guard at 20.0087 9.00198
scaling gradient with 0.0625 to 0.0138889 -0.0416667
	>>>> prev guard 20 9 cur guard 20.0247 9.0047
	was guard reflex vertex? 0
	was guard in reflex area? 0
	does guard intersect boundary ray 20 9 20.0247 9.0047?0
	is guard inside polygon? 1
0 other guards have coords 20.0247 9.0047
	 new best guard at 20.0247 9.0047
scaling gradient with 0.125 to 0.0277778 -0.0833333
	>>>> prev guard 20 9 cur guard 20.047 9.00636
	was guard reflex vertex? 0
	was guard in reflex area? 0
	does guard intersect boundary ray 20 9 20.047 9.00636?0
	is guard inside polygon? 1
0 other guards have coords 20.047 9.00636
	 new best guard at 20.047 9.00636
scaling gradient with 0.25 to 0.0555556 -0.166667
	>>>> prev guard 20 9 cur guard 20.0755 9.00383
	was guard reflex vertex? 0
	was guard in reflex area? 0
	does guard intersect boundary ray 20 9 20.0755 9.00383?0
	is guard inside polygon? 1
0 other guards have coords 20.0755 9.00383
	 new best guard at 20.0755 9.00383
scaling gradient with 0.5 to 0.111111 -0.333333
	>>>> prev guard 20 9 cur guard 20.1112 8.99129
	was guard reflex vertex? 0
	was guard in reflex area? 0
	does guard intersect boundary ray 20 9 20.1112 8.99129?0
	is guard inside polygon? 1
0 other guards have coords 20.1112 8.99129
	 new best guard at 20.1112 8.99129
scaling gradient with 1 to 0.222222 -0.666667
	>>>> prev guard 20 9 cur guard 20.157 8.9574
	was guard reflex vertex? 0
	was guard in reflex area? 0
	does guard intersect boundary ray 20 9 20.157 8.9574?0
	is guard inside polygon? 1
0 other guards have coords 20.157 8.9574
	 new best guard at 20.157 8.9574
scaling gradient with 2 to 0.444444 -1.33333
	>>>> prev guard 20 9 cur guard 20.2199 8.87976
	was guard reflex vertex? 0
	was guard in reflex area? 0
	does guard intersect boundary ray 20 9 20.2199 8.87976?0
	is guard inside polygon? 1
0 other guards have coords 20.2199 8.87976
	 new best guard at 20.2199 8.87976
scaling gradient with 4 to 0.888889 -2.66667
	>>>> prev guard 20 9 cur guard 20.3142 8.7138
	was guard reflex vertex? 0
	was guard in reflex area? 0
	does guard intersect boundary ray 20 9 20.3142 8.7138?0
	is guard inside polygon? 1
0 other guards have coords 20.3142 8.7138
	 new best guard at 20.3142 8.7138
scaling gradient with 8 to 1.77778 -5.33333
	>>>> prev guard 20 9 cur guard 20.4692 8.3705
	was guard reflex vertex? 0
	was guard in reflex area? 0
	does guard intersect boundary ray 20 9 20.4692 8.3705?0
	is guard inside polygon? 1
0 other guards have coords 20.4692 8.3705
	 new best guard at 20.4692 8.3705
scaling gradient with 16 to 3.55556 -10.6667
	>>>> prev guard 20 9 cur guard 20.7439 7.67201
	was guard reflex vertex? 0
	was guard in reflex area? 0
	does guard intersect boundary ray 20 9 20.7439 7.67201?0
	is guard inside polygon? 1
0 other guards have coords 20.7439 7.67201
	 new best guard at 20.7439 7.67201
scaling gradient with 32 to 7.11111 -21.3333
	>>>> prev guard 20 9 cur guard 21.2565 6.26269
	was guard reflex vertex? 0
	was guard in reflex area? 0
	does guard intersect boundary ray 20 9 21.2565 6.26269?0
	is guard inside polygon? 1
0 other guards have coords 21.2565 6.26269
	 new best guard at 21.2565 6.26269
Df=0.0444444 -0.133333
h=0.0421637 0.0140546
Df=0.512596 -1.40932
h=0.0421637 0.0140546
is completely visible? 0
are areas equal? 52=44.2871?0
+++++1 guards with gradient 0
	======== guard 21 10
	was guard reflex vertex? 0
	computed gradient -0 -1 and pull 0.5 -0
	------- removing guard 21 10
g0=21 10
area0=40
alpha0=0.2
scaling gradient with 0.03125 to 0 -0.03125
pull reduced from 0.25 to 	>>>> prev guard 21 10 cur guard 21 9.99875
	was guard reflex vertex? 0
	was guard in reflex area? 0
	does guard intersect boundary ray 21 10 21 9.99875?0
	is guard inside polygon? 1
0 other guards have coords 21 9.99875
	 new best guard at 21 9.99875
scaling gradient with 0.0625 to 0 -0.0625
pull reduced from 0.25 to 	>>>> prev guard 21 10 cur guard 21 9.99525
	was guard reflex vertex? 0
	was guard in reflex area? 0
	does guard intersect boundary ray 21 10 21 9.99525?0
	is guard inside polygon? 1
0 other guards have coords 21 9.99525
	 new best guard at 21 9.99525
scaling gradient with 0.125 to 0 -0.125
pull reduced from 0.25 to 	>>>> prev guard 21 10 cur guard 21 9.98745
	was guard reflex vertex? 0
	was guard in reflex area? 0
	does guard intersect boundary ray 21 10 21 9.98745?0
	is guard inside polygon? 1
0 other guards have coords 21 9.98745
	 new best guard at 21 9.98745
scaling gradient with 0.25 to 0 -0.25
pull reduced from 0.25 to 	>>>> prev guard 21 10 cur guard 21.0002 9.97121
	was guard reflex vertex? 0
	was guard in reflex area? 0
	does guard intersect boundary ray 21 10 21.0002 9.97121?0
	is guard inside polygon? 1
0 other guards have coords 21.0002 9.97121
	 new best guard at 21.0002 9.97121
scaling gradient with 0.5 to 0 -0.5
pull reduced from 0.25 to 	>>>> prev guard 21 10 cur guard 21.0008 9.93822
	was guard reflex vertex? 0
	was guard in reflex area? 0
	does guard intersect boundary ray 21 10 21.0008 9.93822?0
	is guard inside polygon? 1
0 other guards have coords 21.0008 9.93822
	 new best guard at 21.0008 9.93822
scaling gradient with 1 to 0 -1
pull reduced from 0.25 to 	>>>> prev guard 21 10 cur guard 21.0035 9.87182
	was guard reflex vertex? 0
	was guard in reflex area? 0
	does guard intersect boundary ray 21 10 21.0035 9.87182?0
	is guard inside polygon? 1
0 other guards have coords 21.0035 9.87182
	 new best guard at 21.0035 9.87182
scaling gradient with 2 to 0 -2
pull reduced from 0.25 to 	>>>> prev guard 21 10 cur guard 21.0145 9.73871
	was guard reflex vertex? 0
	was guard in reflex area? 0
	does guard intersect boundary ray 21 10 21.0145 9.73871?0
	is guard inside polygon? 1
0 other guards have coords 21.0145 9.73871
	 new best guard at 21.0145 9.73871
scaling gradient with 4 to 0 -4
	>>>> prev guard 21 10 cur guard 21.0433 9.47222
	was guard reflex vertex? 0
	was guard in reflex area? 0
	does guard intersect boundary ray 21 10 21.0433 9.47222?0
	is guard inside polygon? 1
0 other guards have coords 21.0433 9.47222
	 new best guard at 21.0433 9.47222
scaling gradient with 8 to 0 -8
	>>>> prev guard 21 10 cur guard 21.0863 8.93902
	was guard reflex vertex? 0
	was guard in reflex area? 0
	does guard intersect boundary ray 21 10 21.0863 8.93902?0
	is guard inside polygon? 1
0 other guards have coords 21.0863 8.93902
	 new best guard at 21.0863 8.93902
scaling gradient with 16 to 0 -16
	>>>> prev guard 21 10 cur guard 21.1407 7.87247
	was guard reflex vertex? 0
	was guard in reflex area? 0
	does guard intersect boundary ray 21 10 21.1407 7.87247?0
	is guard inside polygon? 1
0 other guards have coords 21.1407 7.87247
	 new best guard at 21.1407 7.87247
scaling gradient with 32 to 0 -32
	>>>> prev guard 21 10 cur guard 21.2043 5.73923
	was guard reflex vertex? 0
	was guard in reflex area? 0
	does guard intersect boundary ray 21 10 21.2043 5.73923?1
	is guard inside polygon? 0
0 other guards have coords 21.1918 6
	 new best guard at 21.1918 6
Df=0 -0.2
h=0.1 0
Df=0.063539 -2.13324
h=0.1 0
is completely visible? 0
are areas equal? 52=44.4242?0
i=1
area=44.4242
+++++2 guards with gradient 0
	======== guard 21.1918 6
	was guard reflex vertex? 0
	computed gradient 2.44671 -1.10605 and pull 0.251964 0.557371
	------- removing guard 21.1918 6
g0=21.1918 6
area0=44.4242
alpha0=0.2
scaling gradient with 0.03125 to 0.0764596 -0.0345642
	>>>> prev guard 21.1918 6 cur guard 21.2557 4.31432
	was guard reflex vertex? 0
	was guard in reflex area? 0
	does guard intersect boundary ray 21.1918 6 21.2557 4.31432?1
	is guard inside polygon? 0
0 other guards have coords 21.2557 6
	 new best guard at 21.2557 6
scaling gradient with 0.0625 to 0.152919 -0.0691283
	>>>> prev guard 21.1918 6 cur guard 21.3231 4.67098
	was guard reflex vertex? 0
	was guard in reflex area? 0
	does guard intersect boundary ray 21.1918 6 21.3231 4.67098?1
	is guard inside polygon? 0
0 other guards have coords 21.3231 6
	 new best guard at 21.3231 6
scaling gradient with 0.125 to 0.305838 -0.138257
	>>>> prev guard 21.1918 6 cur guard 21.3993 4.95355
	was guard reflex vertex? 0
	was guard in reflex area? 0
	does guard intersect boundary ray 21.1918 6 21.3993 4.95355?1
	is guard inside polygon? 0
0 other guards have coords 21.3993 6
	 new best guard at 21.3993 6
scaling gradient with 0.25 to 0.611677 -0.276513
	>>>> prev guard 21.1918 6 cur guard 21.4948 5.17408
	was guard reflex vertex? 0
	was guard in reflex area? 0
	does guard intersect boundary ray 21.1918 6 21.4948 5.17408?1
	is guard inside polygon? 0
0 other guards have coords 21.4948 6
	 new best guard at 21.4948 6
scaling gradient with 0.5 to 1.22335 -0.553027
	>>>> prev guard 21.1918 6 cur guard 21.6302 5.33943
	was guard reflex vertex? 0
	was guard in reflex area? 0
	does guard intersect boundary ray 21.1918 6 21.6302 5.33943?1
	is guard inside polygon? 0
0 other guards have coords 21.6302 6
	 new best guard at 21.6302 6
scaling gradient with 1 to 2.44671 -1.10605
	>>>> prev guard 21.1918 6 cur guard 21.8465 5.4496
	was guard reflex vertex? 0
	was guard in reflex area? 0
	does guard intersect boundary ray 21.1918 6 21.8465 5.4496?1
	is guard inside polygon? 0
0 other guards have coords 21.8465 6
	 new best guard at 21.8465 6
scaling gradient with 2 to 4.89341 -2.21211
	>>>> prev guard 21.1918 6 cur guard 22.2254 5.49349
	was guard reflex vertex? 0
	was guard in reflex area? 0
	does guard intersect boundary ray 21.1918 6 22.2254 5.49349?1
	is guard inside polygon? 0
0 other guards have coords 22.2254 6
	 new best guard at 22.2254 6
scaling gradient with 4 to 9.78683 -4.42421
	>>>> prev guard 21.1918 6 cur guard 22.93 5.44012
	was guard reflex vertex? 0
	was guard in reflex area? 0
	does guard intersect boundary ray 21.1918 6 22.93 5.44012?1
	is guard inside polygon? 0
0 other guards have coords 22.93 6
	 new best guard at 22.93 6
scaling gradient with 8 to 19.5737 -8.84842
	>>>> prev guard 21.1918 6 cur guard 24.2867 5.22045
	was guard reflex vertex? 0
	was guard in reflex area? 0
	does guard intersect boundary ray 21.1918 6 24.2867 5.22045?1
	is guard inside polygon? 0
0 other guards have coords 24.2867 6
	 new best guard at 24.2867 6
scaling gradient with 16 to 39.1473 -17.6968
	>>>> prev guard 21.1918 6 cur guard 26.9481 4.69078
	was guard reflex vertex? 0
	was guard in reflex area? 0
	does guard intersect boundary ray 21.1918 6 26.9481 4.69078?1
	is guard inside polygon? 0
0 other guards have coords 25 6
	 new best guard at 25 6
scaling gradient with 32 to 78.2946 -35.3937
	>>>> prev guard 21.1918 6 cur guard 30.2709 3.55917
	was guard reflex vertex? 0
	was guard in reflex area? 0
	does guard intersect boundary ray 21.1918 6 30.2709 3.55917?1
	is guard inside polygon? 0
1 other guards have coords 25 6
Df=0.489341 -0.221211
h=0.0503928 0.111474
Df=2.66135 -1.30922
h=0.0503928 0.111474
is completely visible? 0
are areas equal? 52=50.5714?0
+++++1 guards with gradient 0
	======== guard 21.2565 6.26269
	was guard reflex vertex? 0
	computed gradient 2.45884 -1.1471 and pull 0.278152 0.596228
	------- removing guard 21.2565 6.26269
g1=21.2565 6.26269
area1=44.2871
alpha1=0.2
scaling gradient with 0.03125 to 0.0768388 -0.0358469
	>>>> prev guard 21.2565 6.26269 cur guard 21.6807 5.15766
	was guard reflex vertex? 0
	was guard in reflex area? 0
	does guard intersect boundary ray 21.2565 6.26269 21.6807 5.15766?1
	is guard inside polygon? 0
0 other guards have coords 21.3573 6
	 new best guard at 21.3573 6
scaling gradient with 0.0625 to 0.153678 -0.0716937
	>>>> prev guard 21.2565 6.26269 cur guard 21.714 5.13695
	was guard reflex vertex? 0
	was guard in reflex area? 0
	does guard intersect boundary ray 21.2565 6.26269 21.714 5.13695?1
	is guard inside polygon? 0
0 other guards have coords 21.3632 6
	 new best guard at 21.3632 6
scaling gradient with 0.125 to 0.307355 -0.143387
	>>>> prev guard 21.2565 6.26269 cur guard 21.672 5.32768
	was guard reflex vertex? 0
	was guard in reflex area? 0
	does guard intersect boundary ray 21.2565 6.26269 21.672 5.32768?1
	is guard inside polygon? 0
0 other guards have coords 21.3732 6
	 new best guard at 21.3732 6
scaling gradient with 0.25 to 0.614711 -0.286775
	>>>> prev guard 21.2565 6.26269 cur guard 21.656 5.47452
	was guard reflex vertex? 0
	was guard in reflex area? 0
	does guard intersect boundary ray 21.2565 6.26269 21.656 5.47452?1
	is guard inside polygon? 0
0 other guards have coords 21.3896 6
	 new best guard at 21.3896 6
scaling gradient with 0.5 to 1.22942 -0.57355
	>>>> prev guard 21.2565 6.26269 cur guard 21.6761 5.58052
	was guard reflex vertex? 0
	was guard in reflex area? 0
	does guard intersect boundary ray 21.2565 6.26269 21.6761 5.58052?1
	is guard inside polygon? 0
0 other guards have coords 21.4181 6
	 new best guard at 21.4181 6
scaling gradient with 1 to 2.45884 -1.1471
	>>>> prev guard 21.2565 6.26269 cur guard 21.7567 5.64238
	was guard reflex vertex? 0
	was guard in reflex area? 0
	does guard intersect boundary ray 21.2565 6.26269 21.7567 5.64238?1
	is guard inside polygon? 0
0 other guards have coords 21.4683 6
	 new best guard at 21.4683 6
scaling gradient with 2 to 4.91769 -2.2942
	>>>> prev guard 21.2565 6.26269 cur guard 21.9471 5.64599
	was guard reflex vertex? 0
	was guard in reflex area? 0
	does guard intersect boundary ray 21.2565 6.26269 21.9471 5.64599?1
	is guard inside polygon? 0
0 other guards have coords 21.5507 6
	 new best guard at 21.5507 6
scaling gradient with 4 to 9.83537 -4.5884
	>>>> prev guard 21.2565 6.26269 cur guard 22.3382 5.5571
	was guard reflex vertex? 0
	was guard in reflex area? 0
	does guard intersect boundary ray 21.2565 6.26269 22.3382 5.5571?1
	is guard inside polygon? 0
0 other guards have coords 21.6592 6
	 new best guard at 21.6592 6
scaling gradient with 8 to 19.6707 -9.1768
	>>>> prev guard 21.2565 6.26269 cur guard 23.0872 5.30246
	was guard reflex vertex? 0
	was guard in reflex area? 0
	does guard intersect boundary ray 21.2565 6.26269 23.0872 5.30246?1
	is guard inside polygon? 0
0 other guards have coords 21.7573 6
	 new best guard at 21.7573 6
scaling gradient with 16 to 39.3415 -18.3536
	>>>> prev guard 21.2565 6.26269 cur guard 24.4845 4.73167
	was guard reflex vertex? 0
	was guard in reflex area? 0
	does guard intersect boundary ray 21.2565 6.26269 24.4845 4.73167?1
	is guard inside polygon? 0
0 other guards have coords 21.8103 6
	 new best guard at 21.8103 6
scaling gradient with 32 to 78.683 -36.7072
	>>>> prev guard 21.2565 6.26269 cur guard 27.1505 3.5409
	was guard reflex vertex? 0
	was guard in reflex area? 0
	does guard intersect boundary ray 21.2565 6.26269 27.1505 3.5409?1
	is guard inside polygon? 0
0 other guards have coords 21.8253 6
	 new best guard at 21.8253 6
Df=0.491769 -0.22942
h=0.0556305 0.119246
Df=5.34019 -2.4591
h=0.0556305 0.119246
is completely visible? 0
are areas equal? 52=50.5714?0
i=2
area=50.5714
+++++2 guards with gradient 0
	======== guard 25 6
	was guard reflex vertex? 0
	computed gradient 0.285714 0.0816327 and pull -0.0112131 0.0392459
	------- removing guard 25 6
g0=25 6
area0=50.5714
alpha0=0.2
scaling gradient with 0.03125 to 0.00892857 0.00255102
	>>>> prev guard 25 6 cur guard 27.129 4.9543
	was guard reflex vertex? 0
	was guard in reflex area? 0
	does guard intersect boundary ray 25 6 27.129 4.9543?0
	is guard inside polygon? 0
1 other guards have coords 25 6
scaling gradient with 0.0625 to 0.0178571 0.00510204
	>>>> prev guard 25 6 cur guard 26.7035 5.16521
	was guard reflex vertex? 0
	was guard in reflex area? 0
	does guard intersect boundary ray 25 6 26.7035 5.16521?0
	is guard inside polygon? 0
1 other guards have coords 25 6
scaling gradient with 0.125 to 0.0357143 0.0102041
	>>>> prev guard 25 6 cur guard 26.3637 5.33415
	was guard reflex vertex? 0
	was guard in reflex area? 0
	does guard intersect boundary ray 25 6 26.3637 5.33415?0
	is guard inside polygon? 0
1 other guards have coords 25 6
scaling gradient with 0.25 to 0.0714286 0.0204082
	>>>> prev guard 25 6 cur guard 26.0934 5.4697
	was guard reflex vertex? 0
	was guard in reflex area? 0
	does guard intersect boundary ray 25 6 26.0934 5.4697?0
	is guard inside polygon? 0
1 other guards have coords 25 6
scaling gradient with 0.5 to 0.142857 0.0408163
	>>>> prev guard 25 6 cur guard 25.88 5.57897
	was guard reflex vertex? 0
	was guard in reflex area? 0
	does guard intersect boundary ray 25 6 25.88 5.57897?0
	is guard inside polygon? 0
1 other guards have coords 25 6
scaling gradient with 1 to 0.285714 0.0816327
	>>>> prev guard 25 6 cur guard 25.715 5.66801
	was guard reflex vertex? 0
	was guard in reflex area? 0
	does guard intersect boundary ray 25 6 25.715 5.66801?0
	is guard inside polygon? 0
1 other guards have coords 25 6
scaling gradient with 2 to 0.571429 0.163265
	>>>> prev guard 25 6 cur guard 25.5944 5.74251
	was guard reflex vertex? 0
	was guard in reflex area? 0
	does guard intersect boundary ray 25 6 25.5944 5.74251?0
	is guard inside polygon? 0
1 other guards have coords 25 6
scaling gradient with 4 to 1.14286 0.326531
	>>>> prev guard 25 6 cur guard 25.5208 5.80864
	was guard reflex vertex? 0
	was guard in reflex area? 0
	does guard intersect boundary ray 25 6 25.5208 5.80864?0
	is guard inside polygon? 0
1 other guards have coords 25 6
scaling gradient with 8 to 2.28571 0.653061
	>>>> prev guard 25 6 cur guard 25.5076 5.8746
	was guard reflex vertex? 0
	was guard in reflex area? 0
	does guard intersect boundary ray 25 6 25.5076 5.8746?0
	is guard inside polygon? 0
1 other guards have coords 25 6
scaling gradient with 16 to 4.57143 1.30612
	>>>> prev guard 25 6 cur guard 25.5885 5.9535
	was guard reflex vertex? 0
	was guard in reflex area? 0
	does guard intersect boundary ray 25 6 25.5885 5.9535?0
	is guard inside polygon? 0
1 other guards have coords 25 6
scaling gradient with 32 to 9.14286 2.61224
	>>>> prev guard 25 6 cur guard 25.8361 6.06886
	was guard reflex vertex? 0
	was guard in reflex area? 0
	does guard intersect boundary ray 25 6 25.8361 6.06886?0
	is guard inside polygon? 0
0 other guards have coords 25 6.06886
	 new best guard at 25 6.06886
Df=0 0
h=0 0
Df=0.0571429 0.0163265
h=-0.00224262 0.00784918
Df=0.836057 0.0688564
h=-0.00224262 0.00784918
is completely visible? 0
are areas equal? 52=50.5771?0
+++++1 guards with gradient 0
	======== guard 21.8253 6
	was guard reflex vertex? 0
	computed gradient 3.125 -0.917704 and pull 0.22013 0.749596
	------- removing guard 21.8253 6
g1=21.8253 6
area1=46.3292
alpha1=0.2
scaling gradient with 0.03125 to 0.0976563 -0.0286782
	>>>> prev guard 21.8253 6 cur guard 26.1102 4.06156
	was guard reflex vertex? 0
	was guard in reflex area? 0
	does guard intersect boundary ray 21.8253 6 26.1102 4.06156?1
	is guard inside polygon? 0
0 other guards have coords 25 6
	 new best guard at 25 6
scaling gradient with 0.0625 to 0.195313 -0.0573565
	>>>> prev guard 21.8253 6 cur guard 28.4445 4.47694
	was guard reflex vertex? 0
	was guard in reflex area? 0
	does guard intersect boundary ray 21.8253 6 28.4445 4.47694?1
	is guard inside polygon? 0
1 other guards have coords 25 6
scaling gradient with 0.125 to 0.390625 -0.114713
	>>>> prev guard 21.8253 6 cur guard 27.78 4.80694
	was guard reflex vertex? 0
	was guard in reflex area? 0
	does guard intersect boundary ray 21.8253 6 27.78 4.80694?1
	is guard inside polygon? 0
1 other guards have coords 25 6
scaling gradient with 0.25 to 0.78125 -0.229426
	>>>> prev guard 21.8253 6 cur guard 27.2641 5.06636
	was guard reflex vertex? 0
	was guard in reflex area? 0
	does guard intersect boundary ray 21.8253 6 27.2641 5.06636?1
	is guard inside polygon? 0
1 other guards have coords 25 6
scaling gradient with 0.5 to 1.5625 -0.458852
	>>>> prev guard 21.8253 6 cur guard 26.8826 5.26472
	was guard reflex vertex? 0
	was guard in reflex area? 0
	does guard intersect boundary ray 21.8253 6 26.8826 5.26472?1
	is guard inside polygon? 0
1 other guards have coords 25 6
scaling gradient with 1 to 3.125 -0.917704
	>>>> prev guard 21.8253 6 cur guard 26.6399 5.40505
	was guard reflex vertex? 0
	was guard in reflex area? 0
	does guard intersect boundary ray 21.8253 6 26.6399 5.40505?1
	is guard inside polygon? 0
1 other guards have coords 25 6
scaling gradient with 2 to 6.25 -1.83541
	>>>> prev guard 21.8253 6 cur guard 26.5707 5.48061
	was guard reflex vertex? 0
	was guard in reflex area? 0
	does guard intersect boundary ray 21.8253 6 26.5707 5.48061?1
	is guard inside polygon? 0
1 other guards have coords 25 6
scaling gradient with 4 to 12.5 -3.67082
	>>>> prev guard 21.8253 6 cur guard 26.7654 5.46764
	was guard reflex vertex? 0
	was guard in reflex area? 0
	does guard intersect boundary ray 21.8253 6 26.7654 5.46764?1
	is guard inside polygon? 0
1 other guards have coords 25 6
scaling gradient with 8 to 25 -7.34163
	>>>> prev guard 21.8253 6 cur guard 27.4211 5.31043
	was guard reflex vertex? 0
	was guard in reflex area? 0
	does guard intersect boundary ray 21.8253 6 27.4211 5.31043?1
	is guard inside polygon? 0
1 other guards have coords 25 6
scaling gradient with 16 to 50 -14.6833
	>>>> prev guard 21.8253 6 cur guard 28.9457 4.891
	was guard reflex vertex? 0
	was guard in reflex area? 0
	does guard intersect boundary ray 21.8253 6 28.9457 4.891?1
	is guard inside polygon? 0
1 other guards have coords 25 6
scaling gradient with 32 to 100 -29.3665
	>>>> prev guard 21.8253 6 cur guard 32.1654 3.96812
	was guard reflex vertex? 0
	was guard in reflex area? 0
	does guard intersect boundary ray 21.8253 6 32.1654 3.96812?1
	is guard inside polygon? 0
1 other guards have coords 25 6
Df=0.625 -0.183541
h=0.0440261 0.149919
Df=4.28487 -1.93844
h=0.0440261 0.149919
is completely visible? 0
are areas equal? 52=50.5771?0
i=3
area=50.5771
+++++2 guards with gradient 0
	======== guard 25 6.06886
	was guard reflex vertex? 0
	computed gradient 0.288553 0.0832626 and pull -0.0115419 0.0399994
	------- removing guard 25 6.06886
g0=25 6.06886
area0=50.5771
alpha0=0.2
scaling gradient with 0.03125 to 0.00901727 0.00260196
	>>>> prev guard 25 6.06886 cur guard 25.6687 6.12565
	was guard reflex vertex? 0
	was guard in reflex area? 0
	does guard intersect boundary ray 25 6.06886 25.6687 6.12565?1
	is guard inside polygon? 0
0 other guards have coords 25 6.12565
	 new best guard at 25 6.12565
scaling gradient with 0.0625 to 0.0180345 0.00520392
	>>>> prev guard 25 6.06886 cur guard 25.5353 6.17289
	was guard reflex vertex? 0
	was guard in reflex area? 0
	does guard intersect boundary ray 25 6.06886 25.5353 6.17289?1
	is guard inside polygon? 0
0 other guards have coords 25 6.17289
	 new best guard at 25 6.17289
scaling gradient with 0.125 to 0.0360691 0.0104078
	>>>> prev guard 25 6.06886 cur guard 25.4292 6.21269
	was guard reflex vertex? 0
	was guard in reflex area? 0
	does guard intersect boundary ray 25 6.06886 25.4292 6.21269?1
	is guard inside polygon? 0
0 other guards have coords 25 6.21269
	 new best guard at 25 6.21269
scaling gradient with 0.25 to 0.0721382 0.0208157
	>>>> prev guard 25 6.06886 cur guard 25.3458 6.24697
	was guard reflex vertex? 0
	was guard in reflex area? 0
	does guard intersect boundary ray 25 6.06886 25.3458 6.24697?1
	is guard inside polygon? 0
0 other guards have coords 25 6.24697
	 new best guard at 25 6.24697
scaling gradient with 0.5 to 0.144276 0.0416313
	>>>> prev guard 25 6.06886 cur guard 25.2819 6.27766
	was guard reflex vertex? 0
	was guard in reflex area? 0
	does guard intersect boundary ray 25 6.06886 25.2819 6.27766?1
	is guard inside polygon? 0
0 other guards have coords 25 6.27766
	 new best guard at 25 6.27766
scaling gradient with 1 to 0.288553 0.0832626
	>>>> prev guard 25 6.06886 cur guard 25.2366 6.30714
	was guard reflex vertex? 0
	was guard in reflex area? 0
	does guard intersect boundary ray 25 6.06886 25.2366 6.30714?1
	is guard inside polygon? 0
0 other guards have coords 25 6.30714
	 new best guard at 25 6.30714
scaling gradient with 2 to 0.577105 0.166525
	>>>> prev guard 25 6.06886 cur guard 25.2119 6.33899
	was guard reflex vertex? 0
	was guard in reflex area? 0
	does guard intersect boundary ray 25 6.06886 25.2119 6.33899?1
	is guard inside polygon? 0
0 other guards have coords 25 6.33899
	 new best guard at 25 6.33899
scaling gradient with 4 to 1.15421 0.333051
	>>>> prev guard 25 6.06886 cur guard 25.2152 6.37939
	was guard reflex vertex? 0
	was guard in reflex area? 0
	does guard intersect boundary ray 25 6.06886 25.2152 6.37939?1
	is guard inside polygon? 0
0 other guards have coords 25 6.37939
	 new best guard at 25 6.37939
scaling gradient with 8 to 2.30842 0.666101
	>>>> prev guard 25 6.06886 cur guard 25.2641 6.43995
	was guard reflex vertex? 0
	was guard in reflex area? 0
	does guard intersect boundary ray 25 6.06886 25.2641 6.43995?1
	is guard inside polygon? 0
0 other guards have coords 25 6.43995
	 new best guard at 25 6.43995
scaling gradient with 16 to 4.61684 1.3322
	>>>> prev guard 25 6.06886 cur guard 25.3955 6.54329
	was guard reflex vertex? 0
	was guard in reflex area? 0
	does guard intersect boundary ray 25 6.06886 25.3955 6.54329?1
	is guard inside polygon? 0
0 other guards have coords 25 6.54329
	 new best guard at 25 6.54329
scaling gradient with 32 to 9.23369 2.6644
	>>>> prev guard 25 6.06886 cur guard 25.6853 6.73413
	was guard reflex vertex? 0
	was guard in reflex area? 0
	does guard intersect boundary ray 25 6.06886 25.6853 6.73413?1
	is guard inside polygon? 0
0 other guards have coords 25 6.73413
	 new best guard at 25 6.73413
Df=0 0
h=0 0
Df=0.0577105 0.0166525
h=-0.00230839 0.00799988
Df=0.68526 0.190847
h=-0.00230839 0.00799988
is completely visible? 0
are areas equal? 52=50.6384?0
+++++1 guards with gradient 0
	======== guard 25 6
	was guard reflex vertex? 0
	computed gradient -1.01429 -0.568367 and pull -0.156558 0.329935
	------- removing guard 25 6
g1=25 6
area1=50.5714
alpha1=0.2
scaling gradient with 0.03125 to -0.0316964 -0.0177615
	>>>> prev guard 25 6 cur guard 28.4204 4.46173
	was guard reflex vertex? 0
	was guard in reflex area? 0
	does guard intersect boundary ray 25 6 28.4204 4.46173?0
	is guard inside polygon? 0
1 other guards have coords 25 6
scaling gradient with 0.0625 to -0.0633929 -0.035523
	>>>> prev guard 25 6 cur guard 27.7275 4.78116
	was guard reflex vertex? 0
	was guard in reflex area? 0
	does guard intersect boundary ray 25 6 27.7275 4.78116?0
	is guard inside polygon? 0
1 other guards have coords 25 6
scaling gradient with 0.125 to -0.126786 -0.0710459
	>>>> prev guard 25 6 cur guard 27.1707 5.03529
	was guard reflex vertex? 0
	was guard in reflex area? 0
	does guard intersect boundary ray 25 6 27.1707 5.03529?0
	is guard inside polygon? 0
1 other guards have coords 25 6
scaling gradient with 0.25 to -0.253571 -0.142092
	>>>> prev guard 25 6 cur guard 26.7201 5.23574
	was guard reflex vertex? 0
	was guard in reflex area? 0
	does guard intersect boundary ray 25 6 26.7201 5.23574?0
	is guard inside polygon? 0
1 other guards have coords 25 6
scaling gradient with 0.5 to -0.507143 -0.284184
	>>>> prev guard 25 6 cur guard 26.3496 5.39042
	was guard reflex vertex? 0
	was guard in reflex area? 0
	does guard intersect boundary ray 25 6 26.3496 5.39042?0
	is guard inside polygon? 0
1 other guards have coords 25 6
scaling gradient with 1 to -1.01429 -0.568367
	>>>> prev guard 25 6 cur guard 26.0328 5.5028
	was guard reflex vertex? 0
	was guard in reflex area? 0
	does guard intersect boundary ray 25 6 26.0328 5.5028?0
	is guard inside polygon? 0
1 other guards have coords 25 6
scaling gradient with 2 to -2.02857 -1.13673
	>>>> prev guard 25 6 cur guard 25.7388 5.56997
	was guard reflex vertex? 0
	was guard in reflex area? 0
	does guard intersect boundary ray 25 6 25.7388 5.56997?0
	is guard inside polygon? 0
1 other guards have coords 25 6
scaling gradient with 4 to -4.05714 -2.27347
	>>>> prev guard 25 6 cur guard 25.4225 5.57823
	was guard reflex vertex? 0
	was guard in reflex area? 0
	does guard intersect boundary ray 25 6 25.4225 5.57823?0
	is guard inside polygon? 0
1 other guards have coords 25 6
scaling gradient with 8 to -8.11429 -4.54694
	>>>> prev guard 25 6 cur guard 25.0072 5.49391
	was guard reflex vertex? 0
	was guard in reflex area? 0
	does guard intersect boundary ray 25 6 25.0072 5.49391?0
	is guard inside polygon? 0
1 other guards have coords 25 6
scaling gradient with 16 to -16.2286 -9.09388
	>>>> prev guard 25 6 cur guard 24.3503 5.24457
	was guard reflex vertex? 0
	was guard in reflex area? 0
	does guard intersect boundary ray 25 6 24.3503 5.24457?0
	is guard inside polygon? 0
1 other guards have coords 25 6
scaling gradient with 32 to -32.4571 -18.1878
	>>>> prev guard 25 6 cur guard 23.1757 4.68134
	was guard reflex vertex? 0
	was guard in reflex area? 0
	does guard intersect boundary ray 25 6 23.1757 4.68134?0
	is guard inside polygon? 0
1 other guards have coords 25 6
Df=-0.26 -0.13
h=-0.0290689 0.0581378
Df=0.0571429 0.0163265
h=-0.00224262 0.00784918
Df=4.28487 -1.93844
h=-0.0313115 0.0659869
is completely visible? 0
are areas equal? 52=50.6384?0
i=4
area=50.6384
+++++2 guards with gradient 0
	======== guard 25 6.73413
	was guard reflex vertex? 0
	computed gradient 0.31919 0.101882 and pull -0.0154899 0.0485289
	------- removing guard 25 6.73413
g0=25 6.73413
area0=50.6384
alpha0=0.2
scaling gradient with 0.03125 to 0.00997468 0.00318382
	>>>> prev guard 25 6.73413 cur guard 25.548 6.88888
	was guard reflex vertex? 0
	was guard in reflex area? 0
	does guard intersect boundary ray 25 6.73413 25.548 6.88888?1
	is guard inside polygon? 0
0 other guards have coords 25 6.88888
	 new best guard at 25 6.88888
scaling gradient with 0.0625 to 0.0199494 0.00636763
	>>>> prev guard 25 6.73413 cur guard 25.4386 7.01487
	was guard reflex vertex? 0
	was guard in reflex area? 0
	does guard intersect boundary ray 25 6.73413 25.4386 7.01487?1
	is guard inside polygon? 0
0 other guards have coords 25 7.01487
	 new best guard at 25 7.01487
scaling gradient with 0.125 to 0.0398987 0.0127353
	>>>> prev guard 25 6.73413 cur guard 25.3518 7.11812
	was guard reflex vertex? 0
	was guard in reflex area? 0
	does guard intersect boundary ray 25 6.73413 25.3518 7.11812?1
	is guard inside polygon? 0
0 other guards have coords 25 7.11812
	 new best guard at 25 7.11812
scaling gradient with 0.25 to 0.0797974 0.0254705
	>>>> prev guard 25 6.73413 cur guard 25.284 7.20367
	was guard reflex vertex? 0
	was guard in reflex area? 0
	does guard intersect boundary ray 25 6.73413 25.284 7.20367?1
	is guard inside polygon? 0
0 other guards have coords 25 7.20367
	 new best guard at 25 7.20367
scaling gradient with 0.5 to 0.159595 0.050941
	>>>> prev guard 25 6.73413 cur guard 25.233 7.2761
	was guard reflex vertex? 0
	was guard in reflex area? 0
	does guard intersect boundary ray 25 6.73413 25.233 7.2761?1
	is guard inside polygon? 0
0 other guards have coords 25 7.2761
	 new best guard at 25 7.2761
scaling gradient with 1 to 0.31919 0.101882
	>>>> prev guard 25 6.73413 cur guard 25.1985 7.34005
	was guard reflex vertex? 0
	was guard in reflex area? 0
	does guard intersect boundary ray 25 6.73413 25.1985 7.34005?1
	is guard inside polygon? 0
0 other guards have coords 25 7.34005
	 new best guard at 25 7.34005
scaling gradient with 2 to 0.638379 0.203764
	>>>> prev guard 25 6.73413 cur guard 25.1838 7.40131
	was guard reflex vertex? 0
	was guard in reflex area? 0
	does guard intersect boundary ray 25 6.73413 25.1838 7.40131?1
	is guard inside polygon? 0
0 other guards have coords 25 7.40131
	 new best guard at 25 7.40131
scaling gradient with 4 to 1.27676 0.407528
	>>>> prev guard 25 6.73413 cur guard 25.1975 7.46856
	was guard reflex vertex? 0
	was guard in reflex area? 0
	does guard intersect boundary ray 25 6.73413 25.1975 7.46856?1
	is guard inside polygon? 0
0 other guards have coords 25 7.46856
	 new best guard at 25 7.46856
scaling gradient with 8 to 2.55352 0.815057
	>>>> prev guard 25 6.73413 cur guard 25.2595 7.5569
	was guard reflex vertex? 0
	was guard in reflex area? 0
	does guard intersect boundary ray 25 6.73413 25.2595 7.5569?1
	is guard inside polygon? 0
0 other guards have coords 25 7.5569
	 new best guard at 25 7.5569
scaling gradient with 16 to 5.10704 1.63011
	>>>> prev guard 25 6.73413 cur guard 25.4112 7.69471
	was guard reflex vertex? 0
	was guard in reflex area? 0
	does guard intersect boundary ray 25 6.73413 25.4112 7.69471?1
	is guard inside polygon? 0
0 other guards have coords 25 7.69471
	 new best guard at 25 7.69471
scaling gradient with 32 to 10.2141 3.26023
	>>>> prev guard 25 6.73413 cur guard 25.7369 7.93732
	was guard reflex vertex? 0
	was guard in reflex area? 0
	does guard intersect boundary ray 25 6.73413 25.7369 7.93732?1
	is guard inside polygon? 0
0 other guards have coords 25 7.93732
	 new best guard at 25 7.93732
Df=0 0
h=0 0
Df=0.0638379 0.0203764
h=-0.00309798 0.00970578
Df=0.736941 0.242605
h=-0.00309798 0.00970578
is completely visible? 0
are areas equal? 52=50.7901?0
+++++1 guards with gradient 0
	======== guard 25 6
	was guard reflex vertex? 0
	computed gradient -1.01429 -0.568367 and pull -0.156558 0.329935
	------- removing guard 25 6
g1=25 6
area1=50.5714
alpha1=0.2
scaling gradient with 0.03125 to -0.0316964 -0.0177615
	>>>> prev guard 25 6 cur guard 28.4204 4.46173
	was guard reflex vertex? 0
	was guard in reflex area? 0
	does guard intersect boundary ray 25 6 28.4204 4.46173?0
	is guard inside polygon? 0
1 other guards have coords 25 6
scaling gradient with 0.0625 to -0.0633929 -0.035523
	>>>> prev guard 25 6 cur guard 27.7275 4.78116
	was guard reflex vertex? 0
	was guard in reflex area? 0
	does guard intersect boundary ray 25 6 27.7275 4.78116?0
	is guard inside polygon? 0
1 other guards have coords 25 6
scaling gradient with 0.125 to -0.126786 -0.0710459
	>>>> prev guard 25 6 cur guard 27.1707 5.03529
	was guard reflex vertex? 0
	was guard in reflex area? 0
	does guard intersect boundary ray 25 6 27.1707 5.03529?0
	is guard inside polygon? 0
1 other guards have coords 25 6
scaling gradient with 0.25 to -0.253571 -0.142092
	>>>> prev guard 25 6 cur guard 26.7201 5.23574
	was guard reflex vertex? 0
	was guard in reflex area? 0
	does guard intersect boundary ray 25 6 26.7201 5.23574?0
	is guard inside polygon? 0
1 other guards have coords 25 6
scaling gradient with 0.5 to -0.507143 -0.284184
	>>>> prev guard 25 6 cur guard 26.3496 5.39042
	was guard reflex vertex? 0
	was guard in reflex area? 0
	does guard intersect boundary ray 25 6 26.3496 5.39042?0
	is guard inside polygon? 0
1 other guards have coords 25 6
scaling gradient with 1 to -1.01429 -0.568367
	>>>> prev guard 25 6 cur guard 26.0328 5.5028
	was guard reflex vertex? 0
	was guard in reflex area? 0
	does guard intersect boundary ray 25 6 26.0328 5.5028?0
	is guard inside polygon? 0
1 other guards have coords 25 6
scaling gradient with 2 to -2.02857 -1.13673
	>>>> prev guard 25 6 cur guard 25.7388 5.56997
	was guard reflex vertex? 0
	was guard in reflex area? 0
	does guard intersect boundary ray 25 6 25.7388 5.56997?0
	is guard inside polygon? 0
1 other guards have coords 25 6
scaling gradient with 4 to -4.05714 -2.27347
	>>>> prev guard 25 6 cur guard 25.4225 5.57823
	was guard reflex vertex? 0
	was guard in reflex area? 0
	does guard intersect boundary ray 25 6 25.4225 5.57823?0
	is guard inside polygon? 0
1 other guards have coords 25 6
scaling gradient with 8 to -8.11429 -4.54694
	>>>> prev guard 25 6 cur guard 25.0072 5.49391
	was guard reflex vertex? 0
	was guard in reflex area? 0
	does guard intersect boundary ray 25 6 25.0072 5.49391?0
	is guard inside polygon? 0
1 other guards have coords 25 6
scaling gradient with 16 to -16.2286 -9.09388
	>>>> prev guard 25 6 cur guard 24.3503 5.24457
	was guard reflex vertex? 0
	was guard in reflex area? 0
	does guard intersect boundary ray 25 6 24.3503 5.24457?0
	is guard inside polygon? 0
1 other guards have coords 25 6
scaling gradient with 32 to -32.4571 -18.1878
	>>>> prev guard 25 6 cur guard 23.1757 4.68134
	was guard reflex vertex? 0
	was guard in reflex area? 0
	does guard intersect boundary ray 25 6 23.1757 4.68134?0
	is guard inside polygon? 0
1 other guards have coords 25 6
Df=-0.26 -0.13
h=-0.0290689 0.0581378
Df=0.0571429 0.0163265
h=-0.00224262 0.00784918
Df=4.28487 -1.93844
h=-0.0313115 0.0659869
is completely visible? 0
are areas equal? 52=50.7901?0
i=5
area=50.7901
+++++2 guards with gradient 0
	======== guard 25 7.93732
	was guard reflex vertex? 0
	computed gradient 0.395048 0.156063 and pull -0.02867 0.0725735
	------- removing guard 25 7.93732
g0=25 7.93732
area0=49.4268
alpha0=0.2
scaling gradient with 0.03125 to 0.0123452 0.00487696
	>>>> prev guard 25 7.93732 cur guard 25.5889 8.1345
	was guard reflex vertex? 0
	was guard in reflex area? 0
	does guard intersect boundary ray 25 7.93732 25.5889 8.1345?1
	is guard inside polygon? 0
0 other guards have coords 25 8.1345
	 new best guard at 25 8.1345
scaling gradient with 0.0625 to 0.0246905 0.00975392
	>>>> prev guard 25 7.93732 cur guard 25.471 8.29554
	was guard reflex vertex? 0
	was guard in reflex area? 0
	does guard intersect boundary ray 25 7.93732 25.471 8.29554?1
	is guard inside polygon? 0
0 other guards have coords 25 8.29554
	 new best guard at 25 8.29554
scaling gradient with 0.125 to 0.049381 0.0195078
	>>>> prev guard 25 7.93732 cur guard 25.3776 8.42805
	was guard reflex vertex? 0
	was guard in reflex area? 0
	does guard intersect boundary ray 25 7.93732 25.3776 8.42805?1
	is guard inside polygon? 0
0 other guards have coords 25 8.42805
	 new best guard at 25 8.42805
scaling gradient with 0.25 to 0.0987619 0.0390157
	>>>> prev guard 25 7.93732 cur guard 25.3049 8.53853
	was guard reflex vertex? 0
	was guard in reflex area? 0
	does guard intersect boundary ray 25 7.93732 25.3049 8.53853?1
	is guard inside polygon? 0
0 other guards have coords 25 8.53853
	 new best guard at 25 8.53853
scaling gradient with 0.5 to 0.197524 0.0780313
	>>>> prev guard 25 7.93732 cur guard 25.2507 8.63293
	was guard reflex vertex? 0
	was guard in reflex area? 0
	does guard intersect boundary ray 25 7.93732 25.2507 8.63293?1
	is guard inside polygon? 0
0 other guards have coords 25 8.63293
	 new best guard at 25 8.63293
scaling gradient with 1 to 0.395048 0.156063
	>>>> prev guard 25 7.93732 cur guard 25.2152 8.7176
	was guard reflex vertex? 0
	was guard in reflex area? 0
	does guard intersect boundary ray 25 7.93732 25.2152 8.7176?1
	is guard inside polygon? 0
0 other guards have coords 25 8.7176
	 new best guard at 25 8.7176
scaling gradient with 2 to 0.790095 0.312125
	>>>> prev guard 25 7.93732 cur guard 25.2026 8.80073
	was guard reflex vertex? 0
	was guard in reflex area? 0
	does guard intersect boundary ray 25 7.93732 25.2026 8.80073?1
	is guard inside polygon? 0
0 other guards have coords 25 8.80073
	 new best guard at 25 8.80073
scaling gradient with 4 to 1.58019 0.624251
	>>>> prev guard 25 7.93732 cur guard 25.2241 8.8951
	was guard reflex vertex? 0
	was guard in reflex area? 0
	does guard intersect boundary ray 25 7.93732 25.2241 8.8951?1
	is guard inside polygon? 0
0 other guards have coords 25 8.8951
	 new best guard at 25 8.8951
scaling gradient with 8 to 3.16038 1.2485
	>>>> prev guard 25 7.93732 cur guard 25.3046 9.02344
	was guard reflex vertex? 0
	was guard in reflex area? 0
	does guard intersect boundary ray 25 7.93732 25.3046 9.02344?1
	is guard inside polygon? 0
0 other guards have coords 25 9.02344
	 new best guard at 25 9.02344
scaling gradient with 16 to 6.32076 2.497
	>>>> prev guard 25 7.93732 cur guard 25.4954 9.22889
	was guard reflex vertex? 0
	was guard in reflex area? 0
	does guard intersect boundary ray 25 7.93732 25.4954 9.22889?1
	is guard inside polygon? 0
0 other guards have coords 25 9.22889
	 new best guard at 25 9.22889
scaling gradient with 32 to 12.6415 4.994
	>>>> prev guard 25 7.93732 cur guard 25.9008 9.59592
	was guard reflex vertex? 0
	was guard in reflex area? 0
	does guard intersect boundary ray 25 7.93732 25.9008 9.59592?1
	is guard inside polygon? 0
0 other guards have coords 25 9.59592
	 new best guard at 25 9.59592
Df=0 0
h=0 0
Df=0.0790095 0.0312125
h=-0.005734 0.0145147
Df=0.900794 0.367027
h=-0.005734 0.0145147
is completely visible? 0
are areas equal? 52=51.1751?0
+++++1 guards with gradient 0
	======== guard 25 6
	was guard reflex vertex? 0
	computed gradient -1.01429 -0.568367 and pull -0.156558 0.329935
	------- removing guard 25 6
g1=25 6
area1=50.5714
alpha1=0.2
scaling gradient with 0.03125 to -0.0316964 -0.0177615
	>>>> prev guard 25 6 cur guard 28.4204 4.46173
	was guard reflex vertex? 0
	was guard in reflex area? 0
	does guard intersect boundary ray 25 6 28.4204 4.46173?0
	is guard inside polygon? 0
1 other guards have coords 25 6
scaling gradient with 0.0625 to -0.0633929 -0.035523
	>>>> prev guard 25 6 cur guard 27.7275 4.78116
	was guard reflex vertex? 0
	was guard in reflex area? 0
	does guard intersect boundary ray 25 6 27.7275 4.78116?0
	is guard inside polygon? 0
1 other guards have coords 25 6
scaling gradient with 0.125 to -0.126786 -0.0710459
	>>>> prev guard 25 6 cur guard 27.1707 5.03529
	was guard reflex vertex? 0
	was guard in reflex area? 0
	does guard intersect boundary ray 25 6 27.1707 5.03529?0
	is guard inside polygon? 0
1 other guards have coords 25 6
scaling gradient with 0.25 to -0.253571 -0.142092
	>>>> prev guard 25 6 cur guard 26.7201 5.23574
	was guard reflex vertex? 0
	was guard in reflex area? 0
	does guard intersect boundary ray 25 6 26.7201 5.23574?0
	is guard inside polygon? 0
1 other guards have coords 25 6
scaling gradient with 0.5 to -0.507143 -0.284184
	>>>> prev guard 25 6 cur guard 26.3496 5.39042
	was guard reflex vertex? 0
	was guard in reflex area? 0
	does guard intersect boundary ray 25 6 26.3496 5.39042?0
	is guard inside polygon? 0
1 other guards have coords 25 6
scaling gradient with 1 to -1.01429 -0.568367
	>>>> prev guard 25 6 cur guard 26.0328 5.5028
	was guard reflex vertex? 0
	was guard in reflex area? 0
	does guard intersect boundary ray 25 6 26.0328 5.5028?0
	is guard inside polygon? 0
1 other guards have coords 25 6
scaling gradient with 2 to -2.02857 -1.13673
	>>>> prev guard 25 6 cur guard 25.7388 5.56997
	was guard reflex vertex? 0
	was guard in reflex area? 0
	does guard intersect boundary ray 25 6 25.7388 5.56997?0
	is guard inside polygon? 0
1 other guards have coords 25 6
scaling gradient with 4 to -4.05714 -2.27347
	>>>> prev guard 25 6 cur guard 25.4225 5.57823
	was guard reflex vertex? 0
	was guard in reflex area? 0
	does guard intersect boundary ray 25 6 25.4225 5.57823?0
	is guard inside polygon? 0
1 other guards have coords 25 6
scaling gradient with 8 to -8.11429 -4.54694
	>>>> prev guard 25 6 cur guard 25.0072 5.49391
	was guard reflex vertex? 0
	was guard in reflex area? 0
	does guard intersect boundary ray 25 6 25.0072 5.49391?0
	is guard inside polygon? 0
1 other guards have coords 25 6
scaling gradient with 16 to -16.2286 -9.09388
	>>>> prev guard 25 6 cur guard 24.3503 5.24457
	was guard reflex vertex? 0
	was guard in reflex area? 0
	does guard intersect boundary ray 25 6 24.3503 5.24457?0
	is guard inside polygon? 0
1 other guards have coords 25 6
scaling gradient with 32 to -32.4571 -18.1878
	>>>> prev guard 25 6 cur guard 23.1757 4.68134
	was guard reflex vertex? 0
	was guard in reflex area? 0
	does guard intersect boundary ray 25 6 23.1757 4.68134?0
	is guard inside polygon? 0
1 other guards have coords 25 6
Df=-0.26 -0.13
h=-0.0290689 0.0581378
Df=0.0571429 0.0163265
h=-0.00224262 0.00784918
Df=4.28487 -1.93844
h=-0.0313115 0.0659869
is completely visible? 0
are areas equal? 52=51.1751?0
i=6
area=51.1751
+++++2 guards with gradient 0
	======== guard 25 9.59592
	was guard reflex vertex? 0
	computed gradient 0.58753 0.345192 and pull -0.0874316 0.148812
	------- removing guard 25 9.59592
g0=25 9.59592
area0=41.7006
alpha0=0.2
scaling gradient with 0.03125 to 0.0183603 0.0107872
	>>>> prev guard 25 9.59592 cur guard 25.7179 9.89593
	was guard reflex vertex? 0
	was guard in reflex area? 0
	does guard intersect boundary ray 25 9.59592 25.7179 9.89593?1
	is guard inside polygon? 0
0 other guards have coords 25 9.89593
	 new best guard at 25 9.89593
scaling gradient with 0.0625 to 0.0367206 0.0215745
	>>>> prev guard 25 9.59592 cur guard 25.5723 10.1427
	was guard reflex vertex? 0
	was guard in reflex area? 0
	does guard intersect boundary ray 25 9.59592 25.5723 10.1427?1
	is guard inside polygon? 0
0 other guards have coords 25 10.1427
	 new best guard at 25 10.1427
scaling gradient with 0.125 to 0.0734413 0.043149
	>>>> prev guard 25 9.59592 cur guard 25.4573 10.3479
	was guard reflex vertex? 0
	was guard in reflex area? 0
	does guard intersect boundary ray 25 9.59592 25.4573 10.3479?1
	is guard inside polygon? 0
0 other guards have coords 25 10.3479
	 new best guard at 25 10.3479
scaling gradient with 0.25 to 0.146883 0.0862979
	>>>> prev guard 25 9.59592 cur guard 25.3682 10.5214
	was guard reflex vertex? 0
	was guard in reflex area? 0
	does guard intersect boundary ray 25 9.59592 25.3682 10.5214?1
	is guard inside polygon? 0
0 other guards have coords 25 10.5214
	 new best guard at 25 10.5214
scaling gradient with 0.5 to 0.293765 0.172596
	>>>> prev guard 25 9.59592 cur guard 25.3028 10.6731
	was guard reflex vertex? 0
	was guard in reflex area? 0
	does guard intersect boundary ray 25 9.59592 25.3028 10.6731?1
	is guard inside polygon? 0
0 other guards have coords 25 10.6731
	 new best guard at 25 10.6731
scaling gradient with 1 to 0.58753 0.345192
	>>>> prev guard 25 9.59592 cur guard 25.2622 10.8142
	was guard reflex vertex? 0
	was guard in reflex area? 0
	does guard intersect boundary ray 25 9.59592 25.2622 10.8142?1
	is guard inside polygon? 0
0 other guards have coords 25 10.8142
	 new best guard at 25 10.8142
scaling gradient with 2 to 1.17506 0.690383
	>>>> prev guard 25 9.59592 cur guard 25.2533 10.9606
	was guard reflex vertex? 0
	was guard in reflex area? 0
	does guard intersect boundary ray 25 9.59592 25.2533 10.9606?1
	is guard inside polygon? 0
0 other guards have coords 25 10.9606
	 new best guard at 25 10.9606
scaling gradient with 4 to 2.35012 1.38077
	>>>> prev guard 25 9.59592 cur guard 25.2931 11.1389
	was guard reflex vertex? 0
	was guard in reflex area? 0
	does guard intersect boundary ray 25 9.59592 25.2931 11.1389?1
	is guard inside polygon? 0
0 other guards have coords 25 11.1389
	 new best guard at 25 11.1389
scaling gradient with 8 to 4.70024 2.76153
	>>>> prev guard 25 9.59592 cur guard 25.419 11.398
	was guard reflex vertex? 0
	was guard in reflex area? 0
	does guard intersect boundary ray 25 9.59592 25.419 11.398?1
	is guard inside polygon? 0
0 other guards have coords 25 11.398
scaling gradient with 16 to 9.40048 5.52307
	>>>> prev guard 25 9.59592 cur guard 25.7077 11.8322
	was guard reflex vertex? 0
	was guard in reflex area? 0
	does guard intersect boundary ray 25 9.59592 25.7077 11.8322?1
	is guard inside polygon? 0
0 other guards have coords 25 11.8322
scaling gradient with 32 to 18.801 11.0461
	>>>> prev guard 25 9.59592 cur guard 26.3147 12.6273
	was guard reflex vertex? 0
	was guard in reflex area? 0
	does guard intersect boundary ray 25 9.59592 26.3147 12.6273?1
	is guard inside polygon? 0
0 other guards have coords 25 12.6273
Df=0 0
h=0 0
Df=0.117506 0.0690383
h=-0.0174863 0.0297624
Df=0.293148 0.178337
h=-0.0174863 0.0297624
is completely visible? 1
are areas equal? 52=52?1
i=8
area=52
g0=25 11.1389
alpha0=0.2
area0=32.8817
g1=25 6
alpha1=0.2
area1=50.5714
