14
4 5 4 3
5 9 4 5
6 5 5 9
7 5 6 5
8 9 7 5
9 5 8 9
10 5 9 5
11 9 10 5
12 5 11 9
13 5 12 5
14 9 13 5
15 3 4 3
15 5 15 3
14 9 15 5
total area=38
i=0
area=31.2698
+++++4 guards with gradient 0
	======== guard 4.1 4
	was guard reflex vertex? 0
	computed gradient 0 -0 and pull 0 0
	======== guard 4.2 4
	was guard reflex vertex? 0
	computed gradient 0 -0 and pull 0 0
	======== guard 4.3 4
	was guard reflex vertex? 0
	computed gradient 0 -0 and pull 0 0
	======== guard 8 4
	was guard reflex vertex? 0
	computed gradient 0.467624 -1.15294 and pull 0.424507 0.190908
	------- removing guard 8 4
g3=8 4
area3=28.1587
alpha3=0.3
scaling gradient with 0.03125 to 0.0146133 -0.0360292
pull reduced from 0.216652 to 	>>>> prev guard 8 4 cur guard 8.00088 3.99784
	was guard reflex vertex? 0
	was guard in reflex area? 0
	does guard intersect boundary ray 8 4 8.00088 3.99784?0
	is guard inside polygon? 1
0 other guards have coords 8.00088 3.99784
	 new best guard at 8.00088 3.99784
scaling gradient with 0.0625 to 0.0292265 -0.0720585
pull reduced from 0.216652 to 	>>>> prev guard 8 4 cur guard 8.00334 3.99179
	was guard reflex vertex? 0
	was guard in reflex area? 0
	does guard intersect boundary ray 8 4 8.00334 3.99179?0
	is guard inside polygon? 1
0 other guards have coords 8.00334 3.99179
	 new best guard at 8.00334 3.99179
scaling gradient with 0.125 to 0.058453 -0.144117
pull reduced from 0.216652 to 	>>>> prev guard 8 4 cur guard 8.00887 3.97833
	was guard reflex vertex? 0
	was guard in reflex area? 0
	does guard intersect boundary ray 8 4 8.00887 3.97833?0
	is guard inside polygon? 1
0 other guards have coords 8.00887 3.97833
	 new best guard at 8.00887 3.97833
scaling gradient with 0.25 to 0.116906 -0.288234
pull reduced from 0.216652 to 	>>>> prev guard 8 4 cur guard 8.02059 3.95039
	was guard reflex vertex? 0
	was guard in reflex area? 0
	does guard intersect boundary ray 8 4 8.02059 3.95039?0
	is guard inside polygon? 1
0 other guards have coords 8.02059 3.95039
	 new best guard at 8.02059 3.95039
scaling gradient with 0.5 to 0.233812 -0.576468
pull reduced from 0.216652 to 	>>>> prev guard 8 4 cur guard 8.04519 3.89399
	was guard reflex vertex? 0
	was guard in reflex area? 0
	does guard intersect boundary ray 8 4 8.04519 3.89399?0
	is guard inside polygon? 1
0 other guards have coords 8.04519 3.89399
	 new best guard at 8.04519 3.89399
scaling gradient with 1 to 0.467624 -1.15294
pull reduced from 0.216652 to 	>>>> prev guard 8 4 cur guard 8.09787 3.78192
	was guard reflex vertex? 0
	was guard in reflex area? 0
	does guard intersect boundary ray 8 4 8.09787 3.78192?0
	is guard inside polygon? 1
0 other guards have coords 8.09787 3.78192
	 new best guard at 8.09787 3.78192
scaling gradient with 2 to 0.935248 -2.30587
	>>>> prev guard 8 4 cur guard 8.22161 3.56536
	was guard reflex vertex? 0
	was guard in reflex area? 0
	does guard intersect boundary ray 8 4 8.22161 3.56536?0
	is guard inside polygon? 1
0 other guards have coords 8.22161 3.56536
	 new best guard at 8.22161 3.56536
scaling gradient with 4 to 1.8705 -4.61174
	>>>> prev guard 8 4 cur guard 8.45829 3.12687
	was guard reflex vertex? 0
	was guard in reflex area? 0
	does guard intersect boundary ray 8 4 8.45829 3.12687?0
	is guard inside polygon? 1
0 other guards have coords 8.45829 3.12687
	 new best guard at 8.45829 3.12687
scaling gradient with 8 to 3.74099 -9.22348
	>>>> prev guard 8 4 cur guard 8.89757 2.23412
	was guard reflex vertex? 0
	was guard in reflex area? 0
	does guard intersect boundary ray 8 4 8.89757 2.23412?1
	is guard inside polygon? 0
0 other guards have coords 8.50829 3
	 new best guard at 8.50829 3
scaling gradient with 16 to 7.48199 -18.447
	>>>> prev guard 8 4 cur guard 9.3341 1.19044
	was guard reflex vertex? 0
	was guard in reflex area? 0
	does guard intersect boundary ray 8 4 9.3341 1.19044?1
	is guard inside polygon? 0
0 other guards have coords 8.47484 3
scaling gradient with 32 to 14.964 -36.8939
	>>>> prev guard 8 4 cur guard 10.0588 -0.649832
	was guard reflex vertex? 0
	was guard in reflex area? 0
	does guard intersect boundary ray 8 4 10.0588 -0.649832?1
	is guard inside polygon? 0
0 other guards have coords 8.44277 3
Df=0 0
h=0 0
Df=0 0
h=0 0
Df=0 0
h=0 0
Df=0.118519 -0.237037
h=0.106006 0.0530031
Df=0 0
h=0 0
Df=0.0217687 -0.108844
h=0.021346 0.00426919
Df=0.439279 -0.89275
h=0.127352 0.0572723
is completely visible? 0
are areas equal? 38=32.8096?0
+++++3 guards with gradient 0
	======== guard 4.1 4
	was guard reflex vertex? 0
	computed gradient 0 -0 and pull 0 0
	======== guard 4.2 4
	was guard reflex vertex? 0
	computed gradient 0 -0 and pull 0 0
	======== guard 4.3 4
	was guard reflex vertex? 0
	computed gradient 0.31128 -1.15974 and pull 0.295961 0.0924326
	------- removing guard 4.3 4
g2=4.3 4
area2=27.2376
alpha2=0.3
scaling gradient with 0.03125 to 0.00972751 -0.036242
	>>>> prev guard 4.3 4 cur guard 4.31834 4.00337
	was guard reflex vertex? 0
	was guard in reflex area? 0
	does guard intersect boundary ray 4.3 4 4.31834 4.00337?0
	is guard inside polygon? 1
0 other guards have coords 4.31834 4.00337
	 new best guard at 4.31834 4.00337
scaling gradient with 0.0625 to 0.019455 -0.072484
	>>>> prev guard 4.3 4 cur guard 4.35194 4.00727
	was guard reflex vertex? 0
	was guard in reflex area? 0
	does guard intersect boundary ray 4.3 4 4.35194 4.00727?0
	is guard inside polygon? 1
0 other guards have coords 4.35194 4.00727
	 new best guard at 4.35194 4.00727
scaling gradient with 0.125 to 0.03891 -0.144968
	>>>> prev guard 4.3 4 cur guard 4.39891 4.00723
	was guard reflex vertex? 0
	was guard in reflex area? 0
	does guard intersect boundary ray 4.3 4 4.39891 4.00723?0
	is guard inside polygon? 1
0 other guards have coords 4.39891 4.00723
	 new best guard at 4.39891 4.00723
scaling gradient with 0.25 to 0.0778201 -0.289936
	>>>> prev guard 4.3 4 cur guard 4.45891 3.99535
	was guard reflex vertex? 0
	was guard in reflex area? 0
	does guard intersect boundary ray 4.3 4 4.45891 3.99535?0
	is guard inside polygon? 1
0 other guards have coords 4.45891 3.99535
	 new best guard at 4.45891 3.99535
scaling gradient with 0.5 to 0.15564 -0.579872
	>>>> prev guard 4.3 4 cur guard 4.53401 3.9566
	was guard reflex vertex? 0
	was guard in reflex area? 0
	does guard intersect boundary ray 4.3 4 4.53401 3.9566?0
	is guard inside polygon? 1
0 other guards have coords 4.53401 3.9566
	 new best guard at 4.53401 3.9566
scaling gradient with 1 to 0.31128 -1.15974
	>>>> prev guard 4.3 4 cur guard 4.63053 3.86156
	was guard reflex vertex? 0
	was guard in reflex area? 0
	does guard intersect boundary ray 4.3 4 4.63053 3.86156?0
	is guard inside polygon? 1
0 other guards have coords 4.63053 3.86156
	 new best guard at 4.63053 3.86156
scaling gradient with 2 to 0.62256 -2.31949
	>>>> prev guard 4.3 4 cur guard 4.76285 3.65191
	was guard reflex vertex? 0
	was guard in reflex area? 0
	does guard intersect boundary ray 4.3 4 4.76285 3.65191?0
	is guard inside polygon? 1
0 other guards have coords 4.76285 3.65191
	 new best guard at 4.76285 3.65191
scaling gradient with 4 to 1.24512 -4.63898
	>>>> prev guard 4.3 4 cur guard 4.96117 3.21139
	was guard reflex vertex? 0
	was guard in reflex area? 0
	does guard intersect boundary ray 4.3 4 4.96117 3.21139?0
	is guard inside polygon? 1
0 other guards have coords 4.96117 3.21139
	 new best guard at 4.96117 3.21139
scaling gradient with 8 to 2.49024 -9.27795
	>>>> prev guard 4.3 4 cur guard 5.287 2.30785
	was guard reflex vertex? 0
	was guard in reflex area? 0
	does guard intersect boundary ray 4.3 4 5.287 2.30785?1
	is guard inside polygon? 0
0 other guards have coords 4.88328 3
	 new best guard at 4.88328 3
scaling gradient with 16 to 4.98048 -18.5559
	>>>> prev guard 4.3 4 cur guard 5.46053 1.16936
	was guard reflex vertex? 0
	was guard in reflex area? 0
	does guard intersect boundary ray 4.3 4 5.46053 1.16936?1
	is guard inside polygon? 0
0 other guards have coords 4.70999 3
scaling gradient with 32 to 9.96097 -37.1118
	>>>> prev guard 4.3 4 cur guard 5.7872 -0.685678
	was guard reflex vertex? 0
	was guard in reflex area? 0
	does guard intersect boundary ray 4.3 4 5.7872 -0.685678?1
	is guard inside polygon? 0
0 other guards have coords 4.61739 3
Df=0 0
h=0 0
Df=0.0689457 -0.186153
h=0.0646537 0.0239458
Df=0 0
h=0 0
Df=0.016948 -0.0966033
h=0.016693 0.0029286
Df=0 0
h=0 0
Df=0.0074904 -0.0651665
h=0.00744141 0.000855334
Df=0.32583 -0.903544
h=0.0887882 0.0277298
is completely visible? 0
are areas equal? 38=32.8096?0
+++++2 guards with gradient 0
	======== guard 4.1 4
	was guard reflex vertex? 0
	computed gradient 0 -0 and pull 0 0
	======== guard 4.2 4
	was guard reflex vertex? 0
	computed gradient 0.294056 -1.1338 and pull 0.28058 0.084352
	------- removing guard 4.2 4
g1=4.2 4
area1=27.2073
alpha1=0.3
scaling gradient with 0.03125 to 0.00918926 -0.0354311
	>>>> prev guard 4.2 4 cur guard 4.21739 4.00294
	was guard reflex vertex? 0
	was guard in reflex area? 0
	does guard intersect boundary ray 4.2 4 4.21739 4.00294?0
	is guard inside polygon? 1
0 other guards have coords 4.21739 4.00294
	 new best guard at 4.21739 4.00294
scaling gradient with 0.0625 to 0.0183785 -0.0708623
	>>>> prev guard 4.2 4 cur guard 4.24923 4.00609
	was guard reflex vertex? 0
	was guard in reflex area? 0
	does guard intersect boundary ray 4.2 4 4.24923 4.00609?0
	is guard inside polygon? 1
0 other guards have coords 4.24923 4.00609
	 new best guard at 4.24923 4.00609
scaling gradient with 0.125 to 0.036757 -0.141725
	>>>> prev guard 4.2 4 cur guard 4.29375 4.00518
	was guard reflex vertex? 0
	was guard in reflex area? 0
	does guard intersect boundary ray 4.2 4 4.29375 4.00518?0
	is guard inside polygon? 1
0 other guards have coords 4.29375 4.00518
	 new best guard at 4.29375 4.00518
scaling gradient with 0.25 to 0.0735141 -0.283449
	>>>> prev guard 4.2 4 cur guard 4.35061 3.9925
	was guard reflex vertex? 0
	was guard in reflex area? 0
	does guard intersect boundary ray 4.2 4 4.35061 3.9925?0
	is guard inside polygon? 1
0 other guards have coords 4.35061 3.9925
	 new best guard at 4.35061 3.9925
scaling gradient with 0.5 to 0.147028 -0.566898
	>>>> prev guard 4.2 4 cur guard 4.42175 3.9534
	was guard reflex vertex? 0
	was guard in reflex area? 0
	does guard intersect boundary ray 4.2 4 4.42175 3.9534?0
	is guard inside polygon? 1
0 other guards have coords 4.42175 3.9534
	 new best guard at 4.42175 3.9534
scaling gradient with 1 to 0.294056 -1.1338
	>>>> prev guard 4.2 4 cur guard 4.51315 3.85916
	was guard reflex vertex? 0
	was guard in reflex area? 0
	does guard intersect boundary ray 4.2 4 4.51315 3.85916?0
	is guard inside polygon? 1
0 other guards have coords 4.51315 3.85916
	 new best guard at 4.51315 3.85916
scaling gradient with 2 to 0.588113 -2.26759
	>>>> prev guard 4.2 4 cur guard 4.63838 3.65277
	was guard reflex vertex? 0
	was guard in reflex area? 0
	does guard intersect boundary ray 4.2 4 4.63838 3.65277?0
	is guard inside polygon? 1
0 other guards have coords 4.63838 3.65277
	 new best guard at 4.63838 3.65277
scaling gradient with 4 to 1.17623 -4.53519
	>>>> prev guard 4.2 4 cur guard 4.82598 3.22061
	was guard reflex vertex? 0
	was guard in reflex area? 0
	does guard intersect boundary ray 4.2 4 4.82598 3.22061?0
	is guard inside polygon? 1
0 other guards have coords 4.82598 3.22061
	 new best guard at 4.82598 3.22061
scaling gradient with 8 to 2.35245 -9.07037
	>>>> prev guard 4.2 4 cur guard 5.13404 2.33572
	was guard reflex vertex? 0
	was guard in reflex area? 0
	does guard intersect boundary ray 4.2 4 5.13404 2.33572?1
	is guard inside polygon? 0
0 other guards have coords 4.76123 3
	 new best guard at 4.76123 3
scaling gradient with 16 to 4.7049 -18.1407
	>>>> prev guard 4.2 4 cur guard 5.3068 1.2087
	was guard reflex vertex? 0
	was guard in reflex area? 0
	does guard intersect boundary ray 4.2 4 5.3068 1.2087?1
	is guard inside polygon? 0
0 other guards have coords 4.59652 3
scaling gradient with 32 to 9.4098 -36.2815
	>>>> prev guard 4.2 4 cur guard 5.6144 -0.604865
	was guard reflex vertex? 0
	was guard in reflex area? 0
	does guard intersect boundary ray 4.2 4 5.6144 -0.604865?1
	is guard inside polygon? 0
0 other guards have coords 4.50715 3
Df=0 0
h=0 0
Df=0.0644988 -0.180597
h=0.0607412 0.0216933
Df=0 0
h=0 0
Df=0.0163923 -0.0950755
h=0.016154 0.00278517
Df=0 0
h=0 0
Df=0.00732578 -0.0644669
h=0.00727894 0.000827152
Df=0.30806 -0.88489
h=0.0841741 0.0253056
is completely visible? 0
are areas equal? 38=32.8096?0
+++++1 guards with gradient 0
	======== guard 4.1 4
	was guard reflex vertex? 0
	computed gradient 0.414666 -1.47545 and pull 0.389815 0.132714
	------- removing guard 4.1 4
g0=4.1 4
area0=27.1787
alpha0=0.3
scaling gradient with 0.03125 to 0.0129583 -0.0461078
pull reduced from 0.169568 to 	>>>> prev guard 4.1 4 cur guard 4.10078 3.99723
	was guard reflex vertex? 0
	was guard in reflex area? 0
	does guard intersect boundary ray 4.1 4 4.10078 3.99723?0
	is guard inside polygon? 1
0 other guards have coords 4.10078 3.99723
	 new best guard at 4.10078 3.99723
scaling gradient with 0.0625 to 0.0259166 -0.0922155
pull reduced from 0.169568 to 	>>>> prev guard 4.1 4 cur guard 4.10297 3.98949
	was guard reflex vertex? 0
	was guard in reflex area? 0
	does guard intersect boundary ray 4.1 4 4.10297 3.98949?0
	is guard inside polygon? 1
0 other guards have coords 4.10297 3.98949
	 new best guard at 4.10297 3.98949
scaling gradient with 0.125 to 0.0518333 -0.184431
pull reduced from 0.169568 to 	>>>> prev guard 4.1 4 cur guard 4.10793 3.97227
	was guard reflex vertex? 0
	was guard in reflex area? 0
	does guard intersect boundary ray 4.1 4 4.10793 3.97227?0
	is guard inside polygon? 1
0 other guards have coords 4.10793 3.97227
	 new best guard at 4.10793 3.97227
scaling gradient with 0.25 to 0.103667 -0.368862
pull reduced from 0.169568 to 	>>>> prev guard 4.1 4 cur guard 4.11861 3.93652
	was guard reflex vertex? 0
	was guard in reflex area? 0
	does guard intersect boundary ray 4.1 4 4.11861 3.93652?0
	is guard inside polygon? 1
0 other guards have coords 4.11861 3.93652
	 new best guard at 4.11861 3.93652
scaling gradient with 0.5 to 0.207333 -0.737724
pull reduced from 0.169568 to 	>>>> prev guard 4.1 4 cur guard 4.14173 3.86439
	was guard reflex vertex? 0
	was guard in reflex area? 0
	does guard intersect boundary ray 4.1 4 4.14173 3.86439?0
	is guard inside polygon? 1
0 other guards have coords 4.14173 3.86439
	 new best guard at 4.14173 3.86439
scaling gradient with 1 to 0.414666 -1.47545
pull reduced from 0.169568 to 	>>>> prev guard 4.1 4 cur guard 4.19389 3.72115
	was guard reflex vertex? 0
	was guard in reflex area? 0
	does guard intersect boundary ray 4.1 4 4.19389 3.72115?0
	is guard inside polygon? 1
0 other guards have coords 4.19389 3.72115
	 new best guard at 4.19389 3.72115
scaling gradient with 2 to 0.829332 -2.9509
	>>>> prev guard 4.1 4 cur guard 4.30878 3.43747
	was guard reflex vertex? 0
	was guard in reflex area? 0
	does guard intersect boundary ray 4.1 4 4.30878 3.43747?0
	is guard inside polygon? 1
0 other guards have coords 4.30878 3.43747
	 new best guard at 4.30878 3.43747
scaling gradient with 4 to 1.65866 -5.90179
	>>>> prev guard 4.1 4 cur guard 4.52359 2.86438
	was guard reflex vertex? 0
	was guard in reflex area? 0
	does guard intersect boundary ray 4.1 4 4.52359 2.86438?1
	is guard inside polygon? 0
0 other guards have coords 4.473 3
	 new best guard at 4.473 3
scaling gradient with 8 to 3.31733 -11.8036
	>>>> prev guard 4.1 4 cur guard 4.86729 1.84127
	was guard reflex vertex? 0
	was guard in reflex area? 0
	does guard intersect boundary ray 4.1 4 4.86729 1.84127?1
	is guard inside polygon? 0
0 other guards have coords 4.45543 3
scaling gradient with 16 to 6.63466 -23.6072
	>>>> prev guard 4.1 4 cur guard 5.19233 0.664552
	was guard reflex vertex? 0
	was guard in reflex area? 0
	does guard intersect boundary ray 4.1 4 5.19233 0.664552?1
	is guard inside polygon? 0
0 other guards have coords 4.42749 3
scaling gradient with 32 to 13.2693 -47.2143
	>>>> prev guard 4.1 4 cur guard 5.83655 -1.69326
	was guard reflex vertex? 0
	was guard in reflex area? 0
	does guard intersect boundary ray 4.1 4 5.83655 -1.69326?1
	is guard inside polygon? 0
0 other guards have coords 4.40502 3
Df=0.032538 -0.0618221
h=0.0287934 0.0151544
Df=0.0604686 -0.175359
h=0.0571654 0.0197122
Df=0.0059976 -0.0293882
h=0.00587647 0.00119928
Df=0.0158636 -0.0935951
h=0.0156405 0.00265093
Df=0.00236556 -0.0186879
h=0.00234683 0.000297067
Df=0.00716653 -0.0637821
h=0.00712172 0.000800193
Df=0.214815 -0.573091
h=0.116944 0.0398141
is completely visible? 0
are areas equal? 38=32.8096?0
i=1
area=32.8096
+++++4 guards with gradient 0
	======== guard 4.473 3
	was guard reflex vertex? 0
	computed gradient 0 -0 and pull 0 0
	======== guard 4.76123 3
	was guard reflex vertex? 0
	computed gradient 0 -0 and pull 0 0
	======== guard 4.88328 3
	was guard reflex vertex? 0
	computed gradient 0 -0 and pull 0 0
	======== guard 8.50829 3
	was guard reflex vertex? 0
	computed gradient 1.16887 -1.11261 and pull 0.374754 0.436786
	------- removing guard 8.50829 3
g3=8.50829 3
area3=30.1393
alpha3=0.3
scaling gradient with 0.03125 to 0.0365272 -0.034769
	>>>> prev guard 8.50829 3 cur guard 8.88439 2.30992
	was guard reflex vertex? 0
	was guard in reflex area? 0
	does guard intersect boundary ray 8.50829 3 8.88439 2.30992?1
	is guard inside polygon? 0
0 other guards have coords 8.88439 3
	 new best guard at 8.88439 3
scaling gradient with 0.0625 to 0.0730543 -0.0695379
	>>>> prev guard 8.50829 3 cur guard 9.21213 2.46997
	was guard reflex vertex? 0
	was guard in reflex area? 0
	does guard intersect boundary ray 8.50829 3 9.21213 2.46997?1
	is guard inside polygon? 0
0 other guards have coords 9.21213 3
	 new best guard at 9.21213 3
scaling gradient with 0.125 to 0.146109 -0.139076
	>>>> prev guard 8.50829 3 cur guard 9.50559 2.59384
	was guard reflex vertex? 0
	was guard in reflex area? 0
	does guard intersect boundary ray 8.50829 3 9.50559 2.59384?1
	is guard inside polygon? 0
0 other guards have coords 9.50559 3
	 new best guard at 9.50559 3
scaling gradient with 0.25 to 0.292217 -0.278152
	>>>> prev guard 8.50829 3 cur guard 9.78036 2.68459
	was guard reflex vertex? 0
	was guard in reflex area? 0
	does guard intersect boundary ray 8.50829 3 9.78036 2.68459?1
	is guard inside polygon? 0
0 other guards have coords 9.78036 3
scaling gradient with 0.5 to 0.584434 -0.556303
	>>>> prev guard 8.50829 3 cur guard 10.0577 2.7405
	was guard reflex vertex? 0
	was guard in reflex area? 0
	does guard intersect boundary ray 8.50829 3 10.0577 2.7405?1
	is guard inside polygon? 0
0 other guards have coords 10.0577 3
scaling gradient with 1 to 1.16887 -1.11261
	>>>> prev guard 8.50829 3 cur guard 10.3723 2.75185
	was guard reflex vertex? 0
	was guard in reflex area? 0
	does guard intersect boundary ray 8.50829 3 10.3723 2.75185?1
	is guard inside polygon? 0
0 other guards have coords 10.3723 3
scaling gradient with 2 to 2.33774 -2.22521
	>>>> prev guard 8.50829 3 cur guard 10.7866 2.69418
	was guard reflex vertex? 0
	was guard in reflex area? 0
	does guard intersect boundary ray 8.50829 3 10.7866 2.69418?1
	is guard inside polygon? 0
0 other guards have coords 10.7866 3
scaling gradient with 4 to 4.67548 -4.45043
	>>>> prev guard 8.50829 3 cur guard 11.4211 2.51452
	was guard reflex vertex? 0
	was guard in reflex area? 0
	does guard intersect boundary ray 8.50829 3 11.4211 2.51452?1
	is guard inside polygon? 0
0 other guards have coords 11.4211 3
scaling gradient with 8 to 9.35095 -8.90085
	>>>> prev guard 8.50829 3 cur guard 12.5123 2.10377
	was guard reflex vertex? 0
	was guard in reflex area? 0
	does guard intersect boundary ray 8.50829 3 12.5123 2.10377?1
	is guard inside polygon? 0
0 other guards have coords 12.5123 3
	 new best guard at 12.5123 3
scaling gradient with 16 to 18.7019 -17.8017
	>>>> prev guard 8.50829 3 cur guard 14.5298 1.24112
	was guard reflex vertex? 0
	was guard in reflex area? 0
	does guard intersect boundary ray 8.50829 3 14.5298 1.24112?1
	is guard inside polygon? 0
0 other guards have coords 14.5298 3
scaling gradient with 32 to 37.4038 -35.6034
	>>>> prev guard 8.50829 3 cur guard 18.4105 -0.517099
	was guard reflex vertex? 0
	was guard in reflex area? 0
	does guard intersect boundary ray 8.50829 3 18.4105 -0.517099?1
	is guard inside polygon? 0
0 other guards have coords 15 3
Df=0 0
h=0 0
Df=0 0
h=0 0
Df=0 0
h=0 0
Df=0.302501 -0.225623
h=0.0904286 0.121241
Df=0 0
h=0 0
Df=0.0481595 -0.108159
h=0.0219976 0.00979477
Df=1.09115 -0.896226
h=0.112426 0.131036
is completely visible? 0
are areas equal? 38=35.768?0
+++++3 guards with gradient 0
	======== guard 4.473 3
	was guard reflex vertex? 0
	computed gradient 0 -0 and pull 0 0
	======== guard 4.76123 3
	was guard reflex vertex? 0
	computed gradient 0 -0 and pull 0 0
	======== guard 4.88328 3
	was guard reflex vertex? 0
	computed gradient 0.764845 -1.16129 and pull 0.297509 0.230126
	------- removing guard 4.88328 3
g2=4.88328 3
area2=28.705
alpha2=0.3
scaling gradient with 0.03125 to 0.0239014 -0.0362903
	>>>> prev guard 4.88328 3 cur guard 5.16323 2.28879
	was guard reflex vertex? 0
	was guard in reflex area? 0
	does guard intersect boundary ray 4.88328 3 5.16323 2.28879?1
	is guard inside polygon? 0
0 other guards have coords 5.16323 3
	 new best guard at 5.16323 3
scaling gradient with 0.0625 to 0.0478028 -0.0725807
	>>>> prev guard 4.88328 3 cur guard 5.40791 2.44049
	was guard reflex vertex? 0
	was guard in reflex area? 0
	does guard intersect boundary ray 4.88328 3 5.40791 2.44049?1
	is guard inside polygon? 0
0 other guards have coords 5.40791 3
	 new best guard at 5.40791 3
scaling gradient with 0.125 to 0.0956056 -0.145161
	>>>> prev guard 4.88328 3 cur guard 5.62724 2.55749
	was guard reflex vertex? 0
	was guard in reflex area? 0
	does guard intersect boundary ray 4.88328 3 5.62724 2.55749?1
	is guard inside polygon? 0
0 other guards have coords 5.62724 3
	 new best guard at 5.62724 3
scaling gradient with 0.25 to 0.191211 -0.290323
	>>>> prev guard 4.88328 3 cur guard 5.83202 2.64238
	was guard reflex vertex? 0
	was guard in reflex area? 0
	does guard intersect boundary ray 4.88328 3 5.83202 2.64238?1
	is guard inside polygon? 0
0 other guards have coords 5.83202 3
	 new best guard at 5.83202 3
scaling gradient with 0.5 to 0.382422 -0.580645
	>>>> prev guard 4.88328 3 cur guard 6.03665 2.69287
	was guard reflex vertex? 0
	was guard in reflex area? 0
	does guard intersect boundary ray 4.88328 3 6.03665 2.69287?1
	is guard inside polygon? 0
0 other guards have coords 6.03665 3
	 new best guard at 6.03665 3
scaling gradient with 1 to 0.764845 -1.16129
	>>>> prev guard 4.88328 3 cur guard 6.26409 2.69843
	was guard reflex vertex? 0
	was guard in reflex area? 0
	does guard intersect boundary ray 4.88328 3 6.26409 2.69843?1
	is guard inside polygon? 0
0 other guards have coords 6.26409 3
	 new best guard at 6.26409 3
scaling gradient with 2 to 1.52969 -2.32258
	>>>> prev guard 4.88328 3 cur guard 6.55567 2.63319
	was guard reflex vertex? 0
	was guard in reflex area? 0
	does guard intersect boundary ray 4.88328 3 6.55567 2.63319?1
	is guard inside polygon? 0
0 other guards have coords 6.55567 3
	 new best guard at 6.55567 3
scaling gradient with 4 to 3.05938 -4.64516
	>>>> prev guard 4.88328 3 cur guard 6.99035 2.44165
	was guard reflex vertex? 0
	was guard in reflex area? 0
	does guard intersect boundary ray 4.88328 3 6.99035 2.44165?1
	is guard inside polygon? 0
0 other guards have coords 6.99035 3
	 new best guard at 6.99035 3
scaling gradient with 8 to 6.11876 -9.29033
	>>>> prev guard 4.88328 3 cur guard 7.72308 2.00971
	was guard reflex vertex? 0
	was guard in reflex area? 0
	does guard intersect boundary ray 4.88328 3 7.72308 2.00971?1
	is guard inside polygon? 0
0 other guards have coords 7.72308 3
	 new best guard at 7.72308 3
scaling gradient with 16 to 12.2375 -18.5807
	>>>> prev guard 4.88328 3 cur guard 9.06135 1.10674
	was guard reflex vertex? 0
	was guard in reflex area? 0
	does guard intersect boundary ray 4.88328 3 9.06135 1.10674?1
	is guard inside polygon? 0
0 other guards have coords 9.06135 3
	 new best guard at 9.06135 3
scaling gradient with 32 to 24.475 -37.1613
	>>>> prev guard 4.88328 3 cur guard 11.6183 -0.730482
	was guard reflex vertex? 0
	was guard in reflex area? 0
	does guard intersect boundary ray 4.88328 3 11.6183 -0.730482?1
	is guard inside polygon? 0
0 other guards have coords 11.6183 3
Df=0 0
h=0 0
Df=0.175253 -0.185481
h=0.0636926 0.0601805
Df=0 0
h=0 0
Df=0.0380378 -0.0973145
h=0.0177138 0.00692389
Df=0 0
h=0 0
Df=0.0161621 -0.0655915
h=0.00784635 0.00193338
Df=1.33828 -1.89326
h=0.0892528 0.0690378
is completely visible? 0
are areas equal? 38=37.975?0
+++++2 guards with gradient 0
	======== guard 4.473 3
	was guard reflex vertex? 0
	computed gradient 0 -0 and pull 0 0
	======== guard 4.76123 3
	was guard reflex vertex? 0
	computed gradient 0.707107 -1.13085 and pull 0.28103 0.205475
	------- removing guard 4.76123 3
g1=4.76123 3
area1=28.6153
alpha1=0.3
scaling gradient with 0.03125 to 0.0220971 -0.035339
	>>>> prev guard 4.76123 3 cur guard 5.02586 2.3023
	was guard reflex vertex? 0
	was guard in reflex area? 0
	does guard intersect boundary ray 4.76123 3 5.02586 2.3023?1
	is guard inside polygon? 0
0 other guards have coords 5.02586 3
	 new best guard at 5.02586 3
scaling gradient with 0.0625 to 0.0441942 -0.0706781
	>>>> prev guard 4.76123 3 cur guard 5.25709 2.44992
	was guard reflex vertex? 0
	was guard in reflex area? 0
	does guard intersect boundary ray 4.76123 3 5.25709 2.44992?1
	is guard inside polygon? 0
0 other guards have coords 5.25709 3
	 new best guard at 5.25709 3
scaling gradient with 0.125 to 0.0883884 -0.141356
	>>>> prev guard 4.76123 3 cur guard 5.46423 2.56379
	was guard reflex vertex? 0
	was guard in reflex area? 0
	does guard intersect boundary ray 4.76123 3 5.46423 2.56379?1
	is guard inside polygon? 0
0 other guards have coords 5.46423 3
	 new best guard at 5.46423 3
scaling gradient with 0.25 to 0.176777 -0.282712
	>>>> prev guard 4.76123 3 cur guard 5.65741 2.6464
	was guard reflex vertex? 0
	was guard in reflex area? 0
	does guard intersect boundary ray 4.76123 3 5.65741 2.6464?1
	is guard inside polygon? 0
0 other guards have coords 5.65741 3
	 new best guard at 5.65741 3
scaling gradient with 0.5 to 0.353554 -0.565425
	>>>> prev guard 4.76123 3 cur guard 5.85003 2.69552
	was guard reflex vertex? 0
	was guard in reflex area? 0
	does guard intersect boundary ray 4.76123 3 5.85003 2.69552?1
	is guard inside polygon? 0
0 other guards have coords 5.85003 3
	 new best guard at 5.85003 3
scaling gradient with 1 to 0.707107 -1.13085
	>>>> prev guard 4.76123 3 cur guard 6.06342 2.70089
	was guard reflex vertex? 0
	was guard in reflex area? 0
	does guard intersect boundary ray 4.76123 3 6.06342 2.70089?1
	is guard inside polygon? 0
0 other guards have coords 6.06342 3
	 new best guard at 6.06342 3
scaling gradient with 2 to 1.41421 -2.2617
	>>>> prev guard 4.76123 3 cur guard 6.33584 2.63734
	was guard reflex vertex? 0
	was guard in reflex area? 0
	does guard intersect boundary ray 4.76123 3 6.33584 2.63734?1
	is guard inside polygon? 0
0 other guards have coords 6.33584 3
	 new best guard at 6.33584 3
scaling gradient with 4 to 2.82843 -4.5234
	>>>> prev guard 4.76123 3 cur guard 6.74034 2.4508
	was guard reflex vertex? 0
	was guard in reflex area? 0
	does guard intersect boundary ray 4.76123 3 6.74034 2.4508?1
	is guard inside polygon? 0
0 other guards have coords 6.74034 3
scaling gradient with 8 to 5.65686 -9.04679
	>>>> prev guard 4.76123 3 cur guard 7.42022 2.03016
	was guard reflex vertex? 0
	was guard in reflex area? 0
	does guard intersect boundary ray 4.76123 3 7.42022 2.03016?1
	is guard inside polygon? 0
0 other guards have coords 7.42022 3
scaling gradient with 16 to 11.3137 -18.0936
	>>>> prev guard 4.76123 3 cur guard 8.65981 1.15084
	was guard reflex vertex? 0
	was guard in reflex area? 0
	does guard intersect boundary ray 4.76123 3 8.65981 1.15084?1
	is guard inside polygon? 0
0 other guards have coords 8.65981 3
scaling gradient with 32 to 22.6274 -36.1872
	>>>> prev guard 4.76123 3 cur guard 11.026 -0.638229
	was guard reflex vertex? 0
	was guard in reflex area? 0
	does guard intersect boundary ray 4.76123 3 11.026 -0.638229?1
	is guard inside polygon? 0
0 other guards have coords 11.026 3
	 new best guard at 11.026 3
Df=0 0
h=0 0
Df=0.159981 -0.179081
h=0.0596535 0.0532913
Df=0 0
h=0 0
Df=0.0364371 -0.0954427
h=0.0170204 0.00649784
Df=0 0
h=0 0
Df=0.0157138 -0.0647311
h=0.00763514 0.00185346
Df=2.36618 -3.63823
h=0.084309 0.0616426
is completely visible? 1
are areas equal? 38=38?1
i=3
area=38
g0=4.473 3
alpha0=0.3
area0=28.4282
g1=11.026 3
alpha1=0.3
area1=29.9242
g2=9.06135 3
alpha2=0.3
area2=30.8047
g3=12.5123 3
alpha3=0.3
area3=31.5189
