17
4 5 4 3
5 9 4 5
6 5 5 9
7 5 6 5
8 9 7 5
9 5 8 9
10 5 9 5
11 9 10 5
12 5 11 9
13 5 12 5
14 9 13 5
15 5 14 9
16 5 15 5
17 9 16 5
18 3 4 3
18 5 18 3
17 9 18 5
total area=48
i=0
area=38.3465
+++++5 guards with gradient 0
	======== guard 4.1 4
	was guard reflex vertex? 0
	computed gradient 0 -0 and pull 0 0
	======== guard 4.2 4
	was guard reflex vertex? 0
	computed gradient 0 -0 and pull 0 0
	======== guard 4.3 4
	was guard reflex vertex? 0
	computed gradient 0 -0 and pull 0 0
	======== guard 8 4
	was guard reflex vertex? 0
	computed gradient -0 -0 and pull -0 0
	======== guard 9 4
	was guard reflex vertex? 0
	computed gradient 1.19887 -1.98926 and pull 1.05018 1.16724
	------- removing guard 9 4
g4=9 4
area4=34.9618
alpha4=0.4
scaling gradient with 0.03125 to 0.0374646 -0.0621643
pull reduced from 2.46534 to 	>>>> prev guard 9 4 cur guard 9.003 3.99503
	was guard reflex vertex? 0
	was guard in reflex area? 0
	does guard intersect boundary ray 9 4 9.003 3.99503?0
	is guard inside polygon? 1
0 other guards have coords 9.003 3.99503
	 new best guard at 9.003 3.99503
scaling gradient with 0.0625 to 0.0749292 -0.124329
pull reduced from 2.46534 to 	>>>> prev guard 9 4 cur guard 9.0114 3.98111
	was guard reflex vertex? 0
	was guard in reflex area? 0
	does guard intersect boundary ray 9 4 9.0114 3.98111?0
	is guard inside polygon? 1
0 other guards have coords 9.0114 3.98111
	 new best guard at 9.0114 3.98111
scaling gradient with 0.125 to 0.149858 -0.248657
pull reduced from 2.46534 to 	>>>> prev guard 9 4 cur guard 9.03016 3.95015
	was guard reflex vertex? 0
	was guard in reflex area? 0
	does guard intersect boundary ray 9 4 9.03016 3.95015?0
	is guard inside polygon? 1
0 other guards have coords 9.03016 3.95015
	 new best guard at 9.03016 3.95015
scaling gradient with 0.25 to 0.299717 -0.497314
pull reduced from 2.46534 to 	>>>> prev guard 9 4 cur guard 9.06943 3.8859
	was guard reflex vertex? 0
	was guard in reflex area? 0
	does guard intersect boundary ray 9 4 9.06943 3.8859?0
	is guard inside polygon? 1
0 other guards have coords 9.06943 3.8859
	 new best guard at 9.06943 3.8859
scaling gradient with 0.5 to 0.599434 -0.994628
pull reduced from 2.46534 to 	>>>> prev guard 9 4 cur guard 9.15001 3.75628
	was guard reflex vertex? 0
	was guard in reflex area? 0
	does guard intersect boundary ray 9 4 9.15001 3.75628?0
	is guard inside polygon? 1
0 other guards have coords 9.15001 3.75628
	 new best guard at 9.15001 3.75628
scaling gradient with 1 to 1.19887 -1.98926
pull reduced from 2.46534 to 	>>>> prev guard 9 4 cur guard 9.31534 3.49895
	was guard reflex vertex? 0
	was guard in reflex area? 0
	does guard intersect boundary ray 9 4 9.31534 3.49895?0
	is guard inside polygon? 1
0 other guards have coords 9.31534 3.49895
	 new best guard at 9.31534 3.49895
scaling gradient with 2 to 2.39773 -3.97851
pull reduced from 2.46534 to 	>>>> prev guard 9 4 cur guard 9.65935 2.99696
	was guard reflex vertex? 0
	was guard in reflex area? 0
	does guard intersect boundary ray 9 4 9.65935 2.99696?1
	is guard inside polygon? 0
0 other guards have coords 9.65735 3
	 new best guard at 9.65735 3
scaling gradient with 4 to 4.79547 -7.95702
pull reduced from 2.46534 to 	>>>> prev guard 9 4 cur guard 10.3951 2.04951
	was guard reflex vertex? 0
	was guard in reflex area? 0
	does guard intersect boundary ray 9 4 10.3951 2.04951?1
	is guard inside polygon? 0
0 other guards have coords 9.71524 3
	 new best guard at 9.71524 3
scaling gradient with 8 to 9.59094 -15.914
	>>>> prev guard 9 4 cur guard 11.1567 1.05987
	was guard reflex vertex? 0
	was guard in reflex area? 0
	does guard intersect boundary ray 9 4 11.1567 1.05987?1
	is guard inside polygon? 0
0 other guards have coords 9.73354 3
	 new best guard at 9.73354 3
scaling gradient with 16 to 19.1819 -31.8281
	>>>> prev guard 9 4 cur guard 12.5053 -1.00498
	was guard reflex vertex? 0
	was guard in reflex area? 0
	does guard intersect boundary ray 9 4 12.5053 -1.00498?1
	is guard inside polygon? 0
0 other guards have coords 9.70036 3
	 new best guard at 9.70036 3
scaling gradient with 32 to 38.3638 -63.6562
	>>>> prev guard 9 4 cur guard 15.0709 -5.2031
	was guard reflex vertex? 0
	was guard in reflex area? 0
	does guard intersect boundary ray 9 4 15.0709 -5.2031?1
	is guard inside polygon? 0
0 other guards have coords 9.65965 3
	 new best guard at 9.65965 3
Df=0 0
h=0 0
Df=0 0
h=0 0
Df=-0.0919637 0
h=0 0.0919637
Df=0.512 -0.512
h=0.362039 0.362039
Df=0 0
h=0 0
Df=0.0442907 -0.177163
h=0.0429682 0.0107421
Df=0 0
h=0 0
Df=0.01522 -0.10654
h=0.015067 0.00215243
Df=5.37051 -8.2031
h=0.420074 0.466897
is completely visible? 0
are areas equal? 48=41.6263?0
+++++4 guards with gradient 0
	======== guard 4.1 4
	was guard reflex vertex? 0
	computed gradient 0 -0 and pull 0 0
	======== guard 4.2 4
	was guard reflex vertex? 0
	computed gradient 0 -0 and pull 0 0
	======== guard 4.3 4
	was guard reflex vertex? 0
	computed gradient 0 -0 and pull 0 0
	======== guard 8 4
	was guard reflex vertex? 0
	computed gradient 0.497009 -1.38801 and pull 0.453665 0.194552
	------- removing guard 8 4
g3=8 4
area3=34.4012
alpha3=0.4
scaling gradient with 0.03125 to 0.0155315 -0.0433754
pull reduced from 0.243663 to 	>>>> prev guard 8 4 cur guard 8.00124 3.99653
	was guard reflex vertex? 0
	was guard in reflex area? 0
	does guard intersect boundary ray 8 4 8.00124 3.99653?0
	is guard inside polygon? 1
0 other guards have coords 8.00124 3.99653
	 new best guard at 8.00124 3.99653
scaling gradient with 0.0625 to 0.0310631 -0.0867508
pull reduced from 0.243663 to 	>>>> prev guard 8 4 cur guard 8.00473 3.98682
	was guard reflex vertex? 0
	was guard in reflex area? 0
	does guard intersect boundary ray 8 4 8.00473 3.98682?0
	is guard inside polygon? 1
0 other guards have coords 8.00473 3.98682
	 new best guard at 8.00473 3.98682
scaling gradient with 0.125 to 0.0621261 -0.173502
pull reduced from 0.243663 to 	>>>> prev guard 8 4 cur guard 8.0126 3.96521
	was guard reflex vertex? 0
	was guard in reflex area? 0
	does guard intersect boundary ray 8 4 8.0126 3.96521?0
	is guard inside polygon? 1
0 other guards have coords 8.0126 3.96521
	 new best guard at 8.0126 3.96521
scaling gradient with 0.25 to 0.124252 -0.347003
pull reduced from 0.243663 to 	>>>> prev guard 8 4 cur guard 8.02932 3.92038
	was guard reflex vertex? 0
	was guard in reflex area? 0
	does guard intersect boundary ray 8 4 8.02932 3.92038?0
	is guard inside polygon? 1
0 other guards have coords 8.02932 3.92038
	 new best guard at 8.02932 3.92038
scaling gradient with 0.5 to 0.248504 -0.694007
pull reduced from 0.243663 to 	>>>> prev guard 8 4 cur guard 8.06471 3.82991
	was guard reflex vertex? 0
	was guard in reflex area? 0
	does guard intersect boundary ray 8 4 8.06471 3.82991?0
	is guard inside polygon? 1
0 other guards have coords 8.06471 3.82991
	 new best guard at 8.06471 3.82991
scaling gradient with 1 to 0.497009 -1.38801
pull reduced from 0.243663 to 	>>>> prev guard 8 4 cur guard 8.14157 3.65025
	was guard reflex vertex? 0
	was guard in reflex area? 0
	does guard intersect boundary ray 8 4 8.14157 3.65025?0
	is guard inside polygon? 1
0 other guards have coords 8.14157 3.65025
	 new best guard at 8.14157 3.65025
scaling gradient with 2 to 0.994018 -2.77603
	>>>> prev guard 8 4 cur guard 8.31887 3.30001
	was guard reflex vertex? 0
	was guard in reflex area? 0
	does guard intersect boundary ray 8 4 8.31887 3.30001?0
	is guard inside polygon? 1
0 other guards have coords 8.31887 3.30001
	 new best guard at 8.31887 3.30001
scaling gradient with 4 to 1.98804 -5.55205
	>>>> prev guard 8 4 cur guard 8.65605 2.59122
	was guard reflex vertex? 0
	was guard in reflex area? 0
	does guard intersect boundary ray 8 4 8.65605 2.59122?1
	is guard inside polygon? 0
0 other guards have coords 8.46568 3
	 new best guard at 8.46568 3
scaling gradient with 8 to 3.97607 -11.1041
	>>>> prev guard 8 4 cur guard 9.08981 1.5602
	was guard reflex vertex? 0
	was guard in reflex area? 0
	does guard intersect boundary ray 8 4 9.08981 1.5602?1
	is guard inside polygon? 0
0 other guards have coords 8.44668 3
scaling gradient with 16 to 7.95214 -22.2082
	>>>> prev guard 8 4 cur guard 9.61844 0.0870689
	was guard reflex vertex? 0
	was guard in reflex area? 0
	does guard intersect boundary ray 8 4 9.61844 0.0870689?1
	is guard inside polygon? 0
0 other guards have coords 8.41361 3
scaling gradient with 32 to 15.9043 -44.4164
	>>>> prev guard 8 4 cur guard 10.6597 -2.86809
	was guard reflex vertex? 0
	was guard in reflex area? 0
	does guard intersect boundary ray 8 4 10.6597 -2.86809?1
	is guard inside polygon? 0
0 other guards have coords 8.38725 3
Df=0 0
h=0 0
Df=0 0
h=0 0
Df=0 0
h=0 0
Df=0.158025 -0.316049
h=0.141342 0.0706708
Df=0 0
h=0 0
Df=0.0290249 -0.145125
h=0.0284613 0.00569226
Df=0 0
h=0 0
Df=0.0117539 -0.0940312
h=0.0116631 0.00145789
Df=0.337177 -0.708792
h=0.181466 0.0778209
is completely visible? 0
are areas equal? 48=41.6263?0
+++++3 guards with gradient 0
	======== guard 4.1 4
	was guard reflex vertex? 0
	computed gradient 0 -0 and pull 0 0
	======== guard 4.2 4
	was guard reflex vertex? 0
	computed gradient 0 -0 and pull 0 0
	======== guard 4.3 4
	was guard reflex vertex? 0
	computed gradient 0.325286 -1.32361 and pull 0.309915 0.0936252
	------- removing guard 4.3 4
g2=4.3 4
area2=33.4049
alpha2=0.4
scaling gradient with 0.03125 to 0.0101652 -0.0413627
pull reduced from 0.104813 to 	>>>> prev guard 4.3 4 cur guard 4.30081 3.99669
	was guard reflex vertex? 0
	was guard in reflex area? 0
	does guard intersect boundary ray 4.3 4 4.30081 3.99669?0
	is guard inside polygon? 1
0 other guards have coords 4.30081 3.99669
	 new best guard at 4.30081 3.99669
scaling gradient with 0.0625 to 0.0203303 -0.0827254
pull reduced from 0.104813 to 	>>>> prev guard 4.3 4 cur guard 4.30311 3.98743
	was guard reflex vertex? 0
	was guard in reflex area? 0
	does guard intersect boundary ray 4.3 4 4.30311 3.98743?0
	is guard inside polygon? 1
0 other guards have coords 4.30311 3.98743
	 new best guard at 4.30311 3.98743
scaling gradient with 0.125 to 0.0406607 -0.165451
pull reduced from 0.104813 to 	>>>> prev guard 4.3 4 cur guard 4.30833 3.96683
	was guard reflex vertex? 0
	was guard in reflex area? 0
	does guard intersect boundary ray 4.3 4 4.30833 3.96683?0
	is guard inside polygon? 1
0 other guards have coords 4.30833 3.96683
	 new best guard at 4.30833 3.96683
scaling gradient with 0.25 to 0.0813214 -0.330902
pull reduced from 0.104813 to 	>>>> prev guard 4.3 4 cur guard 4.31968 3.92407
	was guard reflex vertex? 0
	was guard in reflex area? 0
	does guard intersect boundary ray 4.3 4 4.31968 3.92407?0
	is guard inside polygon? 1
0 other guards have coords 4.31968 3.92407
	 new best guard at 4.31968 3.92407
scaling gradient with 0.5 to 0.162643 -0.661803
	>>>> prev guard 4.3 4 cur guard 4.36657 3.84442
	was guard reflex vertex? 0
	was guard in reflex area? 0
	does guard intersect boundary ray 4.3 4 4.36657 3.84442?0
	is guard inside polygon? 1
0 other guards have coords 4.36657 3.84442
	 new best guard at 4.36657 3.84442
scaling gradient with 1 to 0.325286 -1.32361
	>>>> prev guard 4.3 4 cur guard 4.45489 3.68229
	was guard reflex vertex? 0
	was guard in reflex area? 0
	does guard intersect boundary ray 4.3 4 4.45489 3.68229?0
	is guard inside polygon? 1
0 other guards have coords 4.45489 3.68229
	 new best guard at 4.45489 3.68229
scaling gradient with 2 to 0.650571 -2.64721
	>>>> prev guard 4.3 4 cur guard 4.60239 3.34831
	was guard reflex vertex? 0
	was guard in reflex area? 0
	does guard intersect boundary ray 4.3 4 4.60239 3.34831?0
	is guard inside polygon? 1
0 other guards have coords 4.60239 3.34831
	 new best guard at 4.60239 3.34831
scaling gradient with 4 to 1.30114 -5.29443
	>>>> prev guard 4.3 4 cur guard 4.84928 2.66505
	was guard reflex vertex? 0
	was guard in reflex area? 0
	does guard intersect boundary ray 4.3 4 4.84928 2.66505?1
	is guard inside polygon? 0
0 other guards have coords 4.71146 3
	 new best guard at 4.71146 3
scaling gradient with 8 to 2.60228 -10.5889
	>>>> prev guard 4.3 4 cur guard 5.14194 1.61378
	was guard reflex vertex? 0
	was guard in reflex area? 0
	does guard intersect boundary ray 4.3 4 5.14194 1.61378?1
	is guard inside polygon? 0
0 other guards have coords 4.65283 3
scaling gradient with 16 to 5.20457 -21.1777
	>>>> prev guard 4.3 4 cur guard 5.43838 0.204297
	was guard reflex vertex? 0
	was guard in reflex area? 0
	does guard intersect boundary ray 4.3 4 5.43838 0.204297?1
	is guard inside polygon? 0
0 other guards have coords 4.59991 3
scaling gradient with 32 to 10.4091 -42.3554
	>>>> prev guard 4.3 4 cur guard 6.08587 -2.61751
	was guard reflex vertex? 0
	was guard in reflex area? 0
	does guard intersect boundary ray 4.3 4 6.08587 -2.61751?1
	is guard inside polygon? 0
0 other guards have coords 4.56987 3
Df=0 0
h=0 0
Df=0.0919276 -0.248205
h=0.086205 0.0319278
Df=0 0
h=0 0
Df=0.0225973 -0.128804
h=0.0222573 0.0039048
Df=0 0
h=0 0
Df=0.0099872 -0.0868887
h=0.00992188 0.00114045
Df=0 0
h=0 0
Df=0.00560214 -0.0655451
h=0.00558179 0.000477076
Df=0.246884 -0.683253
h=0.123966 0.0374501
is completely visible? 0
are areas equal? 48=41.6263?0
+++++2 guards with gradient 0
	======== guard 4.1 4
	was guard reflex vertex? 0
	computed gradient 0 -0 and pull 0 0
	======== guard 4.2 4
	was guard reflex vertex? 0
	computed gradient 0.30783 -1.29633 and pull 0.294305 0.0855151
	------- removing guard 4.2 4
g1=4.2 4
area1=33.3733
alpha1=0.4
scaling gradient with 0.03125 to 0.00961969 -0.0405103
	>>>> prev guard 4.2 4 cur guard 4.22431 4.0036
	was guard reflex vertex? 0
	was guard in reflex area? 0
	does guard intersect boundary ray 4.2 4 4.22431 4.0036?0
	is guard inside polygon? 1
0 other guards have coords 4.22431 4.0036
	 new best guard at 4.22431 4.0036
scaling gradient with 0.0625 to 0.0192394 -0.0810205
	>>>> prev guard 4.2 4 cur guard 4.26885 4.00684
	was guard reflex vertex? 0
	was guard in reflex area? 0
	does guard intersect boundary ray 4.2 4 4.26885 4.00684?0
	is guard inside polygon? 1
0 other guards have coords 4.26885 4.00684
	 new best guard at 4.26885 4.00684
scaling gradient with 0.125 to 0.0384788 -0.162041
	>>>> prev guard 4.2 4 cur guard 4.3311 4.00331
	was guard reflex vertex? 0
	was guard in reflex area? 0
	does guard intersect boundary ray 4.2 4 4.3311 4.00331?0
	is guard inside polygon? 1
0 other guards have coords 4.3311 4.00331
	 new best guard at 4.3311 4.00331
scaling gradient with 0.25 to 0.0769575 -0.324082
	>>>> prev guard 4.2 4 cur guard 4.4106 3.9814
	was guard reflex vertex? 0
	was guard in reflex area? 0
	does guard intersect boundary ray 4.2 4 4.4106 3.9814?0
	is guard inside polygon? 1
0 other guards have coords 4.4106 3.9814
	 new best guard at 4.4106 3.9814
scaling gradient with 0.5 to 0.153915 -0.648164
	>>>> prev guard 4.2 4 cur guard 4.51006 3.91886
	was guard reflex vertex? 0
	was guard in reflex area? 0
	does guard intersect boundary ray 4.2 4 4.51006 3.91886?0
	is guard inside polygon? 1
0 other guards have coords 4.51006 3.91886
	 new best guard at 4.51006 3.91886
scaling gradient with 1 to 0.30783 -1.29633
	>>>> prev guard 4.2 4 cur guard 4.6378 3.77196
	was guard reflex vertex? 0
	was guard in reflex area? 0
	does guard intersect boundary ray 4.2 4 4.6378 3.77196?0
	is guard inside polygon? 1
0 other guards have coords 4.6378 3.77196
	 new best guard at 4.6378 3.77196
scaling gradient with 2 to 0.61566 -2.59266
	>>>> prev guard 4.2 4 cur guard 4.81278 3.45388
	was guard reflex vertex? 0
	was guard in reflex area? 0
	does guard intersect boundary ray 4.2 4 4.81278 3.45388?0
	is guard inside polygon? 1
0 other guards have coords 4.81278 3.45388
	 new best guard at 4.81278 3.45388
scaling gradient with 4 to 1.23132 -5.18531
	>>>> prev guard 4.2 4 cur guard 5.07482 2.79142
	was guard reflex vertex? 0
	was guard in reflex area? 0
	does guard intersect boundary ray 4.2 4 5.07482 2.79142?1
	is guard inside polygon? 0
0 other guards have coords 4.92385 3
	 new best guard at 4.92385 3
scaling gradient with 8 to 2.46264 -10.3706
	>>>> prev guard 4.2 4 cur guard 5.35403 1.64723
	was guard reflex vertex? 0
	was guard in reflex area? 0
	does guard intersect boundary ray 4.2 4 5.35403 1.64723?1
	is guard inside polygon? 0
0 other guards have coords 4.6905 3
scaling gradient with 16 to 4.92528 -20.7413
	>>>> prev guard 4.2 4 cur guard 5.45222 0.265323
	was guard reflex vertex? 0
	was guard in reflex area? 0
	does guard intersect boundary ray 4.2 4 5.45222 0.265323?1
	is guard inside polygon? 0
0 other guards have coords 4.53529 3
scaling gradient with 32 to 9.85057 -41.4825
	>>>> prev guard 4.2 4 cur guard 5.95626 -2.4995
	was guard reflex vertex? 0
	was guard in reflex area? 0
	does guard intersect boundary ray 4.2 4 5.95626 -2.4995?1
	is guard inside polygon? 0
0 other guards have coords 4.47021 3
Df=0 0
h=0 0
Df=0.0859984 -0.240795
h=0.0809883 0.0289244
Df=0 0
h=0 0
Df=0.0218564 -0.126767
h=0.0215386 0.00371356
Df=0 0
h=0 0
Df=0.00976771 -0.0859559
h=0.00970525 0.00110287
Df=0 0
h=0 0
Df=0.00550955 -0.0650127
h=0.00548987 0.000465243
Df=0.26204 -0.662455
h=0.117722 0.0342061
is completely visible? 0
are areas equal? 48=41.6263?0
+++++1 guards with gradient 0
	======== guard 4.1 4
	was guard reflex vertex? 0
	computed gradient 0.432388 -1.68216 and pull 0.407471 0.13423
	------- removing guard 4.1 4
g0=4.1 4
area0=33.3433
alpha0=0.4
scaling gradient with 0.03125 to 0.0135121 -0.0525675
pull reduced from 0.18405 to 	>>>> prev guard 4.1 4 cur guard 4.10108 3.99579
	was guard reflex vertex? 0
	was guard in reflex area? 0
	does guard intersect boundary ray 4.1 4 4.10108 3.99579?0
	is guard inside polygon? 1
0 other guards have coords 4.10108 3.99579
	 new best guard at 4.10108 3.99579
scaling gradient with 0.0625 to 0.0270242 -0.105135
pull reduced from 0.18405 to 	>>>> prev guard 4.1 4 cur guard 4.10413 3.98403
	was guard reflex vertex? 0
	was guard in reflex area? 0
	does guard intersect boundary ray 4.1 4 4.10413 3.98403?0
	is guard inside polygon? 1
0 other guards have coords 4.10413 3.98403
	 new best guard at 4.10413 3.98403
scaling gradient with 0.125 to 0.0540484 -0.21027
pull reduced from 0.18405 to 	>>>> prev guard 4.1 4 cur guard 4.11105 3.95784
	was guard reflex vertex? 0
	was guard in reflex area? 0
	does guard intersect boundary ray 4.1 4 4.11105 3.95784?0
	is guard inside polygon? 1
0 other guards have coords 4.11105 3.95784
	 new best guard at 4.11105 3.95784
scaling gradient with 0.25 to 0.108097 -0.42054
pull reduced from 0.18405 to 	>>>> prev guard 4.1 4 cur guard 4.12605 3.90352
	was guard reflex vertex? 0
	was guard in reflex area? 0
	does guard intersect boundary ray 4.1 4 4.12605 3.90352?0
	is guard inside polygon? 1
0 other guards have coords 4.12605 3.90352
	 new best guard at 4.12605 3.90352
scaling gradient with 0.5 to 0.216194 -0.84108
pull reduced from 0.18405 to 	>>>> prev guard 4.1 4 cur guard 4.15887 3.79394
	was guard reflex vertex? 0
	was guard in reflex area? 0
	does guard intersect boundary ray 4.1 4 4.15887 3.79394?0
	is guard inside polygon? 1
0 other guards have coords 4.15887 3.79394
	 new best guard at 4.15887 3.79394
scaling gradient with 1 to 0.432388 -1.68216
pull reduced from 0.18405 to 	>>>> prev guard 4.1 4 cur guard 4.23419 3.57647
	was guard reflex vertex? 0
	was guard in reflex area? 0
	does guard intersect boundary ray 4.1 4 4.23419 3.57647?0
	is guard inside polygon? 1
0 other guards have coords 4.23419 3.57647
	 new best guard at 4.23419 3.57647
scaling gradient with 2 to 0.864775 -3.36432
	>>>> prev guard 4.1 4 cur guard 4.39623 3.14408
	was guard reflex vertex? 0
	was guard in reflex area? 0
	does guard intersect boundary ray 4.1 4 4.39623 3.14408?0
	is guard inside polygon? 1
0 other guards have coords 4.39623 3.14408
	 new best guard at 4.39623 3.14408
scaling gradient with 4 to 1.72955 -6.72864
	>>>> prev guard 4.1 4 cur guard 4.69682 2.27063
	was guard reflex vertex? 0
	was guard in reflex area? 0
	does guard intersect boundary ray 4.1 4 4.69682 2.27063?1
	is guard inside polygon? 0
0 other guards have coords 4.44511 3
	 new best guard at 4.44511 3
scaling gradient with 8 to 3.4591 -13.4573
	>>>> prev guard 4.1 4 cur guard 4.99491 1.23539
	was guard reflex vertex? 0
	was guard in reflex area? 0
	does guard intersect boundary ray 4.1 4 4.99491 1.23539?1
	is guard inside polygon? 0
0 other guards have coords 4.4237 3
scaling gradient with 16 to 6.9182 -26.9145
	>>>> prev guard 4.1 4 cur guard 5.4496 -0.554114
	was guard reflex vertex? 0
	was guard in reflex area? 0
	does guard intersect boundary ray 4.1 4 5.4496 -0.554114?1
	is guard inside polygon? 0
0 other guards have coords 4.39635 3
scaling gradient with 32 to 13.8364 -53.8291
	>>>> prev guard 4.1 4 cur guard 6.35657 -4.13888
	was guard reflex vertex? 0
	was guard in reflex area? 0
	does guard intersect boundary ray 4.1 4 6.35657 -4.13888?1
	is guard inside polygon? 0
0 other guards have coords 4.37726 3
Df=0.0433839 -0.0824295
h=0.0383912 0.0202059
Df=0.0806248 -0.233812
h=0.0762205 0.0262829
Df=0.0079968 -0.0391843
h=0.0078353 0.00159904
Df=0.0211514 -0.124793
h=0.020854 0.00353458
Df=0.00315408 -0.0249172
h=0.00312911 0.00039609
Df=0.00955538 -0.0850428
h=0.00949562 0.00106692
Df=0.00166931 -0.0181955
h=0.00166233 0.000152507
Df=0.00541923 -0.0644888
h=0.00540019 0.000453798
Df=0.300593 -0.873459
h=0.162988 0.0536918
is completely visible? 0
are areas equal? 48=41.6263?0
i=1
area=41.6263
+++++5 guards with gradient 0
	======== guard 4.44511 3
	was guard reflex vertex? 0
	computed gradient 0 -0 and pull 0 0
	======== guard 4.92385 3
	was guard reflex vertex? 0
	computed gradient 0 -0 and pull 0 0
	======== guard 4.71146 3
	was guard reflex vertex? 0
	computed gradient 0 -0 and pull 0 0
	======== guard 8.46568 3
	was guard reflex vertex? 0
	computed gradient -0 -0 and pull -0 0
	======== guard 9.65965 3
	was guard reflex vertex? 0
	computed gradient 4.4871 -1.42687 and pull 0.503571 2.11845
	------- removing guard 9.65965 3
g4=9.65965 3
area4=38.0373
alpha4=0.4
scaling gradient with 0.03125 to 0.140222 -0.0445897
	>>>> prev guard 9.65965 3 cur guard 14.0076 -3.39657
	was guard reflex vertex? 0
	was guard in reflex area? 0
	does guard intersect boundary ray 9.65965 3 14.0076 -3.39657?1
	is guard inside polygon? 0
0 other guards have coords 14.0076 3
	 new best guard at 14.0076 3
scaling gradient with 0.0625 to 0.280443 -0.0891795
	>>>> prev guard 9.65965 3 cur guard 17.5486 -1.95491
	was guard reflex vertex? 0
	was guard in reflex area? 0
	does guard intersect boundary ray 9.65965 3 17.5486 -1.95491?1
	is guard inside polygon? 0
0 other guards have coords 17.5486 3
scaling gradient with 0.125 to 0.560887 -0.178359
	>>>> prev guard 9.65965 3 cur guard 20.4666 -0.808724
	was guard reflex vertex? 0
	was guard in reflex area? 0
	does guard intersect boundary ray 9.65965 3 20.4666 -0.808724?1
	is guard inside polygon? 0
0 other guards have coords 18 3
scaling gradient with 0.25 to 1.12177 -0.356718
	>>>> prev guard 9.65965 3 cur guard 20.4644 0.0939592
	was guard reflex vertex? 0
	was guard in reflex area? 0
	does guard intersect boundary ray 9.65965 3 20.4644 0.0939592?1
	is guard inside polygon? 0
0 other guards have coords 18 3
scaling gradient with 0.5 to 2.24355 -0.713436
	>>>> prev guard 9.65965 3 cur guard 20.1913 0.787568
	was guard reflex vertex? 0
	was guard in reflex area? 0
	does guard intersect boundary ray 9.65965 3 20.1913 0.787568?1
	is guard inside polygon? 0
0 other guards have coords 18 3
scaling gradient with 1 to 4.4871 -1.42687
	>>>> prev guard 9.65965 3 cur guard 20.1523 1.28538
	was guard reflex vertex? 0
	was guard in reflex area? 0
	does guard intersect boundary ray 9.65965 3 20.1523 1.28538?1
	is guard inside polygon? 0
0 other guards have coords 18 3
scaling gradient with 2 to 8.97419 -2.85374
	>>>> prev guard 9.65965 3 cur guard 20.4801 1.56948
	was guard reflex vertex? 0
	was guard in reflex area? 0
	does guard intersect boundary ray 9.65965 3 20.4801 1.56948?1
	is guard inside polygon? 0
0 other guards have coords 18 3
scaling gradient with 4 to 17.9484 -5.70749
	>>>> prev guard 9.65965 3 cur guard 21.4602 1.56846
	was guard reflex vertex? 0
	was guard in reflex area? 0
	does guard intersect boundary ray 9.65965 3 21.4602 1.56846?1
	is guard inside polygon? 0
0 other guards have coords 18 3
scaling gradient with 8 to 35.8968 -11.415
	>>>> prev guard 9.65965 3 cur guard 23.6802 1.11105
	was guard reflex vertex? 0
	was guard in reflex area? 0
	does guard intersect boundary ray 9.65965 3 23.6802 1.11105?1
	is guard inside polygon? 0
0 other guards have coords 18 3
scaling gradient with 16 to 71.7935 -22.8299
	>>>> prev guard 9.65965 3 cur guard 28.3279 -0.168083
	was guard reflex vertex? 0
	was guard in reflex area? 0
	does guard intersect boundary ray 9.65965 3 28.3279 -0.168083?1
	is guard inside polygon? 0
0 other guards have coords 18 3
scaling gradient with 32 to 143.587 -45.6599
	>>>> prev guard 9.65965 3 cur guard 37.7896 -3.01778
	was guard reflex vertex? 0
	was guard in reflex area? 0
	does guard intersect boundary ray 9.65965 3 37.7896 -3.01778?1
	is guard inside polygon? 0
0 other guards have coords 18 3
Df=0 0
h=0 0
Df=0 0
h=0 0
Df=0 0
h=0 0
Df=1.65216 -0.281152
h=0.138584 0.81437
Df=0 0
h=0 0
Df=0.108487 -0.181193
h=0.0465394 0.0278651
Df=0 0
h=0 0
Df=0.0341951 -0.108404
h=0.0163056 0.00514343
Df=4.34791 -6.39657
h=0.201429 0.847379
is completely visible? 0
are areas equal? 48=44.0369?0
+++++4 guards with gradient 0
	======== guard 4.44511 3
	was guard reflex vertex? 0
	computed gradient 0 -0 and pull 0 0
	======== guard 4.92385 3
	was guard reflex vertex? 0
	computed gradient 0 -0 and pull 0 0
	======== guard 4.71146 3
	was guard reflex vertex? 0
	computed gradient 0 -0 and pull 0 0
	======== guard 8.46568 3
	was guard reflex vertex? 0
	computed gradient 1.18634 -1.33275 and pull 0.396306 0.423234
	------- removing guard 8.46568 3
g3=8.46568 3
area3=36.6074
alpha3=0.4
scaling gradient with 0.03125 to 0.0370732 -0.0416485
	>>>> prev guard 8.46568 3 cur guard 8.7701 2.46349
	was guard reflex vertex? 0
	was guard in reflex area? 0
	does guard intersect boundary ray 8.46568 3 8.7701 2.46349?1
	is guard inside polygon? 0
0 other guards have coords 8.7701 3
	 new best guard at 8.7701 3
scaling gradient with 0.0625 to 0.0741463 -0.083297
	>>>> prev guard 8.46568 3 cur guard 9.05126 2.59799
	was guard reflex vertex? 0
	was guard in reflex area? 0
	does guard intersect boundary ray 8.46568 3 9.05126 2.59799?1
	is guard inside polygon? 0
0 other guards have coords 9.05126 3
	 new best guard at 9.05126 3
scaling gradient with 0.125 to 0.148293 -0.166594
	>>>> prev guard 8.46568 3 cur guard 9.31976 2.69892
	was guard reflex vertex? 0
	was guard in reflex area? 0
	does guard intersect boundary ray 8.46568 3 9.31976 2.69892?1
	is guard inside polygon? 0
0 other guards have coords 9.31976 3
	 new best guard at 9.31976 3
scaling gradient with 0.25 to 0.296585 -0.333188
	>>>> prev guard 8.46568 3 cur guard 9.58999 2.76634
	was guard reflex vertex? 0
	was guard in reflex area? 0
	does guard intersect boundary ray 8.46568 3 9.58999 2.76634?1
	is guard inside polygon? 0
0 other guards have coords 9.58999 3
	 new best guard at 9.58999 3
scaling gradient with 0.5 to 0.593171 -0.666376
	>>>> prev guard 8.46568 3 cur guard 9.88534 2.79362
	was guard reflex vertex? 0
	was guard in reflex area? 0
	does guard intersect boundary ray 8.46568 3 9.88534 2.79362?1
	is guard inside polygon? 0
0 other guards have coords 9.88534 3
scaling gradient with 1 to 1.18634 -1.33275
	>>>> prev guard 8.46568 3 cur guard 10.2482 2.76214
	was guard reflex vertex? 0
	was guard in reflex area? 0
	does guard intersect boundary ray 8.46568 3 10.2482 2.76214?1
	is guard inside polygon? 0
0 other guards have coords 10.2482 3
scaling gradient with 2 to 2.37268 -2.6655
	>>>> prev guard 8.46568 3 cur guard 10.7601 2.63033
	was guard reflex vertex? 0
	was guard in reflex area? 0
	does guard intersect boundary ray 8.46568 3 10.7601 2.63033?1
	is guard inside polygon? 0
0 other guards have coords 10.7601 3
scaling gradient with 4 to 4.74537 -5.33101
	>>>> prev guard 8.46568 3 cur guard 11.5808 2.31164
	was guard reflex vertex? 0
	was guard in reflex area? 0
	does guard intersect boundary ray 8.46568 3 11.5808 2.31164?1
	is guard inside polygon? 0
0 other guards have coords 11.5808 3
scaling gradient with 8 to 9.49073 -10.662
	>>>> prev guard 8.46568 3 cur guard 13.0284 1.63021
	was guard reflex vertex? 0
	was guard in reflex area? 0
	does guard intersect boundary ray 8.46568 3 13.0284 1.63021?1
	is guard inside polygon? 0
0 other guards have coords 13.0284 3
scaling gradient with 16 to 18.9815 -21.324
	>>>> prev guard 8.46568 3 cur guard 15.7368 0.232104
	was guard reflex vertex? 0
	was guard in reflex area? 0
	does guard intersect boundary ray 8.46568 3 15.7368 0.232104?1
	is guard inside polygon? 0
0 other guards have coords 15.7368 3
scaling gradient with 32 to 37.9629 -42.6481
	>>>> prev guard 8.46568 3 cur guard 20.9721 -2.5923
	was guard reflex vertex? 0
	was guard in reflex area? 0
	does guard intersect boundary ray 8.46568 3 20.9721 -2.5923?1
	is guard inside polygon? 0
0 other guards have coords 18 3
Df=0 0
h=0 0
Df=0 0
h=0 0
Df=0 0
h=0 0
Df=0.386619 -0.296598
h=0.117663 0.153375
Df=0 0
h=0 0
Df=0.0631305 -0.143127
h=0.0288806 0.0127387
Df=0 0
h=0 0
Df=0.0247869 -0.0933762
h=0.0119786 0.00317974
Df=0.270232 -0.233658
h=0.158522 0.169294
is completely visible? 0
are areas equal? 48=45.327?0
+++++3 guards with gradient 0
	======== guard 4.44511 3
	was guard reflex vertex? 0
	computed gradient 0 -0 and pull 0 0
	======== guard 4.92385 3
	was guard reflex vertex? 0
	computed gradient 0.815599 -1.3371 and pull 0.317964 0.241844
	------- removing guard 4.92385 3
g1=4.92385 3
area1=35.082
alpha1=0.4
scaling gradient with 0.03125 to 0.0254875 -0.0417842
	>>>> prev guard 4.92385 3 cur guard 5.16095 2.48604
	was guard reflex vertex? 0
	was guard in reflex area? 0
	does guard intersect boundary ray 4.92385 3 5.16095 2.48604?1
	is guard inside polygon? 0
0 other guards have coords 5.16095 3
	 new best guard at 5.16095 3
scaling gradient with 0.0625 to 0.0509749 -0.0835685
	>>>> prev guard 4.92385 3 cur guard 5.38016 2.60149
	was guard reflex vertex? 0
	was guard in reflex area? 0
	does guard intersect boundary ray 4.92385 3 5.38016 2.60149?1
	is guard inside polygon? 0
0 other guards have coords 5.38016 3
	 new best guard at 5.38016 3
scaling gradient with 0.125 to 0.10195 -0.167137
	>>>> prev guard 4.92385 3 cur guard 5.58911 2.68717
	was guard reflex vertex? 0
	was guard in reflex area? 0
	does guard intersect boundary ray 4.92385 3 5.58911 2.68717?1
	is guard inside polygon? 0
0 other guards have coords 5.58911 3
	 new best guard at 5.58911 3
scaling gradient with 0.25 to 0.2039 -0.334274
	>>>> prev guard 4.92385 3 cur guard 5.79802 2.74234
	was guard reflex vertex? 0
	was guard in reflex area? 0
	does guard intersect boundary ray 4.92385 3 5.79802 2.74234?1
	is guard inside polygon? 0
0 other guards have coords 5.79802 3
	 new best guard at 5.79802 3
scaling gradient with 0.5 to 0.407799 -0.668548
	>>>> prev guard 4.92385 3 cur guard 6.02321 2.75974
	was guard reflex vertex? 0
	was guard in reflex area? 0
	does guard intersect boundary ray 4.92385 3 6.02321 2.75974?1
	is guard inside polygon? 0
0 other guards have coords 6.02321 3
	 new best guard at 6.02321 3
scaling gradient with 1 to 0.815599 -1.3371
	>>>> prev guard 4.92385 3 cur guard 6.29405 2.72017
	was guard reflex vertex? 0
	was guard in reflex area? 0
	does guard intersect boundary ray 4.92385 3 6.29405 2.72017?1
	is guard inside polygon? 0
0 other guards have coords 6.29405 3
	 new best guard at 6.29405 3
scaling gradient with 2 to 1.6312 -2.67419
	>>>> prev guard 4.92385 3 cur guard 6.66666 2.58155
	was guard reflex vertex? 0
	was guard in reflex area? 0
	does guard intersect boundary ray 4.92385 3 6.66666 2.58155?1
	is guard inside polygon? 0
0 other guards have coords 6.66666 3
	 new best guard at 6.66666 3
scaling gradient with 4 to 3.2624 -5.34838
	>>>> prev guard 4.92385 3 cur guard 7.25117 2.25672
	was guard reflex vertex? 0
	was guard in reflex area? 0
	does guard intersect boundary ray 4.92385 3 7.25117 2.25672?1
	is guard inside polygon? 0
0 other guards have coords 7.25117 3
scaling gradient with 8 to 6.52479 -10.6968
	>>>> prev guard 4.92385 3 cur guard 8.2662 1.56898
	was guard reflex vertex? 0
	was guard in reflex area? 0
	does guard intersect boundary ray 4.92385 3 8.2662 1.56898?1
	is guard inside polygon? 0
0 other guards have coords 8.2662 3
scaling gradient with 16 to 13.0496 -21.3935
	>>>> prev guard 4.92385 3 cur guard 10.1476 0.163049
	was guard reflex vertex? 0
	was guard in reflex area? 0
	does guard intersect boundary ray 4.92385 3 10.1476 0.163049?1
	is guard inside polygon? 0
0 other guards have coords 10.1476 3
scaling gradient with 32 to 26.0992 -42.787
	>>>> prev guard 4.92385 3 cur guard 13.7661 -2.67318
	was guard reflex vertex? 0
	was guard in reflex area? 0
	does guard intersect boundary ray 4.92385 3 13.7661 -2.67318?1
	is guard inside polygon? 0
0 other guards have coords 13.7661 3
Df=0 0
h=0 0
Df=0.241088 -0.250268
h=0.0868149 0.0836305
Df=0 0
h=0 0
Df=0.0514577 -0.130604
h=0.0239379 0.00943149
Df=0 0
h=0 0
Df=0.0217538 -0.0878435
h=0.010558 0.0026146
Df=0 0
h=0 0
Df=0.0119396 -0.0661227
h=0.00587482 0.0010608
Df=0.372603 -0.418451
h=0.127186 0.0967374
is completely visible? 0
are areas equal? 48=45.6049?0
+++++2 guards with gradient 0
	======== guard 4.44511 3
	was guard reflex vertex? 0
	computed gradient 0 -0 and pull 0 0
	======== guard 4.71146 3
	was guard reflex vertex? 0
	computed gradient 0.714354 -1.28137 and pull 0.288841 0.198949
	------- removing guard 4.71146 3
g2=4.71146 3
area2=34.9199
alpha2=0.4
scaling gradient with 0.03125 to 0.0223236 -0.0400427
	>>>> prev guard 4.71146 3 cur guard 4.93386 2.46611
	was guard reflex vertex? 0
	was guard in reflex area? 0
	does guard intersect boundary ray 4.71146 3 4.93386 2.46611?1
	is guard inside polygon? 0
0 other guards have coords 4.93386 3
	 new best guard at 4.93386 3
scaling gradient with 0.0625 to 0.0446471 -0.0800855
	>>>> prev guard 4.71146 3 cur guard 5.13846 2.5824
	was guard reflex vertex? 0
	was guard in reflex area? 0
	does guard intersect boundary ray 4.71146 3 5.13846 2.5824?1
	is guard inside polygon? 0
0 other guards have coords 5.13846 3
	 new best guard at 5.13846 3
scaling gradient with 0.125 to 0.0892943 -0.160171
	>>>> prev guard 4.71146 3 cur guard 5.33239 2.66902
	was guard reflex vertex? 0
	was guard in reflex area? 0
	does guard intersect boundary ray 4.71146 3 5.33239 2.66902?1
	is guard inside polygon? 0
0 other guards have coords 5.33239 3
	 new best guard at 5.33239 3
scaling gradient with 0.25 to 0.178589 -0.320342
	>>>> prev guard 4.71146 3 cur guard 5.52493 2.7255
	was guard reflex vertex? 0
	was guard in reflex area? 0
	does guard intersect boundary ray 4.71146 3 5.52493 2.7255?1
	is guard inside polygon? 0
0 other guards have coords 5.52493 3
	 new best guard at 5.52493 3
scaling gradient with 0.5 to 0.357177 -0.640684
	>>>> prev guard 4.71146 3 cur guard 5.73064 2.74506
	was guard reflex vertex? 0
	was guard in reflex area? 0
	does guard intersect boundary ray 4.71146 3 5.73064 2.74506?1
	is guard inside polygon? 0
0 other guards have coords 5.73064 3
	 new best guard at 5.73064 3
scaling gradient with 1 to 0.714354 -1.28137
	>>>> prev guard 4.71146 3 cur guard 5.97546 2.70946
	was guard reflex vertex? 0
	was guard in reflex area? 0
	does guard intersect boundary ray 4.71146 3 5.97546 2.70946?1
	is guard inside polygon? 0
0 other guards have coords 5.97546 3
	 new best guard at 5.97546 3
scaling gradient with 2 to 1.42871 -2.56274
	>>>> prev guard 4.71146 3 cur guard 6.30873 2.57846
	was guard reflex vertex? 0
	was guard in reflex area? 0
	does guard intersect boundary ray 4.71146 3 6.30873 2.57846?1
	is guard inside polygon? 0
0 other guards have coords 6.30873 3
	 new best guard at 6.30873 3
scaling gradient with 4 to 2.85742 -5.12547
	>>>> prev guard 4.71146 3 cur guard 6.82704 2.26865
	was guard reflex vertex? 0
	was guard in reflex area? 0
	does guard intersect boundary ray 4.71146 3 6.82704 2.26865?1
	is guard inside polygon? 0
0 other guards have coords 6.82704 3
scaling gradient with 8 to 5.71483 -10.2509
	>>>> prev guard 4.71146 3 cur guard 7.72198 1.61076
	was guard reflex vertex? 0
	was guard in reflex area? 0
	does guard intersect boundary ray 4.71146 3 7.72198 1.61076?1
	is guard inside polygon? 0
0 other guards have coords 7.72198 3
scaling gradient with 16 to 11.4297 -20.5019
	>>>> prev guard 4.71146 3 cur guard 9.37542 0.264373
	was guard reflex vertex? 0
	was guard in reflex area? 0
	does guard intersect boundary ray 4.71146 3 9.37542 0.264373?1
	is guard inside polygon? 0
0 other guards have coords 9.37542 3
	 new best guard at 9.37542 3
scaling gradient with 32 to 22.8593 -41.0038
	>>>> prev guard 4.71146 3 cur guard 12.55 -2.45289
	was guard reflex vertex? 0
	was guard in reflex area? 0
	does guard intersect boundary ray 4.71146 3 12.55 -2.45289?1
	is guard inside polygon? 0
0 other guards have coords 12.55 3
	 new best guard at 12.55 3
Df=0 0
h=0 0
Df=0.205762 -0.235448
h=0.0774675 0.0677003
Df=0 0
h=0 0
Df=0.0477509 -0.126266
h=0.0223319 0.00844539
Df=0 0
h=0 0
Df=0.0207151 -0.0858489
h=0.0100686 0.00242951
Df=0 0
h=0 0
Df=0.0115133 -0.0649842
h=0.00566837 0.00100427
Df=3.1746 -5.45289
h=0.115536 0.0795795
is completely visible? 0
are areas equal? 48=45.6049?0
+++++1 guards with gradient 0
	======== guard 4.44511 3
	was guard reflex vertex? 0
	computed gradient 0.8353 -1.53902 and pull 0.335882 0.231014
	------- removing guard 4.44511 3
g0=4.44511 3
area0=34.7436
alpha0=0.4
scaling gradient with 0.03125 to 0.0261031 -0.0480944
	>>>> prev guard 4.44511 3 cur guard 4.71454 2.31587
	was guard reflex vertex? 0
	was guard in reflex area? 0
	does guard intersect boundary ray 4.44511 3 4.71454 2.31587?1
	is guard inside polygon? 0
0 other guards have coords 4.71454 3
	 new best guard at 4.71454 3
scaling gradient with 0.0625 to 0.0522062 -0.0961888
	>>>> prev guard 4.44511 3 cur guard 4.96114 2.46348
	was guard reflex vertex? 0
	was guard in reflex area? 0
	does guard intersect boundary ray 4.44511 3 4.96114 2.46348?1
	is guard inside polygon? 0
0 other guards have coords 4.96114 3
	 new best guard at 4.96114 3
scaling gradient with 0.125 to 0.104412 -0.192378
	>>>> prev guard 4.44511 3 cur guard 5.19364 2.57387
	was guard reflex vertex? 0
	was guard in reflex area? 0
	does guard intersect boundary ray 4.44511 3 5.19364 2.57387?1
	is guard inside polygon? 0
0 other guards have coords 5.19364 3
	 new best guard at 5.19364 3
scaling gradient with 0.25 to 0.208825 -0.384755
	>>>> prev guard 4.44511 3 cur guard 5.42321 2.6468
	was guard reflex vertex? 0
	was guard in reflex area? 0
	does guard intersect boundary ray 4.44511 3 5.42321 2.6468?1
	is guard inside polygon? 0
0 other guards have coords 5.42321 3
	 new best guard at 5.42321 3
scaling gradient with 0.5 to 0.41765 -0.769511
	>>>> prev guard 4.44511 3 cur guard 5.66715 2.67436
	was guard reflex vertex? 0
	was guard in reflex area? 0
	does guard intersect boundary ray 4.44511 3 5.66715 2.67436?1
	is guard inside polygon? 0
0 other guards have coords 5.66715 3
	 new best guard at 5.66715 3
scaling gradient with 1 to 0.8353 -1.53902
	>>>> prev guard 4.44511 3 cur guard 5.956 2.63485
	was guard reflex vertex? 0
	was guard in reflex area? 0
	does guard intersect boundary ray 4.44511 3 5.956 2.63485?1
	is guard inside polygon? 0
0 other guards have coords 5.956 3
	 new best guard at 5.956 3
scaling gradient with 2 to 1.6706 -3.07804
	>>>> prev guard 4.44511 3 cur guard 6.3476 2.48012
	was guard reflex vertex? 0
	was guard in reflex area? 0
	does guard intersect boundary ray 4.44511 3 6.3476 2.48012?1
	is guard inside polygon? 0
0 other guards have coords 6.3476 3
	 new best guard at 6.3476 3
scaling gradient with 4 to 3.3412 -6.15609
	>>>> prev guard 4.44511 3 cur guard 6.95505 2.11009
	was guard reflex vertex? 0
	was guard in reflex area? 0
	does guard intersect boundary ray 4.44511 3 6.95505 2.11009?1
	is guard inside polygon? 0
0 other guards have coords 6.95505 3
scaling gradient with 8 to 6.6824 -12.3122
	>>>> prev guard 4.44511 3 cur guard 8.00246 1.32158
	was guard reflex vertex? 0
	was guard in reflex area? 0
	does guard intersect boundary ray 4.44511 3 8.00246 1.32158?1
	is guard inside polygon? 0
0 other guards have coords 8.00246 3
scaling gradient with 16 to 13.3648 -24.6243
	>>>> prev guard 4.44511 3 cur guard 9.93645 -0.294205
	was guard reflex vertex? 0
	was guard in reflex area? 0
	does guard intersect boundary ray 4.44511 3 9.93645 -0.294205?1
	is guard inside polygon? 0
0 other guards have coords 9.93645 3
	 new best guard at 9.93645 3
scaling gradient with 32 to 26.7296 -49.2487
	>>>> prev guard 4.44511 3 cur guard 13.6489 -3.55678
	was guard reflex vertex? 0
	was guard in reflex area? 0
	does guard intersect boundary ray 4.44511 3 13.6489 -3.55678?1
	is guard inside polygon? 0
0 other guards have coords 13.6489 3
Df=0.0623278 -0.0484564
h=0.0191277 0.0246032
Df=0.171447 -0.219014
h=0.0675008 0.0528405
Df=0.0161636 -0.0368116
h=0.00739986 0.00324919
Df=0.0436423 -0.121214
h=0.020531 0.00739203
Df=0.00654918 -0.0247392
h=0.00316554 0.000838012
Df=0.0195143 -0.0834715
h=0.00950098 0.00222118
Df=0.00346603 -0.0182918
h=0.00170272 0.000322641
Df=0.0110102 -0.0636106
h=0.00542442 0.000938896
Df=1.93399 -3.2942
h=0.134353 0.0924057
is completely visible? 0
are areas equal? 48=45.0335?0
i=2
area=45.0335
+++++5 guards with gradient 0
	======== guard 9.93645 3
	was guard reflex vertex? 0
	computed gradient 3.17562 -0.100901 and pull 0.0504252 1.58701
	------- removing guard 9.93645 3
g0=9.93645 3
area0=37.4182
alpha0=0.4
scaling gradient with 0.03125 to 0.099238 -0.00315316
	>>>> prev guard 9.93645 3 cur guard 11.4956 0.491344
	was guard reflex vertex? 0
	was guard in reflex area? 0
	does guard intersect boundary ray 9.93645 3 11.4956 0.491344?1
	is guard inside polygon? 0
0 other guards have coords 11.4956 3
scaling gradient with 0.0625 to 0.198476 -0.00630633
	>>>> prev guard 9.93645 3 cur guard 12.7629 1.11953
	was guard reflex vertex? 0
	was guard in reflex area? 0
	does guard intersect boundary ray 9.93645 3 12.7629 1.11953?1
	is guard inside polygon? 0
0 other guards have coords 12.7629 3
	 new best guard at 12.7629 3
scaling gradient with 0.125 to 0.396952 -0.0126127
	>>>> prev guard 9.93645 3 cur guard 13.8124 1.62158
	was guard reflex vertex? 0
	was guard in reflex area? 0
	does guard intersect boundary ray 9.93645 3 13.8124 1.62158?1
	is guard inside polygon? 0
0 other guards have coords 13.8124 3
scaling gradient with 0.25 to 0.793904 -0.0252253
	>>>> prev guard 9.93645 3 cur guard 14.7197 2.0222
	was guard reflex vertex? 0
	was guard in reflex area? 0
	does guard intersect boundary ray 9.93645 3 14.7197 2.0222?1
	is guard inside polygon? 0
0 other guards have coords 14.7197 3
	 new best guard at 14.7197 3
scaling gradient with 0.5 to 1.58781 -0.0504506
	>>>> prev guard 9.93645 3 cur guard 15.5765 2.34069
	was guard reflex vertex? 0
	was guard in reflex area? 0
	does guard intersect boundary ray 9.93645 3 15.5765 2.34069?1
	is guard inside polygon? 0
0 other guards have coords 15.5765 3
	 new best guard at 15.5765 3
scaling gradient with 1 to 3.17562 -0.100901
	>>>> prev guard 9.93645 3 cur guard 16.52 2.59144
	was guard reflex vertex? 0
	was guard in reflex area? 0
	does guard intersect boundary ray 9.93645 3 16.52 2.59144?1
	is guard inside polygon? 0
0 other guards have coords 16.52 3
scaling gradient with 2 to 6.35123 -0.201802
	>>>> prev guard 9.93645 3 cur guard 17.787 2.78397
	was guard reflex vertex? 0
	was guard in reflex area? 0
	does guard intersect boundary ray 9.93645 3 17.787 2.78397?1
	is guard inside polygon? 0
0 other guards have coords 17.787 3
scaling gradient with 4 to 12.7025 -0.403605
	>>>> prev guard 9.93645 3 cur guard 19.8208 2.92185
	was guard reflex vertex? 0
	was guard in reflex area? 0
	does guard intersect boundary ray 9.93645 3 19.8208 2.92185?1
	is guard inside polygon? 0
0 other guards have coords 18 3
scaling gradient with 8 to 25.4049 -0.80721
	>>>> prev guard 9.93645 3 cur guard 21.6635 2.99986
	was guard reflex vertex? 0
	was guard in reflex area? 0
	does guard intersect boundary ray 9.93645 3 21.6635 2.99986?1
	is guard inside polygon? 0
0 other guards have coords 18 3
scaling gradient with 16 to 50.8099 -1.61442
	>>>> prev guard 9.93645 3 cur guard 24.9996 2.9977
	was guard reflex vertex? 0
	was guard in reflex area? 0
	does guard intersect boundary ray 9.93645 3 24.9996 2.9977?1
	is guard inside polygon? 0
0 other guards have coords 18 3
scaling gradient with 32 to 101.62 -3.22884
	>>>> prev guard 9.93645 3 cur guard 31.7333 2.86681
	was guard reflex vertex? 0
	was guard in reflex area? 0
	does guard intersect boundary ray 9.93645 3 31.7333 2.86681?1
	is guard inside polygon? 0
0 other guards have coords 18 3
Df=0 0
h=0 0
Df=0 0
h=0 0
Df=0 0
h=0 0
Df=1.27025 -0.0403605
h=0.0201701 0.634803
Df=0 0
h=0 0
Df=0 0
h=0 0
Df=0 0
h=0 0
Df=0 0
h=0 0
Df=0.85683 -0.659312
h=0.0201701 0.634803
is completely visible? 0
are areas equal? 48=47.4286?0
+++++4 guards with gradient 0
	======== guard 6.66666 3
	was guard reflex vertex? 0
	computed gradient -2.16842 -1.108 and pull -0.401333 1.77398
	------- removing guard 6.66666 3
g1=6.66666 3
area1=37.4642
alpha1=0.4
scaling gradient with 0.03125 to -0.067763 -0.0346251
pull reduced from 3.30808 to 	>>>> prev guard 6.66666 3 cur guard 6.94027 2.74664
	was guard reflex vertex? 0
	was guard in reflex area? 0
	does guard intersect boundary ray 6.66666 3 6.94027 2.74664?1
	is guard inside polygon? 0
0 other guards have coords 6.94027 3
scaling gradient with 0.0625 to -0.135526 -0.0692501
pull reduced from 3.30808 to 	>>>> prev guard 6.66666 3 cur guard 7.13989 2.82906
	was guard reflex vertex? 0
	was guard in reflex area? 0
	does guard intersect boundary ray 6.66666 3 7.13989 2.82906?1
	is guard inside polygon? 0
0 other guards have coords 7.13989 3
scaling gradient with 0.125 to -0.271052 -0.1385
pull reduced from 3.30808 to 	>>>> prev guard 6.66666 3 cur guard 7.27371 2.87069
	was guard reflex vertex? 0
	was guard in reflex area? 0
	does guard intersect boundary ray 6.66666 3 7.27371 2.87069?1
	is guard inside polygon? 0
0 other guards have coords 7.27371 3
scaling gradient with 0.25 to -0.542104 -0.277
pull reduced from 3.30808 to 	>>>> prev guard 6.66666 3 cur guard 7.3353 2.88367
	was guard reflex vertex? 0
	was guard in reflex area? 0
	does guard intersect boundary ray 6.66666 3 7.3353 2.88367?1
	is guard inside polygon? 0
0 other guards have coords 7.3353 3
scaling gradient with 0.5 to -1.08421 -0.554001
pull reduced from 3.30808 to 	>>>> prev guard 6.66666 3 cur guard 7.29678 2.86727
	was guard reflex vertex? 0
	was guard in reflex area? 0
	does guard intersect boundary ray 6.66666 3 7.29678 2.86727?1
	is guard inside polygon? 0
0 other guards have coords 7.29678 3
scaling gradient with 1 to -2.16842 -1.108
pull reduced from 3.30808 to 	>>>> prev guard 6.66666 3 cur guard 7.09134 2.81029
	was guard reflex vertex? 0
	was guard in reflex area? 0
	does guard intersect boundary ray 6.66666 3 7.09134 2.81029?1
	is guard inside polygon? 0
0 other guards have coords 7.09134 3
scaling gradient with 2 to -4.33683 -2.216
pull reduced from 3.30808 to 	>>>> prev guard 6.66666 3 cur guard 6.57529 2.69192
	was guard reflex vertex? 0
	was guard in reflex area? 0
	does guard intersect boundary ray 6.66666 3 6.57529 2.69192?1
	is guard inside polygon? 0
0 other guards have coords 6.57529 3
	 new best guard at 6.57529 3
scaling gradient with 4 to -8.67366 -4.43201
pull reduced from 3.30808 to 	>>>> prev guard 6.66666 3 cur guard 5.44665 2.49583
	was guard reflex vertex? 0
	was guard in reflex area? 0
	does guard intersect boundary ray 6.66666 3 5.44665 2.49583?1
	is guard inside polygon? 0
0 other guards have coords 5.44665 3
	 new best guard at 5.44665 3
scaling gradient with 8 to -17.3473 -8.86401
	>>>> prev guard 6.66666 3 cur guard 3.12384 2.02946
	was guard reflex vertex? 0
	was guard in reflex area? 0
	does guard intersect boundary ray 6.66666 3 3.12384 2.02946?1
	is guard inside polygon? 0
0 other guards have coords 4 3
scaling gradient with 16 to -34.6946 -17.728
	>>>> prev guard 6.66666 3 cur guard -0.665922 0.947245
	was guard reflex vertex? 0
	was guard in reflex area? 0
	does guard intersect boundary ray 6.66666 3 -0.665922 0.947245?1
	is guard inside polygon? 0
0 other guards have coords 4 3
scaling gradient with 32 to -69.3893 -35.4561
	>>>> prev guard 6.66666 3 cur guard -5.31599 -1.33677
	was guard reflex vertex? 0
	was guard in reflex area? 0
	does guard intersect boundary ray 6.66666 3 -5.31599 -1.33677?1
	is guard inside polygon? 0
0 other guards have coords 4 3
Df=-1.17553 -0.391838
h=-0.185865 0.557605
Df=0.308167 -0.051363
h=0.0253321 0.151987
Df=0 0
h=0 0
Df=0 0
h=0 0
Df=0 0
h=0 0
Df=0 0
h=0 0
Df=0 0
h=0 0
Df=0 0
h=0 0
Df=-1.12864 -0.504171
h=-0.160533 0.709593
is completely visible? 0
are areas equal? 48=47.7515?0
+++++3 guards with gradient 0
	======== guard 12.55 3
	was guard reflex vertex? 0
	computed gradient -0 -0 and pull -0 0
	======== guard 9.58999 3
	was guard reflex vertex? 0
	computed gradient -2.57789 -1.63314 and pull -0.477522 2.17629
	------- removing guard 9.58999 3
g3=9.58999 3
area3=38.2496
alpha3=0.4
scaling gradient with 0.03125 to -0.0805592 -0.0510356
pull reduced from 4.96427 to 	>>>> prev guard 9.58999 3 cur guard 9.7936 2.83696
	was guard reflex vertex? 0
	was guard in reflex area? 0
	does guard intersect boundary ray 9.58999 3 9.7936 2.83696?1
	is guard inside polygon? 0
0 other guards have coords 9.7936 3
scaling gradient with 0.0625 to -0.161118 -0.102071
pull reduced from 4.96427 to 	>>>> prev guard 9.58999 3 cur guard 9.94032 2.87632
	was guard reflex vertex? 0
	was guard in reflex area? 0
	does guard intersect boundary ray 9.58999 3 9.94032 2.87632?1
	is guard inside polygon? 0
0 other guards have coords 9.94032 3
scaling gradient with 0.125 to -0.322237 -0.204142
pull reduced from 4.96427 to 	>>>> prev guard 9.58999 3 cur guard 10.0301 2.8928
	was guard reflex vertex? 0
	was guard in reflex area? 0
	does guard intersect boundary ray 9.58999 3 10.0301 2.8928?1
	is guard inside polygon? 0
0 other guards have coords 10.0301 3
scaling gradient with 0.25 to -0.644474 -0.408285
pull reduced from 4.96427 to 	>>>> prev guard 9.58999 3 cur guard 10.0495 2.88586
	was guard reflex vertex? 0
	was guard in reflex area? 0
	does guard intersect boundary ray 9.58999 3 10.0495 2.88586?1
	is guard inside polygon? 0
0 other guards have coords 10.0495 3
scaling gradient with 0.5 to -1.28895 -0.81657
pull reduced from 4.96427 to 	>>>> prev guard 9.58999 3 cur guard 9.96124 2.8463
	was guard reflex vertex? 0
	was guard in reflex area? 0
	does guard intersect boundary ray 9.58999 3 9.96124 2.8463?1
	is guard inside polygon? 0
0 other guards have coords 9.96124 3
scaling gradient with 1 to -2.57789 -1.63314
pull reduced from 4.96427 to 	>>>> prev guard 9.58999 3 cur guard 9.68288 2.75328
	was guard reflex vertex? 0
	was guard in reflex area? 0
	does guard intersect boundary ray 9.58999 3 9.68288 2.75328?1
	is guard inside polygon? 0
0 other guards have coords 9.68288 3
scaling gradient with 2 to -5.15579 -3.26628
pull reduced from 4.96427 to 	>>>> prev guard 9.58999 3 cur guard 9.04107 2.57165
	was guard reflex vertex? 0
	was guard in reflex area? 0
	does guard intersect boundary ray 9.58999 3 9.04107 2.57165?1
	is guard inside polygon? 0
0 other guards have coords 9.04107 3
	 new best guard at 9.04107 3
scaling gradient with 4 to -10.3116 -6.53256
pull reduced from 4.96427 to 	>>>> prev guard 9.58999 3 cur guard 7.67407 2.26522
	was guard reflex vertex? 0
	was guard in reflex area? 0
	does guard intersect boundary ray 9.58999 3 7.67407 2.26522?1
	is guard inside polygon? 0
0 other guards have coords 7.67407 3
scaling gradient with 8 to -20.6232 -13.0651
	>>>> prev guard 9.58999 3 cur guard 4.89241 1.54107
	was guard reflex vertex? 0
	was guard in reflex area? 0
	does guard intersect boundary ray 9.58999 3 4.89241 1.54107?1
	is guard inside polygon? 0
0 other guards have coords 4.89241 3
scaling gradient with 16 to -41.2463 -26.1302
	>>>> prev guard 9.58999 3 cur guard -0.670826 -0.0834582
	was guard reflex vertex? 0
	was guard in reflex area? 0
	does guard intersect boundary ray 9.58999 3 -0.670826 -0.0834582?1
	is guard inside polygon? 0
0 other guards have coords 4 3
scaling gradient with 32 to -82.4926 -52.2605
	>>>> prev guard 9.58999 3 cur guard -7.0882 -3.4735
	was guard reflex vertex? 0
	was guard in reflex area? 0
	does guard intersect boundary ray 9.58999 3 -7.0882 -3.4735?1
	is guard inside polygon? 0
0 other guards have coords 4 3
Df=-0.0956477 -0.171687
h=-0.0417781 0.0232747
Df=0 0
h=0 0
Df=-1.3467 -0.397273
h=-0.19052 0.645835
Df=0.411191 -0.0842951
h=0.0412889 0.201407
Df=0 0
h=0 0
Df=0 0
h=0 0
Df=0 0
h=0 0
Df=0 0
h=0 0
Df=-0.641805 -0.428354
h=-0.191009 0.870516
is completely visible? 0
are areas equal? 48=47.9003?0
+++++2 guards with gradient 0
	======== guard 12.55 3
	was guard reflex vertex? 0
	computed gradient -3.95232 -1.69416 and pull -0.625725 1.82065
	------- removing guard 12.55 3
g2=12.55 3
area2=38.3771
alpha2=0.4
scaling gradient with 0.03125 to -0.12351 -0.0529424
	>>>> prev guard 12.55 3 cur guard 15.0298 -1.22089
	was guard reflex vertex? 0
	was guard in reflex area? 0
	does guard intersect boundary ray 12.55 3 15.0298 -1.22089?1
	is guard inside polygon? 0
0 other guards have coords 15.0298 3
scaling gradient with 0.0625 to -0.24702 -0.105885
	>>>> prev guard 12.55 3 cur guard 16.9437 -0.239533
	was guard reflex vertex? 0
	was guard in reflex area? 0
	does guard intersect boundary ray 12.55 3 16.9437 -0.239533?1
	is guard inside polygon? 0
0 other guards have coords 16.9437 3
scaling gradient with 0.125 to -0.49404 -0.21177
	>>>> prev guard 12.55 3 cur guard 18.3853 0.537084
	was guard reflex vertex? 0
	was guard in reflex area? 0
	does guard intersect boundary ray 12.55 3 18.3853 0.537084?1
	is guard inside polygon? 0
0 other guards have coords 18 3
scaling gradient with 0.25 to -0.988079 -0.423539
	>>>> prev guard 12.55 3 cur guard 19.0242 1.14144
	was guard reflex vertex? 0
	was guard in reflex area? 0
	does guard intersect boundary ray 12.55 3 19.0242 1.14144?1
	is guard inside polygon? 0
0 other guards have coords 18 3
scaling gradient with 0.5 to -1.97616 -0.847079
	>>>> prev guard 12.55 3 cur guard 18.6112 1.59103
	was guard reflex vertex? 0
	was guard in reflex area? 0
	does guard intersect boundary ray 12.55 3 18.6112 1.59103?1
	is guard inside polygon? 0
0 other guards have coords 18 3
scaling gradient with 1 to -3.95232 -1.69416
	>>>> prev guard 12.55 3 cur guard 18.1227 1.88295
	was guard reflex vertex? 0
	was guard in reflex area? 0
	does guard intersect boundary ray 12.55 3 18.1227 1.88295?1
	is guard inside polygon? 0
0 other guards have coords 18 3
scaling gradient with 2 to -7.90464 -3.38831
	>>>> prev guard 12.55 3 cur guard 17.4157 1.98095
	was guard reflex vertex? 0
	was guard in reflex area? 0
	does guard intersect boundary ray 12.55 3 17.4157 1.98095?1
	is guard inside polygon? 0
0 other guards have coords 17.4157 3
scaling gradient with 4 to -15.8093 -6.77663
	>>>> prev guard 12.55 3 cur guard 15.6335 1.78828
	was guard reflex vertex? 0
	was guard in reflex area? 0
	does guard intersect boundary ray 12.55 3 15.6335 1.78828?1
	is guard inside polygon? 0
0 other guards have coords 15.6335 3
scaling gradient with 8 to -31.6185 -13.5533
	>>>> prev guard 12.55 3 cur guard 11.6282 1.09201
	was guard reflex vertex? 0
	was guard in reflex area? 0
	does guard intersect boundary ray 12.55 3 11.6282 1.09201?1
	is guard inside polygon? 0
0 other guards have coords 11.6282 3
	 new best guard at 11.6282 3
scaling gradient with 16 to -63.2371 -27.1065
	>>>> prev guard 12.55 3 cur guard 3.31495 -0.549258
	was guard reflex vertex? 0
	was guard in reflex area? 0
	does guard intersect boundary ray 12.55 3 3.31495 -0.549258?1
	is guard inside polygon? 0
0 other guards have coords 4 3
scaling gradient with 32 to -126.474 -54.213
	>>>> prev guard 12.55 3 cur guard -12.8186 -4.0308
	was guard reflex vertex? 0
	was guard in reflex area? 0
	does guard intersect boundary ray 12.55 3 -12.8186 -4.0308?1
	is guard inside polygon? 0
0 other guards have coords 4 3
Df=-0.0321914 -0.105427
h=-0.015394 0.00470046
Df=0 0
h=0 0
Df=-0.0975451 -0.173144
h=-0.042493 0.0239396
Df=0 0
h=0 0
Df=-1.45119 -0.399092
h=-0.192403 0.699621
Df=0 0
h=0 0
Df=0 0
h=0 0
Df=0 0
h=0 0
Df=-4.00531 -1.90799
h=-0.25029 0.728261
is completely visible? 1
are areas equal? 48=48?1
i=4
area=48
g0=15.5765 3
alpha0=0.4
area0=37.6592
g1=5.44665 3
alpha1=0.4
area1=35.5982
g2=11.6282 3
alpha2=0.4
area2=36.8895
g3=9.04107 3
alpha3=0.4
area3=37.3047
g4=14.0076 3
alpha4=0.4
area4=36.3965
