14
4 5 4 3
5 9 4 5
6 5 5 9
7 5 6 5
8 9 7 5
9 5 8 9
10 5 9 5
11 9 10 5
12 5 11 9
13 5 12 5
14 9 13 5
15 3 4 3
15 5 15 3
14 9 15 5
total area=38
i=0
area=38
+++++4 guards with gradient 0
	======== guard 14.83 4.69
	was guard reflex vertex? 0
	computed gradient -0 -0 and pull -0 0
	======== guard 4.37 4.63
	was guard reflex vertex? 0
	computed gradient 0 -0 and pull 0 0
	======== guard 9.04 4.18
	was guard reflex vertex? 0
	computed gradient -10.2935 -0.502122 and pull -0.611616 12.5381
	------- removing guard 9.04 4.18
g2=9.04 4.18
area2=28.3069
alpha2=0.4
scaling gradient with 0.03125 to -0.321672 -0.0156913
pull reduced from 157.579 to 	>>>> prev guard 9.04 4.18 cur guard 9.01427 4.17874
	was guard reflex vertex? 0
	was guard in reflex area? 0
	does guard intersect boundary ray 9.04 4.18 9.01427 4.17874?0
	is guard inside polygon? 1
0 other guards have coords 9.01427 4.17874
	 new best guard at 9.01427 4.17874
scaling gradient with 0.0625 to -0.643343 -0.0313826
pull reduced from 157.579 to 	>>>> prev guard 9.04 4.18 cur guard 8.94221 4.17526
	was guard reflex vertex? 0
	was guard in reflex area? 0
	does guard intersect boundary ray 9.04 4.18 8.94221 4.17526?0
	is guard inside polygon? 1
0 other guards have coords 8.94221 4.17526
scaling gradient with 0.125 to -1.28669 -0.0627652
pull reduced from 157.579 to 	>>>> prev guard 9.04 4.18 cur guard 8.78162 4.16765
	was guard reflex vertex? 0
	was guard in reflex area? 0
	does guard intersect boundary ray 9.04 4.18 8.78162 4.16765?0
	is guard inside polygon? 1
0 other guards have coords 8.78162 4.16765
scaling gradient with 0.25 to -2.57337 -0.12553
pull reduced from 157.579 to 	>>>> prev guard 9.04 4.18 cur guard 8.44723 4.15255
	was guard reflex vertex? 0
	was guard in reflex area? 0
	does guard intersect boundary ray 9.04 4.18 8.44723 4.15255?0
	is guard inside polygon? 1
0 other guards have coords 8.44723 4.15255
scaling gradient with 0.5 to -5.14675 -0.251061
pull reduced from 157.579 to 	>>>> prev guard 9.04 4.18 cur guard 7.76776 4.12485
	was guard reflex vertex? 0
	was guard in reflex area? 0
	does guard intersect boundary ray 9.04 4.18 7.76776 4.12485?0
	is guard inside polygon? 1
0 other guards have coords 7.76776 4.12485
scaling gradient with 1 to -10.2935 -0.502122
pull reduced from 157.579 to 	>>>> prev guard 9.04 4.18 cur guard 6.3998 4.08091
	was guard reflex vertex? 0
	was guard in reflex area? 0
	does guard intersect boundary ray 9.04 4.18 6.3998 4.08091?0
	is guard inside polygon? 1
0 other guards have coords 6.3998 4.08091
scaling gradient with 2 to -20.587 -1.00424
pull reduced from 157.579 to 	>>>> prev guard 9.04 4.18 cur guard 3.65485 4.03995
	was guard reflex vertex? 0
	was guard in reflex area? 0
	does guard intersect boundary ray 9.04 4.18 3.65485 4.03995?1
	is guard inside polygon? 0
0 other guards have coords 4 4.04892
scaling gradient with 4 to -41.174 -2.00849
pull reduced from 157.579 to 	>>>> prev guard 9.04 4.18 cur guard -1.50451 4.1553
	was guard reflex vertex? 0
	was guard in reflex area? 0
	does guard intersect boundary ray 9.04 4.18 -1.50451 4.1553?1
	is guard inside polygon? 0
0 other guards have coords 4 4.16819
scaling gradient with 8 to -82.348 -4.01697
	>>>> prev guard 9.04 4.18 cur guard -7.04037 4.93499
	was guard reflex vertex? 0
	was guard in reflex area? 0
	does guard intersect boundary ray 9.04 4.18 -7.04037 4.93499?1
	is guard inside polygon? 0
0 other guards have coords 4 4.41663
scaling gradient with 16 to -164.696 -8.03395
	>>>> prev guard 9.04 4.18 cur guard -18.0569 5.3904
	was guard reflex vertex? 0
	was guard in reflex area? 0
	does guard intersect boundary ray 9.04 4.18 -18.0569 5.3904?1
	is guard inside polygon? 0
0 other guards have coords 4 4.40513
scaling gradient with 32 to -329.392 -16.0679
	>>>> prev guard 9.04 4.18 cur guard -40.0458 4.90177
	was guard reflex vertex? 0
	was guard in reflex area? 0
	does guard intersect boundary ray 9.04 4.18 -40.0458 4.90177?1
	is guard inside polygon? 0
0 other guards have coords 4 4.25411
Df=0 0
h=0 0
Df=0 0
h=0 0
Df=-4.1174 -0.200849
h=-0.244647 5.01525
Df=0 0
h=0 0
Df=0 0
h=0 0
Df=0 0
h=0 0
Df=-0.0257337 -0.0012553
h=-0.244647 5.01525
is completely visible? 1
are areas equal? 38=38?1
i=2
area=38
g0=14.83 4.69
alpha0=0.4
area0=26.3878
g1=4.37 4.63
alpha1=0.4
area1=26.486
g2=9.01427 4.17874
alpha2=0.4
area2=28.2811
g3=11.15 5.13
alpha3=0.4
area3=23.277
