14
4 5 4 3
5 9 4 5
6 5 5 9
7 5 6 5
8 9 7 5
9 5 8 9
10 5 9 5
11 9 10 5
12 5 11 9
13 5 12 5
14 9 13 5
15 3 4 3
15 5 15 3
14 9 15 5
total area=38
i=0
area=38
+++++4 guards with gradient 0
	======== guard 11.15 5.13
	was guard reflex vertex? 0
	computed gradient -0 -0 and pull -0 -0
	======== guard 14.83 4.69
	was guard reflex vertex? 0
	computed gradient -0 -0 and pull -0 0
	======== guard 5.22 6.53
	was guard reflex vertex? 0
	computed gradient -0 -0 and pull 0 -0
	======== guard 8.56 3.12
	was guard reflex vertex? 0
	computed gradient -0 -0 and pull -0 0
is completely visible? 1
are areas equal? 38=38?1
i=2
area=38
g0=11.15 5.13
alpha0=0.4
area0=23.277
g1=14.83 4.69
alpha1=0.4
area1=26.3878
g2=5.22 6.53
alpha2=0.4
area2=9.01961
g3=8.56 3.12
alpha3=0.4
area3=29.9753
