14
4 5 4 3
5 9 4 5
6 5 5 9
7 5 6 5
8 9 7 5
9 5 8 9
10 5 9 5
11 9 10 5
12 5 11 9
13 5 12 5
14 9 13 5
15 3 4 3
15 5 15 3
14 9 15 5
total area=38
i=0
area=35.9797
+++++4 guards with gradient 0
	======== guard 14.83 4.69
	was guard reflex vertex? 0
	computed gradient -0.00744917 -0.0680037 and pull -0.0238867 0.00261656
	------- removing guard 14.83 4.69
g0=14.83 4.69
area0=26.3878
alpha0=0.4
scaling gradient with 0.03125 to -0.000232787 -0.00212512
	>>>> prev guard 14.83 4.69 cur guard 14.8281 4.69004
	was guard reflex vertex? 0
	was guard in reflex area? 0
	does guard intersect boundary ray 14.83 4.69 14.8281 4.69004?0
	is guard inside polygon? 1
0 other guards have coords 14.8281 4.69004
	 new best guard at 14.8281 4.69004
scaling gradient with 0.0625 to -0.000465573 -0.00425023
	>>>> prev guard 14.83 4.69 cur guard 14.8246 4.68994
	was guard reflex vertex? 0
	was guard in reflex area? 0
	does guard intersect boundary ray 14.83 4.69 14.8246 4.68994?0
	is guard inside polygon? 1
0 other guards have coords 14.8246 4.68994
	 new best guard at 14.8246 4.68994
scaling gradient with 0.125 to -0.000931146 -0.00850046
	>>>> prev guard 14.83 4.69 cur guard 14.8198 4.68939
	was guard reflex vertex? 0
	was guard in reflex area? 0
	does guard intersect boundary ray 14.83 4.69 14.8198 4.68939?0
	is guard inside polygon? 1
0 other guards have coords 14.8198 4.68939
	 new best guard at 14.8198 4.68939
scaling gradient with 0.25 to -0.00186229 -0.0170009
	>>>> prev guard 14.83 4.69 cur guard 14.8139 4.6878
	was guard reflex vertex? 0
	was guard in reflex area? 0
	does guard intersect boundary ray 14.83 4.69 14.8139 4.6878?0
	is guard inside polygon? 1
0 other guards have coords 14.8139 4.6878
	 new best guard at 14.8139 4.6878
scaling gradient with 0.5 to -0.00372458 -0.0340018
	>>>> prev guard 14.83 4.69 cur guard 14.807 4.68402
	was guard reflex vertex? 0
	was guard in reflex area? 0
	does guard intersect boundary ray 14.83 4.69 14.807 4.68402?0
	is guard inside polygon? 1
0 other guards have coords 14.807 4.68402
	 new best guard at 14.807 4.68402
scaling gradient with 1 to -0.00744917 -0.0680037
	>>>> prev guard 14.83 4.69 cur guard 14.799 4.67576
	was guard reflex vertex? 0
	was guard in reflex area? 0
	does guard intersect boundary ray 14.83 4.69 14.799 4.67576?0
	is guard inside polygon? 1
0 other guards have coords 14.799 4.67576
	 new best guard at 14.799 4.67576
scaling gradient with 2 to -0.0148983 -0.136007
	>>>> prev guard 14.83 4.69 cur guard 14.7894 4.65848
	was guard reflex vertex? 0
	was guard in reflex area? 0
	does guard intersect boundary ray 14.83 4.69 14.7894 4.65848?0
	is guard inside polygon? 1
0 other guards have coords 14.7894 4.65848
	 new best guard at 14.7894 4.65848
scaling gradient with 4 to -0.0297967 -0.272015
	>>>> prev guard 14.83 4.69 cur guard 14.7775 4.62311
	was guard reflex vertex? 0
	was guard in reflex area? 0
	does guard intersect boundary ray 14.83 4.69 14.7775 4.62311?0
	is guard inside polygon? 1
0 other guards have coords 14.7775 4.62311
	 new best guard at 14.7775 4.62311
scaling gradient with 8 to -0.0595933 -0.54403
	>>>> prev guard 14.83 4.69 cur guard 14.7613 4.55149
	was guard reflex vertex? 0
	was guard in reflex area? 0
	does guard intersect boundary ray 14.83 4.69 14.7613 4.55149?0
	is guard inside polygon? 1
0 other guards have coords 14.7613 4.55149
	 new best guard at 14.7613 4.55149
scaling gradient with 16 to -0.119187 -1.08806
	>>>> prev guard 14.83 4.69 cur guard 14.7369 4.40737
	was guard reflex vertex? 0
	was guard in reflex area? 0
	does guard intersect boundary ray 14.83 4.69 14.7369 4.40737?0
	is guard inside polygon? 1
0 other guards have coords 14.7369 4.40737
	 new best guard at 14.7369 4.40737
scaling gradient with 32 to -0.238373 -2.17612
	>>>> prev guard 14.83 4.69 cur guard 14.6964 4.11819
	was guard reflex vertex? 0
	was guard in reflex area? 0
	does guard intersect boundary ray 14.83 4.69 14.6964 4.11819?0
	is guard inside polygon? 1
0 other guards have coords 14.6964 4.11819
	 new best guard at 14.6964 4.11819
Df=0 0
h=0 0
Df=0 0
h=0 0
Df=0 0
h=0 0
Df=0 0
h=0 0
Df=-0.00297967 -0.0272015
h=-0.00955468 0.00104663
Df=0 0
h=0 0
Df=-0.0405157 -0.28918
h=-0.00955468 0.00104663
is completely visible? 0
are areas equal? 38=36.0502?0
+++++3 guards with gradient 0
	======== guard 5.22 6.53
	was guard reflex vertex? 0
	computed gradient -0 -0 and pull 0 -0
	======== guard 8.56 3.12
	was guard reflex vertex? 0
	computed gradient 0.0911893 -0.106747 and pull 0.0333418 0.0335383
	------- removing guard 8.56 3.12
g2=8.56 3.12
area2=29.9753
alpha2=0.4
scaling gradient with 0.03125 to 0.00284966 -0.00333584
	>>>> prev guard 8.56 3.12 cur guard 8.5629 3.12242
	was guard reflex vertex? 0
	was guard in reflex area? 0
	does guard intersect boundary ray 8.56 3.12 8.5629 3.12242?0
	is guard inside polygon? 1
0 other guards have coords 8.5629 3.12242
	 new best guard at 8.5629 3.12242
scaling gradient with 0.0625 to 0.00569933 -0.00667167
	>>>> prev guard 8.56 3.12 cur guard 8.56833 3.1265
	was guard reflex vertex? 0
	was guard in reflex area? 0
	does guard intersect boundary ray 8.56 3.12 8.56833 3.1265?0
	is guard inside polygon? 1
0 other guards have coords 8.56833 3.1265
	 new best guard at 8.56833 3.1265
scaling gradient with 0.125 to 0.0113987 -0.0133433
	>>>> prev guard 8.56 3.12 cur guard 8.57627 3.13138
	was guard reflex vertex? 0
	was guard in reflex area? 0
	does guard intersect boundary ray 8.56 3.12 8.57627 3.13138?0
	is guard inside polygon? 1
0 other guards have coords 8.57627 3.13138
	 new best guard at 8.57627 3.13138
scaling gradient with 0.25 to 0.0227973 -0.0266867
	>>>> prev guard 8.56 3.12 cur guard 8.5871 3.13583
	was guard reflex vertex? 0
	was guard in reflex area? 0
	does guard intersect boundary ray 8.56 3.12 8.5871 3.13583?0
	is guard inside polygon? 1
0 other guards have coords 8.5871 3.13583
	 new best guard at 8.5871 3.13583
scaling gradient with 0.5 to 0.0455946 -0.0533734
	>>>> prev guard 8.56 3.12 cur guard 8.60209 3.13781
	was guard reflex vertex? 0
	was guard in reflex area? 0
	does guard intersect boundary ray 8.56 3.12 8.60209 3.13781?0
	is guard inside polygon? 1
0 other guards have coords 8.60209 3.13781
	 new best guard at 8.60209 3.13781
scaling gradient with 1 to 0.0911893 -0.106747
	>>>> prev guard 8.56 3.12 cur guard 8.62403 3.13353
	was guard reflex vertex? 0
	was guard in reflex area? 0
	does guard intersect boundary ray 8.56 3.12 8.62403 3.13353?0
	is guard inside polygon? 1
0 other guards have coords 8.62403 3.13353
	 new best guard at 8.62403 3.13353
scaling gradient with 2 to 0.182379 -0.213493
	>>>> prev guard 8.56 3.12 cur guard 8.65885 3.11572
	was guard reflex vertex? 0
	was guard in reflex area? 0
	does guard intersect boundary ray 8.56 3.12 8.65885 3.11572?0
	is guard inside polygon? 1
0 other guards have coords 8.65885 3.11572
	 new best guard at 8.65885 3.11572
scaling gradient with 4 to 0.364757 -0.426987
	>>>> prev guard 8.56 3.12 cur guard 8.71855 3.06999
	was guard reflex vertex? 0
	was guard in reflex area? 0
	does guard intersect boundary ray 8.56 3.12 8.71855 3.06999?0
	is guard inside polygon? 1
0 other guards have coords 8.71855 3.06999
	 new best guard at 8.71855 3.06999
scaling gradient with 8 to 0.729514 -0.853974
	>>>> prev guard 8.56 3.12 cur guard 8.82734 2.96777
	was guard reflex vertex? 0
	was guard in reflex area? 0
	does guard intersect boundary ray 8.56 3.12 8.82734 2.96777?1
	is guard inside polygon? 0
0 other guards have coords 8.77074 3
	 new best guard at 8.77074 3
scaling gradient with 16 to 1.45903 -1.70795
	>>>> prev guard 8.56 3.12 cur guard 8.97716 2.78427
	was guard reflex vertex? 0
	was guard in reflex area? 0
	does guard intersect boundary ray 8.56 3.12 8.97716 2.78427?1
	is guard inside polygon? 0
0 other guards have coords 8.70911 3
scaling gradient with 32 to 2.91806 -3.4159
	>>>> prev guard 8.56 3.12 cur guard 9.11036 2.55683
	was guard reflex vertex? 0
	was guard in reflex area? 0
	does guard intersect boundary ray 8.56 3.12 9.11036 2.55683?1
	is guard inside polygon? 0
0 other guards have coords 8.67727 3
Df=0 0
h=0 0
Df=0 0
h=0 0
Df=0 0
h=0 0
Df=0.0272262 -0.0208541
h=0.00880618 0.011497
Df=0 0
h=0 0
Df=0.00924951 -0.0218446
h=0.00453055 0.00191834
Df=0.10879 -0.102219
h=0.0133367 0.0134153
is completely visible? 0
are areas equal? 38=36.3732?0
+++++2 guards with gradient 0
	======== guard 5.22 6.53
	was guard reflex vertex? 0
	computed gradient -0 -0 and pull 0 -0
	======== guard 4.3 4
	was guard reflex vertex? 0
	computed gradient 0.0969626 -0.309388 and pull 0.089245 0.0352839
	------- removing guard 4.3 4
g3=4.3 4
area3=27.2376
alpha3=0.4
scaling gradient with 0.03125 to 0.00303008 -0.00966839
	>>>> prev guard 4.3 4 cur guard 4.30738 4.00205
	was guard reflex vertex? 0
	was guard in reflex area? 0
	does guard intersect boundary ray 4.3 4 4.30738 4.00205?0
	is guard inside polygon? 1
0 other guards have coords 4.30738 4.00205
	 new best guard at 4.30738 4.00205
scaling gradient with 0.0625 to 0.00606016 -0.0193368
	>>>> prev guard 4.3 4 cur guard 4.32091 4.00496
	was guard reflex vertex? 0
	was guard in reflex area? 0
	does guard intersect boundary ray 4.3 4 4.32091 4.00496?0
	is guard inside polygon? 1
0 other guards have coords 4.32091 4.00496
	 new best guard at 4.32091 4.00496
scaling gradient with 0.125 to 0.0121203 -0.0386736
	>>>> prev guard 4.3 4 cur guard 4.33985 4.00703
	was guard reflex vertex? 0
	was guard in reflex area? 0
	does guard intersect boundary ray 4.3 4 4.33985 4.00703?0
	is guard inside polygon? 1
0 other guards have coords 4.33985 4.00703
	 new best guard at 4.33985 4.00703
scaling gradient with 0.25 to 0.0242407 -0.0773471
	>>>> prev guard 4.3 4 cur guard 4.36407 4.00531
	was guard reflex vertex? 0
	was guard in reflex area? 0
	does guard intersect boundary ray 4.3 4 4.36407 4.00531?0
	is guard inside polygon? 1
0 other guards have coords 4.36407 4.00531
	 new best guard at 4.36407 4.00531
scaling gradient with 0.5 to 0.0484813 -0.154694
	>>>> prev guard 4.3 4 cur guard 4.39447 3.99438
	was guard reflex vertex? 0
	was guard in reflex area? 0
	does guard intersect boundary ray 4.3 4 4.39447 3.99438?0
	is guard inside polygon? 1
0 other guards have coords 4.39447 3.99438
	 new best guard at 4.39447 3.99438
scaling gradient with 1 to 0.0969626 -0.309388
	>>>> prev guard 4.3 4 cur guard 4.43368 3.96371
	was guard reflex vertex? 0
	was guard in reflex area? 0
	does guard intersect boundary ray 4.3 4 4.43368 3.96371?0
	is guard inside polygon? 1
0 other guards have coords 4.43368 3.96371
	 new best guard at 4.43368 3.96371
scaling gradient with 2 to 0.193925 -0.618777
	>>>> prev guard 4.3 4 cur guard 4.48771 3.8925
	was guard reflex vertex? 0
	was guard in reflex area? 0
	does guard intersect boundary ray 4.3 4 4.48771 3.8925?0
	is guard inside polygon? 1
0 other guards have coords 4.48771 3.8925
	 new best guard at 4.48771 3.8925
scaling gradient with 4 to 0.38785 -1.23755
	>>>> prev guard 4.3 4 cur guard 4.5691 3.73935
	was guard reflex vertex? 0
	was guard in reflex area? 0
	does guard intersect boundary ray 4.3 4 4.5691 3.73935?0
	is guard inside polygon? 1
0 other guards have coords 4.5691 3.73935
	 new best guard at 4.5691 3.73935
scaling gradient with 8 to 0.775701 -2.47511
	>>>> prev guard 4.3 4 cur guard 4.70341 3.42164
	was guard reflex vertex? 0
	was guard in reflex area? 0
	does guard intersect boundary ray 4.3 4 4.70341 3.42164?0
	is guard inside polygon? 1
0 other guards have coords 4.70341 3.42164
	 new best guard at 4.70341 3.42164
scaling gradient with 16 to 1.5514 -4.95021
	>>>> prev guard 4.3 4 cur guard 4.9421 2.77428
	was guard reflex vertex? 0
	was guard in reflex area? 0
	does guard intersect boundary ray 4.3 4 4.9421 2.77428?1
	is guard inside polygon? 0
0 other guards have coords 4.82386 3
	 new best guard at 4.82386 3
scaling gradient with 32 to 3.1028 -9.90043
	>>>> prev guard 4.3 4 cur guard 5.27018 1.6929
	was guard reflex vertex? 0
	was guard in reflex area? 0
	does guard intersect boundary ray 4.3 4 5.27018 1.6929?1
	is guard inside polygon? 0
0 other guards have coords 4.72052 3
Df=0.0149095 -0.0253461
h=0.012851 0.00755941
Df=0.0143 -0.03861
h=0.0134098 0.0049666
Df=0.00251182 -0.0118056
h=0.00245683 0.000522729
Df=0.00416626 -0.0237477
h=0.00410358 0.000719927
Df=0.000961982 -0.00740726
h=0.000953971 0.000123892
Df=0.00193549 -0.0168387
h=0.00192283 0.000221015
Df=0.238697 -0.647361
h=0.035698 0.0141136
is completely visible? 0
are areas equal? 38=36.3732?0
+++++1 guards with gradient 0
	======== guard 5.22 6.53
	was guard reflex vertex? 0
	computed gradient -0.230019 -0.117265 and pull 0.0682823 -0.133938
	------- removing guard 5.22 6.53
g1=5.22 6.53
area1=9.01961
alpha1=0.4
scaling gradient with 0.03125 to -0.00718811 -0.00366452
	>>>> prev guard 5.22 6.53 cur guard 5.22489 6.51899
	was guard reflex vertex? 0
	was guard in reflex area? 0
	does guard intersect boundary ray 5.22 6.53 5.22489 6.51899?0
	is guard inside polygon? 1
0 other guards have coords 5.22489 6.51899
	 new best guard at 5.22489 6.51899
scaling gradient with 0.0625 to -0.0143762 -0.00732905
	>>>> prev guard 5.22 6.53 cur guard 5.23311 6.49888
	was guard reflex vertex? 0
	was guard in reflex area? 0
	does guard intersect boundary ray 5.22 6.53 5.23311 6.49888?0
	is guard inside polygon? 1
0 other guards have coords 5.23311 6.49888
	 new best guard at 5.23311 6.49888
scaling gradient with 0.125 to -0.0287524 -0.0146581
	>>>> prev guard 5.22 6.53 cur guard 5.24285 6.47091
	was guard reflex vertex? 0
	was guard in reflex area? 0
	does guard intersect boundary ray 5.22 6.53 5.24285 6.47091?0
	is guard inside polygon? 1
0 other guards have coords 5.24285 6.47091
	 new best guard at 5.24285 6.47091
scaling gradient with 0.25 to -0.0575048 -0.0293162
	>>>> prev guard 5.22 6.53 cur guard 5.2515 6.43547
	was guard reflex vertex? 0
	was guard in reflex area? 0
	does guard intersect boundary ray 5.22 6.53 5.2515 6.43547?0
	is guard inside polygon? 1
0 other guards have coords 5.2515 6.43547
	 new best guard at 5.2515 6.43547
scaling gradient with 0.5 to -0.11501 -0.0586324
	>>>> prev guard 5.22 6.53 cur guard 5.25469 6.39171
	was guard reflex vertex? 0
	was guard in reflex area? 0
	does guard intersect boundary ray 5.22 6.53 5.25469 6.39171?0
	is guard inside polygon? 1
0 other guards have coords 5.25469 6.39171
	 new best guard at 5.25469 6.39171
scaling gradient with 1 to -0.230019 -0.117265
	>>>> prev guard 5.22 6.53 cur guard 5.2443 6.33661
	was guard reflex vertex? 0
	was guard in reflex area? 0
	does guard intersect boundary ray 5.22 6.53 5.2443 6.33661?0
	is guard inside polygon? 1
0 other guards have coords 5.2443 6.33661
	 new best guard at 5.2443 6.33661
scaling gradient with 2 to -0.460039 -0.23453
	>>>> prev guard 5.22 6.53 cur guard 5.20465 6.26305
	was guard reflex vertex? 0
	was guard in reflex area? 0
	does guard intersect boundary ray 5.22 6.53 5.20465 6.26305?0
	is guard inside polygon? 1
0 other guards have coords 5.20465 6.26305
	 new best guard at 5.20465 6.26305
scaling gradient with 4 to -0.920077 -0.469059
	>>>> prev guard 5.22 6.53 cur guard 5.10478 6.15596
	was guard reflex vertex? 0
	was guard in reflex area? 0
	does guard intersect boundary ray 5.22 6.53 5.10478 6.15596?0
	is guard inside polygon? 1
0 other guards have coords 5.10478 6.15596
	 new best guard at 5.10478 6.15596
scaling gradient with 8 to -1.84015 -0.938118
	>>>> prev guard 5.22 6.53 cur guard 4.88314 5.98453
	was guard reflex vertex? 0
	was guard in reflex area? 0
	does guard intersect boundary ray 5.22 6.53 4.88314 5.98453?0
	is guard inside polygon? 1
0 other guards have coords 4.88314 5.98453
	 new best guard at 4.88314 5.98453
scaling gradient with 16 to -3.68031 -1.87624
	>>>> prev guard 5.22 6.53 cur guard 4.41686 5.68657
	was guard reflex vertex? 0
	was guard in reflex area? 0
	does guard intersect boundary ray 5.22 6.53 4.41686 5.68657?0
	is guard inside polygon? 1
0 other guards have coords 4.41686 5.68657
	 new best guard at 4.41686 5.68657
scaling gradient with 32 to -7.36062 -3.75247
	>>>> prev guard 5.22 6.53 cur guard 3.46045 5.13729
	was guard reflex vertex? 0
	was guard in reflex area? 0
	does guard intersect boundary ray 5.22 6.53 3.46045 5.13729?1
	is guard inside polygon? 0
0 other guards have coords 4.17589 5.70357
	 new best guard at 4.17589 5.70357
Df=-0.0920077 -0.0469059
h=0.0273129 -0.0535753
Df=-0.956408 -0.549282
h=0.0273129 -0.0535753
is completely visible? 0
are areas equal? 38=36.3732?0
i=1
area=36.3732
+++++4 guards with gradient 0
	======== guard 14.6964 4.11819
	was guard reflex vertex? 0
	computed gradient -0.0391211 -0.119623 and pull -0.0421669 0.0137902
	------- removing guard 14.6964 4.11819
g0=14.6964 4.11819
area0=27.1005
alpha0=0.4
scaling gradient with 0.03125 to -0.00122254 -0.00373821
	>>>> prev guard 14.6964 4.11819 cur guard 14.6605 3.88765
	was guard reflex vertex? 0
	was guard in reflex area? 0
	does guard intersect boundary ray 14.6964 4.11819 14.6605 3.88765?0
	is guard inside polygon? 1
0 other guards have coords 14.6605 3.88765
	 new best guard at 14.6605 3.88765
scaling gradient with 0.0625 to -0.00244507 -0.00747641
	>>>> prev guard 14.6964 4.11819 cur guard 14.6282 3.70372
	was guard reflex vertex? 0
	was guard in reflex area? 0
	does guard intersect boundary ray 14.6964 4.11819 14.6282 3.70372?0
	is guard inside polygon? 1
0 other guards have coords 14.6282 3.70372
	 new best guard at 14.6282 3.70372
scaling gradient with 0.125 to -0.00489014 -0.0149528
	>>>> prev guard 14.6964 4.11819 cur guard 14.5986 3.55649
	was guard reflex vertex? 0
	was guard in reflex area? 0
	does guard intersect boundary ray 14.6964 4.11819 14.5986 3.55649?0
	is guard inside polygon? 1
0 other guards have coords 14.5986 3.55649
	 new best guard at 14.5986 3.55649
scaling gradient with 0.25 to -0.00978029 -0.0299057
	>>>> prev guard 14.6964 4.11819 cur guard 14.5708 3.43741
	was guard reflex vertex? 0
	was guard in reflex area? 0
	does guard intersect boundary ray 14.6964 4.11819 14.5708 3.43741?0
	is guard inside polygon? 1
0 other guards have coords 14.5708 3.43741
	 new best guard at 14.5708 3.43741
scaling gradient with 0.5 to -0.0195606 -0.0598113
	>>>> prev guard 14.6964 4.11819 cur guard 14.5436 3.33847
	was guard reflex vertex? 0
	was guard in reflex area? 0
	does guard intersect boundary ray 14.6964 4.11819 14.5436 3.33847?0
	is guard inside polygon? 1
0 other guards have coords 14.5436 3.33847
	 new best guard at 14.5436 3.33847
scaling gradient with 1 to -0.0391211 -0.119623
	>>>> prev guard 14.6964 4.11819 cur guard 14.5153 3.25085
	was guard reflex vertex? 0
	was guard in reflex area? 0
	does guard intersect boundary ray 14.6964 4.11819 14.5153 3.25085?0
	is guard inside polygon? 1
0 other guards have coords 14.5153 3.25085
	 new best guard at 14.5153 3.25085
scaling gradient with 2 to -0.0782423 -0.239245
	>>>> prev guard 14.6964 4.11819 cur guard 14.4831 3.16271
	was guard reflex vertex? 0
	was guard in reflex area? 0
	does guard intersect boundary ray 14.6964 4.11819 14.4831 3.16271?0
	is guard inside polygon? 1
0 other guards have coords 14.4831 3.16271
	 new best guard at 14.4831 3.16271
scaling gradient with 4 to -0.156485 -0.478491
	>>>> prev guard 14.6964 4.11819 cur guard 14.4414 3.05503
	was guard reflex vertex? 0
	was guard in reflex area? 0
	does guard intersect boundary ray 14.6964 4.11819 14.4414 3.05503?0
	is guard inside polygon? 1
0 other guards have coords 14.4414 3.05503
	 new best guard at 14.4414 3.05503
scaling gradient with 8 to -0.312969 -0.956981
	>>>> prev guard 14.6964 4.11819 cur guard 14.3796 2.89343
	was guard reflex vertex? 0
	was guard in reflex area? 0
	does guard intersect boundary ray 14.6964 4.11819 14.3796 2.89343?1
	is guard inside polygon? 0
0 other guards have coords 14.4072 3
	 new best guard at 14.4072 3
scaling gradient with 16 to -0.625938 -1.91396
	>>>> prev guard 14.6964 4.11819 cur guard 14.3043 2.71871
	was guard reflex vertex? 0
	was guard in reflex area? 0
	does guard intersect boundary ray 14.6964 4.11819 14.3043 2.71871?1
	is guard inside polygon? 0
0 other guards have coords 14.3831 3
	 new best guard at 14.3831 3
scaling gradient with 32 to -1.25188 -3.82792
	>>>> prev guard 14.6964 4.11819 cur guard 14.1973 2.46983
	was guard reflex vertex? 0
	was guard in reflex area? 0
	does guard intersect boundary ray 14.6964 4.11819 14.1973 2.46983?1
	is guard inside polygon? 0
0 other guards have coords 14.3578 3
	 new best guard at 14.3578 3
Df=0 0
h=0 0
Df=0 0
h=0 0
Df=0 0
h=0 0
Df=0 0
h=0 0
Df=-0.0156485 -0.0478491
h=-0.0168667 0.00551607
Df=0 0
h=0 0
Df=-0.185808 -0.530167
h=-0.0168667 0.00551607
is completely visible? 0
are areas equal? 38=36.5977?0
+++++3 guards with gradient 0
	======== guard 4.17589 5.70357
	was guard reflex vertex? 0
	computed gradient -0 -0 and pull 0 -0
	======== guard 8.77074 3
	was guard reflex vertex? 0
	computed gradient 0.0918534 -0.094471 and pull 0.0288688 0.0337486
	------- removing guard 8.77074 3
g2=8.77074 3
area2=30.3819
alpha2=0.4
scaling gradient with 0.03125 to 0.00287042 -0.00295222
	>>>> prev guard 8.77074 3 cur guard 8.86031 2.92069
	was guard reflex vertex? 0
	was guard in reflex area? 0
	does guard intersect boundary ray 8.77074 3 8.86031 2.92069?1
	is guard inside polygon? 0
0 other guards have coords 8.86031 3
	 new best guard at 8.86031 3
scaling gradient with 0.0625 to 0.00574084 -0.00590444
	>>>> prev guard 8.77074 3 cur guard 8.93473 2.93878
	was guard reflex vertex? 0
	was guard in reflex area? 0
	does guard intersect boundary ray 8.77074 3 8.93473 2.93878?1
	is guard inside polygon? 0
0 other guards have coords 8.93473 3
	 new best guard at 8.93473 3
scaling gradient with 0.125 to 0.0114817 -0.0118089
	>>>> prev guard 8.77074 3 cur guard 8.9975 2.95278
	was guard reflex vertex? 0
	was guard in reflex area? 0
	does guard intersect boundary ray 8.77074 3 8.9975 2.95278?1
	is guard inside polygon? 0
0 other guards have coords 8.9975 3
	 new best guard at 8.9975 3
scaling gradient with 0.25 to 0.0229634 -0.0236178
	>>>> prev guard 8.77074 3 cur guard 9.05186 2.96303
	was guard reflex vertex? 0
	was guard in reflex area? 0
	does guard intersect boundary ray 8.77074 3 9.05186 2.96303?1
	is guard inside polygon? 0
0 other guards have coords 9.05186 3
	 new best guard at 9.05186 3
scaling gradient with 0.5 to 0.0459267 -0.0472355
	>>>> prev guard 8.77074 3 cur guard 9.10134 2.96935
	was guard reflex vertex? 0
	was guard in reflex area? 0
	does guard intersect boundary ray 8.77074 3 9.10134 2.96935?1
	is guard inside polygon? 0
0 other guards have coords 9.10134 3
	 new best guard at 9.10134 3
scaling gradient with 1 to 0.0918534 -0.094471
	>>>> prev guard 8.77074 3 cur guard 9.15057 2.97062
	was guard reflex vertex? 0
	was guard in reflex area? 0
	does guard intersect boundary ray 8.77074 3 9.15057 2.97062?1
	is guard inside polygon? 0
0 other guards have coords 9.15057 3
	 new best guard at 9.15057 3
scaling gradient with 2 to 0.183707 -0.188942
	>>>> prev guard 8.77074 3 cur guard 9.20697 2.96408
	was guard reflex vertex? 0
	was guard in reflex area? 0
	does guard intersect boundary ray 8.77074 3 9.20697 2.96408?1
	is guard inside polygon? 0
0 other guards have coords 9.20697 3
	 new best guard at 9.20697 3
scaling gradient with 4 to 0.367414 -0.377884
	>>>> prev guard 8.77074 3 cur guard 9.28379 2.94373
	was guard reflex vertex? 0
	was guard in reflex area? 0
	does guard intersect boundary ray 8.77074 3 9.28379 2.94373?1
	is guard inside polygon? 0
0 other guards have coords 9.28379 3
	 new best guard at 9.28379 3
scaling gradient with 8 to 0.734827 -0.755768
	>>>> prev guard 8.77074 3 cur guard 9.40634 2.89723
	was guard reflex vertex? 0
	was guard in reflex area? 0
	does guard intersect boundary ray 8.77074 3 9.40634 2.89723?1
	is guard inside polygon? 0
0 other guards have coords 9.40634 3
	 new best guard at 9.40634 3
scaling gradient with 16 to 1.46965 -1.51154
	>>>> prev guard 8.77074 3 cur guard 9.62426 2.79956
	was guard reflex vertex? 0
	was guard in reflex area? 0
	does guard intersect boundary ray 8.77074 3 9.62426 2.79956?1
	is guard inside polygon? 0
0 other guards have coords 9.62426 3
scaling gradient with 32 to 2.93931 -3.02307
	>>>> prev guard 8.77074 3 cur guard 10.0361 2.6005
	was guard reflex vertex? 0
	was guard in reflex area? 0
	does guard intersect boundary ray 8.77074 3 10.0361 2.6005?1
	is guard inside polygon? 0
0 other guards have coords 10.0361 3
Df=0 0
h=0 0
Df=0 0
h=0 0
Df=0 0
h=0 0
Df=0.026604 -0.0163517
h=0.00696535 0.0113326
Df=0 0
h=0 0
Df=0.0101373 -0.0214367
h=0.00458215 0.00216688
Df=0.12255 -0.102775
h=0.0115475 0.0134995
is completely visible? 0
are areas equal? 38=37.7018?0
+++++2 guards with gradient 0
	======== guard 4.17589 5.70357
	was guard reflex vertex? 0
	computed gradient -0 -0 and pull 0 -0
	======== guard 4.82386 3
	was guard reflex vertex? 0
	computed gradient 0.153236 -0.222651 and pull 0.0549039 0.0490776
	------- removing guard 4.82386 3
g3=4.82386 3
area3=28.6604
alpha3=0.4
scaling gradient with 0.03125 to 0.00478863 -0.00695786
	>>>> prev guard 4.82386 3 cur guard 5.01959 2.48548
	was guard reflex vertex? 0
	was guard in reflex area? 0
	does guard intersect boundary ray 4.82386 3 5.01959 2.48548?1
	is guard inside polygon? 0
0 other guards have coords 5.01959 3
	 new best guard at 5.01959 3
scaling gradient with 0.0625 to 0.00957727 -0.0139157
	>>>> prev guard 4.82386 3 cur guard 5.18133 2.5912
	was guard reflex vertex? 0
	was guard in reflex area? 0
	does guard intersect boundary ray 4.82386 3 5.18133 2.5912?1
	is guard inside polygon? 0
0 other guards have coords 5.18133 3
	 new best guard at 5.18133 3
scaling gradient with 0.125 to 0.0191545 -0.0278314
	>>>> prev guard 4.82386 3 cur guard 5.31665 2.67466
	was guard reflex vertex? 0
	was guard in reflex area? 0
	does guard intersect boundary ray 4.82386 3 5.31665 2.67466?1
	is guard inside polygon? 0
0 other guards have coords 5.31665 3
	 new best guard at 5.31665 3
scaling gradient with 0.25 to 0.0383091 -0.0556629
	>>>> prev guard 4.82386 3 cur guard 5.43237 2.7392
	was guard reflex vertex? 0
	was guard in reflex area? 0
	does guard intersect boundary ray 4.82386 3 5.43237 2.7392?1
	is guard inside polygon? 0
0 other guards have coords 5.43237 3
	 new best guard at 5.43237 3
scaling gradient with 0.5 to 0.0766181 -0.111326
	>>>> prev guard 4.82386 3 cur guard 5.53546 2.78638
	was guard reflex vertex? 0
	was guard in reflex area? 0
	does guard intersect boundary ray 4.82386 3 5.53546 2.78638?1
	is guard inside polygon? 0
0 other guards have coords 5.53546 3
	 new best guard at 5.53546 3
scaling gradient with 1 to 0.153236 -0.222651
	>>>> prev guard 4.82386 3 cur guard 5.63458 2.81522
	was guard reflex vertex? 0
	was guard in reflex area? 0
	does guard intersect boundary ray 4.82386 3 5.63458 2.81522?1
	is guard inside polygon? 0
0 other guards have coords 5.63458 3
	 new best guard at 5.63458 3
scaling gradient with 2 to 0.306473 -0.445303
	>>>> prev guard 4.82386 3 cur guard 5.7428 2.82048
	was guard reflex vertex? 0
	was guard in reflex area? 0
	does guard intersect boundary ray 4.82386 3 5.7428 2.82048?1
	is guard inside polygon? 0
0 other guards have coords 5.7428 3
	 new best guard at 5.7428 3
scaling gradient with 4 to 0.612945 -0.890606
	>>>> prev guard 4.82386 3 cur guard 5.88279 2.78906
	was guard reflex vertex? 0
	was guard in reflex area? 0
	does guard intersect boundary ray 4.82386 3 5.88279 2.78906?1
	is guard inside polygon? 0
0 other guards have coords 5.88279 3
	 new best guard at 5.88279 3
scaling gradient with 8 to 1.22589 -1.78121
	>>>> prev guard 4.82386 3 cur guard 6.09725 2.69268
	was guard reflex vertex? 0
	was guard in reflex area? 0
	does guard intersect boundary ray 4.82386 3 6.09725 2.69268?1
	is guard inside polygon? 0
0 other guards have coords 6.09725 3
	 new best guard at 6.09725 3
scaling gradient with 16 to 2.45178 -3.56242
	>>>> prev guard 4.82386 3 cur guard 6.46935 2.47307
	was guard reflex vertex? 0
	was guard in reflex area? 0
	does guard intersect boundary ray 4.82386 3 6.46935 2.47307?1
	is guard inside polygon? 0
0 other guards have coords 6.46935 3
	 new best guard at 6.46935 3
scaling gradient with 32 to 4.90356 -7.12485
	>>>> prev guard 4.82386 3 cur guard 7.16371 2.0124
	was guard reflex vertex? 0
	was guard in reflex area? 0
	does guard intersect boundary ray 4.82386 3 7.16371 2.0124?1
	is guard inside polygon? 0
0 other guards have coords 7.16371 3
Df=0.0215473 -0.0126714
h=0.00546133 0.00928683
Df=0.0209378 -0.0227818
h=0.007708 0.00708409
Df=0.00541021 -0.0112969
h=0.00243975 0.00116842
Df=0.00761435 -0.0197065
h=0.00355129 0.00137218
Df=0.00209013 -0.00749952
h=0.0010067 0.000280568
Df=0.00369477 -0.0151045
h=0.00179448 0.000438955
Df=0.372103 -0.526927
h=0.0219615 0.019631
is completely visible? 0
are areas equal? 38=37.7018?0
+++++1 guards with gradient 0
	======== guard 4.17589 5.70357
	was guard reflex vertex? 0
	computed gradient -0.16939 -0.439168 and pull 0.224628 -0.0866403
	------- removing guard 4.17589 5.70357
g1=4.17589 5.70357
area1=13.1853
alpha1=0.4
scaling gradient with 0.03125 to -0.00529343 -0.013724
	>>>> prev guard 4.17589 5.70357 cur guard 3.42831 5.25611
	was guard reflex vertex? 0
	was guard in reflex area? 0
	does guard intersect boundary ray 4.17589 5.70357 3.42831 5.25611?1
	is guard inside polygon? 0
0 other guards have coords 4.02663 5.10653
	 new best guard at 4.02663 5.10653
scaling gradient with 0.0625 to -0.0105869 -0.027448
	>>>> prev guard 4.17589 5.70357 cur guard 3.44569 4.73944
	was guard reflex vertex? 0
	was guard in reflex area? 0
	does guard intersect boundary ray 4.17589 5.70357 3.44569 4.73944?1
	is guard inside polygon? 0
0 other guards have coords 4 5
	 new best guard at 4 5
scaling gradient with 0.125 to -0.0211737 -0.0548959
	>>>> prev guard 4.17589 5.70357 cur guard 3.55152 4.695
	was guard reflex vertex? 0
	was guard in reflex area? 0
	does guard intersect boundary ray 4.17589 5.70357 3.55152 4.695?1
	is guard inside polygon? 0
1 other guards have coords 4 5
scaling gradient with 0.25 to -0.0423474 -0.109792
	>>>> prev guard 4.17589 5.70357 cur guard 3.6558 4.74029
	was guard reflex vertex? 0
	was guard in reflex area? 0
	does guard intersect boundary ray 4.17589 5.70357 3.6558 4.74029?1
	is guard inside polygon? 0
1 other guards have coords 4 5
scaling gradient with 0.5 to -0.0846948 -0.219584
	>>>> prev guard 4.17589 5.70357 cur guard 3.73584 4.76773
	was guard reflex vertex? 0
	was guard in reflex area? 0
	does guard intersect boundary ray 4.17589 5.70357 3.73584 4.76773?1
	is guard inside polygon? 0
1 other guards have coords 4 5
scaling gradient with 1 to -0.16939 -0.439168
	>>>> prev guard 4.17589 5.70357 cur guard 3.79309 4.77212
	was guard reflex vertex? 0
	was guard in reflex area? 0
	does guard intersect boundary ray 4.17589 5.70357 3.79309 4.77212?1
	is guard inside polygon? 0
1 other guards have coords 4 5
scaling gradient with 2 to -0.338779 -0.878335
	>>>> prev guard 4.17589 5.70357 cur guard 3.82534 4.7405
	was guard reflex vertex? 0
	was guard in reflex area? 0
	does guard intersect boundary ray 4.17589 5.70357 3.82534 4.7405?1
	is guard inside polygon? 0
1 other guards have coords 4 5
scaling gradient with 4 to -0.677559 -1.75667
	>>>> prev guard 4.17589 5.70357 cur guard 3.82404 4.64493
	was guard reflex vertex? 0
	was guard in reflex area? 0
	does guard intersect boundary ray 4.17589 5.70357 3.82404 4.64493?1
	is guard inside polygon? 0
1 other guards have coords 4 5
scaling gradient with 8 to -1.35512 -3.51334
	>>>> prev guard 4.17589 5.70357 cur guard 3.76879 4.42795
	was guard reflex vertex? 0
	was guard in reflex area? 0
	does guard intersect boundary ray 4.17589 5.70357 3.76879 4.42795?1
	is guard inside polygon? 0
1 other guards have coords 4 5
scaling gradient with 16 to -2.71023 -7.02668
	>>>> prev guard 4.17589 5.70357 cur guard 3.61618 3.97329
	was guard reflex vertex? 0
	was guard in reflex area? 0
	does guard intersect boundary ray 4.17589 5.70357 3.61618 3.97329?1
	is guard inside polygon? 0
1 other guards have coords 4 5
scaling gradient with 32 to -5.42047 -14.0534
	>>>> prev guard 4.17589 5.70357 cur guard 3.27728 3.04743
	was guard reflex vertex? 0
	was guard in reflex area? 0
	does guard intersect boundary ray 4.17589 5.70357 3.27728 3.04743?1
	is guard inside polygon? 0
1 other guards have coords 4 5
Df=-0.0677559 -0.175667
h=0.0898511 -0.0346561
Df=-0.58094 -0.367091
h=0.0898511 -0.0346561
is completely visible? 0
are areas equal? 38=37.7018?0
i=2
area=37.7018
+++++4 guards with gradient 0
	======== guard 14.3578 3
	was guard reflex vertex? 0
	computed gradient -0.0305914 -0.0360647 and pull -0.0116645 0.00989428
	------- removing guard 14.3578 3
g0=14.3578 3
area0=28.5341
alpha0=0.4
scaling gradient with 0.03125 to -0.00095598 -0.00112702
	>>>> prev guard 14.3578 3 cur guard 14.2082 2.57657
	was guard reflex vertex? 0
	was guard in reflex area? 0
	does guard intersect boundary ray 14.3578 3 14.2082 2.57657?1
	is guard inside polygon? 0
0 other guards have coords 14.2082 3
	 new best guard at 14.2082 3
scaling gradient with 0.0625 to -0.00191196 -0.00225404
	>>>> prev guard 14.3578 3 cur guard 14.0874 2.66187
	was guard reflex vertex? 0
	was guard in reflex area? 0
	does guard intersect boundary ray 14.3578 3 14.0874 2.66187?1
	is guard inside polygon? 0
0 other guards have coords 14.0874 3
	 new best guard at 14.0874 3
scaling gradient with 0.125 to -0.00382392 -0.00450809
	>>>> prev guard 14.3578 3 cur guard 13.9895 2.72992
	was guard reflex vertex? 0
	was guard in reflex area? 0
	does guard intersect boundary ray 14.3578 3 13.9895 2.72992?1
	is guard inside polygon? 0
0 other guards have coords 13.9895 3
	 new best guard at 13.9895 3
scaling gradient with 0.25 to -0.00764784 -0.00901617
	>>>> prev guard 14.3578 3 cur guard 13.9096 2.78401
	was guard reflex vertex? 0
	was guard in reflex area? 0
	does guard intersect boundary ray 14.3578 3 13.9096 2.78401?1
	is guard inside polygon? 0
0 other guards have coords 13.9096 3
	 new best guard at 13.9096 3
scaling gradient with 0.5 to -0.0152957 -0.0180323
	>>>> prev guard 14.3578 3 cur guard 13.8436 2.82656
	was guard reflex vertex? 0
	was guard in reflex area? 0
	does guard intersect boundary ray 14.3578 3 13.8436 2.82656?1
	is guard inside polygon? 0
0 other guards have coords 13.8436 3
	 new best guard at 13.8436 3
scaling gradient with 1 to -0.0305914 -0.0360647
	>>>> prev guard 14.3578 3 cur guard 13.7874 2.85915
	was guard reflex vertex? 0
	was guard in reflex area? 0
	does guard intersect boundary ray 14.3578 3 13.7874 2.85915?1
	is guard inside polygon? 0
0 other guards have coords 13.7874 3
	 new best guard at 13.7874 3
scaling gradient with 2 to -0.0611827 -0.0721294
	>>>> prev guard 14.3578 3 cur guard 13.7366 2.88234
	was guard reflex vertex? 0
	was guard in reflex area? 0
	does guard intersect boundary ray 14.3578 3 13.7366 2.88234?1
	is guard inside polygon? 0
0 other guards have coords 13.7366 3
	 new best guard at 13.7366 3
scaling gradient with 4 to -0.122365 -0.144259
	>>>> prev guard 14.3578 3 cur guard 13.6852 2.89512
	was guard reflex vertex? 0
	was guard in reflex area? 0
	does guard intersect boundary ray 14.3578 3 13.6852 2.89512?1
	is guard inside polygon? 0
0 other guards have coords 13.6852 3
	 new best guard at 13.6852 3
scaling gradient with 8 to -0.244731 -0.288518
	>>>> prev guard 14.3578 3 cur guard 13.6236 2.89381
	was guard reflex vertex? 0
	was guard in reflex area? 0
	does guard intersect boundary ray 14.3578 3 13.6236 2.89381?1
	is guard inside polygon? 0
0 other guards have coords 13.6236 3
	 new best guard at 13.6236 3
scaling gradient with 16 to -0.489462 -0.577035
	>>>> prev guard 14.3578 3 cur guard 13.5342 2.86968
	was guard reflex vertex? 0
	was guard in reflex area? 0
	does guard intersect boundary ray 14.3578 3 13.5342 2.86968?1
	is guard inside polygon? 0
0 other guards have coords 13.5342 3
	 new best guard at 13.5342 3
scaling gradient with 32 to -0.978924 -1.15407
	>>>> prev guard 14.3578 3 cur guard 13.3835 2.80421
	was guard reflex vertex? 0
	was guard in reflex area? 0
	does guard intersect boundary ray 14.3578 3 13.3835 2.80421?1
	is guard inside polygon? 0
0 other guards have coords 13.3835 3
	 new best guard at 13.3835 3
Df=0 0
h=0 0
Df=0 0
h=0 0
Df=0 0
h=0 0
Df=0 0
h=0 0
Df=-0.0122365 -0.0144259
h=-0.00466581 0.00395771
Df=0 0
h=0 0
Df=-0.150744 -0.195793
h=-0.00466581 0.00395771
is completely visible? 0
are areas equal? 38=37.758?0
+++++3 guards with gradient 0
	======== guard 4 5
	was guard reflex vertex? 0
	computed gradient -0 -0 and pull 0 -0
	======== guard 9.40634 3
	was guard reflex vertex? 0
	computed gradient -0.181265 -0.112719 and pull -0.00634805 0.137494
	------- removing guard 9.40634 3
g2=9.40634 3
area2=31.6585
alpha2=0.4
scaling gradient with 0.03125 to -0.00566453 -0.00352247
	>>>> prev guard 9.40634 3 cur guard 9.50342 2.9285
	was guard reflex vertex? 0
	was guard in reflex area? 0
	does guard intersect boundary ray 9.40634 3 9.50342 2.9285?1
	is guard inside polygon? 0
0 other guards have coords 9.50342 3
	 new best guard at 9.50342 3
scaling gradient with 0.0625 to -0.0113291 -0.00704494
	>>>> prev guard 9.40634 3 cur guard 9.57966 2.95323
	was guard reflex vertex? 0
	was guard in reflex area? 0
	does guard intersect boundary ray 9.40634 3 9.57966 2.95323?1
	is guard inside polygon? 0
0 other guards have coords 9.57966 3
scaling gradient with 0.125 to -0.0226581 -0.0140899
	>>>> prev guard 9.40634 3 cur guard 9.63834 2.97246
	was guard reflex vertex? 0
	was guard in reflex area? 0
	does guard intersect boundary ray 9.40634 3 9.63834 2.97246?1
	is guard inside polygon? 0
0 other guards have coords 9.63834 3
scaling gradient with 0.25 to -0.0453162 -0.0281797
	>>>> prev guard 9.40634 3 cur guard 9.68115 2.98671
	was guard reflex vertex? 0
	was guard in reflex area? 0
	does guard intersect boundary ray 9.40634 3 9.68115 2.98671?1
	is guard inside polygon? 0
0 other guards have coords 9.68115 3
scaling gradient with 0.5 to -0.0906325 -0.0563595
	>>>> prev guard 9.40634 3 cur guard 9.70764 2.99586
	was guard reflex vertex? 0
	was guard in reflex area? 0
	does guard intersect boundary ray 9.40634 3 9.70764 2.99586?1
	is guard inside polygon? 0
0 other guards have coords 9.70764 3
scaling gradient with 1 to -0.181265 -0.112719
	>>>> prev guard 9.40634 3 cur guard 9.71383 2.99867
	was guard reflex vertex? 0
	was guard in reflex area? 0
	does guard intersect boundary ray 9.40634 3 9.71383 2.99867?1
	is guard inside polygon? 0
0 other guards have coords 9.71383 3
scaling gradient with 2 to -0.36253 -0.225438
	>>>> prev guard 9.40634 3 cur guard 9.68926 2.9919
	was guard reflex vertex? 0
	was guard in reflex area? 0
	does guard intersect boundary ray 9.40634 3 9.68926 2.9919?1
	is guard inside polygon? 0
0 other guards have coords 9.68926 3
scaling gradient with 4 to -0.72506 -0.450876
	>>>> prev guard 9.40634 3 cur guard 9.6111 2.96845
	was guard reflex vertex? 0
	was guard in reflex area? 0
	does guard intersect boundary ray 9.40634 3 9.6111 2.96845?1
	is guard inside polygon? 0
0 other guards have coords 9.6111 3
scaling gradient with 8 to -1.45012 -0.901752
	>>>> prev guard 9.40634 3 cur guard 9.43205 2.91362
	was guard reflex vertex? 0
	was guard in reflex area? 0
	does guard intersect boundary ray 9.40634 3 9.43205 2.91362?1
	is guard inside polygon? 0
0 other guards have coords 9.43205 3
scaling gradient with 16 to -2.90024 -1.8035
	>>>> prev guard 9.40634 3 cur guard 9.05628 2.79761
	was guard reflex vertex? 0
	was guard in reflex area? 0
	does guard intersect boundary ray 9.40634 3 9.05628 2.79761?1
	is guard inside polygon? 0
0 other guards have coords 9.05628 3
scaling gradient with 32 to -5.80048 -3.60701
	>>>> prev guard 9.40634 3 cur guard 8.29112 2.56053
	was guard reflex vertex? 0
	was guard in reflex area? 0
	does guard intersect boundary ray 9.40634 3 8.29112 2.56053?1
	is guard inside polygon? 0
0 other guards have coords 8.29112 3
Df=0 0
h=0 0
Df=0 0
h=0 0
Df=-0.0956444 -0.0194319
h=-0.00952143 0.0468648
Df=0.0106135 -0.00315042
h=0.00151009 0.00508734
Df=0 0
h=0 0
Df=0.012525 -0.0225053
h=0.00547212 0.00304543
Df=0.0970793 -0.071502
h=-0.00253922 0.0549975
is completely visible? 0
are areas equal? 38=37.9992?0
i=4
area=37.9992
g0=13.3835 3
alpha0=0.4
area0=29.4502
g1=4 5
alpha1=0.4
area1=26
g2=9.50342 3
alpha2=0.4
area2=31.9864
g3=6.46935 3
alpha3=0.4
area3=31.4424
