14
4 5 4 3
5 9 4 5
6 5 5 9
7 5 6 5
8 9 7 5
9 5 8 9
10 5 9 5
11 9 10 5
12 5 11 9
13 5 12 5
14 9 13 5
15 3 4 3
15 5 15 3
14 9 15 5
total area=38
i=0
area=35.3091
+++++4 guards with gradient 0
	======== guard 5.04 3.33
	was guard reflex vertex? 0
	computed gradient 0 -0 and pull 0 0
	======== guard 11.15 5.13
	was guard reflex vertex? 0
	computed gradient -0 -0 and pull -0 -0
	======== guard 7.13 4.55
	was guard reflex vertex? 0
	computed gradient -0 -0 and pull -0 0
	======== guard 12.77 4.82
	was guard reflex vertex? 0
	computed gradient 0.506138 -0.646732 and pull 2.21437 1.73298
	------- removing guard 12.77 4.82
g3=12.77 4.82
area3=23.898
alpha3=0.4
scaling gradient with 0.03125 to 0.0158168 -0.0202104
event=placed on reflex vertex 13 5
	>>>> prev guard 12.77 4.82 cur guard 13 5
	was guard reflex vertex? 0
	was guard in reflex area? 0
	does guard intersect boundary ray 12.77 4.82 13 5?0
	is guard inside polygon? 1
0 other guards have coords 13 5
	 new best guard at 13 5
scaling gradient with 0.0625 to 0.0316336 -0.0404208
event=placed on reflex vertex 13 5
	>>>> prev guard 12.77 4.82 cur guard 13 5
	was guard reflex vertex? 0
	was guard in reflex area? 0
	does guard intersect boundary ray 12.77 4.82 13 5?0
	is guard inside polygon? 1
1 other guards have coords 13 5
scaling gradient with 0.125 to 0.0632673 -0.0808415
event=placed on reflex vertex 13 5
	>>>> prev guard 12.77 4.82 cur guard 13 5
	was guard reflex vertex? 0
	was guard in reflex area? 0
	does guard intersect boundary ray 12.77 4.82 13 5?0
	is guard inside polygon? 1
1 other guards have coords 13 5
scaling gradient with 0.25 to 0.126535 -0.161683
event=placed on reflex vertex 13 5
	>>>> prev guard 12.77 4.82 cur guard 13 5
	was guard reflex vertex? 0
	was guard in reflex area? 0
	does guard intersect boundary ray 12.77 4.82 13 5?0
	is guard inside polygon? 1
1 other guards have coords 13 5
scaling gradient with 0.5 to 0.253069 -0.323366
event=placed on reflex vertex 13 5
	>>>> prev guard 12.77 4.82 cur guard 13 5
	was guard reflex vertex? 0
	was guard in reflex area? 0
	does guard intersect boundary ray 12.77 4.82 13 5?0
	is guard inside polygon? 1
1 other guards have coords 13 5
scaling gradient with 1 to 0.506138 -0.646732
event=placed on reflex vertex 13 5
	>>>> prev guard 12.77 4.82 cur guard 13 5
	was guard reflex vertex? 0
	was guard in reflex area? 0
	does guard intersect boundary ray 12.77 4.82 13 5?0
	is guard inside polygon? 1
1 other guards have coords 13 5
scaling gradient with 2 to 1.01228 -1.29346
event=placed on reflex vertex 13 5
	>>>> prev guard 12.77 4.82 cur guard 13 5
	was guard reflex vertex? 0
	was guard in reflex area? 0
	does guard intersect boundary ray 12.77 4.82 13 5?0
	is guard inside polygon? 1
1 other guards have coords 13 5
scaling gradient with 4 to 2.02455 -2.58693
event=placed on reflex vertex 13 5
	>>>> prev guard 12.77 4.82 cur guard 13 5
	was guard reflex vertex? 0
	was guard in reflex area? 0
	does guard intersect boundary ray 12.77 4.82 13 5?0
	is guard inside polygon? 1
1 other guards have coords 13 5
scaling gradient with 8 to 4.04911 -5.17386
event=placed on reflex vertex 13 5
	>>>> prev guard 12.77 4.82 cur guard 13 5
	was guard reflex vertex? 0
	was guard in reflex area? 0
	does guard intersect boundary ray 12.77 4.82 13 5?0
	is guard inside polygon? 1
1 other guards have coords 13 5
scaling gradient with 16 to 8.09821 -10.3477
event=placed on reflex vertex 13 5
	>>>> prev guard 12.77 4.82 cur guard 13 5
	was guard reflex vertex? 0
	was guard in reflex area? 0
	does guard intersect boundary ray 12.77 4.82 13 5?0
	is guard inside polygon? 1
1 other guards have coords 13 5
scaling gradient with 32 to 16.1964 -20.6954
event=placed on reflex vertex 13 5
	>>>> prev guard 12.77 4.82 cur guard 13 5
	was guard reflex vertex? 0
	was guard in reflex area? 0
	does guard intersect boundary ray 12.77 4.82 13 5?0
	is guard inside polygon? 1
1 other guards have coords 13 5
Df=-0 -0
h=-0 0
Df=-0 -0
h=-0 0
Df=-0 -0
h=-0 0
Df=-0 -0
h=-0 0
Df=-0 -0
h=-0 0
Df=0.202455 -0.258693
h=0.885748 0.693194
Df=0 0
h=0.885748 0.693194
is completely visible? 1
are areas equal? 38=38?1
i=2
area=38
g0=5.04 3.33
alpha0=0.4
area0=28.4246
g1=11.15 5.13
alpha1=0.4
area1=23.277
g2=7.13 4.55
alpha2=0.4
area2=27.1765
g3=13 5
alpha3=0.4
area3=26
