14
4 5 4 3
5 9 4 5
6 5 5 9
7 5 6 5
8 9 7 5
9 5 8 9
10 5 9 5
11 9 10 5
12 5 11 9
13 5 12 5
14 9 13 5
15 3 4 3
15 5 15 3
14 9 15 5
total area=38
i=0
area=36.0138
+++++4 guards with gradient 0
	======== guard 12.77 4.82
	was guard reflex vertex? 0
	computed gradient -0.105215 -0.450086 and pull -0.569182 0.133056
	------- removing guard 12.77 4.82
g0=12.77 4.82
area0=23.898
alpha0=0.4
scaling gradient with 0.03125 to -0.00328797 -0.0140652
pull reduced from 0.341672 to 	>>>> prev guard 12.77 4.82 cur guard 12.7697 4.81887
	was guard reflex vertex? 0
	was guard in reflex area? 0
	does guard intersect boundary ray 12.77 4.82 12.7697 4.81887?0
	is guard inside polygon? 1
0 other guards have coords 12.7697 4.81887
	 new best guard at 12.7697 4.81887
scaling gradient with 0.0625 to -0.00657593 -0.0281304
pull reduced from 0.341672 to 	>>>> prev guard 12.77 4.82 cur guard 12.769 4.81572
	was guard reflex vertex? 0
	was guard in reflex area? 0
	does guard intersect boundary ray 12.77 4.82 12.769 4.81572?0
	is guard inside polygon? 1
0 other guards have coords 12.769 4.81572
	 new best guard at 12.769 4.81572
scaling gradient with 0.125 to -0.0131519 -0.0562607
pull reduced from 0.341672 to 	>>>> prev guard 12.77 4.82 cur guard 12.7673 4.80871
	was guard reflex vertex? 0
	was guard in reflex area? 0
	does guard intersect boundary ray 12.77 4.82 12.7673 4.80871?0
	is guard inside polygon? 1
0 other guards have coords 12.7673 4.80871
	 new best guard at 12.7673 4.80871
scaling gradient with 0.25 to -0.0263037 -0.112521
pull reduced from 0.341672 to 	>>>> prev guard 12.77 4.82 cur guard 12.7639 4.7941
	was guard reflex vertex? 0
	was guard in reflex area? 0
	does guard intersect boundary ray 12.77 4.82 12.7639 4.7941?0
	is guard inside polygon? 1
0 other guards have coords 12.7639 4.7941
	 new best guard at 12.7639 4.7941
scaling gradient with 0.5 to -0.0526074 -0.225043
pull reduced from 0.341672 to 	>>>> prev guard 12.77 4.82 cur guard 12.7567 4.76445
	was guard reflex vertex? 0
	was guard in reflex area? 0
	does guard intersect boundary ray 12.77 4.82 12.7567 4.76445?0
	is guard inside polygon? 1
0 other guards have coords 12.7567 4.76445
	 new best guard at 12.7567 4.76445
scaling gradient with 1 to -0.105215 -0.450086
pull reduced from 0.341672 to 	>>>> prev guard 12.77 4.82 cur guard 12.7418 4.70491
	was guard reflex vertex? 0
	was guard in reflex area? 0
	does guard intersect boundary ray 12.77 4.82 12.7418 4.70491?0
	is guard inside polygon? 1
0 other guards have coords 12.7418 4.70491
	 new best guard at 12.7418 4.70491
scaling gradient with 2 to -0.21043 -0.900172
pull reduced from 0.341672 to 	>>>> prev guard 12.77 4.82 cur guard 12.7099 4.586
	was guard reflex vertex? 0
	was guard in reflex area? 0
	does guard intersect boundary ray 12.77 4.82 12.7099 4.586?0
	is guard inside polygon? 1
0 other guards have coords 12.7099 4.586
	 new best guard at 12.7099 4.586
scaling gradient with 4 to -0.42086 -1.80034
pull reduced from 0.341672 to 	>>>> prev guard 12.77 4.82 cur guard 12.638 4.34979
	was guard reflex vertex? 0
	was guard in reflex area? 0
	does guard intersect boundary ray 12.77 4.82 12.638 4.34979?0
	is guard inside polygon? 1
0 other guards have coords 12.638 4.34979
	 new best guard at 12.638 4.34979
scaling gradient with 8 to -0.841719 -3.60069
	>>>> prev guard 12.77 4.82 cur guard 12.4677 3.88342
	was guard reflex vertex? 0
	was guard in reflex area? 0
	does guard intersect boundary ray 12.77 4.82 12.4677 3.88342?0
	is guard inside polygon? 1
0 other guards have coords 12.4677 3.88342
	 new best guard at 12.4677 3.88342
scaling gradient with 16 to -1.68344 -7.20137
	>>>> prev guard 12.77 4.82 cur guard 12.1512 2.94485
	was guard reflex vertex? 0
	was guard in reflex area? 0
	does guard intersect boundary ray 12.77 4.82 12.1512 2.94485?1
	is guard inside polygon? 0
0 other guards have coords 12.1694 3
	 new best guard at 12.1694 3
scaling gradient with 32 to -3.36688 -14.4027
	>>>> prev guard 12.77 4.82 cur guard 11.6014 1.10757
	was guard reflex vertex? 0
	was guard in reflex area? 0
	does guard intersect boundary ray 12.77 4.82 11.6014 1.10757?1
	is guard inside polygon? 0
0 other guards have coords 12.1971 3
	 new best guard at 12.1971 3
Df=0 0
h=0 0
Df=0 0
h=0 0
Df=0 0
h=0 0
Df=0 0
h=0 0
Df=-0.042086 -0.180034
h=-0.227673 0.0532222
Df=0 0
h=0 0
Df=-0.568067 -1.89243
h=-0.227673 0.0532222
is completely visible? 1
are areas equal? 38=38?1
i=2
area=38
g0=12.1971 3
alpha0=0.4
area0=30.7492
g1=14.83 4.69
alpha1=0.4
area1=26.3878
g2=4.37 4.63
alpha2=0.4
area2=26.486
g3=8.56 3.12
alpha3=0.4
area3=29.9753
