14
4 5 4 3
5 9 4 5
6 5 5 9
7 5 6 5
8 9 7 5
9 5 8 9
10 5 9 5
11 9 10 5
12 5 11 9
13 5 12 5
14 9 13 5
15 3 4 3
15 5 15 3
14 9 15 5
total area=38
i=0
area=34.5054
+++++4 guards with gradient 0
	======== guard 9.04 4.18
	was guard reflex vertex? 0
	computed gradient -0.0368301 -0.0987071 and pull -0.0318033 0.0210091
	------- removing guard 9.04 4.18
g0=9.04 4.18
area0=28.3069
alpha0=0.4
scaling gradient with 0.03125 to -0.00115094 -0.0030846
	>>>> prev guard 9.04 4.18 cur guard 9.03736 4.18143
	was guard reflex vertex? 0
	was guard in reflex area? 0
	does guard intersect boundary ray 9.04 4.18 9.03736 4.18143?0
	is guard inside polygon? 1
0 other guards have coords 9.03736 4.18143
	 new best guard at 9.03736 4.18143
scaling gradient with 0.0625 to -0.00230188 -0.0061692
	>>>> prev guard 9.04 4.18 cur guard 9.03253 4.18377
	was guard reflex vertex? 0
	was guard in reflex area? 0
	does guard intersect boundary ray 9.04 4.18 9.03253 4.18377?0
	is guard inside polygon? 1
0 other guards have coords 9.03253 4.18377
scaling gradient with 0.125 to -0.00460377 -0.0123384
	>>>> prev guard 9.04 4.18 cur guard 9.02574 4.18633
	was guard reflex vertex? 0
	was guard in reflex area? 0
	does guard intersect boundary ray 9.04 4.18 9.02574 4.18633?0
	is guard inside polygon? 1
0 other guards have coords 9.02574 4.18633
scaling gradient with 0.25 to -0.00920753 -0.0246768
	>>>> prev guard 9.04 4.18 cur guard 9.01704 4.18808
	was guard reflex vertex? 0
	was guard in reflex area? 0
	does guard intersect boundary ray 9.04 4.18 9.01704 4.18808?0
	is guard inside polygon? 1
0 other guards have coords 9.01704 4.18808
scaling gradient with 0.5 to -0.0184151 -0.0493536
	>>>> prev guard 9.04 4.18 cur guard 9.00605 4.18722
	was guard reflex vertex? 0
	was guard in reflex area? 0
	does guard intersect boundary ray 9.04 4.18 9.00605 4.18722?0
	is guard inside polygon? 1
0 other guards have coords 9.00605 4.18722
	 new best guard at 9.00605 4.18722
scaling gradient with 1 to -0.0368301 -0.0987071
	>>>> prev guard 9.04 4.18 cur guard 8.99178 4.18032
	was guard reflex vertex? 0
	was guard in reflex area? 0
	does guard intersect boundary ray 9.04 4.18 8.99178 4.18032?0
	is guard inside polygon? 1
0 other guards have coords 8.99178 4.18032
	 new best guard at 8.99178 4.18032
scaling gradient with 2 to -0.0736603 -0.197414
	>>>> prev guard 9.04 4.18 cur guard 8.97192 4.16068
	was guard reflex vertex? 0
	was guard in reflex area? 0
	does guard intersect boundary ray 9.04 4.18 8.97192 4.16068?0
	is guard inside polygon? 1
0 other guards have coords 8.97192 4.16068
	 new best guard at 8.97192 4.16068
scaling gradient with 4 to -0.147321 -0.394829
	>>>> prev guard 9.04 4.18 cur guard 8.9417 4.11506
	was guard reflex vertex? 0
	was guard in reflex area? 0
	does guard intersect boundary ray 9.04 4.18 8.9417 4.11506?0
	is guard inside polygon? 1
0 other guards have coords 8.9417 4.11506
	 new best guard at 8.9417 4.11506
scaling gradient with 8 to -0.294641 -0.789657
	>>>> prev guard 9.04 4.18 cur guard 8.89141 4.01708
	was guard reflex vertex? 0
	was guard in reflex area? 0
	does guard intersect boundary ray 9.04 4.18 8.89141 4.01708?0
	is guard inside polygon? 1
0 other guards have coords 8.89141 4.01708
	 new best guard at 8.89141 4.01708
scaling gradient with 16 to -0.589282 -1.57931
	>>>> prev guard 9.04 4.18 cur guard 8.80149 3.81403
	was guard reflex vertex? 0
	was guard in reflex area? 0
	does guard intersect boundary ray 9.04 4.18 8.80149 3.81403?0
	is guard inside polygon? 1
0 other guards have coords 8.80149 3.81403
	 new best guard at 8.80149 3.81403
scaling gradient with 32 to -1.17856 -3.15863
	>>>> prev guard 9.04 4.18 cur guard 8.63273 3.40058
	was guard reflex vertex? 0
	was guard in reflex area? 0
	does guard intersect boundary ray 9.04 4.18 8.63273 3.40058?0
	is guard inside polygon? 1
0 other guards have coords 8.63273 3.40058
	 new best guard at 8.63273 3.40058
Df=-0.0105956 -0.0392811
h=-0.0124755 0.00336511
Df=0 0
h=0 0
Df=-0.0041365 -0.00020178
h=-0.000245781 0.00503852
Df=0 0
h=0 0
Df=0 0
h=0 0
Df=0 0
h=0 0
Df=-0.168764 -0.413451
h=-0.0127213 0.00840363
is completely visible? 0
are areas equal? 38=35.0548?0
+++++3 guards with gradient 0
	======== guard 11.15 5.13
	was guard reflex vertex? 0
	computed gradient -0 -0 and pull -0 -0
	======== guard 14.54 5.61
	was guard reflex vertex? 0
	computed gradient 0 -0 and pull -0 -0
	======== guard 14.83 4.69
	was guard reflex vertex? 0
	computed gradient -0.00788017 -0.162341 and pull -0.0253857 0.00129185
	------- removing guard 14.83 4.69
g3=14.83 4.69
area3=26.3878
alpha3=0.4
scaling gradient with 0.03125 to -0.000246255 -0.00507315
	>>>> prev guard 14.83 4.69 cur guard 14.8279 4.6897
	was guard reflex vertex? 0
	was guard in reflex area? 0
	does guard intersect boundary ray 14.83 4.69 14.8279 4.6897?0
	is guard inside polygon? 1
0 other guards have coords 14.8279 4.6897
	 new best guard at 14.8279 4.6897
scaling gradient with 0.0625 to -0.000492511 -0.0101463
	>>>> prev guard 14.83 4.69 cur guard 14.8242 4.68875
	was guard reflex vertex? 0
	was guard in reflex area? 0
	does guard intersect boundary ray 14.83 4.69 14.8242 4.68875?0
	is guard inside polygon? 1
0 other guards have coords 14.8242 4.68875
	 new best guard at 14.8242 4.68875
scaling gradient with 0.125 to -0.000985022 -0.0202926
	>>>> prev guard 14.83 4.69 cur guard 14.8192 4.68647
	was guard reflex vertex? 0
	was guard in reflex area? 0
	does guard intersect boundary ray 14.83 4.69 14.8192 4.68647?0
	is guard inside polygon? 1
0 other guards have coords 14.8192 4.68647
	 new best guard at 14.8192 4.68647
scaling gradient with 0.25 to -0.00197004 -0.0405852
	>>>> prev guard 14.83 4.69 cur guard 14.8129 4.6815
	was guard reflex vertex? 0
	was guard in reflex area? 0
	does guard intersect boundary ray 14.83 4.69 14.8129 4.6815?0
	is guard inside polygon? 1
0 other guards have coords 14.8129 4.6815
	 new best guard at 14.8129 4.6815
scaling gradient with 0.5 to -0.00394009 -0.0811705
	>>>> prev guard 14.83 4.69 cur guard 14.8056 4.67113
	was guard reflex vertex? 0
	was guard in reflex area? 0
	does guard intersect boundary ray 14.83 4.69 14.8056 4.67113?0
	is guard inside polygon? 1
0 other guards have coords 14.8056 4.67113
	 new best guard at 14.8056 4.67113
scaling gradient with 1 to -0.00788017 -0.162341
	>>>> prev guard 14.83 4.69 cur guard 14.797 4.64996
	was guard reflex vertex? 0
	was guard in reflex area? 0
	does guard intersect boundary ray 14.83 4.69 14.797 4.64996?0
	is guard inside polygon? 1
0 other guards have coords 14.797 4.64996
	 new best guard at 14.797 4.64996
scaling gradient with 2 to -0.0157603 -0.324682
	>>>> prev guard 14.83 4.69 cur guard 14.7869 4.60715
	was guard reflex vertex? 0
	was guard in reflex area? 0
	does guard intersect boundary ray 14.83 4.69 14.7869 4.60715?0
	is guard inside polygon? 1
0 other guards have coords 14.7869 4.60715
	 new best guard at 14.7869 4.60715
scaling gradient with 4 to -0.0315207 -0.649364
	>>>> prev guard 14.83 4.69 cur guard 14.7743 4.52105
	was guard reflex vertex? 0
	was guard in reflex area? 0
	does guard intersect boundary ray 14.83 4.69 14.7743 4.52105?0
	is guard inside polygon? 1
0 other guards have coords 14.7743 4.52105
	 new best guard at 14.7743 4.52105
scaling gradient with 8 to -0.0630414 -1.29873
	>>>> prev guard 14.83 4.69 cur guard 14.7571 4.34838
	was guard reflex vertex? 0
	was guard in reflex area? 0
	does guard intersect boundary ray 14.83 4.69 14.7571 4.34838?0
	is guard inside polygon? 1
0 other guards have coords 14.7571 4.34838
	 new best guard at 14.7571 4.34838
scaling gradient with 16 to -0.126083 -2.59745
	>>>> prev guard 14.83 4.69 cur guard 14.7312 4.00255
	was guard reflex vertex? 0
	was guard in reflex area? 0
	does guard intersect boundary ray 14.83 4.69 14.7312 4.00255?0
	is guard inside polygon? 1
0 other guards have coords 14.7312 4.00255
	 new best guard at 14.7312 4.00255
scaling gradient with 32 to -0.252166 -5.19491
	>>>> prev guard 14.83 4.69 cur guard 14.6883 3.3104
	was guard reflex vertex? 0
	was guard in reflex area? 0
	does guard intersect boundary ray 14.83 4.69 14.6883 3.3104?0
	is guard inside polygon? 1
0 other guards have coords 14.6883 3.3104
	 new best guard at 14.6883 3.3104
Df=-0.000645212 -0.0183781
h=-0.00208005 7.30255e-05
Df=-0.000292799 -0.00739555
h=-0.000943775 3.73653e-05
Df=-0.00144653 -0.0272041
h=-0.00465964 0.000247768
Df=-0.000767528 -0.0119586
h=-0.00247081 0.000158582
Df=0 0
h=0 0
Df=0 0
h=0 0
Df=-0.0429027 -0.692153
h=-0.0101543 0.000516741
is completely visible? 0
are areas equal? 38=35.0548?0
+++++2 guards with gradient 0
	======== guard 11.15 5.13
	was guard reflex vertex? 0
	computed gradient -0.0133566 -0.60223 and pull 0.100232 -0.0833738
	------- removing guard 11.15 5.13
g1=11.15 5.13
area1=23.277
alpha1=0.4
scaling gradient with 0.03125 to -0.000417393 -0.0188197
	>>>> prev guard 11.15 5.13 cur guard 11.158 5.12182
	was guard reflex vertex? 0
	was guard in reflex area? 0
	does guard intersect boundary ray 11.15 5.13 11.158 5.12182?0
	is guard inside polygon? 1
0 other guards have coords 11.158 5.12182
	 new best guard at 11.158 5.12182
scaling gradient with 0.0625 to -0.000834786 -0.0376394
	>>>> prev guard 11.15 5.13 cur guard 11.1723 5.1056
	was guard reflex vertex? 0
	was guard in reflex area? 0
	does guard intersect boundary ray 11.15 5.13 11.1723 5.1056?0
	is guard inside polygon? 1
0 other guards have coords 11.1723 5.1056
	 new best guard at 11.1723 5.1056
scaling gradient with 0.125 to -0.00166957 -0.0752788
	>>>> prev guard 11.15 5.13 cur guard 11.1917 5.07993
	was guard reflex vertex? 0
	was guard in reflex area? 0
	does guard intersect boundary ray 11.15 5.13 11.1917 5.07993?0
	is guard inside polygon? 1
0 other guards have coords 11.1917 5.07993
	 new best guard at 11.1917 5.07993
scaling gradient with 0.25 to -0.00333915 -0.150558
	>>>> prev guard 11.15 5.13 cur guard 11.2149 5.04068
	was guard reflex vertex? 0
	was guard in reflex area? 0
	does guard intersect boundary ray 11.15 5.13 11.2149 5.04068?0
	is guard inside polygon? 1
0 other guards have coords 11.2149 5.04068
	 new best guard at 11.2149 5.04068
scaling gradient with 0.5 to -0.00667829 -0.301115
	>>>> prev guard 11.15 5.13 cur guard 11.241 4.97852
	was guard reflex vertex? 0
	was guard in reflex area? 0
	does guard intersect boundary ray 11.15 5.13 11.241 4.97852?0
	is guard inside polygon? 1
0 other guards have coords 11.241 4.97852
	 new best guard at 11.241 4.97852
scaling gradient with 1 to -0.0133566 -0.60223
	>>>> prev guard 11.15 5.13 cur guard 11.2688 4.87395
	was guard reflex vertex? 0
	was guard in reflex area? 0
	does guard intersect boundary ray 11.15 5.13 11.2688 4.87395?0
	is guard inside polygon? 1
0 other guards have coords 11.2688 4.87395
	 new best guard at 11.2688 4.87395
scaling gradient with 2 to -0.0267132 -1.20446
	>>>> prev guard 11.15 5.13 cur guard 11.2969 4.68726
	was guard reflex vertex? 0
	was guard in reflex area? 0
	does guard intersect boundary ray 11.15 5.13 11.2969 4.68726?0
	is guard inside polygon? 1
0 other guards have coords 11.2969 4.68726
	 new best guard at 11.2969 4.68726
scaling gradient with 4 to -0.0534263 -2.40892
	>>>> prev guard 11.15 5.13 cur guard 11.3232 4.33853
	was guard reflex vertex? 0
	was guard in reflex area? 0
	does guard intersect boundary ray 11.15 5.13 11.3232 4.33853?0
	is guard inside polygon? 1
0 other guards have coords 11.3232 4.33853
	 new best guard at 11.3232 4.33853
scaling gradient with 8 to -0.106853 -4.81784
	>>>> prev guard 11.15 5.13 cur guard 11.3436 3.66744
	was guard reflex vertex? 0
	was guard in reflex area? 0
	does guard intersect boundary ray 11.15 5.13 11.3436 3.66744?0
	is guard inside polygon? 1
0 other guards have coords 11.3436 3.66744
	 new best guard at 11.3436 3.66744
scaling gradient with 16 to -0.213705 -9.63568
	>>>> prev guard 11.15 5.13 cur guard 11.3509 2.35305
	was guard reflex vertex? 0
	was guard in reflex area? 0
	does guard intersect boundary ray 11.15 5.13 11.3509 2.35305?1
	is guard inside polygon? 0
0 other guards have coords 11.3041 3
	 new best guard at 11.3041 3
scaling gradient with 32 to -0.427411 -19.2714
	>>>> prev guard 11.15 5.13 cur guard 11.2838 0.400108
	was guard reflex vertex? 0
	was guard in reflex area? 0
	does guard intersect boundary ray 11.15 5.13 11.2838 0.400108?1
	is guard inside polygon? 0
0 other guards have coords 11.2103 3
Df=0.0133874 -0.118427
h=-0.102328 -0.0115675
Df=-0.01873 -0.122465
h=0.142421 -0.021782
Df=0.00729687 -1.31439
h=0.0400929 -0.0333495
is completely visible? 0
are areas equal? 38=35.0548?0
+++++1 guards with gradient 0
	======== guard 14.54 5.61
	was guard reflex vertex? 0
	computed gradient 0.200079 -0.505118 and pull -0.304947 -0.120791
	------- removing guard 14.54 5.61
g2=14.54 5.61
area2=13.0492
alpha2=0.4
scaling gradient with 0.03125 to 0.00625248 -0.0157849
pull reduced from 0.107583 to 	>>>> prev guard 14.54 5.61 cur guard 14.5405 5.60874
	was guard reflex vertex? 0
	was guard in reflex area? 0
	does guard intersect boundary ray 14.54 5.61 14.5405 5.60874?0
	is guard inside polygon? 1
0 other guards have coords 14.5405 5.60874
	 new best guard at 14.5405 5.60874
scaling gradient with 0.0625 to 0.012505 -0.0315699
pull reduced from 0.107583 to 	>>>> prev guard 14.54 5.61 cur guard 14.5419 5.6052
	was guard reflex vertex? 0
	was guard in reflex area? 0
	does guard intersect boundary ray 14.54 5.61 14.5419 5.6052?0
	is guard inside polygon? 1
0 other guards have coords 14.5419 5.6052
	 new best guard at 14.5419 5.6052
scaling gradient with 0.125 to 0.0250099 -0.0631398
pull reduced from 0.107583 to 	>>>> prev guard 14.54 5.61 cur guard 14.545 5.59731
	was guard reflex vertex? 0
	was guard in reflex area? 0
	does guard intersect boundary ray 14.54 5.61 14.545 5.59731?0
	is guard inside polygon? 1
0 other guards have coords 14.545 5.59731
	 new best guard at 14.545 5.59731
scaling gradient with 0.25 to 0.0500198 -0.12628
pull reduced from 0.107583 to 	>>>> prev guard 14.54 5.61 cur guard 14.5514 5.58086
	was guard reflex vertex? 0
	was guard in reflex area? 0
	does guard intersect boundary ray 14.54 5.61 14.5514 5.58086?0
	is guard inside polygon? 1
0 other guards have coords 14.5514 5.58086
	 new best guard at 14.5514 5.58086
scaling gradient with 0.5 to 0.10004 -0.252559
pull reduced from 0.107583 to 	>>>> prev guard 14.54 5.61 cur guard 14.564 5.54732
	was guard reflex vertex? 0
	was guard in reflex area? 0
	does guard intersect boundary ray 14.54 5.61 14.564 5.54732?0
	is guard inside polygon? 1
0 other guards have coords 14.564 5.54732
	 new best guard at 14.564 5.54732
scaling gradient with 1 to 0.200079 -0.505118
	>>>> prev guard 14.54 5.61 cur guard 14.5658 5.47041
	was guard reflex vertex? 0
	was guard in reflex area? 0
	does guard intersect boundary ray 14.54 5.61 14.5658 5.47041?0
	is guard inside polygon? 1
0 other guards have coords 14.5658 5.47041
	 new best guard at 14.5658 5.47041
scaling gradient with 2 to 0.400159 -1.01024
	>>>> prev guard 14.54 5.61 cur guard 14.5748 5.3184
	was guard reflex vertex? 0
	was guard in reflex area? 0
	does guard intersect boundary ray 14.54 5.61 14.5748 5.3184?0
	is guard inside polygon? 1
0 other guards have coords 14.5748 5.3184
	 new best guard at 14.5748 5.3184
scaling gradient with 4 to 0.800317 -2.02047
	>>>> prev guard 14.54 5.61 cur guard 14.6216 5.02549
	was guard reflex vertex? 0
	was guard in reflex area? 0
	does guard intersect boundary ray 14.54 5.61 14.6216 5.02549?0
	is guard inside polygon? 1
0 other guards have coords 14.6216 5.02549
	 new best guard at 14.6216 5.02549
scaling gradient with 8 to 1.60063 -4.04095
	>>>> prev guard 14.54 5.61 cur guard 14.7628 4.45823
	was guard reflex vertex? 0
	was guard in reflex area? 0
	does guard intersect boundary ray 14.54 5.61 14.7628 4.45823?0
	is guard inside polygon? 1
0 other guards have coords 14.7628 4.45823
	 new best guard at 14.7628 4.45823
scaling gradient with 16 to 3.20127 -8.08189
	>>>> prev guard 14.54 5.61 cur guard 15.1074 3.3482
	was guard reflex vertex? 0
	was guard in reflex area? 0
	does guard intersect boundary ray 14.54 5.61 15.1074 3.3482?1
	is guard inside polygon? 0
0 other guards have coords 15 3.77621
	 new best guard at 15 3.77621
scaling gradient with 32 to 6.40254 -16.1638
	>>>> prev guard 14.54 5.61 cur guard 15.7635 1.58542
	was guard reflex vertex? 0
	was guard in reflex area? 0
	does guard intersect boundary ray 14.54 5.61 15.7635 1.58542?1
	is guard inside polygon? 0
0 other guards have coords 15 4.09687
Df=0.0800317 -0.202047
h=-0.121979 -0.0483163
Df=0.344606 -1.11003
h=-0.121979 -0.0483163
is completely visible? 0
are areas equal? 38=35.0548?0
i=1
area=35.0548
+++++4 guards with gradient 0
	======== guard 8.63273 3.40058
	was guard reflex vertex? 0
	computed gradient -0.0435217 -0.0716388 and pull -0.0232556 0.0141282
	------- removing guard 8.63273 3.40058
g0=8.63273 3.40058
area0=29.536
alpha0=0.4
scaling gradient with 0.03125 to -0.00136005 -0.00223871
	>>>> prev guard 8.63273 3.40058 cur guard 8.49575 3.07077
	was guard reflex vertex? 0
	was guard in reflex area? 0
	does guard intersect boundary ray 8.63273 3.40058 8.49575 3.07077?0
	is guard inside polygon? 1
0 other guards have coords 8.49575 3.07077
	 new best guard at 8.49575 3.07077
scaling gradient with 0.0625 to -0.00272011 -0.00447743
	>>>> prev guard 8.63273 3.40058 cur guard 8.38409 2.80769
	was guard reflex vertex? 0
	was guard in reflex area? 0
	does guard intersect boundary ray 8.63273 3.40058 8.38409 2.80769?1
	is guard inside polygon? 0
0 other guards have coords 8.46474 3
	 new best guard at 8.46474 3
scaling gradient with 0.125 to -0.00544021 -0.00895485
	>>>> prev guard 8.63273 3.40058 cur guard 8.37311 2.78995
	was guard reflex vertex? 0
	was guard in reflex area? 0
	does guard intersect boundary ray 8.63273 3.40058 8.37311 2.78995?1
	is guard inside polygon? 0
0 other guards have coords 8.46242 3
	 new best guard at 8.46242 3
scaling gradient with 0.25 to -0.0108804 -0.0179097
	>>>> prev guard 8.63273 3.40058 cur guard 8.38639 2.83166
	was guard reflex vertex? 0
	was guard in reflex area? 0
	does guard intersect boundary ray 8.63273 3.40058 8.38639 2.83166?1
	is guard inside polygon? 0
0 other guards have coords 8.45928 3
	 new best guard at 8.45928 3
scaling gradient with 0.5 to -0.0217609 -0.0358194
	>>>> prev guard 8.63273 3.40058 cur guard 8.39485 2.86359
	was guard reflex vertex? 0
	was guard in reflex area? 0
	does guard intersect boundary ray 8.63273 3.40058 8.39485 2.86359?1
	is guard inside polygon? 0
0 other guards have coords 8.45528 3
	 new best guard at 8.45528 3
scaling gradient with 1 to -0.0435217 -0.0716388
	>>>> prev guard 8.63273 3.40058 cur guard 8.3984 2.88627
	was guard reflex vertex? 0
	was guard in reflex area? 0
	does guard intersect boundary ray 8.63273 3.40058 8.3984 2.88627?1
	is guard inside polygon? 0
0 other guards have coords 8.45021 3
	 new best guard at 8.45021 3
scaling gradient with 2 to -0.0870434 -0.143278
	>>>> prev guard 8.63273 3.40058 cur guard 8.39588 2.89869
	was guard reflex vertex? 0
	was guard in reflex area? 0
	does guard intersect boundary ray 8.63273 3.40058 8.39588 2.89869?1
	is guard inside polygon? 0
0 other guards have coords 8.44369 3
	 new best guard at 8.44369 3
scaling gradient with 4 to -0.174087 -0.286555
	>>>> prev guard 8.63273 3.40058 cur guard 8.38444 2.89716
	was guard reflex vertex? 0
	was guard in reflex area? 0
	does guard intersect boundary ray 8.63273 3.40058 8.38444 2.89716?1
	is guard inside polygon? 0
0 other guards have coords 8.43517 3
	 new best guard at 8.43517 3
scaling gradient with 8 to -0.348174 -0.573111
	>>>> prev guard 8.63273 3.40058 cur guard 8.35805 2.87301
	was guard reflex vertex? 0
	was guard in reflex area? 0
	does guard intersect boundary ray 8.63273 3.40058 8.35805 2.87301?1
	is guard inside polygon? 0
0 other guards have coords 8.42417 3
	 new best guard at 8.42417 3
scaling gradient with 16 to -0.696347 -1.14622
	>>>> prev guard 8.63273 3.40058 cur guard 8.30491 2.80784
	was guard reflex vertex? 0
	was guard in reflex area? 0
	does guard intersect boundary ray 8.63273 3.40058 8.30491 2.80784?1
	is guard inside polygon? 0
0 other guards have coords 8.41119 3
	 new best guard at 8.41119 3
scaling gradient with 32 to -1.39269 -2.29244
	>>>> prev guard 8.63273 3.40058 cur guard 8.2025 2.664
	was guard reflex vertex? 0
	was guard in reflex area? 0
	does guard intersect boundary ray 8.63273 3.40058 8.2025 2.664?1
	is guard inside polygon? 0
0 other guards have coords 8.39876 3
	 new best guard at 8.39876 3
Df=-0.0174087 -0.0286555
h=-0.00930226 0.00565127
Df=0 0
h=0 0
Df=0 0
h=0 0
Df=0 0
h=0 0
Df=0 0
h=0 0
Df=0 0
h=0 0
Df=-0.208685 -0.335996
h=-0.00930226 0.00565127
is completely visible? 0
are areas equal? 38=35.3799?0
+++++3 guards with gradient 0
	======== guard 11.3041 3
	was guard reflex vertex? 0
	computed gradient -0.0683331 -0.106263 and pull -0.0274592 0.0196178
	------- removing guard 11.3041 3
g1=11.3041 3
area1=29.9372
alpha1=0.4
scaling gradient with 0.03125 to -0.00213541 -0.00332073
	>>>> prev guard 11.3041 3 cur guard 11.3076 1.94979
	was guard reflex vertex? 0
	was guard in reflex area? 0
	does guard intersect boundary ray 11.3041 3 11.3076 1.94979?1
	is guard inside polygon? 0
0 other guards have coords 11.3076 3
	 new best guard at 11.3076 3
scaling gradient with 0.0625 to -0.00427082 -0.00664145
	>>>> prev guard 11.3041 3 cur guard 11.3078 2.16087
	was guard reflex vertex? 0
	was guard in reflex area? 0
	does guard intersect boundary ray 11.3041 3 11.3078 2.16087?1
	is guard inside polygon? 0
0 other guards have coords 11.3078 3
	 new best guard at 11.3078 3
scaling gradient with 0.125 to -0.00854164 -0.0132829
	>>>> prev guard 11.3041 3 cur guard 11.3051 2.3292
	was guard reflex vertex? 0
	was guard in reflex area? 0
	does guard intersect boundary ray 11.3041 3 11.3051 2.3292?1
	is guard inside polygon? 0
0 other guards have coords 11.3051 3
scaling gradient with 0.25 to -0.0170833 -0.0265658
	>>>> prev guard 11.3041 3 cur guard 11.2994 2.46281
	was guard reflex vertex? 0
	was guard in reflex area? 0
	does guard intersect boundary ray 11.3041 3 11.2994 2.46281?1
	is guard inside polygon? 0
0 other guards have coords 11.2994 3
scaling gradient with 0.5 to -0.0341666 -0.0531316
	>>>> prev guard 11.3041 3 cur guard 11.2899 2.56756
	was guard reflex vertex? 0
	was guard in reflex area? 0
	does guard intersect boundary ray 11.3041 3 11.2899 2.56756?1
	is guard inside polygon? 0
0 other guards have coords 11.2899 3
scaling gradient with 1 to -0.0683331 -0.106263
	>>>> prev guard 11.3041 3 cur guard 11.2747 2.64712
	was guard reflex vertex? 0
	was guard in reflex area? 0
	does guard intersect boundary ray 11.3041 3 11.2747 2.64712?1
	is guard inside polygon? 0
0 other guards have coords 11.2747 3
scaling gradient with 2 to -0.136666 -0.212527
	>>>> prev guard 11.3041 3 cur guard 11.2493 2.70226
	was guard reflex vertex? 0
	was guard in reflex area? 0
	does guard intersect boundary ray 11.3041 3 11.2493 2.70226?1
	is guard inside polygon? 0
0 other guards have coords 11.2493 3
scaling gradient with 4 to -0.273332 -0.425053
	>>>> prev guard 11.3041 3 cur guard 11.205 2.72938
	was guard reflex vertex? 0
	was guard in reflex area? 0
	does guard intersect boundary ray 11.3041 3 11.205 2.72938?1
	is guard inside polygon? 0
0 other guards have coords 11.205 3
scaling gradient with 8 to -0.546665 -0.850106
	>>>> prev guard 11.3041 3 cur guard 11.1236 2.71706
	was guard reflex vertex? 0
	was guard in reflex area? 0
	does guard intersect boundary ray 11.3041 3 11.1236 2.71706?1
	is guard inside polygon? 0
0 other guards have coords 11.1236 3
scaling gradient with 16 to -1.09333 -1.70021
	>>>> prev guard 11.3041 3 cur guard 10.9688 2.6392
	was guard reflex vertex? 0
	was guard in reflex area? 0
	does guard intersect boundary ray 11.3041 3 10.9688 2.6392?1
	is guard inside polygon? 0
0 other guards have coords 10.9688 3
scaling gradient with 32 to -2.18666 -3.40042
	>>>> prev guard 11.3041 3 cur guard 10.6678 2.4409
	was guard reflex vertex? 0
	was guard in reflex area? 0
	does guard intersect boundary ray 11.3041 3 10.6678 2.4409?1
	is guard inside polygon? 0
0 other guards have coords 10.6678 3
	 new best guard at 10.6678 3
Df=-0.00734376 -0.0194761
h=-0.00343575 0.0012955
Df=0 0
h=0 0
Df=-0.0199895 -0.0230292
h=-0.00754791 0.00655164
Df=0 0
h=0 0
Df=0 0
h=0 0
Df=0 0
h=0 0
Df=-0.300956 -0.559103
h=-0.0109837 0.00784714
is completely visible? 0
are areas equal? 38=35.3799?0
+++++2 guards with gradient 0
	======== guard 15 3.77621
	was guard reflex vertex? 0
	computed gradient -0 -0 and pull -0 0
	======== guard 14.6883 3.3104
	was guard reflex vertex? 0
	computed gradient -0.0652662 -0.156757 and pull -0.0342906 0.016863
	------- removing guard 14.6883 3.3104
g3=14.6883 3.3104
area3=28.0102
alpha3=0.4
scaling gradient with 0.03125 to -0.00203957 -0.00489866
	>>>> prev guard 14.6883 3.3104 cur guard 14.6511 2.75763
	was guard reflex vertex? 0
	was guard in reflex area? 0
	does guard intersect boundary ray 14.6883 3.3104 14.6511 2.75763?1
	is guard inside polygon? 0
0 other guards have coords 14.6674 3
	 new best guard at 14.6674 3
scaling gradient with 0.0625 to -0.00407914 -0.00979732
	>>>> prev guard 14.6883 3.3104 cur guard 14.6345 2.55835
	was guard reflex vertex? 0
	was guard in reflex area? 0
	does guard intersect boundary ray 14.6883 3.3104 14.6345 2.55835?1
	is guard inside polygon? 0
0 other guards have coords 14.6661 3
	 new best guard at 14.6661 3
scaling gradient with 0.125 to -0.00815827 -0.0195946
	>>>> prev guard 14.6883 3.3104 cur guard 14.6364 2.64646
	was guard reflex vertex? 0
	was guard in reflex area? 0
	does guard intersect boundary ray 14.6883 3.3104 14.6364 2.64646?1
	is guard inside polygon? 0
0 other guards have coords 14.664 3
	 new best guard at 14.664 3
scaling gradient with 0.25 to -0.0163165 -0.0391893
	>>>> prev guard 14.6883 3.3104 cur guard 14.6362 2.71538
	was guard reflex vertex? 0
	was guard in reflex area? 0
	does guard intersect boundary ray 14.6883 3.3104 14.6362 2.71538?1
	is guard inside polygon? 0
0 other guards have coords 14.6611 3
	 new best guard at 14.6611 3
scaling gradient with 0.5 to -0.0326331 -0.0783785
	>>>> prev guard 14.6883 3.3104 cur guard 14.6335 2.76739
	was guard reflex vertex? 0
	was guard in reflex area? 0
	does guard intersect boundary ray 14.6883 3.3104 14.6335 2.76739?1
	is guard inside polygon? 0
0 other guards have coords 14.657 3
	 new best guard at 14.657 3
scaling gradient with 1 to -0.0652662 -0.156757
	>>>> prev guard 14.6883 3.3104 cur guard 14.627 2.80272
	was guard reflex vertex? 0
	was guard in reflex area? 0
	does guard intersect boundary ray 14.6883 3.3104 14.627 2.80272?1
	is guard inside polygon? 0
0 other guards have coords 14.6508 3
	 new best guard at 14.6508 3
scaling gradient with 2 to -0.130532 -0.313514
	>>>> prev guard 14.6883 3.3104 cur guard 14.6136 2.81844
	was guard reflex vertex? 0
	was guard in reflex area? 0
	does guard intersect boundary ray 14.6883 3.3104 14.6136 2.81844?1
	is guard inside polygon? 0
0 other guards have coords 14.6411 3
	 new best guard at 14.6411 3
scaling gradient with 4 to -0.261065 -0.627028
	>>>> prev guard 14.6883 3.3104 cur guard 14.5877 2.80594
	was guard reflex vertex? 0
	was guard in reflex area? 0
	does guard intersect boundary ray 14.6883 3.3104 14.5877 2.80594?1
	is guard inside polygon? 0
0 other guards have coords 14.6264 3
	 new best guard at 14.6264 3
scaling gradient with 8 to -0.52213 -1.25406
	>>>> prev guard 14.6883 3.3104 cur guard 14.5392 2.74578
	was guard reflex vertex? 0
	was guard in reflex area? 0
	does guard intersect boundary ray 14.6883 3.3104 14.5392 2.74578?1
	is guard inside polygon? 0
0 other guards have coords 14.6063 3
	 new best guard at 14.6063 3
scaling gradient with 16 to -1.04426 -2.50811
	>>>> prev guard 14.6883 3.3104 cur guard 14.4502 2.59732
	was guard reflex vertex? 0
	was guard in reflex area? 0
	does guard intersect boundary ray 14.6883 3.3104 14.4502 2.59732?1
	is guard inside polygon? 0
0 other guards have coords 14.5847 3
	 new best guard at 14.5847 3
scaling gradient with 32 to -2.08852 -5.01623
	>>>> prev guard 14.6883 3.3104 cur guard 14.29 2.27791
	was guard reflex vertex? 0
	was guard in reflex area? 0
	does guard intersect boundary ray 14.6883 3.3104 14.29 2.27791?1
	is guard inside polygon? 0
0 other guards have coords 14.5685 3
	 new best guard at 14.5685 3
Df=-0.00295467 -0.0151935
h=-0.00171658 0.000333821
Df=0 0
h=0 0
Df=-0.00601109 -0.0202372
h=-0.00341043 0.00101301
Df=0 0
h=0 0
Df=-0.0171407 -0.0272721
h=-0.00858923 0.00539839
Df=0 0
h=0 0
Df=-0.294681 -0.722092
h=-0.0137162 0.00674522
is completely visible? 0
are areas equal? 38=35.3799?0
+++++1 guards with gradient 0
	======== guard 15 3.77621
	was guard reflex vertex? 0
	computed gradient -0.0596536 -0.221711 and pull -0.0462881 0.0144783
	------- removing guard 15 3.77621
g2=15 3.77621
area2=27.3915
alpha2=0.4
scaling gradient with 0.03125 to -0.00186418 -0.00692848
	>>>> prev guard 15 3.77621 cur guard 15.2718 2.88879
	was guard reflex vertex? 0
	was guard in reflex area? 0
	does guard intersect boundary ray 15 3.77621 15.2718 2.88879?1
	is guard inside polygon? 0
0 other guards have coords 15 3
	 new best guard at 15 3
scaling gradient with 0.0625 to -0.00372835 -0.013857
	>>>> prev guard 15 3.77621 cur guard 15.2135 2.29012
	was guard reflex vertex? 0
	was guard in reflex area? 0
	does guard intersect boundary ray 15 3.77621 15.2135 2.29012?1
	is guard inside polygon? 0
1 other guards have coords 15 3
scaling gradient with 0.125 to -0.0074567 -0.0277139
	>>>> prev guard 15 3.77621 cur guard 15.1665 2.43103
	was guard reflex vertex? 0
	was guard in reflex area? 0
	does guard intersect boundary ray 15 3.77621 15.1665 2.43103?1
	is guard inside polygon? 0
1 other guards have coords 15 3
scaling gradient with 0.25 to -0.0149134 -0.0554278
	>>>> prev guard 15 3.77621 cur guard 15.1283 2.54155
	was guard reflex vertex? 0
	was guard in reflex area? 0
	does guard intersect boundary ray 15 3.77621 15.1283 2.54155?1
	is guard inside polygon? 0
1 other guards have coords 15 3
scaling gradient with 0.5 to -0.0298268 -0.110856
	>>>> prev guard 15 3.77621 cur guard 15.0965 2.62553
	was guard reflex vertex? 0
	was guard in reflex area? 0
	does guard intersect boundary ray 15 3.77621 15.0965 2.62553?1
	is guard inside polygon? 0
1 other guards have coords 15 3
scaling gradient with 1 to -0.0596536 -0.221711
	>>>> prev guard 15 3.77621 cur guard 15.0688 2.68385
	was guard reflex vertex? 0
	was guard in reflex area? 0
	does guard intersect boundary ray 15 3.77621 15.0688 2.68385?1
	is guard inside polygon? 0
1 other guards have coords 15 3
scaling gradient with 2 to -0.119307 -0.443422
	>>>> prev guard 15 3.77621 cur guard 15.0418 2.71276
	was guard reflex vertex? 0
	was guard in reflex area? 0
	does guard intersect boundary ray 15 3.77621 15.0418 2.71276?1
	is guard inside polygon? 0
1 other guards have coords 15 3
scaling gradient with 4 to -0.238614 -0.886845
	>>>> prev guard 15 3.77621 cur guard 15.0106 2.70042
	was guard reflex vertex? 0
	was guard in reflex area? 0
	does guard intersect boundary ray 15 3.77621 15.0106 2.70042?1
	is guard inside polygon? 0
1 other guards have coords 15 3
scaling gradient with 8 to -0.477229 -1.77369
	>>>> prev guard 15 3.77621 cur guard 14.9666 2.6196
	was guard reflex vertex? 0
	was guard in reflex area? 0
	does guard intersect boundary ray 15 3.77621 14.9666 2.6196?1
	is guard inside polygon? 0
1 other guards have coords 15 3
scaling gradient with 16 to -0.954458 -3.54738
	>>>> prev guard 15 3.77621 cur guard 14.8932 2.41305
	was guard reflex vertex? 0
	was guard in reflex area? 0
	does guard intersect boundary ray 15 3.77621 14.8932 2.41305?1
	is guard inside polygon? 0
1 other guards have coords 15 3
scaling gradient with 32 to -1.90892 -7.09476
	>>>> prev guard 15 3.77621 cur guard 14.7582 1.96402
	was guard reflex vertex? 0
	was guard in reflex area? 0
	does guard intersect boundary ray 15 3.77621 14.7582 1.96402?1
	is guard inside polygon? 0
1 other guards have coords 15 3
Df=-0.00215364 -0.0158383
h=-0.00174376 0.000237112
Df=-0.00108366 -0.00708397
h=-0.000875313 0.0001339
Df=-0.00443138 -0.0217262
h=-0.00354798 0.000723665
Df=-0.00267863 -0.010944
h=-0.00212604 0.000520366
Df=-0.0134696 -0.0330193
h=-0.0101911 0.00415727
Df=-4.45204e-05 -7.27581e-05
h=-3.10308e-05 1.89876e-05
Df=0.271833 -0.887417
h=-0.0185152 0.0057913
is completely visible? 0
are areas equal? 38=35.3799?0
i=2
area=35.3799
+++++4 guards with gradient 0
	======== guard 8.39876 3
	was guard reflex vertex? 0
	computed gradient -0.0482691 -0.0578929 and pull -0.0185368 0.0154553
	------- removing guard 8.39876 3
g0=8.39876 3
area0=30.0677
alpha0=0.4
scaling gradient with 0.03125 to -0.00150841 -0.00180915
	>>>> prev guard 8.39876 3 cur guard 8.2302 2.7323
	was guard reflex vertex? 0
	was guard in reflex area? 0
	does guard intersect boundary ray 8.39876 3 8.2302 2.7323?1
	is guard inside polygon? 0
0 other guards have coords 8.2302 3
	 new best guard at 8.2302 3
scaling gradient with 0.0625 to -0.00301682 -0.00361831
	>>>> prev guard 8.39876 3 cur guard 8.09364 2.78678
	was guard reflex vertex? 0
	was guard in reflex area? 0
	does guard intersect boundary ray 8.39876 3 8.09364 2.78678?1
	is guard inside polygon? 0
0 other guards have coords 8.09364 3
	 new best guard at 8.09364 3
scaling gradient with 0.125 to -0.00603364 -0.00723662
	>>>> prev guard 8.39876 3 cur guard 7.98242 2.83008
	was guard reflex vertex? 0
	was guard in reflex area? 0
	does guard intersect boundary ray 8.39876 3 7.98242 2.83008?1
	is guard inside polygon? 0
0 other guards have coords 7.98242 3
	 new best guard at 7.98242 3
scaling gradient with 0.25 to -0.0120673 -0.0144732
	>>>> prev guard 8.39876 3 cur guard 7.891 2.86415
	was guard reflex vertex? 0
	was guard in reflex area? 0
	does guard intersect boundary ray 8.39876 3 7.891 2.86415?1
	is guard inside polygon? 0
0 other guards have coords 7.891 3
	 new best guard at 7.891 3
scaling gradient with 0.5 to -0.0241346 -0.0289465
	>>>> prev guard 8.39876 3 cur guard 7.81445 2.89024
	was guard reflex vertex? 0
	was guard in reflex area? 0
	does guard intersect boundary ray 8.39876 3 7.81445 2.89024?1
	is guard inside polygon? 0
0 other guards have coords 7.81445 3
	 new best guard at 7.81445 3
scaling gradient with 1 to -0.0482691 -0.0578929
	>>>> prev guard 8.39876 3 cur guard 7.74786 2.90879
	was guard reflex vertex? 0
	was guard in reflex area? 0
	does guard intersect boundary ray 8.39876 3 7.74786 2.90879?1
	is guard inside polygon? 0
0 other guards have coords 7.74786 3
	 new best guard at 7.74786 3
scaling gradient with 2 to -0.0965383 -0.115786
	>>>> prev guard 8.39876 3 cur guard 7.68539 2.91901
	was guard reflex vertex? 0
	was guard in reflex area? 0
	does guard intersect boundary ray 8.39876 3 7.68539 2.91901?1
	is guard inside polygon? 0
0 other guards have coords 7.68539 3
	 new best guard at 7.68539 3
scaling gradient with 4 to -0.193077 -0.231572
	>>>> prev guard 8.39876 3 cur guard 7.61848 2.91792
	was guard reflex vertex? 0
	was guard in reflex area? 0
	does guard intersect boundary ray 8.39876 3 7.61848 2.91792?1
	is guard inside polygon? 0
0 other guards have coords 7.61848 3
	 new best guard at 7.61848 3
scaling gradient with 8 to -0.386153 -0.463144
	>>>> prev guard 8.39876 3 cur guard 7.53257 2.89852
	was guard reflex vertex? 0
	was guard in reflex area? 0
	does guard intersect boundary ray 8.39876 3 7.53257 2.89852?1
	is guard inside polygon? 0
0 other guards have coords 7.53257 3
	 new best guard at 7.53257 3
scaling gradient with 16 to -0.772306 -0.926287
	>>>> prev guard 8.39876 3 cur guard 7.40059 2.84595
	was guard reflex vertex? 0
	was guard in reflex area? 0
	does guard intersect boundary ray 8.39876 3 7.40059 2.84595?1
	is guard inside polygon? 0
0 other guards have coords 7.40059 3
	 new best guard at 7.40059 3
scaling gradient with 32 to -1.54461 -1.85257
	>>>> prev guard 8.39876 3 cur guard 7.16994 2.72979
	was guard reflex vertex? 0
	was guard in reflex area? 0
	does guard intersect boundary ray 8.39876 3 7.16994 2.72979?1
	is guard inside polygon? 0
0 other guards have coords 7.16994 3
	 new best guard at 7.16994 3
Df=-0.0193077 -0.0231572
h=-0.0074147 0.00618212
Df=0 0
h=0 0
Df=0 0
h=0 0
Df=0 0
h=0 0
Df=0 0
h=0 0
Df=0 0
h=0 0
Df=-0.230643 -0.27021
h=-0.0074147 0.00618212
is completely visible? 0
are areas equal? 38=36.3953?0
+++++3 guards with gradient 0
	======== guard 10.6678 3
	was guard reflex vertex? 0
	computed gradient -0.0839289 -0.103147 and pull -0.0299568 0.0280933
	------- removing guard 10.6678 3
g1=10.6678 3
area1=30.0315
alpha1=0.4
scaling gradient with 0.03125 to -0.00262278 -0.00322335
	>>>> prev guard 10.6678 3 cur guard 10.4245 2.55471
	was guard reflex vertex? 0
	was guard in reflex area? 0
	does guard intersect boundary ray 10.6678 3 10.4245 2.55471?1
	is guard inside polygon? 0
0 other guards have coords 10.4245 3
	 new best guard at 10.4245 3
scaling gradient with 0.0625 to -0.00524556 -0.00644669
	>>>> prev guard 10.6678 3 cur guard 10.227 2.6455
	was guard reflex vertex? 0
	was guard in reflex area? 0
	does guard intersect boundary ray 10.6678 3 10.227 2.6455?1
	is guard inside polygon? 0
0 other guards have coords 10.227 3
	 new best guard at 10.227 3
scaling gradient with 0.125 to -0.0104911 -0.0128934
	>>>> prev guard 10.6678 3 cur guard 10.0657 2.71761
	was guard reflex vertex? 0
	was guard in reflex area? 0
	does guard intersect boundary ray 10.6678 3 10.0657 2.71761?1
	is guard inside polygon? 0
0 other guards have coords 10.0657 3
	 new best guard at 10.0657 3
scaling gradient with 0.25 to -0.0209822 -0.0257868
	>>>> prev guard 10.6678 3 cur guard 9.93264 2.77428
	was guard reflex vertex? 0
	was guard in reflex area? 0
	does guard intersect boundary ray 10.6678 3 9.93264 2.77428?1
	is guard inside polygon? 0
0 other guards have coords 9.93264 3
	 new best guard at 9.93264 3
scaling gradient with 0.5 to -0.0419645 -0.0515736
	>>>> prev guard 10.6678 3 cur guard 9.82043 2.81754
	was guard reflex vertex? 0
	was guard in reflex area? 0
	does guard intersect boundary ray 10.6678 3 9.82043 2.81754?1
	is guard inside polygon? 0
0 other guards have coords 9.82043 3
	 new best guard at 9.82043 3
scaling gradient with 1 to -0.0839289 -0.103147
	>>>> prev guard 10.6678 3 cur guard 9.72155 2.84803
	was guard reflex vertex? 0
	was guard in reflex area? 0
	does guard intersect boundary ray 10.6678 3 9.72155 2.84803?1
	is guard inside polygon? 0
0 other guards have coords 9.72155 3
	 new best guard at 9.72155 3
scaling gradient with 2 to -0.167858 -0.206294
	>>>> prev guard 10.6678 3 cur guard 9.62662 2.86417
	was guard reflex vertex? 0
	was guard in reflex area? 0
	does guard intersect boundary ray 10.6678 3 9.62662 2.86417?1
	is guard inside polygon? 0
0 other guards have coords 9.62662 3
	 new best guard at 9.62662 3
scaling gradient with 4 to -0.335716 -0.412588
	>>>> prev guard 10.6678 3 cur guard 9.52143 2.86057
	was guard reflex vertex? 0
	was guard in reflex area? 0
	does guard intersect boundary ray 10.6678 3 9.52143 2.86057?1
	is guard inside polygon? 0
0 other guards have coords 9.52143 3
	 new best guard at 9.52143 3
scaling gradient with 8 to -0.671432 -0.825177
	>>>> prev guard 10.6678 3 cur guard 9.38116 2.82469
	was guard reflex vertex? 0
	was guard in reflex area? 0
	does guard intersect boundary ray 10.6678 3 9.38116 2.82469?1
	is guard inside polygon? 0
0 other guards have coords 9.38116 3
scaling gradient with 16 to -1.34286 -1.65035
	>>>> prev guard 10.6678 3 cur guard 9.15912 2.72997
	was guard reflex vertex? 0
	was guard in reflex area? 0
	does guard intersect boundary ray 10.6678 3 9.15912 2.72997?1
	is guard inside polygon? 0
0 other guards have coords 9.15912 3
scaling gradient with 32 to -2.68573 -3.30071
	>>>> prev guard 10.6678 3 cur guard 8.76423 2.52217
	was guard reflex vertex? 0
	was guard in reflex area? 0
	does guard intersect boundary ray 10.6678 3 8.76423 2.52217?1
	is guard inside polygon? 0
0 other guards have coords 8.76423 3
Df=-0.00884182 -0.0206361
h=-0.00406361 0.00174111
Df=0 0
h=0 0
Df=-0.0247298 -0.0206227
h=-0.00791911 0.00949621
Df=0 0
h=0 0
Df=0 0
h=0 0
Df=0 0
h=0 0
Df=-0.105197 -0.139426
h=-0.0119827 0.0112373
is completely visible? 0
are areas equal? 38=36.3953?0
+++++2 guards with gradient 0
	======== guard 15 3
	was guard reflex vertex? 0
	computed gradient -0 -0 and pull -0 0
	======== guard 14.5685 3
	was guard reflex vertex? 0
	computed gradient -0.0709378 -0.142314 and pull -0.0300725 0.0177806
	------- removing guard 14.5685 3
g3=14.5685 3
area3=28.4038
alpha3=0.4
scaling gradient with 0.03125 to -0.00221681 -0.00444732
	>>>> prev guard 14.5685 3 cur guard 14.3302 2.42339
	was guard reflex vertex? 0
	was guard in reflex area? 0
	does guard intersect boundary ray 14.5685 3 14.3302 2.42339?1
	is guard inside polygon? 0
0 other guards have coords 14.3302 3
	 new best guard at 14.3302 3
scaling gradient with 0.0625 to -0.00443361 -0.00889465
	>>>> prev guard 14.5685 3 cur guard 14.1368 2.53943
	was guard reflex vertex? 0
	was guard in reflex area? 0
	does guard intersect boundary ray 14.5685 3 14.1368 2.53943?1
	is guard inside polygon? 0
0 other guards have coords 14.1368 3
	 new best guard at 14.1368 3
scaling gradient with 0.125 to -0.00886723 -0.0177893
	>>>> prev guard 14.5685 3 cur guard 13.9789 2.63154
	was guard reflex vertex? 0
	was guard in reflex area? 0
	does guard intersect boundary ray 14.5685 3 13.9789 2.63154?1
	is guard inside polygon? 0
0 other guards have coords 13.9789 3
	 new best guard at 13.9789 3
scaling gradient with 0.25 to -0.0177345 -0.0355786
	>>>> prev guard 14.5685 3 cur guard 13.8488 2.70381
	was guard reflex vertex? 0
	was guard in reflex area? 0
	does guard intersect boundary ray 14.5685 3 13.8488 2.70381?1
	is guard inside polygon? 0
0 other guards have coords 13.8488 3
	 new best guard at 13.8488 3
scaling gradient with 0.5 to -0.0354689 -0.0711572
	>>>> prev guard 14.5685 3 cur guard 13.7395 2.75878
	was guard reflex vertex? 0
	was guard in reflex area? 0
	does guard intersect boundary ray 14.5685 3 13.7395 2.75878?1
	is guard inside polygon? 0
0 other guards have coords 13.7395 3
	 new best guard at 13.7395 3
scaling gradient with 1 to -0.0709378 -0.142314
	>>>> prev guard 14.5685 3 cur guard 13.644 2.79706
	was guard reflex vertex? 0
	was guard in reflex area? 0
	does guard intersect boundary ray 14.5685 3 13.644 2.79706?1
	is guard inside polygon? 0
0 other guards have coords 13.644 3
	 new best guard at 13.644 3
scaling gradient with 2 to -0.141876 -0.284629
	>>>> prev guard 14.5685 3 cur guard 13.5538 2.8163
	was guard reflex vertex? 0
	was guard in reflex area? 0
	does guard intersect boundary ray 14.5685 3 13.5538 2.8163?1
	is guard inside polygon? 0
0 other guards have coords 13.5538 3
	 new best guard at 13.5538 3
scaling gradient with 4 to -0.283751 -0.569258
	>>>> prev guard 14.5685 3 cur guard 13.4565 2.80892
	was guard reflex vertex? 0
	was guard in reflex area? 0
	does guard intersect boundary ray 14.5685 3 13.4565 2.80892?1
	is guard inside polygon? 0
0 other guards have coords 13.4565 3
	 new best guard at 13.4565 3
scaling gradient with 8 to -0.567502 -1.13852
	>>>> prev guard 14.5685 3 cur guard 13.3309 2.75748
	was guard reflex vertex? 0
	was guard in reflex area? 0
	does guard intersect boundary ray 14.5685 3 13.3309 2.75748?1
	is guard inside polygon? 0
0 other guards have coords 13.3309 3
	 new best guard at 13.3309 3
scaling gradient with 16 to -1.135 -2.27703
	>>>> prev guard 14.5685 3 cur guard 13.1372 2.62524
	was guard reflex vertex? 0
	was guard in reflex area? 0
	does guard intersect boundary ray 14.5685 3 13.1372 2.62524?1
	is guard inside polygon? 0
0 other guards have coords 13.1372 3
	 new best guard at 13.1372 3
scaling gradient with 32 to -2.27001 -4.55406
	>>>> prev guard 14.5685 3 cur guard 12.7982 2.33729
	was guard reflex vertex? 0
	was guard in reflex area? 0
	does guard intersect boundary ray 14.5685 3 12.7982 2.33729?1
	is guard inside polygon? 0
0 other guards have coords 12.7982 3
	 new best guard at 12.7982 3
Df=-0.00341476 -0.0146297
h=-0.00166269 0.000388091
Df=0 0
h=0 0
Df=-0.00682678 -0.0190076
h=-0.00321247 0.00115379
Df=0 0
h=0 0
Df=-0.0181336 -0.0232884
h=-0.00715386 0.00557037
Df=0 0
h=0 0
Df=-0.338964 -0.662709
h=-0.012029 0.00711226
is completely visible? 0
are areas equal? 38=36.3953?0
+++++1 guards with gradient 0
	======== guard 15 3
	was guard reflex vertex? 0
	computed gradient -0.0761372 -0.181202 and pull -0.0338976 0.0164024
	------- removing guard 15 3
g2=15 3
area2=28.1793
alpha2=0.4
scaling gradient with 0.03125 to -0.00237929 -0.00566258
	>>>> prev guard 15 3 cur guard 15.2146 2.29093
	was guard reflex vertex? 0
	was guard in reflex area? 0
	does guard intersect boundary ray 15 3 15.2146 2.29093?0
	is guard inside polygon? 0
1 other guards have coords 15 3
	 new best guard at 15 3
scaling gradient with 0.0625 to -0.00475857 -0.0113252
	>>>> prev guard 15 3 cur guard 15.1686 2.43315
	was guard reflex vertex? 0
	was guard in reflex area? 0
	does guard intersect boundary ray 15 3 15.1686 2.43315?0
	is guard inside polygon? 0
1 other guards have coords 15 3
scaling gradient with 0.125 to -0.00951715 -0.0226503
	>>>> prev guard 15 3 cur guard 15.1314 2.54602
	was guard reflex vertex? 0
	was guard in reflex area? 0
	does guard intersect boundary ray 15 3 15.1314 2.54602?0
	is guard inside polygon? 0
1 other guards have coords 15 3
scaling gradient with 0.25 to -0.0190343 -0.0453006
	>>>> prev guard 15 3 cur guard 15.1009 2.6345
	was guard reflex vertex? 0
	was guard in reflex area? 0
	does guard intersect boundary ray 15 3 15.1009 2.6345?0
	is guard inside polygon? 0
1 other guards have coords 15 3
scaling gradient with 0.5 to -0.0380686 -0.0906012
	>>>> prev guard 15 3 cur guard 15.0749 2.70167
	was guard reflex vertex? 0
	was guard in reflex area? 0
	does guard intersect boundary ray 15 3 15.0749 2.70167?0
	is guard inside polygon? 0
1 other guards have coords 15 3
scaling gradient with 1 to -0.0761372 -0.181202
	>>>> prev guard 15 3 cur guard 15.0511 2.74815
	was guard reflex vertex? 0
	was guard in reflex area? 0
	does guard intersect boundary ray 15 3 15.0511 2.74815?0
	is guard inside polygon? 0
1 other guards have coords 15 3
scaling gradient with 2 to -0.152274 -0.362405
	>>>> prev guard 15 3 cur guard 15.026 2.77084
	was guard reflex vertex? 0
	was guard in reflex area? 0
	does guard intersect boundary ray 15 3 15.026 2.77084?0
	is guard inside polygon? 0
1 other guards have coords 15 3
scaling gradient with 4 to -0.304549 -0.72481
	>>>> prev guard 15 3 cur guard 14.9937 2.76
	was guard reflex vertex? 0
	was guard in reflex area? 0
	does guard intersect boundary ray 15 3 14.9937 2.76?0
	is guard inside polygon? 0
1 other guards have coords 15 3
scaling gradient with 8 to -0.609098 -1.44962
	>>>> prev guard 15 3 cur guard 14.9436 2.69334
	was guard reflex vertex? 0
	was guard in reflex area? 0
	does guard intersect boundary ray 15 3 14.9436 2.69334?0
	is guard inside polygon? 0
1 other guards have coords 15 3
scaling gradient with 16 to -1.2182 -2.89924
	>>>> prev guard 15 3 cur guard 14.8547 2.52405
	was guard reflex vertex? 0
	was guard in reflex area? 0
	does guard intersect boundary ray 15 3 14.8547 2.52405?0
	is guard inside polygon? 0
1 other guards have coords 15 3
scaling gradient with 32 to -2.43639 -5.79848
	>>>> prev guard 15 3 cur guard 14.6861 2.15667
	was guard reflex vertex? 0
	was guard in reflex area? 0
	does guard intersect boundary ray 15 3 14.6861 2.15667?0
	is guard inside polygon? 0
1 other guards have coords 15 3
Df=-0.00314164 -0.0141374
h=-0.00153341 0.000340759
Df=-0.00170582 -0.00682328
h=-0.000827445 0.000206861
Df=-0.00608955 -0.0182687
h=-0.00288853 0.000962843
Df=-0.00399986 -0.00999964
h=-0.00185689 0.000742755
Df=-0.015468 -0.023202
h=-0.00643508 0.00429005
Df=-5e-05 -5e-05
h=-1.76777e-05 1.76777e-05
Df=0.214564 -0.709075
h=-0.013559 0.00656095
is completely visible? 0
are areas equal? 38=36.3953?0
i=3
area=36.3953
+++++4 guards with gradient 0
	======== guard 7.16994 3
	was guard reflex vertex? 0
	computed gradient -0.0663396 -0.0388067 and pull -0.0167483 0.028631
	------- removing guard 7.16994 3
g0=7.16994 3
area0=30.2284
alpha0=0.4
scaling gradient with 0.03125 to -0.00207311 -0.00121271
	>>>> prev guard 7.16994 3 cur guard 6.98392 2.78603
	was guard reflex vertex? 0
	was guard in reflex area? 0
	does guard intersect boundary ray 7.16994 3 6.98392 2.78603?1
	is guard inside polygon? 0
0 other guards have coords 6.98392 3
	 new best guard at 6.98392 3
scaling gradient with 0.0625 to -0.00414623 -0.00242542
	>>>> prev guard 7.16994 3 cur guard 6.83343 2.83092
	was guard reflex vertex? 0
	was guard in reflex area? 0
	does guard intersect boundary ray 7.16994 3 6.83343 2.83092?1
	is guard inside polygon? 0
0 other guards have coords 6.83343 3
	 new best guard at 6.83343 3
scaling gradient with 0.125 to -0.00829245 -0.00485084
	>>>> prev guard 7.16994 3 cur guard 6.71104 2.86664
	was guard reflex vertex? 0
	was guard in reflex area? 0
	does guard intersect boundary ray 7.16994 3 6.71104 2.86664?1
	is guard inside polygon? 0
0 other guards have coords 6.71104 3
	 new best guard at 6.71104 3
scaling gradient with 0.25 to -0.0165849 -0.00970169
	>>>> prev guard 7.16994 3 cur guard 6.61046 2.89482
	was guard reflex vertex? 0
	was guard in reflex area? 0
	does guard intersect boundary ray 7.16994 3 6.61046 2.89482?1
	is guard inside polygon? 0
0 other guards have coords 6.61046 3
	 new best guard at 6.61046 3
scaling gradient with 0.5 to -0.0331698 -0.0194034
	>>>> prev guard 7.16994 3 cur guard 6.526 2.9166
	was guard reflex vertex? 0
	was guard in reflex area? 0
	does guard intersect boundary ray 7.16994 3 6.526 2.9166?1
	is guard inside polygon? 0
0 other guards have coords 6.526 3
	 new best guard at 6.526 3
scaling gradient with 1 to -0.0663396 -0.0388067
	>>>> prev guard 7.16994 3 cur guard 6.45179 2.93246
	was guard reflex vertex? 0
	was guard in reflex area? 0
	does guard intersect boundary ray 7.16994 3 6.45179 2.93246?1
	is guard inside polygon? 0
0 other guards have coords 6.45179 3
	 new best guard at 6.45179 3
scaling gradient with 2 to -0.132679 -0.0776135
	>>>> prev guard 7.16994 3 cur guard 6.38046 2.94205
	was guard reflex vertex? 0
	was guard in reflex area? 0
	does guard intersect boundary ray 7.16994 3 6.38046 2.94205?1
	is guard inside polygon? 0
0 other guards have coords 6.38046 3
scaling gradient with 4 to -0.265358 -0.155227
	>>>> prev guard 7.16994 3 cur guard 6.30083 2.94351
	was guard reflex vertex? 0
	was guard in reflex area? 0
	does guard intersect boundary ray 7.16994 3 6.30083 2.94351?1
	is guard inside polygon? 0
0 other guards have coords 6.30083 3
scaling gradient with 8 to -0.530717 -0.310454
	>>>> prev guard 7.16994 3 cur guard 6.19333 2.93227
	was guard reflex vertex? 0
	was guard in reflex area? 0
	does guard intersect boundary ray 7.16994 3 6.19333 2.93227?1
	is guard inside polygon? 0
0 other guards have coords 6.19333 3
scaling gradient with 16 to -1.06143 -0.620908
	>>>> prev guard 7.16994 3 cur guard 6.02108 2.89843
	was guard reflex vertex? 0
	was guard in reflex area? 0
	does guard intersect boundary ray 7.16994 3 6.02108 2.89843?1
	is guard inside polygon? 0
0 other guards have coords 6.02108 3
scaling gradient with 32 to -2.12287 -1.24182
	>>>> prev guard 7.16994 3 cur guard 5.7121 2.82169
	was guard reflex vertex? 0
	was guard in reflex area? 0
	does guard intersect boundary ray 7.16994 3 5.7121 2.82169?1
	is guard inside polygon? 0
0 other guards have coords 5.7121 3
Df=-0.0265358 -0.0155227
h=-0.00669931 0.0114524
Df=0 0
h=0 0
Df=0 0
h=0 0
Df=0 0
h=0 0
Df=0 0
h=0 0
Df=0 0
h=0 0
Df=-0.074214 -0.0675368
h=-0.00669931 0.0114524
is completely visible? 0
are areas equal? 38=37.9925?0
+++++3 guards with gradient 0
	======== guard 9.52143 3
	was guard reflex vertex? 0
	computed gradient 1.92082 -0.528825 and pull 0.213184 0.967256
	------- removing guard 9.52143 3
g1=9.52143 3
area1=31.9161
alpha1=0.4
scaling gradient with 0.03125 to 0.0600257 -0.0165258
pull reduced from 0.981032 to 	>>>> prev guard 9.52143 3 cur guard 9.44539 2.90218
	was guard reflex vertex? 0
	was guard in reflex area? 0
	does guard intersect boundary ray 9.52143 3 9.44539 2.90218?1
	is guard inside polygon? 0
0 other guards have coords 9.44539 3
	 new best guard at 9.44539 3
scaling gradient with 0.0625 to 0.120051 -0.0330516
pull reduced from 0.981032 to 	>>>> prev guard 9.52143 3 cur guard 9.39582 2.92666
	was guard reflex vertex? 0
	was guard in reflex area? 0
	does guard intersect boundary ray 9.52143 3 9.39582 2.92666?1
	is guard inside polygon? 0
0 other guards have coords 9.39582 3
scaling gradient with 0.125 to 0.240103 -0.0661031
pull reduced from 0.981032 to 	>>>> prev guard 9.52143 3 cur guard 9.37624 2.93991
	was guard reflex vertex? 0
	was guard in reflex area? 0
	does guard intersect boundary ray 9.52143 3 9.37624 2.93991?1
	is guard inside polygon? 0
0 other guards have coords 9.37624 3
scaling gradient with 0.25 to 0.480206 -0.132206
pull reduced from 0.981032 to 	>>>> prev guard 9.52143 3 cur guard 9.39941 2.94332
	was guard reflex vertex? 0
	was guard in reflex area? 0
	does guard intersect boundary ray 9.52143 3 9.39941 2.94332?1
	is guard inside polygon? 0
0 other guards have coords 9.39941 3
scaling gradient with 0.5 to 0.960412 -0.264413
pull reduced from 0.981032 to 	>>>> prev guard 9.52143 3 cur guard 9.4952 2.93535
	was guard reflex vertex? 0
	was guard in reflex area? 0
	does guard intersect boundary ray 9.52143 3 9.4952 2.93535?1
	is guard inside polygon? 0
0 other guards have coords 9.4952 3
	 new best guard at 9.4952 3
scaling gradient with 1 to 1.92082 -0.528825
pull reduced from 0.981032 to 	>>>> prev guard 9.52143 3 cur guard 9.72694 2.91256
	was guard reflex vertex? 0
	was guard in reflex area? 0
	does guard intersect boundary ray 9.52143 3 9.72694 2.91256?1
	is guard inside polygon? 0
0 other guards have coords 9.72694 3
scaling gradient with 2 to 3.84165 -1.05765
pull reduced from 0.981032 to 	>>>> prev guard 9.52143 3 cur guard 10.2263 2.87568
	was guard reflex vertex? 0
	was guard in reflex area? 0
	does guard intersect boundary ray 9.52143 3 10.2263 2.87568?1
	is guard inside polygon? 0
0 other guards have coords 10.2263 3
scaling gradient with 4 to 7.68329 -2.1153
	>>>> prev guard 9.52143 3 cur guard 11.2576 2.8087
	was guard reflex vertex? 0
	was guard in reflex area? 0
	does guard intersect boundary ray 9.52143 3 11.2576 2.8087?1
	is guard inside polygon? 0
0 other guards have coords 11.2576 3
scaling gradient with 8 to 15.3666 -4.2306
	>>>> prev guard 9.52143 3 cur guard 13.3289 2.58589
	was guard reflex vertex? 0
	was guard in reflex area? 0
	does guard intersect boundary ray 9.52143 3 13.3289 2.58589?1
	is guard inside polygon? 0
0 other guards have coords 13.3289 3
scaling gradient with 16 to 30.7332 -8.4612
	>>>> prev guard 9.52143 3 cur guard 17.4617 2.0692
	was guard reflex vertex? 0
	was guard in reflex area? 0
	does guard intersect boundary ray 9.52143 3 17.4617 2.0692?1
	is guard inside polygon? 0
1 other guards have coords 15 3
scaling gradient with 32 to 61.4664 -16.9224
	>>>> prev guard 9.52143 3 cur guard 23.2406 0.978947
	was guard reflex vertex? 0
	was guard in reflex area? 0
	does guard intersect boundary ray 9.52143 3 23.2406 0.978947?1
	is guard inside polygon? 0
1 other guards have coords 15 3
Df=-0.0128424 -0.0226118
h=-0.00558351 0.00317116
Df=0 0
h=0 0
Df=-0.00398835 -0.00103982
h=-0.000503091 0.00192967
Df=0.78516 -0.187878
h=0.0913601 0.381802
Df=0 0
h=0 0
Df=0 0
h=0 0
Df=0.0957838 -0.0646501
h=0.0852735 0.386902
is completely visible? 0
are areas equal? 38=37.9922?0
+++++2 guards with gradient 0
	======== guard 15 3
	was guard reflex vertex? 0
	computed gradient -0 -0 and pull -0 0
	======== guard 12.7982 3
	was guard reflex vertex? 0
	computed gradient -0.0949807 -0.119216 and pull -0.0287904 0.0333079
	------- removing guard 12.7982 3
g3=12.7982 3
area3=30.5598
alpha3=0.4
scaling gradient with 0.03125 to -0.00296815 -0.00372549
	>>>> prev guard 12.7982 3 cur guard 12.5245 2.4722
	was guard reflex vertex? 0
	was guard in reflex area? 0
	does guard intersect boundary ray 12.7982 3 12.5245 2.4722?1
	is guard inside polygon? 0
0 other guards have coords 12.5245 3
	 new best guard at 12.5245 3
scaling gradient with 0.0625 to -0.00593629 -0.00745097
	>>>> prev guard 12.7982 3 cur guard 12.3028 2.57983
	was guard reflex vertex? 0
	was guard in reflex area? 0
	does guard intersect boundary ray 12.7982 3 12.3028 2.57983?1
	is guard inside polygon? 0
0 other guards have coords 12.3028 3
	 new best guard at 12.3028 3
scaling gradient with 0.125 to -0.0118726 -0.0149019
	>>>> prev guard 12.7982 3 cur guard 12.1221 2.66534
	was guard reflex vertex? 0
	was guard in reflex area? 0
	does guard intersect boundary ray 12.7982 3 12.1221 2.66534?1
	is guard inside polygon? 0
0 other guards have coords 12.1221 3
scaling gradient with 0.25 to -0.0237452 -0.0298039
	>>>> prev guard 12.7982 3 cur guard 11.9734 2.73255
	was guard reflex vertex? 0
	was guard in reflex area? 0
	does guard intersect boundary ray 12.7982 3 11.9734 2.73255?1
	is guard inside polygon? 0
0 other guards have coords 11.9734 3
scaling gradient with 0.5 to -0.0474904 -0.0596078
	>>>> prev guard 12.7982 3 cur guard 11.8483 2.78393
	was guard reflex vertex? 0
	was guard in reflex area? 0
	does guard intersect boundary ray 12.7982 3 11.8483 2.78393?1
	is guard inside polygon? 0
0 other guards have coords 11.8483 3
scaling gradient with 1 to -0.0949807 -0.119216
	>>>> prev guard 12.7982 3 cur guard 11.7383 2.82028
	was guard reflex vertex? 0
	was guard in reflex area? 0
	does guard intersect boundary ray 12.7982 3 11.7383 2.82028?1
	is guard inside polygon? 0
0 other guards have coords 11.7383 3
scaling gradient with 2 to -0.189961 -0.238431
	>>>> prev guard 12.7982 3 cur guard 11.6329 2.83981
	was guard reflex vertex? 0
	was guard in reflex area? 0
	does guard intersect boundary ray 12.7982 3 11.6329 2.83981?1
	is guard inside polygon? 0
0 other guards have coords 11.6329 3
scaling gradient with 4 to -0.379923 -0.476862
	>>>> prev guard 12.7982 3 cur guard 11.5158 2.83636
	was guard reflex vertex? 0
	was guard in reflex area? 0
	does guard intersect boundary ray 12.7982 3 11.5158 2.83636?1
	is guard inside polygon? 0
0 other guards have coords 11.5158 3
scaling gradient with 8 to -0.759846 -0.953724
	>>>> prev guard 12.7982 3 cur guard 11.359 2.79546
	was guard reflex vertex? 0
	was guard in reflex area? 0
	does guard intersect boundary ray 12.7982 3 11.359 2.79546?1
	is guard inside polygon? 0
0 other guards have coords 11.359 3
scaling gradient with 16 to -1.51969 -1.90745
	>>>> prev guard 12.7982 3 cur guard 11.1098 2.68644
	was guard reflex vertex? 0
	was guard in reflex area? 0
	does guard intersect boundary ray 12.7982 3 11.1098 2.68644?1
	is guard inside polygon? 0
0 other guards have coords 11.1098 3
scaling gradient with 32 to -3.03938 -3.8149
	>>>> prev guard 12.7982 3 cur guard 10.6649 2.44662
	was guard reflex vertex? 0
	was guard in reflex area? 0
	does guard intersect boundary ray 12.7982 3 10.6649 2.44662?1
	is guard inside polygon? 0
0 other guards have coords 10.6649 3
Df=-0.00500066 -0.0169978
h=-0.00239868 0.000705678
Df=0 0
h=0 0
Df=-0.0116806 -0.0221828
h=-0.00516766 0.00272109
Df=0 0
h=0 0
Df=-0.021311 -0.00850557
h=-0.00394982 0.00989641
Df=0 0
h=0 0
Df=-0.221748 -0.420172
h=-0.0115162 0.0133232
is completely visible? 1
are areas equal? 38=38?1
i=5
area=38
g0=6.45179 3
alpha0=0.4
area0=31.3716
g1=9.4952 3
alpha1=0.4
area1=31.9809
g2=15 3
alpha2=0.4
area2=28.1793
g3=12.3028 3
alpha3=0.4
area3=30.9809
