38
0 4 0 0
1.5 0 0 0
2 -2.5 1.5 0
2 0 2 -2.5
2 4 0 4
2 6 2 4
2.5 4 2 6
3 0 3 -0.15
2 0 3 0
3.5 0 3 -0.15
4 0 4 -0.631579
3.5 0 4 0
4 4 2.5 4
4 5.95745 4 4
8 -0.947368 4 -0.631579
8 0 8 -0.947368
8 6.25532 8 4
4 5.95745 8 6.25532
12 0 12 -1.61905
8 0 12 0
12 4 8 4
12 6.62933 12 4
16 -1.71429 12 -1.61905
16 0 16 -1.71429
16 4.736 16 4
12 6.62933 16 4.736
16.8333 4 16 4
17.3333 4.15 17.3333 4
16.8333 4 17.3333 4.15
18.4 0 16 0
19 -2.5 18.4 0
19 0 19 -2.5
19 4 17.3333 4
19 6.5 19 4
19.6 4 19 6.5
20 0 19 0
20 4 20 0
19.6 4 20 4
total area=107.681
i=0
area=106.183
+++++3 guards with gradient 0
	======== guard 12.86 -1.41
	was guard reflex vertex? 0
	computed gradient 0.00482857 -0.00349919 and pull 0.000644163 0.000867939
	------- removing guard 12.86 -1.41
g0=12.86 -1.41
area0=46.8528
alpha0=0.3
scaling gradient with 0.03125 to 0.000150893 -0.00010935
	>>>> prev guard 12.86 -1.41 cur guard 12.86 -1.40995
	was guard reflex vertex? 0
	was guard in reflex area? 0
	does guard intersect boundary ray 12.86 -1.41 12.86 -1.40995?0
	is guard inside polygon? 1
0 other guards have coords 12.86 -1.40995
	 new best guard at 12.86 -1.40995
scaling gradient with 0.0625 to 0.000301786 -0.000218699
	>>>> prev guard 12.86 -1.41 cur guard 12.8601 -1.40988
	was guard reflex vertex? 0
	was guard in reflex area? 0
	does guard intersect boundary ray 12.86 -1.41 12.8601 -1.40988?0
	is guard inside polygon? 1
0 other guards have coords 12.8601 -1.40988
	 new best guard at 12.8601 -1.40988
scaling gradient with 0.125 to 0.000603572 -0.000437399
	>>>> prev guard 12.86 -1.41 cur guard 12.8603 -1.40979
	was guard reflex vertex? 0
	was guard in reflex area? 0
	does guard intersect boundary ray 12.86 -1.41 12.8603 -1.40979?0
	is guard inside polygon? 1
0 other guards have coords 12.8603 -1.40979
	 new best guard at 12.8603 -1.40979
scaling gradient with 0.25 to 0.00120714 -0.000874798
	>>>> prev guard 12.86 -1.41 cur guard 12.8605 -1.40972
	was guard reflex vertex? 0
	was guard in reflex area? 0
	does guard intersect boundary ray 12.86 -1.41 12.8605 -1.40972?0
	is guard inside polygon? 1
0 other guards have coords 12.8605 -1.40972
	 new best guard at 12.8605 -1.40972
scaling gradient with 0.5 to 0.00241429 -0.0017496
	>>>> prev guard 12.86 -1.41 cur guard 12.8609 -1.40972
	was guard reflex vertex? 0
	was guard in reflex area? 0
	does guard intersect boundary ray 12.86 -1.41 12.8609 -1.40972?0
	is guard inside polygon? 1
0 other guards have coords 12.8609 -1.40972
	 new best guard at 12.8609 -1.40972
scaling gradient with 1 to 0.00482857 -0.00349919
	>>>> prev guard 12.86 -1.41 cur guard 12.8615 -1.40988
	was guard reflex vertex? 0
	was guard in reflex area? 0
	does guard intersect boundary ray 12.86 -1.41 12.8615 -1.40988?0
	is guard inside polygon? 1
0 other guards have coords 12.8615 -1.40988
	 new best guard at 12.8615 -1.40988
scaling gradient with 2 to 0.00965715 -0.00699838
	>>>> prev guard 12.86 -1.41 cur guard 12.8626 -1.41037
	was guard reflex vertex? 0
	was guard in reflex area? 0
	does guard intersect boundary ray 12.86 -1.41 12.8626 -1.41037?0
	is guard inside polygon? 1
0 other guards have coords 12.8626 -1.41037
	 new best guard at 12.8626 -1.41037
scaling gradient with 4 to 0.0193143 -0.0139968
	>>>> prev guard 12.86 -1.41 cur guard 12.8647 -1.41155
	was guard reflex vertex? 0
	was guard in reflex area? 0
	does guard intersect boundary ray 12.86 -1.41 12.8647 -1.41155?0
	is guard inside polygon? 1
0 other guards have coords 12.8647 -1.41155
	 new best guard at 12.8647 -1.41155
scaling gradient with 8 to 0.0386286 -0.0279935
	>>>> prev guard 12.86 -1.41 cur guard 12.8688 -1.41413
	was guard reflex vertex? 0
	was guard in reflex area? 0
	does guard intersect boundary ray 12.86 -1.41 12.8688 -1.41413?0
	is guard inside polygon? 1
0 other guards have coords 12.8688 -1.41413
	 new best guard at 12.8688 -1.41413
scaling gradient with 16 to 0.0772572 -0.055987
	>>>> prev guard 12.86 -1.41 cur guard 12.8767 -1.41949
	was guard reflex vertex? 0
	was guard in reflex area? 0
	does guard intersect boundary ray 12.86 -1.41 12.8767 -1.41949?0
	is guard inside polygon? 1
0 other guards have coords 12.8767 -1.41949
	 new best guard at 12.8767 -1.41949
scaling gradient with 32 to 0.154514 -0.111974
	>>>> prev guard 12.86 -1.41 cur guard 12.8923 -1.43045
	was guard reflex vertex? 0
	was guard in reflex area? 0
	does guard intersect boundary ray 12.86 -1.41 12.8923 -1.43045?0
	is guard inside polygon? 1
0 other guards have coords 12.8923 -1.43045
	 new best guard at 12.8923 -1.43045
Df=0 0
h=0 0
Df=0 0
h=0 0
Df=0 0
h=0 0
Df=0.00160152 -0.00117623
h=0.000175233 0.000238594
Df=-0.000152949 0.000126468
h=1.80157e-05 2.1788e-05
Df=0 0
h=0 0
Df=0 0
h=0 0
Df=0 0
h=0 0
Df=0.0156274 -0.0109589
h=0.000193249 0.000260382
is completely visible? 0
are areas equal? 107.681=106.183?0
+++++2 guards with gradient 0
	======== guard 2 0.59
	was guard reflex vertex? 0
	computed gradient 1.08598 1.36024 and pull 0.912426 -0.10181
	------- removing guard 2 0.59
g1=2 0.59
area1=93.6627
alpha1=0.3
scaling gradient with 0.03125 to 0.0339368 0.0425075
pull reduced from 0.842886 to 	>>>> prev guard 2 0.59 cur guard 2.00204 0.59255
	was guard reflex vertex? 0
	was guard in reflex area? 0
	does guard intersect boundary ray 2 0.59 2.00204 0.59255?0
	is guard inside polygon? 1
0 other guards have coords 2.00204 0.59255
	 new best guard at 2.00204 0.59255
scaling gradient with 0.0625 to 0.0678736 0.085015
pull reduced from 0.842886 to 	>>>> prev guard 2 0.59 cur guard 2.00775 0.599691
	was guard reflex vertex? 0
	was guard in reflex area? 0
	does guard intersect boundary ray 2 0.59 2.00775 0.599691?0
	is guard inside polygon? 1
0 other guards have coords 2.00775 0.599691
scaling gradient with 0.125 to 0.135747 0.17003
pull reduced from 0.842886 to 	>>>> prev guard 2 0.59 cur guard 2.02052 0.615598
	was guard reflex vertex? 0
	was guard in reflex area? 0
	does guard intersect boundary ray 2 0.59 2.02052 0.615598?0
	is guard inside polygon? 1
0 other guards have coords 2.02052 0.615598
scaling gradient with 0.25 to 0.271494 0.34006
pull reduced from 0.842886 to 	>>>> prev guard 2 0.59 cur guard 2.04733 0.648694
	was guard reflex vertex? 0
	was guard in reflex area? 0
	does guard intersect boundary ray 2 0.59 2.04733 0.648694?0
	is guard inside polygon? 1
0 other guards have coords 2.04733 0.648694
	 new best guard at 2.04733 0.648694
scaling gradient with 0.5 to 0.542989 0.68012
pull reduced from 0.842886 to 	>>>> prev guard 2 0.59 cur guard 2.10266 0.715832
	was guard reflex vertex? 0
	was guard in reflex area? 0
	does guard intersect boundary ray 2 0.59 2.10266 0.715832?0
	is guard inside polygon? 1
0 other guards have coords 2.10266 0.715832
	 new best guard at 2.10266 0.715832
scaling gradient with 1 to 1.08598 1.36024
pull reduced from 0.842886 to 	>>>> prev guard 2 0.59 cur guard 2.21755 0.850547
	was guard reflex vertex? 0
	was guard in reflex area? 0
	does guard intersect boundary ray 2 0.59 2.21755 0.850547?0
	is guard inside polygon? 1
0 other guards have coords 2.21755 0.850547
	 new best guard at 2.21755 0.850547
scaling gradient with 2 to 2.17196 2.72048
pull reduced from 0.842886 to 	>>>> prev guard 2 0.59 cur guard 2.4624 1.11902
	was guard reflex vertex? 0
	was guard in reflex area? 0
	does guard intersect boundary ray 2 0.59 2.4624 1.11902?0
	is guard inside polygon? 1
0 other guards have coords 2.4624 1.11902
	 new best guard at 2.4624 1.11902
scaling gradient with 4 to 4.34391 5.44096
	>>>> prev guard 2 0.59 cur guard 2.97366 1.65415
	was guard reflex vertex? 0
	was guard in reflex area? 0
	does guard intersect boundary ray 2 0.59 2.97366 1.65415?0
	is guard inside polygon? 1
0 other guards have coords 2.97366 1.65415
	 new best guard at 2.97366 1.65415
scaling gradient with 8 to 8.68782 10.8819
	>>>> prev guard 2 0.59 cur guard 3.95869 2.72907
	was guard reflex vertex? 0
	was guard in reflex area? 0
	does guard intersect boundary ray 2 0.59 3.95869 2.72907?0
	is guard inside polygon? 1
0 other guards have coords 3.95869 2.72907
	 new best guard at 3.95869 2.72907
scaling gradient with 16 to 17.3756 21.7638
	>>>> prev guard 2 0.59 cur guard 5.84399 4.88872
	was guard reflex vertex? 0
	was guard in reflex area? 0
	does guard intersect boundary ray 2 0.59 5.84399 4.88872?0
	is guard inside polygon? 1
0 other guards have coords 5.84399 4.88872
scaling gradient with 32 to 34.7513 43.5277
	>>>> prev guard 2 0.59 cur guard 9.49205 9.22199
	was guard reflex vertex? 0
	was guard in reflex area? 0
	does guard intersect boundary ray 2 0.59 9.49205 9.22199?1
	is guard inside polygon? 0
0 other guards have coords 6.84234 6.16911
Df=0 0
h=0 0
Df=0.160066 -0.0938806
h=0.0237478 0.0404899
Df=-5.4626e-05 9.61161e-05
h=1.39272e-05 7.91531e-06
Df=0.0142237 -0.0417117
h=0.00394794 0.00134625
Df=-1.33449e-06 5.47884e-06
h=3.80229e-07 9.2613e-08
Df=0.000154662 -0.000672773
h=4.42025e-05 1.01616e-05
Df=-2.73892e-08 1.23158e-07
h=7.84047e-09 1.74365e-09
Df=0 0
h=0 0
Df=0 0
h=0 0
Df=0 0
h=0 0
Df=0 0
h=0 0
Df=0 0
h=0 0
Df=0.00253182 0.0429122
h=0.00428377 -0.000252743
Df=0 0
h=0 0
Df=0.146908 0.497993
h=0.238821 -0.0704523
Df=0 0
h=0 0
Df=0.00196483 0.00333022
h=0.00286822 -0.00169225
Df=0 0
h=0 0
Df=0 0
h=0 0
Df=0 0
h=0 0
Df=0.985024 1.07491
h=0.273728 -0.030543
is completely visible? 0
are areas equal? 107.681=106.75?0
+++++1 guards with gradient 0
	======== guard 19 1.71
	was guard reflex vertex? 0
	computed gradient -0.782122 0.166461 and pull -0.236617 -0.228671
	------- removing guard 19 1.71
g2=19 1.71
area2=94.4722
alpha2=0.3
scaling gradient with 0.03125 to -0.0244413 0.00520192
pull reduced from 0.108278 to 	>>>> prev guard 19 1.71 cur guard 18.9985 1.71031
	was guard reflex vertex? 0
	was guard in reflex area? 0
	does guard intersect boundary ray 19 1.71 18.9985 1.71031?0
	is guard inside polygon? 1
0 other guards have coords 18.9985 1.71031
	 new best guard at 18.9985 1.71031
scaling gradient with 0.0625 to -0.0488826 0.0104038
pull reduced from 0.108278 to 	>>>> prev guard 19 1.71 cur guard 18.9944 1.71118
	was guard reflex vertex? 0
	was guard in reflex area? 0
	does guard intersect boundary ray 19 1.71 18.9944 1.71118?0
	is guard inside polygon? 1
0 other guards have coords 18.9944 1.71118
	 new best guard at 18.9944 1.71118
scaling gradient with 0.125 to -0.0977653 0.0208077
pull reduced from 0.108278 to 	>>>> prev guard 19 1.71 cur guard 18.9852 1.7131
	was guard reflex vertex? 0
	was guard in reflex area? 0
	does guard intersect boundary ray 19 1.71 18.9852 1.7131?0
	is guard inside polygon? 1
0 other guards have coords 18.9852 1.7131
	 new best guard at 18.9852 1.7131
scaling gradient with 0.25 to -0.195531 0.0416154
pull reduced from 0.108278 to 	>>>> prev guard 19 1.71 cur guard 18.966 1.71701
	was guard reflex vertex? 0
	was guard in reflex area? 0
	does guard intersect boundary ray 19 1.71 18.966 1.71701?0
	is guard inside polygon? 1
0 other guards have coords 18.966 1.71701
	 new best guard at 18.966 1.71701
scaling gradient with 0.5 to -0.391061 0.0832307
pull reduced from 0.108278 to 	>>>> prev guard 19 1.71 cur guard 18.9267 1.72459
	was guard reflex vertex? 0
	was guard in reflex area? 0
	does guard intersect boundary ray 19 1.71 18.9267 1.72459?0
	is guard inside polygon? 1
0 other guards have coords 18.9267 1.72459
	 new best guard at 18.9267 1.72459
scaling gradient with 1 to -0.782122 0.166461
	>>>> prev guard 19 1.71 cur guard 18.834 1.72692
	was guard reflex vertex? 0
	was guard in reflex area? 0
	does guard intersect boundary ray 19 1.71 18.834 1.72692?0
	is guard inside polygon? 1
0 other guards have coords 18.834 1.72692
	 new best guard at 18.834 1.72692
scaling gradient with 2 to -1.56424 0.332923
	>>>> prev guard 19 1.71 cur guard 18.6519 1.73505
	was guard reflex vertex? 0
	was guard in reflex area? 0
	does guard intersect boundary ray 19 1.71 18.6519 1.73505?0
	is guard inside polygon? 1
0 other guards have coords 18.6519 1.73505
	 new best guard at 18.6519 1.73505
scaling gradient with 4 to -3.12849 0.665846
	>>>> prev guard 19 1.71 cur guard 18.3042 1.76777
	was guard reflex vertex? 0
	was guard in reflex area? 0
	does guard intersect boundary ray 19 1.71 18.3042 1.76777?0
	is guard inside polygon? 1
0 other guards have coords 18.3042 1.76777
	 new best guard at 18.3042 1.76777
scaling gradient with 8 to -6.25698 1.33169
	>>>> prev guard 19 1.71 cur guard 17.6365 1.86014
	was guard reflex vertex? 0
	was guard in reflex area? 0
	does guard intersect boundary ray 19 1.71 17.6365 1.86014?0
	is guard inside polygon? 1
0 other guards have coords 17.6365 1.86014
	 new best guard at 17.6365 1.86014
scaling gradient with 16 to -12.514 2.66338
	>>>> prev guard 19 1.71 cur guard 16.3373 2.08011
	was guard reflex vertex? 0
	was guard in reflex area? 0
	does guard intersect boundary ray 19 1.71 16.3373 2.08011?0
	is guard inside polygon? 1
0 other guards have coords 16.3373 2.08011
	 new best guard at 16.3373 2.08011
scaling gradient with 32 to -25.0279 5.32677
	>>>> prev guard 19 1.71 cur guard 13.7821 2.56197
	was guard reflex vertex? 0
	was guard in reflex area? 0
	does guard intersect boundary ray 19 1.71 13.7821 2.56197?0
	is guard inside polygon? 1
0 other guards have coords 13.7821 2.56197
	 new best guard at 13.7821 2.56197
Df=8.77193e-05 0
h=0 -5.12978e-05
Df=-0.129784 0.0455383
h=-0.0251286 -0.0716165
Df=-0.0400348 0.0702365
h=-0.02034 -0.0115938
Df=1.2949e-05 -5.30078e-05
h=-7.35623e-06 -1.79702e-06
Df=-0.00768076 0.0494084
h=-0.00443836 -0.000689964
Df=4.35135e-07 -3.81697e-06
h=-2.52827e-07 -2.88223e-08
Df=-7.98036e-06 7.23366e-05
h=-4.63873e-06 -5.11757e-07
Df=3.01429e-09 -2.82039e-08
h=-1.75276e-09 -1.87326e-10
Df=-5.01163e-05 0.000498232
h=-2.91606e-05 -2.93322e-06
Df=-0.000527177 0.00539509
h=-0.00030683 -2.99816e-05
Df=-0.00117207 -0.00870094
h=-0.000507239 6.8328e-05
Df=-5.99506e-05 -0.000431959
h=-2.59308e-05 3.59888e-06
Df=-0.000842548 -0.00551887
h=-0.000363711 5.55265e-05
Df=-0.00991703 -0.0476364
h=-0.00423968 0.000882625
Df=-0.00010132 -0.000309711
h=-4.20514e-05 1.37568e-05
Df=-0.0361953 -0.0474175
h=-0.0125638 0.00959036
Df=-0.0109115 -0.0103238
h=-0.00327475 0.00346116
Df=-0.000100412 -7.30801e-05
h=-2.58024e-05 3.54526e-05
Df=-0.000181951 0
h=0 7.94544e-05
Df=0.00282923 -0.000741284
h=0.000313135 0.00119513
Df=-2.55524 0.481864
h=-0.070985 -0.0686014
is completely visible? 0
are areas equal? 107.681=105.486?0
i=1
area=105.486
+++++3 guards with gradient 0
	======== guard 12.8923 -1.43045
	was guard reflex vertex? 0
	computed gradient -0.0254471 0.0132652 and pull 0.00288263 0.00474442
	------- removing guard 12.8923 -1.43045
g0=12.8923 -1.43045
area0=46.8746
alpha0=0.3
scaling gradient with 0.03125 to -0.000795221 0.000414538
	>>>> prev guard 12.8923 -1.43045 cur guard 12.9049 -1.43891
	was guard reflex vertex? 0
	was guard in reflex area? 0
	does guard intersect boundary ray 12.8923 -1.43045 12.9049 -1.43891?0
	is guard inside polygon? 1
0 other guards have coords 12.9049 -1.43891
	 new best guard at 12.9049 -1.43891
scaling gradient with 0.0625 to -0.00159044 0.000829075
	>>>> prev guard 12.8923 -1.43045 cur guard 12.9151 -1.44534
	was guard reflex vertex? 0
	was guard in reflex area? 0
	does guard intersect boundary ray 12.8923 -1.43045 12.9151 -1.44534?0
	is guard inside polygon? 1
0 other guards have coords 12.9151 -1.44534
	 new best guard at 12.9151 -1.44534
scaling gradient with 0.125 to -0.00318088 0.00165815
	>>>> prev guard 12.8923 -1.43045 cur guard 12.9232 -1.4501
	was guard reflex vertex? 0
	was guard in reflex area? 0
	does guard intersect boundary ray 12.8923 -1.43045 12.9232 -1.4501?0
	is guard inside polygon? 1
0 other guards have coords 12.9232 -1.4501
	 new best guard at 12.9232 -1.4501
scaling gradient with 0.25 to -0.00636177 0.0033163
	>>>> prev guard 12.8923 -1.43045 cur guard 12.9295 -1.45343
	was guard reflex vertex? 0
	was guard in reflex area? 0
	does guard intersect boundary ray 12.8923 -1.43045 12.9295 -1.45343?0
	is guard inside polygon? 1
0 other guards have coords 12.9295 -1.45343
	 new best guard at 12.9295 -1.45343
scaling gradient with 0.5 to -0.0127235 0.0066326
	>>>> prev guard 12.8923 -1.43045 cur guard 12.9339 -1.45541
	was guard reflex vertex? 0
	was guard in reflex area? 0
	does guard intersect boundary ray 12.8923 -1.43045 12.9339 -1.45541?0
	is guard inside polygon? 1
0 other guards have coords 12.9339 -1.45541
	 new best guard at 12.9339 -1.45541
scaling gradient with 1 to -0.0254471 0.0132652
	>>>> prev guard 12.8923 -1.43045 cur guard 12.9361 -1.45591
	was guard reflex vertex? 0
	was guard in reflex area? 0
	does guard intersect boundary ray 12.8923 -1.43045 12.9361 -1.45591?0
	is guard inside polygon? 1
0 other guards have coords 12.9361 -1.45591
	 new best guard at 12.9361 -1.45591
scaling gradient with 2 to -0.0508941 0.0265304
	>>>> prev guard 12.8923 -1.43045 cur guard 12.935 -1.45443
	was guard reflex vertex? 0
	was guard in reflex area? 0
	does guard intersect boundary ray 12.8923 -1.43045 12.935 -1.45443?0
	is guard inside polygon? 1
0 other guards have coords 12.935 -1.45443
	 new best guard at 12.935 -1.45443
scaling gradient with 4 to -0.101788 0.0530608
	>>>> prev guard 12.8923 -1.43045 cur guard 12.9282 -1.44978
	was guard reflex vertex? 0
	was guard in reflex area? 0
	does guard intersect boundary ray 12.8923 -1.43045 12.9282 -1.44978?0
	is guard inside polygon? 1
0 other guards have coords 12.9282 -1.44978
scaling gradient with 8 to -0.203577 0.106122
	>>>> prev guard 12.8923 -1.43045 cur guard 12.9107 -1.43941
	was guard reflex vertex? 0
	was guard in reflex area? 0
	does guard intersect boundary ray 12.8923 -1.43045 12.9107 -1.43941?0
	is guard inside polygon? 1
0 other guards have coords 12.9107 -1.43941
scaling gradient with 16 to -0.407153 0.212243
	>>>> prev guard 12.8923 -1.43045 cur guard 12.8724 -1.4181
	was guard reflex vertex? 0
	was guard in reflex area? 0
	does guard intersect boundary ray 12.8923 -1.43045 12.8724 -1.4181?0
	is guard inside polygon? 1
0 other guards have coords 12.8724 -1.4181
scaling gradient with 32 to -0.814306 0.424487
	>>>> prev guard 12.8923 -1.43045 cur guard 12.7931 -1.37529
	was guard reflex vertex? 0
	was guard in reflex area? 0
	does guard intersect boundary ray 12.8923 -1.43045 12.7931 -1.37529?0
	is guard inside polygon? 1
0 other guards have coords 12.7931 -1.37529
Df=0 0
h=0 0
Df=0 0
h=0 0
Df=-0.00831635 0.00475925
h=0.000760651 0.00132917
Df=0 0
h=0 0
Df=-4.03241e-05 3.29773e-05
h=4.70085e-06 5.74813e-06
Df=0.000722556 -0.00081267
h=9.94364e-05 8.84102e-05
Df=0 0
h=0 0
Df=0 0
h=0 0
Df=-0.00112034 0.00147527
h=0.000864789 0.00142333
is completely visible? 0
are areas equal? 107.681=105.487?0
+++++2 guards with gradient 0
	======== guard 3.95869 2.72907
	was guard reflex vertex? 0
	computed gradient 1.09772 -0.0373886 and pull 0.0220833 0.883724
	------- removing guard 3.95869 2.72907
g1=3.95869 2.72907
area1=95.8413
alpha1=0.3
scaling gradient with 0.03125 to 0.0343038 -0.0011684
	>>>> prev guard 3.95869 2.72907 cur guard 4.75009 3.64195
	was guard reflex vertex? 0
	was guard in reflex area? 0
	does guard intersect boundary ray 3.95869 2.72907 4.75009 3.64195?0
	is guard inside polygon? 1
0 other guards have coords 4.75009 3.64195
	 new best guard at 4.75009 3.64195
scaling gradient with 0.0625 to 0.0686076 -0.00233679
	>>>> prev guard 3.95869 2.72907 cur guard 5.38865 4.42514
	was guard reflex vertex? 0
	was guard in reflex area? 0
	does guard intersect boundary ray 3.95869 2.72907 5.38865 4.42514?0
	is guard inside polygon? 1
0 other guards have coords 5.38865 4.42514
scaling gradient with 0.125 to 0.137215 -0.00467358
	>>>> prev guard 3.95869 2.72907 cur guard 5.90906 5.10443
	was guard reflex vertex? 0
	was guard in reflex area? 0
	does guard intersect boundary ray 3.95869 2.72907 5.90906 5.10443?0
	is guard inside polygon? 1
0 other guards have coords 5.90906 5.10443
scaling gradient with 0.25 to 0.27443 -0.00934716
	>>>> prev guard 3.95869 2.72907 cur guard 6.34318 5.70033
	was guard reflex vertex? 0
	was guard in reflex area? 0
	does guard intersect boundary ray 3.95869 2.72907 6.34318 5.70033?0
	is guard inside polygon? 1
0 other guards have coords 6.34318 5.70033
scaling gradient with 0.5 to 0.548861 -0.0186943
	>>>> prev guard 3.95869 2.72907 cur guard 6.72473 6.22895
	was guard reflex vertex? 0
	was guard in reflex area? 0
	does guard intersect boundary ray 3.95869 2.72907 6.72473 6.22895?1
	is guard inside polygon? 0
0 other guards have coords 6.66712 6.15606
scaling gradient with 1 to 1.09772 -0.0373886
	>>>> prev guard 3.95869 2.72907 cur guard 7.03955 6.62974
	was guard reflex vertex? 0
	was guard in reflex area? 0
	does guard intersect boundary ray 3.95869 2.72907 7.03955 6.62974?1
	is guard inside polygon? 0
0 other guards have coords 6.66532 6.15593
scaling gradient with 2 to 2.19544 -0.0747773
	>>>> prev guard 3.95869 2.72907 cur guard 7.09632 6.58341
	was guard reflex vertex? 0
	was guard in reflex area? 0
	does guard intersect boundary ray 3.95869 2.72907 7.09632 6.58341?1
	is guard inside polygon? 0
0 other guards have coords 6.75369 6.16251
scaling gradient with 4 to 4.39088 -0.149555
	>>>> prev guard 3.95869 2.72907 cur guard 7.36326 6.54854
	was guard reflex vertex? 0
	was guard in reflex area? 0
	does guard intersect boundary ray 3.95869 2.72907 7.36326 6.54854?1
	is guard inside polygon? 0
0 other guards have coords 7.03804 6.18368
scaling gradient with 8 to 8.78177 -0.299109
	>>>> prev guard 3.95869 2.72907 cur guard 8.05393 6.52759
	was guard reflex vertex? 0
	was guard in reflex area? 0
	does guard intersect boundary ray 3.95869 2.72907 8.05393 6.52759?1
	is guard inside polygon? 0
0 other guards have coords 7.73947 6.23592
scaling gradient with 16 to 17.5635 -0.598218
	>>>> prev guard 3.95869 2.72907 cur guard 9.60732 6.52817
	was guard reflex vertex? 0
	was guard in reflex area? 0
	does guard intersect boundary ray 3.95869 2.72907 9.60732 6.52817?1
	is guard inside polygon? 0
0 other guards have coords 8 5.44713
scaling gradient with 32 to 35.1271 -1.19644
	>>>> prev guard 3.95869 2.72907 cur guard 11.6032 5.66217
	was guard reflex vertex? 0
	was guard in reflex area? 0
	does guard intersect boundary ray 3.95869 2.72907 11.6032 5.66217?1
	is guard inside polygon? 0
0 other guards have coords 8 4.27966
Df=-0.00662198 0.00111298
h=-0.000402185 -0.0023929
Df=0.00034144 -0.000119944
h=-4.14663e-05 -0.000118041
Df=-0.00163281 0.00117189
h=-0.000348859 -0.00048607
Df=0 0
h=0 0
Df=0 0
h=0 0
Df=-0.00219378 -0.00251786
h=-0.00130142 0.00113392
Df=0.339478 -0.0110355
h=0.00867837 0.266968
Df=-5.40291e-05 0.000171802
h=4.05532e-05 1.27534e-05
Df=0 0
h=0 0
Df=0 0
h=0 0
Df=0 0
h=0 0
Df=0 0
h=0 0
Df=0 0
h=0 0
Df=0 0
h=0 0
Df=0 0
h=0 0
Df=0 0
h=0 0
Df=0 0
h=0 0
Df=0 0
h=0 0
Df=0 0
h=0 0
Df=0 0
h=0 0
Df=0.791402 0.912882
h=0.00662499 0.265117
is completely visible? 0
are areas equal? 107.681=105.44?0
+++++1 guards with gradient 0
	======== guard 13.7821 2.56197
	was guard reflex vertex? 0
	computed gradient -0.0898976 -0.290825 and pull -0.0563718 0.0102893
	------- removing guard 13.7821 2.56197
g2=13.7821 2.56197
area2=97.9423
alpha2=0.3
scaling gradient with 0.03125 to -0.0028093 -0.00908827
	>>>> prev guard 13.7821 2.56197 cur guard 11.7343 2.94754
	was guard reflex vertex? 0
	was guard in reflex area? 0
	does guard intersect boundary ray 13.7821 2.56197 11.7343 2.94754?0
	is guard inside polygon? 1
0 other guards have coords 11.7343 2.94754
	 new best guard at 11.7343 2.94754
scaling gradient with 0.0625 to -0.0056186 -0.0181765
	>>>> prev guard 13.7821 2.56197 cur guard 10.0924 3.25551
	was guard reflex vertex? 0
	was guard in reflex area? 0
	does guard intersect boundary ray 13.7821 2.56197 10.0924 3.25551?0
	is guard inside polygon? 1
0 other guards have coords 10.0924 3.25551
scaling gradient with 0.125 to -0.0112372 -0.0363531
	>>>> prev guard 13.7821 2.56197 cur guard 8.77481 3.50033
	was guard reflex vertex? 0
	was guard in reflex area? 0
	does guard intersect boundary ray 13.7821 2.56197 8.77481 3.50033?0
	is guard inside polygon? 1
0 other guards have coords 8.77481 3.50033
scaling gradient with 0.25 to -0.0224744 -0.0727061
	>>>> prev guard 13.7821 2.56197 cur guard 7.71601 3.69244
	was guard reflex vertex? 0
	was guard in reflex area? 0
	does guard intersect boundary ray 13.7821 2.56197 7.71601 3.69244?0
	is guard inside polygon? 1
0 other guards have coords 7.71601 3.69244
scaling gradient with 0.5 to -0.0449488 -0.145412
	>>>> prev guard 13.7821 2.56197 cur guard 6.86289 3.83802
	was guard reflex vertex? 0
	was guard in reflex area? 0
	does guard intersect boundary ray 13.7821 2.56197 6.86289 3.83802?0
	is guard inside polygon? 1
0 other guards have coords 6.86289 3.83802
scaling gradient with 1 to -0.0898976 -0.290825
	>>>> prev guard 13.7821 2.56197 cur guard 6.17162 3.93765
	was guard reflex vertex? 0
	was guard in reflex area? 0
	does guard intersect boundary ray 13.7821 2.56197 6.17162 3.93765?0
	is guard inside polygon? 1
0 other guards have coords 6.17162 3.93765
scaling gradient with 2 to -0.179795 -0.581649
	>>>> prev guard 13.7821 2.56197 cur guard 5.60443 3.98308
	was guard reflex vertex? 0
	was guard in reflex area? 0
	does guard intersect boundary ray 13.7821 2.56197 5.60443 3.98308?0
	is guard inside polygon? 1
0 other guards have coords 5.60443 3.98308
scaling gradient with 4 to -0.35959 -1.1633
	>>>> prev guard 13.7821 2.56197 cur guard 5.12572 3.95024
	was guard reflex vertex? 0
	was guard in reflex area? 0
	does guard intersect boundary ray 13.7821 2.56197 5.12572 3.95024?0
	is guard inside polygon? 1
0 other guards have coords 5.12572 3.95024
scaling gradient with 8 to -0.719181 -2.3266
	>>>> prev guard 13.7821 2.56197 cur guard 4.69622 3.78498
	was guard reflex vertex? 0
	was guard in reflex area? 0
	does guard intersect boundary ray 13.7821 2.56197 4.69622 3.78498?0
	is guard inside polygon? 1
0 other guards have coords 4.69622 3.78498
scaling gradient with 16 to -1.43836 -4.65319
	>>>> prev guard 13.7821 2.56197 cur guard 4.26294 3.37421
	was guard reflex vertex? 0
	was guard in reflex area? 0
	does guard intersect boundary ray 13.7821 2.56197 4.26294 3.37421?0
	is guard inside polygon? 1
0 other guards have coords 4.26294 3.37421
	 new best guard at 4.26294 3.37421
scaling gradient with 32 to -2.87672 -9.30639
	>>>> prev guard 13.7821 2.56197 cur guard 3.74033 2.48782
	was guard reflex vertex? 0
	was guard in reflex area? 0
	does guard intersect boundary ray 13.7821 2.56197 3.74033 2.48782?0
	is guard inside polygon? 1
0 other guards have coords 3.74033 2.48782
	 new best guard at 3.74033 2.48782
Df=0.000192768 0.000166882
h=4.92474e-05 -5.68863e-05
Df=0.000103431 -7.19447e-05
h=-2.30532e-05 -3.31424e-05
Df=-0.0069889 0.0157731
h=-0.00249407 -0.0011051
Df=1.49916e-06 -5.72406e-06
h=-5.66067e-07 -1.48256e-07
Df=-7.74411e-06 3.10797e-05
h=-2.93304e-06 -7.30822e-07
Df=4.85667e-08 -2.04393e-07
h=-1.84433e-08 -4.38239e-09
Df=-0.000137877 0.000634073
h=-5.25879e-05 -1.14351e-05
Df=-0.00155131 0.00743696
h=-0.000592755 -0.000123646
Df=-0.00153719 -0.0125945
h=-0.00106108 0.000129508
Df=-8.12728e-05 -0.000637627
h=-5.60633e-05 7.14591e-06
Df=-0.00124615 -0.0084768
h=-0.000857351 0.000126036
Df=-0.0219063 -0.0880812
h=-0.0147832 0.00367666
Df=-0.00065818 -0.000815641
h=-0.00035619 0.000287427
Df=-1.67229e-05 2.57926e-05
h=9.7576e-06 6.32645e-06
Df=0.00234851 -0.00498319
h=0.00147731 0.000696236
Df=-3.30622e-07 8.16485e-07
h=2.13105e-07 8.62931e-08
Df=0.000522413 -0.0018956
h=0.000350228 9.65202e-05
Df=0.000277213 -0.00112154
h=0.000187141 4.6256e-05
Df=0.00285459 0.00581391
h=0.00100016 -0.000491072
Df=0.000862165 0.00155405
h=0.000294271 -0.000163257
Df=-0.522613 -0.886386
h=-0.0169115 0.00308678
is completely visible? 0
are areas equal? 107.681=105.528?0
i=2
area=105.528
+++++3 guards with gradient 0
	======== guard 12.935 -1.45443
	was guard reflex vertex? 0
	computed gradient 0.00577143 -0.00546324 and pull 0.00153411 0.00206716
	------- removing guard 12.935 -1.45443
g0=12.935 -1.45443
area0=46.9148
alpha0=0.3
scaling gradient with 0.03125 to 0.000180357 -0.000170726
	>>>> prev guard 12.935 -1.45443 cur guard 12.9342 -1.45314
	was guard reflex vertex? 0
	was guard in reflex area? 0
	does guard intersect boundary ray 12.935 -1.45443 12.9342 -1.45314?0
	is guard inside polygon? 1
0 other guards have coords 12.9342 -1.45314
	 new best guard at 12.9342 -1.45314
scaling gradient with 0.0625 to 0.000360714 -0.000341453
	>>>> prev guard 12.935 -1.45443 cur guard 12.9337 -1.452
	was guard reflex vertex? 0
	was guard in reflex area? 0
	does guard intersect boundary ray 12.935 -1.45443 12.9337 -1.452?0
	is guard inside polygon? 1
0 other guards have coords 12.9337 -1.452
	 new best guard at 12.9337 -1.452
scaling gradient with 0.125 to 0.000721428 -0.000682905
	>>>> prev guard 12.935 -1.45443 cur guard 12.9334 -1.451
	was guard reflex vertex? 0
	was guard in reflex area? 0
	does guard intersect boundary ray 12.935 -1.45443 12.9334 -1.451?0
	is guard inside polygon? 1
0 other guards have coords 12.9334 -1.451
	 new best guard at 12.9334 -1.451
scaling gradient with 0.25 to 0.00144286 -0.00136581
	>>>> prev guard 12.935 -1.45443 cur guard 12.9334 -1.45017
	was guard reflex vertex? 0
	was guard in reflex area? 0
	does guard intersect boundary ray 12.935 -1.45443 12.9334 -1.45017?0
	is guard inside polygon? 1
0 other guards have coords 12.9334 -1.45017
	 new best guard at 12.9334 -1.45017
scaling gradient with 0.5 to 0.00288571 -0.00273162
	>>>> prev guard 12.935 -1.45443 cur guard 12.9336 -1.44954
	was guard reflex vertex? 0
	was guard in reflex area? 0
	does guard intersect boundary ray 12.935 -1.45443 12.9336 -1.44954?0
	is guard inside polygon? 1
0 other guards have coords 12.9336 -1.44954
	 new best guard at 12.9336 -1.44954
scaling gradient with 1 to 0.00577143 -0.00546324
	>>>> prev guard 12.935 -1.45443 cur guard 12.9342 -1.44924
	was guard reflex vertex? 0
	was guard in reflex area? 0
	does guard intersect boundary ray 12.935 -1.45443 12.9342 -1.44924?0
	is guard inside polygon? 1
0 other guards have coords 12.9342 -1.44924
	 new best guard at 12.9342 -1.44924
scaling gradient with 2 to 0.0115429 -0.0109265
	>>>> prev guard 12.935 -1.45443 cur guard 12.9355 -1.44953
	was guard reflex vertex? 0
	was guard in reflex area? 0
	does guard intersect boundary ray 12.935 -1.45443 12.9355 -1.44953?0
	is guard inside polygon? 1
0 other guards have coords 12.9355 -1.44953
	 new best guard at 12.9355 -1.44953
scaling gradient with 4 to 0.0230857 -0.021853
	>>>> prev guard 12.935 -1.45443 cur guard 12.938 -1.45095
	was guard reflex vertex? 0
	was guard in reflex area? 0
	does guard intersect boundary ray 12.935 -1.45443 12.938 -1.45095?0
	is guard inside polygon? 1
0 other guards have coords 12.938 -1.45095
	 new best guard at 12.938 -1.45095
scaling gradient with 8 to 0.0461714 -0.0437059
	>>>> prev guard 12.935 -1.45443 cur guard 12.9429 -1.45458
	was guard reflex vertex? 0
	was guard in reflex area? 0
	does guard intersect boundary ray 12.935 -1.45443 12.9429 -1.45458?0
	is guard inside polygon? 1
0 other guards have coords 12.9429 -1.45458
	 new best guard at 12.9429 -1.45458
scaling gradient with 16 to 0.0923428 -0.0874119
	>>>> prev guard 12.935 -1.45443 cur guard 12.9524 -1.46261
	was guard reflex vertex? 0
	was guard in reflex area? 0
	does guard intersect boundary ray 12.935 -1.45443 12.9524 -1.46261?0
	is guard inside polygon? 1
0 other guards have coords 12.9524 -1.46261
	 new best guard at 12.9524 -1.46261
scaling gradient with 32 to 0.184686 -0.174824
	>>>> prev guard 12.935 -1.45443 cur guard 12.9712 -1.4794
	was guard reflex vertex? 0
	was guard in reflex area? 0
	does guard intersect boundary ray 12.935 -1.45443 12.9712 -1.4794?0
	is guard inside polygon? 1
0 other guards have coords 12.9712 -1.4794
	 new best guard at 12.9712 -1.4794
Df=0 0
h=0 0
Df=0 0
h=0 0
Df=-0.000928662 0.000521837
h=8.3406e-05 0.000148429
Df=0.00225498 -0.00161164
h=0.00024039 0.000336348
Df=-0.000323039 0.00026049
h=3.71765e-05 4.61034e-05
Df=0.00072815 -0.000809655
h=9.92604e-05 8.92682e-05
Df=0 0
h=0 0
Df=0 0
h=0 0
Df=0.0187923 -0.016788
h=0.000460233 0.000620149
is completely visible? 0
are areas equal? 107.681=105.529?0
+++++2 guards with gradient 0
	======== guard 4.75009 3.64195
	was guard reflex vertex? 0
	computed gradient 0.0708169 0.141921 and pull 0.0173719 -0.00870443
	------- removing guard 4.75009 3.64195
g1=4.75009 3.64195
area1=96.1508
alpha1=0.3
scaling gradient with 0.03125 to 0.00221303 0.00443503
	>>>> prev guard 4.75009 3.64195 cur guard 5.38438 4.372
	was guard reflex vertex? 0
	was guard in reflex area? 0
	does guard intersect boundary ray 4.75009 3.64195 5.38438 4.372?0
	is guard inside polygon? 1
0 other guards have coords 5.38438 4.372
	 new best guard at 5.38438 4.372
scaling gradient with 0.0625 to 0.00442605 0.00887007
	>>>> prev guard 4.75009 3.64195 cur guard 5.89313 4.95605
	was guard reflex vertex? 0
	was guard in reflex area? 0
	does guard intersect boundary ray 4.75009 3.64195 5.89313 4.95605?0
	is guard inside polygon? 1
0 other guards have coords 5.89313 4.95605
scaling gradient with 0.125 to 0.00885211 0.0177401
	>>>> prev guard 4.75009 3.64195 cur guard 6.3017 5.42383
	was guard reflex vertex? 0
	was guard in reflex area? 0
	does guard intersect boundary ray 4.75009 3.64195 6.3017 5.42383?0
	is guard inside polygon? 1
0 other guards have coords 6.3017 5.42383
scaling gradient with 0.25 to 0.0177042 0.0354803
	>>>> prev guard 4.75009 3.64195 cur guard 6.63066 5.79966
	was guard reflex vertex? 0
	was guard in reflex area? 0
	does guard intersect boundary ray 4.75009 3.64195 6.63066 5.79966?0
	is guard inside polygon? 1
0 other guards have coords 6.63066 5.79966
scaling gradient with 0.5 to 0.0354084 0.0709606
	>>>> prev guard 4.75009 3.64195 cur guard 6.89699 6.10406
	was guard reflex vertex? 0
	was guard in reflex area? 0
	does guard intersect boundary ray 4.75009 3.64195 6.89699 6.10406?0
	is guard inside polygon? 1
0 other guards have coords 6.89699 6.10406
scaling gradient with 1 to 0.0708169 0.141921
	>>>> prev guard 4.75009 3.64195 cur guard 7.11535 6.35557
	was guard reflex vertex? 0
	was guard in reflex area? 0
	does guard intersect boundary ray 4.75009 3.64195 7.11535 6.35557?1
	is guard inside polygon? 0
0 other guards have coords 6.9605 6.17791
scaling gradient with 2 to 0.141634 0.283842
	>>>> prev guard 4.75009 3.64195 cur guard 7.14472 6.39563
	was guard reflex vertex? 0
	was guard in reflex area? 0
	does guard intersect boundary ray 4.75009 3.64195 7.14472 6.39563?1
	is guard inside polygon? 0
0 other guards have coords 6.95504 6.1775
scaling gradient with 4 to 0.283267 0.567684
	>>>> prev guard 4.75009 3.64195 cur guard 7.12046 6.38522
	was guard reflex vertex? 0
	was guard in reflex area? 0
	does guard intersect boundary ray 4.75009 3.64195 7.12046 6.38522?1
	is guard inside polygon? 0
0 other guards have coords 6.94001 6.17638
scaling gradient with 8 to 0.566535 1.13537
	>>>> prev guard 4.75009 3.64195 cur guard 7.10738 6.41016
	was guard reflex vertex? 0
	was guard in reflex area? 0
	does guard intersect boundary ray 4.75009 3.64195 7.10738 6.41016?1
	is guard inside polygon? 0
0 other guards have coords 6.90617 6.17386
scaling gradient with 16 to 1.13307 2.27074
	>>>> prev guard 4.75009 3.64195 cur guard 7.10909 6.4966
	was guard reflex vertex? 0
	was guard in reflex area? 0
	does guard intersect boundary ray 4.75009 3.64195 7.10909 6.4966?1
	is guard inside polygon? 0
0 other guards have coords 6.83821 6.1688
scaling gradient with 32 to 2.26614 4.54148
	>>>> prev guard 4.75009 3.64195 cur guard 7.13756 6.69896
	was guard reflex vertex? 0
	was guard in reflex area? 0
	does guard intersect boundary ray 4.75009 3.64195 7.13756 6.69896?1
	is guard inside polygon? 0
0 other guards have coords 6.71643 6.15973
Df=0 0
h=0 0
Df=0 0
h=0 0
Df=0 0
h=0 0
Df=0 0
h=0 0
Df=0 0
h=0 0
Df=0 0
h=0 0
Df=0 0
h=0 0
Df=0 0
h=0 0
Df=0.000181565 0.0006805
h=4.81688e-05 -1.2852e-05
Df=0 0
h=0 0
Df=0.0210477 0.0418991
h=0.00516427 -0.00259424
Df=0 0
h=0 0
Df=1.57606e-05 -3.24601e-06
h=-8.72962e-07 -4.23855e-06
Df=0 0
h=0 0
Df=0 0
h=0 0
Df=0 0
h=0 0
Df=0 0
h=0 0
Df=0 0
h=0 0
Df=0 0
h=0 0
Df=0 0
h=0 0
Df=0.634297 0.730049
h=0.00521157 -0.00261133
is completely visible? 0
are areas equal? 107.681=105.542?0
+++++1 guards with gradient 0
	======== guard 3.74033 2.48782
	was guard reflex vertex? 0
	computed gradient -0.101658 -0.0601797 and pull -0.037681 0.0533436
	------- removing guard 3.74033 2.48782
g2=3.74033 2.48782
area2=95.4947
alpha2=0.3
scaling gradient with 0.03125 to -0.0031768 -0.00188062
	>>>> prev guard 3.74033 2.48782 cur guard 3.31978 1.7818
	was guard reflex vertex? 0
	was guard in reflex area? 0
	does guard intersect boundary ray 3.74033 2.48782 3.31978 1.7818?0
	is guard inside polygon? 1
0 other guards have coords 3.31978 1.7818
	 new best guard at 3.31978 1.7818
scaling gradient with 0.0625 to -0.00635361 -0.00376123
	>>>> prev guard 3.74033 2.48782 cur guard 2.98071 1.21996
	was guard reflex vertex? 0
	was guard in reflex area? 0
	does guard intersect boundary ray 3.74033 2.48782 2.98071 1.21996?0
	is guard inside polygon? 1
0 other guards have coords 2.98071 1.21996
	 new best guard at 2.98071 1.21996
scaling gradient with 0.125 to -0.0127072 -0.00752246
	>>>> prev guard 3.74033 2.48782 cur guard 2.70643 0.773235
	was guard reflex vertex? 0
	was guard in reflex area? 0
	does guard intersect boundary ray 3.74033 2.48782 2.70643 0.773235?0
	is guard inside polygon? 1
0 other guards have coords 2.70643 0.773235
scaling gradient with 0.25 to -0.0254144 -0.0150449
	>>>> prev guard 3.74033 2.48782 cur guard 2.48321 0.418154
	was guard reflex vertex? 0
	was guard in reflex area? 0
	does guard intersect boundary ray 3.74033 2.48782 2.48321 0.418154?0
	is guard inside polygon? 1
0 other guards have coords 2.48321 0.418154
scaling gradient with 0.5 to -0.0508289 -0.0300898
	>>>> prev guard 3.74033 2.48782 cur guard 2.29933 0.135484
	was guard reflex vertex? 0
	was guard in reflex area? 0
	does guard intersect boundary ray 3.74033 2.48782 2.29933 0.135484?0
	is guard inside polygon? 1
0 other guards have coords 2.29933 0.135484
scaling gradient with 1 to -0.101658 -0.0601797
	>>>> prev guard 3.74033 2.48782 cur guard 2.14387 -0.0910625
	was guard reflex vertex? 0
	was guard in reflex area? 0
	does guard intersect boundary ray 3.74033 2.48782 2.14387 -0.0910625?1
	is guard inside polygon? 0
0 other guards have coords 2.20024 0
scaling gradient with 2 to -0.203315 -0.120359
	>>>> prev guard 3.74033 2.48782 cur guard 2.06141 -0.185258
	was guard reflex vertex? 0
	was guard in reflex area? 0
	does guard intersect boundary ray 3.74033 2.48782 2.06141 -0.185258?1
	is guard inside polygon? 0
0 other guards have coords 2.17777 0
scaling gradient with 4 to -0.406631 -0.240719
	>>>> prev guard 3.74033 2.48782 cur guard 2.04004 -0.159449
	was guard reflex vertex? 0
	was guard in reflex area? 0
	does guard intersect boundary ray 3.74033 2.48782 2.04004 -0.159449?1
	is guard inside polygon? 0
0 other guards have coords 2.14245 0
scaling gradient with 8 to -0.813262 -0.481437
	>>>> prev guard 3.74033 2.48782 cur guard 1.98122 -0.153245
	was guard reflex vertex? 0
	was guard in reflex area? 0
	does guard intersect boundary ray 3.74033 2.48782 1.98122 -0.153245?1
	is guard inside polygon? 1
0 other guards have coords 2.08329 0
scaling gradient with 16 to -1.62652 -0.962875
	>>>> prev guard 3.74033 2.48782 cur guard 1.85445 -0.177168
	was guard reflex vertex? 0
	was guard in reflex area? 0
	does guard intersect boundary ray 3.74033 2.48782 1.85445 -0.177168?0
	is guard inside polygon? 1
0 other guards have coords 1.85445 -0.177168
	 new best guard at 1.85445 -0.177168
scaling gradient with 32 to -3.25305 -1.92575
	>>>> prev guard 3.74033 2.48782 cur guard 1.47393 -0.431246
	was guard reflex vertex? 0
	was guard in reflex area? 0
	does guard intersect boundary ray 3.74033 2.48782 1.47393 -0.431246?1
	is guard inside polygon? 0
0 other guards have coords 1.56324 -0.316212
	 new best guard at 1.56324 -0.316212
Df=-0.00262972 -0.00215696
h=-0.00110286 0.00134459
Df=0.0109455 -0.00187957
h=0.00122503 0.00713379
Df=-5.64691e-05 0.000159069
h=3.51912e-05 1.24928e-05
Df=0.0118194 -0.0645588
h=0.00768836 0.00140758
Df=-7.9722e-07 6.4633e-06
h=5.23235e-07 6.45387e-08
Df=9.62151e-06 -8.33067e-05
h=6.32067e-06 7.30006e-07
Df=-4.04378e-09 3.63497e-08
h=2.65775e-09 2.95666e-10
Df=7.87181e-05 -0.000794359
h=5.18024e-05 5.13342e-06
Df=4.12499e-05 -0.000432628
h=2.71553e-05 2.58919e-06
Df=0.000391833 0.00240341
h=0.000155448 -2.53431e-05
Df=0.000116746 0.000687935
h=4.62655e-05 -7.8515e-06
Df=0.00344765 0.0169896
h=0.00135813 -0.000275602
Df=0.0178923 0.0594032
h=0.00688636 -0.00207418
Df=0.000245367 0.000420119
h=8.51658e-05 -4.97403e-05
Df=0.000429189 4.47979e-05
h=1.79096e-05 -0.000171584
Df=-0.00740025 0.000714872
h=-0.000286017 -0.00296081
Df=1.24625e-06 -3.70859e-07
h=-1.42878e-07 -4.80132e-07
Df=-0.00182838 0.00127902
h=-0.000421269 -0.00060221
Df=-0.0211564 0.0190517
h=-0.00569068 -0.00631935
Df=-0.042844 -0.0493081
h=-0.021387 0.0185833
Df=-0.380516 -0.254078
h=-0.0113043 0.0160031
is completely visible? 0
are areas equal? 107.681=105.322?0
i=3
area=105.322
+++++3 guards with gradient 0
	======== guard 12.9712 -1.4794
	was guard reflex vertex? 0
	computed gradient 0.578154 0.362123 and pull -0.209019 0.32219
	------- removing guard 12.9712 -1.4794
g0=12.9712 -1.4794
area0=46.9134
alpha0=0.3
scaling gradient with 0.03125 to 0.0180673 0.0113163
pull reduced from 0.147495 to 	>>>> prev guard 12.9712 -1.4794 cur guard 12.9867 -1.49123
	was guard reflex vertex? 0
	was guard in reflex area? 0
	does guard intersect boundary ray 12.9712 -1.4794 12.9867 -1.49123?0
	is guard inside polygon? 1
0 other guards have coords 12.9867 -1.49123
	 new best guard at 12.9867 -1.49123
scaling gradient with 0.0625 to 0.0361346 0.0226327
pull reduced from 0.147495 to 	>>>> prev guard 12.9712 -1.4794 cur guard 13.0009 -1.49878
	was guard reflex vertex? 0
	was guard in reflex area? 0
	does guard intersect boundary ray 12.9712 -1.4794 13.0009 -1.49878?0
	is guard inside polygon? 1
0 other guards have coords 13.0009 -1.49878
	 new best guard at 13.0009 -1.49878
scaling gradient with 0.125 to 0.0722693 0.0452653
pull reduced from 0.147495 to 	>>>> prev guard 12.9712 -1.4794 cur guard 13.0164 -1.50172
	was guard reflex vertex? 0
	was guard in reflex area? 0
	does guard intersect boundary ray 12.9712 -1.4794 13.0164 -1.50172?0
	is guard inside polygon? 1
0 other guards have coords 13.0164 -1.50172
	 new best guard at 13.0164 -1.50172
scaling gradient with 0.25 to 0.144539 0.0905306
pull reduced from 0.147495 to 	>>>> prev guard 12.9712 -1.4794 cur guard 13.0372 -1.49828
	was guard reflex vertex? 0
	was guard in reflex area? 0
	does guard intersect boundary ray 12.9712 -1.4794 13.0372 -1.49828?0
	is guard inside polygon? 1
0 other guards have coords 13.0372 -1.49828
	 new best guard at 13.0372 -1.49828
scaling gradient with 0.5 to 0.289077 0.181061
pull reduced from 0.147495 to 	>>>> prev guard 12.9712 -1.4794 cur guard 13.0708 -1.48402
	was guard reflex vertex? 0
	was guard in reflex area? 0
	does guard intersect boundary ray 12.9712 -1.4794 13.0708 -1.48402?0
	is guard inside polygon? 1
0 other guards have coords 13.0708 -1.48402
	 new best guard at 13.0708 -1.48402
scaling gradient with 1 to 0.578154 0.362123
pull reduced from 0.147495 to 	>>>> prev guard 12.9712 -1.4794 cur guard 13.1311 -1.44895
	was guard reflex vertex? 0
	was guard in reflex area? 0
	does guard intersect boundary ray 12.9712 -1.4794 13.1311 -1.44895?0
	is guard inside polygon? 1
0 other guards have coords 13.1311 -1.44895
	 new best guard at 13.1311 -1.44895
scaling gradient with 2 to 1.15631 0.724245
	>>>> prev guard 12.9712 -1.4794 cur guard 13.2362 -1.3581
	was guard reflex vertex? 0
	was guard in reflex area? 0
	does guard intersect boundary ray 12.9712 -1.4794 13.2362 -1.3581?0
	is guard inside polygon? 1
0 other guards have coords 13.2362 -1.3581
	 new best guard at 13.2362 -1.3581
scaling gradient with 4 to 2.31262 1.44849
	>>>> prev guard 12.9712 -1.4794 cur guard 13.4464 -1.17919
	was guard reflex vertex? 0
	was guard in reflex area? 0
	does guard intersect boundary ray 12.9712 -1.4794 13.4464 -1.17919?0
	is guard inside polygon? 1
0 other guards have coords 13.4464 -1.17919
	 new best guard at 13.4464 -1.17919
scaling gradient with 8 to 4.62523 2.89698
	>>>> prev guard 12.9712 -1.4794 cur guard 13.8796 -0.842904
	was guard reflex vertex? 0
	was guard in reflex area? 0
	does guard intersect boundary ray 12.9712 -1.4794 13.8796 -0.842904?0
	is guard inside polygon? 1
0 other guards have coords 13.8796 -0.842904
	 new best guard at 13.8796 -0.842904
scaling gradient with 16 to 9.25047 5.79396
	>>>> prev guard 12.9712 -1.4794 cur guard 14.7687 -0.206908
	was guard reflex vertex? 0
	was guard in reflex area? 0
	does guard intersect boundary ray 12.9712 -1.4794 14.7687 -0.206908?0
	is guard inside polygon? 1
0 other guards have coords 14.7687 -0.206908
	 new best guard at 14.7687 -0.206908
scaling gradient with 32 to 18.5009 11.5879
	>>>> prev guard 12.9712 -1.4794 cur guard 16.5774 1.0165
	was guard reflex vertex? 0
	was guard in reflex area? 0
	does guard intersect boundary ray 12.9712 -1.4794 16.5774 1.0165?0
	is guard inside polygon? 1
0 other guards have coords 16.5774 1.0165
	 new best guard at 16.5774 1.0165
Df=0.170129 0.111687
h=-0.0631104 0.0961345
Df=-0.000183016 -3.24386e-05
h=-5.82924e-06 3.2888e-05
Df=-1.13585e-05 6.27856e-06
h=1.00284e-06 1.81423e-06
Df=0.00226569 -0.00159696
h=0.00023822 0.000337975
Df=-3.77008e-07 3.00135e-07
h=4.28537e-08 5.38297e-08
Df=0.000732925 -0.000806413
h=9.89853e-05 8.99648e-05
Df=0.000512917 -0.00062051
h=7.215e-05 5.96395e-05
Df=0 0
h=0 0
Df=1.80875 1.2234
h=-0.0627058 0.0966569
is completely visible? 0
are areas equal? 107.681=106.251?0
+++++2 guards with gradient 0
	======== guard 5.38438 4.372
	was guard reflex vertex? 0
	computed gradient 0.512393 -2.75299 and pull -1.31211 -0.470451
	------- removing guard 5.38438 4.372
g1=5.38438 4.372
area1=84.0294
alpha1=0.3
scaling gradient with 0.03125 to 0.0160123 -0.0860309
	>>>> prev guard 5.38438 4.372 cur guard 5.81406 4.92265
	was guard reflex vertex? 0
	was guard in reflex area? 0
	does guard intersect boundary ray 5.38438 4.372 5.81406 4.92265?0
	is guard inside polygon? 1
0 other guards have coords 5.81406 4.92265
	 new best guard at 5.81406 4.92265
scaling gradient with 0.0625 to 0.0320245 -0.172062
	>>>> prev guard 5.38438 4.372 cur guard 6.08099 5.32462
	was guard reflex vertex? 0
	was guard in reflex area? 0
	does guard intersect boundary ray 5.38438 4.372 6.08099 5.32462?0
	is guard inside polygon? 1
0 other guards have coords 6.08099 5.32462
scaling gradient with 0.125 to 0.0640491 -0.344124
	>>>> prev guard 5.38438 4.372 cur guard 6.21965 5.59732
	was guard reflex vertex? 0
	was guard in reflex area? 0
	does guard intersect boundary ray 5.38438 4.372 6.21965 5.59732?0
	is guard inside polygon? 1
0 other guards have coords 6.21965 5.59732
scaling gradient with 0.25 to 0.128098 -0.688248
pull reduced from 1.94297 to 	>>>> prev guard 5.38438 4.372 cur guard 6.29613 5.75908
	was guard reflex vertex? 0
	was guard in reflex area? 0
	does guard intersect boundary ray 5.38438 4.372 6.29613 5.75908?0
	is guard inside polygon? 1
0 other guards have coords 6.29613 5.75908
scaling gradient with 0.5 to 0.256196 -1.3765
pull reduced from 1.94297 to 	>>>> prev guard 5.38438 4.372 cur guard 6.35827 5.80073
	was guard reflex vertex? 0
	was guard in reflex area? 0
	does guard intersect boundary ray 5.38438 4.372 6.35827 5.80073?0
	is guard inside polygon? 1
0 other guards have coords 6.35827 5.80073
scaling gradient with 1 to 0.512393 -2.75299
pull reduced from 1.94297 to 	>>>> prev guard 5.38438 4.372 cur guard 6.43621 5.66796
	was guard reflex vertex? 0
	was guard in reflex area? 0
	does guard intersect boundary ray 5.38438 4.372 6.43621 5.66796?0
	is guard inside polygon? 1
0 other guards have coords 6.43621 5.66796
scaling gradient with 2 to 1.02479 -5.50598
pull reduced from 1.94297 to 	>>>> prev guard 5.38438 4.372 cur guard 6.54937 5.22757
	was guard reflex vertex? 0
	was guard in reflex area? 0
	does guard intersect boundary ray 5.38438 4.372 6.54937 5.22757?0
	is guard inside polygon? 1
0 other guards have coords 6.54937 5.22757
scaling gradient with 4 to 2.04957 -11.012
	>>>> prev guard 5.38438 4.372 cur guard 6.68415 4.18631
	was guard reflex vertex? 0
	was guard in reflex area? 0
	does guard intersect boundary ray 5.38438 4.372 6.68415 4.18631?0
	is guard inside polygon? 1
0 other guards have coords 6.68415 4.18631
	 new best guard at 6.68415 4.18631
scaling gradient with 8 to 4.09914 -22.0239
	>>>> prev guard 5.38438 4.372 cur guard 6.9592 2.00364
	was guard reflex vertex? 0
	was guard in reflex area? 0
	does guard intersect boundary ray 5.38438 4.372 6.9592 2.00364?0
	is guard inside polygon? 1
0 other guards have coords 6.9592 2.00364
	 new best guard at 6.9592 2.00364
scaling gradient with 16 to 8.19828 -44.0478
	>>>> prev guard 5.38438 4.372 cur guard 7.59241 -2.4136
	was guard reflex vertex? 0
	was guard in reflex area? 0
	does guard intersect boundary ray 5.38438 4.372 7.59241 -2.4136?1
	is guard inside polygon? 0
0 other guards have coords 7.09197 -0.875682
scaling gradient with 32 to 16.3966 -88.0957
	>>>> prev guard 5.38438 4.372 cur guard 8.5036 -9.72344
	was guard reflex vertex? 0
	was guard in reflex area? 0
	does guard intersect boundary ray 5.38438 4.372 8.5036 -9.72344?1
	is guard inside polygon? 0
0 other guards have coords 6.53594 -0.831785
Df=0.180294 -0.670963
h=-0.468062 -0.125773
Df=-0.027582 -0.193937
h=0.0734071 -0.0104401
Df=0.00080492 0.00250675
h=0.000175293 -5.62869e-05
Df=0.000225677 0.000671849
h=4.89319e-05 -1.64364e-05
Df=2.8659e-05 6.95866e-05
h=6.0612e-06 -2.49628e-06
Df=0.0152974 0.0231477
h=0.00291911 -0.00192912
Df=0.000404256 0.000241853
h=4.74716e-05 -7.93486e-05
Df=1.24386e-05 -3.93865e-06
h=-8.58852e-07 -2.71232e-06
Df=-0.00358442 0.00154493
h=-0.00032451 -0.000752902
Df=5.94989e-07 -3.24493e-07
h=-6.51603e-08 -1.19478e-07
Df=0 0
h=0 0
Df=-0.0121838 0.0108249
h=-0.00185095 -0.0020833
Df=0.275046 -2.18267
h=-0.393634 -0.141135
is completely visible? 0
are areas equal? 107.681=106.073?0
+++++1 guards with gradient 0
	======== guard 1.56324 -0.316212
	was guard reflex vertex? 0
	computed gradient -8.44484 3.00181 and pull 4.26209 22.8269
	------- removing guard 1.56324 -0.316212
g2=1.56324 -0.316212
area2=22.8454
alpha2=0.3
scaling gradient with 0.03125 to -0.263901 0.0938066
event=placed on reflex vertex 1.5 0
	>>>> prev guard 1.56324 -0.316212 cur guard 1.5 0
	was guard reflex vertex? 0
	was guard in reflex area? 0
	does guard intersect boundary ray 1.56324 -0.316212 1.5 0?0
	is guard inside polygon? 1
0 other guards have coords 1.5 0
	 new best guard at 1.5 0
scaling gradient with 0.0625 to -0.527802 0.187613
event=placed on reflex vertex 1.5 0
	>>>> prev guard 1.56324 -0.316212 cur guard 1.5 0
	was guard reflex vertex? 0
	was guard in reflex area? 0
	does guard intersect boundary ray 1.56324 -0.316212 1.5 0?0
	is guard inside polygon? 1
1 other guards have coords 1.5 0
scaling gradient with 0.125 to -1.0556 0.375226
event=placed on reflex vertex 1.5 0
	>>>> prev guard 1.56324 -0.316212 cur guard 1.5 0
	was guard reflex vertex? 0
	was guard in reflex area? 0
	does guard intersect boundary ray 1.56324 -0.316212 1.5 0?0
	is guard inside polygon? 1
1 other guards have coords 1.5 0
scaling gradient with 0.25 to -2.11121 0.750453
event=placed on reflex vertex 1.5 0
	>>>> prev guard 1.56324 -0.316212 cur guard 1.5 0
	was guard reflex vertex? 0
	was guard in reflex area? 0
	does guard intersect boundary ray 1.56324 -0.316212 1.5 0?0
	is guard inside polygon? 1
1 other guards have coords 1.5 0
scaling gradient with 0.5 to -4.22242 1.50091
event=placed on reflex vertex 1.5 0
	>>>> prev guard 1.56324 -0.316212 cur guard 1.5 0
	was guard reflex vertex? 0
	was guard in reflex area? 0
	does guard intersect boundary ray 1.56324 -0.316212 1.5 0?0
	is guard inside polygon? 1
1 other guards have coords 1.5 0
scaling gradient with 1 to -8.44484 3.00181
event=placed on reflex vertex 1.5 0
	>>>> prev guard 1.56324 -0.316212 cur guard 1.5 0
	was guard reflex vertex? 0
	was guard in reflex area? 0
	does guard intersect boundary ray 1.56324 -0.316212 1.5 0?0
	is guard inside polygon? 1
1 other guards have coords 1.5 0
scaling gradient with 2 to -16.8897 6.00362
event=placed on reflex vertex 1.5 0
	>>>> prev guard 1.56324 -0.316212 cur guard 1.5 0
	was guard reflex vertex? 0
	was guard in reflex area? 0
	does guard intersect boundary ray 1.56324 -0.316212 1.5 0?0
	is guard inside polygon? 1
1 other guards have coords 1.5 0
scaling gradient with 4 to -33.7794 12.0072
event=placed on reflex vertex 1.5 0
	>>>> prev guard 1.56324 -0.316212 cur guard 1.5 0
	was guard reflex vertex? 0
	was guard in reflex area? 0
	does guard intersect boundary ray 1.56324 -0.316212 1.5 0?0
	is guard inside polygon? 1
1 other guards have coords 1.5 0
scaling gradient with 8 to -67.5587 24.0145
event=placed on reflex vertex 1.5 0
	>>>> prev guard 1.56324 -0.316212 cur guard 1.5 0
	was guard reflex vertex? 0
	was guard in reflex area? 0
	does guard intersect boundary ray 1.56324 -0.316212 1.5 0?0
	is guard inside polygon? 1
1 other guards have coords 1.5 0
scaling gradient with 16 to -135.117 48.029
event=placed on reflex vertex 1.5 0
	>>>> prev guard 1.56324 -0.316212 cur guard 1.5 0
	was guard reflex vertex? 0
	was guard in reflex area? 0
	does guard intersect boundary ray 1.56324 -0.316212 1.5 0?0
	is guard inside polygon? 1
1 other guards have coords 1.5 0
scaling gradient with 32 to -270.235 96.0579
event=placed on reflex vertex 1.5 0
	>>>> prev guard 1.56324 -0.316212 cur guard 1.5 0
	was guard reflex vertex? 0
	was guard in reflex area? 0
	does guard intersect boundary ray 1.56324 -0.316212 1.5 0?0
	is guard inside polygon? 1
1 other guards have coords 1.5 0
Df=-1.6666 -0.333321
h=-1.03364 5.16818
Df=0.00120109 -0.000121538
h=2.80155e-05 0.00027686
Df=0.0216553 -0.0046999
h=0.00106412 0.00490305
Df=0.0120142 -0.00678274
h=0.00136844 0.0024239
Df=-0.901718 1.24547
h=2.3098 1.67229
Df=0 0
h=1.27863 6.84807
is completely visible? 0
are areas equal? 107.681=106.051?0
i=4
area=106.051
+++++3 guards with gradient 0
	======== guard 16.5774 1.0165
	was guard reflex vertex? 0
	computed gradient -0.548202 0.336102 and pull -0.273392 -0.490122
	------- removing guard 16.5774 1.0165
g0=16.5774 1.0165
area0=96.6006
alpha0=0.3
scaling gradient with 0.03125 to -0.0171313 0.0105032
	>>>> prev guard 16.5774 1.0165 cur guard 18.007 1.96644
	was guard reflex vertex? 0
	was guard in reflex area? 0
	does guard intersect boundary ray 16.5774 1.0165 18.007 1.96644?0
	is guard inside polygon? 1
0 other guards have coords 18.007 1.96644
	 new best guard at 18.007 1.96644
scaling gradient with 0.0625 to -0.0342626 0.0210064
	>>>> prev guard 16.5774 1.0165 cur guard 19.1322 2.69825
	was guard reflex vertex? 0
	was guard in reflex area? 0
	does guard intersect boundary ray 16.5774 1.0165 19.1322 2.69825?0
	is guard inside polygon? 1
0 other guards have coords 19.1322 2.69825
scaling gradient with 0.125 to -0.0685253 0.0420127
	>>>> prev guard 16.5774 1.0165 cur guard 20.0118 3.25681
	was guard reflex vertex? 0
	was guard in reflex area? 0
	does guard intersect boundary ray 16.5774 1.0165 20.0118 3.25681?1
	is guard inside polygon? 0
0 other guards have coords 20 3.24911
scaling gradient with 0.25 to -0.137051 0.0840254
	>>>> prev guard 16.5774 1.0165 cur guard 20.6791 3.67159
	was guard reflex vertex? 0
	was guard in reflex area? 0
	does guard intersect boundary ray 16.5774 1.0165 20.6791 3.67159?1
	is guard inside polygon? 0
0 other guards have coords 20 3.23201
scaling gradient with 0.5 to -0.274101 0.168051
	>>>> prev guard 16.5774 1.0165 cur guard 20.5104 3.55067
	was guard reflex vertex? 0
	was guard in reflex area? 0
	does guard intersect boundary ray 16.5774 1.0165 20.5104 3.55067?1
	is guard inside polygon? 0
0 other guards have coords 20 3.22179
scaling gradient with 1 to -0.548202 0.336102
	>>>> prev guard 16.5774 1.0165 cur guard 20.359 3.46748
	was guard reflex vertex? 0
	was guard in reflex area? 0
	does guard intersect boundary ray 16.5774 1.0165 20.359 3.46748?1
	is guard inside polygon? 0
0 other guards have coords 20 3.23477
scaling gradient with 2 to -1.0964 0.672203
	>>>> prev guard 16.5774 1.0165 cur guard 20.205 3.44225
	was guard reflex vertex? 0
	was guard in reflex area? 0
	does guard intersect boundary ray 16.5774 1.0165 20.205 3.44225?1
	is guard inside polygon? 0
0 other guards have coords 20 3.30514
scaling gradient with 4 to -2.19281 1.34441
	>>>> prev guard 16.5774 1.0165 cur guard 20.0161 3.52238
	was guard reflex vertex? 0
	was guard in reflex area? 0
	does guard intersect boundary ray 16.5774 1.0165 20.0161 3.52238?1
	is guard inside polygon? 0
0 other guards have coords 20 3.51067
scaling gradient with 8 to -4.38562 2.68881
	>>>> prev guard 16.5774 1.0165 cur guard 19.7333 3.81638
	was guard reflex vertex? 0
	was guard in reflex area? 0
	does guard intersect boundary ray 16.5774 1.0165 19.7333 3.81638?0
	is guard inside polygon? 1
0 other guards have coords 19.7333 3.81638
scaling gradient with 16 to -8.77124 5.37763
	>>>> prev guard 16.5774 1.0165 cur guard 18.9773 4.3542
	was guard reflex vertex? 0
	was guard in reflex area? 0
	does guard intersect boundary ray 16.5774 1.0165 18.9773 4.3542?1
	is guard inside polygon? 0
0 other guards have coords 18.7226 4
scaling gradient with 32 to -17.5425 10.7553
	>>>> prev guard 16.5774 1.0165 cur guard 17.0488 5.04616
	was guard reflex vertex? 0
	was guard in reflex area? 0
	does guard intersect boundary ray 16.5774 1.0165 17.0488 5.04616?1
	is guard inside polygon? 0
0 other guards have coords 16.9298 4.02895
Df=0.00219014 0.00392696
h=0.00188173 -0.00104948
Df=-0.173901 0.0987825
h=-0.0844986 -0.148755
Df=1.8179e-05 -8.18626e-05
h=-1.74587e-05 -3.87703e-06
Df=0 0
h=0 0
Df=0 0
h=0 0
Df=0 0
h=0 0
Df=0 0
h=0 0
Df=0 0
h=0 0
Df=0 0
h=0 0
Df=0 0
h=0 0
Df=0 0
h=0 0
Df=0 0
h=0 0
Df=0 0
h=0 0
Df=0 0
h=0 0
Df=0 0
h=0 0
Df=0.00618286 -0.000530367
h=0.000177116 0.00206476
Df=-0.000742012 0.000188002
h=6.10838e-05 0.000241087
Df=0.00179157 -0.00145475
h=0.000378525 0.000466166
Df=0 0
h=0 0
Df=0 0
h=0 0
Df=1.42957 0.949946
h=-0.0820176 -0.147037
is completely visible? 0
are areas equal? 107.681=106.442?0
+++++2 guards with gradient 0
	======== guard 6.9592 2.00364
	was guard reflex vertex? 0
	computed gradient 0.180462 0.1429 and pull 0.0840718 -0.0112605
	------- removing guard 6.9592 2.00364
g1=6.9592 2.00364
area1=97.7436
alpha1=0.3
scaling gradient with 0.03125 to 0.00563944 0.00446563
	>>>> prev guard 6.9592 2.00364 cur guard 7.18462 0.257091
	was guard reflex vertex? 0
	was guard in reflex area? 0
	does guard intersect boundary ray 6.9592 2.00364 7.18462 0.257091?0
	is guard inside polygon? 1
0 other guards have coords 7.18462 0.257091
	 new best guard at 7.18462 0.257091
scaling gradient with 0.0625 to 0.0112789 0.00893125
	>>>> prev guard 6.9592 2.00364 cur guard 7.37068 -1.14028
	was guard reflex vertex? 0
	was guard in reflex area? 0
	does guard intersect boundary ray 6.9592 2.00364 7.37068 -1.14028?1
	is guard inside polygon? 0
0 other guards have coords 7.33859 -0.895152
scaling gradient with 0.125 to 0.0225578 0.0178625
	>>>> prev guard 6.9592 2.00364 cur guard 7.49384 -2.01266
	was guard reflex vertex? 0
	was guard in reflex area? 0
	does guard intersect boundary ray 6.9592 2.00364 7.49384 -2.01266?1
	is guard inside polygon? 0
0 other guards have coords 7.34515 -0.895669
scaling gradient with 0.25 to 0.0451155 0.035725
	>>>> prev guard 6.9592 2.00364 cur guard 7.47709 -1.7882
	was guard reflex vertex? 0
	was guard in reflex area? 0
	does guard intersect boundary ray 6.9592 2.00364 7.47709 -1.7882?1
	is guard inside polygon? 0
0 other guards have coords 7.3553 -0.896471
scaling gradient with 0.5 to 0.0902311 0.07145
	>>>> prev guard 6.9592 2.00364 cur guard 7.47131 -1.60689
	was guard reflex vertex? 0
	was guard in reflex area? 0
	does guard intersect boundary ray 6.9592 2.00364 7.47131 -1.60689?1
	is guard inside polygon? 0
0 other guards have coords 7.37072 -0.897689
scaling gradient with 1 to 0.180462 0.1429
	>>>> prev guard 6.9592 2.00364 cur guard 7.47941 -1.45812
	was guard reflex vertex? 0
	was guard in reflex area? 0
	does guard intersect boundary ray 6.9592 2.00364 7.47941 -1.45812?1
	is guard inside polygon? 0
0 other guards have coords 7.39548 -0.899643
scaling gradient with 2 to 0.360924 0.2858
	>>>> prev guard 6.9592 2.00364 cur guard 7.50913 -1.33152
	was guard reflex vertex? 0
	was guard in reflex area? 0
	does guard intersect boundary ray 6.9592 2.00364 7.50913 -1.33152?1
	is guard inside polygon? 0
0 other guards have coords 7.43848 -0.903038
scaling gradient with 4 to 0.721849 0.5716
	>>>> prev guard 6.9592 2.00364 cur guard 7.57775 -1.21492
	was guard reflex vertex? 0
	was guard in reflex area? 0
	does guard intersect boundary ray 6.9592 2.00364 7.57775 -1.21492?1
	is guard inside polygon? 0
0 other guards have coords 7.51903 -0.909397
scaling gradient with 8 to 1.4437 1.1432
	>>>> prev guard 6.9592 2.00364 cur guard 7.72212 -1.09099
	was guard reflex vertex? 0
	was guard in reflex area? 0
	does guard intersect boundary ray 6.9592 2.00364 7.72212 -1.09099?1
	is guard inside polygon? 0
0 other guards have coords 7.68049 -0.922144
scaling gradient with 16 to 2.88739 2.2864
	>>>> prev guard 6.9592 2.00364 cur guard 8.02125 -0.930906
	was guard reflex vertex? 0
	was guard in reflex area? 0
	does guard intersect boundary ray 6.9592 2.00364 8.02125 -0.930906?1
	is guard inside polygon? 0
0 other guards have coords 8 -0.872194
scaling gradient with 32 to 5.77479 4.5728
	>>>> prev guard 6.9592 2.00364 cur guard 8.62414 -0.605511
	was guard reflex vertex? 0
	was guard in reflex area? 0
	does guard intersect boundary ray 6.9592 2.00364 8.62414 -0.605511?1
	is guard inside polygon? 0
0 other guards have coords 8.23775 0
Df=0 0
h=0 0
Df=0.0205877 -0.0519837
h=0.00958803 0.00379726
Df=0 0
h=0 0
Df=0 0
h=0 0
Df=0 0
h=0 0
Df=0 0
h=0 0
Df=0 0
h=0 0
Df=0 0
h=0 0
Df=0.000153682 0.000877527
h=7.55517e-05 -1.32314e-05
Df=0 0
h=0 0
Df=0.0361059 0.0908361
h=0.0167458 -0.00665618
Df=0 0
h=0 0
Df=9.38701e-06 -1.38638e-05
h=-3.87939e-06 -2.62668e-06
Df=-0.00232983 0.00402237
h=-0.0010062 -0.000582812
Df=3.43441e-07 -6.78642e-07
h=-1.52939e-07 -7.73982e-08
Df=0 0
h=0 0
Df=0 0
h=0 0
Df=0 0
h=0 0
Df=-0.00038848 -0.000867732
h=-0.000177607 7.95139e-05
Df=0 0
h=0 0
Df=0.22542 -1.74654
h=0.0252215 -0.00337816
is completely visible? 0
are areas equal? 107.681=105.558?0
+++++1 guards with gradient 0
	======== guard 1.5 0
	was guard reflex vertex? 1
	computed gradient 0.162485 1.27357 and pull 0.440196 0.032822
	------- removing guard 1.5 0
g2=1.5 0
area2=90.884
alpha2=0.3
scaling gradient with 0.03125 to 0.00507765 0.039799
pull reduced from 0.19485 to 	>>>> prev guard 1.5 0 cur guard 1.5003 0.00238794
	was guard reflex vertex? 1
	was guard in reflex area? 1
	does guard intersect boundary ray 1.5 0 1.5003 0.00238794?0
	is guard inside polygon? 1
reflex vertex guard 1.5 0 tries to move to 1.5003 0.00238794
reflex segment1 2 -2.5 1.5 0
reflex segment1 1.5 0 0 0
on positive side edge2? 1
on positive side edge1? 0
on negative side edge2? 0
on negative side edge1? 1
on edge2? 0
on edge1? 0
placement between reflex lines
	new reflex coords who dis
0 other guards have coords 1.5003 0.00238794
	 new best guard at 1.5003 0.00238794
scaling gradient with 0.0625 to 0.0101553 0.0795979
pull reduced from 0.19485 to 	>>>> prev guard 1.5 0 cur guard 1.50117 0.00907482
	was guard reflex vertex? 1
	was guard in reflex area? 1
	does guard intersect boundary ray 1.5 0 1.50117 0.00907482?0
	is guard inside polygon? 1
reflex vertex guard 1.5 0 tries to move to 1.50117 0.00907482
reflex segment1 2 -2.5 1.5 0
reflex segment1 1.5 0 0 0
on positive side edge2? 1
on positive side edge1? 0
on negative side edge2? 0
on negative side edge1? 1
on edge2? 0
on edge1? 0
placement between reflex lines
	new reflex coords who dis
0 other guards have coords 1.50117 0.00907482
	 new best guard at 1.50117 0.00907482
scaling gradient with 0.125 to 0.0203106 0.159196
pull reduced from 0.19485 to 	>>>> prev guard 1.5 0 cur guard 1.50314 0.0239812
	was guard reflex vertex? 1
	was guard in reflex area? 1
	does guard intersect boundary ray 1.5 0 1.50314 0.0239812?0
	is guard inside polygon? 1
reflex vertex guard 1.5 0 tries to move to 1.50314 0.0239812
reflex segment1 2 -2.5 1.5 0
reflex segment1 1.5 0 0 0
on positive side edge2? 1
on positive side edge1? 0
on negative side edge2? 0
on negative side edge1? 1
on edge2? 0
on edge1? 0
placement between reflex lines
	new reflex coords who dis
0 other guards have coords 1.50314 0.0239812
	 new best guard at 1.50314 0.0239812
scaling gradient with 0.25 to 0.0406212 0.318392
pull reduced from 0.19485 to 	>>>> prev guard 1.5 0 cur guard 1.5075 0.0550352
	was guard reflex vertex? 1
	was guard in reflex area? 1
	does guard intersect boundary ray 1.5 0 1.5075 0.0550352?0
	is guard inside polygon? 1
reflex vertex guard 1.5 0 tries to move to 1.5075 0.0550352
reflex segment1 2 -2.5 1.5 0
reflex segment1 1.5 0 0 0
on positive side edge2? 1
on positive side edge1? 0
on negative side edge2? 0
on negative side edge1? 1
on edge2? 0
on edge1? 0
placement between reflex lines
	new reflex coords who dis
0 other guards have coords 1.5075 0.0550352
	 new best guard at 1.5075 0.0550352
scaling gradient with 0.5 to 0.0812424 0.636784
pull reduced from 0.19485 to 	>>>> prev guard 1.5 0 cur guard 1.51734 0.118196
	was guard reflex vertex? 1
	was guard in reflex area? 1
	does guard intersect boundary ray 1.5 0 1.51734 0.118196?0
	is guard inside polygon? 1
reflex vertex guard 1.5 0 tries to move to 1.51734 0.118196
reflex segment1 2 -2.5 1.5 0
reflex segment1 1.5 0 0 0
on positive side edge2? 1
on positive side edge1? 0
on negative side edge2? 0
on negative side edge1? 1
on edge2? 0
on edge1? 0
placement between reflex lines
	new reflex coords who dis
0 other guards have coords 1.51734 0.118196
	 new best guard at 1.51734 0.118196
scaling gradient with 1 to 0.162485 1.27357
pull reduced from 0.19485 to 	>>>> prev guard 1.5 0 cur guard 1.54112 0.245597
	was guard reflex vertex? 1
	was guard in reflex area? 1
	does guard intersect boundary ray 1.5 0 1.54112 0.245597?0
	is guard inside polygon? 1
reflex vertex guard 1.5 0 tries to move to 1.54112 0.245597
reflex segment1 2 -2.5 1.5 0
reflex segment1 1.5 0 0 0
on positive side edge2? 1
on positive side edge1? 0
on negative side edge2? 0
on negative side edge1? 1
on edge2? 0
on edge1? 0
placement between reflex lines
	new reflex coords who dis
0 other guards have coords 1.54112 0.245597
	 new best guard at 1.54112 0.245597
scaling gradient with 2 to 0.324969 2.54713
	>>>> prev guard 1.5 0 cur guard 1.60605 0.502316
	was guard reflex vertex? 1
	was guard in reflex area? 1
	does guard intersect boundary ray 1.5 0 1.60605 0.502316?0
	is guard inside polygon? 1
reflex vertex guard 1.5 0 tries to move to 1.60605 0.502316
reflex segment1 2 -2.5 1.5 0
reflex segment1 1.5 0 0 0
on positive side edge2? 1
on positive side edge1? 0
on negative side edge2? 0
on negative side edge1? 1
on edge2? 0
on edge1? 0
placement between reflex lines
	new reflex coords who dis
0 other guards have coords 1.60605 0.502316
	 new best guard at 1.60605 0.502316
scaling gradient with 4 to 0.649939 5.09427
	>>>> prev guard 1.5 0 cur guard 1.72341 1.01532
	was guard reflex vertex? 1
	was guard in reflex area? 1
	does guard intersect boundary ray 1.5 0 1.72341 1.01532?0
	is guard inside polygon? 1
reflex vertex guard 1.5 0 tries to move to 1.72341 1.01532
reflex segment1 2 -2.5 1.5 0
reflex segment1 1.5 0 0 0
on positive side edge2? 1
on positive side edge1? 0
on negative side edge2? 0
on negative side edge1? 1
on edge2? 0
on edge1? 0
placement between reflex lines
	new reflex coords who dis
0 other guards have coords 1.72341 1.01532
	 new best guard at 1.72341 1.01532
scaling gradient with 8 to 1.29988 10.1885
	>>>> prev guard 1.5 0 cur guard 1.9217 2.039
	was guard reflex vertex? 1
	was guard in reflex area? 1
	does guard intersect boundary ray 1.5 0 1.9217 2.039?0
	is guard inside polygon? 1
reflex vertex guard 1.5 0 tries to move to 1.9217 2.039
reflex segment1 2 -2.5 1.5 0
reflex segment1 1.5 0 0 0
on positive side edge2? 1
on positive side edge1? 0
on negative side edge2? 0
on negative side edge1? 1
on edge2? 0
on edge1? 0
placement between reflex lines
	new reflex coords who dis
0 other guards have coords 1.9217 2.039
	 new best guard at 1.9217 2.039
scaling gradient with 16 to 2.59976 20.3771
	>>>> prev guard 1.5 0 cur guard 2.26272 4.08254
	was guard reflex vertex? 1
	was guard in reflex area? 1
	does guard intersect boundary ray 1.5 0 2.26272 4.08254?0
	is guard inside polygon? 1
reflex vertex guard 1.5 0 tries to move to 2.26272 4.08254
reflex segment1 2 -2.5 1.5 0
reflex segment1 1.5 0 0 0
on positive side edge2? 1
on positive side edge1? 0
on negative side edge2? 0
on negative side edge1? 1
on edge2? 0
on edge1? 0
placement between reflex lines
	new reflex coords who dis
0 other guards have coords 2.26272 4.08254
	 new best guard at 2.26272 4.08254
scaling gradient with 32 to 5.19951 40.7541
	>>>> prev guard 1.5 0 cur guard 2.87393 8.16459
	was guard reflex vertex? 1
	was guard in reflex area? 1
	does guard intersect boundary ray 1.5 0 2.87393 8.16459?1
	is guard inside polygon? 0
reflex vertex guard 1.5 0 tries to move to 2.87393 8.16459
reflex segment1 2 -2.5 1.5 0
reflex segment1 1.5 0 0 0
on positive side edge2? 1
on positive side edge1? 0
on negative side edge2? 0
on negative side edge1? 1
on edge2? 0
on edge1? 0
placement between reflex lines
	old reflex coords
0 other guards have coords 1.5 0
	 new best guard at 1.5 0
Df=0.00138611 -0.000173264
h=4.29816e-05 0.000343853
Df=0.0230286 -0.00575715
h=0.00139631 0.00558525
Df=0.0142098 -0.0088811
h=0.00188279 0.00301246
Df=-5.23929e-05 8.51384e-05
h=1.11552e-05 6.86474e-06
Df=0.00995347 -0.0261279
h=0.00232535 0.000885847
Df=-1.43654e-06 5.20746e-06
h=3.46204e-07 9.55045e-08
Df=4.32131e-06 -1.6565e-05
h=1.04534e-06 2.72698e-07
Df=-3.82759e-08 1.51509e-07
h=9.2775e-09 2.34379e-09
Df=0.000136429 -0.000596875
h=3.32497e-05 7.59992e-06
Df=8.05997e-05 -0.000364714
h=1.96752e-05 4.34811e-06
Df=0 0.00215143
h=0.000122939 0
Df=0 0.000682227
h=4.03685e-05 0
Df=0 0.0149561
h=0.00103146 0
Df=0 0.0573714
h=0.00546395 0
Df=0 0.0926769
h=0.014258 0
Df=0 0.24096
h=0.096384 0
Df=0 0.008524
h=0.004262 0
Df=0 0.006275
h=0.00418333 0
Df=0 0.0003
h=0.0006 0
Df=0.611204 4.08205
h=0.132059 0.0098466
is completely visible? 0
are areas equal? 107.681=105.558?0
i=5
area=105.558
+++++3 guards with gradient 0
	======== guard 18.007 1.96644
	was guard reflex vertex? 0
	computed gradient -0.687874 0.710501 and pull -0.252162 -0.245175
	------- removing guard 18.007 1.96644
g0=18.007 1.96644
area0=95.6656
alpha0=0.3
scaling gradient with 0.03125 to -0.0214961 0.0222031
	>>>> prev guard 18.007 1.96644 cur guard 19.1342 2.71302
	was guard reflex vertex? 0
	was guard in reflex area? 0
	does guard intersect boundary ray 18.007 1.96644 19.1342 2.71302?0
	is guard inside polygon? 1
0 other guards have coords 19.1342 2.71302
	 new best guard at 19.1342 2.71302
scaling gradient with 0.0625 to -0.0429921 0.0444063
	>>>> prev guard 18.007 1.96644 cur guard 20.0183 3.29824
	was guard reflex vertex? 0
	was guard in reflex area? 0
	does guard intersect boundary ray 18.007 1.96644 20.0183 3.29824?1
	is guard inside polygon? 0
0 other guards have coords 20 3.28613
scaling gradient with 0.125 to -0.0859842 0.0888126
	>>>> prev guard 18.007 1.96644 cur guard 20.687 3.74492
	was guard reflex vertex? 0
	was guard in reflex area? 0
	does guard intersect boundary ray 18.007 1.96644 20.687 3.74492?1
	is guard inside polygon? 0
0 other guards have coords 20 3.28904
scaling gradient with 0.25 to -0.171968 0.177625
	>>>> prev guard 18.007 1.96644 cur guard 20.5241 3.65202
	was guard reflex vertex? 0
	was guard in reflex area? 0
	does guard intersect boundary ray 18.007 1.96644 20.5241 3.65202?1
	is guard inside polygon? 0
0 other guards have coords 20 3.30104
scaling gradient with 0.5 to -0.343937 0.35525
	>>>> prev guard 18.007 1.96644 cur guard 20.3835 3.59803
	was guard reflex vertex? 0
	was guard in reflex area? 0
	does guard intersect boundary ray 18.007 1.96644 20.3835 3.59803?1
	is guard inside polygon? 0
0 other guards have coords 20 3.33472
scaling gradient with 1 to -0.687874 0.710501
	>>>> prev guard 18.007 1.96644 cur guard 20.2504 3.60023
	was guard reflex vertex? 0
	was guard in reflex area? 0
	does guard intersect boundary ray 18.007 1.96644 20.2504 3.60023?1
	is guard inside polygon? 0
0 other guards have coords 20 3.41785
scaling gradient with 2 to -1.37575 1.421
	>>>> prev guard 18.007 1.96644 cur guard 20.1027 3.70081
	was guard reflex vertex? 0
	was guard in reflex area? 0
	does guard intersect boundary ray 18.007 1.96644 20.1027 3.70081?1
	is guard inside polygon? 0
0 other guards have coords 20 3.61585
scaling gradient with 4 to -2.75149 2.842
	>>>> prev guard 18.007 1.96644 cur guard 19.9019 3.99802
	was guard reflex vertex? 0
	was guard in reflex area? 0
	does guard intersect boundary ray 18.007 1.96644 19.9019 3.99802?0
	is guard inside polygon? 1
0 other guards have coords 19.9019 3.99802
scaling gradient with 8 to -5.50299 5.684
	>>>> prev guard 18.007 1.96644 cur guard 19.4781 4.63009
	was guard reflex vertex? 0
	was guard in reflex area? 0
	does guard intersect boundary ray 18.007 1.96644 19.4781 4.63009?1
	is guard inside polygon? 0
0 other guards have coords 19.4577 4.59304
scaling gradient with 16 to -11.006 11.368
	>>>> prev guard 18.007 1.96644 cur guard 18.4432 5.76606
	was guard reflex vertex? 0
	was guard in reflex area? 0
	does guard intersect boundary ray 18.007 1.96644 18.4432 5.76606?1
	is guard inside polygon? 0
0 other guards have coords 18.2404 4
scaling gradient with 32 to -22.012 22.736
	>>>> prev guard 18.007 1.96644 cur guard 16.093 6.28787
	was guard reflex vertex? 0
	was guard in reflex area? 0
	does guard intersect boundary ray 18.007 1.96644 16.093 6.28787?1
	is guard inside polygon? 0
0 other guards have coords 17.0743 4.07228
Df=0 0
h=0 0
Df=0.0036693 -0.00179179
h=0.000791754 0.00162138
Df=0 0
h=0 0
Df=0 0
h=0 0
Df=0.000484843 9.69041e-05
h=4.83232e-05 -0.000241777
Df=-0.210531 0.21487
h=-0.0764724 -0.074928
Df=1.93539e-05 -5.91211e-05
h=-9.35365e-06 -3.06201e-06
Df=0 0
h=0 0
Df=0 0
h=0 0
Df=-9.09059e-06 6.70638e-05
h=-4.58097e-06 -6.20957e-07
Df=4.34762e-06 -3.3179e-05
h=-2.19217e-06 -2.87251e-07
Df=0 0
h=0 0
Df=0 0
h=0 0
Df=0 0
h=0 0
Df=0 0
h=0 0
Df=0 0
h=0 0
Df=0 0
h=0 0
Df=0 0
h=0 0
Df=0 0
h=0 0
Df=0 0
h=0 0
Df=1.12723 0.746578
h=-0.0756485 -0.0735524
is completely visible? 0
are areas equal? 107.681=104.123?0
+++++2 guards with gradient 0
	======== guard 7.18462 0.257091
	was guard reflex vertex? 0
	computed gradient 0.0727587 0.327867 and pull 0.0944758 0.00493997
	------- removing guard 7.18462 0.257091
g1=7.18462 0.257091
area1=96.1866
alpha1=0.3
scaling gradient with 0.03125 to 0.00227371 0.0102458
	>>>> prev guard 7.18462 0.257091 cur guard 7.37076 -1.13923
	was guard reflex vertex? 0
	was guard in reflex area? 0
	does guard intersect boundary ray 7.18462 0.257091 7.37076 -1.13923?1
	is guard inside polygon? 0
0 other guards have coords 7.33822 -0.895122
	 new best guard at 7.33822 -0.895122
scaling gradient with 0.0625 to 0.00454742 0.0204917
	>>>> prev guard 7.18462 0.257091 cur guard 7.49307 -2.01066
	was guard reflex vertex? 0
	was guard in reflex area? 0
	does guard intersect boundary ray 7.18462 0.257091 7.49307 -2.01066?1
	is guard inside polygon? 0
0 other guards have coords 7.34137 -0.895372
scaling gradient with 0.125 to 0.00909484 0.0409833
	>>>> prev guard 7.18462 0.257091 cur guard 7.47147 -1.78504
	was guard reflex vertex? 0
	was guard in reflex area? 0
	does guard intersect boundary ray 7.18462 0.257091 7.47147 -1.78504?1
	is guard inside polygon? 0
0 other guards have coords 7.34656 -0.895781
scaling gradient with 0.25 to 0.0181897 0.0819667
	>>>> prev guard 7.18462 0.257091 cur guard 7.4574 -1.6023
	was guard reflex vertex? 0
	was guard in reflex area? 0
	does guard intersect boundary ray 7.18462 0.257091 7.4574 -1.6023?1
	is guard inside polygon? 0
0 other guards have coords 7.35383 -0.896355
scaling gradient with 0.5 to 0.0363793 0.163933
	>>>> prev guard 7.18462 0.257091 cur guard 7.45035 -1.45144
	was guard reflex vertex? 0
	was guard in reflex area? 0
	does guard intersect boundary ray 7.18462 0.257091 7.45035 -1.45144?1
	is guard inside polygon? 0
0 other guards have coords 7.36415 -0.897169
scaling gradient with 1 to 0.0727587 0.327867
	>>>> prev guard 7.18462 0.257091 cur guard 7.4514 -1.32127
	was guard reflex vertex? 0
	was guard in reflex area? 0
	does guard intersect boundary ray 7.18462 0.257091 7.4514 -1.32127?1
	is guard inside polygon? 0
0 other guards have coords 7.37993 -0.898415
scaling gradient with 2 to 0.145517 0.655733
	>>>> prev guard 7.18462 0.257091 cur guard 7.46413 -1.19806
	was guard reflex vertex? 0
	was guard in reflex area? 0
	does guard intersect boundary ray 7.18462 0.257091 7.46413 -1.19806?1
	is guard inside polygon? 0
0 other guards have coords 7.40698 -0.900551
scaling gradient with 4 to 0.291035 1.31147
	>>>> prev guard 7.18462 0.257091 cur guard 7.49747 -1.06128
	was guard reflex vertex? 0
	was guard in reflex area? 0
	does guard intersect boundary ray 7.18462 0.257091 7.49747 -1.06128?1
	is guard inside polygon? 0
0 other guards have coords 7.46033 -0.904763
scaling gradient with 8 to 0.582069 2.62293
	>>>> prev guard 7.18462 0.257091 cur guard 7.57332 -0.875673
	was guard reflex vertex? 0
	was guard in reflex area? 0
	does guard intersect boundary ray 7.18462 0.257091 7.57332 -0.875673?0
	is guard inside polygon? 1
0 other guards have coords 7.57332 -0.875673
scaling gradient with 16 to 1.16414 5.24587
	>>>> prev guard 7.18462 0.257091 cur guard 7.73922 -0.537352
	was guard reflex vertex? 0
	was guard in reflex area? 0
	does guard intersect boundary ray 7.18462 0.257091 7.73922 -0.537352?0
	is guard inside polygon? 1
0 other guards have coords 7.73922 -0.537352
scaling gradient with 32 to 2.32828 10.4917
	>>>> prev guard 7.18462 0.257091 cur guard 8.01731 0.363105
	was guard reflex vertex? 0
	was guard in reflex area? 0
	does guard intersect boundary ray 7.18462 0.257091 8.01731 0.363105?0
	is guard inside polygon? 1
0 other guards have coords 8.01731 0.363105
	 new best guard at 8.01731 0.363105
Df=-0.00110878 -0.00138775
h=-0.000231436 0.000184912
Df=0 0
h=0 0
Df=0 0
h=0 0
Df=0.0156085 -0.0200809
h=0.00329252 0.00255922
Df=0 0
h=0 0
Df=0.000649368 -0.00167398
h=0.000161749 6.27454e-05
Df=-2.63275e-05 7.13858e-05
h=6.59945e-06 2.43392e-06
Df=0.000252805 -0.00079804
h=6.43889e-05 2.03973e-05
Df=0 0
h=0 0
Df=0 0
h=0 0
Df=2.31628e-05 0.00101046
h=9.0072e-05 -2.06473e-06
Df=0 0
h=0 0
Df=0.0064531 0.120868
h=0.0250647 -0.0013382
Df=0 0
h=0 0
Df=1.50695e-06 -1.86668e-05
h=-5.84253e-06 -4.71662e-07
Df=-2.57773e-05 0.00036944
h=-0.000100022 -6.97896e-06
Df=2.67031e-09 -4.3464e-08
h=-1.03671e-08 -6.36923e-10
Df=0 0
h=0 0
Df=0 0
h=0 0
Df=0 0
h=0 0
Df=0.27809 0.900457
h=0.0283428 0.00148199
is completely visible? 0
are areas equal? 107.681=104.298?0
+++++1 guards with gradient 0
	======== guard 1.5 0
	was guard reflex vertex? 0
	computed gradient 0.162485 1.27357 and pull 0.440196 0.032822
	------- removing guard 1.5 0
g2=1.5 0
area2=90.884
alpha2=0.3
scaling gradient with 0.03125 to 0.00507765 0.039799
	>>>> prev guard 1.5 0 cur guard 2.01568 3.27
	was guard reflex vertex? 0
	was guard in reflex area? 1
	does guard intersect boundary ray 1.5 0 2.01568 3.27?0
	is guard inside polygon? 1
reflex vertex guard 1.5 0 tries to move to 2.01568 3.27
reflex segment1 2 -2.5 1.5 0
reflex segment1 1.5 0 0 0
on positive side edge2? 1
on positive side edge1? 0
on negative side edge2? 0
on negative side edge1? 1
on edge2? 0
on edge1? 0
placement between reflex lines
	new reflex coords who dis
0 other guards have coords 2.01568 3.27
	 new best guard at 2.01568 3.27
scaling gradient with 0.0625 to 0.0101553 0.0795979
	>>>> prev guard 1.5 0 cur guard 2.45524 5.89274
	was guard reflex vertex? 0
	was guard in reflex area? 1
	does guard intersect boundary ray 1.5 0 2.45524 5.89274?1
	is guard inside polygon? 0
reflex vertex guard 1.5 0 tries to move to 2.45524 5.89274
reflex segment1 2 -2.5 1.5 0
reflex segment1 1.5 0 0 0
on positive side edge2? 1
on positive side edge1? 0
on negative side edge2? 0
on negative side edge1? 1
on edge2? 0
on edge1? 0
placement between reflex lines
	old reflex coords
0 other guards have coords 1.5 0
	 new best guard at 1.5 0
scaling gradient with 0.125 to 0.0203106 0.159196
	>>>> prev guard 1.5 0 cur guard 1.87928 2.10972
	was guard reflex vertex? 0
	was guard in reflex area? 1
	does guard intersect boundary ray 1.5 0 1.87928 2.10972?0
	is guard inside polygon? 1
reflex vertex guard 1.5 0 tries to move to 1.87928 2.10972
reflex segment1 2 -2.5 1.5 0
reflex segment1 1.5 0 0 0
on positive side edge2? 1
on positive side edge1? 0
on negative side edge2? 0
on negative side edge1? 1
on edge2? 0
on edge1? 0
placement between reflex lines
	new reflex coords who dis
0 other guards have coords 1.87928 2.10972
	 new best guard at 1.87928 2.10972
scaling gradient with 0.25 to 0.0406212 0.318392
	>>>> prev guard 1.5 0 cur guard 2.21156 3.81856
	was guard reflex vertex? 0
	was guard in reflex area? 1
	does guard intersect boundary ray 1.5 0 2.21156 3.81856?0
	is guard inside polygon? 1
reflex vertex guard 1.5 0 tries to move to 2.21156 3.81856
reflex segment1 2 -2.5 1.5 0
reflex segment1 1.5 0 0 0
on positive side edge2? 1
on positive side edge1? 0
on negative side edge2? 0
on negative side edge1? 1
on edge2? 0
on edge1? 0
placement between reflex lines
	new reflex coords who dis
0 other guards have coords 2.21156 3.81856
	 new best guard at 2.21156 3.81856
scaling gradient with 0.5 to 0.0812424 0.636784
	>>>> prev guard 1.5 0 cur guard 2.50866 5.22581
	was guard reflex vertex? 0
	was guard in reflex area? 1
	does guard intersect boundary ray 1.5 0 2.50866 5.22581?1
	is guard inside polygon? 0
reflex vertex guard 1.5 0 tries to move to 2.50866 5.22581
reflex segment1 2 -2.5 1.5 0
reflex segment1 1.5 0 0 0
on positive side edge2? 1
on positive side edge1? 0
on negative side edge2? 0
on negative side edge1? 1
on edge2? 0
on edge1? 0
placement between reflex lines
	old reflex coords
0 other guards have coords 1.5 0
	 new best guard at 1.5 0
scaling gradient with 1 to 0.162485 1.27357
	>>>> prev guard 1.5 0 cur guard 1.77385 1.20419
	was guard reflex vertex? 0
	was guard in reflex area? 1
	does guard intersect boundary ray 1.5 0 1.77385 1.20419?0
	is guard inside polygon? 1
reflex vertex guard 1.5 0 tries to move to 1.77385 1.20419
reflex segment1 2 -2.5 1.5 0
reflex segment1 1.5 0 0 0
on positive side edge2? 1
on positive side edge1? 0
on negative side edge2? 0
on negative side edge1? 1
on edge2? 0
on edge1? 0
placement between reflex lines
	new reflex coords who dis
0 other guards have coords 1.77385 1.20419
	 new best guard at 1.77385 1.20419
scaling gradient with 2 to 0.324969 2.54713
	>>>> prev guard 1.5 0 cur guard 2.03883 2.32233
	was guard reflex vertex? 0
	was guard in reflex area? 1
	does guard intersect boundary ray 1.5 0 2.03883 2.32233?0
	is guard inside polygon? 1
reflex vertex guard 1.5 0 tries to move to 2.03883 2.32233
reflex segment1 2 -2.5 1.5 0
reflex segment1 1.5 0 0 0
on positive side edge2? 1
on positive side edge1? 0
on negative side edge2? 0
on negative side edge1? 1
on edge2? 0
on edge1? 0
placement between reflex lines
	new reflex coords who dis
0 other guards have coords 2.03883 2.32233
	 new best guard at 2.03883 2.32233
scaling gradient with 4 to 0.649939 5.09427
	>>>> prev guard 1.5 0 cur guard 2.31623 3.52447
	was guard reflex vertex? 0
	was guard in reflex area? 1
	does guard intersect boundary ray 1.5 0 2.31623 3.52447?0
	is guard inside polygon? 1
reflex vertex guard 1.5 0 tries to move to 2.31623 3.52447
reflex segment1 2 -2.5 1.5 0
reflex segment1 1.5 0 0 0
on positive side edge2? 1
on positive side edge1? 0
on negative side edge2? 0
on negative side edge1? 1
on edge2? 0
on edge1? 0
placement between reflex lines
	new reflex coords who dis
0 other guards have coords 2.31623 3.52447
	 new best guard at 2.31623 3.52447
scaling gradient with 8 to 1.29988 10.1885
	>>>> prev guard 1.5 0 cur guard 2.64255 5.09947
	was guard reflex vertex? 0
	was guard in reflex area? 1
	does guard intersect boundary ray 1.5 0 2.64255 5.09947?1
	is guard inside polygon? 0
reflex vertex guard 1.5 0 tries to move to 2.64255 5.09947
reflex segment1 2 -2.5 1.5 0
reflex segment1 1.5 0 0 0
on positive side edge2? 1
on positive side edge1? 0
on negative side edge2? 0
on negative side edge1? 1
on edge2? 0
on edge1? 0
placement between reflex lines
	old reflex coords
0 other guards have coords 1.5 0
	 new best guard at 1.5 0
scaling gradient with 16 to 2.59976 20.3771
	>>>> prev guard 1.5 0 cur guard 1.94346 2.48459
	was guard reflex vertex? 0
	was guard in reflex area? 1
	does guard intersect boundary ray 1.5 0 1.94346 2.48459?0
	is guard inside polygon? 1
reflex vertex guard 1.5 0 tries to move to 1.94346 2.48459
reflex segment1 2 -2.5 1.5 0
reflex segment1 1.5 0 0 0
on positive side edge2? 1
on positive side edge1? 0
on negative side edge2? 0
on negative side edge1? 1
on edge2? 0
on edge1? 0
placement between reflex lines
	new reflex coords who dis
0 other guards have coords 1.94346 2.48459
	 new best guard at 1.94346 2.48459
scaling gradient with 32 to 5.19951 40.7541
	>>>> prev guard 1.5 0 cur guard 2.6366 6.91948
	was guard reflex vertex? 0
	was guard in reflex area? 1
	does guard intersect boundary ray 1.5 0 2.6366 6.91948?1
	is guard inside polygon? 0
reflex vertex guard 1.5 0 tries to move to 2.6366 6.91948
reflex segment1 2 -2.5 1.5 0
reflex segment1 1.5 0 0 0
on positive side edge2? 1
on positive side edge1? 0
on negative side edge2? 0
on negative side edge1? 1
on edge2? 0
on edge1? 0
placement between reflex lines
	old reflex coords
0 other guards have coords 1.5 0
Df=0.00138611 -0.000173264
h=4.29816e-05 0.000343853
Df=0.0230286 -0.00575715
h=0.00139631 0.00558525
Df=0.0142098 -0.0088811
h=0.00188279 0.00301246
Df=-5.23929e-05 8.51384e-05
h=1.11552e-05 6.86474e-06
Df=0.00995347 -0.0261279
h=0.00232535 0.000885847
Df=-1.43654e-06 5.20746e-06
h=3.46204e-07 9.55045e-08
Df=4.32131e-06 -1.6565e-05
h=1.04534e-06 2.72698e-07
Df=-3.82759e-08 1.51509e-07
h=9.2775e-09 2.34379e-09
Df=0.000136429 -0.000596875
h=3.32497e-05 7.59992e-06
Df=8.05997e-05 -0.000364714
h=1.96752e-05 4.34811e-06
Df=0 0.00215143
h=0.000122939 0
Df=0 0.000682227
h=4.03685e-05 0
Df=0 0.0149561
h=0.00103146 0
Df=0 0.0573714
h=0.00546395 0
Df=0 0.0926769
h=0.014258 0
Df=0 0.24096
h=0.096384 0
Df=0 0.008524
h=0.004262 0
Df=0 0.006275
h=0.00418333 0
Df=0 0.0003
h=0.0006 0
Df=0.443455 2.48459
h=0.132059 0.0098466
is completely visible? 0
are areas equal? 107.681=104.8?0
i=6
area=104.8
+++++3 guards with gradient 0
	======== guard 19.1342 2.71302
	was guard reflex vertex? 0
	computed gradient -1.74385 -0.831288 and pull -0.521975 -0.2263
	------- removing guard 19.1342 2.71302
g0=19.1342 2.71302
area0=92.44
alpha0=0.3
scaling gradient with 0.03125 to -0.0544953 -0.0259778
	>>>> prev guard 19.1342 2.71302 cur guard 20.0014 3.29514
	was guard reflex vertex? 0
	was guard in reflex area? 0
	does guard intersect boundary ray 19.1342 2.71302 20.0014 3.29514?1
	is guard inside polygon? 0
0 other guards have coords 20 3.2942
	 new best guard at 20 3.2942
scaling gradient with 0.0625 to -0.108991 -0.0519555
	>>>> prev guard 19.1342 2.71302 cur guard 20.6559 3.74321
	was guard reflex vertex? 0
	was guard in reflex area? 0
	does guard intersect boundary ray 19.1342 2.71302 20.6559 3.74321?1
	is guard inside polygon? 0
0 other guards have coords 20 3.29916
scaling gradient with 0.125 to -0.217981 -0.103911
	>>>> prev guard 19.1342 2.71302 cur guard 20.4803 3.63855
	was guard reflex vertex? 0
	was guard in reflex area? 0
	does guard intersect boundary ray 19.1342 2.71302 20.4803 3.63855?1
	is guard inside polygon? 0
0 other guards have coords 20 3.3083
scaling gradient with 0.25 to -0.435962 -0.207822
	>>>> prev guard 19.1342 2.71302 cur guard 20.3268 3.55377
	was guard reflex vertex? 0
	was guard in reflex area? 0
	does guard intersect boundary ray 19.1342 2.71302 20.3268 3.55377?1
	is guard inside polygon? 0
0 other guards have coords 20 3.32339
scaling gradient with 0.5 to -0.871925 -0.415644
	>>>> prev guard 19.1342 2.71302 cur guard 20.1778 3.48125
	was guard reflex vertex? 0
	was guard in reflex area? 0
	does guard intersect boundary ray 19.1342 2.71302 20.1778 3.48125?1
	is guard inside polygon? 0
0 other guards have coords 20 3.35037
scaling gradient with 1 to -1.74385 -0.831288
	>>>> prev guard 19.1342 2.71302 cur guard 20.0063 3.4132
	was guard reflex vertex? 0
	was guard in reflex area? 0
	does guard intersect boundary ray 19.1342 2.71302 20.0063 3.4132?1
	is guard inside polygon? 0
0 other guards have coords 20 3.40815
scaling gradient with 2 to -3.4877 -1.66258
pull reduced from 0.323669 to 	>>>> prev guard 19.1342 2.71302 cur guard 19.7915 3.3568
	was guard reflex vertex? 0
	was guard in reflex area? 0
	does guard intersect boundary ray 19.1342 2.71302 19.7915 3.3568?0
	is guard inside polygon? 1
0 other guards have coords 19.7915 3.3568
	 new best guard at 19.7915 3.3568
scaling gradient with 4 to -6.9754 -3.32515
	>>>> prev guard 19.1342 2.71302 cur guard 19.1748 3.10264
	was guard reflex vertex? 0
	was guard in reflex area? 0
	does guard intersect boundary ray 19.1342 2.71302 19.1748 3.10264?0
	is guard inside polygon? 1
0 other guards have coords 19.1748 3.10264
	 new best guard at 19.1748 3.10264
scaling gradient with 8 to -13.9508 -6.65031
	>>>> prev guard 19.1342 2.71302 cur guard 17.8131 2.48671
	was guard reflex vertex? 0
	was guard in reflex area? 0
	does guard intersect boundary ray 19.1342 2.71302 17.8131 2.48671?0
	is guard inside polygon? 1
0 other guards have coords 17.8131 2.48671
	 new best guard at 17.8131 2.48671
scaling gradient with 16 to -27.9016 -13.3006
	>>>> prev guard 19.1342 2.71302 cur guard 15.0184 1.18235
	was guard reflex vertex? 0
	was guard in reflex area? 0
	does guard intersect boundary ray 19.1342 2.71302 15.0184 1.18235?0
	is guard inside polygon? 1
0 other guards have coords 15.0184 1.18235
	 new best guard at 15.0184 1.18235
scaling gradient with 32 to -55.8032 -26.6012
	>>>> prev guard 19.1342 2.71302 cur guard 9.40303 -1.47079
	was guard reflex vertex? 0
	was guard in reflex area? 0
	does guard intersect boundary ray 19.1342 2.71302 9.40303 -1.47079?1
	is guard inside polygon? 0
0 other guards have coords 12 -0.354255
Df=-0.237095 0.0117285
h=-0.00431777 -0.087285
Df=0 0
h=0 0
Df=-0.121219 0.140038
h=-0.0337822 -0.0292424
Df=1.8311e-05 -4.8151e-05
h=-6.30855e-06 -2.39904e-06
Df=0 0
h=0 0
Df=0 0
h=0 0
Df=-5.52418e-05 0.000318339
h=-2.00619e-05 -3.48136e-06
Df=8.98971e-06 -5.34614e-05
h=-3.26767e-06 -5.49469e-07
Df=0 0
h=0 0
Df=0 0
h=0 0
Df=0 0
h=0 0
Df=0 0
h=0 0
Df=0 0
h=0 0
Df=0 0
h=0 0
Df=0 0
h=0 0
Df=-0.164812 -0.40137
h=-0.118463 0.0486437
Df=0 0
h=0 0
Df=0 0
h=0 0
Df=0 0
h=0 0
Df=0 0
h=0 0
Df=-2.79477 -1.30436
h=-0.156592 -0.0678901
is completely visible? 0
are areas equal? 107.681=106.286?0
+++++2 guards with gradient 0
	======== guard 8.01731 0.363105
	was guard reflex vertex? 0
