18
6 24 3 20
5 26 6 24
7 16 7 12
3 20 7 16
8 26 7 24
5 26 8 26
10 13 7 12
9 18 10 13
11 20 9 18
11 24 7 24
15 17 11 20
15 27 11 24
16 22 15 27
17 17 15 17
19 19 17 17
17 20 19 19
19 21 17 20
16 22 19 21
total area=103
i=0
area=103
+++++3 guards with gradient 0
	======== guard 8.65 19.13
	was guard reflex vertex? 0
	computed gradient -0.00201187 -0.00323747 and pull -0.000691743 0.000158345
	------- removing guard 8.65 19.13
g0=8.65 19.13
area0=78.2105
alpha0=0.4
scaling gradient with 0.03125 to -6.2871e-05 -0.000101171
	>>>> prev guard 8.65 19.13 cur guard 8.64994 19.13
	was guard reflex vertex? 0
	was guard in reflex area? 0
	does guard intersect boundary ray 8.65 19.13 8.64994 19.13?0
	is guard inside polygon? 1
0 other guards have coords 8.64994 19.13
	 new best guard at 8.64994 19.13
scaling gradient with 0.0625 to -0.000125742 -0.000202342
	>>>> prev guard 8.65 19.13 cur guard 8.64983 19.13
	was guard reflex vertex? 0
	was guard in reflex area? 0
	does guard intersect boundary ray 8.65 19.13 8.64983 19.13?0
	is guard inside polygon? 1
0 other guards have coords 8.64983 19.13
	 new best guard at 8.64983 19.13
scaling gradient with 0.125 to -0.000251484 -0.000404683
	>>>> prev guard 8.65 19.13 cur guard 8.64966 19.13
	was guard reflex vertex? 0
	was guard in reflex area? 0
	does guard intersect boundary ray 8.65 19.13 8.64966 19.13?0
	is guard inside polygon? 1
0 other guards have coords 8.64966 19.13
	 new best guard at 8.64966 19.13
scaling gradient with 0.25 to -0.000502968 -0.000809367
	>>>> prev guard 8.65 19.13 cur guard 8.64943 19.1299
	was guard reflex vertex? 0
	was guard in reflex area? 0
	does guard intersect boundary ray 8.65 19.13 8.64943 19.1299?0
	is guard inside polygon? 1
0 other guards have coords 8.64943 19.1299
	 new best guard at 8.64943 19.1299
scaling gradient with 0.5 to -0.00100594 -0.00161873
	>>>> prev guard 8.65 19.13 cur guard 8.64911 19.1297
	was guard reflex vertex? 0
	was guard in reflex area? 0
	does guard intersect boundary ray 8.65 19.13 8.64911 19.1297?0
	is guard inside polygon? 1
0 other guards have coords 8.64911 19.1297
scaling gradient with 1 to -0.00201187 -0.00323747
	>>>> prev guard 8.65 19.13 cur guard 8.64864 19.1294
	was guard reflex vertex? 0
	was guard in reflex area? 0
	does guard intersect boundary ray 8.65 19.13 8.64864 19.1294?0
	is guard inside polygon? 1
0 other guards have coords 8.64864 19.1294
scaling gradient with 2 to -0.00402374 -0.00647493
	>>>> prev guard 8.65 19.13 cur guard 8.64789 19.1286
	was guard reflex vertex? 0
	was guard in reflex area? 0
	does guard intersect boundary ray 8.65 19.13 8.64789 19.1286?0
	is guard inside polygon? 1
0 other guards have coords 8.64789 19.1286
scaling gradient with 4 to -0.00804749 -0.0129499
	>>>> prev guard 8.65 19.13 cur guard 8.64658 19.1269
	was guard reflex vertex? 0
	was guard in reflex area? 0
	does guard intersect boundary ray 8.65 19.13 8.64658 19.1269?0
	is guard inside polygon? 1
0 other guards have coords 8.64658 19.1269
scaling gradient with 8 to -0.016095 -0.0258997
	>>>> prev guard 8.65 19.13 cur guard 8.6442 19.1235
	was guard reflex vertex? 0
	was guard in reflex area? 0
	does guard intersect boundary ray 8.65 19.13 8.6442 19.1235?0
	is guard inside polygon? 1
0 other guards have coords 8.6442 19.1235
scaling gradient with 16 to -0.03219 -0.0517995
	>>>> prev guard 8.65 19.13 cur guard 8.63966 19.1166
	was guard reflex vertex? 0
	was guard in reflex area? 0
	does guard intersect boundary ray 8.65 19.13 8.63966 19.1166?0
	is guard inside polygon? 1
0 other guards have coords 8.63966 19.1166
scaling gradient with 32 to -0.0643799 -0.103599
	>>>> prev guard 8.65 19.13 cur guard 8.63082 19.1029
	was guard reflex vertex? 0
	was guard in reflex area? 0
	does guard intersect boundary ray 8.65 19.13 8.63082 19.1029?0
	is guard inside polygon? 1
0 other guards have coords 8.63082 19.1029
Df=0 0
h=0 0
Df=0.000800038 -0.000421745
h=-0.000119195 -0.00022611
Df=-0.00160479 -0.000873241
h=-0.000157502 0.000289447
Df=0 0
h=0 0
Df=0 0
h=0 0
Df=0 0
h=0 0
Df=0 0
h=0 0
Df=-0.000228708 -6.77583e-05
h=-0.000276697 6.33378e-05
is completely visible? 1
are areas equal? 103=103?1
i=2
area=103
g0=8.64943 19.1299
alpha0=0.4
area0=78.2115
g1=14.28 17.56
alpha1=0.4
area1=55.9754
g2=6 22.26
alpha2=0.4
area2=93.4363
