18
6 24 3 20
5 26 6 24
7 16 7 12
3 20 7 16
8 26 7 24
5 26 8 26
10 13 7 12
9 18 10 13
11 20 9 18
11 24 7 24
15 17 11 20
15 27 11 24
16 22 15 27
17 17 15 17
19 19 17 17
17 20 19 19
19 21 17 20
16 22 19 21
total area=103
i=0
area=100.96
+++++3 guards with gradient 0
	======== guard 13.38 25.53
	was guard reflex vertex? 0
	computed gradient -0.10695 0.0597357 and pull -0.0106683 -0.0179698
	------- removing guard 13.38 25.53
g0=13.38 25.53
area0=70.9864
alpha0=0.6
scaling gradient with 0.03125 to -0.00334218 0.00186674
	>>>> prev guard 13.38 25.53 cur guard 13.3783 25.5281
	was guard reflex vertex? 0
	was guard in reflex area? 0
	does guard intersect boundary ray 13.38 25.53 13.3783 25.5281?0
	is guard inside polygon? 1
0 other guards have coords 13.3783 25.5281
	 new best guard at 13.3783 25.5281
scaling gradient with 0.0625 to -0.00668437 0.00373348
	>>>> prev guard 13.38 25.53 cur guard 13.3749 25.5248
	was guard reflex vertex? 0
	was guard in reflex area? 0
	does guard intersect boundary ray 13.38 25.53 13.3749 25.5248?0
	is guard inside polygon? 1
0 other guards have coords 13.3749 25.5248
	 new best guard at 13.3749 25.5248
scaling gradient with 0.125 to -0.0133687 0.00746697
	>>>> prev guard 13.38 25.53 cur guard 13.3693 25.5209
	was guard reflex vertex? 0
	was guard in reflex area? 0
	does guard intersect boundary ray 13.38 25.53 13.3693 25.5209?0
	is guard inside polygon? 1
0 other guards have coords 13.3693 25.5209
	 new best guard at 13.3693 25.5209
scaling gradient with 0.25 to -0.0267375 0.0149339
	>>>> prev guard 13.38 25.53 cur guard 13.3603 25.5175
	was guard reflex vertex? 0
	was guard in reflex area? 0
	does guard intersect boundary ray 13.38 25.53 13.3603 25.5175?0
	is guard inside polygon? 1
0 other guards have coords 13.3603 25.5175
	 new best guard at 13.3603 25.5175
scaling gradient with 0.5 to -0.053475 0.0298679
	>>>> prev guard 13.38 25.53 cur guard 13.3454 25.5162
	was guard reflex vertex? 0
	was guard in reflex area? 0
	does guard intersect boundary ray 13.38 25.53 13.3454 25.5162?0
	is guard inside polygon? 1
0 other guards have coords 13.3454 25.5162
	 new best guard at 13.3454 25.5162
scaling gradient with 1 to -0.10695 0.0597357
	>>>> prev guard 13.38 25.53 cur guard 13.3194 25.5201
	was guard reflex vertex? 0
	was guard in reflex area? 0
	does guard intersect boundary ray 13.38 25.53 13.3194 25.5201?0
	is guard inside polygon? 1
0 other guards have coords 13.3194 25.5201
	 new best guard at 13.3194 25.5201
scaling gradient with 2 to -0.2139 0.119471
	>>>> prev guard 13.38 25.53 cur guard 13.2716 25.5354
	was guard reflex vertex? 0
	was guard in reflex area? 0
	does guard intersect boundary ray 13.38 25.53 13.2716 25.5354?0
	is guard inside polygon? 1
0 other guards have coords 13.2716 25.5354
	 new best guard at 13.2716 25.5354
scaling gradient with 4 to -0.4278 0.238943
	>>>> prev guard 13.38 25.53 cur guard 13.1808 25.5742
	was guard reflex vertex? 0
	was guard in reflex area? 0
	does guard intersect boundary ray 13.38 25.53 13.1808 25.5742?0
	is guard inside polygon? 1
0 other guards have coords 13.1808 25.5742
	 new best guard at 13.1808 25.5742
scaling gradient with 8 to -0.855599 0.477886
	>>>> prev guard 13.38 25.53 cur guard 13.0041 25.6604
	was guard reflex vertex? 0
	was guard in reflex area? 0
	does guard intersect boundary ray 13.38 25.53 13.0041 25.6604?1
	is guard inside polygon? 0
0 other guards have coords 13.1476 25.6107
	 new best guard at 13.1476 25.6107
scaling gradient with 16 to -1.7112 0.955772
	>>>> prev guard 13.38 25.53 cur guard 12.7996 25.7922
	was guard reflex vertex? 0
	was guard in reflex area? 0
	does guard intersect boundary ray 13.38 25.53 12.7996 25.7922?1
	is guard inside polygon? 0
0 other guards have coords 13.1678 25.6259
scaling gradient with 32 to -3.4224 1.91154
	>>>> prev guard 13.38 25.53 cur guard 12.4775 25.9983
	was guard reflex vertex? 0
	was guard in reflex area? 0
	does guard intersect boundary ray 13.38 25.53 12.4775 25.9983?1
	is guard inside polygon? 0
0 other guards have coords 13.179 25.6343
Df=0 0
h=0 0
Df=0 0
h=0 0
Df=0 0
h=0 0
Df=0 0
h=0 0
Df=-0.0810792 0.0471616
h=-0.0054139 -0.00930745
Df=0.0169093 -0.0113202
h=-0.000987072 -0.00147442
Df=-0.176617 0.0862174
h=-0.00640097 -0.0107819
is completely visible? 0
are areas equal? 103=101.002?0
+++++2 guards with gradient 0
	======== guard 6 22.26
	was guard reflex vertex? 0
	computed gradient 0.0291153 0.00544425 and pull 0.00107018 -0.00422497
	------- removing guard 6 22.26
g1=6 22.26
area1=93.4363
alpha1=0.6
scaling gradient with 0.03125 to 0.000909852 0.000170133
	>>>> prev guard 6 22.26 cur guard 6.00024 22.2595
	was guard reflex vertex? 0
	was guard in reflex area? 0
	does guard intersect boundary ray 6 22.26 6.00024 22.2595?0
	is guard inside polygon? 1
0 other guards have coords 6.00024 22.2595
	 new best guard at 6.00024 22.2595
scaling gradient with 0.0625 to 0.0018197 0.000340266
	>>>> prev guard 6 22.26 cur guard 6.00077 22.2587
	was guard reflex vertex? 0
	was guard in reflex area? 0
	does guard intersect boundary ray 6 22.26 6.00077 22.2587?0
	is guard inside polygon? 1
0 other guards have coords 6.00077 22.2587
	 new best guard at 6.00077 22.2587
scaling gradient with 0.125 to 0.00363941 0.000680532
	>>>> prev guard 6 22.26 cur guard 6.00177 22.2575
	was guard reflex vertex? 0
	was guard in reflex area? 0
	does guard intersect boundary ray 6 22.26 6.00177 22.2575?0
	is guard inside polygon? 1
0 other guards have coords 6.00177 22.2575
	 new best guard at 6.00177 22.2575
scaling gradient with 0.25 to 0.00727882 0.00136106
	>>>> prev guard 6 22.26 cur guard 6.00357 22.2563
	was guard reflex vertex? 0
	was guard in reflex area? 0
	does guard intersect boundary ray 6 22.26 6.00357 22.2563?0
	is guard inside polygon? 1
0 other guards have coords 6.00357 22.2563
	 new best guard at 6.00357 22.2563
scaling gradient with 0.5 to 0.0145576 0.00272213
	>>>> prev guard 6 22.26 cur guard 6.00688 22.2552
	was guard reflex vertex? 0
	was guard in reflex area? 0
	does guard intersect boundary ray 6 22.26 6.00688 22.2552?0
	is guard inside polygon? 1
0 other guards have coords 6.00688 22.2552
	 new best guard at 6.00688 22.2552
scaling gradient with 1 to 0.0291153 0.00544425
	>>>> prev guard 6 22.26 cur guard 6.01315 22.2544
	was guard reflex vertex? 0
	was guard in reflex area? 0
	does guard intersect boundary ray 6 22.26 6.01315 22.2544?0
	is guard inside polygon? 1
0 other guards have coords 6.01315 22.2544
	 new best guard at 6.01315 22.2544
scaling gradient with 2 to 0.0582305 0.0108885
	>>>> prev guard 6 22.26 cur guard 6.02529 22.2545
	was guard reflex vertex? 0
	was guard in reflex area? 0
	does guard intersect boundary ray 6 22.26 6.02529 22.2545?0
	is guard inside polygon? 1
0 other guards have coords 6.02529 22.2545
	 new best guard at 6.02529 22.2545
scaling gradient with 4 to 0.116461 0.021777
	>>>> prev guard 6 22.26 cur guard 6.0491 22.2568
	was guard reflex vertex? 0
	was guard in reflex area? 0
	does guard intersect boundary ray 6 22.26 6.0491 22.2568?0
	is guard inside polygon? 1
0 other guards have coords 6.0491 22.2568
	 new best guard at 6.0491 22.2568
scaling gradient with 8 to 0.232922 0.043554
	>>>> prev guard 6 22.26 cur guard 6.09623 22.2633
	was guard reflex vertex? 0
	was guard in reflex area? 0
	does guard intersect boundary ray 6 22.26 6.09623 22.2633?0
	is guard inside polygon? 1
0 other guards have coords 6.09623 22.2633
	 new best guard at 6.09623 22.2633
scaling gradient with 16 to 0.465844 0.087108
	>>>> prev guard 6 22.26 cur guard 6.18996 22.2784
	was guard reflex vertex? 0
	was guard in reflex area? 0
	does guard intersect boundary ray 6 22.26 6.18996 22.2784?0
	is guard inside polygon? 1
0 other guards have coords 6.18996 22.2784
	 new best guard at 6.18996 22.2784
scaling gradient with 32 to 0.931688 0.174216
	>>>> prev guard 6 22.26 cur guard 6.37688 22.311
	was guard reflex vertex? 0
	was guard in reflex area? 0
	does guard intersect boundary ray 6 22.26 6.37688 22.311?0
	is guard inside polygon? 1
0 other guards have coords 6.37688 22.311
	 new best guard at 6.37688 22.311
Df=0 0
h=0 0
Df=-0.000648031 0.000372431
h=0.000185577 0.000322903
Df=0 0
h=0 0
Df=0 0
h=0 0
Df=0 0
h=0 0
Df=0 0
h=0 0
Df=0 0
h=0 0
Df=0.0181172 0.00289412
h=0.000456531 -0.00285789
Df=0.186917 0.0325245
h=0.000642108 -0.00253498
is completely visible? 0
are areas equal? 103=101.562?0
+++++1 guards with gradient 0
	======== guard 15 21
	was guard reflex vertex? 0
	computed gradient 0.577395 -0.820182 and pull 0.436153 0.578104
	------- removing guard 15 21
g2=15 21
area2=77.6308
alpha2=0.6
scaling gradient with 0.03125 to 0.0180436 -0.0256307
pull reduced from 0.524434 to 	>>>> prev guard 15 21 cur guard 15.0022 20.9969
	was guard reflex vertex? 0
	was guard in reflex area? 0
	does guard intersect boundary ray 15 21 15.0022 20.9969?0
	is guard inside polygon? 1
0 other guards have coords 15.0022 20.9969
	 new best guard at 15.0022 20.9969
scaling gradient with 0.0625 to 0.0360872 -0.0512613
pull reduced from 0.524434 to 	>>>> prev guard 15 21 cur guard 15.0082 20.9883
	was guard reflex vertex? 0
	was guard in reflex area? 0
	does guard intersect boundary ray 15 21 15.0082 20.9883?0
	is guard inside polygon? 1
0 other guards have coords 15.0082 20.9883
	 new best guard at 15.0082 20.9883
scaling gradient with 0.125 to 0.0721743 -0.102523
pull reduced from 0.524434 to 	>>>> prev guard 15 21 cur guard 15.0218 20.9692
	was guard reflex vertex? 0
	was guard in reflex area? 0
	does guard intersect boundary ray 15 21 15.0218 20.9692?0
	is guard inside polygon? 1
0 other guards have coords 15.0218 20.9692
	 new best guard at 15.0218 20.9692
scaling gradient with 0.25 to 0.144349 -0.205045
pull reduced from 0.524434 to 	>>>> prev guard 15 21 cur guard 15.0501 20.9294
	was guard reflex vertex? 0
	was guard in reflex area? 0
	does guard intersect boundary ray 15 21 15.0501 20.9294?0
	is guard inside polygon? 1
0 other guards have coords 15.0501 20.9294
	 new best guard at 15.0501 20.9294
scaling gradient with 0.5 to 0.288697 -0.410091
pull reduced from 0.524434 to 	>>>> prev guard 15 21 cur guard 15.108 20.8493
	was guard reflex vertex? 0
	was guard in reflex area? 0
	does guard intersect boundary ray 15 21 15.108 20.8493?0
	is guard inside polygon? 1
0 other guards have coords 15.108 20.8493
	 new best guard at 15.108 20.8493
scaling gradient with 1 to 0.577395 -0.820182
pull reduced from 0.524434 to 	>>>> prev guard 15 21 cur guard 15.2264 20.6904
	was guard reflex vertex? 0
	was guard in reflex area? 0
	does guard intersect boundary ray 15 21 15.2264 20.6904?0
	is guard inside polygon? 1
0 other guards have coords 15.2264 20.6904
	 new best guard at 15.2264 20.6904
scaling gradient with 2 to 1.15479 -1.64036
pull reduced from 0.524434 to 	>>>> prev guard 15 21 cur guard 15.4705 20.3809
	was guard reflex vertex? 0
	was guard in reflex area? 0
	does guard intersect boundary ray 15 21 15.4705 20.3809?0
	is guard inside polygon? 1
0 other guards have coords 15.4705 20.3809
	 new best guard at 15.4705 20.3809
scaling gradient with 4 to 2.30958 -3.28073
	>>>> prev guard 15 21 cur guard 15.9953 19.8089
	was guard reflex vertex? 0
	was guard in reflex area? 0
	does guard intersect boundary ray 15 21 15.9953 19.8089?0
	is guard inside polygon? 1
0 other guards have coords 15.9953 19.8089
	 new best guard at 15.9953 19.8089
scaling gradient with 8 to 4.61916 -6.56145
	>>>> prev guard 15 21 cur guard 17.0218 18.6333
	was guard reflex vertex? 0
	was guard in reflex area? 0
	does guard intersect boundary ray 15 21 17.0218 18.6333?0
	is guard inside polygon? 1
0 other guards have coords 17.0218 18.6333
	 new best guard at 17.0218 18.6333
scaling gradient with 16 to 9.23831 -13.1229
	>>>> prev guard 15 21 cur guard 19.004 16.1875
	was guard reflex vertex? 0
	was guard in reflex area? 0
	does guard intersect boundary ray 15 21 19.004 16.1875?1
	is guard inside polygon? 0
0 other guards have coords 17.7249 17.7249
	 new best guard at 17.7249 17.7249
scaling gradient with 32 to 18.4766 -26.2458
	>>>> prev guard 15 21 cur guard 21.5801 12.6881
	was guard reflex vertex? 0
	was guard in reflex area? 0
	does guard intersect boundary ray 15 21 21.5801 12.6881?1
	is guard inside polygon? 0
0 other guards have coords 17.6511 17.6511
	 new best guard at 17.6511 17.6511
Df=-0.066824 0.267296
h=-0.0648288 -0.0162072
Df=-0.081198 -0.243594
h=-0.025677 0.00855902
Df=-0.00570231 -0.0152062
h=-0.00177975 0.000667405
Df=-0.000576 -0.000768
h=-0.0001536 0.0001152
Df=0.500437 -0.500437
h=0.353862 0.353862
Df=0.000300001 0.000600002
h=0.000268329 -0.000134165
Df=3.85523 -5.03679
h=0.261692 0.346863
is completely visible? 0
are areas equal? 103=101.617?0
i=1
area=101.617
+++++3 guards with gradient 0
	======== guard 13.1476 25.6107
	was guard reflex vertex? 0
	computed gradient -0.0804961 0.0402018 and pull -0.00966578 -0.0171469
	------- removing guard 13.1476 25.6107
g0=13.1476 25.6107
area0=68.6645
alpha0=0.6
scaling gradient with 0.03125 to -0.0025155 0.00125631
	>>>> prev guard 13.1476 25.6107 cur guard 13.0048 25.6777
	was guard reflex vertex? 0
	was guard in reflex area? 0
	does guard intersect boundary ray 13.1476 25.6107 13.0048 25.6777?1
	is guard inside polygon? 0
0 other guards have coords 13.0884 25.5663
	 new best guard at 13.0884 25.5663
scaling gradient with 0.0625 to -0.00503101 0.00251261
	>>>> prev guard 13.1476 25.6107 cur guard 12.9724 25.6182
	was guard reflex vertex? 0
	was guard in reflex area? 0
	does guard intersect boundary ray 13.1476 25.6107 12.9724 25.6182?1
	is guard inside polygon? 0
0 other guards have coords 13.0391 25.5293
	 new best guard at 13.0391 25.5293
scaling gradient with 0.125 to -0.010062 0.00502523
	>>>> prev guard 13.1476 25.6107 cur guard 12.9439 25.5694
	was guard reflex vertex? 0
	was guard in reflex area? 0
	does guard intersect boundary ray 13.1476 25.6107 12.9439 25.5694?1
	is guard inside polygon? 0
0 other guards have coords 12.9974 25.4981
	 new best guard at 12.9974 25.4981
scaling gradient with 0.25 to -0.020124 0.0100505
	>>>> prev guard 13.1476 25.6107 cur guard 12.9177 25.5293
	was guard reflex vertex? 0
	was guard in reflex area? 0
	does guard intersect boundary ray 13.1476 25.6107 12.9177 25.5293?1
	is guard inside polygon? 0
0 other guards have coords 12.9614 25.471
	 new best guard at 12.9614 25.471
scaling gradient with 0.5 to -0.040248 0.0201009
	>>>> prev guard 13.1476 25.6107 cur guard 12.8917 25.4964
	was guard reflex vertex? 0
	was guard in reflex area? 0
	does guard intersect boundary ray 13.1476 25.6107 12.8917 25.4964?1
	is guard inside polygon? 0
0 other guards have coords 12.9289 25.4467
	 new best guard at 12.9289 25.4467
scaling gradient with 1 to -0.0804961 0.0402018
	>>>> prev guard 13.1476 25.6107 cur guard 12.8623 25.4697
	was guard reflex vertex? 0
	was guard in reflex area? 0
	does guard intersect boundary ray 13.1476 25.6107 12.8623 25.4697?1
	is guard inside polygon? 0
0 other guards have coords 12.8973 25.423
	 new best guard at 12.8973 25.423
scaling gradient with 2 to -0.160992 0.0804037
	>>>> prev guard 13.1476 25.6107 cur guard 12.8236 25.449
	was guard reflex vertex? 0
	was guard in reflex area? 0
	does guard intersect boundary ray 13.1476 25.6107 12.8236 25.449?1
	is guard inside polygon? 0
0 other guards have coords 12.8626 25.3969
	 new best guard at 12.8626 25.3969
scaling gradient with 4 to -0.321984 0.160807
	>>>> prev guard 13.1476 25.6107 cur guard 12.7638 25.435
	was guard reflex vertex? 0
	was guard in reflex area? 0
	does guard intersect boundary ray 13.1476 25.6107 12.7638 25.435?1
	is guard inside polygon? 0
0 other guards have coords 12.8176 25.3632
	 new best guard at 12.8176 25.3632
scaling gradient with 8 to -0.643969 0.321615
	>>>> prev guard 13.1476 25.6107 cur guard 12.6601 25.4302
	was guard reflex vertex? 0
	was guard in reflex area? 0
	does guard intersect boundary ray 13.1476 25.6107 12.6601 25.4302?1
	is guard inside polygon? 0
0 other guards have coords 12.749 25.3117
	 new best guard at 12.749 25.3117
scaling gradient with 16 to -1.28794 0.643229
	>>>> prev guard 13.1476 25.6107 cur guard 12.4673 25.4404
	was guard reflex vertex? 0
	was guard in reflex area? 0
	does guard intersect boundary ray 13.1476 25.6107 12.4673 25.4404?1
	is guard inside polygon? 0
0 other guards have coords 12.6305 25.2228
	 new best guard at 12.6305 25.2228
scaling gradient with 32 to -2.57588 1.28646
	>>>> prev guard 13.1476 25.6107 cur guard 12.0948 25.4781
	was guard reflex vertex? 0
	was guard in reflex area? 0
	does guard intersect boundary ray 13.1476 25.6107 12.0948 25.4781?1
	is guard inside polygon? 0
0 other guards have coords 12.4102 25.0576
	 new best guard at 12.4102 25.0576
Df=0 0
h=0 0
Df=0 0
h=0 0
Df=0 0
h=0 0
Df=0 0
h=0 0
Df=-0.0715251 0.0389788
h=-0.00449715 -0.00825217
Df=0.0232275 -0.0148577
h=-0.00130232 -0.00203595
Df=-0.535626 0.255283
h=-0.00579947 -0.0102881
is completely visible? 0
are areas equal? 103=101.688?0
+++++2 guards with gradient 0
	======== guard 6.37688 22.311
	was guard reflex vertex? 0
	computed gradient -5.51532 -2.24863 and pull -0.575375 3.32283
	------- removing guard 6.37688 22.311
g1=6.37688 22.311
area1=95.1192
alpha1=0.6
scaling gradient with 0.03125 to -0.172354 -0.0702696
pull reduced from 11.3723 to 	>>>> prev guard 6.37688 22.311 cur guard 6.50512 22.3321
	was guard reflex vertex? 0
	was guard in reflex area? 0
	does guard intersect boundary ray 6.37688 22.311 6.50512 22.3321?0
	is guard inside polygon? 1
0 other guards have coords 6.50512 22.3321
	 new best guard at 6.50512 22.3321
scaling gradient with 0.0625 to -0.344707 -0.140539
pull reduced from 11.3723 to 	>>>> prev guard 6.37688 22.311 cur guard 6.56607 22.3337
	was guard reflex vertex? 0
	was guard in reflex area? 0
	does guard intersect boundary ray 6.37688 22.311 6.56607 22.3337?0
	is guard inside polygon? 1
0 other guards have coords 6.56607 22.3337
	 new best guard at 6.56607 22.3337
scaling gradient with 0.125 to -0.689415 -0.281079
pull reduced from 11.3723 to 	>>>> prev guard 6.37688 22.311 cur guard 6.53203 22.3017
	was guard reflex vertex? 0
	was guard in reflex area? 0
	does guard intersect boundary ray 6.37688 22.311 6.53203 22.3017?0
	is guard inside polygon? 1
0 other guards have coords 6.53203 22.3017
scaling gradient with 0.25 to -1.37883 -0.562157
pull reduced from 11.3723 to 	>>>> prev guard 6.37688 22.311 cur guard 6.3393 22.2088
	was guard reflex vertex? 0
	was guard in reflex area? 0
	does guard intersect boundary ray 6.37688 22.311 6.3393 22.2088?0
	is guard inside polygon? 1
0 other guards have coords 6.3393 22.2088
scaling gradient with 0.5 to -2.75766 -1.12431
pull reduced from 11.3723 to 	>>>> prev guard 6.37688 22.311 cur guard 5.85343 22.004
	was guard reflex vertex? 0
	was guard in reflex area? 0
	does guard intersect boundary ray 6.37688 22.311 5.85343 22.004?0
	is guard inside polygon? 1
0 other guards have coords 5.85343 22.004
scaling gradient with 1 to -5.51532 -2.24863
pull reduced from 11.3723 to 	>>>> prev guard 6.37688 22.311 cur guard 4.79821 21.5975
	was guard reflex vertex? 0
	was guard in reflex area? 0
	does guard intersect boundary ray 6.37688 22.311 4.79821 21.5975?0
	is guard inside polygon? 1
0 other guards have coords 4.79821 21.5975
scaling gradient with 2 to -11.0306 -4.49726
pull reduced from 11.3723 to 	>>>> prev guard 6.37688 22.311 cur guard 2.60879 20.8571
	was guard reflex vertex? 0
	was guard in reflex area? 0
	does guard intersect boundary ray 6.37688 22.311 2.60879 20.8571?1
	is guard inside polygon? 0
0 other guards have coords 4.0639 21.4185
scaling gradient with 4 to -22.0613 -8.99451
	>>>> prev guard 6.37688 22.311 cur guard -0.40404 20.1456
	was guard reflex vertex? 0
	was guard in reflex area? 0
	does guard intersect boundary ray 6.37688 22.311 -0.40404 20.1456?1
	is guard inside polygon? 0
0 other guards have coords 4.21561 21.6208
scaling gradient with 8 to -44.1225 -17.989
	>>>> prev guard 6.37688 22.311 cur guard -4.72248 18.8426
	was guard reflex vertex? 0
	was guard in reflex area? 0
	does guard intersect boundary ray 6.37688 22.311 -4.72248 18.8426?1
	is guard inside polygon? 0
0 other guards have coords 4.2301 21.6401
scaling gradient with 16 to -88.2451 -35.9781
	>>>> prev guard 6.37688 22.311 cur guard -13.5788 15.4989
	was guard reflex vertex? 0
	was guard in reflex area? 0
	does guard intersect boundary ray 6.37688 22.311 -13.5788 15.4989?1
	is guard inside polygon? 0
0 other guards have coords 4.16762 21.5568
scaling gradient with 32 to -176.49 -71.9561
	>>>> prev guard 6.37688 22.311 cur guard -31.3274 8.40784
	was guard reflex vertex? 0
	was guard in reflex area? 0
	does guard intersect boundary ray 6.37688 22.311 -31.3274 8.40784?1
	is guard inside polygon? 0
0 other guards have coords 4.1049 21.4732
Df=-3.40499 -0.759764
h=-0.439027 1.96757
Df=-0.0131728 0.00485978
h=0.00269943 0.007317
Df=0.106862 -0.292497
h=0.0594265 0.021711
Df=-0.00979424 -0.303084
h=0.0314789 -0.00101725
Df=2.93293e-05 0.000134822
h=1.24013e-05 -2.6978e-06
Df=0 0
h=0 0
Df=0 0
h=0 0
Df=0.0118792 0.00117291
h=0.000184954 -0.0018732
Df=0.0609454 0.00165491
h=-0.345225 1.9937
is completely visible? 0
are areas equal? 103=101.853?0
+++++1 guards with gradient 0
	======== guard 17.6511 17.6511
	was guard reflex vertex? 0
	computed gradient -1.07747 -0.143207 and pull -0.195461 0.299465
	------- removing guard 17.6511 17.6511
g2=17.6511 17.6511
area2=58.3889
alpha2=0.6
scaling gradient with 0.03125 to -0.0336709 -0.00447521
	>>>> prev guard 17.6511 17.6511 cur guard 20.7078 13.6571
	was guard reflex vertex? 0
	was guard in reflex area? 0
	does guard intersect boundary ray 17.6511 17.6511 20.7078 13.6571?1
	is guard inside polygon? 0
0 other guards have coords 17.1825 17.1825
	 new best guard at 17.1825 17.1825
scaling gradient with 0.0625 to -0.0673419 -0.00895042
	>>>> prev guard 17.6511 17.6511 cur guard 19.5963 14.0221
	was guard reflex vertex? 0
	was guard in reflex area? 0
	does guard intersect boundary ray 17.6511 17.6511 19.5963 14.0221?1
	is guard inside polygon? 0
0 other guards have coords 17 17
	 new best guard at 17 17
scaling gradient with 0.125 to -0.134684 -0.0179008
	>>>> prev guard 17.6511 17.6511 cur guard 18.8914 14.5055
	was guard reflex vertex? 0
	was guard in reflex area? 0
	does guard intersect boundary ray 17.6511 17.6511 18.8914 14.5055?1
	is guard inside polygon? 0
1 other guards have coords 17 17
scaling gradient with 0.25 to -0.269367 -0.0358017
	>>>> prev guard 17.6511 17.6511 cur guard 18.4574 15.036
	was guard reflex vertex? 0
	was guard in reflex area? 0
	does guard intersect boundary ray 17.6511 17.6511 18.4574 15.036?1
	is guard inside polygon? 0
1 other guards have coords 17 17
scaling gradient with 0.5 to -0.538735 -0.0716034
	>>>> prev guard 17.6511 17.6511 cur guard 18.0778 15.4562
	was guard reflex vertex? 0
	was guard in reflex area? 0
	does guard intersect boundary ray 17.6511 17.6511 18.0778 15.4562?1
	is guard inside polygon? 0
1 other guards have coords 17 17
scaling gradient with 1 to -1.07747 -0.143207
	>>>> prev guard 17.6511 17.6511 cur guard 17.7095 15.7837
	was guard reflex vertex? 0
	was guard in reflex area? 0
	does guard intersect boundary ray 17.6511 17.6511 17.7095 15.7837?1
	is guard inside polygon? 0
1 other guards have coords 17 17
scaling gradient with 2 to -2.15494 -0.286414
	>>>> prev guard 17.6511 17.6511 cur guard 17.2855 16.0285
	was guard reflex vertex? 0
	was guard in reflex area? 0
	does guard intersect boundary ray 17.6511 17.6511 17.2855 16.0285?1
	is guard inside polygon? 0
1 other guards have coords 17 17
scaling gradient with 4 to -4.30988 -0.572827
	>>>> prev guard 17.6511 17.6511 cur guard 16.6878 16.19
	was guard reflex vertex? 0
	was guard in reflex area? 0
	does guard intersect boundary ray 17.6511 17.6511 16.6878 16.19?1
	is guard inside polygon? 0
1 other guards have coords 17 17
scaling gradient with 8 to -8.61976 -1.14565
	>>>> prev guard 17.6511 17.6511 cur guard 15.6924 16.2505
	was guard reflex vertex? 0
	was guard in reflex area? 0
	does guard intersect boundary ray 17.6511 17.6511 15.6924 16.2505?1
	is guard inside polygon? 0
1 other guards have coords 17 17
scaling gradient with 16 to -17.2395 -2.29131
	>>>> prev guard 17.6511 17.6511 cur guard 13.8617 16.1614
	was guard reflex vertex? 0
	was guard in reflex area? 0
	does guard intersect boundary ray 17.6511 17.6511 13.8617 16.1614?1
	is guard inside polygon? 0
1 other guards have coords 17 17
scaling gradient with 32 to -34.479 -4.58262
	>>>> prev guard 17.6511 17.6511 cur guard 10.3284 15.8151
	was guard reflex vertex? 0
	was guard in reflex area? 0
	does guard intersect boundary ray 17.6511 17.6511 10.3284 15.8151?1
	is guard inside polygon? 0
1 other guards have coords 17 17
Df=0.114717 0.324835
h=-0.0460517 0.0162633
Df=-0.01713 -0.031436
h=-0.0023692 0.00129101
Df=-0.00815146 -0.0136752
h=-0.00110286 0.000657387
Df=-0.14367 -0.15051
h=-0.0163689 0.015625
Df=-0.497388 -0.188842
h=-0.0405958 0.106924
Df=-0.0948598 -0.0262959
h=-0.0107883 0.0389176
Df=2.41381 -3.16036
h=-0.117277 0.179679
is completely visible? 0
are areas equal? 103=101.881?0
i=2
area=101.881
+++++3 guards with gradient 0
	======== guard 12.4102 25.0576
	was guard reflex vertex? 0
	computed gradient -0.0807918 0.0310496 and pull -0.0132588 -0.0258731
	------- removing guard 12.4102 25.0576
g0=12.4102 25.0576
area0=69.9847
alpha0=0.6
scaling gradient with 0.03125 to -0.00252474 0.000970299
	>>>> prev guard 12.4102 25.0576 cur guard 11.9798 25.2589
	was guard reflex vertex? 0
	was guard in reflex area? 0
	does guard intersect boundary ray 12.4102 25.0576 11.9798 25.2589?1
	is guard inside polygon? 0
0 other guards have coords 12.2313 24.9235
	 new best guard at 12.2313 24.9235
scaling gradient with 0.0625 to -0.00504949 0.0019406
	>>>> prev guard 12.4102 25.0576 cur guard 11.8848 25.0816
	was guard reflex vertex? 0
	was guard in reflex area? 0
	does guard intersect boundary ray 12.4102 25.0576 11.8848 25.0816?1
	is guard inside polygon? 0
0 other guards have coords 12.0855 24.8141
	 new best guard at 12.0855 24.8141
scaling gradient with 0.125 to -0.010099 0.00388119
	>>>> prev guard 12.4102 25.0576 cur guard 11.8055 24.938
	was guard reflex vertex? 0
	was guard in reflex area? 0
	does guard intersect boundary ray 12.4102 25.0576 11.8055 24.938?1
	is guard inside polygon? 0
0 other guards have coords 11.9657 24.7243
	 new best guard at 11.9657 24.7243
scaling gradient with 0.25 to -0.0201979 0.00776239
	>>>> prev guard 12.4102 25.0576 cur guard 11.7377 24.8212
	was guard reflex vertex? 0
	was guard in reflex area? 0
	does guard intersect boundary ray 12.4102 25.0576 11.7377 24.8212?1
	is guard inside polygon? 0
0 other guards have coords 11.8663 24.6497
	 new best guard at 11.8663 24.6497
scaling gradient with 0.5 to -0.0403959 0.0155248
	>>>> prev guard 12.4102 25.0576 cur guard 11.6774 24.726
	was guard reflex vertex? 0
	was guard in reflex area? 0
	does guard intersect boundary ray 12.4102 25.0576 11.6774 24.726?1
	is guard inside polygon? 0
0 other guards have coords 11.782 24.5865
	 new best guard at 11.782 24.5865
scaling gradient with 1 to -0.0807918 0.0310496
	>>>> prev guard 12.4102 25.0576 cur guard 11.6197 24.6482
	was guard reflex vertex? 0
	was guard in reflex area? 0
	does guard intersect boundary ray 12.4102 25.0576 11.6197 24.6482?1
	is guard inside polygon? 0
0 other guards have coords 11.7077 24.5308
	 new best guard at 11.7077 24.5308
scaling gradient with 2 to -0.161584 0.0620991
	>>>> prev guard 12.4102 25.0576 cur guard 11.5568 24.5845
	was guard reflex vertex? 0
	was guard in reflex area? 0
	does guard intersect boundary ray 12.4102 25.0576 11.5568 24.5845?1
	is guard inside polygon? 0
0 other guards have coords 11.6369 24.4777
	 new best guard at 11.6369 24.4777
scaling gradient with 4 to -0.323167 0.124198
	>>>> prev guard 12.4102 25.0576 cur guard 11.4758 24.5324
	was guard reflex vertex? 0
	was guard in reflex area? 0
	does guard intersect boundary ray 12.4102 25.0576 11.4758 24.5324?1
	is guard inside polygon? 0
0 other guards have coords 11.5601 24.4201
	 new best guard at 11.5601 24.4201
scaling gradient with 8 to -0.646334 0.248396
	>>>> prev guard 12.4102 25.0576 cur guard 11.3521 24.4906
	was guard reflex vertex? 0
	was guard in reflex area? 0
	does guard intersect boundary ray 12.4102 25.0576 11.3521 24.4906?1
	is guard inside polygon? 0
0 other guards have coords 11.4608 24.3456
	 new best guard at 11.4608 24.3456
scaling gradient with 16 to -1.29267 0.496793
	>>>> prev guard 12.4102 25.0576 cur guard 11.1377 24.4585
	was guard reflex vertex? 0
	was guard in reflex area? 0
	does guard intersect boundary ray 12.4102 25.0576 11.1377 24.4585?1
	is guard inside polygon? 0
0 other guards have coords 11.3082 24.2311
	 new best guard at 11.3082 24.2311
scaling gradient with 32 to -2.58534 0.993586
	>>>> prev guard 12.4102 25.0576 cur guard 10.7379 24.4376
	was guard reflex vertex? 0
	was guard in reflex area? 0
	does guard intersect boundary ray 12.4102 25.0576 10.7379 24.4376?1
	is guard inside polygon? 0
0 other guards have coords 11.0423 24.0317
	 new best guard at 11.0423 24.0317
Df=0 0
h=0 0
Df=0 0
h=0 0
Df=0 0
h=0 0
Df=0 0
h=0 0
Df=-0.0904766 0.0437176
h=-0.00557739 -0.0115428
Df=0.0420016 -0.0250878
h=-0.0023779 -0.00398103
Df=-0.570328 0.206447
h=-0.00795529 -0.0155238
is completely visible? 0
are areas equal? 103=102.179?0
+++++2 guards with gradient 0
	======== guard 6.56607 22.3337
	was guard reflex vertex? 0
	computed gradient -6.26866 -2.57346 and pull -1.14552 3.55735
	------- removing guard 6.56607 22.3337
g1=6.56607 22.3337
area1=95.9127
alpha1=0.6
scaling gradient with 0.03125 to -0.195896 -0.0804207
pull reduced from 13.9669 to 	>>>> prev guard 6.56607 22.3337 cur guard 6.59121 22.3257
	was guard reflex vertex? 0
	was guard in reflex area? 0
	does guard intersect boundary ray 6.56607 22.3337 6.59121 22.3257?0
	is guard inside polygon? 1
0 other guards have coords 6.59121 22.3257
	 new best guard at 6.59121 22.3257
scaling gradient with 0.0625 to -0.391791 -0.160841
pull reduced from 13.9669 to 	>>>> prev guard 6.56607 22.3337 cur guard 6.5643 22.3001
	was guard reflex vertex? 0
	was guard in reflex area? 0
	does guard intersect boundary ray 6.56607 22.3337 6.5643 22.3001?0
	is guard inside polygon? 1
0 other guards have coords 6.5643 22.3001
scaling gradient with 0.125 to -0.783582 -0.321683
pull reduced from 13.9669 to 	>>>> prev guard 6.56607 22.3337 cur guard 6.4487 22.2411
	was guard reflex vertex? 0
	was guard in reflex area? 0
	does guard intersect boundary ray 6.56607 22.3337 6.4487 22.2411?0
	is guard inside polygon? 1
0 other guards have coords 6.4487 22.2411
scaling gradient with 0.25 to -1.56716 -0.643366
pull reduced from 13.9669 to 	>>>> prev guard 6.56607 22.3337 cur guard 6.1677 22.1181
	was guard reflex vertex? 0
	was guard in reflex area? 0
	does guard intersect boundary ray 6.56607 22.3337 6.1677 22.1181?0
	is guard inside polygon? 1
0 other guards have coords 6.1677 22.1181
scaling gradient with 0.5 to -3.13433 -1.28673
pull reduced from 13.9669 to 	>>>> prev guard 6.56607 22.3337 cur guard 5.5642 21.8733
	was guard reflex vertex? 0
	was guard in reflex area? 0
	does guard intersect boundary ray 6.56607 22.3337 5.5642 21.8733?0
	is guard inside polygon? 1
0 other guards have coords 5.5642 21.8733
scaling gradient with 1 to -6.26866 -2.57346
pull reduced from 13.9669 to 	>>>> prev guard 6.56607 22.3337 cur guard 4.31757 21.4046
	was guard reflex vertex? 0
	was guard in reflex area? 0
	does guard intersect boundary ray 6.56607 22.3337 4.31757 21.4046?0
	is guard inside polygon? 1
0 other guards have coords 4.31757 21.4046
scaling gradient with 2 to -12.5373 -5.14693
pull reduced from 13.9669 to 	>>>> prev guard 6.56607 22.3337 cur guard 1.7673 20.5627
	was guard reflex vertex? 0
	was guard in reflex area? 0
	does guard intersect boundary ray 6.56607 22.3337 1.7673 20.5627?1
	is guard inside polygon? 0
0 other guards have coords 4.05532 21.4071
scaling gradient with 4 to -25.0746 -10.2939
	>>>> prev guard 6.56607 22.3337 cur guard -1.13132 19.9251
	was guard reflex vertex? 0
	was guard in reflex area? 0
	does guard intersect boundary ray 6.56607 22.3337 -1.13132 19.9251?1
	is guard inside polygon? 0
0 other guards have coords 4.19349 21.5913
scaling gradient with 8 to -50.1493 -20.5877
	>>>> prev guard 6.56607 22.3337 cur guard -6.11119 18.3621
	was guard reflex vertex? 0
	was guard in reflex area? 0
	does guard intersect boundary ray 6.56607 22.3337 -6.11119 18.3621?1
	is guard inside polygon? 0
0 other guards have coords 4.19262 21.5902
scaling gradient with 16 to -100.299 -41.1754
	>>>> prev guard 6.56607 22.3337 cur guard -16.2244 14.4926
	was guard reflex vertex? 0
	was guard in reflex area? 0
	does guard intersect boundary ray 6.56607 22.3337 -16.2244 14.4926?1
	is guard inside polygon? 0
0 other guards have coords 4.1188 21.4917
scaling gradient with 32 to -200.597 -82.3508
	>>>> prev guard 6.56607 22.3337 cur guard -36.4239 6.3585
	was guard reflex vertex? 0
	was guard in reflex area? 0
	does guard intersect boundary ray 6.56607 22.3337 -36.4239 6.3585?1
	is guard inside polygon? 0
0 other guards have coords 4.04869 21.3983
Df=-3.73519 -1.26891
h=-0.721053 2.1225
Df=-0.0246622 0.00642256
h=0.00373003 0.014323
Df=0 0
h=0 0
Df=-0.00998677 -0.282314
h=0.0299067 -0.00105794
Df=3.06228e-05 0.000136913
h=1.28055e-05 -2.86416e-06
Df=0 0
h=0 0
Df=0 0
h=0 0
Df=0.00861074 0.000589937
h=9.29244e-05 -0.00135633
Df=0.0251472 -0.00801098
h=-0.687311 2.13441
is completely visible? 0
are areas equal? 103=102.176?0
+++++1 guards with gradient 0
	======== guard 17 17
	was guard reflex vertex? 0
	computed gradient -0.666249 0.349749 and pull -0.120498 0.235498
	------- removing guard 17 17
g2=17 17
area2=58.2354
alpha2=0.6
scaling gradient with 0.03125 to -0.0208203 0.0109297
	>>>> prev guard 17 17 cur guard 18.9141 14.5013
	was guard reflex vertex? 0
	was guard in reflex area? 0
	does guard intersect boundary ray 17 17 18.9141 14.5013?0
	is guard inside polygon? 0
1 other guards have coords 17 17
	 new best guard at 17 17
scaling gradient with 0.0625 to -0.0416406 0.0218593
	>>>> prev guard 17 17 cur guard 18.5118 15.0319
	was guard reflex vertex? 0
	was guard in reflex area? 0
	does guard intersect boundary ray 17 17 18.5118 15.0319?0
	is guard inside polygon? 0
1 other guards have coords 17 17
scaling gradient with 0.125 to -0.0832812 0.0437187
	>>>> prev guard 17 17 cur guard 18.185 15.459
	was guard reflex vertex? 0
	was guard in reflex area? 0
	does guard intersect boundary ray 17 17 18.185 15.459?0
	is guard inside polygon? 0
1 other guards have coords 17 17
scaling gradient with 0.25 to -0.166562 0.0874374
	>>>> prev guard 17 17 cur guard 17.9136 15.806
	was guard reflex vertex? 0
	was guard in reflex area? 0
	does guard intersect boundary ray 17 17 17.9136 15.806?0
	is guard inside polygon? 0
1 other guards have coords 17 17
scaling gradient with 0.5 to -0.333125 0.174875
	>>>> prev guard 17 17 cur guard 17.6764 16.094
	was guard reflex vertex? 0
	was guard in reflex area? 0
	does guard intersect boundary ray 17 17 17.6764 16.094?0
	is guard inside polygon? 0
1 other guards have coords 17 17
scaling gradient with 1 to -0.666249 0.349749
	>>>> prev guard 17 17 cur guard 17.4467 16.3455
	was guard reflex vertex? 0
	was guard in reflex area? 0
	does guard intersect boundary ray 17 17 17.4467 16.3455?0
	is guard inside polygon? 0
1 other guards have coords 17 17
scaling gradient with 2 to -1.3325 0.699499
	>>>> prev guard 17 17 cur guard 17.183 16.5886
	was guard reflex vertex? 0
	was guard in reflex area? 0
	does guard intersect boundary ray 17 17 17.183 16.5886?0
	is guard inside polygon? 0
1 other guards have coords 17 17
scaling gradient with 4 to -2.665 1.399
	>>>> prev guard 17 17 cur guard 16.8122 16.867
	was guard reflex vertex? 0
	was guard in reflex area? 0
	does guard intersect boundary ray 17 17 16.8122 16.867?0
	is guard inside polygon? 0
1 other guards have coords 17 17
scaling gradient with 8 to -5.32999 2.798
	>>>> prev guard 17 17 cur guard 16.1957 17.2576
	was guard reflex vertex? 0
	was guard in reflex area? 0
	does guard intersect boundary ray 17 17 16.1957 17.2576?0
	is guard inside polygon? 1
0 other guards have coords 16.1957 17.2576
	 new best guard at 16.1957 17.2576
scaling gradient with 16 to -10.66 5.59599
	>>>> prev guard 17 17 cur guard 14.2585 18.1635
	was guard reflex vertex? 0
	was guard in reflex area? 0
	does guard intersect boundary ray 17 17 14.2585 18.1635?0
	is guard inside polygon? 1
0 other guards have coords 14.2585 18.1635
	 new best guard at 14.2585 18.1635
scaling gradient with 32 to -21.32 11.192
	>>>> prev guard 17 17 cur guard 10.136 20.2595
	was guard reflex vertex? 0
	was guard in reflex area? 0
	does guard intersect boundary ray 17 17 10.136 20.2595?1
	is guard inside polygon? 1
0 other guards have coords 17 17
Df=0.16908 0.33816
h=-0.0504099 0.025205
Df=-0.00746058 -0.0117238
h=-0.000899172 0.0005722
Df=-0.0113123 -0.0161604
h=-0.00132391 0.000926736
Df=-0.000395294 -0.000338824
h=-3.67506e-05 4.28757e-05
Df=-0.500437 -0.100087
h=-0.0196288 0.0981438
Df=-0.0492245 0
h=0 0.0164082
Df=-1.93713 0.905866
h=-0.0722985 0.141299
is completely visible? 0
are areas equal? 103=102.213?0
i=3
area=102.213
+++++3 guards with gradient 0
	======== guard 11.0423 24.0317
	was guard reflex vertex? 0
	computed gradient -0.29562 0.0531441 and pull -0.0468311 -0.12289
	------- removing guard 11.0423 24.0317
g0=11.0423 24.0317
area0=73.4183
alpha0=0.6
scaling gradient with 0.03125 to -0.00923811 0.00166075
	>>>> prev guard 11.0423 24.0317 cur guard 10.5793 24.1823
	was guard reflex vertex? 0
	was guard in reflex area? 0
	does guard intersect boundary ray 11.0423 24.0317 10.5793 24.1823?1
	is guard inside polygon? 0
0 other guards have coords 10.8183 23.8637
	 new best guard at 10.8183 23.8637
scaling gradient with 0.0625 to -0.0184762 0.0033215
	>>>> prev guard 11.0423 24.0317 cur guard 10.44 23.9698
	was guard reflex vertex? 0
	was guard in reflex area? 0
	does guard intersect boundary ray 11.0423 24.0317 10.44 23.9698?1
	is guard inside polygon? 1
0 other guards have coords 10.6271 23.7204
	 new best guard at 10.6271 23.7204
scaling gradient with 0.125 to -0.0369524 0.00664301
	>>>> prev guard 11.0423 24.0317 cur guard 10.3145 23.7913
	was guard reflex vertex? 0
	was guard in reflex area? 0
	does guard intersect boundary ray 11.0423 24.0317 10.3145 23.7913?1
	is guard inside polygon? 1
0 other guards have coords 10.4611 23.5958
	 new best guard at 10.4611 23.5958
scaling gradient with 0.25 to -0.0739049 0.013286
	>>>> prev guard 11.0423 24.0317 cur guard 10.1965 23.6395
	was guard reflex vertex? 0
	was guard in reflex area? 0
	does guard intersect boundary ray 11.0423 24.0317 10.1965 23.6395?1
	is guard inside polygon? 1
0 other guards have coords 10.3127 23.4845
	 new best guard at 10.3127 23.4845
scaling gradient with 0.5 to -0.14781 0.026572
	>>>> prev guard 11.0423 24.0317 cur guard 10.0777 23.5079
	was guard reflex vertex? 0
	was guard in reflex area? 0
	does guard intersect boundary ray 11.0423 24.0317 10.0777 23.5079?1
	is guard inside polygon? 1
0 other guards have coords 10.1735 23.3801
	 new best guard at 10.1735 23.3801
scaling gradient with 1 to -0.29562 0.0531441
	>>>> prev guard 11.0423 24.0317 cur guard 9.94437 23.3904
	was guard reflex vertex? 0
	was guard in reflex area? 0
	does guard intersect boundary ray 11.0423 24.0317 9.94437 23.3904?1
	is guard inside polygon? 1
0 other guards have coords 10.0318 23.2738
	 new best guard at 10.0318 23.2738
scaling gradient with 2 to -0.591239 0.106288
	>>>> prev guard 11.0423 24.0317 cur guard 9.77193 23.2801
	was guard reflex vertex? 0
	was guard in reflex area? 0
	does guard intersect boundary ray 11.0423 24.0317 9.77193 23.2801?1
	is guard inside polygon? 1
0 other guards have coords 9.86848 23.1514
	 new best guard at 9.86848 23.1514
scaling gradient with 4 to -1.18248 0.212576
	>>>> prev guard 11.0423 24.0317 cur guard 9.51307 23.1671
	was guard reflex vertex? 0
	was guard in reflex area? 0
	does guard intersect boundary ray 11.0423 24.0317 9.51307 23.1671?1
	is guard inside polygon? 1
0 other guards have coords 9.64858 22.9864
	 new best guard at 9.64858 22.9864
scaling gradient with 8 to -2.36496 0.425152
	>>>> prev guard 11.0423 24.0317 cur guard 9.07484 23.0353
	was guard reflex vertex? 0
	was guard in reflex area? 0
	does guard intersect boundary ray 11.0423 24.0317 9.07484 23.0353?1
	is guard inside polygon? 1
0 other guards have coords 9.30485 22.7286
	 new best guard at 9.30485 22.7286
scaling gradient with 16 to -4.72991 0.850305
	>>>> prev guard 11.0423 24.0317 cur guard 8.27264 22.855
	was guard reflex vertex? 0
	was guard in reflex area? 0
	does guard intersect boundary ray 11.0423 24.0317 8.27264 22.855?1
	is guard inside polygon? 1
0 other guards have coords 8.70491 22.2787
	 new best guard at 8.70491 22.2787
scaling gradient with 32 to -9.45982 1.70061
	>>>> prev guard 11.0423 24.0317 cur guard 6.73834 22.5691
	was guard reflex vertex? 0
	was guard in reflex area? 0
	does guard intersect boundary ray 11.0423 24.0317 6.73834 22.5691?1
	is guard inside polygon? 1
0 other guards have coords 7.58572 21.4393
	 new best guard at 7.58572 21.4393
Df=0 0
h=0 0
Df=0 0
h=0 0
Df=0 0
h=0 0
Df=0 0
h=0 0
Df=-0.348411 0.117969
h=-0.018525 -0.054712
Df=0.171039 -0.0860823
h=-0.00957366 -0.0190221
Df=-1.96656 0.290441
h=-0.0280987 -0.0737342
is completely visible? 0
are areas equal? 103=102.488?0
+++++2 guards with gradient 0
	======== guard 6.59121 22.3257
	was guard reflex vertex? 0
	computed gradient -6.38581 -2.34418 and pull -1.24479 3.6001
	------- removing guard 6.59121 22.3257
g1=6.59121 22.3257
area1=95.9922
alpha1=0.6
scaling gradient with 0.03125 to -0.199557 -0.0732556
pull reduced from 14.5102 to 	>>>> prev guard 6.59121 22.3257 cur guard 6.58736 22.3106
	was guard reflex vertex? 0
	was guard in reflex area? 0
	does guard intersect boundary ray 6.59121 22.3257 6.58736 22.3106?0
	is guard inside polygon? 1
0 other guards have coords 6.58736 22.3106
	 new best guard at 6.58736 22.3106
scaling gradient with 0.0625 to -0.399113 -0.146511
pull reduced from 14.5102 to 	>>>> prev guard 6.59121 22.3257 cur guard 6.53638 22.2809
	was guard reflex vertex? 0
	was guard in reflex area? 0
	does guard intersect boundary ray 6.59121 22.3257 6.53638 22.2809?0
	is guard inside polygon? 1
0 other guards have coords 6.53638 22.2809
	 new best guard at 6.53638 22.2809
scaling gradient with 0.125 to -0.798226 -0.293022
pull reduced from 14.5102 to 	>>>> prev guard 6.59121 22.3257 cur guard 6.39971 22.2223
	was guard reflex vertex? 0
	was guard in reflex area? 0
	does guard intersect boundary ray 6.59121 22.3257 6.39971 22.2223?0
	is guard inside polygon? 1
0 other guards have coords 6.39971 22.2223
	 new best guard at 6.39971 22.2223
scaling gradient with 0.25 to -1.59645 -0.586045
pull reduced from 14.5102 to 	>>>> prev guard 6.59121 22.3257 cur guard 6.09817 22.1069
	was guard reflex vertex? 0
	was guard in reflex area? 0
	does guard intersect boundary ray 6.59121 22.3257 6.09817 22.1069?0
	is guard inside polygon? 1
0 other guards have coords 6.09817 22.1069
	 new best guard at 6.09817 22.1069
scaling gradient with 0.5 to -3.19291 -1.17209
pull reduced from 14.5102 to 	>>>> prev guard 6.59121 22.3257 cur guard 5.47081 21.8826
	was guard reflex vertex? 0
	was guard in reflex area? 0
	does guard intersect boundary ray 6.59121 22.3257 5.47081 21.8826?0
	is guard inside polygon? 1
0 other guards have coords 5.47081 21.8826
	 new best guard at 5.47081 21.8826
scaling gradient with 1 to -6.38581 -2.34418
pull reduced from 14.5102 to 	>>>> prev guard 6.59121 22.3257 cur guard 4.18992 21.4585
	was guard reflex vertex? 0
	was guard in reflex area? 0
	does guard intersect boundary ray 6.59121 22.3257 4.18992 21.4585?0
	is guard inside polygon? 1
0 other guards have coords 4.18992 21.4585
scaling gradient with 2 to -12.7716 -4.68836
pull reduced from 14.5102 to 	>>>> prev guard 6.59121 22.3257 cur guard 1.58057 20.7072
	was guard reflex vertex? 0
	was guard in reflex area? 0
	does guard intersect boundary ray 6.59121 22.3257 1.58057 20.7072?1
	is guard inside polygon? 0
0 other guards have coords 4.15379 21.5384
scaling gradient with 4 to -25.5432 -9.37672
	>>>> prev guard 6.59121 22.3257 cur guard -1.14826 20.2442
	was guard reflex vertex? 0
	was guard in reflex area? 0
	does guard intersect boundary ray 6.59121 22.3257 -1.14826 20.2442?1
	is guard inside polygon? 0
0 other guards have coords 4.27759 21.7035
scaling gradient with 8 to -51.0865 -18.7534
	>>>> prev guard 6.59121 22.3257 cur guard -6.2438 18.8497
	was guard reflex vertex? 0
	was guard in reflex area? 0
	does guard intersect boundary ray 6.59121 22.3257 -6.2438 18.8497?1
	is guard inside polygon? 0
0 other guards have coords 4.27352 21.698
scaling gradient with 16 to -102.173 -37.5069
	>>>> prev guard 6.59121 22.3257 cur guard -16.5537 15.3462
	was guard reflex vertex? 0
	was guard in reflex area? 0
	does guard intersect boundary ray 6.59121 22.3257 -16.5537 15.3462?1
	is guard inside polygon? 0
0 other guards have coords 4.20448 21.606
scaling gradient with 32 to -204.346 -75.0137
	>>>> prev guard 6.59121 22.3257 cur guard -37.1282 7.95487
	was guard reflex vertex? 0
	was guard in reflex area? 0
	does guard intersect boundary ray 6.59121 22.3257 -37.1282 7.95487?1
	is guard inside polygon? 0
0 other guards have coords 4.13998 21.52
Df=-3.81107 -1.34574
h=-0.757904 2.14635
Df=-0.0262886 0.0064185
h=0.00372417 0.0152533
Df=0 0
h=0 0
Df=-0.00234895 -0.0678538
h=0.00720743 -0.000249505
Df=3.06683e-05 0.000137257
h=1.28693e-05 -2.87549e-06
Df=0 0
h=0 0
Df=0 0
h=0 0
Df=0.0081955 0.000529619
h=8.35505e-05 -0.00129289
Df=-0.627364 -0.22434
h=-0.746876 2.16006
is completely visible? 1
are areas equal? 103=103?1
i=5
area=103
g0=7.58572 21.4393
alpha0=0.6
area0=97.0525
g1=5.47081 21.8826
alpha1=0.6
area1=90.2366
g2=14.2585 18.1635
alpha2=0.6
area2=58.7133
