18
6 24 3 20
5 26 6 24
7 16 7 12
3 20 7 16
8 26 7 24
5 26 8 26
10 13 7 12
9 18 10 13
11 20 9 18
11 24 7 24
15 17 11 20
15 27 11 24
16 22 15 27
17 17 15 17
19 19 17 17
17 20 19 19
19 21 17 20
16 22 19 21
total area=103
i=0
area=87.4777
+++++3 guards with gradient 0
	======== guard 14.24 18.25
	was guard reflex vertex? 0
	computed gradient 0.477345 -0.277558 and pull 0.0567639 0.130493
	------- removing guard 14.24 18.25
g0=14.24 18.25
area0=59.1268
alpha0=0.5
scaling gradient with 0.03125 to 0.014917 -0.00867369
	>>>> prev guard 14.24 18.25 cur guard 14.2472 18.2622
	was guard reflex vertex? 0
	was guard in reflex area? 0
	does guard intersect boundary ray 14.24 18.25 14.2472 18.2622?0
	is guard inside polygon? 1
0 other guards have coords 14.2472 18.2622
	 new best guard at 14.2472 18.2622
scaling gradient with 0.0625 to 0.0298341 -0.0173474
	>>>> prev guard 14.24 18.25 cur guard 14.2616 18.2832
	was guard reflex vertex? 0
	was guard in reflex area? 0
	does guard intersect boundary ray 14.24 18.25 14.2616 18.2832?0
	is guard inside polygon? 1
0 other guards have coords 14.2616 18.2832
	 new best guard at 14.2616 18.2832
scaling gradient with 0.125 to 0.0596682 -0.0346948
	>>>> prev guard 14.24 18.25 cur guard 14.2847 18.3097
	was guard reflex vertex? 0
	was guard in reflex area? 0
	does guard intersect boundary ray 14.24 18.25 14.2847 18.3097?0
	is guard inside polygon? 1
0 other guards have coords 14.2847 18.3097
	 new best guard at 14.2847 18.3097
scaling gradient with 0.25 to 0.119336 -0.0693895
	>>>> prev guard 14.24 18.25 cur guard 14.3209 18.3369
	was guard reflex vertex? 0
	was guard in reflex area? 0
	does guard intersect boundary ray 14.24 18.25 14.3209 18.3369?0
	is guard inside polygon? 1
0 other guards have coords 14.3209 18.3369
	 new best guard at 14.3209 18.3369
scaling gradient with 0.5 to 0.238673 -0.138779
	>>>> prev guard 14.24 18.25 cur guard 14.3793 18.3579
	was guard reflex vertex? 0
	was guard in reflex area? 0
	does guard intersect boundary ray 14.24 18.25 14.3793 18.3579?0
	is guard inside polygon? 1
0 other guards have coords 14.3793 18.3579
	 new best guard at 14.3793 18.3579
scaling gradient with 1 to 0.477345 -0.277558
	>>>> prev guard 14.24 18.25 cur guard 14.4795 18.36
	was guard reflex vertex? 0
	was guard in reflex area? 0
	does guard intersect boundary ray 14.24 18.25 14.4795 18.36?0
	is guard inside polygon? 1
0 other guards have coords 14.4795 18.36
	 new best guard at 14.4795 18.36
scaling gradient with 2 to 0.954691 -0.555116
	>>>> prev guard 14.24 18.25 cur guard 14.6608 18.3192
	was guard reflex vertex? 0
	was guard in reflex area? 0
	does guard intersect boundary ray 14.24 18.25 14.6608 18.3192?0
	is guard inside polygon? 1
0 other guards have coords 14.6608 18.3192
	 new best guard at 14.6608 18.3192
scaling gradient with 4 to 1.90938 -1.11023
	>>>> prev guard 14.24 18.25 cur guard 15.0024 18.1885
	was guard reflex vertex? 0
	was guard in reflex area? 0
	does guard intersect boundary ray 14.24 18.25 15.0024 18.1885?0
	is guard inside polygon? 1
0 other guards have coords 15.0024 18.1885
scaling gradient with 8 to 3.81876 -2.22046
	>>>> prev guard 14.24 18.25 cur guard 15.6633 17.8751
	was guard reflex vertex? 0
	was guard in reflex area? 0
	does guard intersect boundary ray 14.24 18.25 15.6633 17.8751?0
	is guard inside polygon? 1
0 other guards have coords 15.6633 17.8751
scaling gradient with 16 to 7.63752 -4.44093
	>>>> prev guard 14.24 18.25 cur guard 16.9614 17.1932
	was guard reflex vertex? 0
	was guard in reflex area? 0
	does guard intersect boundary ray 14.24 18.25 16.9614 17.1932?0
	is guard inside polygon? 1
0 other guards have coords 16.9614 17.1932
scaling gradient with 32 to 15.275 -8.88186
	>>>> prev guard 14.24 18.25 cur guard 19.5331 15.7726
	was guard reflex vertex? 0
	was guard in reflex area? 0
	does guard intersect boundary ray 14.24 18.25 19.5331 15.7726?1
	is guard inside polygon? 0
0 other guards have coords 16.9107 17
Df=0 0
h=0 0
Df=-0.000828056 -0.00118664
h=-0.000118098 8.2411e-05
Df=-0.0164449 -0.0207063
h=-0.0022396 0.00177869
Df=0 0
h=0 0
Df=0.258868 -0.121496
h=0.0293292 0.0624912
Df=-0.00292265 0.00460944
h=0.00141046 0.000894314
Df=0.181284 -0.0408044
h=0.028382 0.0652466
is completely visible? 0
are areas equal? 103=87.293?0
+++++2 guards with gradient 0
	======== guard 16.23 18.6
	was guard reflex vertex? 0
	computed gradient -0.0860174 0.00886945 and pull 0.0209744 0.0447175
	------- removing guard 16.23 18.6
g1=16.23 18.6
area1=63.2586
alpha1=0.5
scaling gradient with 0.03125 to -0.00268804 0.00027717
	>>>> prev guard 16.23 18.6 cur guard 16.2318 18.6045
	was guard reflex vertex? 0
	was guard in reflex area? 0
	does guard intersect boundary ray 16.23 18.6 16.2318 18.6045?0
	is guard inside polygon? 1
0 other guards have coords 16.2318 18.6045
	 new best guard at 16.2318 18.6045
scaling gradient with 0.0625 to -0.00537609 0.00055434
	>>>> prev guard 16.23 18.6 cur guard 16.2349 18.6126
	was guard reflex vertex? 0
	was guard in reflex area? 0
	does guard intersect boundary ray 16.23 18.6 16.2349 18.6126?0
	is guard inside polygon? 1
0 other guards have coords 16.2349 18.6126
	 new best guard at 16.2349 18.6126
scaling gradient with 0.125 to -0.0107522 0.00110868
	>>>> prev guard 16.23 18.6 cur guard 16.2383 18.6237
	was guard reflex vertex? 0
	was guard in reflex area? 0
	does guard intersect boundary ray 16.23 18.6 16.2383 18.6237?0
	is guard inside polygon? 1
0 other guards have coords 16.2383 18.6237
	 new best guard at 16.2383 18.6237
scaling gradient with 0.25 to -0.0215043 0.00221736
	>>>> prev guard 16.23 18.6 cur guard 16.241 18.6373
	was guard reflex vertex? 0
	was guard in reflex area? 0
	does guard intersect boundary ray 16.23 18.6 16.241 18.6373?0
	is guard inside polygon? 1
0 other guards have coords 16.241 18.6373
	 new best guard at 16.241 18.6373
scaling gradient with 0.5 to -0.0430087 0.00443472
	>>>> prev guard 16.23 18.6 cur guard 16.2409 18.653
	was guard reflex vertex? 0
	was guard in reflex area? 0
	does guard intersect boundary ray 16.23 18.6 16.2409 18.653?0
	is guard inside polygon? 1
0 other guards have coords 16.2409 18.653
	 new best guard at 16.2409 18.653
scaling gradient with 1 to -0.0860174 0.00886945
	>>>> prev guard 16.23 18.6 cur guard 16.2344 18.671
	was guard reflex vertex? 0
	was guard in reflex area? 0
	does guard intersect boundary ray 16.23 18.6 16.2344 18.671?0
	is guard inside polygon? 1
0 other guards have coords 16.2344 18.671
	 new best guard at 16.2344 18.671
scaling gradient with 2 to -0.172035 0.0177389
	>>>> prev guard 16.23 18.6 cur guard 16.2141 18.6916
	was guard reflex vertex? 0
	was guard in reflex area? 0
	does guard intersect boundary ray 16.23 18.6 16.2141 18.6916?0
	is guard inside polygon? 1
0 other guards have coords 16.2141 18.6916
	 new best guard at 16.2141 18.6916
scaling gradient with 4 to -0.344069 0.0354778
	>>>> prev guard 16.23 18.6 cur guard 16.1655 18.7161
	was guard reflex vertex? 0
	was guard in reflex area? 0
	does guard intersect boundary ray 16.23 18.6 16.1655 18.7161?0
	is guard inside polygon? 1
0 other guards have coords 16.1655 18.7161
	 new best guard at 16.1655 18.7161
scaling gradient with 8 to -0.688139 0.0709556
	>>>> prev guard 16.23 18.6 cur guard 16.0599 18.7473
	was guard reflex vertex? 0
	was guard in reflex area? 0
	does guard intersect boundary ray 16.23 18.6 16.0599 18.7473?0
	is guard inside polygon? 1
0 other guards have coords 16.0599 18.7473
	 new best guard at 16.0599 18.7473
scaling gradient with 16 to -1.37628 0.141911
	>>>> prev guard 16.23 18.6 cur guard 15.8399 18.7909
	was guard reflex vertex? 0
	was guard in reflex area? 0
	does guard intersect boundary ray 16.23 18.6 15.8399 18.7909?0
	is guard inside polygon? 1
0 other guards have coords 15.8399 18.7909
	 new best guard at 15.8399 18.7909
scaling gradient with 32 to -2.75256 0.283822
	>>>> prev guard 16.23 18.6 cur guard 15.3908 18.8587
	was guard reflex vertex? 0
	was guard in reflex area? 0
	does guard intersect boundary ray 16.23 18.6 15.3908 18.8587?0
	is guard inside polygon? 1
0 other guards have coords 15.3908 18.8587
	 new best guard at 15.3908 18.8587
Df=0 0
h=0 0
Df=-0.000586729 -0.00111153
h=-9.60883e-05 5.07211e-05
Df=-0.00761552 -0.0130169
h=-0.00121726 0.000712157
Df=-0.000382214 -0.000370181
h=-4.92425e-05 5.08431e-05
Df=0 0
h=0 0
Df=-0.0344242 0.0189333
h=0.0118498 0.021545
Df=-0.449154 0.0677399
h=0.0104872 0.0223588
is completely visible? 0
are areas equal? 103=87.3048?0
+++++1 guards with gradient 0
	======== guard 15 24.15
	was guard reflex vertex? 0
	computed gradient -0.69794 -0.0762104 and pull 0.0651934 -0.244772
	------- removing guard 15 24.15
g2=15 24.15
area2=82.282
alpha2=0.5
scaling gradient with 0.03125 to -0.0218106 -0.00238157
	>>>> prev guard 15 24.15 cur guard 15.0043 24.1253
	was guard reflex vertex? 0
	was guard in reflex area? 0
	does guard intersect boundary ray 15 24.15 15.0043 24.1253?0
	is guard inside polygon? 1
0 other guards have coords 15.0043 24.1253
	 new best guard at 15.0043 24.1253
scaling gradient with 0.0625 to -0.0436212 -0.00476315
	>>>> prev guard 15 24.15 cur guard 15.01 24.0806
	was guard reflex vertex? 0
	was guard in reflex area? 0
	does guard intersect boundary ray 15 24.15 15.01 24.0806?0
	is guard inside polygon? 1
0 other guards have coords 15.01 24.0806
	 new best guard at 15.01 24.0806
scaling gradient with 0.125 to -0.0872424 -0.0095263
	>>>> prev guard 15 24.15 cur guard 15.0123 24.0193
	was guard reflex vertex? 0
	was guard in reflex area? 0
	does guard intersect boundary ray 15 24.15 15.0123 24.0193?0
	is guard inside polygon? 1
0 other guards have coords 15.0123 24.0193
	 new best guard at 15.0123 24.0193
scaling gradient with 0.25 to -0.174485 -0.0190526
	>>>> prev guard 15 24.15 cur guard 15.0032 23.944
	was guard reflex vertex? 0
	was guard in reflex area? 0
	does guard intersect boundary ray 15 24.15 15.0032 23.944?0
	is guard inside polygon? 1
0 other guards have coords 15.0032 23.944
	 new best guard at 15.0032 23.944
scaling gradient with 0.5 to -0.34897 -0.0381052
	>>>> prev guard 15 24.15 cur guard 14.9675 23.8554
	was guard reflex vertex? 0
	was guard in reflex area? 0
	does guard intersect boundary ray 15 24.15 14.9675 23.8554?0
	is guard inside polygon? 1
0 other guards have coords 14.9675 23.8554
	 new best guard at 14.9675 23.8554
scaling gradient with 1 to -0.69794 -0.0762104
	>>>> prev guard 15 24.15 cur guard 14.8757 23.7525
	was guard reflex vertex? 0
	was guard in reflex area? 0
	does guard intersect boundary ray 15 24.15 14.8757 23.7525?0
	is guard inside polygon? 1
0 other guards have coords 14.8757 23.7525
	 new best guard at 14.8757 23.7525
scaling gradient with 2 to -1.39588 -0.152421
	>>>> prev guard 15 24.15 cur guard 14.6692 23.6304
	was guard reflex vertex? 0
	was guard in reflex area? 0
	does guard intersect boundary ray 15 24.15 14.6692 23.6304?0
	is guard inside polygon? 1
0 other guards have coords 14.6692 23.6304
	 new best guard at 14.6692 23.6304
scaling gradient with 4 to -2.79176 -0.304842
	>>>> prev guard 15 24.15 cur guard 14.2314 23.4778
	was guard reflex vertex? 0
	was guard in reflex area? 0
	does guard intersect boundary ray 15 24.15 14.2314 23.4778?0
	is guard inside polygon? 1
0 other guards have coords 14.2314 23.4778
	 new best guard at 14.2314 23.4778
scaling gradient with 8 to -5.58352 -0.609683
	>>>> prev guard 15 24.15 cur guard 13.3292 23.2702
	was guard reflex vertex? 0
	was guard in reflex area? 0
	does guard intersect boundary ray 15 24.15 13.3292 23.2702?0
	is guard inside polygon? 1
0 other guards have coords 13.3292 23.2702
	 new best guard at 13.3292 23.2702
scaling gradient with 16 to -11.167 -1.21937
	>>>> prev guard 15 24.15 cur guard 11.4974 22.9578
	was guard reflex vertex? 0
	was guard in reflex area? 0
	does guard intersect boundary ray 15 24.15 11.4974 22.9578?0
	is guard inside polygon? 1
0 other guards have coords 11.4974 22.9578
	 new best guard at 11.4974 22.9578
scaling gradient with 32 to -22.3341 -2.43873
	>>>> prev guard 15 24.15 cur guard 7.80497 22.4395
	was guard reflex vertex? 0
	was guard in reflex area? 0
	does guard intersect boundary ray 15 24.15 7.80497 22.4395?0
	is guard inside polygon? 1
0 other guards have coords 7.80497 22.4395
	 new best guard at 7.80497 22.4395
Df=0.000432099 -0.0115227
h=-0.00287864 -0.000107949
Df=-0.254496 -0.11837
h=0.0499204 -0.107329
Df=-0.0683496 0.0658791
h=-0.0114296 -0.0118582
Df=-0.0265563 0.0259086
h=-0.00301543 -0.00309082
Df=3.90559e-08 -3.8337e-08
h=-3.35693e-09 -3.41987e-09
Df=-3.69239 -0.518311
h=0.0325967 -0.122386
is completely visible? 0
are areas equal? 103=100.968?0
i=1
area=100.968
+++++3 guards with gradient 0
	======== guard 14.6608 18.3192
	was guard reflex vertex? 0
	computed gradient -0 -0 and pull -0 0
	======== guard 15.3908 18.8587
	was guard reflex vertex? 0
	computed gradient 1.08215 -0.323664 and pull 0.0593942 0.361048
	------- removing guard 15.3908 18.8587
g1=15.3908 18.8587
area1=64.1462
alpha1=0.5
scaling gradient with 0.03125 to 0.0338173 -0.0101145
	>>>> prev guard 15.3908 18.8587 cur guard 15.0408 18.948
	was guard reflex vertex? 0
	was guard in reflex area? 0
	does guard intersect boundary ray 15.3908 18.8587 15.0408 18.948?0
	is guard inside polygon? 1
0 other guards have coords 15.0408 18.948
	 new best guard at 15.0408 18.948
scaling gradient with 0.0625 to 0.0676346 -0.020229
	>>>> prev guard 15.3908 18.8587 cur guard 14.7735 19.0535
	was guard reflex vertex? 0
	was guard in reflex area? 0
	does guard intersect boundary ray 15.3908 18.8587 14.7735 19.0535?0
	is guard inside polygon? 1
0 other guards have coords 14.7735 19.0535
	 new best guard at 14.7735 19.0535
scaling gradient with 0.125 to 0.135269 -0.040458
	>>>> prev guard 15.3908 18.8587 cur guard 14.5791 19.1699
	was guard reflex vertex? 0
	was guard in reflex area? 0
	does guard intersect boundary ray 15.3908 18.8587 14.5791 19.1699?0
	is guard inside polygon? 1
0 other guards have coords 14.5791 19.1699
	 new best guard at 14.5791 19.1699
scaling gradient with 0.25 to 0.270538 -0.080916
	>>>> prev guard 15.3908 18.8587 cur guard 14.4566 19.2911
	was guard reflex vertex? 0
	was guard in reflex area? 0
	does guard intersect boundary ray 15.3908 18.8587 14.4566 19.2911?0
	is guard inside polygon? 1
0 other guards have coords 14.4566 19.2911
	 new best guard at 14.4566 19.2911
scaling gradient with 0.5 to 0.541077 -0.161832
	>>>> prev guard 15.3908 18.8587 cur guard 14.4186 19.408
	was guard reflex vertex? 0
	was guard in reflex area? 0
	does guard intersect boundary ray 15.3908 18.8587 14.4186 19.408?0
	is guard inside polygon? 1
0 other guards have coords 14.4186 19.408
	 new best guard at 14.4186 19.408
scaling gradient with 1 to 1.08215 -0.323664
	>>>> prev guard 15.3908 18.8587 cur guard 14.5024 19.5052
	was guard reflex vertex? 0
	was guard in reflex area? 0
	does guard intersect boundary ray 15.3908 18.8587 14.5024 19.5052?0
	is guard inside polygon? 1
0 other guards have coords 14.5024 19.5052
	 new best guard at 14.5024 19.5052
scaling gradient with 2 to 2.16431 -0.647328
	>>>> prev guard 15.3908 18.8587 cur guard 14.7918 19.5544
	was guard reflex vertex? 0
	was guard in reflex area? 0
	does guard intersect boundary ray 15.3908 18.8587 14.7918 19.5544?0
	is guard inside polygon? 1
0 other guards have coords 14.7918 19.5544
	 new best guard at 14.7918 19.5544
scaling gradient with 4 to 4.32861 -1.29466
	>>>> prev guard 15.3908 18.8587 cur guard 15.4621 19.5004
	was guard reflex vertex? 0
	was guard in reflex area? 0
	does guard intersect boundary ray 15.3908 18.8587 15.4621 19.5004?0
	is guard inside polygon? 1
0 other guards have coords 15.4621 19.5004
	 new best guard at 15.4621 19.5004
scaling gradient with 8 to 8.65722 -2.58931
	>>>> prev guard 15.3908 18.8587 cur guard 16.8701 19.2343
	was guard reflex vertex? 0
	was guard in reflex area? 0
	does guard intersect boundary ray 15.3908 18.8587 16.8701 19.2343?0
	is guard inside polygon? 1
0 other guards have coords 16.8701 19.2343
scaling gradient with 16 to 17.3144 -5.17862
	>>>> prev guard 15.3908 18.8587 cur guard 19.7338 18.5397
	was guard reflex vertex? 0
	was guard in reflex area? 0
	does guard intersect boundary ray 15.3908 18.8587 19.7338 18.5397?1
	is guard inside polygon? 0
0 other guards have coords 18.6214 18.6214
scaling gradient with 32 to 34.6289 -10.3572
	>>>> prev guard 15.3908 18.8587 cur guard 24.3812 17.0661
	was guard reflex vertex? 0
	was guard in reflex area? 0
	does guard intersect boundary ray 15.3908 18.8587 24.3812 17.0661?1
	is guard inside polygon? 0
0 other guards have coords 18.2822 18.2822
Df=0 0
h=0 0
Df=-0.0281589 -0.0514329
h=-0.00480409 0.00263018
Df=0 0
h=0 0
Df=0 0
h=0 0
Df=0.569235 -0.110399
h=0.0345012 0.177894
Df=0 0
h=0 0
Df=0.670322 -0.0540326
h=0.0296971 0.180524
is completely visible? 0
are areas equal? 103=100.968?0
+++++2 guards with gradient 0
	======== guard 14.6608 18.3192
	was guard reflex vertex? 0
	computed gradient -0 -0 and pull -0 0
	======== guard 7.80497 22.4395
	was guard reflex vertex? 0
	computed gradient -3.28229 -3.82125 and pull -1.53166 1.40044
	------- removing guard 7.80497 22.4395
g2=7.80497 22.4395
area2=98.776
alpha2=0.5
scaling gradient with 0.03125 to -0.102572 -0.119414
	>>>> prev guard 7.80497 22.4395 cur guard 4.68763 22.1529
	was guard reflex vertex? 0
	was guard in reflex area? 0
	does guard intersect boundary ray 7.80497 22.4395 4.68763 22.1529?0
	is guard inside polygon? 1
0 other guards have coords 4.68763 22.1529
	 new best guard at 4.68763 22.1529
scaling gradient with 0.0625 to -0.205143 -0.238828
	>>>> prev guard 7.80497 22.4395 cur guard 2.02008 22.0398
	was guard reflex vertex? 0
	was guard in reflex area? 0
	does guard intersect boundary ray 7.80497 22.4395 2.02008 22.0398?1
	is guard inside polygon? 0
0 other guards have coords 4.66702 22.2227
	 new best guard at 4.66702 22.2227
scaling gradient with 0.125 to -0.410286 -0.477656
	>>>> prev guard 7.80497 22.4395 cur guard 2.33878 22.2245
	was guard reflex vertex? 0
	was guard in reflex area? 0
	does guard intersect boundary ray 7.80497 22.4395 2.33878 22.2245?1
	is guard inside polygon? 0
0 other guards have coords 4.73918 22.3189
	 new best guard at 4.73918 22.3189
scaling gradient with 0.25 to -0.820572 -0.955312
	>>>> prev guard 7.80497 22.4395 cur guard 2.64137 22.3649
	was guard reflex vertex? 0
	was guard in reflex area? 0
	does guard intersect boundary ray 7.80497 22.4395 2.64137 22.3649?1
	is guard inside polygon? 0
0 other guards have coords 4.79701 22.396
	 new best guard at 4.79701 22.396
scaling gradient with 0.5 to -1.64114 -1.91062
	>>>> prev guard 7.80497 22.4395 cur guard 2.80148 22.3818
	was guard reflex vertex? 0
	was guard in reflex area? 0
	does guard intersect boundary ray 7.80497 22.4395 2.80148 22.3818?1
	is guard inside polygon? 0
0 other guards have coords 4.80364 22.4049
	 new best guard at 4.80364 22.4049
scaling gradient with 1 to -3.28229 -3.82125
	>>>> prev guard 7.80497 22.4395 cur guard 2.72582 22.1514
	was guard reflex vertex? 0
	was guard in reflex area? 0
	does guard intersect boundary ray 7.80497 22.4395 2.72582 22.1514?1
	is guard inside polygon? 0
0 other guards have coords 4.6974 22.2632
scaling gradient with 2 to -6.56458 -7.6425
	>>>> prev guard 7.80497 22.4395 cur guard 2.22552 21.4362
	was guard reflex vertex? 0
	was guard in reflex area? 0
	does guard intersect boundary ray 7.80497 22.4395 2.22552 21.4362?1
	is guard inside polygon? 0
0 other guards have coords 4.36579 21.8211
scaling gradient with 4 to -13.1292 -15.285
	>>>> prev guard 7.80497 22.4395 cur guard 0.92221 19.771
	was guard reflex vertex? 0
	was guard in reflex area? 0
	does guard intersect boundary ray 7.80497 22.4395 0.92221 19.771?1
	is guard inside polygon? 0
0 other guards have coords 3.60972 20.813
scaling gradient with 8 to -26.2583 -30.57
	>>>> prev guard 7.80497 22.4395 cur guard -1.92414 16.256
	was guard reflex vertex? 0
	was guard in reflex area? 0
	does guard intersect boundary ray 7.80497 22.4395 -1.92414 16.256?1
	is guard inside polygon? 0
0 other guards have coords 3.37566 19.6243
scaling gradient with 16 to -52.5166 -61.14
	>>>> prev guard 7.80497 22.4395 cur guard -6.45626 10.0048
	was guard reflex vertex? 0
	was guard in reflex area? 0
	does guard intersect boundary ray 7.80497 22.4395 -6.45626 10.0048?1
	is guard inside polygon? 0
0 other guards have coords 3.93492 19.0651
scaling gradient with 32 to -105.033 -122.28
	>>>> prev guard 7.80497 22.4395 cur guard -14.5871 -0.718509
	was guard reflex vertex? 0
	was guard in reflex area? 0
	does guard intersect boundary ray 7.80497 22.4395 -14.5871 -0.718509?1
	is guard inside polygon? 0
0 other guards have coords 4.24366 18.7563
Df=0 0
h=0 0
Df=0.000611613 -7.64551e-05
h=-1.17812e-05 -9.42454e-05
Df=-1.54109 -1.78247
h=-0.74704 0.645876
Df=-0.0964961 -0.0497753
h=-0.0283471 0.0549547
Df=0 0
h=0 0
Df=-0.00420582 -0.07843
h=0.00955671 -0.00051248
Df=3.36945e-05 0.000127004
h=1.33504e-05 -3.54189e-06
Df=0 0
h=0 0
Df=-1.99553 -0.0142446
h=-0.765829 0.70022
is completely visible? 0
are areas equal? 103=98.389?0
+++++1 guards with gradient 0
	======== guard 14.6608 18.3192
	was guard reflex vertex? 0
	computed gradient 0.372792 0.884224 and pull -0.235679 0.116082
	------- removing guard 14.6608 18.3192
g0=14.6608 18.3192
area0=60.3138
alpha0=0.5
scaling gradient with 0.03125 to 0.0116497 0.027632
	>>>> prev guard 14.6608 18.3192 cur guard 14.7834 18.3009
	was guard reflex vertex? 0
	was guard in reflex area? 0
	does guard intersect boundary ray 14.6608 18.3192 14.7834 18.3009?0
	is guard inside polygon? 1
0 other guards have coords 14.7834 18.3009
	 new best guard at 14.7834 18.3009
scaling gradient with 0.0625 to 0.0232995 0.055264
	>>>> prev guard 14.6608 18.3192 cur guard 14.8603 18.3034
	was guard reflex vertex? 0
	was guard in reflex area? 0
	does guard intersect boundary ray 14.6608 18.3192 14.8603 18.3034?0
	is guard inside polygon? 1
0 other guards have coords 14.8603 18.3034
	 new best guard at 14.8603 18.3034
scaling gradient with 0.125 to 0.046599 0.110528
	>>>> prev guard 14.6608 18.3192 cur guard 14.9028 18.3281
	was guard reflex vertex? 0
	was guard in reflex area? 0
	does guard intersect boundary ray 14.6608 18.3192 14.9028 18.3281?0
	is guard inside polygon? 1
0 other guards have coords 14.9028 18.3281
	 new best guard at 14.9028 18.3281
scaling gradient with 0.25 to 0.0931979 0.221056
	>>>> prev guard 14.6608 18.3192 cur guard 14.9227 18.3815
	was guard reflex vertex? 0
	was guard in reflex area? 0
	does guard intersect boundary ray 14.6608 18.3192 14.9227 18.3815?0
	is guard inside polygon? 1
0 other guards have coords 14.9227 18.3815
	 new best guard at 14.9227 18.3815
scaling gradient with 0.5 to 0.186396 0.442112
	>>>> prev guard 14.6608 18.3192 cur guard 14.9336 18.4801
	was guard reflex vertex? 0
	was guard in reflex area? 0
	does guard intersect boundary ray 14.6608 18.3192 14.9336 18.4801?0
	is guard inside polygon? 1
0 other guards have coords 14.9336 18.4801
	 new best guard at 14.9336 18.4801
scaling gradient with 1 to 0.372792 0.884224
	>>>> prev guard 14.6608 18.3192 cur guard 14.956 18.659
	was guard reflex vertex? 0
	was guard in reflex area? 0
	does guard intersect boundary ray 14.6608 18.3192 14.956 18.659?0
	is guard inside polygon? 1
0 other guards have coords 14.956 18.659
	 new best guard at 14.956 18.659
scaling gradient with 2 to 0.745583 1.76845
	>>>> prev guard 14.6608 18.3192 cur guard 15.025 18.9906
	was guard reflex vertex? 0
	was guard in reflex area? 0
	does guard intersect boundary ray 14.6608 18.3192 15.025 18.9906?0
	is guard inside polygon? 1
0 other guards have coords 15.025 18.9906
	 new best guard at 15.025 18.9906
scaling gradient with 4 to 1.49117 3.5369
	>>>> prev guard 14.6608 18.3192 cur guard 15.2057 19.6211
	was guard reflex vertex? 0
	was guard in reflex area? 0
	does guard intersect boundary ray 14.6608 18.3192 15.2057 19.6211?0
	is guard inside polygon? 1
0 other guards have coords 15.2057 19.6211
	 new best guard at 15.2057 19.6211
scaling gradient with 8 to 2.98233 7.0738
	>>>> prev guard 14.6608 18.3192 cur guard 15.6249 20.8446
	was guard reflex vertex? 0
	was guard in reflex area? 0
	does guard intersect boundary ray 14.6608 18.3192 15.6249 20.8446?0
	is guard inside polygon? 1
0 other guards have coords 15.6249 20.8446
	 new best guard at 15.6249 20.8446
scaling gradient with 16 to 5.96467 14.1476
	>>>> prev guard 14.6608 18.3192 cur guard 16.5332 23.2497
	was guard reflex vertex? 0
	was guard in reflex area? 0
	does guard intersect boundary ray 14.6608 18.3192 16.5332 23.2497?1
	is guard inside polygon? 0
0 other guards have coords 16.052 21.9827
scaling gradient with 32 to 11.9293 28.2952
	>>>> prev guard 14.6608 18.3192 cur guard 17.948 26.7479
	was guard reflex vertex? 0
	was guard in reflex area? 0
	does guard intersect boundary ray 14.6608 18.3192 17.948 26.7479?1
	is guard inside polygon? 0
0 other guards have coords 16.0852 21.9716
Df=0.215974 0.47038
h=-0.116772 0.0536154
Df=-0.0107968 -0.0164603
h=-0.0015892 0.0010424
Df=-0.0136448 -0.0184004
h=-0.00192931 0.00143068
Df=-0.000497521 -0.000320606
h=-4.74396e-05 7.36175e-05
Df=0.000445148 -0.000161962
h=4.13496e-05 0.000113648
Df=-0.00508422 0.00707575
h=0.00245644 0.00176506
Df=0.419233 1.22343
h=-0.11784 0.0580408
is completely visible? 0
are areas equal? 103=98.2101?0
i=2
area=98.2101
+++++3 guards with gradient 0
	======== guard 15.6249 20.8446
	was guard reflex vertex? 0
	computed gradient -0.242005 -0.738181 and pull -0.0728782 0.0238924
	------- removing guard 15.6249 20.8446
g0=15.6249 20.8446
area0=75.9529
alpha0=0.5
scaling gradient with 0.03125 to -0.00756265 -0.0230682
	>>>> prev guard 15.6249 20.8446 cur guard 15.9523 21.8234
	was guard reflex vertex? 0
	was guard in reflex area? 0
	does guard intersect boundary ray 15.6249 20.8446 15.9523 21.8234?0
	is guard inside polygon? 1
0 other guards have coords 15.9523 21.8234
	 new best guard at 15.9523 21.8234
scaling gradient with 0.0625 to -0.0151253 -0.0461363
	>>>> prev guard 15.6249 20.8446 cur guard 16.2053 22.6042
	was guard reflex vertex? 0
	was guard in reflex area? 0
	does guard intersect boundary ray 15.6249 20.8446 16.2053 22.6042?1
	is guard inside polygon? 0
0 other guards have coords 16.0054 21.9982
scaling gradient with 0.125 to -0.0302506 -0.0922726
	>>>> prev guard 15.6249 20.8446 cur guard 16.1976 22.616
	was guard reflex vertex? 0
	was guard in reflex area? 0
	does guard intersect boundary ray 15.6249 20.8446 16.1976 22.616?1
	is guard inside polygon? 0
0 other guards have coords 15.9994 22.003
scaling gradient with 0.25 to -0.0605012 -0.184545
	>>>> prev guard 15.6249 20.8446 cur guard 16.1398 22.4812
	was guard reflex vertex? 0
	was guard in reflex area? 0
	does guard intersect boundary ray 15.6249 20.8446 16.1398 22.4812?1
	is guard inside polygon? 0
0 other guards have coords 15.9955 22.0225
scaling gradient with 0.5 to -0.121002 -0.369091
	>>>> prev guard 15.6249 20.8446 cur guard 16.0884 22.3706
	was guard reflex vertex? 0
	was guard in reflex area? 0
	does guard intersect boundary ray 15.6249 20.8446 16.0884 22.3706?1
	is guard inside polygon? 0
0 other guards have coords 15.9904 22.0479
scaling gradient with 1 to -0.242005 -0.738181
	>>>> prev guard 15.6249 20.8446 cur guard 16.0333 22.2549
	was guard reflex vertex? 0
	was guard in reflex area? 0
	does guard intersect boundary ray 15.6249 20.8446 16.0333 22.2549?1
	is guard inside polygon? 0
0 other guards have coords 15.9834 22.0828
scaling gradient with 2 to -0.48401 -1.47636
	>>>> prev guard 15.6249 20.8446 cur guard 15.962 22.1032
	was guard reflex vertex? 0
	was guard in reflex area? 0
	does guard intersect boundary ray 15.6249 20.8446 15.962 22.1032?0
	is guard inside polygon? 1
0 other guards have coords 15.962 22.1032
scaling gradient with 4 to -0.968019 -2.95272
	>>>> prev guard 15.6249 20.8446 cur guard 15.8408 21.8266
	was guard reflex vertex? 0
	was guard in reflex area? 0
	does guard intersect boundary ray 15.6249 20.8446 15.8408 21.8266?0
	is guard inside polygon? 1
0 other guards have coords 15.8408 21.8266
	 new best guard at 15.8408 21.8266
scaling gradient with 8 to -1.93604 -5.90545
	>>>> prev guard 15.6249 20.8446 cur guard 15.5429 21.0172
	was guard reflex vertex? 0
	was guard in reflex area? 0
	does guard intersect boundary ray 15.6249 20.8446 15.5429 21.0172?0
	is guard inside polygon? 1
0 other guards have coords 15.5429 21.0172
scaling gradient with 16 to -3.87208 -11.8109
	>>>> prev guard 15.6249 20.8446 cur guard 14.9101 19.1909
	was guard reflex vertex? 0
	was guard in reflex area? 0
	does guard intersect boundary ray 15.6249 20.8446 14.9101 19.1909?0
	is guard inside polygon? 1
0 other guards have coords 14.9101 19.1909
	 new best guard at 14.9101 19.1909
scaling gradient with 32 to -7.74416 -23.6218
	>>>> prev guard 15.6249 20.8446 cur guard 13.6222 15.3701
	was guard reflex vertex? 0
	was guard in reflex area? 0
	does guard intersect boundary ray 15.6249 20.8446 13.6222 15.3701?1
	is guard inside polygon? 0
0 other guards have coords 14.3867 17.46
	 new best guard at 14.3867 17.46
Df=0 0
h=0 0
Df=-0.121002 -0.369091
h=-0.0364391 0.0119462
Df=0 0
h=0 0
Df=0 0
h=0 0
Df=0 0
h=0 0
Df=0 0
h=0 0
Df=-1.28794 -3.82079
h=-0.0364391 0.0119462
is completely visible? 0
are areas equal? 103=98.5663?0
+++++2 guards with gradient 0
	======== guard 15.4621 19.5004
	was guard reflex vertex? 0
	computed gradient -0.042239 -0.0794356 and pull -0.00828828 0.0044072
	------- removing guard 15.4621 19.5004
g1=15.4621 19.5004
area1=68.0566
alpha1=0.5
scaling gradient with 0.03125 to -0.00131997 -0.00248236
	>>>> prev guard 15.4621 19.5004 cur guard 15.9974 19.4573
	was guard reflex vertex? 0
	was guard in reflex area? 0
	does guard intersect boundary ray 15.4621 19.5004 15.9974 19.4573?0
	is guard inside polygon? 1
0 other guards have coords 15.9974 19.4573
	 new best guard at 15.9974 19.4573
scaling gradient with 0.0625 to -0.00263994 -0.00496472
	>>>> prev guard 15.4621 19.5004 cur guard 16.4246 19.4228
	was guard reflex vertex? 0
	was guard in reflex area? 0
	does guard intersect boundary ray 15.4621 19.5004 16.4246 19.4228?0
	is guard inside polygon? 1
0 other guards have coords 16.4246 19.4228
scaling gradient with 0.125 to -0.00527987 -0.00992945
	>>>> prev guard 15.4621 19.5004 cur guard 16.7649 19.3947
	was guard reflex vertex? 0
	was guard in reflex area? 0
	does guard intersect boundary ray 15.4621 19.5004 16.7649 19.3947?0
	is guard inside polygon? 1
0 other guards have coords 16.7649 19.3947
scaling gradient with 0.25 to -0.0105597 -0.0198589
	>>>> prev guard 15.4621 19.5004 cur guard 17.0353 19.3706
	was guard reflex vertex? 0
	was guard in reflex area? 0
	does guard intersect boundary ray 15.4621 19.5004 17.0353 19.3706?0
	is guard inside polygon? 1
0 other guards have coords 17.0353 19.3706
scaling gradient with 0.5 to -0.0211195 -0.0397178
	>>>> prev guard 15.4621 19.5004 cur guard 17.2487 19.3479
	was guard reflex vertex? 0
	was guard in reflex area? 0
	does guard intersect boundary ray 15.4621 19.5004 17.2487 19.3479?0
	is guard inside polygon? 1
0 other guards have coords 17.2487 19.3479
scaling gradient with 1 to -0.042239 -0.0794356
	>>>> prev guard 15.4621 19.5004 cur guard 17.4144 19.3221
	was guard reflex vertex? 0
	was guard in reflex area? 0
	does guard intersect boundary ray 15.4621 19.5004 17.4144 19.3221?0
	is guard inside polygon? 1
0 other guards have coords 17.4144 19.3221
scaling gradient with 2 to -0.0844779 -0.158871
	>>>> prev guard 15.4621 19.5004 cur guard 17.5376 19.2861
	was guard reflex vertex? 0
	was guard in reflex area? 0
	does guard intersect boundary ray 15.4621 19.5004 17.5376 19.2861?0
	is guard inside polygon? 1
0 other guards have coords 17.5376 19.2861
scaling gradient with 4 to -0.168956 -0.317742
	>>>> prev guard 15.4621 19.5004 cur guard 17.6185 19.226
	was guard reflex vertex? 0
	was guard in reflex area? 0
	does guard intersect boundary ray 15.4621 19.5004 17.6185 19.226?0
	is guard inside polygon? 1
0 other guards have coords 17.6185 19.226
scaling gradient with 8 to -0.337912 -0.635485
	>>>> prev guard 15.4621 19.5004 cur guard 17.6486 19.1147
	was guard reflex vertex? 0
	was guard in reflex area? 0
	does guard intersect boundary ray 15.4621 19.5004 17.6486 19.1147?0
	is guard inside polygon? 1
0 other guards have coords 17.6486 19.1147
scaling gradient with 16 to -0.675823 -1.27097
	>>>> prev guard 15.4621 19.5004 cur guard 17.6042 18.8991
	was guard reflex vertex? 0
	was guard in reflex area? 0
	does guard intersect boundary ray 15.4621 19.5004 17.6042 18.8991?0
	is guard inside polygon? 1
0 other guards have coords 17.6042 18.8991
scaling gradient with 32 to -1.35165 -2.54194
	>>>> prev guard 15.4621 19.5004 cur guard 17.4327 18.4728
	was guard reflex vertex? 0
	was guard in reflex area? 0
	does guard intersect boundary ray 15.4621 19.5004 17.4327 18.4728?0
	is guard inside polygon? 1
0 other guards have coords 17.4327 18.4728
Df=0 0
h=0 0
Df=0 0
h=0 0
Df=-0.0211195 -0.0397178
h=-0.00414414 0.0022036
Df=0 0
h=0 0
Df=0 0
h=0 0
Df=0 0
h=0 0
Df=0.535297 -0.0430336
h=-0.00414414 0.0022036
is completely visible? 0
are areas equal? 103=98.5663?0
+++++1 guards with gradient 0
	======== guard 4.80364 22.4049
	was guard reflex vertex? 0
	computed gradient -0.0899442 0.0908764 and pull 0.137938 0.0982285
	------- removing guard 4.80364 22.4049
g2=4.80364 22.4049
area2=88.5519
alpha2=0.5
scaling gradient with 0.03125 to -0.00281075 0.00283989
	>>>> prev guard 4.80364 22.4049 cur guard 3.22073 22.4036
	was guard reflex vertex? 0
	was guard in reflex area? 0
	does guard intersect boundary ray 4.80364 22.4049 3.22073 22.4036?1
	is guard inside polygon? 0
0 other guards have coords 4.23317 21.6442
	 new best guard at 4.23317 21.6442
scaling gradient with 0.0625 to -0.00562151 0.00567977
	>>>> prev guard 4.80364 22.4049 cur guard 2.98008 21.6536
	was guard reflex vertex? 0
	was guard in reflex area? 0
	does guard intersect boundary ray 4.80364 22.4049 2.98008 21.6536?1
	is guard inside polygon? 0
0 other guards have coords 3.78655 21.0487
scaling gradient with 0.125 to -0.011243 0.0113595
	>>>> prev guard 4.80364 22.4049 cur guard 2.79674 21.0672
	was guard reflex vertex? 0
	was guard in reflex area? 0
	does guard intersect boundary ray 4.80364 22.4049 2.79674 21.0672?1
	is guard inside polygon? 0
0 other guards have coords 3.43907 20.5854
scaling gradient with 0.25 to -0.022486 0.0227191
	>>>> prev guard 4.80364 22.4049 cur guard 2.65877 20.6123
	was guard reflex vertex? 0
	was guard in reflex area? 0
	does guard intersect boundary ray 4.80364 22.4049 2.65877 20.6123?1
	is guard inside polygon? 0
0 other guards have coords 3.17105 20.2281
scaling gradient with 0.5 to -0.0449721 0.0454382
	>>>> prev guard 4.80364 22.4049 cur guard 2.55611 20.2639
	was guard reflex vertex? 0
	was guard in reflex area? 0
	does guard intersect boundary ray 4.80364 22.4049 2.55611 20.2639?1
	is guard inside polygon? 0
0 other guards have coords 3 20
scaling gradient with 1 to -0.0899442 0.0908764
	>>>> prev guard 4.80364 22.4049 cur guard 2.51284 20.0476
	was guard reflex vertex? 0
	was guard in reflex area? 0
	does guard intersect boundary ray 4.80364 22.4049 2.51284 20.0476?1
	is guard inside polygon? 0
0 other guards have coords 3 20
scaling gradient with 2 to -0.179888 0.181753
	>>>> prev guard 4.80364 22.4049 cur guard 2.60608 20.0661
	was guard reflex vertex? 0
	was guard in reflex area? 0
	does guard intersect boundary ray 4.80364 22.4049 2.60608 20.0661?1
	is guard inside polygon? 0
0 other guards have coords 3 20
scaling gradient with 4 to -0.359777 0.363506
	>>>> prev guard 4.80364 22.4049 cur guard 2.66268 20.099
	was guard reflex vertex? 0
	was guard in reflex area? 0
	does guard intersect boundary ray 4.80364 22.4049 2.66268 20.099?1
	is guard inside polygon? 0
0 other guards have coords 3 20
scaling gradient with 8 to -0.719553 0.727011
	>>>> prev guard 4.80364 22.4049 cur guard 2.67198 20.1617
	was guard reflex vertex? 0
	was guard in reflex area? 0
	does guard intersect boundary ray 4.80364 22.4049 2.67198 20.1617?1
	is guard inside polygon? 0
0 other guards have coords 3 20
scaling gradient with 16 to -1.43911 1.45402
	>>>> prev guard 4.80364 22.4049 cur guard 2.60747 20.2846
	was guard reflex vertex? 0
	was guard in reflex area? 0
	does guard intersect boundary ray 4.80364 22.4049 2.60747 20.2846?1
	is guard inside polygon? 0
0 other guards have coords 3 20
scaling gradient with 32 to -2.87821 2.90804
	>>>> prev guard 4.80364 22.4049 cur guard 2.41195 20.5283
	was guard reflex vertex? 0
	was guard in reflex area? 0
	does guard intersect boundary ray 4.80364 22.4049 2.41195 20.5283?1
	is guard inside polygon? 0
0 other guards have coords 3.0419 20.0559
Df=-0.111092 0.0833189
h=0.0417861 0.0557148
Df=-0.000270603 0.000372594
h=0.000137261 9.96881e-05
Df=0.0125859 -0.04889
h=0.00764099 0.00196704
Df=-0.00269012 -0.0743967
h=0.00664038 -0.00024011
Df=1.94524e-05 9.86543e-05
h=7.93603e-06 -1.56481e-06
Df=0.0292893 0.075467
h=0.0113541 -0.00440661
Df=0.000238023 0.000226757
h=3.72724e-05 -3.91242e-05
Df=0.0269479 0.00924102
h=0.0013648 -0.00397991
Df=-1.58291 -0.00128886
h=0.0689689 0.0491143
is completely visible? 0
are areas equal? 103=97.6575?0
i=3
area=97.6575
+++++3 guards with gradient 0
	======== guard 14.3867 17.46
	was guard reflex vertex? 0
	computed gradient -0.17131 -0.193488 and pull -0.0196117 0.0173638
	------- removing guard 14.3867 17.46
g0=14.3867 17.46
area0=55.8317
alpha0=0.5
scaling gradient with 0.03125 to -0.00535343 -0.00604649
	>>>> prev guard 14.3867 17.46 cur guard 13.3539 14.4045
	was guard reflex vertex? 0
	was guard in reflex area? 0
	does guard intersect boundary ray 14.3867 17.46 13.3539 14.4045?1
	is guard inside polygon? 0
0 other guards have coords 15 17
	 new best guard at 15 17
scaling gradient with 0.0625 to -0.0107069 -0.012093
	>>>> prev guard 14.3867 17.46 cur guard 14.1707 14.5561
	was guard reflex vertex? 0
	was guard in reflex area? 0
	does guard intersect boundary ray 14.3867 17.46 14.1707 14.5561?1
	is guard inside polygon? 0
1 other guards have coords 15 17
scaling gradient with 0.125 to -0.0214137 -0.0241859
	>>>> prev guard 14.3867 17.46 cur guard 14.3325 15.0442
	was guard reflex vertex? 0
	was guard in reflex area? 0
	does guard intersect boundary ray 14.3867 17.46 14.3325 15.0442?1
	is guard inside polygon? 0
1 other guards have coords 15 17
scaling gradient with 0.25 to -0.0428274 -0.0483719
	>>>> prev guard 14.3867 17.46 cur guard 14.4597 15.4323
	was guard reflex vertex? 0
	was guard in reflex area? 0
	does guard intersect boundary ray 14.3867 17.46 14.4597 15.4323?1
	is guard inside polygon? 0
1 other guards have coords 15 17
scaling gradient with 0.5 to -0.0856548 -0.0967438
	>>>> prev guard 14.3867 17.46 cur guard 14.5572 15.7379
	was guard reflex vertex? 0
	was guard in reflex area? 0
	does guard intersect boundary ray 14.3867 17.46 14.5572 15.7379?1
	is guard inside polygon? 0
1 other guards have coords 15 17
scaling gradient with 1 to -0.17131 -0.193488
	>>>> prev guard 14.3867 17.46 cur guard 14.6267 15.9727
	was guard reflex vertex? 0
	was guard in reflex area? 0
	does guard intersect boundary ray 14.3867 17.46 14.6267 15.9727?1
	is guard inside polygon? 0
1 other guards have coords 15 17
scaling gradient with 2 to -0.342619 -0.386975
	>>>> prev guard 14.3867 17.46 cur guard 14.6651 16.1412
	was guard reflex vertex? 0
	was guard in reflex area? 0
	does guard intersect boundary ray 14.3867 17.46 14.6651 16.1412?1
	is guard inside polygon? 0
1 other guards have coords 15 17
scaling gradient with 4 to -0.685238 -0.77395
	>>>> prev guard 14.3867 17.46 cur guard 14.6616 16.2373
	was guard reflex vertex? 0
	was guard in reflex area? 0
	does guard intersect boundary ray 14.3867 17.46 14.6616 16.2373?1
	is guard inside polygon? 0
1 other guards have coords 15 17
scaling gradient with 8 to -1.37048 -1.5479
	>>>> prev guard 14.3867 17.46 cur guard 14.5903 16.2368
	was guard reflex vertex? 0
	was guard in reflex area? 0
	does guard intersect boundary ray 14.3867 17.46 14.5903 16.2368?1
	is guard inside polygon? 0
1 other guards have coords 15 17
scaling gradient with 16 to -2.74095 -3.0958
	>>>> prev guard 14.3867 17.46 cur guard 14.3962 16.0816
	was guard reflex vertex? 0
	was guard in reflex area? 0
	does guard intersect boundary ray 14.3867 17.46 14.3962 16.0816?1
	is guard inside polygon? 0
1 other guards have coords 15 17
scaling gradient with 32 to -5.48191 -6.1916
	>>>> prev guard 14.3867 17.46 cur guard 13.9668 15.6478
	was guard reflex vertex? 0
	was guard in reflex area? 0
	does guard intersect boundary ray 14.3867 17.46 13.9668 15.6478?1
	is guard inside polygon? 0
0 other guards have coords 14.9878 17.0092
	 new best guard at 14.9878 17.0092
Df=0 0
h=0 0
Df=0 0
h=0 0
Df=-0.0856548 -0.0967438
h=-0.00980587 0.0086819
Df=0 0
h=0 0
Df=0 0
h=0 0
Df=0 0
h=0 0
Df=-1.03321 -1.35216
h=-0.00980587 0.0086819
is completely visible? 0
are areas equal? 103=97.6431?0
+++++2 guards with gradient 0
	======== guard 15.9974 19.4573
	was guard reflex vertex? 0
	computed gradient -0.0354446 -0.0702033 and pull -0.00696518 0.00351662
	------- removing guard 15.9974 19.4573
g1=15.9974 19.4573
area1=68.0458
alpha1=0.5
scaling gradient with 0.03125 to -0.00110765 -0.00219385
	>>>> prev guard 15.9974 19.4573 cur guard 16.4249 19.423
	was guard reflex vertex? 0
	was guard in reflex area? 0
	does guard intersect boundary ray 15.9974 19.4573 16.4249 19.423?0
	is guard inside polygon? 1
0 other guards have coords 16.4249 19.423
	 new best guard at 16.4249 19.423
scaling gradient with 0.0625 to -0.00221529 -0.0043877
	>>>> prev guard 15.9974 19.4573 cur guard 16.7659 19.3955
	was guard reflex vertex? 0
	was guard in reflex area? 0
	does guard intersect boundary ray 15.9974 19.4573 16.7659 19.3955?0
	is guard inside polygon? 1
0 other guards have coords 16.7659 19.3955
scaling gradient with 0.125 to -0.00443058 -0.00877541
	>>>> prev guard 15.9974 19.4573 cur guard 17.0376 19.373
	was guard reflex vertex? 0
	was guard in reflex area? 0
	does guard intersect boundary ray 15.9974 19.4573 17.0376 19.373?0
	is guard inside polygon? 1
0 other guards have coords 17.0376 19.373
scaling gradient with 0.25 to -0.00886116 -0.0175508
	>>>> prev guard 15.9974 19.4573 cur guard 17.2533 19.3535
	was guard reflex vertex? 0
	was guard in reflex area? 0
	does guard intersect boundary ray 15.9974 19.4573 17.2533 19.3535?0
	is guard inside polygon? 1
0 other guards have coords 17.2533 19.3535
scaling gradient with 0.5 to -0.0177223 -0.0351016
	>>>> prev guard 15.9974 19.4573 cur guard 17.4235 19.3348
	was guard reflex vertex? 0
	was guard in reflex area? 0
	does guard intersect boundary ray 15.9974 19.4573 17.4235 19.3348?0
	is guard inside polygon? 1
0 other guards have coords 17.4235 19.3348
scaling gradient with 1 to -0.0354446 -0.0702033
	>>>> prev guard 15.9974 19.4573 cur guard 17.5553 19.3132
	was guard reflex vertex? 0
	was guard in reflex area? 0
	does guard intersect boundary ray 15.9974 19.4573 17.5553 19.3132?0
	is guard inside polygon? 1
0 other guards have coords 17.5553 19.3132
scaling gradient with 2 to -0.0708893 -0.140407
	>>>> prev guard 15.9974 19.4573 cur guard 17.6531 19.2822
	was guard reflex vertex? 0
	was guard in reflex area? 0
	does guard intersect boundary ray 15.9974 19.4573 17.6531 19.2822?0
	is guard inside polygon? 1
0 other guards have coords 17.6531 19.2822
scaling gradient with 4 to -0.141779 -0.280813
	>>>> prev guard 15.9974 19.4573 cur guard 17.7164 19.2296
	was guard reflex vertex? 0
	was guard in reflex area? 0
	does guard intersect boundary ray 15.9974 19.4573 17.7164 19.2296?0
	is guard inside polygon? 1
0 other guards have coords 17.7164 19.2296
scaling gradient with 8 to -0.283557 -0.561626
	>>>> prev guard 15.9974 19.4573 cur guard 17.7379 19.1318
	was guard reflex vertex? 0
	was guard in reflex area? 0
	does guard intersect boundary ray 15.9974 19.4573 17.7379 19.1318?0
	is guard inside polygon? 1
0 other guards have coords 17.7379 19.1318
scaling gradient with 16 to -0.567114 -1.12325
	>>>> prev guard 15.9974 19.4573 cur guard 17.6978 18.9416
	was guard reflex vertex? 0
	was guard in reflex area? 0
	does guard intersect boundary ray 15.9974 19.4573 17.6978 18.9416?0
	is guard inside polygon? 1
0 other guards have coords 17.6978 18.9416
scaling gradient with 32 to -1.13423 -2.2465
	>>>> prev guard 15.9974 19.4573 cur guard 17.5516 18.5651
	was guard reflex vertex? 0
	was guard in reflex area? 0
	does guard intersect boundary ray 15.9974 19.4573 17.5516 18.5651?0
	is guard inside polygon? 1
0 other guards have coords 17.5516 18.5651
Df=0 0
h=0 0
Df=0 0
h=0 0
Df=-0.0177223 -0.0351016
h=-0.00348259 0.00175831
Df=0 0
h=0 0
Df=0 0
h=0 0
Df=0 0
h=0 0
Df=0.42743 -0.0342946
h=-0.00348259 0.00175831
is completely visible? 0
are areas equal? 103=97.6431?0
+++++1 guards with gradient 0
	======== guard 4.23317 21.6442
	was guard reflex vertex? 0
	computed gradient 0.0162986 0.195389 and pull 0.102582 0.0337317
	------- removing guard 4.23317 21.6442
g2=4.23317 21.6442
area2=85.0898
alpha2=0.5
scaling gradient with 0.03125 to 0.000509331 0.00610592
	>>>> prev guard 4.23317 21.6442 cur guard 2.97715 21.6472
	was guard reflex vertex? 0
	was guard in reflex area? 0
	does guard intersect boundary ray 4.23317 21.6442 2.97715 21.6472?1
	is guard inside polygon? 0
0 other guards have coords 3.78242 21.0432
	 new best guard at 3.78242 21.0432
scaling gradient with 0.0625 to 0.00101866 0.0122118
	>>>> prev guard 4.23317 21.6442 cur guard 2.78797 21.0502
	was guard reflex vertex? 0
	was guard in reflex area? 0
	does guard intersect boundary ray 4.23317 21.6442 2.78797 21.0502?1
	is guard inside polygon? 0
0 other guards have coords 3.42776 20.5703
scaling gradient with 0.125 to 0.00203732 0.0244237
	>>>> prev guard 4.23317 21.6442 cur guard 2.64266 20.5817
	was guard reflex vertex? 0
	was guard in reflex area? 0
	does guard intersect boundary ray 4.23317 21.6442 2.64266 20.5817?1
	is guard inside polygon? 0
0 other guards have coords 3.15058 20.2008
scaling gradient with 0.25 to 0.00407465 0.0488473
	>>>> prev guard 4.23317 21.6442 cur guard 2.53317 20.2181
	was guard reflex vertex? 0
	was guard in reflex area? 0
	does guard intersect boundary ray 4.23317 21.6442 2.53317 20.2181?1
	is guard inside polygon? 0
0 other guards have coords 3 20
scaling gradient with 0.5 to 0.00814929 0.0976946
	>>>> prev guard 4.23317 21.6442 cur guard 2.51714 20.027
	was guard reflex vertex? 0
	was guard in reflex area? 0
	does guard intersect boundary ray 4.23317 21.6442 2.51714 20.027?1
	is guard inside polygon? 0
0 other guards have coords 3 20
scaling gradient with 1 to 0.0162986 0.195389
	>>>> prev guard 4.23317 21.6442 cur guard 2.6256 20.0445
	was guard reflex vertex? 0
	was guard in reflex area? 0
	does guard intersect boundary ray 4.23317 21.6442 2.6256 20.0445?1
	is guard inside polygon? 0
0 other guards have coords 3 20
scaling gradient with 2 to 0.0325972 0.390779
	>>>> prev guard 4.23317 21.6442 cur guard 2.714 20.0781
	was guard reflex vertex? 0
	was guard in reflex area? 0
	does guard intersect boundary ray 4.23317 21.6442 2.714 20.0781?1
	is guard inside polygon? 0
0 other guards have coords 3 20
scaling gradient with 4 to 0.0651943 0.781557
	>>>> prev guard 4.23317 21.6442 cur guard 2.78798 20.144
	was guard reflex vertex? 0
	was guard in reflex area? 0
	does guard intersect boundary ray 4.23317 21.6442 2.78798 20.144?1
	is guard inside polygon? 0
0 other guards have coords 3 20
scaling gradient with 8 to 0.130389 1.56311
	>>>> prev guard 4.23317 21.6442 cur guard 2.85368 20.2749
	was guard reflex vertex? 0
	was guard in reflex area? 0
	does guard intersect boundary ray 4.23317 21.6442 2.85368 20.2749?1
	is guard inside polygon? 0
0 other guards have coords 3.07927 20.1057
scaling gradient with 16 to 0.260777 3.12623
	>>>> prev guard 4.23317 21.6442 cur guard 2.99854 20.6416
	was guard reflex vertex? 0
	was guard in reflex area? 0
	does guard intersect boundary ray 4.23317 21.6442 2.99854 20.6416?1
	is guard inside polygon? 0
0 other guards have coords 3.30744 20.4099
scaling gradient with 32 to 0.521555 6.25246
	>>>> prev guard 4.23317 21.6442 cur guard 3.30528 21.4673
	was guard reflex vertex? 0
	was guard in reflex area? 0
	does guard intersect boundary ray 4.23317 21.6442 3.30528 21.4673?1
	is guard inside polygon? 0
0 other guards have coords 3.81418 21.0856
	 new best guard at 3.81418 21.0856
Df=-0.075223 0.0564173
h=0.0191588 0.0255451
Df=-0.000223001 0.000261912
h=7.20753e-05 6.13673e-05
Df=0.0119171 -0.0342312
h=0.00477744 0.0016632
Df=0.00214118 -0.0708177
h=0.00601567 0.000181884
Df=1.2404e-05 9.63128e-05
h=7.48219e-06 -9.63625e-07
Df=0.0308171 0.126828
h=0.0182126 -0.00442538
Df=0.000202441 0.000264802
h=4.41318e-05 -3.37387e-05
Df=0.0385051 0.0188754
h=0.00300281 -0.00612562
Df=-0.00216357 1.05734
h=0.0512911 0.0168658
is completely visible? 0
are areas equal? 103=96.8681?0
i=4
area=96.8681
+++++3 guards with gradient 0
	======== guard 14.9878 17.0092
	was guard reflex vertex? 0
	computed gradient -0.153233 -0.175085 and pull -0.0164943 0.0144357
	------- removing guard 14.9878 17.0092
g0=14.9878 17.0092
area0=55.5147
alpha0=0.5
scaling gradient with 0.03125 to -0.00478854 -0.00547142
	>>>> prev guard 14.9878 17.0092 cur guard 14.1591 15.9283
	was guard reflex vertex? 0
	was guard in reflex area? 0
	does guard intersect boundary ray 14.9878 17.0092 14.1591 15.9283?1
	is guard inside polygon? 0
0 other guards have coords 14.9762 17.0178
	 new best guard at 14.9762 17.0178
scaling gradient with 0.0625 to -0.00957708 -0.0109428
	>>>> prev guard 14.9878 17.0092 cur guard 14.3107 16.1535
	was guard reflex vertex? 0
	was guard in reflex area? 0
	does guard intersect boundary ray 14.9878 17.0092 14.3107 16.1535?1
	is guard inside polygon? 0
0 other guards have coords 14.9651 17.0262
	 new best guard at 14.9651 17.0262
scaling gradient with 0.125 to -0.0191542 -0.0218857
	>>>> prev guard 14.9878 17.0092 cur guard 14.4291 16.334
	was guard reflex vertex? 0
	was guard in reflex area? 0
	does guard intersect boundary ray 14.9878 17.0092 14.4291 16.334?1
	is guard inside polygon? 0
0 other guards have coords 14.9543 17.0343
	 new best guard at 14.9543 17.0343
scaling gradient with 0.25 to -0.0383083 -0.0437714
	>>>> prev guard 14.9878 17.0092 cur guard 14.52 16.4776
	was guard reflex vertex? 0
	was guard in reflex area? 0
	does guard intersect boundary ray 14.9878 17.0092 14.52 16.4776?1
	is guard inside polygon? 0
0 other guards have coords 14.9436 17.0423
	 new best guard at 14.9436 17.0423
scaling gradient with 0.5 to -0.0766166 -0.0875427
	>>>> prev guard 14.9878 17.0092 cur guard 14.5868 16.5896
	was guard reflex vertex? 0
	was guard in reflex area? 0
	does guard intersect boundary ray 14.9878 17.0092 14.5868 16.5896?1
	is guard inside polygon? 0
0 other guards have coords 14.9326 17.0506
	 new best guard at 14.9326 17.0506
scaling gradient with 1 to -0.153233 -0.175085
	>>>> prev guard 14.9878 17.0092 cur guard 14.6302 16.6724
	was guard reflex vertex? 0
	was guard in reflex area? 0
	does guard intersect boundary ray 14.9878 17.0092 14.6302 16.6724?1
	is guard inside polygon? 0
0 other guards have coords 14.9206 17.0596
	 new best guard at 14.9206 17.0596
scaling gradient with 2 to -0.306467 -0.350171
	>>>> prev guard 14.9878 17.0092 cur guard 14.6464 16.7234
	was guard reflex vertex? 0
	was guard in reflex area? 0
	does guard intersect boundary ray 14.9878 17.0092 14.6464 16.7234?1
	is guard inside polygon? 0
0 other guards have coords 14.9064 17.0702
	 new best guard at 14.9064 17.0702
scaling gradient with 4 to -0.612933 -0.700342
	>>>> prev guard 14.9878 17.0092 cur guard 14.6241 16.7327
	was guard reflex vertex? 0
	was guard in reflex area? 0
	does guard intersect boundary ray 14.9878 17.0092 14.6241 16.7327?1
	is guard inside polygon? 0
0 other guards have coords 14.8878 17.0842
	 new best guard at 14.8878 17.0842
scaling gradient with 8 to -1.22587 -1.40068
	>>>> prev guard 14.9878 17.0092 cur guard 14.5377 16.6756
	was guard reflex vertex? 0
	was guard in reflex area? 0
	does guard intersect boundary ray 14.9878 17.0092 14.5377 16.6756?1
	is guard inside polygon? 0
0 other guards have coords 14.8599 17.1051
	 new best guard at 14.8599 17.1051
scaling gradient with 16 to -2.45173 -2.80137
	>>>> prev guard 14.9878 17.0092 cur guard 14.333 16.4995
	was guard reflex vertex? 0
	was guard in reflex area? 0
	does guard intersect boundary ray 14.9878 17.0092 14.333 16.4995?1
	is guard inside polygon? 0
0 other guards have coords 14.8133 17.14
	 new best guard at 14.8133 17.14
scaling gradient with 32 to -4.90346 -5.60274
	>>>> prev guard 14.9878 17.0092 cur guard 13.8998 16.0967
	was guard reflex vertex? 0
	was guard in reflex area? 0
	does guard intersect boundary ray 14.9878 17.0092 13.8998 16.0967?1
	is guard inside polygon? 0
0 other guards have coords 14.7295 17.2029
	 new best guard at 14.7295 17.2029
Df=0 0
h=0 0
Df=0 0
h=0 0
Df=-0.0766166 -0.0875427
h=-0.00824714 0.00721783
Df=0 0
h=0 0
Df=0 0
h=0 0
Df=0 0
h=0 0
Df=-0.913501 -1.0433
h=-0.00824714 0.00721783
is completely visible? 0
are areas equal? 103=96.8739?0
+++++2 guards with gradient 0
	======== guard 16.4249 19.423
	was guard reflex vertex? 0
	computed gradient -2.21544 -0.42416 and pull -0.144 0.839317
	------- removing guard 16.4249 19.423
g1=16.4249 19.423
area1=67.5412
alpha1=0.5
scaling gradient with 0.03125 to -0.0692325 -0.013255
	>>>> prev guard 16.4249 19.423 cur guard 16.7455 19.4782
	was guard reflex vertex? 0
	was guard in reflex area? 0
	does guard intersect boundary ray 16.4249 19.423 16.7455 19.4782?0
	is guard inside polygon? 1
0 other guards have coords 16.7455 19.4782
	 new best guard at 16.7455 19.4782
scaling gradient with 0.0625 to -0.138465 -0.02651
pull reduced from 0.725188 to 	>>>> prev guard 16.4249 19.423 cur guard 16.9797 19.5687
	was guard reflex vertex? 0
	was guard in reflex area? 0
	does guard intersect boundary ray 16.4249 19.423 16.9797 19.5687?0
	is guard inside polygon? 1
0 other guards have coords 16.9797 19.5687
scaling gradient with 0.125 to -0.27693 -0.05302
pull reduced from 0.725188 to 	>>>> prev guard 16.4249 19.423 cur guard 17.1344 19.665
	was guard reflex vertex? 0
	was guard in reflex area? 0
	does guard intersect boundary ray 16.4249 19.423 17.1344 19.665?0
	is guard inside polygon? 1
0 other guards have coords 17.1344 19.665
scaling gradient with 0.25 to -0.55386 -0.10604
pull reduced from 0.725188 to 	>>>> prev guard 16.4249 19.423 cur guard 17.2002 19.7467
	was guard reflex vertex? 0
	was guard in reflex area? 0
	does guard intersect boundary ray 16.4249 19.423 17.2002 19.7467?0
	is guard inside polygon? 1
0 other guards have coords 17.2002 19.7467
scaling gradient with 0.5 to -1.10772 -0.21208
pull reduced from 0.725188 to 	>>>> prev guard 16.4249 19.423 cur guard 17.1411 19.7961
	was guard reflex vertex? 0
	was guard in reflex area? 0
	does guard intersect boundary ray 16.4249 19.423 17.1411 19.7961?0
	is guard inside polygon? 1
0 other guards have coords 17.1411 19.7961
scaling gradient with 1 to -2.21544 -0.42416
pull reduced from 0.725188 to 	>>>> prev guard 16.4249 19.423 cur guard 16.8718 19.7958
	was guard reflex vertex? 0
	was guard in reflex area? 0
	does guard intersect boundary ray 16.4249 19.423 16.8718 19.7958?0
	is guard inside polygon? 1
0 other guards have coords 16.8718 19.7958
	 new best guard at 16.8718 19.7958
scaling gradient with 2 to -4.43088 -0.84832
pull reduced from 0.725188 to 	>>>> prev guard 16.4249 19.423 cur guard 16.2076 19.7444
	was guard reflex vertex? 0
	was guard in reflex area? 0
	does guard intersect boundary ray 16.4249 19.423 16.2076 19.7444?0
	is guard inside polygon? 1
0 other guards have coords 16.2076 19.7444
	 new best guard at 16.2076 19.7444
scaling gradient with 4 to -8.86176 -1.69664
	>>>> prev guard 16.4249 19.423 cur guard 14.7756 19.6175
	was guard reflex vertex? 0
	was guard in reflex area? 0
	does guard intersect boundary ray 16.4249 19.423 14.7756 19.6175?0
	is guard inside polygon? 1
0 other guards have coords 14.7756 19.6175
scaling gradient with 8 to -17.7235 -3.39328
	>>>> prev guard 16.4249 19.423 cur guard 11.8433 19.2606
	was guard reflex vertex? 0
	was guard in reflex area? 0
	does guard intersect boundary ray 16.4249 19.423 11.8433 19.2606?1
	is guard inside polygon? 0
0 other guards have coords 11.9794 19.2654
	 new best guard at 11.9794 19.2654
scaling gradient with 16 to -35.447 -6.78656
	>>>> prev guard 16.4249 19.423 cur guard 6.07444 18.3852
	was guard reflex vertex? 0
	was guard in reflex area? 0
	does guard intersect boundary ray 16.4249 19.423 6.07444 18.3852?1
	is guard inside polygon? 1
0 other guards have coords 12.3183 19.0113
scaling gradient with 32 to -70.894 -13.5731
	>>>> prev guard 16.4249 19.423 cur guard 0.490535 17.0337
	was guard reflex vertex? 0
	was guard in reflex area? 0
	does guard intersect boundary ray 16.4249 19.423 0.490535 17.0337?1
	is guard inside polygon? 0
0 other guards have coords 12.545 18.8412
Df=0 0
h=0 0
Df=0 0
h=0 0
Df=-0.0155464 -0.0320131
h=-0.00305543 0.0014838
Df=0 0
h=0 0
Df=-1.09217 -0.180067
h=-0.0689446 0.418174
Df=0 0
h=0 0
Df=-2.93234 -0.356905
h=-0.072 0.419658
is completely visible? 0
are areas equal? 103=96.9829?0
+++++1 guards with gradient 0
	======== guard 3.81418 21.0856
	was guard reflex vertex? 0
	computed gradient 0.0581617 0.302384 and pull 0.0999068 0.0138311
	------- removing guard 3.81418 21.0856
g2=3.81418 21.0856
area2=82.2387
alpha2=0.5
scaling gradient with 0.03125 to 0.00181755 0.00944951
	>>>> prev guard 3.81418 21.0856 cur guard 3.82262 21.9338
	was guard reflex vertex? 0
	was guard in reflex area? 0
	does guard intersect boundary ray 3.81418 21.0856 3.82262 21.9338?1
	is guard inside polygon? 0
0 other guards have coords 4.22436 21.6325
	 new best guard at 4.22436 21.6325
scaling gradient with 0.0625 to 0.00363511 0.018899
	>>>> prev guard 3.81418 21.0856 cur guard 4.24146 22.3143
	was guard reflex vertex? 0
	was guard in reflex area? 0
	does guard intersect boundary ray 3.81418 21.0856 4.24146 22.3143?1
	is guard inside polygon? 0
0 other guards have coords 4.5578 22.0771
	 new best guard at 4.5578 22.0771
scaling gradient with 0.125 to 0.00727021 0.037798
	>>>> prev guard 3.81418 21.0856 cur guard 4.5822 22.6277
	was guard reflex vertex? 0
	was guard in reflex area? 0
	does guard intersect boundary ray 3.81418 21.0856 4.5822 22.6277?1
	is guard inside polygon? 0
0 other guards have coords 4.83088 22.4412
	 new best guard at 4.83088 22.4412
scaling gradient with 0.25 to 0.0145404 0.0755961
	>>>> prev guard 3.81418 21.0856 cur guard 4.86185 22.8906
	was guard reflex vertex? 0
	was guard in reflex area? 0
	does guard intersect boundary ray 3.81418 21.0856 4.86185 22.8906?1
	is guard inside polygon? 0
0 other guards have coords 5.05776 22.7437
	 new best guard at 5.05776 22.7437
scaling gradient with 0.5 to 0.0290808 0.151192
	>>>> prev guard 3.81418 21.0856 cur guard 5.09544 23.1197
	was guard reflex vertex? 0
	was guard in reflex area? 0
	does guard intersect boundary ray 3.81418 21.0856 5.09544 23.1197?1
	is guard inside polygon? 0
0 other guards have coords 5.25184 23.0024
	 new best guard at 5.25184 23.0024
scaling gradient with 1 to 0.0581617 0.302384
	>>>> prev guard 3.81418 21.0856 cur guard 5.29778 23.3349
	was guard reflex vertex? 0
	was guard in reflex area? 0
	does guard intersect boundary ray 3.81418 21.0856 5.29778 23.3349?1
	is guard inside polygon? 0
0 other guards have coords 5.42796 23.2373
	 new best guard at 5.42796 23.2373
scaling gradient with 2 to 0.116323 0.604768
	>>>> prev guard 3.81418 21.0856 cur guard 5.48634 23.5651
	was guard reflex vertex? 0
	was guard in reflex area? 0
	does guard intersect boundary ray 3.81418 21.0856 5.48634 23.5651?1
	is guard inside polygon? 0
0 other guards have coords 5.60634 23.4751
	 new best guard at 5.60634 23.4751
scaling gradient with 4 to 0.232647 1.20954
	>>>> prev guard 3.81418 21.0856 cur guard 5.6863 23.8597
	was guard reflex vertex? 0
	was guard in reflex area? 0
	does guard intersect boundary ray 3.81418 21.0856 5.6863 23.8597?1
	is guard inside polygon? 0
0 other guards have coords 5.81973 23.7596
	 new best guard at 5.81973 23.7596
scaling gradient with 8 to 0.465293 2.41907
	>>>> prev guard 3.81418 21.0856 cur guard 5.94022 24.3106
	was guard reflex vertex? 0
	was guard in reflex area? 0
	does guard intersect boundary ray 3.81418 21.0856 5.94022 24.3106?1
	is guard inside polygon? 1
0 other guards have coords 6.12758 24.1701
	 new best guard at 6.12758 24.1701
scaling gradient with 16 to 0.930587 4.83815
	>>>> prev guard 3.81418 21.0856 cur guard 6.32701 25.0961
	was guard reflex vertex? 0
	was guard in reflex area? 0
	does guard intersect boundary ray 3.81418 21.0856 6.32701 25.0961?1
	is guard inside polygon? 1
0 other guards have coords 6.64384 24.8585
scaling gradient with 32 to 1.86117 9.6763
	>>>> prev guard 3.81418 21.0856 cur guard 6.9995 26.5683
	was guard reflex vertex? 0
	was guard in reflex area? 0
	does guard intersect boundary ray 3.81418 21.0856 6.9995 26.5683?1
	is guard inside polygon? 0
0 other guards have coords 6 24
	 new best guard at 6 24
Df=-0.0608039 0.0456029
h=0.0125179 0.0166905
Df=-0.000195408 0.000213604
h=4.94707e-05 4.52564e-05
Df=0.0107527 -0.026512
h=0.00341899 0.00138667
Df=0.00510737 -0.068062
h=0.00556969 0.000417949
Df=7.75218e-06 9.41609e-05
h=7.117e-06 -5.85936e-07
Df=0.0255614 0.1692
h=0.0232822 -0.00351729
Df=0.000169475 0.00028483
h=4.72014e-05 -2.8085e-05
Df=0.0484814 0.0303708
h=0.00506091 -0.00807883
Df=0.355659 1.70979
h=0.0499534 0.00691556
is completely visible? 0
are areas equal? 103=102.04?0
i=5
area=102.04
+++++3 guards with gradient 0
	======== guard 14.7295 17.2029
	was guard reflex vertex? 0
	computed gradient -0 -0 and pull -0 0
	======== guard 11.9794 19.2654
	was guard reflex vertex? 0
	computed gradient 0.273946 -0.402779 and pull 0.0828355 0.0563397
	------- removing guard 11.9794 19.2654
g1=11.9794 19.2654
area1=56.5463
alpha1=0.5
scaling gradient with 0.03125 to 0.00856082 -0.0125869
	>>>> prev guard 11.9794 19.2654 cur guard 9.64268 18.9843
	was guard reflex vertex? 0
	was guard in reflex area? 0
	does guard intersect boundary ray 11.9794 19.2654 9.64268 18.9843?1
	is guard inside polygon? 1
0 other guards have coords 10.6189 20.2859
	 new best guard at 10.6189 20.2859
scaling gradient with 0.0625 to 0.0171216 -0.0251737
	>>>> prev guard 11.9794 19.2654 cur guard 8.75947 20.0641
	was guard reflex vertex? 0
	was guard in reflex area? 0
	does guard intersect boundary ray 11.9794 19.2654 8.75947 20.0641?1
	is guard inside polygon? 1
0 other guards have coords 9.53531 21.0985
	 new best guard at 9.53531 21.0985
scaling gradient with 0.125 to 0.0342433 -0.0503474
	>>>> prev guard 11.9794 19.2654 cur guard 8.05951 20.9217
	was guard reflex vertex? 0
	was guard in reflex area? 0
	does guard intersect boundary ray 11.9794 19.2654 8.05951 20.9217?1
	is guard inside polygon? 1
0 other guards have coords 8.67569 21.7432
	 new best guard at 8.67569 21.7432
scaling gradient with 0.25 to 0.0684865 -0.100695
	>>>> prev guard 11.9794 19.2654 cur guard 7.51018 21.5973
	was guard reflex vertex? 0
	was guard in reflex area? 0
	does guard intersect boundary ray 11.9794 19.2654 7.51018 21.5973?1
	is guard inside polygon? 1
0 other guards have coords 7.9998 22.2502
	 new best guard at 7.9998 22.2502
scaling gradient with 0.5 to 0.136973 -0.20139
	>>>> prev guard 11.9794 19.2654 cur guard 7.08937 22.1189
	was guard reflex vertex? 0
	was guard in reflex area? 0
	does guard intersect boundary ray 11.9794 19.2654 7.08937 22.1189?1
	is guard inside polygon? 1
0 other guards have coords 7.48012 22.6399
scaling gradient with 1 to 0.273946 -0.402779
	>>>> prev guard 11.9794 19.2654 cur guard 6.78745 22.5003
	was guard reflex vertex? 0
	was guard in reflex area? 0
	does guard intersect boundary ray 11.9794 19.2654 6.78745 22.5003?1
	is guard inside polygon? 1
0 other guards have coords 7.10383 22.9221
scaling gradient with 2 to 0.547892 -0.805559
	>>>> prev guard 11.9794 19.2654 cur guard 6.61278 22.7355
	was guard reflex vertex? 0
	was guard in reflex area? 0
	does guard intersect boundary ray 11.9794 19.2654 6.61278 22.7355?1
	is guard inside polygon? 1
0 other guards have coords 6.87914 23.0906
scaling gradient with 4 to 1.09578 -1.61112
	>>>> prev guard 11.9794 19.2654 cur guard 6.60415 22.7859
	was guard reflex vertex? 0
	was guard in reflex area? 0
	does guard intersect boundary ray 11.9794 19.2654 6.60415 22.7859?1
	is guard inside polygon? 1
0 other guards have coords 6.84944 23.1129
scaling gradient with 8 to 2.19157 -3.22224
	>>>> prev guard 11.9794 19.2654 cur guard 6.85689 22.5525
	was guard reflex vertex? 0
	was guard in reflex area? 0
	does guard intersect boundary ray 11.9794 19.2654 6.85689 22.5525?1
	is guard inside polygon? 1
0 other guards have coords 7.12321 22.9076
scaling gradient with 16 to 4.38314 -6.44447
	>>>> prev guard 11.9794 19.2654 cur guard 7.57577 21.8205
	was guard reflex vertex? 0
	was guard in reflex area? 0
	does guard intersect boundary ray 11.9794 19.2654 7.57577 21.8205?1
	is guard inside polygon? 1
0 other guards have coords 7.93468 22.299
scaling gradient with 32 to 8.76628 -12.8889
	>>>> prev guard 11.9794 19.2654 cur guard 9.18163 20.146
	was guard reflex vertex? 0
	was guard in reflex area? 0
	does guard intersect boundary ray 11.9794 19.2654 9.18163 20.146?1
	is guard inside polygon? 1
0 other guards have coords 9.76616 20.9254
Df=0 0
h=0 0
Df=0 0
h=0 0
Df=0 0
h=0 0
Df=0 0
h=0 0
Df=0.136973 -0.20139
h=0.0414178 0.0281698
Df=0 0
h=0 0
Df=-1.16551 -0.14591
h=0.0414178 0.0281698
is completely visible? 1
are areas equal? 103=103?1
i=7
area=103
g0=14.7295 17.2029
alpha0=0.5
area0=55.6454
g1=7.9998 22.2502
alpha1=0.5
area1=99.4834
g2=6 24
alpha2=0.5
area2=95.14
