18
6 24 3 20
5 26 6 24
7 16 7 12
3 20 7 16
8 26 7 24
5 26 8 26
10 13 7 12
9 18 10 13
11 20 9 18
11 24 7 24
15 17 11 20
15 27 11 24
16 22 15 27
17 17 15 17
19 19 17 17
17 20 19 19
19 21 17 20
16 22 19 21
total area=103
i=0
area=101.037
+++++3 guards with gradient 0
	======== guard 6 22.26
	was guard reflex vertex? 0
	computed gradient -3.89376 0.0548471 and pull 0.0780587 2.69103
	------- removing guard 6 22.26
g0=6 22.26
area0=93.4363
alpha0=0.4
scaling gradient with 0.03125 to -0.12168 0.00171397
pull reduced from 7.24775 to 	>>>> prev guard 6 22.26 cur guard 5.99027 22.2601
	was guard reflex vertex? 0
	was guard in reflex area? 0
	does guard intersect boundary ray 6 22.26 5.99027 22.2601?0
	is guard inside polygon? 1
0 other guards have coords 5.99027 22.2601
	 new best guard at 5.99027 22.2601
scaling gradient with 0.0625 to -0.24336 0.00342794
pull reduced from 7.24775 to 	>>>> prev guard 6 22.26 cur guard 5.96301 22.2605
	was guard reflex vertex? 0
	was guard in reflex area? 0
	does guard intersect boundary ray 6 22.26 5.96301 22.2605?0
	is guard inside polygon? 1
0 other guards have coords 5.96301 22.2605
scaling gradient with 0.125 to -0.48672 0.00685588
pull reduced from 7.24775 to 	>>>> prev guard 6 22.26 cur guard 5.90227 22.2615
	was guard reflex vertex? 0
	was guard in reflex area? 0
	does guard intersect boundary ray 6 22.26 5.90227 22.2615?0
	is guard inside polygon? 1
0 other guards have coords 5.90227 22.2615
scaling gradient with 0.25 to -0.97344 0.0137118
pull reduced from 7.24775 to 	>>>> prev guard 6 22.26 cur guard 5.77583 22.2641
	was guard reflex vertex? 0
	was guard in reflex area? 0
	does guard intersect boundary ray 6 22.26 5.77583 22.2641?0
	is guard inside polygon? 1
0 other guards have coords 5.77583 22.2641
scaling gradient with 0.5 to -1.94688 0.0274235
pull reduced from 7.24775 to 	>>>> prev guard 6 22.26 cur guard 5.519 22.2714
	was guard reflex vertex? 0
	was guard in reflex area? 0
	does guard intersect boundary ray 6 22.26 5.519 22.2714?0
	is guard inside polygon? 1
0 other guards have coords 5.519 22.2714
scaling gradient with 1 to -3.89376 0.0548471
pull reduced from 7.24775 to 	>>>> prev guard 6 22.26 cur guard 5.0024 22.2938
	was guard reflex vertex? 0
	was guard in reflex area? 0
	does guard intersect boundary ray 6 22.26 5.0024 22.2938?0
	is guard inside polygon? 1
0 other guards have coords 5.0024 22.2938
scaling gradient with 2 to -7.78752 0.109694
pull reduced from 7.24775 to 	>>>> prev guard 6 22.26 cur guard 3.96756 22.3702
	was guard reflex vertex? 0
	was guard in reflex area? 0
	does guard intersect boundary ray 6 22.26 3.96756 22.3702?1
	is guard inside polygon? 0
0 other guards have coords 4.74597 22.328
scaling gradient with 4 to -15.575 0.219388
pull reduced from 7.24775 to 	>>>> prev guard 6 22.26 cur guard 2.67789 22.6065
	was guard reflex vertex? 0
	was guard in reflex area? 0
	does guard intersect boundary ray 6 22.26 2.67789 22.6065?1
	is guard inside polygon? 0
0 other guards have coords 4.78968 22.3862
scaling gradient with 8 to -31.1501 0.438776
	>>>> prev guard 6 22.26 cur guard 0.64945 22.8594
	was guard reflex vertex? 0
	was guard in reflex area? 0
	does guard intersect boundary ray 6 22.26 0.64945 22.8594?1
	is guard inside polygon? 0
0 other guards have coords 4.79615 22.3949
scaling gradient with 16 to -62.3002 0.877553
	>>>> prev guard 6 22.26 cur guard -3.4938 23.0589
	was guard reflex vertex? 0
	was guard in reflex area? 0
	does guard intersect boundary ray 6 22.26 -3.4938 23.0589?1
	is guard inside polygon? 0
0 other guards have coords 4.77247 22.3633
scaling gradient with 32 to -124.6 1.75511
	>>>> prev guard 6 22.26 cur guard -11.8213 23.2502
	was guard reflex vertex? 0
	was guard in reflex area? 0
	does guard intersect boundary ray 6 22.26 -11.8213 23.2502?1
	is guard inside polygon? 0
0 other guards have coords 4.74721 22.3296
Df=-1.99117 0
h=0 1.14435
Df=-0.000432021 0.000248288
h=0.000123718 0.000215269
Df=0 0
h=0 0
Df=-0.00337808 -0.129926
h=0.0129882 -0.000337694
Df=0.017362 0.0845051
h=0.0075251 -0.00154607
Df=0 0
h=0 0
Df=0 0
h=0 0
Df=0.420118 0.0671115
h=0.0105865 -0.0662713
Df=-0.0097344 0.000137118
h=0.0312235 1.07641
is completely visible? 0
are areas equal? 103=101.017?0
+++++2 guards with gradient 0
	======== guard 16.23 18.6
	was guard reflex vertex? 0
	computed gradient -0.0825129 2.63859 and pull -0.227201 0.536468
	------- removing guard 16.23 18.6
g1=16.23 18.6
area1=63.2586
alpha1=0.4
scaling gradient with 0.03125 to -0.00257853 0.0824561
pull reduced from 0.339419 to 	>>>> prev guard 16.23 18.6 cur guard 16.2298 18.6066
	was guard reflex vertex? 0
	was guard in reflex area? 0
	does guard intersect boundary ray 16.23 18.6 16.2298 18.6066?0
	is guard inside polygon? 1
0 other guards have coords 16.2298 18.6066
	 new best guard at 16.2298 18.6066
scaling gradient with 0.0625 to -0.00515706 0.164912
pull reduced from 0.339419 to 	>>>> prev guard 16.23 18.6 cur guard 16.2292 18.6251
	was guard reflex vertex? 0
	was guard in reflex area? 0
	does guard intersect boundary ray 16.23 18.6 16.2292 18.6251?0
	is guard inside polygon? 1
0 other guards have coords 16.2292 18.6251
	 new best guard at 16.2292 18.6251
scaling gradient with 0.125 to -0.0103141 0.329824
pull reduced from 0.339419 to 	>>>> prev guard 16.23 18.6 cur guard 16.2278 18.6666
	was guard reflex vertex? 0
	was guard in reflex area? 0
	does guard intersect boundary ray 16.23 18.6 16.2278 18.6666?0
	is guard inside polygon? 1
0 other guards have coords 16.2278 18.6666
	 new best guard at 16.2278 18.6666
scaling gradient with 0.25 to -0.0206282 0.659649
pull reduced from 0.339419 to 	>>>> prev guard 16.23 18.6 cur guard 16.2244 18.7539
	was guard reflex vertex? 0
	was guard in reflex area? 0
	does guard intersect boundary ray 16.23 18.6 16.2244 18.7539?0
	is guard inside polygon? 1
0 other guards have coords 16.2244 18.7539
	 new best guard at 16.2244 18.7539
scaling gradient with 0.5 to -0.0412564 1.3193
pull reduced from 0.339419 to 	>>>> prev guard 16.23 18.6 cur guard 16.2159 18.9353
	was guard reflex vertex? 0
	was guard in reflex area? 0
	does guard intersect boundary ray 16.23 18.6 16.2159 18.9353?0
	is guard inside polygon? 1
0 other guards have coords 16.2159 18.9353
	 new best guard at 16.2159 18.9353
scaling gradient with 1 to -0.0825129 2.63859
pull reduced from 0.339419 to 	>>>> prev guard 16.23 18.6 cur guard 16.1914 19.3176
	was guard reflex vertex? 0
	was guard in reflex area? 0
	does guard intersect boundary ray 16.23 18.6 16.1914 19.3176?0
	is guard inside polygon? 1
0 other guards have coords 16.1914 19.3176
	 new best guard at 16.1914 19.3176
scaling gradient with 2 to -0.165026 5.27719
	>>>> prev guard 16.23 18.6 cur guard 16.1405 20.0885
	was guard reflex vertex? 0
	was guard in reflex area? 0
	does guard intersect boundary ray 16.23 18.6 16.1405 20.0885?0
	is guard inside polygon? 1
0 other guards have coords 16.1405 20.0885
	 new best guard at 16.1405 20.0885
scaling gradient with 4 to -0.330052 10.5544
	>>>> prev guard 16.23 18.6 cur guard 16.0551 21.5925
	was guard reflex vertex? 0
	was guard in reflex area? 0
	does guard intersect boundary ray 16.23 18.6 16.0551 21.5925?0
	is guard inside polygon? 1
0 other guards have coords 16.0551 21.5925
	 new best guard at 16.0551 21.5925
scaling gradient with 8 to -0.660103 21.1088
	>>>> prev guard 16.23 18.6 cur guard 15.9159 24.5273
	was guard reflex vertex? 0
	was guard in reflex area? 0
	does guard intersect boundary ray 16.23 18.6 15.9159 24.5273?1
	is guard inside polygon? 0
0 other guards have coords 16.0507 21.9831
scaling gradient with 16 to -1.32021 42.2175
	>>>> prev guard 16.23 18.6 cur guard 15.8155 27.7513
	was guard reflex vertex? 0
	was guard in reflex area? 0
	does guard intersect boundary ray 16.23 18.6 15.8155 27.7513?1
	is guard inside polygon? 0
0 other guards have coords 16.0772 21.9743
scaling gradient with 32 to -2.64041 84.435
	>>>> prev guard 16.23 18.6 cur guard 15.6596 33.3865
	was guard reflex vertex? 0
	was guard in reflex area? 0
	does guard intersect boundary ray 16.23 18.6 15.6596 33.3865?1
	is guard inside polygon? 0
0 other guards have coords 16.1001 21.9666
Df=0.256831 0.959448
h=-0.177212 0.0474371
Df=-0.0201238 -0.0381234
h=-0.00329566 0.00173965
Df=-0.00609241 -0.0104135
h=-0.000973809 0.000569726
Df=-0.000305771 -0.000296145
h=-3.9394e-05 4.06745e-05
Df=0 0
h=0 0
Df=-0.263314 0.144823
h=0.0906401 0.1648
Df=-0.0853456 1.50401
h=-0.0908803 0.214587
is completely visible? 0
are areas equal? 103=100.915?0
+++++1 guards with gradient 0
	======== guard 13.38 25.53
	was guard reflex vertex? 0
	computed gradient 0.387606 -0.957702 and pull -0.375916 -0.285529
	------- removing guard 13.38 25.53
g2=13.38 25.53
area2=70.9864
alpha2=0.4
scaling gradient with 0.03125 to 0.0121127 -0.0299282
pull reduced from 0.22284 to 	>>>> prev guard 13.38 25.53 cur guard 13.381 25.5276
	was guard reflex vertex? 0
	was guard in reflex area? 0
	does guard intersect boundary ray 13.38 25.53 13.381 25.5276?0
	is guard inside polygon? 1
0 other guards have coords 13.381 25.5276
	 new best guard at 13.381 25.5276
scaling gradient with 0.0625 to 0.0242254 -0.0598564
pull reduced from 0.22284 to 	>>>> prev guard 13.38 25.53 cur guard 13.3837 25.5209
	was guard reflex vertex? 0
	was guard in reflex area? 0
	does guard intersect boundary ray 13.38 25.53 13.3837 25.5209?0
	is guard inside polygon? 1
0 other guards have coords 13.3837 25.5209
	 new best guard at 13.3837 25.5209
scaling gradient with 0.125 to 0.0484507 -0.119713
pull reduced from 0.22284 to 	>>>> prev guard 13.38 25.53 cur guard 13.3897 25.5059
	was guard reflex vertex? 0
	was guard in reflex area? 0
	does guard intersect boundary ray 13.38 25.53 13.3897 25.5059?0
	is guard inside polygon? 1
0 other guards have coords 13.3897 25.5059
	 new best guard at 13.3897 25.5059
scaling gradient with 0.25 to 0.0969015 -0.239426
pull reduced from 0.22284 to 	>>>> prev guard 13.38 25.53 cur guard 13.402 25.4746
	was guard reflex vertex? 0
	was guard in reflex area? 0
	does guard intersect boundary ray 13.38 25.53 13.402 25.4746?0
	is guard inside polygon? 1
0 other guards have coords 13.402 25.4746
	 new best guard at 13.402 25.4746
scaling gradient with 0.5 to 0.193803 -0.478851
pull reduced from 0.22284 to 	>>>> prev guard 13.38 25.53 cur guard 13.4264 25.4105
	was guard reflex vertex? 0
	was guard in reflex area? 0
	does guard intersect boundary ray 13.38 25.53 13.4264 25.4105?0
	is guard inside polygon? 1
0 other guards have coords 13.4264 25.4105
	 new best guard at 13.4264 25.4105
scaling gradient with 1 to 0.387606 -0.957702
pull reduced from 0.22284 to 	>>>> prev guard 13.38 25.53 cur guard 13.473 25.2797
	was guard reflex vertex? 0
	was guard in reflex area? 0
	does guard intersect boundary ray 13.38 25.53 13.473 25.2797?0
	is guard inside polygon? 1
0 other guards have coords 13.473 25.2797
	 new best guard at 13.473 25.2797
scaling gradient with 2 to 0.775212 -1.9154
pull reduced from 0.22284 to 	>>>> prev guard 13.38 25.53 cur guard 13.556 25.0093
	was guard reflex vertex? 0
	was guard in reflex area? 0
	does guard intersect boundary ray 13.38 25.53 13.556 25.0093?0
	is guard inside polygon? 1
0 other guards have coords 13.556 25.0093
	 new best guard at 13.556 25.0093
scaling gradient with 4 to 1.55042 -3.83081
	>>>> prev guard 13.38 25.53 cur guard 13.7163 24.4638
	was guard reflex vertex? 0
	was guard in reflex area? 0
	does guard intersect boundary ray 13.38 25.53 13.7163 24.4638?0
	is guard inside polygon? 1
0 other guards have coords 13.7163 24.4638
	 new best guard at 13.7163 24.4638
scaling gradient with 8 to 3.10085 -7.66162
	>>>> prev guard 13.38 25.53 cur guard 14.0626 23.3916
	was guard reflex vertex? 0
	was guard in reflex area? 0
	does guard intersect boundary ray 13.38 25.53 14.0626 23.3916?0
	is guard inside polygon? 1
0 other guards have coords 14.0626 23.3916
	 new best guard at 14.0626 23.3916
scaling gradient with 16 to 6.20169 -15.3232
	>>>> prev guard 13.38 25.53 cur guard 14.8057 21.2851
	was guard reflex vertex? 0
	was guard in reflex area? 0
	does guard intersect boundary ray 13.38 25.53 14.8057 21.2851?0
	is guard inside polygon? 1
0 other guards have coords 14.8057 21.2851
	 new best guard at 14.8057 21.2851
scaling gradient with 32 to 12.4034 -30.6465
	>>>> prev guard 13.38 25.53 cur guard 16.3624 17.1254
	was guard reflex vertex? 0
	was guard in reflex area? 0
	does guard intersect boundary ray 13.38 25.53 16.3624 17.1254?0
	is guard inside polygon? 1
0 other guards have coords 16.3624 17.1254
	 new best guard at 16.3624 17.1254
Df=0.264968 -0.412172
h=-0.145677 -0.0936493
Df=-0.0184919 -0.0137249
h=0.00312209 -0.00420647
Df=0.000586952 0.000384225
h=5.81324e-05 -8.88044e-05
Df=-0.0667857 0.0287432
h=-0.0047743 -0.0110932
Df=-0.0365078 0.0212356
h=-0.00243773 -0.00419089
Df=0.0112729 -0.00754679
h=-0.000658048 -0.000982946
Df=1.55667 -4.15974
h=-0.150367 -0.114212
is completely visible? 0
are areas equal? 103=100.979?0
i=1
area=100.979
+++++3 guards with gradient 0
	======== guard 5.99027 22.2601
	was guard reflex vertex? 0
	computed gradient 1.0226 -0.100259 and pull 0.0142957 0.567828
	------- removing guard 5.99027 22.2601
g0=5.99027 22.2601
area0=93.3911
alpha0=0.4
scaling gradient with 0.03125 to 0.0319562 -0.00313308
pull reduced from 0.322633 to 	>>>> prev guard 5.99027 22.2601 cur guard 5.98504 22.2601
	was guard reflex vertex? 0
	was guard in reflex area? 0
	does guard intersect boundary ray 5.99027 22.2601 5.98504 22.2601?0
	is guard inside polygon? 1
0 other guards have coords 5.98504 22.2601
	 new best guard at 5.98504 22.2601
scaling gradient with 0.0625 to 0.0639123 -0.00626616
pull reduced from 0.322633 to 	>>>> prev guard 5.99027 22.2601 cur guard 5.98597 22.2596
	was guard reflex vertex? 0
	was guard in reflex area? 0
	does guard intersect boundary ray 5.99027 22.2601 5.98597 22.2596?0
	is guard inside polygon? 1
0 other guards have coords 5.98597 22.2596
	 new best guard at 5.98597 22.2596
scaling gradient with 0.125 to 0.127825 -0.0125323
pull reduced from 0.322633 to 	>>>> prev guard 5.99027 22.2601 cur guard 5.99694 22.2581
	was guard reflex vertex? 0
	was guard in reflex area? 0
	does guard intersect boundary ray 5.99027 22.2601 5.99694 22.2581?0
	is guard inside polygon? 1
0 other guards have coords 5.99694 22.2581
	 new best guard at 5.99694 22.2581
scaling gradient with 0.25 to 0.255649 -0.0250646
pull reduced from 0.322633 to 	>>>> prev guard 5.99027 22.2601 cur guard 6.02617 22.2551
	was guard reflex vertex? 0
	was guard in reflex area? 0
	does guard intersect boundary ray 5.99027 22.2601 6.02617 22.2551?0
	is guard inside polygon? 1
0 other guards have coords 6.02617 22.2551
	 new best guard at 6.02617 22.2551
scaling gradient with 0.5 to 0.511299 -0.0501293
pull reduced from 0.322633 to 	>>>> prev guard 5.99027 22.2601 cur guard 6.09048 22.2494
	was guard reflex vertex? 0
	was guard in reflex area? 0
	does guard intersect boundary ray 5.99027 22.2601 6.09048 22.2494?0
	is guard inside polygon? 1
0 other guards have coords 6.09048 22.2494
	 new best guard at 6.09048 22.2494
scaling gradient with 1 to 1.0226 -0.100259
pull reduced from 0.322633 to 	>>>> prev guard 5.99027 22.2601 cur guard 6.22382 22.2405
	was guard reflex vertex? 0
	was guard in reflex area? 0
	does guard intersect boundary ray 5.99027 22.2601 6.22382 22.2405?0
	is guard inside polygon? 1
0 other guards have coords 6.22382 22.2405
	 new best guard at 6.22382 22.2405
scaling gradient with 2 to 2.04519 -0.200517
pull reduced from 0.322633 to 	>>>> prev guard 5.99027 22.2601 cur guard 6.49451 22.2331
	was guard reflex vertex? 0
	was guard in reflex area? 0
	does guard intersect boundary ray 5.99027 22.2601 6.49451 22.2331?0
	is guard inside polygon? 1
0 other guards have coords 6.49451 22.2331
	 new best guard at 6.49451 22.2331
scaling gradient with 4 to 4.09039 -0.401034
	>>>> prev guard 5.99027 22.2601 cur guard 7.03944 22.2405
	was guard reflex vertex? 0
	was guard in reflex area? 0
	does guard intersect boundary ray 5.99027 22.2601 7.03944 22.2405?0
	is guard inside polygon? 1
0 other guards have coords 7.03944 22.2405
	 new best guard at 7.03944 22.2405
scaling gradient with 8 to 8.18078 -0.802068
	>>>> prev guard 5.99027 22.2601 cur guard 8.13098 22.2277
	was guard reflex vertex? 0
	was guard in reflex area? 0
	does guard intersect boundary ray 5.99027 22.2601 8.13098 22.2277?0
	is guard inside polygon? 1
0 other guards have coords 8.13098 22.2277
	 new best guard at 8.13098 22.2277
scaling gradient with 16 to 16.3616 -1.60414
	>>>> prev guard 5.99027 22.2601 cur guard 10.3143 22.1345
	was guard reflex vertex? 0
	was guard in reflex area? 0
	does guard intersect boundary ray 5.99027 22.2601 10.3143 22.1345?0
	is guard inside polygon? 1
0 other guards have coords 10.3143 22.1345
scaling gradient with 32 to 32.7231 -3.20827
	>>>> prev guard 5.99027 22.2601 cur guard 14.6799 21.8487
	was guard reflex vertex? 0
	was guard in reflex area? 0
	does guard intersect boundary ray 5.99027 22.2601 14.6799 21.8487?0
	is guard inside polygon? 1
0 other guards have coords 14.6799 21.8487
Df=0.398334 -0.00222865
h=0.00128091 0.228942
Df=-0.000429949 0.000249522
h=0.000124039 0.000213731
Df=0 0
h=0 0
Df=-0.00104183 -0.0400884
h=0.00400358 -0.000104047
Df=0 0
h=0 0
Df=0 0
h=0 0
Df=0 0
h=0 0
Df=0.0121768 0.00196407
h=0.000309739 -0.00192032
Df=1.09155 -0.0128262
h=0.00571828 0.227131
is completely visible? 0
are areas equal? 103=100.724?0
+++++2 guards with gradient 0
	======== guard 16.0551 21.5925
	was guard reflex vertex? 0
	computed gradient -0.182692 -0.724853 and pull -0.105618 -0.0842952
	------- removing guard 16.0551 21.5925
g1=16.0551 21.5925
area1=77.4949
alpha1=0.4
scaling gradient with 0.03125 to -0.00570912 -0.0226516
	>>>> prev guard 16.0551 21.5925 cur guard 15.9779 22.7871
	was guard reflex vertex? 0
	was guard in reflex area? 0
	does guard intersect boundary ray 16.0551 21.5925 15.9779 22.7871?1
	is guard inside polygon? 0
0 other guards have coords 16.0294 21.9902
	 new best guard at 16.0294 21.9902
scaling gradient with 0.0625 to -0.0114182 -0.0453033
	>>>> prev guard 16.0551 21.5925 cur guard 15.9583 22.9355
	was guard reflex vertex? 0
	was guard in reflex area? 0
	does guard intersect boundary ray 16.0551 21.5925 15.9583 22.9355?1
	is guard inside polygon? 0
0 other guards have coords 16.0264 21.9912
	 new best guard at 16.0264 21.9912
scaling gradient with 0.125 to -0.0228365 -0.0906066
	>>>> prev guard 16.0551 21.5925 cur guard 15.9592 22.7335
	was guard reflex vertex? 0
	was guard in reflex area? 0
	does guard intersect boundary ray 16.0551 21.5925 15.9592 22.7335?1
	is guard inside polygon? 0
0 other guards have coords 16.0215 21.9928
	 new best guard at 16.0215 21.9928
scaling gradient with 0.25 to -0.045673 -0.181213
	>>>> prev guard 16.0551 21.5925 cur guard 15.9556 22.5654
	was guard reflex vertex? 0
	was guard in reflex area? 0
	does guard intersect boundary ray 16.0551 21.5925 15.9556 22.5654?1
	is guard inside polygon? 0
0 other guards have coords 16.0139 21.9954
	 new best guard at 16.0139 21.9954
scaling gradient with 0.5 to -0.091346 -0.362426
	>>>> prev guard 16.0551 21.5925 cur guard 15.9455 22.4177
	was guard reflex vertex? 0
	was guard in reflex area? 0
	does guard intersect boundary ray 16.0551 21.5925 15.9455 22.4177?1
	is guard inside polygon? 0
0 other guards have coords 16.001 21.9997
	 new best guard at 16.001 21.9997
scaling gradient with 1 to -0.182692 -0.724853
	>>>> prev guard 16.0551 21.5925 cur guard 15.9232 22.2728
	was guard reflex vertex? 0
	was guard in reflex area? 0
	does guard intersect boundary ray 16.0551 21.5925 15.9232 22.2728?0
	is guard inside polygon? 1
0 other guards have coords 15.9232 22.2728
	 new best guard at 15.9232 22.2728
scaling gradient with 2 to -0.365384 -1.44971
	>>>> prev guard 16.0551 21.5925 cur guard 15.8233 22.3686
	was guard reflex vertex? 0
	was guard in reflex area? 0
	does guard intersect boundary ray 16.0551 21.5925 15.8233 22.3686?0
	is guard inside polygon? 1
0 other guards have coords 15.8233 22.3686
	 new best guard at 15.8233 22.3686
scaling gradient with 4 to -0.730768 -2.89941
	>>>> prev guard 16.0551 21.5925 cur guard 15.6765 22.2065
	was guard reflex vertex? 0
	was guard in reflex area? 0
	does guard intersect boundary ray 16.0551 21.5925 15.6765 22.2065?0
	is guard inside polygon? 1
0 other guards have coords 15.6765 22.2065
	 new best guard at 15.6765 22.2065
scaling gradient with 8 to -1.46154 -5.79882
	>>>> prev guard 16.0551 21.5925 cur guard 15.4336 21.6062
	was guard reflex vertex? 0
	was guard in reflex area? 0
	does guard intersect boundary ray 16.0551 21.5925 15.4336 21.6062?0
	is guard inside polygon? 1
0 other guards have coords 15.4336 21.6062
scaling gradient with 16 to -2.92307 -11.5976
	>>>> prev guard 16.0551 21.5925 cur guard 14.997 20.1914
	was guard reflex vertex? 0
	was guard in reflex area? 0
	does guard intersect boundary ray 16.0551 21.5925 14.997 20.1914?0
	is guard inside polygon? 1
0 other guards have coords 14.997 20.1914
scaling gradient with 32 to -5.84614 -23.1953
	>>>> prev guard 16.0551 21.5925 cur guard 14.1716 17.1972
	was guard reflex vertex? 0
	was guard in reflex area? 0
	does guard intersect boundary ray 16.0551 21.5925 14.1716 17.1972?1
	is guard inside polygon? 0
0 other guards have coords 14.3091 17.5181
Df=-0.0357155 0.113373
h=-0.0213911 -0.00673875
Df=-0.106369 -0.444259
h=-0.042968 0.0102879
Df=0 0
h=0 0
Df=0 0
h=0 0
Df=0 0
h=0 0
Df=0.0690082 0.0409451
h=0.022112 -0.0372672
Df=-0.14685 -0.162066
h=-0.042247 -0.0337181
is completely visible? 0
are areas equal? 103=100.724?0
+++++1 guards with gradient 0
	======== guard 16.3624 17.1254
	was guard reflex vertex? 0
	computed gradient -0.644671 0.522217 and pull -0.114752 0.258713
	------- removing guard 16.3624 17.1254
g2=16.3624 17.1254
area2=57.9652
alpha2=0.4
scaling gradient with 0.03125 to -0.020146 0.0163193
	>>>> prev guard 16.3624 17.1254 cur guard 17.5969 13.8196
	was guard reflex vertex? 0
	was guard in reflex area? 0
	does guard intersect boundary ray 16.3624 17.1254 17.5969 13.8196?1
	is guard inside polygon? 0
0 other guards have coords 16.4092 17
	 new best guard at 16.4092 17
scaling gradient with 0.0625 to -0.0402919 0.0326386
	>>>> prev guard 16.3624 17.1254 cur guard 17.3844 14.3787
	was guard reflex vertex? 0
	was guard in reflex area? 0
	does guard intersect boundary ray 16.3624 17.1254 17.3844 14.3787?1
	is guard inside polygon? 0
0 other guards have coords 16.409 17
scaling gradient with 0.125 to -0.0805839 0.0652771
	>>>> prev guard 16.3624 17.1254 cur guard 17.1736 14.9289
	was guard reflex vertex? 0
	was guard in reflex area? 0
	does guard intersect boundary ray 16.3624 17.1254 17.1736 14.9289?1
	is guard inside polygon? 0
0 other guards have coords 16.4087 17
scaling gradient with 0.25 to -0.161168 0.130554
	>>>> prev guard 16.3624 17.1254 cur guard 16.9983 15.3742
	was guard reflex vertex? 0
	was guard in reflex area? 0
	does guard intersect boundary ray 16.3624 17.1254 16.9983 15.3742?1
	is guard inside polygon? 0
0 other guards have coords 16.4079 17
scaling gradient with 0.5 to -0.322335 0.261109
	>>>> prev guard 16.3624 17.1254 cur guard 16.8446 15.741
	was guard reflex vertex? 0
	was guard in reflex area? 0
	does guard intersect boundary ray 16.3624 17.1254 16.8446 15.741?1
	is guard inside polygon? 0
0 other guards have coords 16.4061 17
scaling gradient with 1 to -0.644671 0.522217
	>>>> prev guard 16.3624 17.1254 cur guard 16.6946 16.0553
	was guard reflex vertex? 0
	was guard in reflex area? 0
	does guard intersect boundary ray 16.3624 17.1254 16.6946 16.0553?1
	is guard inside polygon? 0
0 other guards have coords 16.4013 17
scaling gradient with 2 to -1.28934 1.04443
	>>>> prev guard 16.3624 17.1254 cur guard 16.5199 16.3485
	was guard reflex vertex? 0
	was guard in reflex area? 0
	does guard intersect boundary ray 16.3624 17.1254 16.5199 16.3485?1
	is guard inside polygon? 0
0 other guards have coords 16.3878 17
scaling gradient with 4 to -2.57868 2.08887
	>>>> prev guard 16.3624 17.1254 cur guard 16.2672 16.6666
	was guard reflex vertex? 0
	was guard in reflex area? 0
	does guard intersect boundary ray 16.3624 17.1254 16.2672 16.6666?1
	is guard inside polygon? 0
0 other guards have coords 16.3364 17
scaling gradient with 8 to -5.15737 4.17774
	>>>> prev guard 16.3624 17.1254 cur guard 15.8181 17.0882
	was guard reflex vertex? 0
	was guard in reflex area? 0
	does guard intersect boundary ray 16.3624 17.1254 15.8181 17.0882?0
	is guard inside polygon? 1
0 other guards have coords 15.8181 17.0882
scaling gradient with 16 to -10.3147 8.35547
	>>>> prev guard 16.3624 17.1254 cur guard 14.5691 17.8478
	was guard reflex vertex? 0
	was guard in reflex area? 0
	does guard intersect boundary ray 16.3624 17.1254 14.5691 17.8478?0
	is guard inside polygon? 1
0 other guards have coords 14.5691 17.8478
	 new best guard at 14.5691 17.8478
scaling gradient with 32 to -20.6295 16.7109
	>>>> prev guard 16.3624 17.1254 cur guard 11.9104 19.8132
	was guard reflex vertex? 0
	was guard in reflex area? 0
	does guard intersect boundary ray 16.3624 17.1254 11.9104 19.8132?0
	is guard inside polygon? 1
0 other guards have coords 11.9104 19.8132
	 new best guard at 11.9104 19.8132
Df=0.133001 0.248101
h=-0.0407773 0.0218597
Df=-0.00399722 -0.00602515
h=-0.000484515 0.000321438
Df=-0.00877241 -0.0119469
h=-0.00102855 0.000755247
Df=-0.000289398 -0.000225738
h=-2.58912e-05 3.31928e-05
Df=-0.353937 -0.0263119
h=-0.00538286 0.0724081
Df=-0.023873 0.00529523
h=0.00179835 0.00810767
Df=-2.65872 1.96531
h=-0.0459008 0.103485
is completely visible? 0
are areas equal? 103=100.724?0
i=2
area=100.724
+++++3 guards with gradient 0
	======== guard 8.13098 22.2277
	was guard reflex vertex? 0
	computed gradient -1.35838 -1.46359 and pull -0.565515 0.517743
	------- removing guard 8.13098 22.2277
g0=8.13098 22.2277
area0=99.6409
alpha0=0.4
scaling gradient with 0.03125 to -0.0424495 -0.0457371
	>>>> prev guard 8.13098 22.2277 cur guard 8.95558 22.2552
	was guard reflex vertex? 0
	was guard in reflex area? 0
	does guard intersect boundary ray 8.13098 22.2277 8.95558 22.2552?0
	is guard inside polygon? 1
0 other guards have coords 8.95558 22.2552
	 new best guard at 8.95558 22.2552
scaling gradient with 0.0625 to -0.084899 -0.0914741
	>>>> prev guard 8.13098 22.2277 cur guard 9.56323 22.3113
	was guard reflex vertex? 0
	was guard in reflex area? 0
	does guard intersect boundary ray 8.13098 22.2277 9.56323 22.3113?0
	is guard inside polygon? 1
0 other guards have coords 9.56323 22.3113
scaling gradient with 0.125 to -0.169798 -0.182948
	>>>> prev guard 8.13098 22.2277 cur guard 9.99052 22.3829
	was guard reflex vertex? 0
	was guard in reflex area? 0
	does guard intersect boundary ray 8.13098 22.2277 9.99052 22.3829?0
	is guard inside polygon? 1
0 other guards have coords 9.99052 22.3829
scaling gradient with 0.25 to -0.339596 -0.365896
	>>>> prev guard 8.13098 22.2277 cur guard 10.2599 22.4524
	was guard reflex vertex? 0
	was guard in reflex area? 0
	does guard intersect boundary ray 8.13098 22.2277 10.2599 22.4524?0
	is guard inside polygon? 1
0 other guards have coords 10.2599 22.4524
scaling gradient with 0.5 to -0.679192 -0.731793
pull reduced from 0.587864 to 	>>>> prev guard 8.13098 22.2277 cur guard 10.3839 22.4835
	was guard reflex vertex? 0
	was guard in reflex area? 0
	does guard intersect boundary ray 8.13098 22.2277 10.3839 22.4835?0
	is guard inside polygon? 1
0 other guards have coords 10.3839 22.4835
scaling gradient with 1 to -1.35838 -1.46359
pull reduced from 0.587864 to 	>>>> prev guard 8.13098 22.2277 cur guard 10.3666 22.3985
	was guard reflex vertex? 0
	was guard in reflex area? 0
	does guard intersect boundary ray 8.13098 22.2277 10.3666 22.3985?0
	is guard inside polygon? 1
0 other guards have coords 10.3666 22.3985
scaling gradient with 2 to -2.71677 -2.92717
pull reduced from 0.587864 to 	>>>> prev guard 8.13098 22.2277 cur guard 10.1317 22.0997
	was guard reflex vertex? 0
	was guard in reflex area? 0
	does guard intersect boundary ray 8.13098 22.2277 10.1317 22.0997?0
	is guard inside polygon? 1
0 other guards have coords 10.1317 22.0997
scaling gradient with 4 to -5.43354 -5.85434
	>>>> prev guard 8.13098 22.2277 cur guard 9.46392 21.4337
	was guard reflex vertex? 0
	was guard in reflex area? 0
	does guard intersect boundary ray 8.13098 22.2277 9.46392 21.4337?0
	is guard inside polygon? 1
0 other guards have coords 9.46392 21.4337
scaling gradient with 8 to -10.8671 -11.7087
	>>>> prev guard 8.13098 22.2277 cur guard 8.01507 20.0056
	was guard reflex vertex? 0
	was guard in reflex area? 0
	does guard intersect boundary ray 8.13098 22.2277 8.01507 20.0056?0
	is guard inside polygon? 1
0 other guards have coords 8.01507 20.0056
	 new best guard at 8.01507 20.0056
scaling gradient with 16 to -21.7342 -23.4174
	>>>> prev guard 8.13098 22.2277 cur guard 5.07202 17.0312
	was guard reflex vertex? 0
	was guard in reflex area? 0
	does guard intersect boundary ray 8.13098 22.2277 5.07202 17.0312?1
	is guard inside polygon? 0
0 other guards have coords 5.40432 17.5957
scaling gradient with 32 to -43.4683 -46.8347
	>>>> prev guard 8.13098 22.2277 cur guard -0.472823 11.5108
	was guard reflex vertex? 0
	was guard in reflex area? 0
	does guard intersect boundary ray 8.13098 22.2277 -0.472823 11.5108?1
	is guard inside polygon? 0
0 other guards have coords 4.85407 18.1459
Df=0 0
h=0 0
Df=0.000497431 -9.03368e-05
h=-1.42723e-05 -7.85891e-05
Df=-0.478819 -0.575709
h=-0.20771 0.172753
Df=-0.074563 -0.0475808
h=-0.022631 0.0354647
Df=0 0
h=0 0
Df=0 0
h=0 0
Df=0.00953103 0.0379461
h=0.00414961 -0.00104227
Df=0 0
h=0 0
Df=-1.44885 -1.42808
h=-0.226206 0.207097
is completely visible? 0
are areas equal? 103=101.492?0
+++++2 guards with gradient 0
	======== guard 15.6765 22.2065
	was guard reflex vertex? 0
	computed gradient -0.218609 -0.554121 and pull -0.108335 -0.00233563
	------- removing guard 15.6765 22.2065
g1=15.6765 22.2065
area1=79.0563
alpha1=0.4
scaling gradient with 0.03125 to -0.00683152 -0.0173163
	>>>> prev guard 15.6765 22.2065 cur guard 15.5498 22.0753
	was guard reflex vertex? 0
	was guard in reflex area? 0
	does guard intersect boundary ray 15.6765 22.2065 15.5498 22.0753?0
	is guard inside polygon? 1
0 other guards have coords 15.5498 22.0753
	 new best guard at 15.5498 22.0753
scaling gradient with 0.0625 to -0.013663 -0.0346325
	>>>> prev guard 15.6765 22.2065 cur guard 15.4386 21.9674
	was guard reflex vertex? 0
	was guard in reflex area? 0
	does guard intersect boundary ray 15.6765 22.2065 15.4386 21.9674?0
	is guard inside polygon? 1
0 other guards have coords 15.4386 21.9674
scaling gradient with 0.125 to -0.0273261 -0.0692651
	>>>> prev guard 15.6765 22.2065 cur guard 15.3389 21.8753
	was guard reflex vertex? 0
	was guard in reflex area? 0
	does guard intersect boundary ray 15.6765 22.2065 15.3389 21.8753?0
	is guard inside polygon? 1
0 other guards have coords 15.3389 21.8753
scaling gradient with 0.25 to -0.0546521 -0.13853
	>>>> prev guard 15.6765 22.2065 cur guard 15.2461 21.7903
	was guard reflex vertex? 0
	was guard in reflex area? 0
	does guard intersect boundary ray 15.6765 22.2065 15.2461 21.7903?0
	is guard inside polygon? 1
0 other guards have coords 15.2461 21.7903
scaling gradient with 0.5 to -0.109304 -0.27706
	>>>> prev guard 15.6765 22.2065 cur guard 15.1544 21.7
	was guard reflex vertex? 0
	was guard in reflex area? 0
	does guard intersect boundary ray 15.6765 22.2065 15.1544 21.7?0
	is guard inside polygon? 1
0 other guards have coords 15.1544 21.7
scaling gradient with 1 to -0.218609 -0.554121
	>>>> prev guard 15.6765 22.2065 cur guard 15.0549 21.5833
	was guard reflex vertex? 0
	was guard in reflex area? 0
	does guard intersect boundary ray 15.6765 22.2065 15.0549 21.5833?0
	is guard inside polygon? 1
0 other guards have coords 15.0549 21.5833
scaling gradient with 2 to -0.437217 -1.10824
	>>>> prev guard 15.6765 22.2065 cur guard 14.9316 21.401
	was guard reflex vertex? 0
	was guard in reflex area? 0
	does guard intersect boundary ray 15.6765 22.2065 14.9316 21.401?0
	is guard inside polygon? 1
0 other guards have coords 14.9316 21.401
scaling gradient with 4 to -0.874434 -2.21648
	>>>> prev guard 15.6765 22.2065 cur guard 14.7544 21.0777
	was guard reflex vertex? 0
	was guard in reflex area? 0
	does guard intersect boundary ray 15.6765 22.2065 14.7544 21.0777?0
	is guard inside polygon? 1
0 other guards have coords 14.7544 21.0777
scaling gradient with 8 to -1.74887 -4.43297
	>>>> prev guard 15.6765 22.2065 cur guard 14.4641 20.4643
	was guard reflex vertex? 0
	was guard in reflex area? 0
	does guard intersect boundary ray 15.6765 22.2065 14.4641 20.4643?0
	is guard inside polygon? 1
0 other guards have coords 14.4641 20.4643
scaling gradient with 16 to -3.49774 -8.86593
	>>>> prev guard 15.6765 22.2065 cur guard 13.9433 19.264
	was guard reflex vertex? 0
	was guard in reflex area? 0
	does guard intersect boundary ray 15.6765 22.2065 13.9433 19.264?0
	is guard inside polygon? 1
0 other guards have coords 13.9433 19.264
scaling gradient with 32 to -6.99547 -17.7319
	>>>> prev guard 15.6765 22.2065 cur guard 12.9584 16.8851
	was guard reflex vertex? 0
	was guard in reflex area? 0
	does guard intersect boundary ray 15.6765 22.2065 12.9584 16.8851?1
	is guard inside polygon? 0
0 other guards have coords 13.5663 18.0753
Df=0 0
h=0 0
Df=0 0
h=0 0
Df=0 0
h=0 0
Df=0 0
h=0 0
Df=-0.0332865 0.0705467
h=-0.0136431 -0.0064373
Df=-0.0541569 -0.292195
h=-0.0296908 0.00550305
Df=-0.126693 -0.131225
h=-0.0433339 -0.000934251
is completely visible? 0
are areas equal? 103=101.492?0
+++++1 guards with gradient 0
	======== guard 11.9104 19.8132
	was guard reflex vertex? 0
	computed gradient 0.834439 3.60389 and pull -4.46201 0.986609
	------- removing guard 11.9104 19.8132
g2=11.9104 19.8132
area2=66.0516
alpha2=0.4
scaling gradient with 0.03125 to 0.0260762 0.112622
	>>>> prev guard 11.9104 19.8132 cur guard 9.42853 21.4733
	was guard reflex vertex? 0
	was guard in reflex area? 0
	does guard intersect boundary ray 11.9104 19.8132 9.42853 21.4733?0
	is guard inside polygon? 1
0 other guards have coords 9.42853 21.4733
	 new best guard at 9.42853 21.4733
scaling gradient with 0.0625 to 0.0521525 0.225243
	>>>> prev guard 11.9104 19.8132 cur guard 7.09026 22.8984
	was guard reflex vertex? 0
	was guard in reflex area? 0
	does guard intersect boundary ray 11.9104 19.8132 7.09026 22.8984?0
	is guard inside polygon? 1
0 other guards have coords 7.09026 22.8984
	 new best guard at 7.09026 22.8984
scaling gradient with 0.125 to 0.104305 0.450486
	>>>> prev guard 11.9104 19.8132 cur guard 4.87103 24.1535
	was guard reflex vertex? 0
	was guard in reflex area? 0
	does guard intersect boundary ray 11.9104 19.8132 4.87103 24.1535?1
	is guard inside polygon? 0
0 other guards have coords 5.72172 23.629
	 new best guard at 5.72172 23.629
scaling gradient with 0.25 to 0.20861 0.900973
	>>>> prev guard 11.9104 19.8132 cur guard 3.60606 24.784
	was guard reflex vertex? 0
	was guard in reflex area? 0
	does guard intersect boundary ray 11.9104 19.8132 3.60606 24.784?1
	is guard inside polygon? 0
0 other guards have coords 5.66408 23.5521
scaling gradient with 0.5 to 0.41722 1.80195
	>>>> prev guard 11.9104 19.8132 cur guard 3.64797 24.6992
	was guard reflex vertex? 0
	was guard in reflex area? 0
	does guard intersect boundary ray 11.9104 19.8132 3.64797 24.6992?1
	is guard inside polygon? 0
0 other guards have coords 5.64063 23.5208
scaling gradient with 1 to 0.834439 3.60389
	>>>> prev guard 11.9104 19.8132 cur guard 3.73754 24.8058
	was guard reflex vertex? 0
	was guard in reflex area? 0
	does guard intersect boundary ray 11.9104 19.8132 3.73754 24.8058?1
	is guard inside polygon? 0
0 other guards have coords 5.70357 23.6048
scaling gradient with 2 to 1.66888 7.20778
	>>>> prev guard 11.9104 19.8132 cur guard 3.95765 25.2883
	was guard reflex vertex? 0
	was guard in reflex area? 0
	does guard intersect boundary ray 11.9104 19.8132 3.95765 25.2883?1
	is guard inside polygon? 0
0 other guards have coords 5.94173 23.9223
	 new best guard at 5.94173 23.9223
scaling gradient with 4 to 3.33776 14.4156
	>>>> prev guard 11.9104 19.8132 cur guard 4.45505 26.5013
	was guard reflex vertex? 0
	was guard in reflex area? 0
	does guard intersect boundary ray 11.9104 19.8132 4.45505 26.5013?1
	is guard inside polygon? 0
0 other guards have coords 7.24326 24
scaling gradient with 8 to 6.67551 28.8311
	>>>> prev guard 11.9104 19.8132 cur guard 6.23099 28.4486
	was guard reflex vertex? 0
	was guard in reflex area? 0
	does guard intersect boundary ray 11.9104 19.8132 6.23099 28.4486?1
	is guard inside polygon? 0
0 other guards have coords 9.15676 24
scaling gradient with 16 to 13.351 57.6622
	>>>> prev guard 11.9104 19.8132 cur guard 9.05807 32.2508
	was guard reflex vertex? 0
	was guard in reflex area? 0
	does guard intersect boundary ray 11.9104 19.8132 9.05807 32.2508?1
	is guard inside polygon? 0
0 other guards have coords 10.9502 24
scaling gradient with 32 to 26.7021 115.324
	>>>> prev guard 11.9104 19.8132 cur guard 12.6505 39.9055
	was guard reflex vertex? 0
	was guard in reflex area? 0
	does guard intersect boundary ray 11.9104 19.8132 12.6505 39.9055?1
	is guard inside polygon? 0
0 other guards have coords 12.0949 24.8211
Df=0.34288 1.67063
h=-1.79761 0.368941
Df=-0.0537971 -0.0759429
h=-0.0104849 0.00742737
Df=-0.022416 -0.0262897
h=-0.00407401 0.00347371
Df=-0.000729794 -0.000158686
h=-3.70356e-05 0.000170326
Df=0.0678456 -0.126878
h=0.0273586 0.0146295
Df=-7.20336e-06 0.000196215
h=3.8526e-05 1.41435e-06
Df=-1.74593 1.6835
h=-1.78481 0.394643
is completely visible? 0
are areas equal? 103=102.494?0
i=3
area=102.494
+++++3 guards with gradient 0
	======== guard 8.01507 20.0056
	was guard reflex vertex? 0
	computed gradient -0.374675 -0.0961662 and pull -0.0233333 0.0909118
	------- removing guard 8.01507 20.0056
g0=8.01507 20.0056
area0=86.5257
alpha0=0.4
scaling gradient with 0.03125 to -0.0117086 -0.00300519
	>>>> prev guard 8.01507 20.0056 cur guard 6.85319 18.8702
	was guard reflex vertex? 0
	was guard in reflex area? 0
	does guard intersect boundary ray 8.01507 20.0056 6.85319 18.8702?0
	is guard inside polygon? 1
0 other guards have coords 6.85319 18.8702
	 new best guard at 6.85319 18.8702
scaling gradient with 0.0625 to -0.0234172 -0.00601039
	>>>> prev guard 8.01507 20.0056 cur guard 5.91994 17.9686
	was guard reflex vertex? 0
	was guard in reflex area? 0
	does guard intersect boundary ray 8.01507 20.0056 5.91994 17.9686?0
	is guard inside polygon? 1
0 other guards have coords 5.91994 17.9686
scaling gradient with 0.125 to -0.0468344 -0.0120208
	>>>> prev guard 8.01507 20.0056 cur guard 5.16773 17.2537
	was guard reflex vertex? 0
	was guard in reflex area? 0
	does guard intersect boundary ray 8.01507 20.0056 5.16773 17.2537?1
	is guard inside polygon? 0
0 other guards have coords 5.46196 17.538
scaling gradient with 0.25 to -0.0936688 -0.0240415
	>>>> prev guard 8.01507 20.0056 cur guard 4.85083 16.9714
	was guard reflex vertex? 0
	was guard in reflex area? 0
	does guard intersect boundary ray 8.01507 20.0056 4.85083 16.9714?1
	is guard inside polygon? 0
0 other guards have coords 5.45205 17.548
scaling gradient with 0.5 to -0.187338 -0.0480831
	>>>> prev guard 8.01507 20.0056 cur guard 4.94629 17.0981
	was guard reflex vertex? 0
	was guard in reflex area? 0
	does guard intersect boundary ray 8.01507 20.0056 4.94629 17.0981?1
	is guard inside polygon? 0
0 other guards have coords 5.43699 17.563
scaling gradient with 1 to -0.374675 -0.0961662
	>>>> prev guard 8.01507 20.0056 cur guard 5.00055 17.2027
	was guard reflex vertex? 0
	was guard in reflex area? 0
	does guard intersect boundary ray 8.01507 20.0056 5.00055 17.2027?1
	is guard inside polygon? 0
0 other guards have coords 5.41341 17.5866
scaling gradient with 2 to -0.74935 -0.192332
	>>>> prev guard 8.01507 20.0056 cur guard 5.00244 17.2902
	was guard reflex vertex? 0
	was guard in reflex area? 0
	does guard intersect boundary ray 8.01507 20.0056 5.00244 17.2902?1
	is guard inside polygon? 0
0 other guards have coords 5.37446 17.6255
scaling gradient with 4 to -1.4987 -0.384665
	>>>> prev guard 8.01507 20.0056 cur guard 4.92392 17.365
	was guard reflex vertex? 0
	was guard in reflex area? 0
	does guard intersect boundary ray 8.01507 20.0056 4.92392 17.365?1
	is guard inside polygon? 0
0 other guards have coords 5.30743 17.6926
scaling gradient with 8 to -2.9974 -0.76933
	>>>> prev guard 8.01507 20.0056 cur guard 4.70533 17.4298
	was guard reflex vertex? 0
	was guard in reflex area? 0
	does guard intersect boundary ray 8.01507 20.0056 4.70533 17.4298?1
	is guard inside polygon? 0
0 other guards have coords 5.19168 17.8083
scaling gradient with 16 to -5.9948 -1.53866
	>>>> prev guard 8.01507 20.0056 cur guard 4.22855 17.4823
	was guard reflex vertex? 0
	was guard in reflex area? 0
	does guard intersect boundary ray 8.01507 20.0056 4.22855 17.4823?1
	is guard inside polygon? 0
0 other guards have coords 5.00216 17.9978
scaling gradient with 32 to -11.9896 -3.07732
	>>>> prev guard 8.01507 20.0056 cur guard 3.27063 17.4981
	was guard reflex vertex? 0
	was guard in reflex area? 0
	does guard intersect boundary ray 8.01507 20.0056 3.27063 17.4981?1
	is guard inside polygon? 0
0 other guards have coords 4.73039 18.2696
Df=0 0
h=0 0
Df=-0.150621 -0.0382762
h=-0.00928729 0.0365464
Df=0 0
h=0 0
Df=0 0
h=0 0
Df=0 0
h=0 0
Df=0 0
h=0 0
Df=0 0
h=0 0
Df=0.000750674 -0.00019023
h=-4.60359e-05 -0.000181664
Df=-1.16188 -1.13543
h=-0.00933333 0.0363647
is completely visible? 0
are areas equal? 103=101.804?0
+++++2 guards with gradient 0
	======== guard 15.5498 22.0753
	was guard reflex vertex? 0
	computed gradient -0.00708015 -0.0314508 and pull -0.00358875 0.000807893
	------- removing guard 15.5498 22.0753
g1=15.5498 22.0753
area1=80.0019
alpha1=0.4
scaling gradient with 0.03125 to -0.000221255 -0.000982837
	>>>> prev guard 15.5498 22.0753 cur guard 15.4481 21.9703
	was guard reflex vertex? 0
	was guard in reflex area? 0
	does guard intersect boundary ray 15.5498 22.0753 15.4481 21.9703?0
	is guard inside polygon? 1
0 other guards have coords 15.4481 21.9703
	 new best guard at 15.4481 21.9703
scaling gradient with 0.0625 to -0.000442509 -0.00196567
	>>>> prev guard 15.5498 22.0753 cur guard 15.3664 21.8862
	was guard reflex vertex? 0
	was guard in reflex area? 0
	does guard intersect boundary ray 15.5498 22.0753 15.3664 21.8862?0
	is guard inside polygon? 1
0 other guards have coords 15.3664 21.8862
	 new best guard at 15.3664 21.8862
scaling gradient with 0.125 to -0.000885019 -0.00393135
	>>>> prev guard 15.5498 22.0753 cur guard 15.3008 21.8187
	was guard reflex vertex? 0
	was guard in reflex area? 0
	does guard intersect boundary ray 15.5498 22.0753 15.3008 21.8187?0
	is guard inside polygon? 1
0 other guards have coords 15.3008 21.8187
	 new best guard at 15.3008 21.8187
scaling gradient with 0.25 to -0.00177004 -0.0078627
	>>>> prev guard 15.5498 22.0753 cur guard 15.2478 21.7641
	was guard reflex vertex? 0
	was guard in reflex area? 0
	does guard intersect boundary ray 15.5498 22.0753 15.2478 21.7641?0
	is guard inside polygon? 1
0 other guards have coords 15.2478 21.7641
	 new best guard at 15.2478 21.7641
scaling gradient with 0.5 to -0.00354008 -0.0157254
	>>>> prev guard 15.5498 22.0753 cur guard 15.2049 21.7193
	was guard reflex vertex? 0
	was guard in reflex area? 0
	does guard intersect boundary ray 15.5498 22.0753 15.2049 21.7193?0
	is guard inside polygon? 1
0 other guards have coords 15.2049 21.7193
	 new best guard at 15.2049 21.7193
scaling gradient with 1 to -0.00708015 -0.0314508
	>>>> prev guard 15.5498 22.0753 cur guard 15.1696 21.6809
	was guard reflex vertex? 0
	was guard in reflex area? 0
	does guard intersect boundary ray 15.5498 22.0753 15.1696 21.6809?0
	is guard inside polygon? 1
0 other guards have coords 15.1696 21.6809
	 new best guard at 15.1696 21.6809
scaling gradient with 2 to -0.0141603 -0.0629016
	>>>> prev guard 15.5498 22.0753 cur guard 15.1401 21.6453
	was guard reflex vertex? 0
	was guard in reflex area? 0
	does guard intersect boundary ray 15.5498 22.0753 15.1401 21.6453?0
	is guard inside polygon? 1
0 other guards have coords 15.1401 21.6453
	 new best guard at 15.1401 21.6453
scaling gradient with 4 to -0.0283206 -0.125803
	>>>> prev guard 15.5498 22.0753 cur guard 15.1138 21.6068
	was guard reflex vertex? 0
	was guard in reflex area? 0
	does guard intersect boundary ray 15.5498 22.0753 15.1138 21.6068?0
	is guard inside polygon? 1
0 other guards have coords 15.1138 21.6068
	 new best guard at 15.1138 21.6068
scaling gradient with 8 to -0.0566412 -0.251606
	>>>> prev guard 15.5498 22.0753 cur guard 15.088 21.5559
	was guard reflex vertex? 0
	was guard in reflex area? 0
	does guard intersect boundary ray 15.5498 22.0753 15.088 21.5559?0
	is guard inside polygon? 1
0 other guards have coords 15.088 21.5559
	 new best guard at 15.088 21.5559
scaling gradient with 16 to -0.113282 -0.503213
	>>>> prev guard 15.5498 22.0753 cur guard 15.058 21.475
	was guard reflex vertex? 0
	was guard in reflex area? 0
	does guard intersect boundary ray 15.5498 22.0753 15.058 21.475?0
	is guard inside polygon? 1
0 other guards have coords 15.058 21.475
	 new best guard at 15.058 21.475
scaling gradient with 32 to -0.226565 -1.00643
	>>>> prev guard 15.5498 22.0753 cur guard 15.0156 21.3298
	was guard reflex vertex? 0
	was guard in reflex area? 0
	does guard intersect boundary ray 15.5498 22.0753 15.0156 21.3298?0
	is guard inside polygon? 1
0 other guards have coords 15.0156 21.3298
	 new best guard at 15.0156 21.3298
Df=0 0
h=0 0
Df=0 0
h=0 0
Df=-0.00283206 -0.0125803
h=-0.0014355 0.000323157
Df=0 0
h=0 0
Df=0 0
h=0 0
Df=0 0
h=0 0
Df=-0.0424024 -0.145161
h=-0.0014355 0.000323157
is completely visible? 0
are areas equal? 103=101.818?0
+++++1 guards with gradient 0
	======== guard 5.94173 23.9223
	was guard reflex vertex? 0
	computed gradient -4.56707 3.05857 and pull 35.2902 46.9687
	------- removing guard 5.94173 23.9223
g2=5.94173 23.9223
area2=92.7389
alpha2=0.4
scaling gradient with 0.03125 to -0.142721 0.0955804
event=placed on reflex vertex 6 24
	>>>> prev guard 5.94173 23.9223 cur guard 6 24
	was guard reflex vertex? 0
	was guard in reflex area? 0
	does guard intersect boundary ray 5.94173 23.9223 6 24?0
	is guard inside polygon? 1
0 other guards have coords 6 24
	 new best guard at 6 24
scaling gradient with 0.0625 to -0.285442 0.191161
event=placed on reflex vertex 6 24
	>>>> prev guard 5.94173 23.9223 cur guard 6 24
	was guard reflex vertex? 0
	was guard in reflex area? 0
	does guard intersect boundary ray 5.94173 23.9223 6 24?0
	is guard inside polygon? 1
1 other guards have coords 6 24
scaling gradient with 0.125 to -0.570884 0.382322
event=placed on reflex vertex 6 24
	>>>> prev guard 5.94173 23.9223 cur guard 6 24
	was guard reflex vertex? 0
	was guard in reflex area? 0
	does guard intersect boundary ray 5.94173 23.9223 6 24?0
	is guard inside polygon? 1
1 other guards have coords 6 24
scaling gradient with 0.25 to -1.14177 0.764643
event=placed on reflex vertex 6 24
	>>>> prev guard 5.94173 23.9223 cur guard 6 24
	was guard reflex vertex? 0
	was guard in reflex area? 0
	does guard intersect boundary ray 5.94173 23.9223 6 24?0
	is guard inside polygon? 1
1 other guards have coords 6 24
scaling gradient with 0.5 to -2.28354 1.52929
event=placed on reflex vertex 6 24
	>>>> prev guard 5.94173 23.9223 cur guard 6 24
	was guard reflex vertex? 0
	was guard in reflex area? 0
	does guard intersect boundary ray 5.94173 23.9223 6 24?0
	is guard inside polygon? 1
1 other guards have coords 6 24
scaling gradient with 1 to -4.56707 3.05857
event=placed on reflex vertex 6 24
	>>>> prev guard 5.94173 23.9223 cur guard 6 24
	was guard reflex vertex? 0
	was guard in reflex area? 0
	does guard intersect boundary ray 5.94173 23.9223 6 24?0
	is guard inside polygon? 1
1 other guards have coords 6 24
scaling gradient with 2 to -9.13414 6.11715
event=placed on reflex vertex 6 24
	>>>> prev guard 5.94173 23.9223 cur guard 6 24
	was guard reflex vertex? 0
	was guard in reflex area? 0
	does guard intersect boundary ray 5.94173 23.9223 6 24?0
	is guard inside polygon? 1
1 other guards have coords 6 24
scaling gradient with 4 to -18.2683 12.2343
event=placed on reflex vertex 6 24
	>>>> prev guard 5.94173 23.9223 cur guard 6 24
	was guard reflex vertex? 0
	was guard in reflex area? 0
	does guard intersect boundary ray 5.94173 23.9223 6 24?0
	is guard inside polygon? 1
1 other guards have coords 6 24
scaling gradient with 8 to -36.5366 24.4686
event=placed on reflex vertex 6 24
	>>>> prev guard 5.94173 23.9223 cur guard 6 24
	was guard reflex vertex? 0
	was guard in reflex area? 0
	does guard intersect boundary ray 5.94173 23.9223 6 24?0
	is guard inside polygon? 1
1 other guards have coords 6 24
scaling gradient with 16 to -73.0731 48.9372
event=placed on reflex vertex 6 24
	>>>> prev guard 5.94173 23.9223 cur guard 6 24
	was guard reflex vertex? 0
	was guard in reflex area? 0
	does guard intersect boundary ray 5.94173 23.9223 6 24?0
	is guard inside polygon? 1
1 other guards have coords 6 24
scaling gradient with 32 to -146.146 97.8743
event=placed on reflex vertex 6 24
	>>>> prev guard 5.94173 23.9223 cur guard 6 24
	was guard reflex vertex? 0
	was guard in reflex area? 0
	does guard intersect boundary ray 5.94173 23.9223 6 24?0
	is guard inside polygon? 1
1 other guards have coords 6 24
Df=-1.82473 1.36855
h=14.0921 18.7895
Df=-6.90001e-05 0.000939877
h=0.000885743 6.50259e-05
Df=0.0012896 -0.0839616
h=0.0165969 0.000254918
Df=-0.0122316 -0.0640007
h=0.00624988 -0.00119446
Df=2.84908e-05 8.03248e-05
h=6.8459e-06 -2.4282e-06
Df=0.000478674 0.000617305
h=9.64414e-05 -7.47831e-05
Df=0.000213289 0.000110142
h=1.65246e-05 -3.19997e-05
Df=0.00819478 0.00109467
h=0.000136959 -0.00102529
Df=0 0
h=14.1161 18.7875
is completely visible? 0
are areas equal? 103=102.598?0
i=4
area=102.598
+++++3 guards with gradient 0
	======== guard 6.85319 18.8702
	was guard reflex vertex? 0
	computed gradient 0.0246121 0.00125893 and pull 0.000438052 -0.00856395
	------- removing guard 6.85319 18.8702
g0=6.85319 18.8702
area0=79.4175
alpha0=0.4
scaling gradient with 0.03125 to 0.000769129 3.93414e-05
	>>>> prev guard 6.85319 18.8702 cur guard 5.92378 17.9611
	was guard reflex vertex? 0
	was guard in reflex area? 0
	does guard intersect boundary ray 6.85319 18.8702 5.92378 17.9611?0
	is guard inside polygon? 1
0 other guards have coords 5.92378 17.9611
	 new best guard at 5.92378 17.9611
scaling gradient with 0.0625 to 0.00153826 7.86829e-05
	>>>> prev guard 6.85319 18.8702 cur guard 5.18041 17.2332
	was guard reflex vertex? 0
	was guard in reflex area? 0
	does guard intersect boundary ray 6.85319 18.8702 5.18041 17.2332?1
	is guard inside polygon? 0
0 other guards have coords 5.47676 17.5232
scaling gradient with 0.125 to 0.00307651 0.000157366
	>>>> prev guard 6.85319 18.8702 cur guard 4.88235 16.9402
	was guard reflex vertex? 0
	was guard in reflex area? 0
	does guard intersect boundary ray 6.85319 18.8702 4.88235 16.9402?1
	is guard inside polygon? 0
0 other guards have coords 5.47723 17.5228
scaling gradient with 0.25 to 0.00615303 0.000314732
	>>>> prev guard 6.85319 18.8702 cur guard 5.00222 17.0557
	was guard reflex vertex? 0
	was guard in reflex area? 0
	does guard intersect boundary ray 6.85319 18.8702 5.00222 17.0557?1
	is guard inside polygon? 0
0 other guards have coords 5.47795 17.5221
scaling gradient with 0.5 to 0.0123061 0.000629463
	>>>> prev guard 6.85319 18.8702 cur guard 5.09896 17.1478
	was guard reflex vertex? 0
	was guard in reflex area? 0
	does guard intersect boundary ray 6.85319 18.8702 5.09896 17.1478?1
	is guard inside polygon? 0
0 other guards have coords 5.47904 17.521
scaling gradient with 1 to 0.0246121 0.00125893
	>>>> prev guard 6.85319 18.8702 cur guard 5.17786 17.221
	was guard reflex vertex? 0
	was guard in reflex area? 0
	does guard intersect boundary ray 6.85319 18.8702 5.17786 17.221?1
	is guard inside polygon? 0
0 other guards have coords 5.48082 17.5192
scaling gradient with 2 to 0.0492242 0.00251785
	>>>> prev guard 6.85319 18.8702 cur guard 5.24384 17.2787
	was guard reflex vertex? 0
	was guard in reflex area? 0
	does guard intersect boundary ray 6.85319 18.8702 5.24384 17.2787?1
	is guard inside polygon? 0
0 other guards have coords 5.48391 17.5161
scaling gradient with 4 to 0.0984485 0.00503571
	>>>> prev guard 6.85319 18.8702 cur guard 5.30224 17.3234
	was guard reflex vertex? 0
	was guard in reflex area? 0
	does guard intersect boundary ray 6.85319 18.8702 5.30224 17.3234?1
	is guard inside polygon? 0
0 other guards have coords 5.48966 17.5103
scaling gradient with 8 to 0.196897 0.0100714
	>>>> prev guard 6.85319 18.8702 cur guard 5.36012 17.3563
	was guard reflex vertex? 0
	was guard in reflex area? 0
	does guard intersect boundary ray 6.85319 18.8702 5.36012 17.3563?1
	is guard inside polygon? 0
0 other guards have coords 5.50092 17.4991
scaling gradient with 16 to 0.393794 0.0201428
	>>>> prev guard 6.85319 18.8702 cur guard 5.42882 17.3768
	was guard reflex vertex? 0
	was guard in reflex area? 0
	does guard intersect boundary ray 6.85319 18.8702 5.42882 17.3768?1
	is guard inside polygon? 0
0 other guards have coords 5.52372 17.4763
scaling gradient with 32 to 0.787588 0.0402856
	>>>> prev guard 6.85319 18.8702 cur guard 5.52908 17.381
	was guard reflex vertex? 0
	was guard in reflex area? 0
	does guard intersect boundary ray 6.85319 18.8702 5.52908 17.381?1
	is guard inside polygon? 0
0 other guards have coords 5.57141 17.4286
Df=0 0
h=0 0
Df=0 0
h=0 0
Df=0 0
h=0 0
Df=0 0
h=0 0
Df=0 0
h=0 0
Df=0 0
h=0 0
Df=0.00984485 0.000503571
h=0.000175221 -0.00342558
Df=-0.929408 -0.909029
h=0.000175221 -0.00342558
is completely visible? 0
are areas equal? 103=102.04?0
+++++2 guards with gradient 0
	======== guard 15.0156 21.3298
	was guard reflex vertex? 0
	computed gradient -0 -0 and pull -0 -0
	======== guard 6 24
	was guard reflex vertex? 1
	computed gradient 0.0191616 0.00489521 and pull 0.0027971 -0.00237671
	------- removing guard 6 24
g2=6 24
area2=95.14
alpha2=0.4
scaling gradient with 0.03125 to 0.000598801 0.000152975
	>>>> prev guard 6 24 cur guard 6.00027 23.9998
	was guard reflex vertex? 1
	was guard in reflex area? 1
	does guard intersect boundary ray 6 24 6.00027 23.9998?0
	is guard inside polygon? 1
reflex vertex guard 6 24 tries to move to 6.00027 23.9998
reflex segment1 3 20 6 24
reflex segment1 6 24 5 26
on positive side edge2? 1
on positive side edge1? 0
on negative side edge2? 0
on negative side edge1? 1
on edge2? 0
on edge1? 0
placement between reflex lines
	new reflex coords who dis
0 other guards have coords 6.00027 23.9998
	 new best guard at 6.00027 23.9998
scaling gradient with 0.0625 to 0.0011976 0.000305951
	>>>> prev guard 6 24 cur guard 6.00081 23.9995
	was guard reflex vertex? 1
	was guard in reflex area? 1
	does guard intersect boundary ray 6 24 6.00081 23.9995?0
	is guard inside polygon? 1
reflex vertex guard 6 24 tries to move to 6.00081 23.9995
reflex segment1 3 20 6 24
reflex segment1 6 24 5 26
on positive side edge2? 1
on positive side edge1? 0
on negative side edge2? 0
on negative side edge1? 1
on edge2? 0
on edge1? 0
placement between reflex lines
	new reflex coords who dis
0 other guards have coords 6.00081 23.9995
	 new best guard at 6.00081 23.9995
scaling gradient with 0.125 to 0.00239521 0.000611902
	>>>> prev guard 6 24 cur guard 6.00165 23.9991
	was guard reflex vertex? 1
	was guard in reflex area? 1
	does guard intersect boundary ray 6 24 6.00165 23.9991?0
	is guard inside polygon? 1
reflex vertex guard 6 24 tries to move to 6.00165 23.9991
reflex segment1 3 20 6 24
reflex segment1 6 24 5 26
on positive side edge2? 1
on positive side edge1? 0
on negative side edge2? 0
on negative side edge1? 1
on edge2? 0
on edge1? 0
placement between reflex lines
	new reflex coords who dis
0 other guards have coords 6.00165 23.9991
	 new best guard at 6.00165 23.9991
scaling gradient with 0.25 to 0.00479041 0.0012238
	>>>> prev guard 6 24 cur guard 6.00294 23.9987
	was guard reflex vertex? 1
	was guard in reflex area? 1
	does guard intersect boundary ray 6 24 6.00294 23.9987?0
	is guard inside polygon? 1
reflex vertex guard 6 24 tries to move to 6.00294 23.9987
reflex segment1 3 20 6 24
reflex segment1 6 24 5 26
on positive side edge2? 1
on positive side edge1? 0
on negative side edge2? 0
on negative side edge1? 1
on edge2? 0
on edge1? 0
placement between reflex lines
	new reflex coords who dis
0 other guards have coords 6.00294 23.9987
	 new best guard at 6.00294 23.9987
scaling gradient with 0.5 to 0.00958082 0.00244761
	>>>> prev guard 6 24 cur guard 6.00495 23.9984
	was guard reflex vertex? 1
	was guard in reflex area? 1
	does guard intersect boundary ray 6 24 6.00495 23.9984?0
	is guard inside polygon? 1
reflex vertex guard 6 24 tries to move to 6.00495 23.9984
reflex segment1 3 20 6 24
reflex segment1 6 24 5 26
on positive side edge2? 1
on positive side edge1? 0
on negative side edge2? 0
on negative side edge1? 1
on edge2? 0
on edge1? 0
placement between reflex lines
	new reflex coords who dis
0 other guards have coords 6.00495 23.9984
	 new best guard at 6.00495 23.9984
scaling gradient with 1 to 0.0191616 0.00489521
	>>>> prev guard 6 24 cur guard 6.00832 23.9984
	was guard reflex vertex? 1
	was guard in reflex area? 1
	does guard intersect boundary ray 6 24 6.00832 23.9984?0
	is guard inside polygon? 1
reflex vertex guard 6 24 tries to move to 6.00832 23.9984
reflex segment1 3 20 6 24
reflex segment1 6 24 5 26
on positive side edge2? 1
on positive side edge1? 0
on negative side edge2? 0
on negative side edge1? 1
on edge2? 0
on edge1? 0
placement between reflex lines
	new reflex coords who dis
0 other guards have coords 6.00832 23.9984
	 new best guard at 6.00832 23.9984
scaling gradient with 2 to 0.0383233 0.00979043
	>>>> prev guard 6 24 cur guard 6.01431 23.9989
	was guard reflex vertex? 1
	was guard in reflex area? 1
	does guard intersect boundary ray 6 24 6.01431 23.9989?0
	is guard inside polygon? 1
reflex vertex guard 6 24 tries to move to 6.01431 23.9989
reflex segment1 3 20 6 24
reflex segment1 6 24 5 26
on positive side edge2? 1
on positive side edge1? 0
on negative side edge2? 0
on negative side edge1? 1
on edge2? 0
on edge1? 0
placement between reflex lines
	new reflex coords who dis
0 other guards have coords 6.01431 23.9989
	 new best guard at 6.01431 23.9989
scaling gradient with 4 to 0.0766466 0.0195809
	>>>> prev guard 6 24 cur guard 6.02545 24.0007
	was guard reflex vertex? 1
	was guard in reflex area? 1
	does guard intersect boundary ray 6 24 6.02545 24.0007?0
	is guard inside polygon? 1
reflex vertex guard 6 24 tries to move to 6.02545 24.0007
reflex segment1 3 20 6 24
reflex segment1 6 24 5 26
on positive side edge2? 1
on positive side edge1? 0
on negative side edge2? 0
on negative side edge1? 1
on edge2? 0
on edge1? 0
placement between reflex lines
	new reflex coords who dis
0 other guards have coords 6.02545 24.0007
	 new best guard at 6.02545 24.0007
scaling gradient with 8 to 0.153293 0.0391617
	>>>> prev guard 6 24 cur guard 6.04685 24.0051
	was guard reflex vertex? 1
	was guard in reflex area? 1
	does guard intersect boundary ray 6 24 6.04685 24.0051?0
	is guard inside polygon? 1
reflex vertex guard 6 24 tries to move to 6.04685 24.0051
reflex segment1 3 20 6 24
reflex segment1 6 24 5 26
on positive side edge2? 1
on positive side edge1? 0
on negative side edge2? 0
on negative side edge1? 1
on edge2? 0
on edge1? 0
placement between reflex lines
	new reflex coords who dis
0 other guards have coords 6.04685 24.0051
	 new best guard at 6.04685 24.0051
scaling gradient with 16 to 0.306586 0.0783234
	>>>> prev guard 6 24 cur guard 6.08873 24.0147
	was guard reflex vertex? 1
	was guard in reflex area? 1
	does guard intersect boundary ray 6 24 6.08873 24.0147?0
	is guard inside polygon? 1
reflex vertex guard 6 24 tries to move to 6.08873 24.0147
reflex segment1 3 20 6 24
reflex segment1 6 24 5 26
on positive side edge2? 1
on positive side edge1? 0
on negative side edge2? 0
on negative side edge1? 1
on edge2? 0
on edge1? 0
placement between reflex lines
	new reflex coords who dis
0 other guards have coords 6.08873 24.0147
	 new best guard at 6.08873 24.0147
scaling gradient with 32 to 0.613173 0.156647
	>>>> prev guard 6 24 cur guard 6.1715 24.0347
	was guard reflex vertex? 1
	was guard in reflex area? 1
	does guard intersect boundary ray 6 24 6.1715 24.0347?0
	is guard inside polygon? 1
reflex vertex guard 6 24 tries to move to 6.1715 24.0347
reflex segment1 3 20 6 24
reflex segment1 6 24 5 26
on positive side edge2? 1
on positive side edge1? 0
on negative side edge2? 0
on negative side edge1? 1
on edge2? 0
on edge1? 0
placement between reflex lines
	new reflex coords who dis
0 other guards have coords 6.1715 24.0347
	 new best guard at 6.1715 24.0347
Df=0 0.001
h=0.001 0
Df=0 0
h=0 0
Df=0 0
h=0 0
Df=0 0
h=0 0
Df=0 0
h=0 0
Df=0 0
h=0 0
Df=0.00766466 0.000958082
h=0.000118835 -0.000950684
Df=0.0827756 0.0200163
h=0.00111884 -0.000950684
is completely visible? 0
are areas equal? 103=102.202?0
+++++1 guards with gradient 0
	======== guard 15.0156 21.3298
	was guard reflex vertex? 0
	computed gradient 0.631329 -1.13097 and pull 0.899389 0.613516
	------- removing guard 15.0156 21.3298
g1=15.0156 21.3298
area1=78.8551
alpha1=0.4
scaling gradient with 0.03125 to 0.019729 -0.0353429
pull reduced from 1.1853 to 	>>>> prev guard 15.0156 21.3298 cur guard 14.992 21.2168
	was guard reflex vertex? 0
	was guard in reflex area? 0
	does guard intersect boundary ray 15.0156 21.3298 14.992 21.2168?0
	is guard inside polygon? 1
0 other guards have coords 14.992 21.2168
	 new best guard at 14.992 21.2168
scaling gradient with 0.0625 to 0.039458 -0.0706857
pull reduced from 1.1853 to 	>>>> prev guard 15.0156 21.3298 cur guard 14.9813 21.1242
	was guard reflex vertex? 0
	was guard in reflex area? 0
	does guard intersect boundary ray 15.0156 21.3298 14.9813 21.1242?0
	is guard inside polygon? 1
0 other guards have coords 14.9813 21.1242
scaling gradient with 0.125 to 0.0789161 -0.141371
pull reduced from 1.1853 to 	>>>> prev guard 15.0156 21.3298 cur guard 14.9823 21.041
	was guard reflex vertex? 0
	was guard in reflex area? 0
	does guard intersect boundary ray 15.0156 21.3298 14.9823 21.041?0
	is guard inside polygon? 1
0 other guards have coords 14.9823 21.041
scaling gradient with 0.25 to 0.157832 -0.282743
pull reduced from 1.1853 to 	>>>> prev guard 15.0156 21.3298 cur guard 14.9984 20.9536
	was guard reflex vertex? 0
	was guard in reflex area? 0
	does guard intersect boundary ray 15.0156 21.3298 14.9984 20.9536?0
	is guard inside polygon? 1
0 other guards have coords 14.9984 20.9536
scaling gradient with 0.5 to 0.315664 -0.565486
pull reduced from 1.1853 to 	>>>> prev guard 15.0156 21.3298 cur guard 15.0395 20.8406
	was guard reflex vertex? 0
	was guard in reflex area? 0
	does guard intersect boundary ray 15.0156 21.3298 15.0395 20.8406?0
	is guard inside polygon? 1
0 other guards have coords 15.0395 20.8406
scaling gradient with 1 to 0.631329 -1.13097
pull reduced from 1.1853 to 	>>>> prev guard 15.0156 21.3298 cur guard 15.1284 20.6634
	was guard reflex vertex? 0
	was guard in reflex area? 0
	does guard intersect boundary ray 15.0156 21.3298 15.1284 20.6634?0
	is guard inside polygon? 1
0 other guards have coords 15.1284 20.6634
scaling gradient with 2 to 1.26266 -2.26194
pull reduced from 1.1853 to 	>>>> prev guard 15.0156 21.3298 cur guard 15.3154 20.3508
	was guard reflex vertex? 0
	was guard in reflex area? 0
	does guard intersect boundary ray 15.0156 21.3298 15.3154 20.3508?0
	is guard inside polygon? 1
0 other guards have coords 15.3154 20.3508
scaling gradient with 4 to 2.52531 -4.52389
pull reduced from 1.1853 to 	>>>> prev guard 15.0156 21.3298 cur guard 15.7174 19.7732
	was guard reflex vertex? 0
	was guard in reflex area? 0
	does guard intersect boundary ray 15.0156 21.3298 15.7174 19.7732?0
	is guard inside polygon? 1
0 other guards have coords 15.7174 19.7732
scaling gradient with 8 to 5.05063 -9.04777
	>>>> prev guard 15.0156 21.3298 cur guard 16.515 18.6364
	was guard reflex vertex? 0
	was guard in reflex area? 0
	does guard intersect boundary ray 15.0156 21.3298 16.515 18.6364?0
	is guard inside polygon? 1
0 other guards have coords 16.515 18.6364
	 new best guard at 16.515 18.6364
scaling gradient with 16 to 10.1013 -18.0955
	>>>> prev guard 15.0156 21.3298 cur guard 18.0331 16.3284
	was guard reflex vertex? 0
	was guard in reflex area? 0
	does guard intersect boundary ray 15.0156 21.3298 18.0331 16.3284?1
	is guard inside polygon? 0
0 other guards have coords 17.3916 17.3916
scaling gradient with 32 to 20.2025 -36.1911
	>>>> prev guard 15.0156 21.3298 cur guard 20.2943 12.699
	was guard reflex vertex? 0
	was guard in reflex area? 0
	does guard intersect boundary ray 15.0156 21.3298 20.2943 12.699?1
	is guard inside polygon? 0
0 other guards have coords 17.4119 17.4119
Df=-0.0447394 0.135096
h=-0.0319368 -0.0105764
Df=-0.0490459 -0.165601
h=-0.017612 0.00521613
Df=-0.003274 -0.00982836
h=-0.0011633 0.000387516
Df=-0.000367425 -0.000552569
h=-0.000114585 7.61919e-05
Df=0.31533 -0.463174
h=0.388952 0.264799
Df=0.034628 0.051671
h=0.0216309 -0.0144962
Df=0.79759 -1.13683
h=0.359756 0.245407
is completely visible? 0
are areas equal? 103=102.202?0
i=5
area=102.202
+++++3 guards with gradient 0
	======== guard 5.92378 17.9611
	was guard reflex vertex? 0
	computed gradient -0 -0 and pull 0 -0
	======== guard 16.515 18.6364
	was guard reflex vertex? 0
	computed gradient -0.40449 -0.0619298 and pull -0.0181996 0.118869
	------- removing guard 16.515 18.6364
g1=16.515 18.6364
area1=63.4929
alpha1=0.4
scaling gradient with 0.03125 to -0.0126403 -0.00193531
	>>>> prev guard 16.515 18.6364 cur guard 17.1506 17.7363
	was guard reflex vertex? 0
	was guard in reflex area? 0
	does guard intersect boundary ray 16.515 18.6364 17.1506 17.7363?0
	is guard inside polygon? 1
0 other guards have coords 17.1506 17.7363
	 new best guard at 17.1506 17.7363
scaling gradient with 0.0625 to -0.0252806 -0.00387061
	>>>> prev guard 16.515 18.6364 cur guard 17.6556 17.0254
	was guard reflex vertex? 0
	was guard in reflex area? 0
	does guard intersect boundary ray 16.515 18.6364 17.6556 17.0254?1
	is guard inside polygon? 0
0 other guards have coords 17.3944 17.3944
scaling gradient with 0.125 to -0.0505613 -0.00774123
	>>>> prev guard 16.515 18.6364 cur guard 17.7929 16.8345
	was guard reflex vertex? 0
	was guard in reflex area? 0
	does guard intersect boundary ray 16.515 18.6364 17.7929 16.8345?1
	is guard inside polygon? 0
0 other guards have coords 17.3952 17.3952
scaling gradient with 0.25 to -0.101123 -0.0154825
	>>>> prev guard 16.515 18.6364 cur guard 17.7045 16.9556
	was guard reflex vertex? 0
	was guard in reflex area? 0
	does guard intersect boundary ray 16.515 18.6364 17.7045 16.9556?1
	is guard inside polygon? 0
0 other guards have coords 17.3941 17.3941
scaling gradient with 0.5 to -0.202245 -0.0309649
	>>>> prev guard 16.515 18.6364 cur guard 17.6239 17.0495
	was guard reflex vertex? 0
	was guard in reflex area? 0
	does guard intersect boundary ray 16.515 18.6364 17.6239 17.0495?1
	is guard inside polygon? 0
0 other guards have coords 17.3876 17.3876
scaling gradient with 1 to -0.40449 -0.0619298
	>>>> prev guard 16.515 18.6364 cur guard 17.5376 17.1165
	was guard reflex vertex? 0
	was guard in reflex area? 0
	does guard intersect boundary ray 16.515 18.6364 17.5376 17.1165?1
	is guard inside polygon? 0
0 other guards have coords 17.3682 17.3682
scaling gradient with 2 to -0.808981 -0.12386
	>>>> prev guard 16.515 18.6364 cur guard 17.4221 17.1509
	was guard reflex vertex? 0
	was guard in reflex area? 0
	does guard intersect boundary ray 16.515 18.6364 17.4221 17.1509?1
	is guard inside polygon? 0
0 other guards have coords 17.3193 17.3193
scaling gradient with 4 to -1.61796 -0.247719
	>>>> prev guard 16.515 18.6364 cur guard 17.2314 17.1351
	was guard reflex vertex? 0
	was guard in reflex area? 0
	does guard intersect boundary ray 16.515 18.6364 17.2314 17.1351?1
	is guard inside polygon? 0
0 other guards have coords 17.2003 17.2003
scaling gradient with 8 to -3.23592 -0.495438
	>>>> prev guard 16.515 18.6364 cur guard 16.8697 17.0229
	was guard reflex vertex? 0
	was guard in reflex area? 0
	does guard intersect boundary ray 16.515 18.6364 16.8697 17.0229?0
	is guard inside polygon? 1
0 other guards have coords 16.8697 17.0229
	 new best guard at 16.8697 17.0229
scaling gradient with 16 to -6.47184 -0.990877
	>>>> prev guard 16.515 18.6364 cur guard 16.086 16.8111
	was guard reflex vertex? 0
	was guard in reflex area? 0
	does guard intersect boundary ray 16.515 18.6364 16.086 16.8111?1
	is guard inside polygon? 0
0 other guards have coords 16.1304 17
scaling gradient with 32 to -12.9437 -1.98175
	>>>> prev guard 16.515 18.6364 cur guard 14.4665 16.6816
	was guard reflex vertex? 0
	was guard in reflex area? 0
	does guard intersect boundary ray 16.515 18.6364 14.4665 16.6816?1
	is guard inside polygon? 0
0 other guards have coords 14.8881 17.0839
Df=0 0
h=0 0
Df=0 0
h=0 0
Df=0 0
h=0 0
Df=0 0
h=0 0
Df=-0.161796 -0.0247719
h=-0.00727982 0.0475477
Df=0 0
h=0 0
Df=-0.330595 -0.177458
h=-0.00727982 0.0475477
is completely visible? 0
are areas equal? 103=102.202?0
+++++2 guards with gradient 0
	======== guard 5.92378 17.9611
	was guard reflex vertex? 0
	computed gradient 0.483441 -0.406377 and pull 0.0515121 0.0612807
	------- removing guard 5.92378 17.9611
g0=5.92378 17.9611
area0=74.0993
alpha0=0.4
scaling gradient with 0.03125 to 0.0151075 -0.0126993
	>>>> prev guard 5.92378 17.9611 cur guard 5.18558 17.2378
	was guard reflex vertex? 0
	was guard in reflex area? 0
	does guard intersect boundary ray 5.92378 17.9611 5.18558 17.2378?1
	is guard inside polygon? 0
0 other guards have coords 5.47682 17.5232
	 new best guard at 5.47682 17.5232
scaling gradient with 0.0625 to 0.0302151 -0.0253986
	>>>> prev guard 5.92378 17.9611 cur guard 4.8928 16.9474
	was guard reflex vertex? 0
	was guard in reflex area? 0
	does guard intersect boundary ray 5.92378 17.9611 4.8928 16.9474?1
	is guard inside polygon? 0
0 other guards have coords 5.47759 17.5224
scaling gradient with 0.125 to 0.0604302 -0.0507971
	>>>> prev guard 5.92378 17.9611 cur guard 5.01933 17.0626
	was guard reflex vertex? 0
	was guard in reflex area? 0
	does guard intersect boundary ray 5.92378 17.9611 5.01933 17.0626?1
	is guard inside polygon? 0
0 other guards have coords 5.47987 17.5201
scaling gradient with 0.25 to 0.12086 -0.101594
	>>>> prev guard 5.92378 17.9611 cur guard 5.12705 17.1491
	was guard reflex vertex? 0
	was guard in reflex area? 0
	does guard intersect boundary ray 5.92378 17.9611 5.12705 17.1491?1
	is guard inside polygon? 0
0 other guards have coords 5.48554 17.5145
scaling gradient with 0.5 to 0.241721 -0.203189
	>>>> prev guard 5.92378 17.9611 cur guard 5.22674 17.2063
	was guard reflex vertex? 0
	was guard in reflex area? 0
	does guard intersect boundary ray 5.92378 17.9611 5.22674 17.2063?1
	is guard inside polygon? 0
0 other guards have coords 5.49895 17.5011
scaling gradient with 1 to 0.483441 -0.406377
	>>>> prev guard 5.92378 17.9611 cur guard 5.33471 17.2269
	was guard reflex vertex? 0
	was guard in reflex area? 0
	does guard intersect boundary ray 5.92378 17.9611 5.33471 17.2269?1
	is guard inside polygon? 0
0 other guards have coords 5.52986 17.4701
scaling gradient with 2 to 0.966883 -0.812754
	>>>> prev guard 5.92378 17.9611 cur guard 5.47994 17.1907
	was guard reflex vertex? 0
	was guard in reflex area? 0
	does guard intersect boundary ray 5.92378 17.9611 5.47994 17.1907?1
	is guard inside polygon? 0
0 other guards have coords 5.60033 17.3997
scaling gradient with 4 to 1.93377 -1.62551
	>>>> prev guard 5.92378 17.9611 cur guard 5.71922 17.051
	was guard reflex vertex? 0
	was guard in reflex area? 0
	does guard intersect boundary ray 5.92378 17.9611 5.71922 17.051?1
	is guard inside polygon? 0
0 other guards have coords 5.76139 17.2386
scaling gradient with 8 to 3.86753 -3.25102
	>>>> prev guard 5.92378 17.9611 cur guard 6.17002 16.7045
	was guard reflex vertex? 0
	was guard in reflex area? 0
	does guard intersect boundary ray 5.92378 17.9611 6.17002 16.7045?1
	is guard inside polygon? 0
0 other guards have coords 6.13944 16.8606
scaling gradient with 16 to 7.73506 -6.50204
	>>>> prev guard 5.92378 17.9611 cur guard 7.08927 15.918
	was guard reflex vertex? 0
	was guard in reflex area? 0
	does guard intersect boundary ray 5.92378 17.9611 7.08927 15.918?0
	is guard inside polygon? 1
0 other guards have coords 7.08927 15.918
	 new best guard at 7.08927 15.918
scaling gradient with 32 to 15.4701 -13.0041
	>>>> prev guard 5.92378 17.9611 cur guard 9.09087 14.1285
	was guard reflex vertex? 0
	was guard in reflex area? 0
	does guard intersect boundary ray 5.92378 17.9611 9.09087 14.1285?0
	is guard inside polygon? 1
0 other guards have coords 9.09087 14.1285
Df=0 0
h=0 0
Df=0 0
h=0 0
Df=0 0
h=0 0
Df=0.193377 -0.162551
h=0.0206048 0.0245123
Df=0 0
h=0 0
Df=0 0
h=0 0
Df=0.949832 -0.942573
h=0.0206048 0.0245123
is completely visible? 1
are areas equal? 103=103?1
i=7
area=103
g0=7.08927 15.918
alpha0=0.4
area0=69.1317
g1=16.8697 17.0229
alpha1=0.4
area1=58.1821
g2=6.1715 24.0347
alpha2=0.4
area2=93.7391
