18
6 24 3 20
5 26 6 24
7 16 7 12
3 20 7 16
8 26 7 24
5 26 8 26
10 13 7 12
9 18 10 13
11 20 9 18
11 24 7 24
15 17 11 20
15 27 11 24
16 22 15 27
17 17 15 17
19 19 17 17
17 20 19 19
19 21 17 20
16 22 19 21
total area=103
i=0
area=102.738
+++++3 guards with gradient 0
	======== guard 6 22.26
	was guard reflex vertex? 0
	computed gradient 0.0379906 0.0451837 and pull 0.0357864 -0.00376026
	------- removing guard 6 22.26
g0=6 22.26
area0=93.4363
alpha0=0.8
scaling gradient with 0.03125 to 0.00118721 0.00141199
	>>>> prev guard 6 22.26 cur guard 6.00592 22.2596
	was guard reflex vertex? 0
	was guard in reflex area? 0
	does guard intersect boundary ray 6 22.26 6.00592 22.2596?0
	is guard inside polygon? 1
0 other guards have coords 6.00592 22.2596
	 new best guard at 6.00592 22.2596
scaling gradient with 0.0625 to 0.00237441 0.00282398
	>>>> prev guard 6 22.26 cur guard 6.01675 22.2592
	was guard reflex vertex? 0
	was guard in reflex area? 0
	does guard intersect boundary ray 6 22.26 6.01675 22.2592?0
	is guard inside polygon? 1
0 other guards have coords 6.01675 22.2592
	 new best guard at 6.01675 22.2592
scaling gradient with 0.125 to 0.00474883 0.00564797
	>>>> prev guard 6 22.26 cur guard 6.03191 22.2591
	was guard reflex vertex? 0
	was guard in reflex area? 0
	does guard intersect boundary ray 6 22.26 6.03191 22.2591?0
	is guard inside polygon? 1
0 other guards have coords 6.03191 22.2591
	 new best guard at 6.03191 22.2591
scaling gradient with 0.25 to 0.00949766 0.0112959
	>>>> prev guard 6 22.26 cur guard 6.05128 22.2603
	was guard reflex vertex? 0
	was guard in reflex area? 0
	does guard intersect boundary ray 6 22.26 6.05128 22.2603?0
	is guard inside polygon? 1
0 other guards have coords 6.05128 22.2603
	 new best guard at 6.05128 22.2603
scaling gradient with 0.5 to 0.0189953 0.0225919
	>>>> prev guard 6 22.26 cur guard 6.07554 22.2642
	was guard reflex vertex? 0
	was guard in reflex area? 0
	does guard intersect boundary ray 6 22.26 6.07554 22.2642?0
	is guard inside polygon? 1
0 other guards have coords 6.07554 22.2642
	 new best guard at 6.07554 22.2642
scaling gradient with 1 to 0.0379906 0.0451837
	>>>> prev guard 6 22.26 cur guard 6.10676 22.274
	was guard reflex vertex? 0
	was guard in reflex area? 0
	does guard intersect boundary ray 6 22.26 6.10676 22.274?0
	is guard inside polygon? 1
0 other guards have coords 6.10676 22.274
	 new best guard at 6.10676 22.274
scaling gradient with 2 to 0.0759813 0.0903675
	>>>> prev guard 6 22.26 cur guard 6.14961 22.2957
	was guard reflex vertex? 0
	was guard in reflex area? 0
	does guard intersect boundary ray 6 22.26 6.14961 22.2957?0
	is guard inside polygon? 1
0 other guards have coords 6.14961 22.2957
	 new best guard at 6.14961 22.2957
scaling gradient with 4 to 0.151963 0.180735
	>>>> prev guard 6 22.26 cur guard 6.21393 22.3413
	was guard reflex vertex? 0
	was guard in reflex area? 0
	does guard intersect boundary ray 6 22.26 6.21393 22.3413?0
	is guard inside polygon? 1
0 other guards have coords 6.21393 22.3413
	 new best guard at 6.21393 22.3413
scaling gradient with 8 to 0.303925 0.36147
	>>>> prev guard 6 22.26 cur guard 6.31974 22.4351
	was guard reflex vertex? 0
	was guard in reflex area? 0
	does guard intersect boundary ray 6 22.26 6.31974 22.4351?0
	is guard inside polygon? 1
0 other guards have coords 6.31974 22.4351
	 new best guard at 6.31974 22.4351
scaling gradient with 16 to 0.60785 0.72294
	>>>> prev guard 6 22.26 cur guard 6.50738 22.6252
	was guard reflex vertex? 0
	was guard in reflex area? 0
	does guard intersect boundary ray 6 22.26 6.50738 22.6252?0
	is guard inside polygon? 1
0 other guards have coords 6.50738 22.6252
	 new best guard at 6.50738 22.6252
scaling gradient with 32 to 1.2157 1.44588
	>>>> prev guard 6 22.26 cur guard 6.85772 23.008
	was guard reflex vertex? 0
	was guard in reflex area? 0
	does guard intersect boundary ray 6 22.26 6.85772 23.008?0
	is guard inside polygon? 1
0 other guards have coords 6.85772 23.008
	 new best guard at 6.85772 23.008
Df=0 0
h=0 0
Df=-0.000864041 0.000496575
h=0.000247435 0.000430538
Df=0 0
h=0 0
Df=-0.00346735 -0.13336
h=0.0133315 -0.000346618
Df=0.0347239 0.16901
h=0.0150502 -0.00309213
Df=0 0
h=0 0
Df=0 0
h=0 0
Df=0 0
h=0 0
Df=0.350343 0.382802
h=0.0286291 -0.00300821
is completely visible? 0
are areas equal? 103=102.287?0
+++++2 guards with gradient 0
	======== guard 8.75 16.55
	was guard reflex vertex? 0
	computed gradient -2.13884 -3.34864 and pull -1.68065 1.29877
	------- removing guard 8.75 16.55
g1=8.75 16.55
area1=49.3719
alpha1=0.8
scaling gradient with 0.03125 to -0.0668387 -0.104645
pull reduced from 4.5114 to 	>>>> prev guard 8.75 16.55 cur guard 8.73931 16.5333
	was guard reflex vertex? 0
	was guard in reflex area? 0
	does guard intersect boundary ray 8.75 16.55 8.73931 16.5333?0
	is guard inside polygon? 1
0 other guards have coords 8.73931 16.5333
	 new best guard at 8.73931 16.5333
scaling gradient with 0.0625 to -0.133677 -0.20929
pull reduced from 4.5114 to 	>>>> prev guard 8.75 16.55 cur guard 8.70933 16.4864
	was guard reflex vertex? 0
	was guard in reflex area? 0
	does guard intersect boundary ray 8.75 16.55 8.70933 16.4864?0
	is guard inside polygon? 1
0 other guards have coords 8.70933 16.4864
	 new best guard at 8.70933 16.4864
scaling gradient with 0.125 to -0.267355 -0.418579
pull reduced from 4.5114 to 	>>>> prev guard 8.75 16.55 cur guard 8.64228 16.3822
	was guard reflex vertex? 0
	was guard in reflex area? 0
	does guard intersect boundary ray 8.75 16.55 8.64228 16.3822?0
	is guard inside polygon? 1
0 other guards have coords 8.64228 16.3822
	 new best guard at 8.64228 16.3822
scaling gradient with 0.25 to -0.53471 -0.837159
pull reduced from 4.5114 to 	>>>> prev guard 8.75 16.55 cur guard 8.50165 16.1659
	was guard reflex vertex? 0
	was guard in reflex area? 0
	does guard intersect boundary ray 8.75 16.55 8.50165 16.1659?0
	is guard inside polygon? 1
0 other guards have coords 8.50165 16.1659
	 new best guard at 8.50165 16.1659
scaling gradient with 0.5 to -1.06942 -1.67432
pull reduced from 4.5114 to 	>>>> prev guard 8.75 16.55 cur guard 8.21185 15.7299
	was guard reflex vertex? 0
	was guard in reflex area? 0
	does guard intersect boundary ray 8.75 16.55 8.21185 15.7299?0
	is guard inside polygon? 1
0 other guards have coords 8.21185 15.7299
	 new best guard at 8.21185 15.7299
scaling gradient with 1 to -2.13884 -3.34864
pull reduced from 4.5114 to 	>>>> prev guard 8.75 16.55 cur guard 7.61226 14.8649
	was guard reflex vertex? 0
	was guard in reflex area? 0
	does guard intersect boundary ray 8.75 16.55 7.61226 14.8649?0
	is guard inside polygon? 1
0 other guards have coords 7.61226 14.8649
scaling gradient with 2 to -4.27768 -6.69727
pull reduced from 4.5114 to 	>>>> prev guard 8.75 16.55 cur guard 6.34501 13.1812
	was guard reflex vertex? 0
	was guard in reflex area? 0
	does guard intersect boundary ray 8.75 16.55 6.34501 13.1812?1
	is guard inside polygon? 0
0 other guards have coords 7 14.0987
scaling gradient with 4 to -8.55536 -13.3945
	>>>> prev guard 8.75 16.55 cur guard 4.34844 10.8163
	was guard reflex vertex? 0
	was guard in reflex area? 0
	does guard intersect boundary ray 8.75 16.55 4.34844 10.8163?1
	is guard inside polygon? 0
0 other guards have coords 7 14.2704
scaling gradient with 8 to -17.1107 -26.7891
	>>>> prev guard 8.75 16.55 cur guard 1.87213 7.56603
	was guard reflex vertex? 0
	was guard in reflex area? 0
	does guard intersect boundary ray 8.75 16.55 1.87213 7.56603?1
	is guard inside polygon? 0
0 other guards have coords 7 14.2641
scaling gradient with 16 to -34.2214 -53.5782
	>>>> prev guard 8.75 16.55 cur guard -2.84663 0.535958
	was guard reflex vertex? 0
	was guard in reflex area? 0
	does guard intersect boundary ray 8.75 16.55 -2.84663 0.535958?1
	is guard inside polygon? 0
0 other guards have coords 7 14.1334
scaling gradient with 32 to -68.4429 -107.156
	>>>> prev guard 8.75 16.55 cur guard -12.0971 -13.7864
	was guard reflex vertex? 0
	was guard in reflex area? 0
	does guard intersect boundary ray 8.75 16.55 -12.0971 -13.7864?1
	is guard inside polygon? 0
0 other guards have coords 7 14.0034
Df=0.910802 -2.89801
h=-1.57982 -0.496514
Df=-0.383683 -0.141628
h=-0.0178343 0.0483146
Df=-0.0617921 -0.0145149
h=-0.00189669 0.00807447
Df=-2.1764 0.375241
h=0.255024 1.47914
Df=-0.289802 -0.436083
h=-1.34452 1.03902
is completely visible? 0
are areas equal? 103=102.287?0
+++++1 guards with gradient 0
	======== guard 13.38 25.53
	was guard reflex vertex? 0
	computed gradient 0.387606 -0.957702 and pull -0.375916 -0.285529
	------- removing guard 13.38 25.53
g2=13.38 25.53
area2=70.9864
alpha2=0.8
scaling gradient with 0.03125 to 0.0121127 -0.0299282
pull reduced from 0.22284 to 	>>>> prev guard 13.38 25.53 cur guard 13.3819 25.5252
	was guard reflex vertex? 0
	was guard in reflex area? 0
	does guard intersect boundary ray 13.38 25.53 13.3819 25.5252?0
	is guard inside polygon? 1
0 other guards have coords 13.3819 25.5252
	 new best guard at 13.3819 25.5252
scaling gradient with 0.0625 to 0.0242254 -0.0598564
pull reduced from 0.22284 to 	>>>> prev guard 13.38 25.53 cur guard 13.3874 25.5118
	was guard reflex vertex? 0
	was guard in reflex area? 0
	does guard intersect boundary ray 13.38 25.53 13.3874 25.5118?0
	is guard inside polygon? 1
0 other guards have coords 13.3874 25.5118
	 new best guard at 13.3874 25.5118
scaling gradient with 0.125 to 0.0484507 -0.119713
pull reduced from 0.22284 to 	>>>> prev guard 13.38 25.53 cur guard 13.3993 25.4818
	was guard reflex vertex? 0
	was guard in reflex area? 0
	does guard intersect boundary ray 13.38 25.53 13.3993 25.4818?0
	is guard inside polygon? 1
0 other guards have coords 13.3993 25.4818
	 new best guard at 13.3993 25.4818
scaling gradient with 0.25 to 0.0969015 -0.239426
pull reduced from 0.22284 to 	>>>> prev guard 13.38 25.53 cur guard 13.424 25.4192
	was guard reflex vertex? 0
	was guard in reflex area? 0
	does guard intersect boundary ray 13.38 25.53 13.424 25.4192?0
	is guard inside polygon? 1
0 other guards have coords 13.424 25.4192
	 new best guard at 13.424 25.4192
scaling gradient with 0.5 to 0.193803 -0.478851
pull reduced from 0.22284 to 	>>>> prev guard 13.38 25.53 cur guard 13.4728 25.2911
	was guard reflex vertex? 0
	was guard in reflex area? 0
	does guard intersect boundary ray 13.38 25.53 13.4728 25.2911?0
	is guard inside polygon? 1
0 other guards have coords 13.4728 25.2911
	 new best guard at 13.4728 25.2911
scaling gradient with 1 to 0.387606 -0.957702
pull reduced from 0.22284 to 	>>>> prev guard 13.38 25.53 cur guard 13.566 25.0293
	was guard reflex vertex? 0
	was guard in reflex area? 0
	does guard intersect boundary ray 13.38 25.53 13.566 25.0293?0
	is guard inside polygon? 1
0 other guards have coords 13.566 25.0293
	 new best guard at 13.566 25.0293
scaling gradient with 2 to 0.775212 -1.9154
pull reduced from 0.22284 to 	>>>> prev guard 13.38 25.53 cur guard 13.732 24.4887
	was guard reflex vertex? 0
	was guard in reflex area? 0
	does guard intersect boundary ray 13.38 25.53 13.732 24.4887?0
	is guard inside polygon? 1
0 other guards have coords 13.732 24.4887
	 new best guard at 13.732 24.4887
scaling gradient with 4 to 1.55042 -3.83081
	>>>> prev guard 13.38 25.53 cur guard 14.0527 23.3976
	was guard reflex vertex? 0
	was guard in reflex area? 0
	does guard intersect boundary ray 13.38 25.53 14.0527 23.3976?0
	is guard inside polygon? 1
0 other guards have coords 14.0527 23.3976
	 new best guard at 14.0527 23.3976
scaling gradient with 8 to 3.10085 -7.66162
	>>>> prev guard 13.38 25.53 cur guard 14.7453 21.2532
	was guard reflex vertex? 0
	was guard in reflex area? 0
	does guard intersect boundary ray 13.38 25.53 14.7453 21.2532?0
	is guard inside polygon? 1
0 other guards have coords 14.7453 21.2532
scaling gradient with 16 to 6.20169 -15.3232
	>>>> prev guard 13.38 25.53 cur guard 16.2314 17.0402
	was guard reflex vertex? 0
	was guard in reflex area? 0
	does guard intersect boundary ray 13.38 25.53 16.2314 17.0402?0
	is guard inside polygon? 1
0 other guards have coords 16.2314 17.0402
scaling gradient with 32 to 12.4034 -30.6465
	>>>> prev guard 13.38 25.53 cur guard 19.3448 8.72073
	was guard reflex vertex? 0
	was guard in reflex area? 0
	does guard intersect boundary ray 13.38 25.53 19.3448 8.72073?1
	is guard inside polygon? 0
0 other guards have coords 16.4069 17
Df=0.529936 -0.824345
h=-0.291353 -0.187299
Df=-0.0369838 -0.0274497
h=0.00624417 -0.00841295
Df=0.0011739 0.00076845
h=0.000116265 -0.000177609
Df=-0.133571 0.0574864
h=-0.0095486 -0.0221864
Df=-0.0730155 0.0424712
h=-0.00487546 -0.00838178
Df=0.0225457 -0.0150936
h=-0.0013161 -0.00196589
Df=0.320716 -1.09111
h=-0.300733 -0.228423
is completely visible? 0
are areas equal? 103=102.287?0
i=1
area=102.287
+++++3 guards with gradient 0
	======== guard 6.85772 23.008
	was guard reflex vertex? 0
	computed gradient -0.0763872 -0.00144555 and pull 0.0501171 0.098098
	------- removing guard 6.85772 23.008
g0=6.85772 23.008
area0=97.4465
alpha0=0.8
scaling gradient with 0.03125 to -0.0023871 -4.51734e-05
	>>>> prev guard 6.85772 23.008 cur guard 7.14563 23.3299
	was guard reflex vertex? 0
	was guard in reflex area? 0
	does guard intersect boundary ray 6.85772 23.008 7.14563 23.3299?0
	is guard inside polygon? 1
0 other guards have coords 7.14563 23.3299
	 new best guard at 7.14563 23.3299
scaling gradient with 0.0625 to -0.0047742 -9.03467e-05
	>>>> prev guard 6.85772 23.008 cur guard 7.38321 23.6031
	was guard reflex vertex? 0
	was guard in reflex area? 0
	does guard intersect boundary ray 6.85772 23.008 7.38321 23.6031?0
	is guard inside polygon? 1
0 other guards have coords 7.38321 23.6031
scaling gradient with 0.125 to -0.00954839 -0.000180693
	>>>> prev guard 6.85772 23.008 cur guard 7.57977 23.8374
	was guard reflex vertex? 0
	was guard in reflex area? 0
	does guard intersect boundary ray 6.85772 23.008 7.57977 23.8374?0
	is guard inside polygon? 1
0 other guards have coords 7.57977 23.8374
scaling gradient with 0.25 to -0.0190968 -0.000361387
	>>>> prev guard 6.85772 23.008 cur guard 7.74198 24.0404
	was guard reflex vertex? 0
	was guard in reflex area? 0
	does guard intersect boundary ray 6.85772 23.008 7.74198 24.0404?1
	is guard inside polygon? 0
0 other guards have coords 7.70736 24
scaling gradient with 0.5 to -0.0381936 -0.000722774
	>>>> prev guard 6.85772 23.008 cur guard 7.83904 24.178
	was guard reflex vertex? 0
	was guard in reflex area? 0
	does guard intersect boundary ray 6.85772 23.008 7.83904 24.178?1
	is guard inside polygon? 0
0 other guards have coords 7.68974 24
scaling gradient with 1 to -0.0763872 -0.00144555
	>>>> prev guard 6.85772 23.008 cur guard 7.79088 24.1579
	was guard reflex vertex? 0
	was guard in reflex area? 0
	does guard intersect boundary ray 6.85772 23.008 7.79088 24.1579?1
	is guard inside polygon? 0
0 other guards have coords 7.66276 24
scaling gradient with 2 to -0.152774 -0.00289109
	>>>> prev guard 6.85772 23.008 cur guard 7.72725 24.1415
	was guard reflex vertex? 0
	was guard in reflex area? 0
	does guard intersect boundary ray 6.85772 23.008 7.72725 24.1415?1
	is guard inside polygon? 0
0 other guards have coords 7.61868 24
scaling gradient with 4 to -0.305549 -0.00578219
	>>>> prev guard 6.85772 23.008 cur guard 7.6294 24.128
	was guard reflex vertex? 0
	was guard in reflex area? 0
	does guard intersect boundary ray 6.85772 23.008 7.6294 24.128?1
	is guard inside polygon? 0
0 other guards have coords 7.54121 24
scaling gradient with 8 to -0.611097 -0.0115644
	>>>> prev guard 6.85772 23.008 cur guard 7.46003 24.1162
	was guard reflex vertex? 0
	was guard in reflex area? 0
	does guard intersect boundary ray 6.85772 23.008 7.46003 24.1162?1
	is guard inside polygon? 0
0 other guards have coords 7.39686 24
scaling gradient with 16 to -1.22219 -0.0231288
	>>>> prev guard 6.85772 23.008 cur guard 7.14438 24.105
	was guard reflex vertex? 0
	was guard in reflex area? 0
	does guard intersect boundary ray 6.85772 23.008 7.14438 24.105?1
	is guard inside polygon? 0
0 other guards have coords 7.11695 24
scaling gradient with 32 to -2.44439 -0.0462575
	>>>> prev guard 6.85772 23.008 cur guard 6.53188 24.0923
	was guard reflex vertex? 0
	was guard in reflex area? 0
	does guard intersect boundary ray 6.85772 23.008 6.53188 24.0923?0
	is guard inside polygon? 1
0 other guards have coords 6.53188 24.0923
	 new best guard at 6.53188 24.0923
Df=0 0
h=0 0
Df=-0.084062 0.0120567
h=0.0120305 0.0838798
Df=0 0
h=0 0
Df=-0.0159006 -0.144217
h=0.0156797 -0.00172876
Df=0.0388529 0.131004
h=0.0123835 -0.00367266
Df=0 0
h=0 0
Df=0 0
h=0 0
Df=0 0
h=0 0
Df=-0.585066 0.0922848
h=0.0400937 0.0784784
is completely visible? 1
are areas equal? 103=103?1
i=3
area=103
g0=6.53188 24.0923
alpha0=0.8
area0=88.0565
g1=8.21185 15.7299
alpha1=0.8
area1=52.4946
g2=14.0527 23.3976
alpha2=0.8
area2=85.0878
