8
2.5 4 1.5 5
3 5.5 2.5 4
4 4 3.5 3.5
4 5 4 4
3 5.5 4 5
4 6.5 1.5 5
6 3.5 3.5 3.5
4 6.5 6 3.5
total area=5.375
i=0
area=4.24886
+++++2 guards with gradient 0
	======== guard 3.39 5.59
	was guard reflex vertex? 0
	computed gradient -0.0568388 0.246301 and pull -0.615369 -0.142008
	------- removing guard 3.39 5.59
g0=3.39 5.59
area0=3.00353
alpha0=0.4
scaling gradient with 0.03125 to -0.00177621 0.00769692
event=placed on reflex vertex 3 5.5
	>>>> prev guard 3.39 5.59 cur guard 3 5.5
	was guard reflex vertex? 0
	was guard in reflex area? 0
	does guard intersect boundary ray 3.39 5.59 3 5.5?0
	is guard inside polygon? 1
0 other guards have coords 3 5.5
	 new best guard at 3 5.5
scaling gradient with 0.0625 to -0.00355242 0.0153938
event=placed on reflex vertex 3 5.5
	>>>> prev guard 3.39 5.59 cur guard 3 5.5
	was guard reflex vertex? 0
	was guard in reflex area? 0
	does guard intersect boundary ray 3.39 5.59 3 5.5?0
	is guard inside polygon? 1
1 other guards have coords 3 5.5
scaling gradient with 0.125 to -0.00710485 0.0307877
event=placed on reflex vertex 3 5.5
	>>>> prev guard 3.39 5.59 cur guard 3 5.5
	was guard reflex vertex? 0
	was guard in reflex area? 0
	does guard intersect boundary ray 3.39 5.59 3 5.5?0
	is guard inside polygon? 1
1 other guards have coords 3 5.5
scaling gradient with 0.25 to -0.0142097 0.0615753
event=placed on reflex vertex 3 5.5
	>>>> prev guard 3.39 5.59 cur guard 3 5.5
	was guard reflex vertex? 0
	was guard in reflex area? 0
	does guard intersect boundary ray 3.39 5.59 3 5.5?0
	is guard inside polygon? 1
1 other guards have coords 3 5.5
scaling gradient with 0.5 to -0.0284194 0.123151
event=placed on reflex vertex 3 5.5
	>>>> prev guard 3.39 5.59 cur guard 3 5.5
	was guard reflex vertex? 0
	was guard in reflex area? 0
	does guard intersect boundary ray 3.39 5.59 3 5.5?0
	is guard inside polygon? 1
1 other guards have coords 3 5.5
scaling gradient with 1 to -0.0568388 0.246301
event=placed on reflex vertex 3 5.5
	>>>> prev guard 3.39 5.59 cur guard 3 5.5
	was guard reflex vertex? 0
	was guard in reflex area? 0
	does guard intersect boundary ray 3.39 5.59 3 5.5?0
	is guard inside polygon? 1
1 other guards have coords 3 5.5
scaling gradient with 2 to -0.113678 0.492603
event=placed on reflex vertex 3 5.5
	>>>> prev guard 3.39 5.59 cur guard 3 5.5
	was guard reflex vertex? 0
	was guard in reflex area? 0
	does guard intersect boundary ray 3.39 5.59 3 5.5?0
	is guard inside polygon? 1
1 other guards have coords 3 5.5
scaling gradient with 4 to -0.227355 0.985205
event=placed on reflex vertex 3 5.5
	>>>> prev guard 3.39 5.59 cur guard 3 5.5
	was guard reflex vertex? 0
	was guard in reflex area? 0
	does guard intersect boundary ray 3.39 5.59 3 5.5?0
	is guard inside polygon? 1
1 other guards have coords 3 5.5
scaling gradient with 8 to -0.45471 1.97041
event=placed on reflex vertex 3 5.5
	>>>> prev guard 3.39 5.59 cur guard 3 5.5
	was guard reflex vertex? 0
	was guard in reflex area? 0
	does guard intersect boundary ray 3.39 5.59 3 5.5?0
	is guard inside polygon? 1
1 other guards have coords 3 5.5
scaling gradient with 16 to -0.90942 3.94082
event=placed on reflex vertex 3 5.5
	>>>> prev guard 3.39 5.59 cur guard 3 5.5
	was guard reflex vertex? 0
	was guard in reflex area? 0
	does guard intersect boundary ray 3.39 5.59 3 5.5?0
	is guard inside polygon? 1
1 other guards have coords 3 5.5
scaling gradient with 32 to -1.81884 7.88164
event=placed on reflex vertex 3 5.5
	>>>> prev guard 3.39 5.59 cur guard 3 5.5
	was guard reflex vertex? 0
	was guard in reflex area? 0
	does guard intersect boundary ray 3.39 5.59 3 5.5?0
	is guard inside polygon? 1
1 other guards have coords 3 5.5
Df=-0.0227355 0.0985205
h=-0.246148 -0.0568033
Df=0 0
h=0 -0
Df=0 0
h=-0.246148 -0.0568033
is completely visible? 0
are areas equal? 5.375=5.33219?0
+++++1 guards with gradient 0
	======== guard 4.48 4.73
	was guard reflex vertex? 0
	computed gradient 0.0142671 0.0114246 and pull -0.0318862 0.00896143
	------- removing guard 4.48 4.73
g1=4.48 4.73
area1=4.04993
alpha1=0.4
scaling gradient with 0.03125 to 0.000445848 0.000357018
	>>>> prev guard 4.48 4.73 cur guard 4.47748 4.73075
	was guard reflex vertex? 0
	was guard in reflex area? 0
	does guard intersect boundary ray 4.48 4.73 4.47748 4.73075?0
	is guard inside polygon? 1
0 other guards have coords 4.47748 4.73075
	 new best guard at 4.47748 4.73075
scaling gradient with 0.0625 to 0.000891697 0.000714037
	>>>> prev guard 4.48 4.73 cur guard 4.47299 4.73212
	was guard reflex vertex? 0
	was guard in reflex area? 0
	does guard intersect boundary ray 4.48 4.73 4.47299 4.73212?0
	is guard inside polygon? 1
0 other guards have coords 4.47299 4.73212
scaling gradient with 0.125 to 0.00178339 0.00142807
	>>>> prev guard 4.48 4.73 cur guard 4.46699 4.73404
	was guard reflex vertex? 0
	was guard in reflex area? 0
	does guard intersect boundary ray 4.48 4.73 4.46699 4.73404?0
	is guard inside polygon? 1
0 other guards have coords 4.46699 4.73404
scaling gradient with 0.25 to 0.00356679 0.00285615
	>>>> prev guard 4.48 4.73 cur guard 4.45992 4.73653
	was guard reflex vertex? 0
	was guard in reflex area? 0
	does guard intersect boundary ray 4.48 4.73 4.45992 4.73653?0
	is guard inside polygon? 1
0 other guards have coords 4.45992 4.73653
scaling gradient with 0.5 to 0.00713357 0.0057123
	>>>> prev guard 4.48 4.73 cur guard 4.45229 4.73969
	was guard reflex vertex? 0
	was guard in reflex area? 0
	does guard intersect boundary ray 4.48 4.73 4.45229 4.73969?0
	is guard inside polygon? 1
0 other guards have coords 4.45229 4.73969
scaling gradient with 1 to 0.0142671 0.0114246
	>>>> prev guard 4.48 4.73 cur guard 4.44477 4.74386
	was guard reflex vertex? 0
	was guard in reflex area? 0
	does guard intersect boundary ray 4.48 4.73 4.44477 4.74386?0
	is guard inside polygon? 1
0 other guards have coords 4.44477 4.74386
scaling gradient with 2 to 0.0285343 0.0228492
	>>>> prev guard 4.48 4.73 cur guard 4.43849 4.74973
	was guard reflex vertex? 0
	was guard in reflex area? 0
	does guard intersect boundary ray 4.48 4.73 4.43849 4.74973?0
	is guard inside polygon? 1
0 other guards have coords 4.43849 4.74973
scaling gradient with 4 to 0.0570686 0.0456984
	>>>> prev guard 4.48 4.73 cur guard 4.43548 4.7588
	was guard reflex vertex? 0
	was guard in reflex area? 0
	does guard intersect boundary ray 4.48 4.73 4.43548 4.7588?0
	is guard inside polygon? 1
0 other guards have coords 4.43548 4.7588
scaling gradient with 8 to 0.114137 0.0913967
	>>>> prev guard 4.48 4.73 cur guard 4.43965 4.77409
	was guard reflex vertex? 0
	was guard in reflex area? 0
	does guard intersect boundary ray 4.48 4.73 4.43965 4.77409?0
	is guard inside polygon? 1
0 other guards have coords 4.43965 4.77409
	 new best guard at 4.43965 4.77409
scaling gradient with 16 to 0.228274 0.182793
	>>>> prev guard 4.48 4.73 cur guard 4.4587 4.80166
	was guard reflex vertex? 0
	was guard in reflex area? 0
	does guard intersect boundary ray 4.48 4.73 4.4587 4.80166?0
	is guard inside polygon? 1
0 other guards have coords 4.4587 4.80166
	 new best guard at 4.4587 4.80166
scaling gradient with 32 to 0.456549 0.365587
	>>>> prev guard 4.48 4.73 cur guard 4.50791 4.85368
	was guard reflex vertex? 0
	was guard in reflex area? 0
	does guard intersect boundary ray 4.48 4.73 4.50791 4.85368?0
	is guard inside polygon? 1
0 other guards have coords 4.50791 4.85368
	 new best guard at 4.50791 4.85368
Df=0.00228952 -0.00150544
h=-0.00172312 -0.00262057
Df=0.00341734 0.00607527
h=-0.0110314 0.00620515
Df=0.0492117 0.0520195
h=-0.0127545 0.00358457
is completely visible? 0
are areas equal? 5.375=5.32437?0
i=1
area=5.32437
+++++2 guards with gradient 0
	======== guard 3 5.5
	was guard reflex vertex? 1
	computed gradient 0 0 and pull 0 -0
	======== guard 4.50791 4.85368
	was guard reflex vertex? 0
	computed gradient 0.00594184 -0.00353522 and pull -0.00355889 -0.00598161
	------- removing guard 4.50791 4.85368
g1=4.50791 4.85368
area1=4.10215
alpha1=0.4
scaling gradient with 0.03125 to 0.000185682 -0.000110476
	>>>> prev guard 4.50791 4.85368 cur guard 4.54701 4.89481
	was guard reflex vertex? 0
	was guard in reflex area? 0
	does guard intersect boundary ray 4.50791 4.85368 4.54701 4.89481?0
	is guard inside polygon? 1
0 other guards have coords 4.54701 4.89481
	 new best guard at 4.54701 4.89481
scaling gradient with 0.0625 to 0.000371365 -0.000220951
	>>>> prev guard 4.50791 4.85368 cur guard 4.57804 4.92721
	was guard reflex vertex? 0
	was guard in reflex area? 0
	does guard intersect boundary ray 4.50791 4.85368 4.57804 4.92721?0
	is guard inside polygon? 1
0 other guards have coords 4.57804 4.92721
	 new best guard at 4.57804 4.92721
scaling gradient with 0.125 to 0.00074273 -0.000441903
	>>>> prev guard 4.50791 4.85368 cur guard 4.60263 4.95262
	was guard reflex vertex? 0
	was guard in reflex area? 0
	does guard intersect boundary ray 4.50791 4.85368 4.60263 4.95262?0
	is guard inside polygon? 1
0 other guards have coords 4.60263 4.95262
	 new best guard at 4.60263 4.95262
scaling gradient with 0.25 to 0.00148546 -0.000883806
	>>>> prev guard 4.50791 4.85368 cur guard 4.62214 4.9724
	was guard reflex vertex? 0
	was guard in reflex area? 0
	does guard intersect boundary ray 4.50791 4.85368 4.62214 4.9724?0
	is guard inside polygon? 1
0 other guards have coords 4.62214 4.9724
	 new best guard at 4.62214 4.9724
scaling gradient with 0.5 to 0.00297092 -0.00176761
	>>>> prev guard 4.50791 4.85368 cur guard 4.6377 4.98761
	was guard reflex vertex? 0
	was guard in reflex area? 0
	does guard intersect boundary ray 4.50791 4.85368 4.6377 4.98761?0
	is guard inside polygon? 1
0 other guards have coords 4.6377 4.98761
	 new best guard at 4.6377 4.98761
scaling gradient with 1 to 0.00594184 -0.00353522
	>>>> prev guard 4.50791 4.85368 cur guard 4.65034 4.99901
	was guard reflex vertex? 0
	was guard in reflex area? 0
	does guard intersect boundary ray 4.50791 4.85368 4.65034 4.99901?0
	is guard inside polygon? 1
0 other guards have coords 4.65034 4.99901
	 new best guard at 4.65034 4.99901
scaling gradient with 2 to 0.0118837 -0.00707044
	>>>> prev guard 4.50791 4.85368 cur guard 4.66112 5.00709
	was guard reflex vertex? 0
	was guard in reflex area? 0
	does guard intersect boundary ray 4.50791 4.85368 4.66112 5.00709?0
	is guard inside polygon? 1
0 other guards have coords 4.66112 5.00709
	 new best guard at 4.66112 5.00709
scaling gradient with 4 to 0.0237673 -0.0141409
	>>>> prev guard 4.50791 4.85368 cur guard 4.67136 5.01194
	was guard reflex vertex? 0
	was guard in reflex area? 0
	does guard intersect boundary ray 4.50791 4.85368 4.67136 5.01194?0
	is guard inside polygon? 1
0 other guards have coords 4.67136 5.01194
	 new best guard at 4.67136 5.01194
scaling gradient with 8 to 0.0475347 -0.0282818
	>>>> prev guard 4.50791 4.85368 cur guard 4.68307 5.01308
	was guard reflex vertex? 0
	was guard in reflex area? 0
	does guard intersect boundary ray 4.50791 4.85368 4.68307 5.01308?0
	is guard inside polygon? 1
0 other guards have coords 4.68307 5.01308
	 new best guard at 4.68307 5.01308
scaling gradient with 16 to 0.0950694 -0.0565636
	>>>> prev guard 4.50791 4.85368 cur guard 4.69976 5.00899
	was guard reflex vertex? 0
	was guard in reflex area? 0
	does guard intersect boundary ray 4.50791 4.85368 4.69976 5.00899?0
	is guard inside polygon? 1
0 other guards have coords 4.69976 5.00899
	 new best guard at 4.69976 5.00899
scaling gradient with 32 to 0.190139 -0.113127
	>>>> prev guard 4.50791 4.85368 cur guard 4.72803 4.99619
	was guard reflex vertex? 0
	was guard in reflex area? 0
	does guard intersect boundary ray 4.50791 4.85368 4.72803 4.99619?0
	is guard inside polygon? 1
0 other guards have coords 4.72803 4.99619
	 new best guard at 4.72803 4.99619
Df=0.00237673 -0.00141409
h=-0.00142356 -0.00239265
Df=0 0
h=0 0
Df=0 0
h=0 0
Df=0.0282768 -0.0128017
h=-0.00142356 -0.00239265
is completely visible? 0
are areas equal? 5.375=5.34135?0
+++++1 guards with gradient 0
	======== guard 3 5.5
	was guard reflex vertex? 1
	computed gradient 0.0996796 0.199359 and pull 0.178312 -0.0891562
	------- removing guard 3 5.5
g0=3 5.5
area0=3.375
alpha0=0.4
scaling gradient with 0.03125 to 0.00311499 0.00622998
	>>>> prev guard 3 5.5 cur guard 3.01451 5.49337
	was guard reflex vertex? 1
	was guard in reflex area? 1
	does guard intersect boundary ray 3 5.5 3.01451 5.49337?0
	is guard inside polygon? 1
reflex vertex guard 3 5.5 tries to move to 3.01451 5.49337
reflex segment1 4 5 3 5.5
reflex segment1 3 5.5 2.5 4
on positive side edge2? 1
on positive side edge1? 1
on negative side edge2? 0
on negative side edge1? 0
on edge2? 0
on edge1? 0
new position still inside the polygon? 1
new position ON polygon? 0
projecting
crashed whatever
	old reflex coords
1 other guards have coords 3 5.5
	 new best guard at 3 5.5
scaling gradient with 0.0625 to 0.00622998 0.01246
	>>>> prev guard 3 5.5 cur guard 3.02637 5.48856
	was guard reflex vertex? 1
	was guard in reflex area? 1
	does guard intersect boundary ray 3 5.5 3.02637 5.48856?0
	is guard inside polygon? 1
reflex vertex guard 3 5.5 tries to move to 3.02637 5.48856
reflex segment1 4 5 3 5.5
reflex segment1 3 5.5 2.5 4
on positive side edge2? 1
on positive side edge1? 1
on negative side edge2? 0
on negative side edge1? 0
on edge2? 0
on edge1? 0
new position still inside the polygon? 1
new position ON polygon? 0
projecting
crashed whatever
	old reflex coords
1 other guards have coords 3 5.5
scaling gradient with 0.125 to 0.01246 0.0249199
	>>>> prev guard 3 5.5 cur guard 3.03636 5.48571
	was guard reflex vertex? 1
	was guard in reflex area? 1
	does guard intersect boundary ray 3 5.5 3.03636 5.48571?0
	is guard inside polygon? 1
reflex vertex guard 3 5.5 tries to move to 3.03636 5.48571
reflex segment1 4 5 3 5.5
reflex segment1 3 5.5 2.5 4
on positive side edge2? 1
on positive side edge1? 1
on negative side edge2? 0
on negative side edge1? 0
on edge2? 0
on edge1? 0
new position still inside the polygon? 1
new position ON polygon? 0
projecting
crashed whatever
	old reflex coords
1 other guards have coords 3 5.5
scaling gradient with 0.25 to 0.0249199 0.0498398
	>>>> prev guard 3 5.5 cur guard 3.04535 5.48542
	was guard reflex vertex? 1
	was guard in reflex area? 1
	does guard intersect boundary ray 3 5.5 3.04535 5.48542?0
	is guard inside polygon? 1
reflex vertex guard 3 5.5 tries to move to 3.04535 5.48542
reflex segment1 4 5 3 5.5
reflex segment1 3 5.5 2.5 4
on positive side edge2? 1
on positive side edge1? 1
on negative side edge2? 0
on negative side edge1? 0
on edge2? 0
on edge1? 0
new position still inside the polygon? 1
new position ON polygon? 0
projecting
crashed whatever
	old reflex coords
1 other guards have coords 3 5.5
scaling gradient with 0.5 to 0.0498398 0.0996796
	>>>> prev guard 3 5.5 cur guard 3.05453 5.48918
	was guard reflex vertex? 1
	was guard in reflex area? 1
	does guard intersect boundary ray 3 5.5 3.05453 5.48918?0
	is guard inside polygon? 1
reflex vertex guard 3 5.5 tries to move to 3.05453 5.48918
reflex segment1 4 5 3 5.5
reflex segment1 3 5.5 2.5 4
on positive side edge2? 1
on positive side edge1? 1
on negative side edge2? 0
on negative side edge1? 0
on edge2? 0
on edge1? 0
new position still inside the polygon? 1
new position ON polygon? 0
projecting
crashed whatever
	old reflex coords
1 other guards have coords 3 5.5
scaling gradient with 1 to 0.0996796 0.199359
	>>>> prev guard 3 5.5 cur guard 3.06586 5.50016
	was guard reflex vertex? 1
	was guard in reflex area? 1
	does guard intersect boundary ray 3 5.5 3.06586 5.50016?0
	is guard inside polygon? 1
reflex vertex guard 3 5.5 tries to move to 3.06586 5.50016
reflex segment1 4 5 3 5.5
reflex segment1 3 5.5 2.5 4
on positive side edge2? 1
on positive side edge1? 1
on negative side edge2? 0
on negative side edge1? 0
on edge2? 0
on edge1? 0
new position still inside the polygon? 1
new position ON polygon? 0
projecting
crashed whatever
	old reflex coords
1 other guards have coords 3 5.5
scaling gradient with 2 to 0.199359 0.398718
	>>>> prev guard 3 5.5 cur guard 3.0829 5.52489
	was guard reflex vertex? 1
	was guard in reflex area? 1
	does guard intersect boundary ray 3 5.5 3.0829 5.52489?0
	is guard inside polygon? 1
reflex vertex guard 3 5.5 tries to move to 3.0829 5.52489
reflex segment1 4 5 3 5.5
reflex segment1 3 5.5 2.5 4
on positive side edge2? 1
on positive side edge1? 1
on negative side edge2? 0
on negative side edge1? 0
on edge2? 0
on edge1? 0
new position still inside the polygon? 1
new position ON polygon? 0
projecting
crashed whatever
	old reflex coords
1 other guards have coords 3 5.5
scaling gradient with 4 to 0.398718 0.797437
	>>>> prev guard 3 5.5 cur guard 3.11249 5.57658
	was guard reflex vertex? 1
	was guard in reflex area? 1
	does guard intersect boundary ray 3 5.5 3.11249 5.57658?0
	is guard inside polygon? 1
reflex vertex guard 3 5.5 tries to move to 3.11249 5.57658
reflex segment1 4 5 3 5.5
reflex segment1 3 5.5 2.5 4
on positive side edge2? 1
on positive side edge1? 1
on negative side edge2? 0
on negative side edge1? 0
on edge2? 0
on edge1? 0
new position still inside the polygon? 1
new position ON polygon? 0
projecting
crashed whatever
	old reflex coords
1 other guards have coords 3 5.5
scaling gradient with 8 to 0.797437 1.59487
	>>>> prev guard 3 5.5 cur guard 3.16805 5.68172
	was guard reflex vertex? 1
	was guard in reflex area? 1
	does guard intersect boundary ray 3 5.5 3.16805 5.68172?0
	is guard inside polygon? 1
reflex vertex guard 3 5.5 tries to move to 3.16805 5.68172
reflex segment1 4 5 3 5.5
reflex segment1 3 5.5 2.5 4
on positive side edge2? 1
on positive side edge1? 1
on negative side edge2? 0
on negative side edge1? 0
on edge2? 0
on edge1? 0
new position still inside the polygon? 1
new position ON polygon? 0
projecting
crashed whatever
	old reflex coords
1 other guards have coords 3 5.5
scaling gradient with 16 to 1.59487 3.18975
	>>>> prev guard 3 5.5 cur guard 3.27629 5.89342
	was guard reflex vertex? 1
	was guard in reflex area? 1
	does guard intersect boundary ray 3 5.5 3.27629 5.89342?0
	is guard inside polygon? 1
reflex vertex guard 3 5.5 tries to move to 3.27629 5.89342
reflex segment1 4 5 3 5.5
reflex segment1 3 5.5 2.5 4
on positive side edge2? 1
on positive side edge1? 1
on negative side edge2? 0
on negative side edge1? 0
on edge2? 0
on edge1? 0
new position still inside the polygon? 1
new position ON polygon? 0
projecting
crashed whatever
	old reflex coords
1 other guards have coords 3 5.5
scaling gradient with 32 to 3.18975 6.37949
	>>>> prev guard 3 5.5 cur guard 3.49048 6.31796
	was guard reflex vertex? 1
	was guard in reflex area? 1
	does guard intersect boundary ray 3 5.5 3.49048 6.31796?1
	is guard inside polygon? 0
reflex vertex guard 3 5.5 tries to move to 3.49048 6.31796
reflex segment1 4 5 3 5.5
reflex segment1 3 5.5 2.5 4
on positive side edge2? 1
on positive side edge1? 1
on negative side edge2? 0
on negative side edge1? 0
on edge2? 0
on edge1? 0
new position still inside the polygon? 0
new position ON polygon? 0
	old reflex coords
1 other guards have coords 3 5.5
Df=0.0398718 0.0797437
h=0.0713249 -0.0356625
Df=0.0145142 -0.00663409
h=0.0713249 -0.0356625
is completely visible? 0
are areas equal? 5.375=5.34135?0
i=2
area=5.34135
+++++2 guards with gradient 0
	======== guard 3 5.5
	was guard reflex vertex? 0
	computed gradient 0 0 and pull 0 -0
	======== guard 4.72803 4.99619
	was guard reflex vertex? 0
	computed gradient 0.00320666 -0.00234349 and pull -0.00189931 -0.00259888
	------- removing guard 4.72803 4.99619
g1=4.72803 4.99619
area1=4.13108
alpha1=0.4
scaling gradient with 0.03125 to 0.000100208 -7.3234e-05
	>>>> prev guard 4.72803 4.99619 cur guard 4.75051 4.98573
	was guard reflex vertex? 0
	was guard in reflex area? 0
	does guard intersect boundary ray 4.72803 4.99619 4.75051 4.98573?0
	is guard inside polygon? 1
0 other guards have coords 4.75051 4.98573
	 new best guard at 4.75051 4.98573
scaling gradient with 0.0625 to 0.000200416 -0.000146468
	>>>> prev guard 4.72803 4.99619 cur guard 4.76836 4.97715
	was guard reflex vertex? 0
	was guard in reflex area? 0
	does guard intersect boundary ray 4.72803 4.99619 4.76836 4.97715?0
	is guard inside polygon? 1
0 other guards have coords 4.76836 4.97715
	 new best guard at 4.76836 4.97715
scaling gradient with 0.125 to 0.000400833 -0.000292936
	>>>> prev guard 4.72803 4.99619 cur guard 4.78251 4.97005
	was guard reflex vertex? 0
	was guard in reflex area? 0
	does guard intersect boundary ray 4.72803 4.99619 4.78251 4.97005?0
	is guard inside polygon? 1
0 other guards have coords 4.78251 4.97005
	 new best guard at 4.78251 4.97005
scaling gradient with 0.25 to 0.000801666 -0.000585872
	>>>> prev guard 4.72803 4.99619 cur guard 4.79375 4.96412
	was guard reflex vertex? 0
	was guard in reflex area? 0
	does guard intersect boundary ray 4.72803 4.99619 4.79375 4.96412?0
	is guard inside polygon? 1
0 other guards have coords 4.79375 4.96412
	 new best guard at 4.79375 4.96412
scaling gradient with 0.5 to 0.00160333 -0.00117174
	>>>> prev guard 4.72803 4.99619 cur guard 4.80272 4.95907
	was guard reflex vertex? 0
	was guard in reflex area? 0
	does guard intersect boundary ray 4.72803 4.99619 4.80272 4.95907?0
	is guard inside polygon? 1
0 other guards have coords 4.80272 4.95907
	 new best guard at 4.80272 4.95907
scaling gradient with 1 to 0.00320666 -0.00234349
	>>>> prev guard 4.72803 4.99619 cur guard 4.80999 4.95463
	was guard reflex vertex? 0
	was guard in reflex area? 0
	does guard intersect boundary ray 4.72803 4.99619 4.80999 4.95463?0
	is guard inside polygon? 1
0 other guards have coords 4.80999 4.95463
	 new best guard at 4.80999 4.95463
scaling gradient with 2 to 0.00641333 -0.00468698
	>>>> prev guard 4.72803 4.99619 cur guard 4.81618 4.9505
	was guard reflex vertex? 0
	was guard in reflex area? 0
	does guard intersect boundary ray 4.72803 4.99619 4.81618 4.9505?0
	is guard inside polygon? 1
0 other guards have coords 4.81618 4.9505
	 new best guard at 4.81618 4.9505
scaling gradient with 4 to 0.0128267 -0.00937395
	>>>> prev guard 4.72803 4.99619 cur guard 4.822 4.94624
	was guard reflex vertex? 0
	was guard in reflex area? 0
	does guard intersect boundary ray 4.72803 4.99619 4.822 4.94624?0
	is guard inside polygon? 1
0 other guards have coords 4.822 4.94624
	 new best guard at 4.822 4.94624
scaling gradient with 8 to 0.0256533 -0.0187479
	>>>> prev guard 4.72803 4.99619 cur guard 4.82856 4.94112
	was guard reflex vertex? 0
	was guard in reflex area? 0
	does guard intersect boundary ray 4.72803 4.99619 4.82856 4.94112?0
	is guard inside polygon? 1
0 other guards have coords 4.82856 4.94112
	 new best guard at 4.82856 4.94112
scaling gradient with 16 to 0.0513066 -0.0374958
	>>>> prev guard 4.72803 4.99619 cur guard 4.83775 4.93382
	was guard reflex vertex? 0
	was guard in reflex area? 0
	does guard intersect boundary ray 4.72803 4.99619 4.83775 4.93382?0
	is guard inside polygon? 1
0 other guards have coords 4.83775 4.93382
	 new best guard at 4.83775 4.93382
scaling gradient with 32 to 0.102613 -0.0749916
	>>>> prev guard 4.72803 4.99619 cur guard 4.85317 4.92177
	was guard reflex vertex? 0
	was guard in reflex area? 0
	does guard intersect boundary ray 4.72803 4.99619 4.85317 4.92177?0
	is guard inside polygon? 1
0 other guards have coords 4.85317 4.92177
	 new best guard at 4.85317 4.92177
Df=0.00128267 -0.000937395
h=-0.000759724 -0.00103955
Df=0 0
h=0 0
Df=0 0
h=0 0
Df=0.0154157 -0.0120484
h=-0.000759724 -0.00103955
is completely visible? 0
are areas equal? 5.375=5.3657?0
+++++1 guards with gradient 0
	======== guard 3 5.5
	was guard reflex vertex? 0
	computed gradient 0.0996796 0.199359 and pull 0.178312 -0.0891562
	------- removing guard 3 5.5
g0=3 5.5
area0=3.375
alpha0=0.4
scaling gradient with 0.03125 to 0.00311499 0.00622998
	>>>> prev guard 3 5.5 cur guard 3.02613 5.48806
	was guard reflex vertex? 0
	was guard in reflex area? 1
	does guard intersect boundary ray 3 5.5 3.02613 5.48806?0
	is guard inside polygon? 1
reflex vertex guard 3 5.5 tries to move to 3.02613 5.48806
reflex segment1 4 5 3 5.5
reflex segment1 3 5.5 2.5 4
on positive side edge2? 1
on positive side edge1? 1
on negative side edge2? 0
on negative side edge1? 0
on edge2? 0
on edge1? 0
new position still inside the polygon? 1
new position ON polygon? 0
projecting
crashed whatever
	old reflex coords
1 other guards have coords 3 5.5
	 new best guard at 3 5.5
scaling gradient with 0.0625 to 0.00622998 0.01246
	>>>> prev guard 3 5.5 cur guard 3.03566 5.48431
	was guard reflex vertex? 0
	was guard in reflex area? 1
	does guard intersect boundary ray 3 5.5 3.03566 5.48431?0
	is guard inside polygon? 1
reflex vertex guard 3 5.5 tries to move to 3.03566 5.48431
reflex segment1 4 5 3 5.5
reflex segment1 3 5.5 2.5 4
on positive side edge2? 1
on positive side edge1? 1
on negative side edge2? 0
on negative side edge1? 0
on edge2? 0
on edge1? 0
new position still inside the polygon? 1
new position ON polygon? 0
projecting
crashed whatever
	old reflex coords
1 other guards have coords 3 5.5
scaling gradient with 0.125 to 0.01246 0.0249199
	>>>> prev guard 3 5.5 cur guard 3.04379 5.48231
	was guard reflex vertex? 0
	was guard in reflex area? 1
	does guard intersect boundary ray 3 5.5 3.04379 5.48231?0
	is guard inside polygon? 1
reflex vertex guard 3 5.5 tries to move to 3.04379 5.48231
reflex segment1 4 5 3 5.5
reflex segment1 3 5.5 2.5 4
on positive side edge2? 1
on positive side edge1? 1
on negative side edge2? 0
on negative side edge1? 0
on edge2? 0
on edge1? 0
new position still inside the polygon? 1
new position ON polygon? 0
projecting
crashed whatever
	old reflex coords
1 other guards have coords 3 5.5
scaling gradient with 0.25 to 0.0249199 0.0498398
	>>>> prev guard 3 5.5 cur guard 3.05129 5.4827
	was guard reflex vertex? 0
	was guard in reflex area? 1
	does guard intersect boundary ray 3 5.5 3.05129 5.4827?0
	is guard inside polygon? 1
reflex vertex guard 3 5.5 tries to move to 3.05129 5.4827
reflex segment1 4 5 3 5.5
reflex segment1 3 5.5 2.5 4
on positive side edge2? 1
on positive side edge1? 1
on negative side edge2? 0
on negative side edge1? 0
on edge2? 0
on edge1? 0
new position still inside the polygon? 1
new position ON polygon? 0
projecting
crashed whatever
	old reflex coords
1 other guards have coords 3 5.5
scaling gradient with 0.5 to 0.0498398 0.0996796
	>>>> prev guard 3 5.5 cur guard 3.05929 5.487
	was guard reflex vertex? 0
	was guard in reflex area? 1
	does guard intersect boundary ray 3 5.5 3.05929 5.487?0
	is guard inside polygon? 1
reflex vertex guard 3 5.5 tries to move to 3.05929 5.487
reflex segment1 4 5 3 5.5
reflex segment1 3 5.5 2.5 4
on positive side edge2? 1
on positive side edge1? 1
on negative side edge2? 0
on negative side edge1? 0
on edge2? 0
on edge1? 0
new position still inside the polygon? 1
new position ON polygon? 0
projecting
crashed whatever
	old reflex coords
1 other guards have coords 3 5.5
scaling gradient with 1 to 0.0996796 0.199359
	>>>> prev guard 3 5.5 cur guard 3.06967 5.49842
	was guard reflex vertex? 0
	was guard in reflex area? 1
	does guard intersect boundary ray 3 5.5 3.06967 5.49842?0
	is guard inside polygon? 1
reflex vertex guard 3 5.5 tries to move to 3.06967 5.49842
reflex segment1 4 5 3 5.5
reflex segment1 3 5.5 2.5 4
on positive side edge2? 1
on positive side edge1? 1
on negative side edge2? 0
on negative side edge1? 0
on edge2? 0
on edge1? 0
new position still inside the polygon? 1
new position ON polygon? 0
projecting
crashed whatever
	old reflex coords
1 other guards have coords 3 5.5
scaling gradient with 2 to 0.199359 0.398718
	>>>> prev guard 3 5.5 cur guard 3.08595 5.5235
	was guard reflex vertex? 0
	was guard in reflex area? 1
	does guard intersect boundary ray 3 5.5 3.08595 5.5235?0
	is guard inside polygon? 1
reflex vertex guard 3 5.5 tries to move to 3.08595 5.5235
reflex segment1 4 5 3 5.5
reflex segment1 3 5.5 2.5 4
on positive side edge2? 1
on positive side edge1? 1
on negative side edge2? 0
on negative side edge1? 0
on edge2? 0
on edge1? 0
new position still inside the polygon? 1
new position ON polygon? 0
projecting
crashed whatever
	old reflex coords
1 other guards have coords 3 5.5
scaling gradient with 4 to 0.398718 0.797437
	>>>> prev guard 3 5.5 cur guard 3.11492 5.57546
	was guard reflex vertex? 0
	was guard in reflex area? 1
	does guard intersect boundary ray 3 5.5 3.11492 5.57546?0
	is guard inside polygon? 1
reflex vertex guard 3 5.5 tries to move to 3.11492 5.57546
reflex segment1 4 5 3 5.5
reflex segment1 3 5.5 2.5 4
on positive side edge2? 1
on positive side edge1? 1
on negative side edge2? 0
on negative side edge1? 0
on edge2? 0
on edge1? 0
new position still inside the polygon? 1
new position ON polygon? 0
projecting
crashed whatever
	old reflex coords
1 other guards have coords 3 5.5
scaling gradient with 8 to 0.797437 1.59487
	>>>> prev guard 3 5.5 cur guard 3.17 5.68083
	was guard reflex vertex? 0
	was guard in reflex area? 1
	does guard intersect boundary ray 3 5.5 3.17 5.68083?0
	is guard inside polygon? 1
reflex vertex guard 3 5.5 tries to move to 3.17 5.68083
reflex segment1 4 5 3 5.5
reflex segment1 3 5.5 2.5 4
on positive side edge2? 1
on positive side edge1? 1
on negative side edge2? 0
on negative side edge1? 0
on edge2? 0
on edge1? 0
new position still inside the polygon? 1
new position ON polygon? 0
projecting
crashed whatever
	old reflex coords
1 other guards have coords 3 5.5
scaling gradient with 16 to 1.59487 3.18975
	>>>> prev guard 3 5.5 cur guard 3.27785 5.89271
	was guard reflex vertex? 0
	was guard in reflex area? 1
	does guard intersect boundary ray 3 5.5 3.27785 5.89271?0
	is guard inside polygon? 1
reflex vertex guard 3 5.5 tries to move to 3.27785 5.89271
reflex segment1 4 5 3 5.5
reflex segment1 3 5.5 2.5 4
on positive side edge2? 1
on positive side edge1? 1
on negative side edge2? 0
on negative side edge1? 0
on edge2? 0
on edge1? 0
new position still inside the polygon? 1
new position ON polygon? 0
projecting
crashed whatever
	old reflex coords
1 other guards have coords 3 5.5
scaling gradient with 32 to 3.18975 6.37949
	>>>> prev guard 3 5.5 cur guard 3.49173 6.31739
	was guard reflex vertex? 0
	was guard in reflex area? 1
	does guard intersect boundary ray 3 5.5 3.49173 6.31739?1
	is guard inside polygon? 0
reflex vertex guard 3 5.5 tries to move to 3.49173 6.31739
reflex segment1 4 5 3 5.5
reflex segment1 3 5.5 2.5 4
on positive side edge2? 1
on positive side edge1? 1
on negative side edge2? 0
on negative side edge1? 0
on edge2? 0
on edge1? 0
new position still inside the polygon? 0
new position ON polygon? 0
	old reflex coords
1 other guards have coords 3 5.5
Df=0.0398718 0.0797437
h=0.0713249 -0.0356625
Df=0.0261255 -0.0119414
h=0.0713249 -0.0356625
is completely visible? 0
are areas equal? 5.375=5.3657?0
i=3
area=5.3657
+++++2 guards with gradient 0
	======== guard 3 5.5
	was guard reflex vertex? 0
	computed gradient 0 0 and pull 0 -0
	======== guard 4.85317 4.92177
	was guard reflex vertex? 0
	computed gradient 0.000969406 -0.000897256 and pull -0.000714368 -0.000771812
	------- removing guard 4.85317 4.92177
g1=4.85317 4.92177
area1=4.15341
alpha1=0.4
scaling gradient with 0.03125 to 3.02939e-05 -2.80392e-05
	>>>> prev guard 4.85317 4.92177 cur guard 4.86545 4.91207
	was guard reflex vertex? 0
	was guard in reflex area? 0
	does guard intersect boundary ray 4.85317 4.92177 4.86545 4.91207?0
	is guard inside polygon? 1
0 other guards have coords 4.86545 4.91207
	 new best guard at 4.86545 4.91207
scaling gradient with 0.0625 to 6.05879e-05 -5.60785e-05
	>>>> prev guard 4.85317 4.92177 cur guard 4.87522 4.90424
	was guard reflex vertex? 0
	was guard in reflex area? 0
	does guard intersect boundary ray 4.85317 4.92177 4.87522 4.90424?0
	is guard inside polygon? 1
0 other guards have coords 4.87522 4.90424
	 new best guard at 4.87522 4.90424
scaling gradient with 0.125 to 0.000121176 -0.000112157
	>>>> prev guard 4.85317 4.92177 cur guard 4.88299 4.89791
	was guard reflex vertex? 0
	was guard in reflex area? 0
	does guard intersect boundary ray 4.85317 4.92177 4.88299 4.89791?0
	is guard inside polygon? 1
0 other guards have coords 4.88299 4.89791
	 new best guard at 4.88299 4.89791
scaling gradient with 0.25 to 0.000242351 -0.000224314
	>>>> prev guard 4.85317 4.92177 cur guard 4.88916 4.89276
	was guard reflex vertex? 0
	was guard in reflex area? 0
	does guard intersect boundary ray 4.85317 4.92177 4.88916 4.89276?0
	is guard inside polygon? 1
0 other guards have coords 4.88916 4.89276
	 new best guard at 4.88916 4.89276
scaling gradient with 0.5 to 0.000484703 -0.000448628
	>>>> prev guard 4.85317 4.92177 cur guard 4.89409 4.88855
	was guard reflex vertex? 0
	was guard in reflex area? 0
	does guard intersect boundary ray 4.85317 4.92177 4.89409 4.88855?0
	is guard inside polygon? 1
0 other guards have coords 4.89409 4.88855
	 new best guard at 4.89409 4.88855
scaling gradient with 1 to 0.000969406 -0.000897256
	>>>> prev guard 4.85317 4.92177 cur guard 4.89805 4.88504
	was guard reflex vertex? 0
	was guard in reflex area? 0
	does guard intersect boundary ray 4.85317 4.92177 4.89805 4.88504?0
	is guard inside polygon? 1
0 other guards have coords 4.89805 4.88504
scaling gradient with 2 to 0.00193881 -0.00179451
	>>>> prev guard 4.85317 4.92177 cur guard 4.90131 4.88203
	was guard reflex vertex? 0
	was guard in reflex area? 0
	does guard intersect boundary ray 4.85317 4.92177 4.90131 4.88203?0
	is guard inside polygon? 1
0 other guards have coords 4.90131 4.88203
scaling gradient with 4 to 0.00387762 -0.00358902
	>>>> prev guard 4.85317 4.92177 cur guard 4.90418 4.87928
	was guard reflex vertex? 0
	was guard in reflex area? 0
	does guard intersect boundary ray 4.85317 4.92177 4.90418 4.87928?0
	is guard inside polygon? 1
0 other guards have coords 4.90418 4.87928
scaling gradient with 8 to 0.00775525 -0.00717805
	>>>> prev guard 4.85317 4.92177 cur guard 4.90703 4.87644
	was guard reflex vertex? 0
	was guard in reflex area? 0
	does guard intersect boundary ray 4.85317 4.92177 4.90703 4.87644?0
	is guard inside polygon? 1
0 other guards have coords 4.90703 4.87644
scaling gradient with 16 to 0.0155105 -0.0143561
	>>>> prev guard 4.85317 4.92177 cur guard 4.9105 4.87295
	was guard reflex vertex? 0
	was guard in reflex area? 0
	does guard intersect boundary ray 4.85317 4.92177 4.9105 4.87295?0
	is guard inside polygon? 1
0 other guards have coords 4.9105 4.87295
scaling gradient with 32 to 0.031021 -0.0287122
	>>>> prev guard 4.85317 4.92177 cur guard 4.9157 4.86781
	was guard reflex vertex? 0
	was guard in reflex area? 0
	does guard intersect boundary ray 4.85317 4.92177 4.9157 4.86781?0
	is guard inside polygon? 1
0 other guards have coords 4.9157 4.86781
Df=0.000387762 -0.000358902
h=-0.000285747 -0.000308725
Df=0 0
h=0 0
Df=0 0
h=0 0
Df=0.00492326 -0.00421478
h=-0.000285747 -0.000308725
is completely visible? 1
are areas equal? 5.375=5.375?1
i=5
area=5.375
g0=3 5.5
alpha0=0.4
area0=3.375
g1=4.89409 4.88855
alpha1=0.4
area1=4.16169
