8
2.5 4 1.5 5
3 5.5 2.5 4
4 4 3.5 3.5
4 5 4 4
3 5.5 4 5
4 6.5 1.5 5
6 3.5 3.5 3.5
4 6.5 6 3.5
total area=5.375
i=0
area=4.29167
+++++2 guards with gradient 0
	======== guard 3.39 5.59
	was guard reflex vertex? 0
	computed gradient -0.0568388 0.246301 and pull -0.615369 -0.142008
	------- removing guard 3.39 5.59
g0=3.39 5.59
area0=3.00353
alpha0=0.4
scaling gradient with 0.03125 to -0.00177621 0.00769692
event=placed on reflex vertex 3 5.5
	>>>> prev guard 3.39 5.59 cur guard 3 5.5
	was guard reflex vertex? 0
	was guard in reflex area? 0
	does guard intersect boundary ray 3.39 5.59 3 5.5?0
	is guard inside polygon? 1
0 other guards have coords 3 5.5
	 new best guard at 3 5.5
scaling gradient with 0.0625 to -0.00355242 0.0153938
event=placed on reflex vertex 3 5.5
	>>>> prev guard 3.39 5.59 cur guard 3 5.5
	was guard reflex vertex? 0
	was guard in reflex area? 0
	does guard intersect boundary ray 3.39 5.59 3 5.5?0
	is guard inside polygon? 1
1 other guards have coords 3 5.5
scaling gradient with 0.125 to -0.00710485 0.0307877
event=placed on reflex vertex 3 5.5
	>>>> prev guard 3.39 5.59 cur guard 3 5.5
	was guard reflex vertex? 0
	was guard in reflex area? 0
	does guard intersect boundary ray 3.39 5.59 3 5.5?0
	is guard inside polygon? 1
1 other guards have coords 3 5.5
scaling gradient with 0.25 to -0.0142097 0.0615753
event=placed on reflex vertex 3 5.5
	>>>> prev guard 3.39 5.59 cur guard 3 5.5
	was guard reflex vertex? 0
	was guard in reflex area? 0
	does guard intersect boundary ray 3.39 5.59 3 5.5?0
	is guard inside polygon? 1
1 other guards have coords 3 5.5
scaling gradient with 0.5 to -0.0284194 0.123151
event=placed on reflex vertex 3 5.5
	>>>> prev guard 3.39 5.59 cur guard 3 5.5
	was guard reflex vertex? 0
	was guard in reflex area? 0
	does guard intersect boundary ray 3.39 5.59 3 5.5?0
	is guard inside polygon? 1
1 other guards have coords 3 5.5
scaling gradient with 1 to -0.0568388 0.246301
event=placed on reflex vertex 3 5.5
	>>>> prev guard 3.39 5.59 cur guard 3 5.5
	was guard reflex vertex? 0
	was guard in reflex area? 0
	does guard intersect boundary ray 3.39 5.59 3 5.5?0
	is guard inside polygon? 1
1 other guards have coords 3 5.5
scaling gradient with 2 to -0.113678 0.492603
event=placed on reflex vertex 3 5.5
	>>>> prev guard 3.39 5.59 cur guard 3 5.5
	was guard reflex vertex? 0
	was guard in reflex area? 0
	does guard intersect boundary ray 3.39 5.59 3 5.5?0
	is guard inside polygon? 1
1 other guards have coords 3 5.5
scaling gradient with 4 to -0.227355 0.985205
event=placed on reflex vertex 3 5.5
	>>>> prev guard 3.39 5.59 cur guard 3 5.5
	was guard reflex vertex? 0
	was guard in reflex area? 0
	does guard intersect boundary ray 3.39 5.59 3 5.5?0
	is guard inside polygon? 1
1 other guards have coords 3 5.5
scaling gradient with 8 to -0.45471 1.97041
event=placed on reflex vertex 3 5.5
	>>>> prev guard 3.39 5.59 cur guard 3 5.5
	was guard reflex vertex? 0
	was guard in reflex area? 0
	does guard intersect boundary ray 3.39 5.59 3 5.5?0
	is guard inside polygon? 1
1 other guards have coords 3 5.5
scaling gradient with 16 to -0.90942 3.94082
event=placed on reflex vertex 3 5.5
	>>>> prev guard 3.39 5.59 cur guard 3 5.5
	was guard reflex vertex? 0
	was guard in reflex area? 0
	does guard intersect boundary ray 3.39 5.59 3 5.5?0
	is guard inside polygon? 1
1 other guards have coords 3 5.5
scaling gradient with 32 to -1.81884 7.88164
event=placed on reflex vertex 3 5.5
	>>>> prev guard 3.39 5.59 cur guard 3 5.5
	was guard reflex vertex? 0
	was guard in reflex area? 0
	does guard intersect boundary ray 3.39 5.59 3 5.5?0
	is guard inside polygon? 1
1 other guards have coords 3 5.5
Df=-0.0227355 0.0985205
h=-0.246148 -0.0568033
Df=0 0
h=0 -0
Df=0 0
h=-0.246148 -0.0568033
is completely visible? 1
are areas equal? 5.375=5.375?1
i=2
area=5.375
g0=3 5.5
alpha0=0.4
area0=3.375
g1=4.54 4.54
alpha1=0.4
area1=3.89987
