8
2.5 4 1.5 5
3 5.5 2.5 4
4 4 3.5 3.5
4 5 4 4
3 5.5 4 5
4 6.5 1.5 5
6 3.5 3.5 3.5
4 6.5 6 3.5
total area=5.375
i=0
area=4.24886
+++++2 guards with gradient 0
	======== guard 3.39 5.59
	was guard reflex vertex? 0
	computed gradient -0.0568388 0.246301 and pull -0.615369 -0.142008
	------- removing guard 3.39 5.59
g0=3.39 5.59
area0=3.00353
alpha0=0.6
scaling gradient with 0.03125 to -0.00177621 0.00769692
event=placed on reflex vertex 3 5.5
	>>>> prev guard 3.39 5.59 cur guard 3 5.5
	was guard reflex vertex? 0
	was guard in reflex area? 0
	does guard intersect boundary ray 3.39 5.59 3 5.5?0
	is guard inside polygon? 1
0 other guards have coords 3 5.5
	 new best guard at 3 5.5
scaling gradient with 0.0625 to -0.00355242 0.0153938
event=placed on reflex vertex 3 5.5
	>>>> prev guard 3.39 5.59 cur guard 3 5.5
	was guard reflex vertex? 0
	was guard in reflex area? 0
	does guard intersect boundary ray 3.39 5.59 3 5.5?0
	is guard inside polygon? 1
1 other guards have coords 3 5.5
scaling gradient with 0.125 to -0.00710485 0.0307877
event=placed on reflex vertex 3 5.5
	>>>> prev guard 3.39 5.59 cur guard 3 5.5
	was guard reflex vertex? 0
	was guard in reflex area? 0
	does guard intersect boundary ray 3.39 5.59 3 5.5?0
	is guard inside polygon? 1
1 other guards have coords 3 5.5
scaling gradient with 0.25 to -0.0142097 0.0615753
event=placed on reflex vertex 3 5.5
	>>>> prev guard 3.39 5.59 cur guard 3 5.5
	was guard reflex vertex? 0
	was guard in reflex area? 0
	does guard intersect boundary ray 3.39 5.59 3 5.5?0
	is guard inside polygon? 1
1 other guards have coords 3 5.5
scaling gradient with 0.5 to -0.0284194 0.123151
event=placed on reflex vertex 3 5.5
	>>>> prev guard 3.39 5.59 cur guard 3 5.5
	was guard reflex vertex? 0
	was guard in reflex area? 0
	does guard intersect boundary ray 3.39 5.59 3 5.5?0
	is guard inside polygon? 1
1 other guards have coords 3 5.5
scaling gradient with 1 to -0.0568388 0.246301
event=placed on reflex vertex 3 5.5
	>>>> prev guard 3.39 5.59 cur guard 3 5.5
	was guard reflex vertex? 0
	was guard in reflex area? 0
	does guard intersect boundary ray 3.39 5.59 3 5.5?0
	is guard inside polygon? 1
1 other guards have coords 3 5.5
scaling gradient with 2 to -0.113678 0.492603
event=placed on reflex vertex 3 5.5
	>>>> prev guard 3.39 5.59 cur guard 3 5.5
	was guard reflex vertex? 0
	was guard in reflex area? 0
	does guard intersect boundary ray 3.39 5.59 3 5.5?0
	is guard inside polygon? 1
1 other guards have coords 3 5.5
scaling gradient with 4 to -0.227355 0.985205
event=placed on reflex vertex 3 5.5
	>>>> prev guard 3.39 5.59 cur guard 3 5.5
	was guard reflex vertex? 0
	was guard in reflex area? 0
	does guard intersect boundary ray 3.39 5.59 3 5.5?0
	is guard inside polygon? 1
1 other guards have coords 3 5.5
scaling gradient with 8 to -0.45471 1.97041
event=placed on reflex vertex 3 5.5
	>>>> prev guard 3.39 5.59 cur guard 3 5.5
	was guard reflex vertex? 0
	was guard in reflex area? 0
	does guard intersect boundary ray 3.39 5.59 3 5.5?0
	is guard inside polygon? 1
1 other guards have coords 3 5.5
scaling gradient with 16 to -0.90942 3.94082
event=placed on reflex vertex 3 5.5
	>>>> prev guard 3.39 5.59 cur guard 3 5.5
	was guard reflex vertex? 0
	was guard in reflex area? 0
	does guard intersect boundary ray 3.39 5.59 3 5.5?0
	is guard inside polygon? 1
1 other guards have coords 3 5.5
scaling gradient with 32 to -1.81884 7.88164
event=placed on reflex vertex 3 5.5
	>>>> prev guard 3.39 5.59 cur guard 3 5.5
	was guard reflex vertex? 0
	was guard in reflex area? 0
	does guard intersect boundary ray 3.39 5.59 3 5.5?0
	is guard inside polygon? 1
1 other guards have coords 3 5.5
Df=-0.0341033 0.147781
h=-0.369221 -0.0852049
Df=0 0
h=0 -0
Df=0 0
h=-0.369221 -0.0852049
is completely visible? 0
are areas equal? 5.375=5.33219?0
+++++1 guards with gradient 0
	======== guard 4.48 4.73
	was guard reflex vertex? 0
	computed gradient 0.0142671 0.0114246 and pull -0.0318862 0.00896143
	------- removing guard 4.48 4.73
g1=4.48 4.73
area1=4.04993
alpha1=0.6
scaling gradient with 0.03125 to 0.000445848 0.000357018
	>>>> prev guard 4.48 4.73 cur guard 4.47623 4.73112
	was guard reflex vertex? 0
	was guard in reflex area? 0
	does guard intersect boundary ray 4.48 4.73 4.47623 4.73112?0
	is guard inside polygon? 1
0 other guards have coords 4.47623 4.73112
	 new best guard at 4.47623 4.73112
scaling gradient with 0.0625 to 0.000891697 0.000714037
	>>>> prev guard 4.48 4.73 cur guard 4.46949 4.73317
	was guard reflex vertex? 0
	was guard in reflex area? 0
	does guard intersect boundary ray 4.48 4.73 4.46949 4.73317?0
	is guard inside polygon? 1
0 other guards have coords 4.46949 4.73317
scaling gradient with 0.125 to 0.00178339 0.00142807
	>>>> prev guard 4.48 4.73 cur guard 4.46049 4.73607
	was guard reflex vertex? 0
	was guard in reflex area? 0
	does guard intersect boundary ray 4.48 4.73 4.46049 4.73607?0
	is guard inside polygon? 1
0 other guards have coords 4.46049 4.73607
scaling gradient with 0.25 to 0.00356679 0.00285615
	>>>> prev guard 4.48 4.73 cur guard 4.44989 4.7398
	was guard reflex vertex? 0
	was guard in reflex area? 0
	does guard intersect boundary ray 4.48 4.73 4.44989 4.7398?0
	is guard inside polygon? 1
0 other guards have coords 4.44989 4.7398
scaling gradient with 0.5 to 0.00713357 0.0057123
	>>>> prev guard 4.48 4.73 cur guard 4.43844 4.74454
	was guard reflex vertex? 0
	was guard in reflex area? 0
	does guard intersect boundary ray 4.48 4.73 4.43844 4.74454?0
	is guard inside polygon? 1
0 other guards have coords 4.43844 4.74454
scaling gradient with 1 to 0.0142671 0.0114246
	>>>> prev guard 4.48 4.73 cur guard 4.42716 4.75078
	was guard reflex vertex? 0
	was guard in reflex area? 0
	does guard intersect boundary ray 4.48 4.73 4.42716 4.75078?0
	is guard inside polygon? 1
0 other guards have coords 4.42716 4.75078
scaling gradient with 2 to 0.0285343 0.0228492
	>>>> prev guard 4.48 4.73 cur guard 4.41774 4.7596
	was guard reflex vertex? 0
	was guard in reflex area? 0
	does guard intersect boundary ray 4.48 4.73 4.41774 4.7596?0
	is guard inside polygon? 1
0 other guards have coords 4.41774 4.7596
scaling gradient with 4 to 0.0570686 0.0456984
	>>>> prev guard 4.48 4.73 cur guard 4.41322 4.7732
	was guard reflex vertex? 0
	was guard in reflex area? 0
	does guard intersect boundary ray 4.48 4.73 4.41322 4.7732?0
	is guard inside polygon? 1
0 other guards have coords 4.41322 4.7732
scaling gradient with 8 to 0.114137 0.0913967
	>>>> prev guard 4.48 4.73 cur guard 4.41948 4.79613
	was guard reflex vertex? 0
	was guard in reflex area? 0
	does guard intersect boundary ray 4.48 4.73 4.41948 4.79613?0
	is guard inside polygon? 1
0 other guards have coords 4.41948 4.79613
	 new best guard at 4.41948 4.79613
scaling gradient with 16 to 0.228274 0.182793
	>>>> prev guard 4.48 4.73 cur guard 4.44805 4.83749
	was guard reflex vertex? 0
	was guard in reflex area? 0
	does guard intersect boundary ray 4.48 4.73 4.44805 4.83749?0
	is guard inside polygon? 1
0 other guards have coords 4.44805 4.83749
	 new best guard at 4.44805 4.83749
scaling gradient with 32 to 0.456549 0.365587
	>>>> prev guard 4.48 4.73 cur guard 4.52187 4.91552
	was guard reflex vertex? 0
	was guard in reflex area? 0
	does guard intersect boundary ray 4.48 4.73 4.52187 4.91552?0
	is guard inside polygon? 1
0 other guards have coords 4.52187 4.91552
	 new best guard at 4.52187 4.91552
Df=0.00343428 -0.00225816
h=-0.00258468 -0.00393086
Df=0.00512601 0.00911291
h=-0.0165471 0.00930772
Df=0.0738176 0.0780293
h=-0.0191317 0.00537686
is completely visible? 0
are areas equal? 5.375=5.32125?0
i=1
area=5.32125
+++++2 guards with gradient 0
	======== guard 3 5.5
	was guard reflex vertex? 1
	computed gradient 0 0 and pull 0 -0
	======== guard 4.52187 4.91552
	was guard reflex vertex? 0
	computed gradient 0.00594519 -0.00338893 and pull -0.00321587 -0.00564159
	------- removing guard 4.52187 4.91552
g1=4.52187 4.91552
area1=4.10255
alpha1=0.6
scaling gradient with 0.03125 to 0.000185787 -0.000105904
	>>>> prev guard 4.52187 4.91552 cur guard 4.58056 4.97725
	was guard reflex vertex? 0
	was guard in reflex area? 0
	does guard intersect boundary ray 4.52187 4.91552 4.58056 4.97725?0
	is guard inside polygon? 1
0 other guards have coords 4.58056 4.97725
	 new best guard at 4.58056 4.97725
scaling gradient with 0.0625 to 0.000371574 -0.000211808
	>>>> prev guard 4.52187 4.91552 cur guard 4.62717 5.02594
	was guard reflex vertex? 0
	was guard in reflex area? 0
	does guard intersect boundary ray 4.52187 4.91552 4.62717 5.02594?0
	is guard inside polygon? 1
0 other guards have coords 4.62717 5.02594
	 new best guard at 4.62717 5.02594
scaling gradient with 0.125 to 0.000743148 -0.000423616
	>>>> prev guard 4.52187 4.91552 cur guard 4.66417 5.06416
	was guard reflex vertex? 0
	was guard in reflex area? 0
	does guard intersect boundary ray 4.52187 4.91552 4.66417 5.06416?0
	is guard inside polygon? 1
0 other guards have coords 4.66417 5.06416
	 new best guard at 4.66417 5.06416
scaling gradient with 0.25 to 0.0014863 -0.000847231
	>>>> prev guard 4.52187 4.91552 cur guard 4.69355 5.09395
	was guard reflex vertex? 0
	was guard in reflex area? 0
	does guard intersect boundary ray 4.52187 4.91552 4.69355 5.09395?0
	is guard inside polygon? 1
0 other guards have coords 4.69355 5.09395
	 new best guard at 4.69355 5.09395
scaling gradient with 0.5 to 0.00297259 -0.00169446
	>>>> prev guard 4.52187 4.91552 cur guard 4.71703 5.11691
	was guard reflex vertex? 0
	was guard in reflex area? 0
	does guard intersect boundary ray 4.52187 4.91552 4.71703 5.11691?0
	is guard inside polygon? 1
0 other guards have coords 4.71703 5.11691
	 new best guard at 4.71703 5.11691
scaling gradient with 1 to 0.00594519 -0.00338893
	>>>> prev guard 4.52187 4.91552 cur guard 4.73614 5.13419
	was guard reflex vertex? 0
	was guard in reflex area? 0
	does guard intersect boundary ray 4.52187 4.91552 4.73614 5.13419?0
	is guard inside polygon? 1
0 other guards have coords 4.73614 5.13419
	 new best guard at 4.73614 5.13419
scaling gradient with 2 to 0.0118904 -0.00677785
	>>>> prev guard 4.52187 4.91552 cur guard 4.75247 5.14653
	was guard reflex vertex? 0
	was guard in reflex area? 0
	does guard intersect boundary ray 4.52187 4.91552 4.75247 5.14653?0
	is guard inside polygon? 1
0 other guards have coords 4.75247 5.14653
	 new best guard at 4.75247 5.14653
scaling gradient with 4 to 0.0237807 -0.0135557
	>>>> prev guard 4.52187 4.91552 cur guard 4.768 5.15409
	was guard reflex vertex? 0
	was guard in reflex area? 0
	does guard intersect boundary ray 4.52187 4.91552 4.768 5.15409?0
	is guard inside polygon? 1
0 other guards have coords 4.768 5.15409
	 new best guard at 4.768 5.15409
scaling gradient with 8 to 0.0475615 -0.0271114
	>>>> prev guard 4.52187 4.91552 cur guard 4.78575 5.15622
	was guard reflex vertex? 0
	was guard in reflex area? 0
	does guard intersect boundary ray 4.52187 4.91552 4.78575 5.15622?0
	is guard inside polygon? 1
0 other guards have coords 4.78575 5.15622
	 new best guard at 4.78575 5.15622
scaling gradient with 16 to 0.095123 -0.0542228
	>>>> prev guard 4.52187 4.91552 cur guard 4.81098 5.15073
	was guard reflex vertex? 0
	was guard in reflex area? 0
	does guard intersect boundary ray 4.52187 4.91552 4.81098 5.15073?0
	is guard inside polygon? 1
0 other guards have coords 4.81098 5.15073
	 new best guard at 4.81098 5.15073
scaling gradient with 32 to 0.190246 -0.108446
	>>>> prev guard 4.52187 4.91552 cur guard 4.8536 5.13265
	was guard reflex vertex? 0
	was guard in reflex area? 0
	does guard intersect boundary ray 4.52187 4.91552 4.8536 5.13265?0
	is guard inside polygon? 1
0 other guards have coords 4.8536 5.13265
	 new best guard at 4.8536 5.13265
Df=0.00356711 -0.00203336
h=-0.00192952 -0.00338495
Df=0 0
h=0 0
Df=0 0
h=0 0
Df=0.0426247 -0.0180797
h=-0.00192952 -0.00338495
is completely visible? 0
are areas equal? 5.375=5.3442?0
+++++1 guards with gradient 0
	======== guard 3 5.5
	was guard reflex vertex? 1
	computed gradient 0.0996796 0.199359 and pull 0.178312 -0.0891562
	------- removing guard 3 5.5
g0=3 5.5
area0=3.375
alpha0=0.6
scaling gradient with 0.03125 to 0.00311499 0.00622998
	>>>> prev guard 3 5.5 cur guard 3.02177 5.49005
	was guard reflex vertex? 1
	was guard in reflex area? 1
	does guard intersect boundary ray 3 5.5 3.02177 5.49005?0
	is guard inside polygon? 1
reflex vertex guard 3 5.5 tries to move to 3.02177 5.49005
reflex segment1 4 5 3 5.5
reflex segment1 3 5.5 2.5 4
on positive side edge2? 1
on positive side edge1? 1
on negative side edge2? 0
on negative side edge1? 0
on edge2? 0
on edge1? 0
new position still inside the polygon? 1
new position ON polygon? 0
projecting
crashed whatever
	old reflex coords
1 other guards have coords 3 5.5
	 new best guard at 3 5.5
scaling gradient with 0.0625 to 0.00622998 0.01246
	>>>> prev guard 3 5.5 cur guard 3.03956 5.48284
	was guard reflex vertex? 1
	was guard in reflex area? 1
	does guard intersect boundary ray 3 5.5 3.03956 5.48284?0
	is guard inside polygon? 1
reflex vertex guard 3 5.5 tries to move to 3.03956 5.48284
reflex segment1 4 5 3 5.5
reflex segment1 3 5.5 2.5 4
on positive side edge2? 1
on positive side edge1? 1
on negative side edge2? 0
on negative side edge1? 0
on edge2? 0
on edge1? 0
new position still inside the polygon? 1
new position ON polygon? 0
projecting
crashed whatever
	old reflex coords
1 other guards have coords 3 5.5
scaling gradient with 0.125 to 0.01246 0.0249199
	>>>> prev guard 3 5.5 cur guard 3.05454 5.47856
	was guard reflex vertex? 1
	was guard in reflex area? 1
	does guard intersect boundary ray 3 5.5 3.05454 5.47856?0
	is guard inside polygon? 1
reflex vertex guard 3 5.5 tries to move to 3.05454 5.47856
reflex segment1 4 5 3 5.5
reflex segment1 3 5.5 2.5 4
on positive side edge2? 1
on positive side edge1? 1
on negative side edge2? 0
on negative side edge1? 0
on edge2? 0
on edge1? 0
new position still inside the polygon? 1
new position ON polygon? 0
projecting
crashed whatever
	old reflex coords
1 other guards have coords 3 5.5
scaling gradient with 0.25 to 0.0249199 0.0498398
	>>>> prev guard 3 5.5 cur guard 3.06802 5.47813
	was guard reflex vertex? 1
	was guard in reflex area? 1
	does guard intersect boundary ray 3 5.5 3.06802 5.47813?0
	is guard inside polygon? 1
reflex vertex guard 3 5.5 tries to move to 3.06802 5.47813
reflex segment1 4 5 3 5.5
reflex segment1 3 5.5 2.5 4
on positive side edge2? 1
on positive side edge1? 1
on negative side edge2? 0
on negative side edge1? 0
on edge2? 0
on edge1? 0
new position still inside the polygon? 1
new position ON polygon? 0
projecting
crashed whatever
	old reflex coords
1 other guards have coords 3 5.5
scaling gradient with 0.5 to 0.0498398 0.0996796
	>>>> prev guard 3 5.5 cur guard 3.0818 5.48377
	was guard reflex vertex? 1
	was guard in reflex area? 1
	does guard intersect boundary ray 3 5.5 3.0818 5.48377?0
	is guard inside polygon? 1
reflex vertex guard 3 5.5 tries to move to 3.0818 5.48377
reflex segment1 4 5 3 5.5
reflex segment1 3 5.5 2.5 4
on positive side edge2? 1
on positive side edge1? 1
on negative side edge2? 0
on negative side edge1? 0
on edge2? 0
on edge1? 0
new position still inside the polygon? 1
new position ON polygon? 0
projecting
crashed whatever
	old reflex coords
1 other guards have coords 3 5.5
scaling gradient with 1 to 0.0996796 0.199359
	>>>> prev guard 3 5.5 cur guard 3.0988 5.50024
	was guard reflex vertex? 1
	was guard in reflex area? 1
	does guard intersect boundary ray 3 5.5 3.0988 5.50024?0
	is guard inside polygon? 1
reflex vertex guard 3 5.5 tries to move to 3.0988 5.50024
reflex segment1 4 5 3 5.5
reflex segment1 3 5.5 2.5 4
on positive side edge2? 1
on positive side edge1? 1
on negative side edge2? 0
on negative side edge1? 0
on edge2? 0
on edge1? 0
new position still inside the polygon? 1
new position ON polygon? 0
projecting
crashed whatever
	old reflex coords
1 other guards have coords 3 5.5
scaling gradient with 2 to 0.199359 0.398718
	>>>> prev guard 3 5.5 cur guard 3.12436 5.53734
	was guard reflex vertex? 1
	was guard in reflex area? 1
	does guard intersect boundary ray 3 5.5 3.12436 5.53734?0
	is guard inside polygon? 1
reflex vertex guard 3 5.5 tries to move to 3.12436 5.53734
reflex segment1 4 5 3 5.5
reflex segment1 3 5.5 2.5 4
on positive side edge2? 1
on positive side edge1? 1
on negative side edge2? 0
on negative side edge1? 0
on edge2? 0
on edge1? 0
new position still inside the polygon? 1
new position ON polygon? 0
projecting
crashed whatever
	old reflex coords
1 other guards have coords 3 5.5
scaling gradient with 4 to 0.398718 0.797437
	>>>> prev guard 3 5.5 cur guard 3.16873 5.61486
	was guard reflex vertex? 1
	was guard in reflex area? 1
	does guard intersect boundary ray 3 5.5 3.16873 5.61486?0
	is guard inside polygon? 1
reflex vertex guard 3 5.5 tries to move to 3.16873 5.61486
reflex segment1 4 5 3 5.5
reflex segment1 3 5.5 2.5 4
on positive side edge2? 1
on positive side edge1? 1
on negative side edge2? 0
on negative side edge1? 0
on edge2? 0
on edge1? 0
new position still inside the polygon? 1
new position ON polygon? 0
projecting
crashed whatever
	old reflex coords
1 other guards have coords 3 5.5
scaling gradient with 8 to 0.797437 1.59487
	>>>> prev guard 3 5.5 cur guard 3.25207 5.77258
	was guard reflex vertex? 1
	was guard in reflex area? 1
	does guard intersect boundary ray 3 5.5 3.25207 5.77258?0
	is guard inside polygon? 1
reflex vertex guard 3 5.5 tries to move to 3.25207 5.77258
reflex segment1 4 5 3 5.5
reflex segment1 3 5.5 2.5 4
on positive side edge2? 1
on positive side edge1? 1
on negative side edge2? 0
on negative side edge1? 0
on edge2? 0
on edge1? 0
new position still inside the polygon? 1
new position ON polygon? 0
projecting
crashed whatever
	old reflex coords
1 other guards have coords 3 5.5
scaling gradient with 16 to 1.59487 3.18975
	>>>> prev guard 3 5.5 cur guard 3.41444 6.09013
	was guard reflex vertex? 1
	was guard in reflex area? 1
	does guard intersect boundary ray 3 5.5 3.41444 6.09013?0
	is guard inside polygon? 1
reflex vertex guard 3 5.5 tries to move to 3.41444 6.09013
reflex segment1 4 5 3 5.5
reflex segment1 3 5.5 2.5 4
on positive side edge2? 1
on positive side edge1? 1
on negative side edge2? 0
on negative side edge1? 0
on edge2? 0
on edge1? 0
new position still inside the polygon? 1
new position ON polygon? 0
projecting
crashed whatever
	old reflex coords
1 other guards have coords 3 5.5
scaling gradient with 32 to 3.18975 6.37949
	>>>> prev guard 3 5.5 cur guard 3.73572 6.72695
	was guard reflex vertex? 1
	was guard in reflex area? 1
	does guard intersect boundary ray 3 5.5 3.73572 6.72695?1
	is guard inside polygon? 0
reflex vertex guard 3 5.5 tries to move to 3.73572 6.72695
reflex segment1 4 5 3 5.5
reflex segment1 3 5.5 2.5 4
on positive side edge2? 1
on positive side edge1? 1
on negative side edge2? 0
on negative side edge1? 0
on edge2? 0
on edge1? 0
new position still inside the polygon? 0
new position ON polygon? 0
	old reflex coords
1 other guards have coords 3 5.5
Df=0.0598078 0.119616
h=0.106987 -0.0534937
Df=0.0217713 -0.00995114
h=0.106987 -0.0534937
is completely visible? 0
are areas equal? 5.375=5.3442?0
i=2
area=5.3442
+++++2 guards with gradient 0
	======== guard 3 5.5
	was guard reflex vertex? 0
	computed gradient 0 0 and pull 0 -0
	======== guard 4.8536 5.13265
	was guard reflex vertex? 0
	computed gradient 0.00265081 -0.0025027 and pull -0.00202342 -0.00190925
	------- removing guard 4.8536 5.13265
g1=4.8536 5.13265
area1=4.14443
alpha1=0.6
scaling gradient with 0.03125 to 8.28379e-05 -7.82094e-05
	>>>> prev guard 4.8536 5.13265 cur guard 4.88747 5.11795
	was guard reflex vertex? 0
	was guard in reflex area? 0
	does guard intersect boundary ray 4.8536 5.13265 4.88747 5.11795?0
	is guard inside polygon? 1
0 other guards have coords 4.88747 5.11795
	 new best guard at 4.88747 5.11795
scaling gradient with 0.0625 to 0.000165676 -0.000156419
	>>>> prev guard 4.8536 5.13265 cur guard 4.91434 5.10594
	was guard reflex vertex? 0
	was guard in reflex area? 0
	does guard intersect boundary ray 4.8536 5.13265 4.91434 5.10594?0
	is guard inside polygon? 1
0 other guards have coords 4.91434 5.10594
	 new best guard at 4.91434 5.10594
scaling gradient with 0.125 to 0.000331351 -0.000312837
	>>>> prev guard 4.8536 5.13265 cur guard 4.93563 5.09606
	was guard reflex vertex? 0
	was guard in reflex area? 0
	does guard intersect boundary ray 4.8536 5.13265 4.93563 5.09606?0
	is guard inside polygon? 1
0 other guards have coords 4.93563 5.09606
	 new best guard at 4.93563 5.09606
scaling gradient with 0.25 to 0.000662703 -0.000625675
	>>>> prev guard 4.8536 5.13265 cur guard 4.9525 5.08786
	was guard reflex vertex? 0
	was guard in reflex area? 0
	does guard intersect boundary ray 4.8536 5.13265 4.9525 5.08786?1
	is guard inside polygon? 0
0 other guards have coords 4.93664 5.09504
	 new best guard at 4.93664 5.09504
scaling gradient with 0.5 to 0.00132541 -0.00125135
	>>>> prev guard 4.8536 5.13265 cur guard 4.95005 5.0881
	was guard reflex vertex? 0
	was guard in reflex area? 0
	does guard intersect boundary ray 4.8536 5.13265 4.95005 5.0881?1
	is guard inside polygon? 0
0 other guards have coords 4.93736 5.09397
	 new best guard at 4.93736 5.09397
scaling gradient with 1 to 0.00265081 -0.0025027
	>>>> prev guard 4.8536 5.13265 cur guard 4.94816 5.08788
	was guard reflex vertex? 0
	was guard in reflex area? 0
	does guard intersect boundary ray 4.8536 5.13265 4.94816 5.08788?1
	is guard inside polygon? 0
0 other guards have coords 4.9383 5.09255
	 new best guard at 4.9383 5.09255
scaling gradient with 2 to 0.00530162 -0.0050054
	>>>> prev guard 4.8536 5.13265 cur guard 4.94734 5.08686
	was guard reflex vertex? 0
	was guard in reflex area? 0
	does guard intersect boundary ray 4.8536 5.13265 4.94734 5.08686?1
	is guard inside polygon? 0
0 other guards have coords 4.93957 5.09065
	 new best guard at 4.93957 5.09065
scaling gradient with 4 to 0.0106032 -0.0100108
	>>>> prev guard 4.8536 5.13265 cur guard 4.94783 5.08466
	was guard reflex vertex? 0
	was guard in reflex area? 0
	does guard intersect boundary ray 4.8536 5.13265 4.94783 5.08466?1
	is guard inside polygon? 0
0 other guards have coords 4.94136 5.08796
	 new best guard at 4.94136 5.08796
scaling gradient with 8 to 0.0212065 -0.0200216
	>>>> prev guard 4.8536 5.13265 cur guard 4.95027 5.08053
	was guard reflex vertex? 0
	was guard in reflex area? 0
	does guard intersect boundary ray 4.8536 5.13265 4.95027 5.08053?1
	is guard inside polygon? 0
0 other guards have coords 4.94409 5.08387
	 new best guard at 4.94409 5.08387
scaling gradient with 16 to 0.042413 -0.0400432
	>>>> prev guard 4.8536 5.13265 cur guard 4.95606 5.0729
	was guard reflex vertex? 0
	was guard in reflex area? 0
	does guard intersect boundary ray 4.8536 5.13265 4.95606 5.0729?1
	is guard inside polygon? 0
0 other guards have coords 4.94844 5.07734
	 new best guard at 4.94844 5.07734
scaling gradient with 32 to 0.084826 -0.0800864
	>>>> prev guard 4.8536 5.13265 cur guard 4.96795 5.05873
	was guard reflex vertex? 0
	was guard in reflex area? 0
	does guard intersect boundary ray 4.8536 5.13265 4.96795 5.05873?1
	is guard inside polygon? 0
0 other guards have coords 4.95547 5.0668
	 new best guard at 4.95547 5.0668
Df=0.00153716 -0.00115845
h=-0.0008168 -0.00108382
Df=5.33274e-05 -0.000343165
h=-0.000397252 -6.17325e-05
Df=0 0
h=0 0
Df=0.0195162 -0.0186168
h=-0.00121405 -0.00114555
is completely visible? 0
are areas equal? 5.375=5.36196?0
+++++1 guards with gradient 0
	======== guard 3 5.5
	was guard reflex vertex? 0
	computed gradient 0.0996796 0.199359 and pull 0.178312 -0.0891562
	------- removing guard 3 5.5
g0=3 5.5
area0=3.375
alpha0=0.6
scaling gradient with 0.03125 to 0.00311499 0.00622998
	>>>> prev guard 3 5.5 cur guard 3.03919 5.48209
	was guard reflex vertex? 0
	was guard in reflex area? 1
	does guard intersect boundary ray 3 5.5 3.03919 5.48209?0
	is guard inside polygon? 1
reflex vertex guard 3 5.5 tries to move to 3.03919 5.48209
reflex segment1 4 5 3 5.5
reflex segment1 3 5.5 2.5 4
on positive side edge2? 1
on positive side edge1? 1
on negative side edge2? 0
on negative side edge1? 0
on edge2? 0
on edge1? 0
new position still inside the polygon? 1
new position ON polygon? 0
projecting
crashed whatever
	old reflex coords
1 other guards have coords 3 5.5
	 new best guard at 3 5.5
scaling gradient with 0.0625 to 0.00622998 0.01246
	>>>> prev guard 3 5.5 cur guard 3.0535 5.47647
	was guard reflex vertex? 0
	was guard in reflex area? 1
	does guard intersect boundary ray 3 5.5 3.0535 5.47647?0
	is guard inside polygon? 1
reflex vertex guard 3 5.5 tries to move to 3.0535 5.47647
reflex segment1 4 5 3 5.5
reflex segment1 3 5.5 2.5 4
on positive side edge2? 1
on positive side edge1? 1
on negative side edge2? 0
on negative side edge1? 0
on edge2? 0
on edge1? 0
new position still inside the polygon? 1
new position ON polygon? 0
projecting
crashed whatever
	old reflex coords
1 other guards have coords 3 5.5
scaling gradient with 0.125 to 0.01246 0.0249199
	>>>> prev guard 3 5.5 cur guard 3.06569 5.47347
	was guard reflex vertex? 0
	was guard in reflex area? 1
	does guard intersect boundary ray 3 5.5 3.06569 5.47347?0
	is guard inside polygon? 1
reflex vertex guard 3 5.5 tries to move to 3.06569 5.47347
reflex segment1 4 5 3 5.5
reflex segment1 3 5.5 2.5 4
on positive side edge2? 1
on positive side edge1? 1
on negative side edge2? 0
on negative side edge1? 0
on edge2? 0
on edge1? 0
new position still inside the polygon? 1
new position ON polygon? 0
projecting
crashed whatever
	old reflex coords
1 other guards have coords 3 5.5
scaling gradient with 0.25 to 0.0249199 0.0498398
	>>>> prev guard 3 5.5 cur guard 3.07694 5.47405
	was guard reflex vertex? 0
	was guard in reflex area? 1
	does guard intersect boundary ray 3 5.5 3.07694 5.47405?0
	is guard inside polygon? 1
reflex vertex guard 3 5.5 tries to move to 3.07694 5.47405
reflex segment1 4 5 3 5.5
reflex segment1 3 5.5 2.5 4
on positive side edge2? 1
on positive side edge1? 1
on negative side edge2? 0
on negative side edge1? 0
on edge2? 0
on edge1? 0
new position still inside the polygon? 1
new position ON polygon? 0
projecting
crashed whatever
	old reflex coords
1 other guards have coords 3 5.5
scaling gradient with 0.5 to 0.0498398 0.0996796
	>>>> prev guard 3 5.5 cur guard 3.08893 5.48051
	was guard reflex vertex? 0
	was guard in reflex area? 1
	does guard intersect boundary ray 3 5.5 3.08893 5.48051?0
	is guard inside polygon? 1
reflex vertex guard 3 5.5 tries to move to 3.08893 5.48051
reflex segment1 4 5 3 5.5
reflex segment1 3 5.5 2.5 4
on positive side edge2? 1
on positive side edge1? 1
on negative side edge2? 0
on negative side edge1? 0
on edge2? 0
on edge1? 0
new position still inside the polygon? 1
new position ON polygon? 0
projecting
crashed whatever
	old reflex coords
1 other guards have coords 3 5.5
scaling gradient with 1 to 0.0996796 0.199359
	>>>> prev guard 3 5.5 cur guard 3.1045 5.49763
	was guard reflex vertex? 0
	was guard in reflex area? 1
	does guard intersect boundary ray 3 5.5 3.1045 5.49763?0
	is guard inside polygon? 1
reflex vertex guard 3 5.5 tries to move to 3.1045 5.49763
reflex segment1 4 5 3 5.5
reflex segment1 3 5.5 2.5 4
on positive side edge2? 1
on positive side edge1? 1
on negative side edge2? 0
on negative side edge1? 0
on edge2? 0
on edge1? 0
new position still inside the polygon? 1
new position ON polygon? 0
projecting
crashed whatever
	old reflex coords
1 other guards have coords 3 5.5
scaling gradient with 2 to 0.199359 0.398718
	>>>> prev guard 3 5.5 cur guard 3.12892 5.53525
	was guard reflex vertex? 0
	was guard in reflex area? 1
	does guard intersect boundary ray 3 5.5 3.12892 5.53525?0
	is guard inside polygon? 1
reflex vertex guard 3 5.5 tries to move to 3.12892 5.53525
reflex segment1 4 5 3 5.5
reflex segment1 3 5.5 2.5 4
on positive side edge2? 1
on positive side edge1? 1
on negative side edge2? 0
on negative side edge1? 0
on edge2? 0
on edge1? 0
new position still inside the polygon? 1
new position ON polygon? 0
projecting
crashed whatever
	old reflex coords
1 other guards have coords 3 5.5
scaling gradient with 4 to 0.398718 0.797437
	>>>> prev guard 3 5.5 cur guard 3.17238 5.61319
	was guard reflex vertex? 0
	was guard in reflex area? 1
	does guard intersect boundary ray 3 5.5 3.17238 5.61319?0
	is guard inside polygon? 1
reflex vertex guard 3 5.5 tries to move to 3.17238 5.61319
reflex segment1 4 5 3 5.5
reflex segment1 3 5.5 2.5 4
on positive side edge2? 1
on positive side edge1? 1
on negative side edge2? 0
on negative side edge1? 0
on edge2? 0
on edge1? 0
new position still inside the polygon? 1
new position ON polygon? 0
projecting
crashed whatever
	old reflex coords
1 other guards have coords 3 5.5
scaling gradient with 8 to 0.797437 1.59487
	>>>> prev guard 3 5.5 cur guard 3.255 5.77124
	was guard reflex vertex? 0
	was guard in reflex area? 1
	does guard intersect boundary ray 3 5.5 3.255 5.77124?0
	is guard inside polygon? 1
reflex vertex guard 3 5.5 tries to move to 3.255 5.77124
reflex segment1 4 5 3 5.5
reflex segment1 3 5.5 2.5 4
on positive side edge2? 1
on positive side edge1? 1
on negative side edge2? 0
on negative side edge1? 0
on edge2? 0
on edge1? 0
new position still inside the polygon? 1
new position ON polygon? 0
projecting
crashed whatever
	old reflex coords
1 other guards have coords 3 5.5
scaling gradient with 16 to 1.59487 3.18975
	>>>> prev guard 3 5.5 cur guard 3.41678 6.08906
	was guard reflex vertex? 0
	was guard in reflex area? 1
	does guard intersect boundary ray 3 5.5 3.41678 6.08906?0
	is guard inside polygon? 1
reflex vertex guard 3 5.5 tries to move to 3.41678 6.08906
reflex segment1 4 5 3 5.5
reflex segment1 3 5.5 2.5 4
on positive side edge2? 1
on positive side edge1? 1
on negative side edge2? 0
on negative side edge1? 0
on edge2? 0
on edge1? 0
new position still inside the polygon? 1
new position ON polygon? 0
projecting
crashed whatever
	old reflex coords
1 other guards have coords 3 5.5
scaling gradient with 32 to 3.18975 6.37949
	>>>> prev guard 3 5.5 cur guard 3.73759 6.72609
	was guard reflex vertex? 0
	was guard in reflex area? 1
	does guard intersect boundary ray 3 5.5 3.73759 6.72609?1
	is guard inside polygon? 0
reflex vertex guard 3 5.5 tries to move to 3.73759 6.72609
reflex segment1 4 5 3 5.5
reflex segment1 3 5.5 2.5 4
on positive side edge2? 1
on positive side edge1? 1
on negative side edge2? 0
on negative side edge1? 0
on edge2? 0
on edge1? 0
new position still inside the polygon? 0
new position ON polygon? 0
	old reflex coords
1 other guards have coords 3 5.5
Df=0.0598078 0.119616
h=0.106987 -0.0534937
Df=0.0391883 -0.0179121
h=0.106987 -0.0534937
is completely visible? 0
are areas equal? 5.375=5.36196?0
i=3
area=5.36196
+++++2 guards with gradient 0
	======== guard 3 5.5
	was guard reflex vertex? 0
	computed gradient 0 0 and pull 0 -0
	======== guard 4.95547 5.0668
	was guard reflex vertex? 0
	computed gradient 0.0011792 -0.00154429 and pull -0.0012584 -0.000835979
	------- removing guard 4.95547 5.0668
g1=4.95547 5.0668
area1=4.15933
alpha1=0.6
scaling gradient with 0.03125 to 3.68498e-05 -4.82589e-05
	>>>> prev guard 4.95547 5.0668 cur guard 4.97093 5.0518
	was guard reflex vertex? 0
	was guard in reflex area? 0
	does guard intersect boundary ray 4.95547 5.0668 4.97093 5.0518?1
	is guard inside polygon? 0
0 other guards have coords 4.96715 5.04928
	 new best guard at 4.96715 5.04928
scaling gradient with 0.0625 to 7.36997e-05 -9.65179e-05
	>>>> prev guard 4.95547 5.0668 cur guard 4.97938 5.03716
	was guard reflex vertex? 0
	was guard in reflex area? 0
	does guard intersect boundary ray 4.95547 5.0668 4.97938 5.03716?1
	is guard inside polygon? 0
0 other guards have coords 4.9765 5.03525
	 new best guard at 4.9765 5.03525
scaling gradient with 0.125 to 0.000147399 -0.000193036
	>>>> prev guard 4.95547 5.0668 cur guard 4.98615 5.02543
	was guard reflex vertex? 0
	was guard in reflex area? 0
	does guard intersect boundary ray 4.95547 5.0668 4.98615 5.02543?1
	is guard inside polygon? 0
0 other guards have coords 4.984 5.024
	 new best guard at 4.984 5.024
scaling gradient with 0.25 to 0.000294799 -0.000386072
	>>>> prev guard 4.95547 5.0668 cur guard 4.99161 5.016
	was guard reflex vertex? 0
	was guard in reflex area? 0
	does guard intersect boundary ray 4.95547 5.0668 4.99161 5.016?1
	is guard inside polygon? 0
0 other guards have coords 4.99003 5.01495
	 new best guard at 4.99003 5.01495
scaling gradient with 0.5 to 0.000589598 -0.000772143
	>>>> prev guard 4.95547 5.0668 cur guard 4.99604 5.00836
	was guard reflex vertex? 0
	was guard in reflex area? 0
	does guard intersect boundary ray 4.95547 5.0668 4.99604 5.00836?1
	is guard inside polygon? 0
0 other guards have coords 4.99492 5.00762
	 new best guard at 4.99492 5.00762
scaling gradient with 1 to 0.0011792 -0.00154429
	>>>> prev guard 4.95547 5.0668 cur guard 4.99972 5.00206
	was guard reflex vertex? 0
	was guard in reflex area? 0
	does guard intersect boundary ray 4.95547 5.0668 4.99972 5.00206?1
	is guard inside polygon? 0
0 other guards have coords 4.99896 5.00156
	 new best guard at 4.99896 5.00156
scaling gradient with 2 to 0.00235839 -0.00308857
	>>>> prev guard 4.95547 5.0668 cur guard 5.00293 4.99664
	was guard reflex vertex? 0
	was guard in reflex area? 0
	does guard intersect boundary ray 4.95547 5.0668 5.00293 4.99664?1
	is guard inside polygon? 0
0 other guards have coords 5.00245 4.99632
	 new best guard at 5.00245 4.99632
scaling gradient with 4 to 0.00471678 -0.00617714
	>>>> prev guard 4.95547 5.0668 cur guard 5.00604 4.99155
	was guard reflex vertex? 0
	was guard in reflex area? 0
	does guard intersect boundary ray 4.95547 5.0668 5.00604 4.99155?1
	is guard inside polygon? 0
0 other guards have coords 5.00576 4.99136
scaling gradient with 8 to 0.00943356 -0.0123543
	>>>> prev guard 4.95547 5.0668 cur guard 5.00961 4.98596
	was guard reflex vertex? 0
	was guard in reflex area? 0
	does guard intersect boundary ray 4.95547 5.0668 5.00961 4.98596?1
	is guard inside polygon? 0
0 other guards have coords 5.00944 4.98584
scaling gradient with 16 to 0.0188671 -0.0247086
	>>>> prev guard 4.95547 5.0668 cur guard 5.01463 4.97845
	was guard reflex vertex? 0
	was guard in reflex area? 0
	does guard intersect boundary ray 4.95547 5.0668 5.01463 4.97845?1
	is guard inside polygon? 0
0 other guards have coords 5.01445 4.97833
scaling gradient with 32 to 0.0377342 -0.0494172
	>>>> prev guard 4.95547 5.0668 cur guard 5.02298 4.96639
	was guard reflex vertex? 0
	was guard in reflex area? 0
	does guard intersect boundary ray 4.95547 5.0668 5.02298 4.96639?1
	is guard inside polygon? 0
0 other guards have coords 5.02258 4.96612
Df=0.000685673 -0.000614117
h=-0.000428815 -0.000478781
Df=2.18442e-05 -0.000312455
h=-0.000326222 -2.28066e-05
Df=0 0
h=0 0
Df=0.00396704 -0.00491732
h=-0.000755037 -0.000501587
is completely visible? 1
are areas equal? 5.375=5.375?1
i=5
area=5.375
g0=3 5.5
alpha0=0.6
area0=3.375
g1=5.00245 4.99632
alpha1=0.6
area1=4.16895
