8
2.5 4 1.5 5
3 5.5 2.5 4
4 4 3.5 3.5
4 5 4 4
3 5.5 4 5
4 6.5 1.5 5
6 3.5 3.5 3.5
4 6.5 6 3.5
total area=5.375
i=0
area=5.12373
+++++2 guards with gradient 0
	======== guard 2.58 5.29
	was guard reflex vertex? 0
	computed gradient -0.150324 0.300648 and pull 0.640257 0.320129
	------- removing guard 2.58 5.29
g0=2.58 5.29
area0=1.8125
alpha0=0.4
scaling gradient with 0.03125 to -0.00469763 0.00939526
event=placed on reflex vertex 3 5.5
	>>>> prev guard 2.58 5.29 cur guard 3 5.5
	was guard reflex vertex? 0
	was guard in reflex area? 0
	does guard intersect boundary ray 2.58 5.29 3 5.5?0
	is guard inside polygon? 1
0 other guards have coords 3 5.5
	 new best guard at 3 5.5
scaling gradient with 0.0625 to -0.00939526 0.0187905
event=placed on reflex vertex 3 5.5
	>>>> prev guard 2.58 5.29 cur guard 3 5.5
	was guard reflex vertex? 0
	was guard in reflex area? 0
	does guard intersect boundary ray 2.58 5.29 3 5.5?0
	is guard inside polygon? 1
1 other guards have coords 3 5.5
scaling gradient with 0.125 to -0.0187905 0.037581
event=placed on reflex vertex 3 5.5
	>>>> prev guard 2.58 5.29 cur guard 3 5.5
	was guard reflex vertex? 0
	was guard in reflex area? 0
	does guard intersect boundary ray 2.58 5.29 3 5.5?0
	is guard inside polygon? 1
1 other guards have coords 3 5.5
scaling gradient with 0.25 to -0.037581 0.0751621
event=placed on reflex vertex 3 5.5
	>>>> prev guard 2.58 5.29 cur guard 3 5.5
	was guard reflex vertex? 0
	was guard in reflex area? 0
	does guard intersect boundary ray 2.58 5.29 3 5.5?0
	is guard inside polygon? 1
1 other guards have coords 3 5.5
scaling gradient with 0.5 to -0.0751621 0.150324
event=placed on reflex vertex 3 5.5
	>>>> prev guard 2.58 5.29 cur guard 3 5.5
	was guard reflex vertex? 0
	was guard in reflex area? 0
	does guard intersect boundary ray 2.58 5.29 3 5.5?0
	is guard inside polygon? 1
1 other guards have coords 3 5.5
scaling gradient with 1 to -0.150324 0.300648
event=placed on reflex vertex 3 5.5
	>>>> prev guard 2.58 5.29 cur guard 3 5.5
	was guard reflex vertex? 0
	was guard in reflex area? 0
	does guard intersect boundary ray 2.58 5.29 3 5.5?0
	is guard inside polygon? 1
1 other guards have coords 3 5.5
scaling gradient with 2 to -0.300648 0.601296
event=placed on reflex vertex 3 5.5
	>>>> prev guard 2.58 5.29 cur guard 3 5.5
	was guard reflex vertex? 0
	was guard in reflex area? 0
	does guard intersect boundary ray 2.58 5.29 3 5.5?0
	is guard inside polygon? 1
1 other guards have coords 3 5.5
scaling gradient with 4 to -0.601296 1.20259
event=placed on reflex vertex 3 5.5
	>>>> prev guard 2.58 5.29 cur guard 3 5.5
	was guard reflex vertex? 0
	was guard in reflex area? 0
	does guard intersect boundary ray 2.58 5.29 3 5.5?0
	is guard inside polygon? 1
1 other guards have coords 3 5.5
scaling gradient with 8 to -1.20259 2.40519
event=placed on reflex vertex 3 5.5
	>>>> prev guard 2.58 5.29 cur guard 3 5.5
	was guard reflex vertex? 0
	was guard in reflex area? 0
	does guard intersect boundary ray 2.58 5.29 3 5.5?0
	is guard inside polygon? 1
1 other guards have coords 3 5.5
scaling gradient with 16 to -2.40519 4.81037
event=placed on reflex vertex 3 5.5
	>>>> prev guard 2.58 5.29 cur guard 3 5.5
	was guard reflex vertex? 0
	was guard in reflex area? 0
	does guard intersect boundary ray 2.58 5.29 3 5.5?0
	is guard inside polygon? 1
1 other guards have coords 3 5.5
scaling gradient with 32 to -4.81037 9.62074
event=placed on reflex vertex 3 5.5
	>>>> prev guard 2.58 5.29 cur guard 3 5.5
	was guard reflex vertex? 0
	was guard in reflex area? 0
	does guard intersect boundary ray 2.58 5.29 3 5.5?0
	is guard inside polygon? 1
1 other guards have coords 3 5.5
Df=-0.0601296 0.120259
h=0.256103 0.128051
Df=0 0
h=0.256103 0.128051
is completely visible? 1
are areas equal? 5.375=5.375?1
i=2
area=5.375
g0=3 5.5
alpha0=0.4
area0=3.375
g1=4.98 3.52
alpha1=0.4
area1=3.65812
