18
6 24 3 20
5 26 6 24
7 16 7 12
3 20 7 16
8 26 7 24
5 26 8 26
10 13 7 12
9 18 10 13
11 20 9 18
11 24 7 24
15 17 11 20
15 27 11 24
16 22 15 27
17 17 15 17
19 19 17 17
17 20 19 19
19 21 17 20
16 22 19 21
total area=103
i=0
area=101.865
+++++3 guards with gradient 0
	======== guard 15 21
	was guard reflex vertex? 0
	computed gradient 0.592332 -1.15901 and pull 0.525522 0.637808
	------- removing guard 15 21
g0=15 21
area0=77.6308
alpha0=0.6
scaling gradient with 0.03125 to 0.0185104 -0.036219
pull reduced from 0.682972 to 	>>>> prev guard 15 21 cur guard 15.0022 20.9957
	was guard reflex vertex? 0
	was guard in reflex area? 0
	does guard intersect boundary ray 15 21 15.0022 20.9957?0
	is guard inside polygon? 1
0 other guards have coords 15.0022 20.9957
	 new best guard at 15.0022 20.9957
scaling gradient with 0.0625 to 0.0370207 -0.072438
pull reduced from 0.682972 to 	>>>> prev guard 15 21 cur guard 15.0084 20.9835
	was guard reflex vertex? 0
	was guard in reflex area? 0
	does guard intersect boundary ray 15 21 15.0084 20.9835?0
	is guard inside polygon? 1
0 other guards have coords 15.0084 20.9835
	 new best guard at 15.0084 20.9835
scaling gradient with 0.125 to 0.0740415 -0.144876
pull reduced from 0.682972 to 	>>>> prev guard 15 21 cur guard 15.0224 20.9564
	was guard reflex vertex? 0
	was guard in reflex area? 0
	does guard intersect boundary ray 15 21 15.0224 20.9564?0
	is guard inside polygon? 1
0 other guards have coords 15.0224 20.9564
	 new best guard at 15.0224 20.9564
scaling gradient with 0.25 to 0.148083 -0.289752
pull reduced from 0.682972 to 	>>>> prev guard 15 21 cur guard 15.0515 20.9003
	was guard reflex vertex? 0
	was guard in reflex area? 0
	does guard intersect boundary ray 15 21 15.0515 20.9003?0
	is guard inside polygon? 1
0 other guards have coords 15.0515 20.9003
	 new best guard at 15.0515 20.9003
scaling gradient with 0.5 to 0.296166 -0.579504
pull reduced from 0.682972 to 	>>>> prev guard 15 21 cur guard 15.1114 20.7871
	was guard reflex vertex? 0
	was guard in reflex area? 0
	does guard intersect boundary ray 15 21 15.1114 20.7871?0
	is guard inside polygon? 1
0 other guards have coords 15.1114 20.7871
	 new best guard at 15.1114 20.7871
scaling gradient with 1 to 0.592332 -1.15901
pull reduced from 0.682972 to 	>>>> prev guard 15 21 cur guard 15.2346 20.5626
	was guard reflex vertex? 0
	was guard in reflex area? 0
	does guard intersect boundary ray 15 21 15.2346 20.5626?0
	is guard inside polygon? 1
0 other guards have coords 15.2346 20.5626
	 new best guard at 15.2346 20.5626
scaling gradient with 2 to 1.18466 -2.31802
pull reduced from 0.682972 to 	>>>> prev guard 15 21 cur guard 15.4921 20.1252
	was guard reflex vertex? 0
	was guard in reflex area? 0
	does guard intersect boundary ray 15 21 15.4921 20.1252?0
	is guard inside polygon? 1
0 other guards have coords 15.4921 20.1252
	 new best guard at 15.4921 20.1252
scaling gradient with 4 to 2.36933 -4.63603
	>>>> prev guard 15 21 cur guard 16.0455 19.2955
	was guard reflex vertex? 0
	was guard in reflex area? 0
	does guard intersect boundary ray 15 21 16.0455 19.2955?0
	is guard inside polygon? 1
0 other guards have coords 16.0455 19.2955
scaling gradient with 8 to 4.73865 -9.27207
	>>>> prev guard 15 21 cur guard 17.1199 17.5957
	was guard reflex vertex? 0
	was guard in reflex area? 0
	does guard intersect boundary ray 15 21 17.1199 17.5957?0
	is guard inside polygon? 1
0 other guards have coords 17.1199 17.5957
scaling gradient with 16 to 9.47731 -18.5441
	>>>> prev guard 15 21 cur guard 19.1798 14.087
	was guard reflex vertex? 0
	was guard in reflex area? 0
	does guard intersect boundary ray 15 21 19.1798 14.087?1
	is guard inside polygon? 0
0 other guards have coords 17.2608 17.2608
scaling gradient with 32 to 18.9546 -37.0883
	>>>> prev guard 15 21 cur guard 21.2463 10.0799
	was guard reflex vertex? 0
	was guard in reflex area? 0
	does guard intersect boundary ray 15 21 21.2463 10.0799?1
	is guard inside polygon? 0
0 other guards have coords 17.1832 17.1832
Df=0 0
h=0 0
Df=0 0
h=0 0
Df=-0.00133799 -0.00356798
h=-0.0004176 0.0001566
Df=-0.144 -0.192
h=-0.0384 0.0288
Df=0.500437 -0.500437
h=0.353862 0.353862
Df=0.000300001 0.000600002
h=0.000268329 -0.000134165
Df=0.257532 -0.437372
h=0.315313 0.382685
is completely visible? 0
are areas equal? 103=101.869?0
+++++2 guards with gradient 0
	======== guard 7 17
	was guard reflex vertex? 0
	computed gradient 0.0889073 0.262302 and pull 0.152206 0.155058
	------- removing guard 7 17
g1=7 17
area1=73.677
alpha1=0.6
scaling gradient with 0.03125 to 0.00277835 0.00819693
	>>>> prev guard 7 17 cur guard 7.0186 17.0196
	was guard reflex vertex? 0
	was guard in reflex area? 0
	does guard intersect boundary ray 7 17 7.0186 17.0196?0
	is guard inside polygon? 1
0 other guards have coords 7.0186 17.0196
	 new best guard at 7.0186 17.0196
scaling gradient with 0.0625 to 0.0055567 0.0163939
	>>>> prev guard 7 17 cur guard 7.05241 17.0558
	was guard reflex vertex? 0
	was guard in reflex area? 0
	does guard intersect boundary ray 7 17 7.05241 17.0558?0
	is guard inside polygon? 1
0 other guards have coords 7.05241 17.0558
	 new best guard at 7.05241 17.0558
scaling gradient with 0.125 to 0.0111134 0.0327877
	>>>> prev guard 7 17 cur guard 7.09905 17.1074
	was guard reflex vertex? 0
	was guard in reflex area? 0
	does guard intersect boundary ray 7 17 7.09905 17.1074?0
	is guard inside polygon? 1
0 other guards have coords 7.09905 17.1074
	 new best guard at 7.09905 17.1074
scaling gradient with 0.25 to 0.0222268 0.0655755
	>>>> prev guard 7 17 cur guard 7.1573 17.1751
	was guard reflex vertex? 0
	was guard in reflex area? 0
	does guard intersect boundary ray 7 17 7.1573 17.1751?0
	is guard inside polygon? 1
0 other guards have coords 7.1573 17.1751
	 new best guard at 7.1573 17.1751
scaling gradient with 0.5 to 0.0444536 0.131151
	>>>> prev guard 7 17 cur guard 7.2275 17.2636
	was guard reflex vertex? 0
	was guard in reflex area? 0
	does guard intersect boundary ray 7 17 7.2275 17.2636?0
	is guard inside polygon? 1
0 other guards have coords 7.2275 17.2636
	 new best guard at 7.2275 17.2636
scaling gradient with 1 to 0.0889073 0.262302
	>>>> prev guard 7 17 cur guard 7.31259 17.3845
	was guard reflex vertex? 0
	was guard in reflex area? 0
	does guard intersect boundary ray 7 17 7.31259 17.3845?0
	is guard inside polygon? 1
0 other guards have coords 7.31259 17.3845
	 new best guard at 7.31259 17.3845
scaling gradient with 2 to 0.177815 0.524604
	>>>> prev guard 7 17 cur guard 7.42027 17.5628
	was guard reflex vertex? 0
	was guard in reflex area? 0
	does guard intersect boundary ray 7 17 7.42027 17.5628?0
	is guard inside polygon? 1
0 other guards have coords 7.42027 17.5628
	 new best guard at 7.42027 17.5628
scaling gradient with 4 to 0.355629 1.04921
	>>>> prev guard 7 17 cur guard 7.56735 17.8499
	was guard reflex vertex? 0
	was guard in reflex area? 0
	does guard intersect boundary ray 7 17 7.56735 17.8499?0
	is guard inside polygon? 1
0 other guards have coords 7.56735 17.8499
	 new best guard at 7.56735 17.8499
scaling gradient with 8 to 0.711258 2.09842
	>>>> prev guard 7 17 cur guard 7.78863 18.35
	was guard reflex vertex? 0
	was guard in reflex area? 0
	does guard intersect boundary ray 7 17 7.78863 18.35?0
	is guard inside polygon? 1
0 other guards have coords 7.78863 18.35
	 new best guard at 7.78863 18.35
scaling gradient with 16 to 1.42252 4.19683
	>>>> prev guard 7 17 cur guard 8.15462 19.2723
	was guard reflex vertex? 0
	was guard in reflex area? 0
	does guard intersect boundary ray 7 17 8.15462 19.2723?0
	is guard inside polygon? 1
0 other guards have coords 8.15462 19.2723
	 new best guard at 8.15462 19.2723
scaling gradient with 32 to 2.84503 8.39366
	>>>> prev guard 7 17 cur guard 8.80708 21.036
	was guard reflex vertex? 0
	was guard in reflex area? 0
	does guard intersect boundary ray 7 17 8.80708 21.036?0
	is guard inside polygon? 1
0 other guards have coords 8.80708 21.036
	 new best guard at 8.80708 21.036
Df=0 0
h=0 0
Df=0 0
h=0 0
Df=-0.0128215 0
h=0 0.00183164
Df=0.321933 -0.183962
h=0.0228176 0.0399309
Df=-0.255287 0.340383
h=0.0680766 0.0510574
Df=-0.000480002 0.000960003
h=0.000429326 0.000214663
Df=0.652462 1.7637
h=0.0913235 0.0930346
is completely visible? 0
are areas equal? 103=101.429?0
+++++1 guards with gradient 0
	======== guard 9 17
	was guard reflex vertex? 0
	computed gradient -2.84076 -0.2373 and pull -0.0323159 2.34321
	------- removing guard 9 17
g2=9 17
area2=46.2857
alpha2=0.6
scaling gradient with 0.03125 to -0.0887737 -0.00741563
pull reduced from 5.49169 to 	>>>> prev guard 9 17 cur guard 8.98935 16.9991
	was guard reflex vertex? 0
	was guard in reflex area? 0
	does guard intersect boundary ray 9 17 8.98935 16.9991?0
	is guard inside polygon? 1
0 other guards have coords 8.98935 16.9991
	 new best guard at 8.98935 16.9991
scaling gradient with 0.0625 to -0.177547 -0.0148313
pull reduced from 5.49169 to 	>>>> prev guard 9 17 cur guard 8.95952 16.9966
	was guard reflex vertex? 0
	was guard in reflex area? 0
	does guard intersect boundary ray 9 17 8.95952 16.9966?0
	is guard inside polygon? 1
0 other guards have coords 8.95952 16.9966
	 new best guard at 8.95952 16.9966
scaling gradient with 0.125 to -0.355095 -0.0296625
pull reduced from 5.49169 to 	>>>> prev guard 9 17 cur guard 8.89304 16.9912
	was guard reflex vertex? 0
	was guard in reflex area? 0
	does guard intersect boundary ray 9 17 8.89304 16.9912?0
	is guard inside polygon? 1
0 other guards have coords 8.89304 16.9912
	 new best guard at 8.89304 16.9912
scaling gradient with 0.25 to -0.710189 -0.0593251
pull reduced from 5.49169 to 	>>>> prev guard 9 17 cur guard 8.75463 16.9804
	was guard reflex vertex? 0
	was guard in reflex area? 0
	does guard intersect boundary ray 9 17 8.75463 16.9804?0
	is guard inside polygon? 1
0 other guards have coords 8.75463 16.9804
	 new best guard at 8.75463 16.9804
scaling gradient with 0.5 to -1.42038 -0.11865
pull reduced from 5.49169 to 	>>>> prev guard 9 17 cur guard 8.47342 16.9603
	was guard reflex vertex? 0
	was guard in reflex area? 0
	does guard intersect boundary ray 9 17 8.47342 16.9603?0
	is guard inside polygon? 1
0 other guards have coords 8.47342 16.9603
	 new best guard at 8.47342 16.9603
scaling gradient with 1 to -2.84076 -0.2373
pull reduced from 5.49169 to 	>>>> prev guard 9 17 cur guard 7.9074 16.927
	was guard reflex vertex? 0
	was guard in reflex area? 0
	does guard intersect boundary ray 9 17 7.9074 16.927?0
	is guard inside polygon? 1
0 other guards have coords 7.9074 16.927
	 new best guard at 7.9074 16.927
scaling gradient with 2 to -5.68151 -0.4746
pull reduced from 5.49169 to 	>>>> prev guard 9 17 cur guard 6.77218 16.8891
	was guard reflex vertex? 0
	was guard in reflex area? 0
	does guard intersect boundary ray 9 17 6.77218 16.8891?0
	is guard inside polygon? 1
0 other guards have coords 6.77218 16.8891
	 new best guard at 6.77218 16.8891
scaling gradient with 4 to -11.363 -0.949201
pull reduced from 5.49169 to 	>>>> prev guard 9 17 cur guard 4.4979 16.9284
	was guard reflex vertex? 0
	was guard in reflex area? 0
	does guard intersect boundary ray 9 17 4.4979 16.9284?1
	is guard inside polygon? 0
0 other guards have coords 6.04696 16.953
scaling gradient with 8 to -22.7261 -1.8984
	>>>> prev guard 9 17 cur guard 1.49653 17.0379
	was guard reflex vertex? 0
	was guard in reflex area? 0
	does guard intersect boundary ray 9 17 1.49653 17.0379?1
	is guard inside polygon? 0
0 other guards have coords 5.98478 17.0152
scaling gradient with 16 to -45.4521 -3.7968
	>>>> prev guard 9 17 cur guard -3.11369 16.9086
	was guard reflex vertex? 0
	was guard in reflex area? 0
	does guard intersect boundary ray 9 17 -3.11369 16.9086?1
	is guard inside polygon? 0
0 other guards have coords 6.02246 16.9775
scaling gradient with 32 to -90.9042 -7.59361
	>>>> prev guard 9 17 cur guard -12.1687 16.2622
	was guard reflex vertex? 0
	was guard in reflex area? 0
	does guard intersect boundary ray 9 17 -12.1687 16.2622?1
	is guard inside polygon? 0
0 other guards have coords 6.10103 16.899
Df=0.00096 -0.00192
h=-0.00085865 -0.000429325
Df=-0.293993 -0.125997
h=-0.0165442 0.0386031
Df=-0.0506216 -0.0144633
h=-0.00198669 0.00695341
Df=-1.3608 0
h=0 1.3608
Df=-1.13523 -0.0378606
h=-0.0193895 1.40593
is completely visible? 0
are areas equal? 103=102.064?0
i=1
area=102.064
+++++3 guards with gradient 0
	======== guard 15.4921 20.1252
	was guard reflex vertex? 0
	computed gradient -0 -0 and pull -0 -0
	======== guard 8.80708 21.036
	was guard reflex vertex? 0
	computed gradient -0.00153757 -0.00230047 and pull -0.000611601 0.000585302
	------- removing guard 8.80708 21.036
g1=8.80708 21.036
area1=95.4937
alpha1=0.6
scaling gradient with 0.03125 to -4.8049e-05 -7.18896e-05
	>>>> prev guard 8.80708 21.036 cur guard 9.32897 22.4471
	was guard reflex vertex? 0
	was guard in reflex area? 0
	does guard intersect boundary ray 8.80708 21.036 9.32897 22.4471?0
	is guard inside polygon? 1
0 other guards have coords 9.32897 22.4471
	 new best guard at 9.32897 22.4471
scaling gradient with 0.0625 to -9.60981e-05 -0.000143779
	>>>> prev guard 8.80708 21.036 cur guard 9.7464 23.5759
	was guard reflex vertex? 0
	was guard in reflex area? 0
	does guard intersect boundary ray 8.80708 21.036 9.7464 23.5759?0
	is guard inside polygon? 1
0 other guards have coords 9.7464 23.5759
scaling gradient with 0.125 to -0.000192196 -0.000287558
	>>>> prev guard 8.80708 21.036 cur guard 10.0802 24.4791
	was guard reflex vertex? 0
	was guard in reflex area? 0
	does guard intersect boundary ray 8.80708 21.036 10.0802 24.4791?1
	is guard inside polygon? 0
0 other guards have coords 9.9031 24
scaling gradient with 0.25 to -0.000384392 -0.000575117
	>>>> prev guard 8.80708 21.036 cur guard 10.1701 24.7225
	was guard reflex vertex? 0
	was guard in reflex area? 0
	does guard intersect boundary ray 8.80708 21.036 10.1701 24.7225?1
	is guard inside polygon? 0
0 other guards have coords 9.90293 24
scaling gradient with 0.5 to -0.000768785 -0.00115023
	>>>> prev guard 8.80708 21.036 cur guard 10.1163 24.5779
	was guard reflex vertex? 0
	was guard in reflex area? 0
	does guard intersect boundary ray 8.80708 21.036 10.1163 24.5779?1
	is guard inside polygon? 0
0 other guards have coords 9.9027 24
scaling gradient with 1 to -0.00153757 -0.00230047
	>>>> prev guard 8.80708 21.036 cur guard 10.0732 24.4621
	was guard reflex vertex? 0
	was guard in reflex area? 0
	does guard intersect boundary ray 8.80708 21.036 10.0732 24.4621?1
	is guard inside polygon? 0
0 other guards have coords 9.90238 24
scaling gradient with 2 to -0.00307514 -0.00460093
	>>>> prev guard 8.80708 21.036 cur guard 10.0383 24.3692
	was guard reflex vertex? 0
	was guard in reflex area? 0
	does guard intersect boundary ray 8.80708 21.036 10.0383 24.3692?1
	is guard inside polygon? 0
0 other guards have coords 9.90192 24
scaling gradient with 4 to -0.00615028 -0.00920187
	>>>> prev guard 8.80708 21.036 cur guard 10.0098 24.2944
	was guard reflex vertex? 0
	was guard in reflex area? 0
	does guard intersect boundary ray 8.80708 21.036 10.0098 24.2944?1
	is guard inside polygon? 0
0 other guards have coords 9.90119 24
scaling gradient with 8 to -0.0123006 -0.0184037
	>>>> prev guard 8.80708 21.036 cur guard 9.98598 24.2333
	was guard reflex vertex? 0
	was guard in reflex area? 0
	does guard intersect boundary ray 8.80708 21.036 9.98598 24.2333?1
	is guard inside polygon? 0
0 other guards have coords 9.89995 24
scaling gradient with 16 to -0.0246011 -0.0368075
	>>>> prev guard 8.80708 21.036 cur guard 9.96476 24.1823
	was guard reflex vertex? 0
	was guard in reflex area? 0
	does guard intersect boundary ray 8.80708 21.036 9.96476 24.1823?1
	is guard inside polygon? 0
0 other guards have coords 9.89767 24
scaling gradient with 32 to -0.0492022 -0.0736149
	>>>> prev guard 8.80708 21.036 cur guard 9.94354 24.1371
	was guard reflex vertex? 0
	was guard in reflex area? 0
	does guard intersect boundary ray 8.80708 21.036 9.94354 24.1371?1
	is guard inside polygon? 0
0 other guards have coords 9.8933 24
Df=0 0
h=0 0
Df=0.000844405 -0.000302999
h=-5.66306e-05 -0.00015782
Df=0 0
h=0 0
Df=-0.00176695 -0.00107728
h=-0.00031033 0.000509001
Df=0 0
h=0 0
Df=0 0
h=0 0
Df=0 0
h=0 0
Df=0 0
h=0 0
Df=0.52189 1.41103
h=-0.000366961 0.000351181
is completely visible? 0
are areas equal? 103=101.422?0
+++++2 guards with gradient 0
	======== guard 15.4921 20.1252
	was guard reflex vertex? 0
	computed gradient 0.813707 -0.256571 and pull 0.113097 0.428312
	------- removing guard 15.4921 20.1252
g0=15.4921 20.1252
area0=72.1633
alpha0=0.6
scaling gradient with 0.03125 to 0.0254283 -0.00801784
	>>>> prev guard 15.4921 20.1252 cur guard 15.7147 19.8257
	was guard reflex vertex? 0
	was guard in reflex area? 0
	does guard intersect boundary ray 15.4921 20.1252 15.7147 19.8257?0
	is guard inside polygon? 1
0 other guards have coords 15.7147 19.8257
scaling gradient with 0.0625 to 0.0508567 -0.0160357
	>>>> prev guard 15.4921 20.1252 cur guard 15.9125 19.6356
	was guard reflex vertex? 0
	was guard in reflex area? 0
	does guard intersect boundary ray 15.4921 20.1252 15.9125 19.6356?0
	is guard inside polygon? 1
0 other guards have coords 15.9125 19.6356
scaling gradient with 0.125 to 0.101713 -0.0320713
	>>>> prev guard 15.4921 20.1252 cur guard 16.0965 19.5311
	was guard reflex vertex? 0
	was guard in reflex area? 0
	does guard intersect boundary ray 15.4921 20.1252 16.0965 19.5311?0
	is guard inside polygon? 1
0 other guards have coords 16.0965 19.5311
	 new best guard at 16.0965 19.5311
scaling gradient with 0.25 to 0.203427 -0.0641427
	>>>> prev guard 15.4921 20.1252 cur guard 16.2817 19.4912
	was guard reflex vertex? 0
	was guard in reflex area? 0
	does guard intersect boundary ray 15.4921 20.1252 16.2817 19.4912?0
	is guard inside polygon? 1
0 other guards have coords 16.2817 19.4912
scaling gradient with 0.5 to 0.406853 -0.128285
	>>>> prev guard 15.4921 20.1252 cur guard 16.4923 19.4953
	was guard reflex vertex? 0
	was guard in reflex area? 0
	does guard intersect boundary ray 15.4921 20.1252 16.4923 19.4953?0
	is guard inside polygon? 1
0 other guards have coords 16.4923 19.4953
scaling gradient with 1 to 0.813707 -0.256571
	>>>> prev guard 15.4921 20.1252 cur guard 16.7719 19.5191
	was guard reflex vertex? 0
	was guard in reflex area? 0
	does guard intersect boundary ray 15.4921 20.1252 16.7719 19.5191?0
	is guard inside polygon? 1
0 other guards have coords 16.7719 19.5191
scaling gradient with 2 to 1.62741 -0.513141
	>>>> prev guard 15.4921 20.1252 cur guard 17.2045 19.528
	was guard reflex vertex? 0
	was guard in reflex area? 0
	does guard intersect boundary ray 15.4921 20.1252 17.2045 19.528?0
	is guard inside polygon? 1
0 other guards have coords 17.2045 19.528
scaling gradient with 4 to 3.25483 -1.02628
	>>>> prev guard 15.4921 20.1252 cur guard 17.9547 19.4634
	was guard reflex vertex? 0
	was guard in reflex area? 0
	does guard intersect boundary ray 15.4921 20.1252 17.9547 19.4634?0
	is guard inside polygon? 1
0 other guards have coords 17.9547 19.4634
scaling gradient with 8 to 6.50966 -2.05257
	>>>> prev guard 15.4921 20.1252 cur guard 19.3497 19.2168
	was guard reflex vertex? 0
	was guard in reflex area? 0
	does guard intersect boundary ray 15.4921 20.1252 19.3497 19.2168?1
	is guard inside polygon? 0
0 other guards have coords 17.8691 19.5654
scaling gradient with 16 to 13.0193 -4.10513
	>>>> prev guard 15.4921 20.1252 cur guard 20.5609 18.9269
	was guard reflex vertex? 0
	was guard in reflex area? 0
	does guard intersect boundary ray 15.4921 20.1252 20.5609 18.9269?1
	is guard inside polygon? 0
0 other guards have coords 17.8773 19.5613
scaling gradient with 32 to 26.0386 -8.21026
	>>>> prev guard 15.4921 20.1252 cur guard 23.169 18.1167
	was guard reflex vertex? 0
	was guard in reflex area? 0
	does guard intersect boundary ray 15.4921 20.1252 23.169 18.1167?1
	is guard inside polygon? 0
0 other guards have coords 18.1298 19.4351
Df=0 0
h=0 0
Df=0 0
h=0 0
Df=-0.00921259 -0.0201905
h=-0.00216304 0.000986958
Df=0 0
h=0 0
Df=0.497355 -0.13474
h=0.0693685 0.256055
Df=8.20309e-05 0.000987949
h=0.000652932 -5.4214e-05
Df=0.184012 -0.104528
h=0.0678584 0.256987
is completely visible? 0
are areas equal? 103=101.422?0
+++++1 guards with gradient 0
	======== guard 6.77218 16.8891
	was guard reflex vertex? 0
	computed gradient -0.148484 0.248676 and pull 0.218594 -0.120939
	------- removing guard 6.77218 16.8891
g2=6.77218 16.8891
area2=71.9407
alpha2=0.6
scaling gradient with 0.03125 to -0.00464013 0.00777113
	>>>> prev guard 6.77218 16.8891 cur guard 5.88967 16.8452
	was guard reflex vertex? 0
	was guard in reflex area? 0
	does guard intersect boundary ray 6.77218 16.8891 5.88967 16.8452?1
	is guard inside polygon? 0
0 other guards have coords 6.14221 16.8578
scaling gradient with 0.0625 to -0.00928027 0.0155423
	>>>> prev guard 6.77218 16.8891 cur guard 5.46132 16.81
	was guard reflex vertex? 0
	was guard in reflex area? 0
	does guard intersect boundary ray 6.77218 16.8891 5.46132 16.81?1
	is guard inside polygon? 0
0 other guards have coords 6.14851 16.8515
scaling gradient with 0.125 to -0.0185605 0.0310845
	>>>> prev guard 6.77218 16.8891 cur guard 5.6278 16.8025
	was guard reflex vertex? 0
	was guard in reflex area? 0
	does guard intersect boundary ray 6.77218 16.8891 5.6278 16.8025?1
	is guard inside polygon? 0
0 other guards have coords 6.15741 16.8426
scaling gradient with 0.25 to -0.0371211 0.0621691
	>>>> prev guard 6.77218 16.8891 cur guard 5.76262 16.7964
	was guard reflex vertex? 0
	was guard in reflex area? 0
	does guard intersect boundary ray 6.77218 16.8891 5.76262 16.7964?1
	is guard inside polygon? 0
0 other guards have coords 6.16654 16.8335
scaling gradient with 0.5 to -0.0742421 0.124338
	>>>> prev guard 6.77218 16.8891 cur guard 5.86803 16.7969
	was guard reflex vertex? 0
	was guard in reflex area? 0
	does guard intersect boundary ray 6.77218 16.8891 5.86803 16.7969?1
	is guard inside polygon? 0
0 other guards have coords 6.1721 16.8279
scaling gradient with 1 to -0.148484 0.248676
	>>>> prev guard 6.77218 16.8891 cur guard 5.94171 16.814
	was guard reflex vertex? 0
	was guard in reflex area? 0
	does guard intersect boundary ray 6.77218 16.8891 5.94171 16.814?1
	is guard inside polygon? 0
0 other guards have coords 6.16576 16.8342
scaling gradient with 2 to -0.296969 0.497353
	>>>> prev guard 6.77218 16.8891 cur guard 5.97204 16.8683
	was guard reflex vertex? 0
	was guard in reflex area? 0
	does guard intersect boundary ray 6.77218 16.8891 5.97204 16.8683?1
	is guard inside polygon? 0
0 other guards have coords 6.12769 16.8723
scaling gradient with 4 to -0.593937 0.994705
	>>>> prev guard 6.77218 16.8891 cur guard 5.92767 17.0044
	was guard reflex vertex? 0
	was guard in reflex area? 0
	does guard intersect boundary ray 6.77218 16.8891 5.92767 17.0044?1
	is guard inside polygon? 0
0 other guards have coords 6.00636 16.9936
scaling gradient with 8 to -1.18787 1.98941
	>>>> prev guard 6.77218 16.8891 cur guard 5.73003 17.3235
	was guard reflex vertex? 0
	was guard in reflex area? 0
	does guard intersect boundary ray 6.77218 16.8891 5.73003 17.3235?0
	is guard inside polygon? 1
0 other guards have coords 5.73003 17.3235
scaling gradient with 16 to -2.37575 3.97882
	>>>> prev guard 6.77218 16.8891 cur guard 5.25011 18.0504
	was guard reflex vertex? 0
	was guard in reflex area? 0
	does guard intersect boundary ray 6.77218 16.8891 5.25011 18.0504?0
	is guard inside polygon? 1
0 other guards have coords 5.25011 18.0504
	 new best guard at 5.25011 18.0504
scaling gradient with 32 to -4.7515 7.95764
	>>>> prev guard 6.77218 16.8891 cur guard 4.32223 19.5722
	was guard reflex vertex? 0
	was guard in reflex area? 0
	does guard intersect boundary ray 6.77218 16.8891 4.32223 19.5722?0
	is guard inside polygon? 1
0 other guards have coords 4.32223 19.5722
	 new best guard at 4.32223 19.5722
Df=0.187527 0.0480519
h=0.0523538 -0.204316
Df=-0.338572 -0.0367657
h=-0.00514012 0.0473349
Df=-0.0117613 0.000376817
h=5.29644e-05 0.00165313
Df=0.310598 -0.184668
h=0.0223223 0.0375445
Df=-0.236453 0.321348
h=0.0612206 0.045047
Df=-0.000430213 0.000862764
h=0.00034657 0.000172816
Df=-0.927885 1.52188
h=0.131156 -0.0725632
is completely visible? 0
are areas equal? 103=100.998?0
i=2
area=100.998
+++++3 guards with gradient 0
	======== guard 16.0965 19.5311
	was guard reflex vertex? 0
	computed gradient -4.63161 -0.181123 and pull -0.0733064 1.87456
	------- removing guard 16.0965 19.5311
g0=16.0965 19.5311
area0=68.5345
alpha0=0.6
scaling gradient with 0.03125 to -0.144738 -0.0056601
pull reduced from 3.51936 to 	>>>> prev guard 16.0965 19.5311 cur guard 16.2261 19.4548
	was guard reflex vertex? 0
	was guard in reflex area? 0
	does guard intersect boundary ray 16.0965 19.5311 16.2261 19.4548?0
	is guard inside polygon? 1
0 other guards have coords 16.2261 19.4548
scaling gradient with 0.0625 to -0.289476 -0.0113202
pull reduced from 3.51936 to 	>>>> prev guard 16.0965 19.5311 cur guard 16.2948 19.3963
	was guard reflex vertex? 0
	was guard in reflex area? 0
	does guard intersect boundary ray 16.0965 19.5311 16.2948 19.3963?0
	is guard inside polygon? 1
0 other guards have coords 16.2948 19.3963
scaling gradient with 0.125 to -0.578952 -0.0226404
pull reduced from 3.51936 to 	>>>> prev guard 16.0965 19.5311 cur guard 16.2803 19.3483
	was guard reflex vertex? 0
	was guard in reflex area? 0
	does guard intersect boundary ray 16.0965 19.5311 16.2803 19.3483?0
	is guard inside polygon? 1
0 other guards have coords 16.2803 19.3483
scaling gradient with 0.25 to -1.1579 -0.0452808
pull reduced from 3.51936 to 	>>>> prev guard 16.0965 19.5311 cur guard 16.1297 19.3049
	was guard reflex vertex? 0
	was guard in reflex area? 0
	does guard intersect boundary ray 16.0965 19.5311 16.1297 19.3049?0
	is guard inside polygon? 1
0 other guards have coords 16.1297 19.3049
scaling gradient with 0.5 to -2.31581 -0.0905617
pull reduced from 3.51936 to 	>>>> prev guard 16.0965 19.5311 cur guard 15.7311 19.2637
	was guard reflex vertex? 0
	was guard in reflex area? 0
	does guard intersect boundary ray 16.0965 19.5311 15.7311 19.2637?0
	is guard inside polygon? 1
0 other guards have coords 15.7311 19.2637
scaling gradient with 1 to -4.63161 -0.181123
pull reduced from 3.51936 to 	>>>> prev guard 16.0965 19.5311 cur guard 14.8554 19.2375
	was guard reflex vertex? 0
	was guard in reflex area? 0
	does guard intersect boundary ray 16.0965 19.5311 14.8554 19.2375?0
	is guard inside polygon? 1
0 other guards have coords 14.8554 19.2375
scaling gradient with 2 to -9.26322 -0.362247
pull reduced from 3.51936 to 	>>>> prev guard 16.0965 19.5311 cur guard 13.0378 19.3094
	was guard reflex vertex? 0
	was guard in reflex area? 0
	does guard intersect boundary ray 16.0965 19.5311 13.0378 19.3094?0
	is guard inside polygon? 1
0 other guards have coords 13.0378 19.3094
	 new best guard at 13.0378 19.3094
scaling gradient with 4 to -18.5264 -0.724493
	>>>> prev guard 16.0965 19.5311 cur guard 9.35186 19.5048
	was guard reflex vertex? 0
	was guard in reflex area? 0
	does guard intersect boundary ray 16.0965 19.5311 9.35186 19.5048?1
	is guard inside polygon? 1
0 other guards have coords 11.6483 19.5138
	 new best guard at 11.6483 19.5138
scaling gradient with 8 to -37.0529 -1.44899
	>>>> prev guard 16.0965 19.5311 cur guard 4.24435 19.7213
	was guard reflex vertex? 0
	was guard in reflex area? 0
	does guard intersect boundary ray 16.0965 19.5311 4.24435 19.7213?1
	is guard inside polygon? 1
0 other guards have coords 11.5274 19.6044
	 new best guard at 11.5274 19.6044
scaling gradient with 16 to -74.1058 -2.89797
	>>>> prev guard 16.0965 19.5311 cur guard -3.29719 19.6476
	was guard reflex vertex? 0
	was guard in reflex area? 0
	does guard intersect boundary ray 16.0965 19.5311 -3.29719 19.6476?1
	is guard inside polygon? 0
0 other guards have coords 11.5891 19.5582
scaling gradient with 32 to -148.212 -5.79595
	>>>> prev guard 16.0965 19.5311 cur guard -18.0648 19.1221
	was guard reflex vertex? 0
	was guard in reflex area? 0
	does guard intersect boundary ray 16.0965 19.5311 -18.0648 19.1221?1
	is guard inside polygon? 0
0 other guards have coords 11.6954 19.4784
Df=0 0
h=0 0
Df=0 0
h=0 0
Df=0 0
h=0 0
Df=0 0
h=0 0
Df=-2.77897 -0.108674
h=-0.0439839 1.12474
Df=0 0
h=0 0
Df=-7.40393 0.207461
h=-0.0439839 1.12474
is completely visible? 0
are areas equal? 103=101.353?0
+++++2 guards with gradient 0
	======== guard 9.32897 22.4471
	was guard reflex vertex? 0
	computed gradient -0.0534196 -1.78816 and pull 0.56338 0.431883
	------- removing guard 9.32897 22.4471
g1=9.32897 22.4471
area1=95.7548
alpha1=0.6
scaling gradient with 0.03125 to -0.00166936 -0.0558799
	>>>> prev guard 9.32897 22.4471 cur guard 9.81389 23.621
	was guard reflex vertex? 0
	was guard in reflex area? 0
	does guard intersect boundary ray 9.32897 22.4471 9.81389 23.621?0
	is guard inside polygon? 1
0 other guards have coords 9.81389 23.621
scaling gradient with 0.0625 to -0.00333872 -0.11176
	>>>> prev guard 9.32897 22.4471 cur guard 10.269 24.5986
	was guard reflex vertex? 0
	was guard in reflex area? 0
	does guard intersect boundary ray 9.32897 22.4471 10.269 24.5986?1
	is guard inside polygon? 0
0 other guards have coords 10.0075 24
scaling gradient with 0.125 to -0.00667745 -0.22352
	>>>> prev guard 9.32897 22.4471 cur guard 10.4384 24.8071
	was guard reflex vertex? 0
	was guard in reflex area? 0
	does guard intersect boundary ray 9.32897 22.4471 10.4384 24.8071?1
	is guard inside polygon? 0
0 other guards have coords 10.059 24
scaling gradient with 0.25 to -0.0133549 -0.447039
	>>>> prev guard 9.32897 22.4471 cur guard 10.4698 24.6438
	was guard reflex vertex? 0
	was guard in reflex area? 0
	does guard intersect boundary ray 9.32897 22.4471 10.4698 24.6438?1
	is guard inside polygon? 0
0 other guards have coords 10.1354 24
scaling gradient with 0.5 to -0.0267098 -0.894078
	>>>> prev guard 9.32897 22.4471 cur guard 10.5284 24.4596
	was guard reflex vertex? 0
	was guard in reflex area? 0
	does guard intersect boundary ray 9.32897 22.4471 10.5284 24.4596?1
	is guard inside polygon? 0
0 other guards have coords 10.2545 24
scaling gradient with 1 to -0.0534196 -1.78816
	>>>> prev guard 9.32897 22.4471 cur guard 10.6301 24.2049
	was guard reflex vertex? 0
	was guard in reflex area? 0
	does guard intersect boundary ray 9.32897 22.4471 10.6301 24.2049?1
	is guard inside polygon? 0
0 other guards have coords 10.4784 24
scaling gradient with 2 to -0.106839 -3.57631
	>>>> prev guard 9.32897 22.4471 cur guard 10.8337 23.7866
	was guard reflex vertex? 0
	was guard in reflex area? 0
	does guard intersect boundary ray 9.32897 22.4471 10.8337 23.7866?0
	is guard inside polygon? 1
0 other guards have coords 10.8337 23.7866
scaling gradient with 4 to -0.213678 -7.15263
	>>>> prev guard 9.32897 22.4471 cur guard 11.1598 22.8094
	was guard reflex vertex? 0
	was guard in reflex area? 0
	does guard intersect boundary ray 9.32897 22.4471 11.1598 22.8094?0
	is guard inside polygon? 1
0 other guards have coords 11.1598 22.8094
scaling gradient with 8 to -0.427357 -14.3053
	>>>> prev guard 9.32897 22.4471 cur guard 11.4371 20.3628
	was guard reflex vertex? 0
	was guard in reflex area? 0
	does guard intersect boundary ray 9.32897 22.4471 11.4371 20.3628?0
	is guard inside polygon? 1
0 other guards have coords 11.4371 20.3628
scaling gradient with 16 to -0.854714 -28.6105
	>>>> prev guard 9.32897 22.4471 cur guard 11.6239 15.0242
	was guard reflex vertex? 0
	was guard in reflex area? 0
	does guard intersect boundary ray 9.32897 22.4471 11.6239 15.0242?1
	is guard inside polygon? 0
0 other guards have coords 10.3015 19.3015
scaling gradient with 32 to -1.70943 -57.221
	>>>> prev guard 9.32897 22.4471 cur guard 10.3134 8.21585
	was guard reflex vertex? 0
	was guard in reflex area? 0
	does guard intersect boundary ray 9.32897 22.4471 10.3134 8.21585?1
	is guard inside polygon? 0
0 other guards have coords 9.59542 18.5954
Df=-0.138553 -0.207791
h=-0.0742313 0.0494967
Df=0.892077 -0.959911
h=0.42079 0.391054
Df=0 0
h=0 0
Df=0.0110019 0.0344887
h=0.00428331 -0.00136638
Df=0.00209021 0.00142734
h=0.000481693 -0.000705395
Df=-0.799326 0.0591308
h=-0.0132604 -0.179253
Df=0.000658581 -0.00023791
h=-3.47069e-05 -9.60755e-05
Df=0 0
h=0 0
Df=0.52189 1.41103
h=0.338028 0.25913
is completely visible? 0
are areas equal? 103=101.353?0
+++++1 guards with gradient 0
	======== guard 4.32223 19.5722
	was guard reflex vertex? 0
	computed gradient 0.218907 0.342679 and pull 0.103128 -0.0132451
	------- removing guard 4.32223 19.5722
g2=4.32223 19.5722
area2=79.4155
alpha2=0.6
scaling gradient with 0.03125 to 0.00684085 0.0107087
	>>>> prev guard 4.32223 19.5722 cur guard 3.59311 20.7894
	was guard reflex vertex? 0
	was guard in reflex area? 0
	does guard intersect boundary ray 4.32223 19.5722 3.59311 20.7894?0
	is guard inside polygon? 1
0 other guards have coords 3.59311 20.7894
	 new best guard at 3.59311 20.7894
scaling gradient with 0.0625 to 0.0136817 0.0214174
	>>>> prev guard 4.32223 19.5722 cur guard 3.02384 21.7642
	was guard reflex vertex? 0
	was guard in reflex area? 0
	does guard intersect boundary ray 4.32223 19.5722 3.02384 21.7642?1
	is guard inside polygon? 0
0 other guards have coords 3.59719 20.7963
	 new best guard at 3.59719 20.7963
scaling gradient with 0.125 to 0.0273634 0.0428349
	>>>> prev guard 4.32223 19.5722 cur guard 3.15743 21.5796
	was guard reflex vertex? 0
	was guard in reflex area? 0
	does guard intersect boundary ray 4.32223 19.5722 3.15743 21.5796?1
	is guard inside polygon? 0
0 other guards have coords 3.60552 20.8074
	 new best guard at 3.60552 20.8074
scaling gradient with 0.25 to 0.0547268 0.0856697
	>>>> prev guard 4.32223 19.5722 cur guard 3.27266 21.4427
	was guard reflex vertex? 0
	was guard in reflex area? 0
	does guard intersect boundary ray 4.32223 19.5722 3.27266 21.4427?1
	is guard inside polygon? 0
0 other guards have coords 3.61905 20.8254
	 new best guard at 3.61905 20.8254
scaling gradient with 0.5 to 0.109454 0.171339
	>>>> prev guard 4.32223 19.5722 cur guard 3.37827 21.3527
	was guard reflex vertex? 0
	was guard in reflex area? 0
	does guard intersect boundary ray 4.32223 19.5722 3.37827 21.3527?1
	is guard inside polygon? 0
0 other guards have coords 3.64176 20.8557
	 new best guard at 3.64176 20.8557
scaling gradient with 1 to 0.218907 0.342679
	>>>> prev guard 4.32223 19.5722 cur guard 3.48778 21.317
	was guard reflex vertex? 0
	was guard in reflex area? 0
	does guard intersect boundary ray 4.32223 19.5722 3.48778 21.317?1
	is guard inside polygon? 0
0 other guards have coords 3.68246 20.91
	 new best guard at 3.68246 20.91
scaling gradient with 2 to 0.437814 0.685358
	>>>> prev guard 4.32223 19.5722 cur guard 3.62419 21.3597
	was guard reflex vertex? 0
	was guard in reflex area? 0
	does guard intersect boundary ray 4.32223 19.5722 3.62419 21.3597?1
	is guard inside polygon? 0
0 other guards have coords 3.75964 21.0128
	 new best guard at 3.75964 21.0128
scaling gradient with 4 to 0.875628 1.37072
	>>>> prev guard 4.32223 19.5722 cur guard 3.83047 21.5355
	was guard reflex vertex? 0
	was guard in reflex area? 0
	does guard intersect boundary ray 4.32223 19.5722 3.83047 21.5355?1
	is guard inside polygon? 0
0 other guards have coords 3.91088 21.2145
	 new best guard at 3.91088 21.2145
scaling gradient with 8 to 1.75126 2.74143
	>>>> prev guard 4.32223 19.5722 cur guard 4.19007 21.96
	was guard reflex vertex? 0
	was guard in reflex area? 0
	does guard intersect boundary ray 4.32223 19.5722 4.19007 21.96?1
	is guard inside polygon? 0
0 other guards have coords 4.20931 21.6124
	 new best guard at 4.20931 21.6124
scaling gradient with 16 to 3.50251 5.48286
	>>>> prev guard 4.32223 19.5722 cur guard 4.86534 22.8652
	was guard reflex vertex? 0
	was guard in reflex area? 0
	does guard intersect boundary ray 4.32223 19.5722 4.86534 22.8652?1
	is guard inside polygon? 0
0 other guards have coords 4.78541 22.3805
	 new best guard at 4.78541 22.3805
scaling gradient with 32 to 7.00503 10.9657
	>>>> prev guard 4.32223 19.5722 cur guard 6.16321 24.6971
	was guard reflex vertex? 0
	was guard in reflex area? 0
	does guard intersect boundary ray 4.32223 19.5722 6.16321 24.6971?1
	is guard inside polygon? 1
0 other guards have coords 5.83265 23.7769
	 new best guard at 5.83265 23.7769
Df=0.0358931 -0.0136007
h=0.00287238 0.00758042
Df=-0.00024805 0.000150013
h=2.89907e-05 4.79368e-05
Df=0.00502704 -0.00758158
h=0.000946237 0.000627411
Df=0.0170801 -0.0821567
h=0.00688803 0.00143199
Df=-0.0154815 0.241681
h=0.0361178 0.00231362
Df=0.000154942 0.000460989
h=9.34135e-05 -3.1397e-05
Df=0.0889187 0.0666541
h=0.01493 -0.019917
Df=1.3778 2.31652
h=0.0618768 -0.00794705
is completely visible? 0
are areas equal? 103=101.162?0
i=3
area=101.162
+++++3 guards with gradient 0
	======== guard 11.5274 19.6044
	was guard reflex vertex? 0
	computed gradient -0.369051 -0.380122 and pull -0.060239 0.0584845
	------- removing guard 11.5274 19.6044
g0=11.5274 19.6044
area0=56.5834
alpha0=0.6
scaling gradient with 0.03125 to -0.0115328 -0.0118788
	>>>> prev guard 11.5274 19.6044 cur guard 5.59569 19.776
	was guard reflex vertex? 0
	was guard in reflex area? 0
	does guard intersect boundary ray 11.5274 19.6044 5.59569 19.776?1
	is guard inside polygon? 1
0 other guards have coords 7.64877 22.5134
	 new best guard at 7.64877 22.5134
scaling gradient with 0.0625 to -0.0230657 -0.0237576
	>>>> prev guard 11.5274 19.6044 cur guard 2.89337 22.6548
	was guard reflex vertex? 0
	was guard in reflex area? 0
	does guard intersect boundary ray 11.5274 19.6044 2.89337 22.6548?1
	is guard inside polygon? 0
0 other guards have coords 11 20
scaling gradient with 0.125 to -0.0461313 -0.0475152
	>>>> prev guard 11.5274 19.6044 cur guard 7.18291 20.1144
	was guard reflex vertex? 0
	was guard in reflex area? 0
	does guard intersect boundary ray 11.5274 19.6044 7.18291 20.1144?1
	is guard inside polygon? 1
0 other guards have coords 8.50213 21.8734
	 new best guard at 8.50213 21.8734
scaling gradient with 0.25 to -0.0922627 -0.0950304
	>>>> prev guard 11.5274 19.6044 cur guard 5.43016 21.9606
	was guard reflex vertex? 0
	was guard in reflex area? 0
	does guard intersect boundary ray 11.5274 19.6044 5.43016 21.9606?1
	is guard inside polygon? 1
0 other guards have coords 6.49423 23.3793
	 new best guard at 6.49423 23.3793
scaling gradient with 0.5 to -0.184525 -0.190061
	>>>> prev guard 11.5274 19.6044 cur guard 4.00728 23.4333
	was guard reflex vertex? 0
	was guard in reflex area? 0
	does guard intersect boundary ray 11.5274 19.6044 4.00728 23.4333?1
	is guard inside polygon? 0
0 other guards have coords 11 20
scaling gradient with 1 to -0.369051 -0.380122
	>>>> prev guard 11.5274 19.6044 cur guard 8.95893 20.0046
	was guard reflex vertex? 0
	was guard in reflex area? 0
	does guard intersect boundary ray 11.5274 19.6044 8.95893 20.0046?1
	is guard inside polygon? 1
0 other guards have coords 9.69152 20.9814
scaling gradient with 2 to -0.738101 -0.760243
	>>>> prev guard 11.5274 19.6044 cur guard 7.96286 20.9008
	was guard reflex vertex? 0
	was guard in reflex area? 0
	does guard intersect boundary ray 11.5274 19.6044 7.96286 20.9008?1
	is guard inside polygon? 1
0 other guards have coords 8.62385 21.7821
	 new best guard at 8.62385 21.7821
scaling gradient with 4 to -1.4762 -1.52049
	>>>> prev guard 11.5274 19.6044 cur guard 7.05655 21.5422
	was guard reflex vertex? 0
	was guard in reflex area? 0
	does guard intersect boundary ray 11.5274 19.6044 7.05655 21.5422?1
	is guard inside polygon? 1
0 other guards have coords 7.73592 22.4481
	 new best guard at 7.73592 22.4481
scaling gradient with 8 to -2.9524 -3.04097
	>>>> prev guard 11.5274 19.6044 cur guard 6.12057 21.8982
	was guard reflex vertex? 0
	was guard in reflex area? 0
	does guard intersect boundary ray 11.5274 19.6044 6.12057 21.8982?1
	is guard inside polygon? 1
0 other guards have coords 6.966 23.0255
	 new best guard at 6.966 23.0255
scaling gradient with 16 to -5.90481 -6.08195
	>>>> prev guard 11.5274 19.6044 cur guard 4.95791 21.8628
	was guard reflex vertex? 0
	was guard in reflex area? 0
	does guard intersect boundary ray 11.5274 19.6044 4.95791 21.8628?1
	is guard inside polygon? 1
0 other guards have coords 6.2389 23.5708
	 new best guard at 6.2389 23.5708
scaling gradient with 32 to -11.8096 -12.1639
	>>>> prev guard 11.5274 19.6044 cur guard 3.20805 21.188
	was guard reflex vertex? 0
	was guard in reflex area? 0
	does guard intersect boundary ray 11.5274 19.6044 3.20805 21.188?1
	is guard inside polygon? 0
0 other guards have coords 11 20
Df=0 0
h=0 0
Df=0 0
h=0 0
Df=-0.22143 -0.228073
h=-0.0361434 0.0350907
Df=0 0
h=0 0
Df=0 0
h=0 0
Df=0 0
h=0 0
Df=-2.00809 -1.16266
h=-0.0361434 0.0350907
is completely visible? 1
are areas equal? 103=103?1
i=5
area=103
g0=6.2389 23.5708
alpha0=0.6
area0=96.2587
g1=9.32897 22.4471
alpha1=0.6
area1=95.7548
g2=5.83265 23.7769
alpha2=0.6
area2=92.7526
