152
4 5 4 3
5 9 4 5
6 5 5 9
7 5 6 5
8 9 7 5
9 5 8 9
10 5 9 5
11 9 10 5
12 5 11 9
13 5 12 5
14 9 13 5
15 5 14 9
16 5 15 5
17 9 16 5
18 5 17 9
19 5 18 5
20 9 19 5
21 5 20 9
22 5 21 5
23 9 22 5
24 5 23 9
25 5 24 5
26 9 25 5
27 5 26 9
28 5 27 5
29 9 28 5
30 5 29 9
31 5 30 5
32 9 31 5
33 5 32 9
34 5 33 5
35 9 34 5
36 5 35 9
37 5 36 5
38 9 37 5
39 5 38 9
40 5 39 5
41 9 40 5
42 5 41 9
43 5 42 5
44 9 43 5
45 5 44 9
46 5 45 5
47 9 46 5
48 5 47 9
49 5 48 5
50 9 49 5
51 5 50 9
52 5 51 5
53 9 52 5
54 5 53 9
55 5 54 5
56 9 55 5
57 5 56 9
58 5 57 5
59 9 58 5
60 5 59 9
61 5 60 5
62 9 61 5
63 5 62 9
64 5 63 5
65 9 64 5
66 5 65 9
67 5 66 5
68 9 67 5
69 5 68 9
70 5 69 5
71 9 70 5
72 5 71 9
73 5 72 5
74 9 73 5
75 5 74 9
76 5 75 5
77 9 76 5
78 5 77 9
79 5 78 5
80 9 79 5
81 5 80 9
82 5 81 5
83 9 82 5
84 5 83 9
85 5 84 5
86 9 85 5
87 5 86 9
88 5 87 5
89 9 88 5
90 5 89 9
91 5 90 5
92 9 91 5
93 5 92 9
94 5 93 5
95 9 94 5
96 5 95 9
97 5 96 5
98 9 97 5
99 5 98 9
100 5 99 5
101 9 100 5
102 5 101 9
103 5 102 5
104 9 103 5
105 5 104 9
106 5 105 5
107 9 106 5
108 5 107 9
109 5 108 5
110 9 109 5
111 5 110 9
112 5 111 5
113 9 112 5
114 5 113 9
115 5 114 5
116 9 115 5
117 5 116 9
118 5 117 5
119 9 118 5
120 5 119 9
121 5 120 5
122 9 121 5
123 5 122 9
124 5 123 5
125 9 124 5
126 5 125 9
127 5 126 5
128 9 127 5
129 5 128 9
130 5 129 5
131 9 130 5
132 5 131 9
133 5 132 5
134 9 133 5
135 5 134 9
136 5 135 5
137 9 136 5
138 5 137 9
139 5 138 5
140 9 139 5
141 5 140 9
142 5 141 5
143 9 142 5
144 5 143 9
145 5 144 5
146 9 145 5
147 5 146 9
148 5 147 5
149 9 148 5
150 5 149 9
151 5 150 5
152 9 151 5
153 3 4 3
153 5 153 3
152 9 153 5
total area=498
i=0
area=310.209
+++++50 guards with gradient 0
	======== guard 4.1 4
	was guard reflex vertex? 0
	computed gradient 0 -0 and pull 0 0
	======== guard 4.2 4
	was guard reflex vertex? 0
	computed gradient 0 -0 and pull 0 0
	======== guard 4.3 4
	was guard reflex vertex? 0
	computed gradient 0 -0 and pull 0 0
	======== guard 4.4 4
	was guard reflex vertex? 0
	computed gradient 0 -0 and pull 0 0
	======== guard 4.5 4
	was guard reflex vertex? 0
	computed gradient 0 -0 and pull 0 0
	======== guard 4.6 4
	was guard reflex vertex? 0
