17
4 5 4 3
5 9 4 5
6 5 5 9
7 5 6 5
8 9 7 5
9 5 8 9
10 5 9 5
11 9 10 5
12 5 11 9
13 5 12 5
14 9 13 5
15 5 14 9
16 5 15 5
17 9 16 5
18 3 4 3
18 5 18 3
17 9 18 5
total area=48
i=0
area=38.3465
+++++5 guards with gradient 0
	======== guard 4.1 4
	was guard reflex vertex? 0
	computed gradient 0 -0 and pull 0 0
	======== guard 4.2 4
	was guard reflex vertex? 0
	computed gradient 0 -0 and pull 0 0
	======== guard 4.3 4
	was guard reflex vertex? 0
	computed gradient 0 -0 and pull 0 0
	======== guard 8 4
	was guard reflex vertex? 0
	computed gradient -0 -0 and pull -0 0
	======== guard 9 4
	was guard reflex vertex? 0
	computed gradient -0.0921702 -0.238459 and pull 0.104474 0.314328
	------- removing guard 9 4
g4=9 4
area4=34.9618
alpha4=0.4
scaling gradient with 0.03125 to -0.00288032 -0.00745185
	>>>> prev guard 9 4 cur guard 9.00813 4.02455
	was guard reflex vertex? 0
	was guard in reflex area? 0
	does guard intersect boundary ray 9 4 9.00813 4.02455?0
	is guard inside polygon? 1
0 other guards have coords 9.00813 4.02455
scaling gradient with 0.0625 to -0.00576064 -0.0149037
	>>>> prev guard 9 4 cur guard 9.02253 4.06814
	was guard reflex vertex? 0
	was guard in reflex area? 0
	does guard intersect boundary ray 9 4 9.02253 4.06814?0
	is guard inside polygon? 1
0 other guards have coords 9.02253 4.06814
scaling gradient with 0.125 to -0.0115213 -0.0298074
	>>>> prev guard 9 4 cur guard 9.04148 4.12578
	was guard reflex vertex? 0
	was guard in reflex area? 0
	does guard intersect boundary ray 9 4 9.04148 4.12578?0
	is guard inside polygon? 1
0 other guards have coords 9.04148 4.12578
scaling gradient with 0.25 to -0.0230425 -0.0596148
	>>>> prev guard 9 4 cur guard 9.06316 4.19227
	was guard reflex vertex? 0
	was guard in reflex area? 0
	does guard intersect boundary ray 9 4 9.06316 4.19227?0
	is guard inside polygon? 1
0 other guards have coords 9.06316 4.19227
scaling gradient with 0.5 to -0.0460851 -0.11923
	>>>> prev guard 9 4 cur guard 9.08518 4.26106
	was guard reflex vertex? 0
	was guard in reflex area? 0
	does guard intersect boundary ray 9 4 9.08518 4.26106?0
	is guard inside polygon? 1
0 other guards have coords 9.08518 4.26106
scaling gradient with 1 to -0.0921702 -0.238459
	>>>> prev guard 9 4 cur guard 9.10377 4.32217
	was guard reflex vertex? 0
	was guard in reflex area? 0
	does guard intersect boundary ray 9 4 9.10377 4.32217?0
	is guard inside polygon? 1
0 other guards have coords 9.10377 4.32217
scaling gradient with 2 to -0.18434 -0.476918
	>>>> prev guard 9 4 cur guard 9.11226 4.35805
	was guard reflex vertex? 0
	was guard in reflex area? 0
	does guard intersect boundary ray 9 4 9.11226 4.35805?0
	is guard inside polygon? 1
0 other guards have coords 9.11226 4.35805
scaling gradient with 4 to -0.368681 -0.953837
	>>>> prev guard 9 4 cur guard 9.09791 4.33559
	was guard reflex vertex? 0
	was guard in reflex area? 0
	does guard intersect boundary ray 9 4 9.09791 4.33559?0
	is guard inside polygon? 1
0 other guards have coords 9.09791 4.33559
scaling gradient with 8 to -0.737361 -1.90767
	>>>> prev guard 9 4 cur guard 9.0358 4.19016
	was guard reflex vertex? 0
	was guard in reflex area? 0
	does guard intersect boundary ray 9 4 9.0358 4.19016?0
	is guard inside polygon? 1
0 other guards have coords 9.0358 4.19016
scaling gradient with 16 to -1.47472 -3.81535
	>>>> prev guard 9 4 cur guard 8.8765 3.79373
	was guard reflex vertex? 0
	was guard in reflex area? 0
	does guard intersect boundary ray 9 4 8.8765 3.79373?0
	is guard inside polygon? 1
0 other guards have coords 8.8765 3.79373
	 new best guard at 8.8765 3.79373
scaling gradient with 32 to -2.94945 -7.63069
	>>>> prev guard 9 4 cur guard 8.52145 2.89128
	was guard reflex vertex? 0
	was guard in reflex area? 0
	does guard intersect boundary ray 9 4 8.52145 2.89128?1
	is guard inside polygon? 0
0 other guards have coords 8.56838 3
	 new best guard at 8.56838 3
Df=0 0
h=0 0
Df=0 0
h=0 0
Df=-0.0919637 0
h=0 0.0919637
Df=0.0445493 -0.0445493
h=0.0315011 0.0315011
Df=0 0
h=0 0
Df=0.00766321 -0.0306528
h=0.0074344 0.0018586
Df=0 0
h=0 0
Df=0.00288307 -0.0201815
h=0.0028541 0.000407728
Df=-0.355043 -0.902452
h=0.0417896 0.125731
is completely visible? 0
are areas equal? 48=39.3862?0
+++++4 guards with gradient 0
	======== guard 4.1 4
	was guard reflex vertex? 0
	computed gradient 0 -0 and pull 0 0
	======== guard 4.2 4
	was guard reflex vertex? 0
	computed gradient 0 -0 and pull 0 0
	======== guard 4.3 4
	was guard reflex vertex? 0
	computed gradient 0 -0 and pull 0 0
	======== guard 8 4
	was guard reflex vertex? 0
	computed gradient 0.0733575 -0.219918 and pull 0.0672946 0.0276906
	------- removing guard 8 4
g3=8 4
area3=34.4012
alpha3=0.4
scaling gradient with 0.03125 to 0.00229242 -0.00687243
	>>>> prev guard 8 4 cur guard 8.00557 4.00167
	was guard reflex vertex? 0
	was guard in reflex area? 0
	does guard intersect boundary ray 8 4 8.00557 4.00167?0
	is guard inside polygon? 1
0 other guards have coords 8.00557 4.00167
scaling gradient with 0.0625 to 0.00458484 -0.0137449
	>>>> prev guard 8 4 cur guard 8.01577 4.00411
	was guard reflex vertex? 0
	was guard in reflex area? 0
	does guard intersect boundary ray 8 4 8.01577 4.00411?0
	is guard inside polygon? 1
0 other guards have coords 8.01577 4.00411
scaling gradient with 0.125 to 0.00916969 -0.0274897
	>>>> prev guard 8 4 cur guard 8.03005 4.00609
	was guard reflex vertex? 0
	was guard in reflex area? 0
	does guard intersect boundary ray 8 4 8.03005 4.00609?0
	is guard inside polygon? 1
0 other guards have coords 8.03005 4.00609
scaling gradient with 0.25 to 0.0183394 -0.0549794
	>>>> prev guard 8 4 cur guard 8.04833 4.00548
	was guard reflex vertex? 0
	was guard in reflex area? 0
	does guard intersect boundary ray 8 4 8.04833 4.00548?0
	is guard inside polygon? 1
0 other guards have coords 8.04833 4.00548
scaling gradient with 0.5 to 0.0366788 -0.109959
	>>>> prev guard 8 4 cur guard 8.07126 3.99842
	was guard reflex vertex? 0
	was guard in reflex area? 0
	does guard intersect boundary ray 8 4 8.07126 3.99842?0
	is guard inside polygon? 1
0 other guards have coords 8.07126 3.99842
	 new best guard at 8.07126 3.99842
scaling gradient with 1 to 0.0733575 -0.219918
	>>>> prev guard 8 4 cur guard 8.10087 3.97739
	was guard reflex vertex? 0
	was guard in reflex area? 0
	does guard intersect boundary ray 8 4 8.10087 3.97739?0
	is guard inside polygon? 1
0 other guards have coords 8.10087 3.97739
	 new best guard at 8.10087 3.97739
scaling gradient with 2 to 0.146715 -0.439836
	>>>> prev guard 8 4 cur guard 8.14167 3.9276
	was guard reflex vertex? 0
	was guard in reflex area? 0
	does guard intersect boundary ray 8 4 8.14167 3.9276?0
	is guard inside polygon? 1
0 other guards have coords 8.14167 3.9276
	 new best guard at 8.14167 3.9276
scaling gradient with 4 to 0.29343 -0.879671
	>>>> prev guard 8 4 cur guard 8.20317 3.8196
	was guard reflex vertex? 0
	was guard in reflex area? 0
	does guard intersect boundary ray 8 4 8.20317 3.8196?0
	is guard inside polygon? 1
0 other guards have coords 8.20317 3.8196
	 new best guard at 8.20317 3.8196
scaling gradient with 8 to 0.58686 -1.75934
	>>>> prev guard 8 4 cur guard 8.3047 3.59467
	was guard reflex vertex? 0
	was guard in reflex area? 0
	does guard intersect boundary ray 8 4 8.3047 3.59467?0
	is guard inside polygon? 1
0 other guards have coords 8.3047 3.59467
	 new best guard at 8.3047 3.59467
scaling gradient with 16 to 1.17372 -3.51868
	>>>> prev guard 8 4 cur guard 8.48521 3.13545
	was guard reflex vertex? 0
	was guard in reflex area? 0
	does guard intersect boundary ray 8 4 8.48521 3.13545?0
	is guard inside polygon? 1
0 other guards have coords 8.48521 3.13545
	 new best guard at 8.48521 3.13545
scaling gradient with 32 to 2.34744 -7.03737
	>>>> prev guard 8 4 cur guard 8.82279 2.2073
	was guard reflex vertex? 0
	was guard in reflex area? 0
	does guard intersect boundary ray 8 4 8.82279 2.2073?1
	is guard inside polygon? 0
0 other guards have coords 8.45897 3
	 new best guard at 8.45897 3
Df=0 0
h=0 0
Df=0 0
h=0 0
Df=0 0
h=0 0
Df=0.021842 -0.0436839
h=0.019536 0.00976802
Df=0 0
h=0 0
Df=0.00524173 -0.0262086
h=0.00513994 0.00102799
Df=0 0
h=0 0
Df=0.00225932 -0.0180746
h=0.00224187 0.000280234
Df=0.337585 -0.928152
h=0.0269179 0.0110762
is completely visible? 0
are areas equal? 48=39.3862?0
+++++3 guards with gradient 0
	======== guard 4.1 4
	was guard reflex vertex? 0
	computed gradient 0 -0 and pull 0 0
	======== guard 4.2 4
	was guard reflex vertex? 0
	computed gradient 0 -0 and pull 0 0
	======== guard 4.3 4
	was guard reflex vertex? 0
	computed gradient 0.0537836 -0.230508 and pull 0.0513597 0.0150055
	------- removing guard 4.3 4
g2=4.3 4
area2=33.4049
alpha2=0.4
scaling gradient with 0.03125 to 0.00168074 -0.00720338
	>>>> prev guard 4.3 4 cur guard 4.30424 4.00062
	was guard reflex vertex? 0
	was guard in reflex area? 0
	does guard intersect boundary ray 4.3 4 4.30424 4.00062?0
	is guard inside polygon? 1
0 other guards have coords 4.30424 4.00062
	 new best guard at 4.30424 4.00062
scaling gradient with 0.0625 to 0.00336148 -0.0144068
	>>>> prev guard 4.3 4 cur guard 4.31202 4.00117
	was guard reflex vertex? 0
	was guard in reflex area? 0
	does guard intersect boundary ray 4.3 4 4.31202 4.00117?0
	is guard inside polygon? 1
0 other guards have coords 4.31202 4.00117
	 new best guard at 4.31202 4.00117
scaling gradient with 0.125 to 0.00672295 -0.0288135
	>>>> prev guard 4.3 4 cur guard 4.32288 4.0005
	was guard reflex vertex? 0
	was guard in reflex area? 0
	does guard intersect boundary ray 4.3 4 4.32288 4.0005?0
	is guard inside polygon? 1
0 other guards have coords 4.32288 4.0005
	 new best guard at 4.32288 4.0005
scaling gradient with 0.25 to 0.0134459 -0.057627
	>>>> prev guard 4.3 4 cur guard 4.33676 3.99656
	was guard reflex vertex? 0
	was guard in reflex area? 0
	does guard intersect boundary ray 4.3 4 4.33676 3.99656?0
	is guard inside polygon? 1
0 other guards have coords 4.33676 3.99656
	 new best guard at 4.33676 3.99656
scaling gradient with 0.5 to 0.0268918 -0.115254
	>>>> prev guard 4.3 4 cur guard 4.35412 3.98539
	was guard reflex vertex? 0
	was guard in reflex area? 0
	does guard intersect boundary ray 4.3 4 4.35412 3.98539?0
	is guard inside polygon? 1
0 other guards have coords 4.35412 3.98539
	 new best guard at 4.35412 3.98539
scaling gradient with 1 to 0.0537836 -0.230508
	>>>> prev guard 4.3 4 cur guard 4.37642 3.95921
	was guard reflex vertex? 0
	was guard in reflex area? 0
	does guard intersect boundary ray 4.3 4 4.37642 3.95921?0
	is guard inside polygon? 1
0 other guards have coords 4.37642 3.95921
	 new best guard at 4.37642 3.95921
scaling gradient with 2 to 0.107567 -0.461016
	>>>> prev guard 4.3 4 cur guard 4.40697 3.90258
	was guard reflex vertex? 0
	was guard in reflex area? 0
	does guard intersect boundary ray 4.3 4 4.40697 3.90258?0
	is guard inside polygon? 1
0 other guards have coords 4.40697 3.90258
	 new best guard at 4.40697 3.90258
scaling gradient with 4 to 0.215134 -0.922032
	>>>> prev guard 4.3 4 cur guard 4.45273 3.78472
	was guard reflex vertex? 0
	was guard in reflex area? 0
	does guard intersect boundary ray 4.3 4 4.45273 3.78472?0
	is guard inside polygon? 1
0 other guards have coords 4.45273 3.78472
	 new best guard at 4.45273 3.78472
scaling gradient with 8 to 0.430269 -1.84406
	>>>> prev guard 4.3 4 cur guard 4.52788 3.54411
	was guard reflex vertex? 0
	was guard in reflex area? 0
	does guard intersect boundary ray 4.3 4 4.52788 3.54411?0
	is guard inside polygon? 1
0 other guards have coords 4.52788 3.54411
	 new best guard at 4.52788 3.54411
scaling gradient with 16 to 0.860538 -3.68813
	>>>> prev guard 4.3 4 cur guard 4.66094 3.05777
	was guard reflex vertex? 0
	was guard in reflex area? 0
	does guard intersect boundary ray 4.3 4 4.66094 3.05777?0
	is guard inside polygon? 1
0 other guards have coords 4.66094 3.05777
	 new best guard at 4.66094 3.05777
scaling gradient with 32 to 1.72108 -7.37626
	>>>> prev guard 4.3 4 cur guard 4.90919 2.07979
	was guard reflex vertex? 0
	was guard in reflex area? 0
	does guard intersect boundary ray 4.3 4 4.90919 2.07979?1
	is guard inside polygon? 0
0 other guards have coords 4.61725 3
	 new best guard at 4.61725 3
Df=0 0
h=0 0
Df=0.0143 -0.03861
h=0.0134098 0.0049666
Df=0 0
h=0 0
Df=0.00416626 -0.0237477
h=0.00410358 0.000719927
Df=0 0
h=0 0
Df=0.00193549 -0.0168387
h=0.00192283 0.000221015
Df=0 0
h=0 0
Df=0.00111169 -0.0130068
h=0.00110765 9.46712e-05
Df=0.248246 -0.977973
h=0.0205439 0.00600221
is completely visible? 0
are areas equal? 48=39.3862?0
+++++2 guards with gradient 0
	======== guard 4.1 4
	was guard reflex vertex? 0
	computed gradient 0 -0 and pull 0 0
	======== guard 4.2 4
	was guard reflex vertex? 0
	computed gradient 0.0514159 -0.227302 and pull 0.0492573 0.0138648
	------- removing guard 4.2 4
g1=4.2 4
area1=33.3733
alpha1=0.4
scaling gradient with 0.03125 to 0.00160675 -0.00710318
	>>>> prev guard 4.2 4 cur guard 4.20407 4.00054
	was guard reflex vertex? 0
	was guard in reflex area? 0
	does guard intersect boundary ray 4.2 4 4.20407 4.00054?0
	is guard inside polygon? 1
0 other guards have coords 4.20407 4.00054
	 new best guard at 4.20407 4.00054
scaling gradient with 0.0625 to 0.00321349 -0.0142064
	>>>> prev guard 4.2 4 cur guard 4.21152 4.00095
	was guard reflex vertex? 0
	was guard in reflex area? 0
	does guard intersect boundary ray 4.2 4 4.21152 4.00095?0
	is guard inside polygon? 1
0 other guards have coords 4.21152 4.00095
	 new best guard at 4.21152 4.00095
scaling gradient with 0.125 to 0.00642698 -0.0284127
	>>>> prev guard 4.2 4 cur guard 4.22194 4.00011
	was guard reflex vertex? 0
	was guard in reflex area? 0
	does guard intersect boundary ray 4.2 4 4.22194 4.00011?0
	is guard inside polygon? 1
0 other guards have coords 4.22194 4.00011
	 new best guard at 4.22194 4.00011
scaling gradient with 0.25 to 0.012854 -0.0568254
	>>>> prev guard 4.2 4 cur guard 4.23524 3.996
	was guard reflex vertex? 0
	was guard in reflex area? 0
	does guard intersect boundary ray 4.2 4 4.23524 3.996?0
	is guard inside polygon? 1
0 other guards have coords 4.23524 3.996
	 new best guard at 4.23524 3.996
scaling gradient with 0.5 to 0.0257079 -0.113651
	>>>> prev guard 4.2 4 cur guard 4.25188 3.98473
	was guard reflex vertex? 0
	was guard in reflex area? 0
	does guard intersect boundary ray 4.2 4 4.25188 3.98473?0
	is guard inside polygon? 1
0 other guards have coords 4.25188 3.98473
	 new best guard at 4.25188 3.98473
scaling gradient with 1 to 0.0514159 -0.227302
	>>>> prev guard 4.2 4 cur guard 4.27325 3.95864
	was guard reflex vertex? 0
	was guard in reflex area? 0
	does guard intersect boundary ray 4.2 4 4.27325 3.95864?0
	is guard inside polygon? 1
0 other guards have coords 4.27325 3.95864
	 new best guard at 4.27325 3.95864
scaling gradient with 2 to 0.102832 -0.454603
	>>>> prev guard 4.2 4 cur guard 4.30251 3.90251
	was guard reflex vertex? 0
	was guard in reflex area? 0
	does guard intersect boundary ray 4.2 4 4.30251 3.90251?0
	is guard inside polygon? 1
0 other guards have coords 4.30251 3.90251
	 new best guard at 4.30251 3.90251
scaling gradient with 4 to 0.205663 -0.909207
	>>>> prev guard 4.2 4 cur guard 4.34631 3.78597
	was guard reflex vertex? 0
	was guard in reflex area? 0
	does guard intersect boundary ray 4.2 4 4.34631 3.78597?0
	is guard inside polygon? 1
0 other guards have coords 4.34631 3.78597
	 new best guard at 4.34631 3.78597
scaling gradient with 8 to 0.411327 -1.81841
	>>>> prev guard 4.2 4 cur guard 4.41819 3.54838
	was guard reflex vertex? 0
	was guard in reflex area? 0
	does guard intersect boundary ray 4.2 4 4.41819 3.54838?0
	is guard inside polygon? 1
0 other guards have coords 4.41819 3.54838
	 new best guard at 4.41819 3.54838
scaling gradient with 16 to 0.822654 -3.63683
	>>>> prev guard 4.2 4 cur guard 4.54546 3.06848
	was guard reflex vertex? 0
	was guard in reflex area? 0
	does guard intersect boundary ray 4.2 4 4.54546 3.06848?0
	is guard inside polygon? 1
0 other guards have coords 4.54546 3.06848
	 new best guard at 4.54546 3.06848
scaling gradient with 32 to 1.64531 -7.27365
	>>>> prev guard 4.2 4 cur guard 4.78283 2.10376
	was guard reflex vertex? 0
	was guard in reflex area? 0
	does guard intersect boundary ray 4.2 4 4.78283 2.10376?1
	is guard inside polygon? 0
0 other guards have coords 4.50736 3
	 new best guard at 4.50736 3
Df=0 0
h=0 0
Df=0.0135376 -0.0379052
h=0.0127489 0.00455318
Df=0 0
h=0 0
Df=0.00403988 -0.0234313
h=0.00398114 0.000686403
Df=0 0
h=0 0
Df=0.00189495 -0.0166756
h=0.00188284 0.000213959
Df=0 0
h=0 0
Df=0.00109395 -0.0129086
h=0.00109004 9.23763e-05
Df=0.237376 -0.96471
h=0.0197029 0.00554591
is completely visible? 0
are areas equal? 48=39.3862?0
+++++1 guards with gradient 0
	======== guard 4.1 4
	was guard reflex vertex? 0
	computed gradient 0.089956 -0.343583 and pull 0.0842675 0.0290445
	------- removing guard 4.1 4
g0=4.1 4
area0=33.3433
alpha0=0.4
scaling gradient with 0.03125 to 0.00281113 -0.010737
	>>>> prev guard 4.1 4 cur guard 4.10697 4.00146
	was guard reflex vertex? 0
	was guard in reflex area? 0
	does guard intersect boundary ray 4.1 4 4.10697 4.00146?0
	is guard inside polygon? 1
0 other guards have coords 4.10697 4.00146
	 new best guard at 4.10697 4.00146
scaling gradient with 0.0625 to 0.00562225 -0.0214739
	>>>> prev guard 4.1 4 cur guard 4.11973 4.00324
	was guard reflex vertex? 0
	was guard in reflex area? 0
	does guard intersect boundary ray 4.1 4 4.11973 4.00324?0
	is guard inside polygon? 1
0 other guards have coords 4.11973 4.00324
	 new best guard at 4.11973 4.00324
scaling gradient with 0.125 to 0.0112445 -0.0429478
	>>>> prev guard 4.1 4 cur guard 4.13758 4.00355
	was guard reflex vertex? 0
	was guard in reflex area? 0
	does guard intersect boundary ray 4.1 4 4.13758 4.00355?0
	is guard inside polygon? 1
0 other guards have coords 4.13758 4.00355
	 new best guard at 4.13758 4.00355
scaling gradient with 0.25 to 0.022489 -0.0858957
	>>>> prev guard 4.1 4 cur guard 4.16041 3.99925
	was guard reflex vertex? 0
	was guard in reflex area? 0
	does guard intersect boundary ray 4.1 4 4.16041 3.99925?0
	is guard inside polygon? 1
0 other guards have coords 4.16041 3.99925
	 new best guard at 4.16041 3.99925
scaling gradient with 0.5 to 0.044978 -0.171791
	>>>> prev guard 4.1 4 cur guard 4.189 3.98439
	was guard reflex vertex? 0
	was guard in reflex area? 0
	does guard intersect boundary ray 4.1 4 4.189 3.98439?0
	is guard inside polygon? 1
0 other guards have coords 4.189 3.98439
	 new best guard at 4.189 3.98439
scaling gradient with 1 to 0.089956 -0.343583
	>>>> prev guard 4.1 4 cur guard 4.22582 3.94734
	was guard reflex vertex? 0
	was guard in reflex area? 0
	does guard intersect boundary ray 4.1 4 4.22582 3.94734?0
	is guard inside polygon? 1
0 other guards have coords 4.22582 3.94734
	 new best guard at 4.22582 3.94734
scaling gradient with 2 to 0.179912 -0.687165
	>>>> prev guard 4.1 4 cur guard 4.27641 3.86505
	was guard reflex vertex? 0
	was guard in reflex area? 0
	does guard intersect boundary ray 4.1 4 4.27641 3.86505?0
	is guard inside polygon? 1
0 other guards have coords 4.27641 3.86505
	 new best guard at 4.27641 3.86505
scaling gradient with 4 to 0.359824 -1.37433
	>>>> prev guard 4.1 4 cur guard 4.3524 3.69159
	was guard reflex vertex? 0
	was guard in reflex area? 0
	does guard intersect boundary ray 4.1 4 4.3524 3.69159?0
	is guard inside polygon? 1
0 other guards have coords 4.3524 3.69159
	 new best guard at 4.3524 3.69159
scaling gradient with 8 to 0.719648 -2.74866
	>>>> prev guard 4.1 4 cur guard 4.47751 3.33526
	was guard reflex vertex? 0
	was guard in reflex area? 0
	does guard intersect boundary ray 4.1 4 4.47751 3.33526?0
	is guard inside polygon? 1
0 other guards have coords 4.47751 3.33526
	 new best guard at 4.47751 3.33526
scaling gradient with 16 to 1.4393 -5.49732
	>>>> prev guard 4.1 4 cur guard 4.69949 2.61273
	was guard reflex vertex? 0
	was guard in reflex area? 0
	does guard intersect boundary ray 4.1 4 4.69949 2.61273?1
	is guard inside polygon? 0
0 other guards have coords 4.53214 3
	 new best guard at 4.53214 3
scaling gradient with 32 to 2.87859 -10.9946
	>>>> prev guard 4.1 4 cur guard 4.94674 1.54473
	was guard reflex vertex? 0
	was guard in reflex area? 0
	does guard intersect boundary ray 4.1 4 4.94674 1.54473?1
	is guard inside polygon? 0
0 other guards have coords 4.44487 3
Df=0.0125809 -0.0239037
h=0.0111331 0.00585951
Df=0.0128324 -0.0372139
h=0.0121314 0.00418323
Df=0.00231899 -0.011363
h=0.00227215 0.000463705
Df=0.00391913 -0.0231228
h=0.00386402 0.000654918
Df=0.000914649 -0.00722573
h=0.000907408 0.000114862
Df=0.00185568 -0.0165155
h=0.00184407 0.000207199
Df=0.000484082 -0.0052765
h=0.000482058 4.42255e-05
Df=0.00107662 -0.0128118
h=0.00107284 9.01548e-05
Df=0.221974 -0.722529
h=0.033707 0.0116178
is completely visible? 0
are areas equal? 48=39.3862?0
i=1
area=39.3862
+++++5 guards with gradient 0
	======== guard 4.53214 3
	was guard reflex vertex? 0
	computed gradient 0 -0 and pull 0 0
	======== guard 4.50736 3
	was guard reflex vertex? 0
	computed gradient 0 -0 and pull 0 0
	======== guard 4.61725 3
	was guard reflex vertex? 0
	computed gradient 0 -0 and pull 0 0
	======== guard 8.45897 3
	was guard reflex vertex? 0
	computed gradient -0 -0 and pull -0 0
	======== guard 8.56838 3
	was guard reflex vertex? 0
	computed gradient 0.0998656 -0.139602 and pull 0.0350544 0.0328338
	------- removing guard 8.56838 3
g4=8.56838 3
area4=36.6898
alpha4=0.4
scaling gradient with 0.03125 to 0.0031208 -0.00436257
	>>>> prev guard 8.56838 3 cur guard 8.2874 2.28032
	was guard reflex vertex? 0
	was guard in reflex area? 0
	does guard intersect boundary ray 8.56838 3 8.2874 2.28032?1
	is guard inside polygon? 0
0 other guards have coords 8.2874 3
scaling gradient with 0.0625 to 0.0062416 -0.00872514
	>>>> prev guard 8.56838 3 cur guard 8.06592 2.42618
	was guard reflex vertex? 0
	was guard in reflex area? 0
	does guard intersect boundary ray 8.56838 3 8.06592 2.42618?1
	is guard inside polygon? 0
0 other guards have coords 8.06592 3
scaling gradient with 0.125 to 0.0124832 -0.0174503
	>>>> prev guard 8.56838 3 cur guard 7.89254 2.54218
	was guard reflex vertex? 0
	was guard in reflex area? 0
	does guard intersect boundary ray 8.56838 3 7.89254 2.54218?1
	is guard inside polygon? 0
0 other guards have coords 7.89254 3
scaling gradient with 0.25 to 0.0249664 -0.0349005
	>>>> prev guard 8.56838 3 cur guard 7.75863 2.63358
	was guard reflex vertex? 0
	was guard in reflex area? 0
	does guard intersect boundary ray 8.56838 3 7.75863 2.63358?1
	is guard inside polygon? 0
0 other guards have coords 7.75863 3
scaling gradient with 0.5 to 0.0499328 -0.0698011
	>>>> prev guard 8.56838 3 cur guard 7.65831 2.7039
	was guard reflex vertex? 0
	was guard in reflex area? 0
	does guard intersect boundary ray 8.56838 3 7.65831 2.7039?1
	is guard inside polygon? 0
0 other guards have coords 7.65831 3
scaling gradient with 1 to 0.0998656 -0.139602
	>>>> prev guard 8.56838 3 cur guard 7.58885 2.75458
	was guard reflex vertex? 0
	was guard in reflex area? 0
	does guard intersect boundary ray 8.56838 3 7.58885 2.75458?1
	is guard inside polygon? 0
0 other guards have coords 7.58885 3
scaling gradient with 2 to 0.199731 -0.279204
	>>>> prev guard 8.56838 3 cur guard 7.55206 2.78396
	was guard reflex vertex? 0
	was guard in reflex area? 0
	does guard intersect boundary ray 8.56838 3 7.55206 2.78396?1
	is guard inside polygon? 0
0 other guards have coords 7.55206 3
scaling gradient with 4 to 0.399463 -0.558409
	>>>> prev guard 8.56838 3 cur guard 7.55739 2.78512
	was guard reflex vertex? 0
	was guard in reflex area? 0
	does guard intersect boundary ray 8.56838 3 7.55739 2.78512?1
	is guard inside polygon? 0
0 other guards have coords 7.55739 3
scaling gradient with 8 to 0.798925 -1.11682
	>>>> prev guard 8.56838 3 cur guard 7.62837 2.74138
	was guard reflex vertex? 0
	was guard in reflex area? 0
	does guard intersect boundary ray 8.56838 3 7.62837 2.74138?1
	is guard inside polygon? 0
0 other guards have coords 7.62837 3
scaling gradient with 16 to 1.59785 -2.23363
	>>>> prev guard 8.56838 3 cur guard 7.81579 2.61704
	was guard reflex vertex? 0
	was guard in reflex area? 0
	does guard intersect boundary ray 8.56838 3 7.81579 2.61704?1
	is guard inside polygon? 0
0 other guards have coords 7.81579 3
scaling gradient with 32 to 3.1957 -4.46727
	>>>> prev guard 8.56838 3 cur guard 8.22418 2.33887
	was guard reflex vertex? 0
	was guard in reflex area? 0
	does guard intersect boundary ray 8.56838 3 8.22418 2.33887?1
	is guard inside polygon? 0
0 other guards have coords 8.22418 3
Df=0 0
h=0 0
Df=0 0
h=0 0
Df=0 0
h=0 0
Df=0.0261095 -0.0186895
h=0.00759864 0.0106154
Df=0 0
h=0 0
Df=0.0095088 -0.0210697
h=0.00433352 0.00195573
Df=0 0
h=0 0
Df=0.00432792 -0.0160817
h=0.00208961 0.000562357
Df=-0.355043 -0.902452
h=0.0140218 0.0131335
is completely visible? 0
are areas equal? 48=39.3862?0
+++++4 guards with gradient 0
	======== guard 4.53214 3
	was guard reflex vertex? 0
	computed gradient 0 -0 and pull 0 0
	======== guard 4.50736 3
	was guard reflex vertex? 0
	computed gradient 0 -0 and pull 0 0
	======== guard 4.61725 3
	was guard reflex vertex? 0
	computed gradient 0 -0 and pull 0 0
	======== guard 8.45897 3
	was guard reflex vertex? 0
	computed gradient 0.0973911 -0.141199 and pull 0.035105 0.0312734
	------- removing guard 8.45897 3
g3=8.45897 3
area3=36.6026
alpha3=0.4
scaling gradient with 0.03125 to 0.00304347 -0.00441246
	>>>> prev guard 8.45897 3 cur guard 8.73209 2.25963
	was guard reflex vertex? 0
	was guard in reflex area? 0
	does guard intersect boundary ray 8.45897 3 8.73209 2.25963?1
	is guard inside polygon? 0
0 other guards have coords 8.73209 3
	 new best guard at 8.73209 3
scaling gradient with 0.0625 to 0.00608694 -0.00882493
	>>>> prev guard 8.45897 3 cur guard 8.95388 2.4095
	was guard reflex vertex? 0
	was guard in reflex area? 0
	does guard intersect boundary ray 8.45897 3 8.95388 2.4095?1
	is guard inside polygon? 0
0 other guards have coords 8.95388 3
	 new best guard at 8.95388 3
scaling gradient with 0.125 to 0.0121739 -0.0176499
	>>>> prev guard 8.45897 3 cur guard 9.13509 2.52869
	was guard reflex vertex? 0
	was guard in reflex area? 0
	does guard intersect boundary ray 8.45897 3 9.13509 2.52869?1
	is guard inside polygon? 0
0 other guards have coords 9.13509 3
	 new best guard at 9.13509 3
scaling gradient with 0.25 to 0.0243478 -0.0352997
	>>>> prev guard 8.45897 3 cur guard 9.28482 2.62263
	was guard reflex vertex? 0
	was guard in reflex area? 0
	does guard intersect boundary ray 8.45897 3 9.28482 2.62263?1
	is guard inside polygon? 0
0 other guards have coords 9.28482 3
	 new best guard at 9.28482 3
scaling gradient with 0.5 to 0.0486955 -0.0705994
	>>>> prev guard 8.45897 3 cur guard 9.41131 2.69496
	was guard reflex vertex? 0
	was guard in reflex area? 0
	does guard intersect boundary ray 8.45897 3 9.41131 2.69496?1
	is guard inside polygon? 0
0 other guards have coords 9.41131 3
	 new best guard at 9.41131 3
scaling gradient with 1 to 0.0973911 -0.141199
	>>>> prev guard 8.45897 3 cur guard 9.5231 2.74717
	was guard reflex vertex? 0
	was guard in reflex area? 0
	does guard intersect boundary ray 8.45897 3 9.5231 2.74717?1
	is guard inside polygon? 0
0 other guards have coords 9.5231 3
	 new best guard at 9.5231 3
scaling gradient with 2 to 0.194782 -0.282398
	>>>> prev guard 8.45897 3 cur guard 9.63092 2.77765
	was guard reflex vertex? 0
	was guard in reflex area? 0
	does guard intersect boundary ray 8.45897 3 9.63092 2.77765?1
	is guard inside polygon? 0
0 other guards have coords 9.63092 3
	 new best guard at 9.63092 3
scaling gradient with 4 to 0.389564 -0.564795
	>>>> prev guard 8.45897 3 cur guard 9.75115 2.77944
	was guard reflex vertex? 0
	was guard in reflex area? 0
	does guard intersect boundary ray 8.45897 3 9.75115 2.77944?1
	is guard inside polygon? 0
0 other guards have coords 9.75115 3
	 new best guard at 9.75115 3
scaling gradient with 8 to 0.779129 -1.12959
	>>>> prev guard 8.45897 3 cur guard 9.91248 2.73568
	was guard reflex vertex? 0
	was guard in reflex area? 0
	does guard intersect boundary ray 8.45897 3 9.91248 2.73568?1
	is guard inside polygon? 0
0 other guards have coords 9.91248 3
	 new best guard at 9.91248 3
scaling gradient with 16 to 1.55826 -2.25918
	>>>> prev guard 8.45897 3 cur guard 10.169 2.61031
	was guard reflex vertex? 0
	was guard in reflex area? 0
	does guard intersect boundary ray 8.45897 3 10.169 2.61031?1
	is guard inside polygon? 0
0 other guards have coords 10.169 3
	 new best guard at 10.169 3
scaling gradient with 32 to 3.11651 -4.51836
	>>>> prev guard 8.45897 3 cur guard 10.6264 2.32928
	was guard reflex vertex? 0
	was guard in reflex area? 0
	does guard intersect boundary ray 8.45897 3 10.6264 2.32928?1
	is guard inside polygon? 0
0 other guards have coords 10.6264 3
	 new best guard at 10.6264 3
Df=0 0
h=0 0
Df=0 0
h=0 0
Df=0 0
h=0 0
Df=0.0255397 -0.0196788
h=0.00779409 0.0101154
Df=0 0
h=0 0
Df=0.00919141 -0.0208692
h=0.00420585 0.00185238
Df=0 0
h=0 0
Df=0.0042253 -0.0159315
h=0.00204205 0.000541584
Df=0.457352 -0.670716
h=0.014042 0.0125094
is completely visible? 0
are areas equal? 48=42.073?0
+++++3 guards with gradient 0
	======== guard 4.53214 3
	was guard reflex vertex? 0
	computed gradient 0 -0 and pull 0 0
	======== guard 4.50736 3
	was guard reflex vertex? 0
	computed gradient 0 -0 and pull 0 0
	======== guard 4.61725 3
	was guard reflex vertex? 0
	computed gradient 0.080595 -0.173033 and pull 0.0338927 0.0202154
	------- removing guard 4.61725 3
g2=4.61725 3
area2=34.8545
alpha2=0.4
scaling gradient with 0.03125 to 0.00251859 -0.00540727
	>>>> prev guard 4.61725 3 cur guard 4.81876 2.21881
	was guard reflex vertex? 0
	was guard in reflex area? 0
	does guard intersect boundary ray 4.61725 3 4.81876 2.21881?1
	is guard inside polygon? 0
0 other guards have coords 4.81876 3
	 new best guard at 4.81876 3
scaling gradient with 0.0625 to 0.00503719 -0.0108145
	>>>> prev guard 4.61725 3 cur guard 4.98308 2.3758
	was guard reflex vertex? 0
	was guard in reflex area? 0
	does guard intersect boundary ray 4.61725 3 4.98308 2.3758?1
	is guard inside polygon? 0
0 other guards have coords 4.98308 3
	 new best guard at 4.98308 3
scaling gradient with 0.125 to 0.0100744 -0.0216291
	>>>> prev guard 4.61725 3 cur guard 5.11806 2.50052
	was guard reflex vertex? 0
	was guard in reflex area? 0
	does guard intersect boundary ray 4.61725 3 5.11806 2.50052?1
	is guard inside polygon? 0
0 other guards have coords 5.11806 3
	 new best guard at 5.11806 3
scaling gradient with 0.25 to 0.0201488 -0.0432582
	>>>> prev guard 4.61725 3 cur guard 5.23036 2.59858
	was guard reflex vertex? 0
	was guard in reflex area? 0
	does guard intersect boundary ray 4.61725 3 5.23036 2.59858?1
	is guard inside polygon? 0
0 other guards have coords 5.23036 3
	 new best guard at 5.23036 3
scaling gradient with 0.5 to 0.0402975 -0.0865164
	>>>> prev guard 4.61725 3 cur guard 5.32614 2.67356
	was guard reflex vertex? 0
	was guard in reflex area? 0
	does guard intersect boundary ray 4.61725 3 5.32614 2.67356?1
	is guard inside polygon? 0
0 other guards have coords 5.32614 3
	 new best guard at 5.32614 3
scaling gradient with 1 to 0.080595 -0.173033
	>>>> prev guard 4.61725 3 cur guard 5.41192 2.72662
	was guard reflex vertex? 0
	was guard in reflex area? 0
	does guard intersect boundary ray 4.61725 3 5.41192 2.72662?1
	is guard inside polygon? 0
0 other guards have coords 5.41192 3
	 new best guard at 5.41192 3
scaling gradient with 2 to 0.16119 -0.346066
	>>>> prev guard 4.61725 3 cur guard 5.49615 2.75523
	was guard reflex vertex? 0
	was guard in reflex area? 0
	does guard intersect boundary ray 4.61725 3 5.49615 2.75523?1
	is guard inside polygon? 0
0 other guards have coords 5.49615 3
	 new best guard at 5.49615 3
scaling gradient with 4 to 0.32238 -0.692131
	>>>> prev guard 4.61725 3 cur guard 5.59204 2.75043
	was guard reflex vertex? 0
	was guard in reflex area? 0
	does guard intersect boundary ray 4.61725 3 5.59204 2.75043?1
	is guard inside polygon? 0
0 other guards have coords 5.59204 3
	 new best guard at 5.59204 3
scaling gradient with 8 to 0.64476 -1.38426
	>>>> prev guard 4.61725 3 cur guard 5.72304 2.69122
	was guard reflex vertex? 0
	was guard in reflex area? 0
	does guard intersect boundary ray 4.61725 3 5.72304 2.69122?1
	is guard inside polygon? 0
0 other guards have coords 5.72304 3
	 new best guard at 5.72304 3
scaling gradient with 16 to 1.28952 -2.76852
	>>>> prev guard 4.61725 3 cur guard 5.93372 2.53311
	was guard reflex vertex? 0
	was guard in reflex area? 0
	does guard intersect boundary ray 4.61725 3 5.93372 2.53311?1
	is guard inside polygon? 0
0 other guards have coords 5.93372 3
	 new best guard at 5.93372 3
scaling gradient with 32 to 2.57904 -5.53705
	>>>> prev guard 4.61725 3 cur guard 6.31129 2.18514
	was guard reflex vertex? 0
	was guard in reflex area? 0
	does guard intersect boundary ray 4.61725 3 6.31129 2.18514?1
	is guard inside polygon? 0
0 other guards have coords 6.31129 3
	 new best guard at 6.31129 3
Df=0 0
h=0 0
Df=0.0194217 -0.0231385
h=0.00743796 0.00624318
Df=0 0
h=0 0
Df=0.00718432 -0.0193357
h=0.00336724 0.00125112
Df=0 0
h=0 0
Df=0.00354328 -0.0148512
h=0.00172327 0.000411147
Df=0 0
h=0 0
Df=0.00208871 -0.0118877
h=0.0010286 0.00018073
Df=0.377574 -0.814858
h=0.0135571 0.00808617
is completely visible? 0
are areas equal? 48=42.073?0
+++++2 guards with gradient 0
	======== guard 4.53214 3
	was guard reflex vertex? 0
	computed gradient 0.0784597 -0.172445 and pull 0.0332924 0.0192699
	------- removing guard 4.53214 3
g0=4.53214 3
area0=34.7983
alpha0=0.4
scaling gradient with 0.03125 to 0.00245187 -0.00538892
	>>>> prev guard 4.53214 3 cur guard 4.71257 2.42309
	was guard reflex vertex? 0
	was guard in reflex area? 0
	does guard intersect boundary ray 4.53214 3 4.71257 2.42309?1
	is guard inside polygon? 0
0 other guards have coords 4.71257 3
	 new best guard at 4.71257 3
scaling gradient with 0.0625 to 0.00490373 -0.0107778
	>>>> prev guard 4.53214 3 cur guard 4.85998 2.53915
	was guard reflex vertex? 0
	was guard in reflex area? 0
	does guard intersect boundary ray 4.53214 3 4.85998 2.53915?1
	is guard inside polygon? 0
0 other guards have coords 4.85998 3
	 new best guard at 4.85998 3
scaling gradient with 0.125 to 0.00980746 -0.0215557
	>>>> prev guard 4.53214 3 cur guard 4.98135 2.63114
	was guard reflex vertex? 0
	was guard in reflex area? 0
	does guard intersect boundary ray 4.53214 3 4.98135 2.63114?1
	is guard inside polygon? 0
0 other guards have coords 4.98135 3
	 new best guard at 4.98135 3
scaling gradient with 0.25 to 0.0196149 -0.0431114
	>>>> prev guard 4.53214 3 cur guard 5.08268 2.703
	was guard reflex vertex? 0
	was guard in reflex area? 0
	does guard intersect boundary ray 4.53214 3 5.08268 2.703?1
	is guard inside polygon? 0
0 other guards have coords 5.08268 3
	 new best guard at 5.08268 3
scaling gradient with 0.5 to 0.0392299 -0.0862227
	>>>> prev guard 4.53214 3 cur guard 5.16955 2.75705
	was guard reflex vertex? 0
	was guard in reflex area? 0
	does guard intersect boundary ray 4.53214 3 5.16955 2.75705?1
	is guard inside polygon? 0
0 other guards have coords 5.16955 3
	 new best guard at 5.16955 3
scaling gradient with 1 to 0.0784597 -0.172445
	>>>> prev guard 4.53214 3 cur guard 5.24798 2.79338
	was guard reflex vertex? 0
	was guard in reflex area? 0
	does guard intersect boundary ray 4.53214 3 5.24798 2.79338?1
	is guard inside polygon? 0
0 other guards have coords 5.24798 3
	 new best guard at 5.24798 3
scaling gradient with 2 to 0.156919 -0.344891
	>>>> prev guard 4.53214 3 cur guard 5.32595 2.80866
	was guard reflex vertex? 0
	was guard in reflex area? 0
	does guard intersect boundary ray 4.53214 3 5.32595 2.80866?1
	is guard inside polygon? 0
0 other guards have coords 5.32595 3
	 new best guard at 5.32595 3
scaling gradient with 4 to 0.313839 -0.689782
	>>>> prev guard 4.53214 3 cur guard 5.41609 2.79328
	was guard reflex vertex? 0
	was guard in reflex area? 0
	does guard intersect boundary ray 4.53214 3 5.41609 2.79328?1
	is guard inside polygon? 0
0 other guards have coords 5.41609 3
	 new best guard at 5.41609 3
scaling gradient with 8 to 0.627678 -1.37956
	>>>> prev guard 4.53214 3 cur guard 5.54108 2.7258
	was guard reflex vertex? 0
	was guard in reflex area? 0
	does guard intersect boundary ray 4.53214 3 5.54108 2.7258?1
	is guard inside polygon? 0
0 other guards have coords 5.54108 3
	 new best guard at 5.54108 3
scaling gradient with 16 to 1.25536 -2.75913
	>>>> prev guard 4.53214 3 cur guard 5.74417 2.56145
	was guard reflex vertex? 0
	was guard in reflex area? 0
	does guard intersect boundary ray 4.53214 3 5.74417 2.56145?1
	is guard inside polygon? 0
0 other guards have coords 5.74417 3
	 new best guard at 5.74417 3
scaling gradient with 32 to 2.51071 -5.51826
	>>>> prev guard 4.53214 3 cur guard 6.11015 2.20924
	was guard reflex vertex? 0
	was guard in reflex area? 0
	does guard intersect boundary ray 4.53214 3 6.11015 2.20924?1
	is guard inside polygon? 0
0 other guards have coords 6.11015 3
	 new best guard at 6.11015 3
Df=0 0
h=0 0
Df=0.0188217 -0.0232247
h=0.00731135 0.00592525
Df=0 0
h=0 0
Df=0.00701726 -0.0191847
h=0.00329512 0.00120527
Df=0 0
h=0 0
Df=0.00348353 -0.014749
h=0.00169513 0.000400367
Df=0 0
h=0 0
Df=0.00206136 -0.0118197
h=0.00101535 0.000177078
Df=0.365988 -0.790755
h=0.013317 0.00770796
is completely visible? 0
are areas equal? 48=42.073?0
+++++1 guards with gradient 0
	======== guard 4.50736 3
	was guard reflex vertex? 0
	computed gradient 0.143767 -0.265347 and pull 0.0560958 0.0409597
	------- removing guard 4.50736 3
g1=4.50736 3
area1=34.7824
alpha1=0.4
scaling gradient with 0.03125 to 0.00449271 -0.00829208
	>>>> prev guard 4.50736 3 cur guard 4.70211 2.23085
	was guard reflex vertex? 0
	was guard in reflex area? 0
	does guard intersect boundary ray 4.50736 3 4.70211 2.23085?1
	is guard inside polygon? 0
0 other guards have coords 4.70211 3
	 new best guard at 4.70211 3
scaling gradient with 0.0625 to 0.00898542 -0.0165842
	>>>> prev guard 4.50736 3 cur guard 4.86312 2.38663
	was guard reflex vertex? 0
	was guard in reflex area? 0
	does guard intersect boundary ray 4.50736 3 4.86312 2.38663?1
	is guard inside polygon? 0
0 other guards have coords 4.86312 3
	 new best guard at 4.86312 3
scaling gradient with 0.125 to 0.0179708 -0.0331683
	>>>> prev guard 4.50736 3 cur guard 4.99784 2.50992
	was guard reflex vertex? 0
	was guard in reflex area? 0
	does guard intersect boundary ray 4.50736 3 4.99784 2.50992?1
	is guard inside polygon? 0
0 other guards have coords 4.99784 3
	 new best guard at 4.99784 3
scaling gradient with 0.25 to 0.0359417 -0.0663366
	>>>> prev guard 4.50736 3 cur guard 5.11299 2.60591
	was guard reflex vertex? 0
	was guard in reflex area? 0
	does guard intersect boundary ray 4.50736 3 5.11299 2.60591?1
	is guard inside polygon? 0
0 other guards have coords 5.11299 3
	 new best guard at 5.11299 3
scaling gradient with 0.5 to 0.0718833 -0.132673
	>>>> prev guard 4.50736 3 cur guard 5.21535 2.67739
	was guard reflex vertex? 0
	was guard in reflex area? 0
	does guard intersect boundary ray 4.50736 3 5.21535 2.67739?1
	is guard inside polygon? 0
0 other guards have coords 5.21535 3
	 new best guard at 5.21535 3
scaling gradient with 1 to 0.143767 -0.265347
	>>>> prev guard 4.50736 3 cur guard 5.31322 2.72396
	was guard reflex vertex? 0
	was guard in reflex area? 0
	does guard intersect boundary ray 4.50736 3 5.31322 2.72396?1
	is guard inside polygon? 0
0 other guards have coords 5.31322 3
	 new best guard at 5.31322 3
scaling gradient with 2 to 0.287533 -0.530693
	>>>> prev guard 4.50736 3 cur guard 5.41901 2.73999
	was guard reflex vertex? 0
	was guard in reflex area? 0
	does guard intersect boundary ray 4.50736 3 5.41901 2.73999?1
	is guard inside polygon? 0
0 other guards have coords 5.41901 3
	 new best guard at 5.41901 3
scaling gradient with 4 to 0.575067 -1.06139
	>>>> prev guard 4.50736 3 cur guard 5.55413 2.71036
	was guard reflex vertex? 0
	was guard in reflex area? 0
	does guard intersect boundary ray 4.50736 3 5.55413 2.71036?1
	is guard inside polygon? 0
0 other guards have coords 5.55413 3
	 new best guard at 5.55413 3
scaling gradient with 8 to 1.15013 -2.12277
	>>>> prev guard 4.50736 3 cur guard 5.75873 2.60174
	was guard reflex vertex? 0
	was guard in reflex area? 0
	does guard intersect boundary ray 4.50736 3 5.75873 2.60174?1
	is guard inside polygon? 0
0 other guards have coords 5.75873 3
	 new best guard at 5.75873 3
scaling gradient with 16 to 2.30027 -4.24555
	>>>> prev guard 4.50736 3 cur guard 6.11092 2.34503
	was guard reflex vertex? 0
	was guard in reflex area? 0
	does guard intersect boundary ray 4.50736 3 6.11092 2.34503?1
	is guard inside polygon? 0
0 other guards have coords 6.11092 3
	 new best guard at 6.11092 3
scaling gradient with 32 to 4.60053 -8.49109
	>>>> prev guard 4.50736 3 cur guard 6.7652 1.80001
	was guard reflex vertex? 0
	was guard in reflex area? 0
	does guard intersect boundary ray 4.50736 3 6.7652 1.80001?1
	is guard inside polygon? 0
0 other guards have coords 6.7652 3
	 new best guard at 6.7652 3
Df=0.018625 -0.0139002
h=0.0055699 0.00746317
Df=0.0186502 -0.0232441
h=0.00727329 0.00583582
Df=0.00479643 -0.0107743
h=0.00219092 0.00097534
Df=0.00696969 -0.019141
h=0.00327452 0.00119233
Df=0.00192878 -0.00722581
h=0.000931765 0.000248715
Df=0.00346642 -0.0147195
h=0.00168706 0.000397299
Df=0.00101666 -0.0053337
h=0.000499338 9.51788e-05
Df=0.0020535 -0.0118001
h=0.00101155 0.000176034
Df=0.65428 -1.19999
h=0.0224383 0.0163839
is completely visible? 0
are areas equal? 48=42.073?0
i=2
area=42.073
+++++5 guards with gradient 0
	======== guard 6.11015 3
	was guard reflex vertex? 0
	computed gradient -0 -0 and pull -0 0
	======== guard 6.7652 3
	was guard reflex vertex? 0
	computed gradient 0.927197 -0.108855 and pull 0.054056 0.460436
	------- removing guard 6.7652 3
g1=6.7652 3
area1=37.2374
alpha1=0.4
scaling gradient with 0.03125 to 0.0289749 -0.0034017
	>>>> prev guard 6.7652 3 cur guard 7.29526 2.07657
	was guard reflex vertex? 0
	was guard in reflex area? 0
	does guard intersect boundary ray 6.7652 3 7.29526 2.07657?1
	is guard inside polygon? 0
0 other guards have coords 7.29526 3
scaling gradient with 0.0625 to 0.0579498 -0.00680341
	>>>> prev guard 6.7652 3 cur guard 7.72828 2.29755
	was guard reflex vertex? 0
	was guard in reflex area? 0
	does guard intersect boundary ray 6.7652 3 7.72828 2.29755?1
	is guard inside polygon? 0
0 other guards have coords 7.72828 3
scaling gradient with 0.125 to 0.1159 -0.0136068
	>>>> prev guard 6.7652 3 cur guard 8.08828 2.47378
	was guard reflex vertex? 0
	was guard in reflex area? 0
	does guard intersect boundary ray 6.7652 3 8.08828 2.47378?1
	is guard inside polygon? 0
0 other guards have coords 8.08828 3
scaling gradient with 0.25 to 0.231799 -0.0272136
	>>>> prev guard 6.7652 3 cur guard 8.39916 2.61369
	was guard reflex vertex? 0
	was guard in reflex area? 0
	does guard intersect boundary ray 6.7652 3 8.39916 2.61369?1
	is guard inside polygon? 0
0 other guards have coords 8.39916 3
scaling gradient with 0.5 to 0.463599 -0.0544273
	>>>> prev guard 6.7652 3 cur guard 8.68927 2.72343
	was guard reflex vertex? 0
	was guard in reflex area? 0
	does guard intersect boundary ray 6.7652 3 8.68927 2.72343?1
	is guard inside polygon? 0
0 other guards have coords 8.68927 3
scaling gradient with 1 to 0.927197 -0.108855
	>>>> prev guard 6.7652 3 cur guard 8.99986 2.80687
	was guard reflex vertex? 0
	was guard in reflex area? 0
	does guard intersect boundary ray 6.7652 3 8.99986 2.80687?1
	is guard inside polygon? 0
0 other guards have coords 8.99986 3
scaling gradient with 2 to 1.85439 -0.217709
	>>>> prev guard 6.7652 3 cur guard 9.40101 2.86491
	was guard reflex vertex? 0
	was guard in reflex area? 0
	does guard intersect boundary ray 6.7652 3 9.40101 2.86491?1
	is guard inside polygon? 0
0 other guards have coords 9.40101 3
	 new best guard at 9.40101 3
scaling gradient with 4 to 3.70879 -0.435418
	>>>> prev guard 6.7652 3 cur guard 10.023 2.89393
	was guard reflex vertex? 0
	was guard in reflex area? 0
	does guard intersect boundary ray 6.7652 3 10.023 2.89393?1
	is guard inside polygon? 0
0 other guards have coords 10.023 3
scaling gradient with 8 to 7.41758 -0.870836
	>>>> prev guard 6.7652 3 cur guard 11.1182 2.88231
	was guard reflex vertex? 0
	was guard in reflex area? 0
	does guard intersect boundary ray 6.7652 3 11.1182 2.88231?1
	is guard inside polygon? 0
0 other guards have coords 11.1182 3
	 new best guard at 11.1182 3
scaling gradient with 16 to 14.8352 -1.74167
	>>>> prev guard 6.7652 3 cur guard 13.1856 2.80335
	was guard reflex vertex? 0
	was guard in reflex area? 0
	does guard intersect boundary ray 6.7652 3 13.1856 2.80335?1
	is guard inside polygon? 0
0 other guards have coords 13.1856 3
	 new best guard at 13.1856 3
scaling gradient with 32 to 29.6703 -3.48334
	>>>> prev guard 6.7652 3 cur guard 17.2175 2.60085
	was guard reflex vertex? 0
	was guard in reflex area? 0
	does guard intersect boundary ray 6.7652 3 17.2175 2.60085?1
	is guard inside polygon? 0
0 other guards have coords 17.2175 3
	 new best guard at 17.2175 3
Df=0 0
h=0 0
Df=0.370879 -0.0435418
h=0.0216224 0.184175
Df=0 0
h=0 0
Df=0 0
h=0 0
Df=0 0
h=0 0
Df=0 0
h=0 0
Df=0 0
h=0 0
Df=0 0
h=0 0
Df=4.03184 -0.399151
h=0.0216224 0.184175
is completely visible? 0
are areas equal? 48=45.9927?0
+++++4 guards with gradient 0
	======== guard 6.11015 3
	was guard reflex vertex? 0
	computed gradient -0 -0 and pull -0 0
	======== guard 6.31129 3
	was guard reflex vertex? 0
	computed gradient -0 -0 and pull -0 0
	======== guard 10.6264 3
	was guard reflex vertex? 0
	computed gradient 0.0667233 -0.106198 and pull 0.0270654 0.0188358
	------- removing guard 10.6264 3
g3=10.6264 3
area3=36.7344
alpha3=0.4
scaling gradient with 0.03125 to 0.0020851 -0.00331869
	>>>> prev guard 10.6264 3 cur guard 10.9946 2.46467
	was guard reflex vertex? 0
	was guard in reflex area? 0
	does guard intersect boundary ray 10.6264 3 10.9946 2.46467?1
	is guard inside polygon? 0
0 other guards have coords 10.9946 3
	 new best guard at 10.9946 3
scaling gradient with 0.0625 to 0.00417021 -0.00663739
	>>>> prev guard 10.6264 3 cur guard 11.2916 2.57271
	was guard reflex vertex? 0
	was guard in reflex area? 0
	does guard intersect boundary ray 10.6264 3 11.2916 2.57271?1
	is guard inside polygon? 0
0 other guards have coords 11.2916 3
	 new best guard at 11.2916 3
scaling gradient with 0.125 to 0.00834042 -0.0132748
	>>>> prev guard 10.6264 3 cur guard 11.5321 2.65861
	was guard reflex vertex? 0
	was guard in reflex area? 0
	does guard intersect boundary ray 10.6264 3 11.5321 2.65861?1
	is guard inside polygon? 0
0 other guards have coords 11.5321 3
	 new best guard at 11.5321 3
scaling gradient with 0.25 to 0.0166808 -0.0265496
	>>>> prev guard 10.6264 3 cur guard 11.728 2.72627
	was guard reflex vertex? 0
	was guard in reflex area? 0
	does guard intersect boundary ray 10.6264 3 11.728 2.72627?1
	is guard inside polygon? 0
0 other guards have coords 11.728 3
	 new best guard at 11.728 3
scaling gradient with 0.5 to 0.0333617 -0.0530991
	>>>> prev guard 10.6264 3 cur guard 11.8896 2.77828
	was guard reflex vertex? 0
	was guard in reflex area? 0
	does guard intersect boundary ray 10.6264 3 11.8896 2.77828?1
	is guard inside polygon? 0
0 other guards have coords 11.8896 3
	 new best guard at 11.8896 3
scaling gradient with 1 to 0.0667233 -0.106198
	>>>> prev guard 10.6264 3 cur guard 12.0263 2.81563
	was guard reflex vertex? 0
	was guard in reflex area? 0
	does guard intersect boundary ray 10.6264 3 12.0263 2.81563?1
	is guard inside polygon? 0
0 other guards have coords 12.0263 3
	 new best guard at 12.0263 3
scaling gradient with 2 to 0.133447 -0.212396
	>>>> prev guard 10.6264 3 cur guard 12.1485 2.83702
	was guard reflex vertex? 0
	was guard in reflex area? 0
	does guard intersect boundary ray 10.6264 3 12.1485 2.83702?1
	is guard inside polygon? 0
0 other guards have coords 12.1485 3
	 new best guard at 12.1485 3
scaling gradient with 4 to 0.266893 -0.424793
	>>>> prev guard 10.6264 3 cur guard 12.2698 2.83714
	was guard reflex vertex? 0
	was guard in reflex area? 0
	does guard intersect boundary ray 10.6264 3 12.2698 2.83714?1
	is guard inside polygon? 0
0 other guards have coords 12.2698 3
	 new best guard at 12.2698 3
scaling gradient with 8 to 0.533787 -0.849586
	>>>> prev guard 10.6264 3 cur guard 12.4118 2.80325
	was guard reflex vertex? 0
	was guard in reflex area? 0
	does guard intersect boundary ray 10.6264 3 12.4118 2.80325?1
	is guard inside polygon? 0
0 other guards have coords 12.4118 3
	 new best guard at 12.4118 3
scaling gradient with 16 to 1.06757 -1.69917
	>>>> prev guard 10.6264 3 cur guard 12.6129 2.70818
	was guard reflex vertex? 0
	was guard in reflex area? 0
	does guard intersect boundary ray 10.6264 3 12.6129 2.70818?1
	is guard inside polygon? 0
0 other guards have coords 12.6129 3
scaling gradient with 32 to 2.13515 -3.39834
	>>>> prev guard 10.6264 3 cur guard 12.9467 2.49618
	was guard reflex vertex? 0
	was guard in reflex area? 0
	does guard intersect boundary ray 10.6264 3 12.9467 2.49618?1
	is guard inside polygon? 0
0 other guards have coords 12.9467 3
Df=0 0
h=0 0
Df=0 0
h=0 0
Df=0 0
h=0 0
Df=0 0
h=0 0
Df=0 0
h=0 0
Df=0.0194868 -0.0231274
h=0.00745107 0.00627817
Df=0 0
h=0 0
Df=0.00720253 -0.0193519
h=0.00337508 0.00125616
Df=0.141911 -0.196747
h=0.0108262 0.00753433
is completely visible? 0
are areas equal? 48=47.7219?0
+++++3 guards with gradient 0
	======== guard 6.11015 3
	was guard reflex vertex? 0
	computed gradient -0 -0 and pull -0 0
	======== guard 6.31129 3
	was guard reflex vertex? 0
	computed gradient -0 -0 and pull -0 0
	======== guard 8.56838 3
	was guard reflex vertex? 0
	computed gradient 0.0998656 -0.139602 and pull 0.0350544 0.0328338
	------- removing guard 8.56838 3
g4=8.56838 3
area4=36.6898
alpha4=0.4
scaling gradient with 0.03125 to 0.0031208 -0.00436257
	>>>> prev guard 8.56838 3 cur guard 8.2874 2.28032
	was guard reflex vertex? 0
	was guard in reflex area? 0
	does guard intersect boundary ray 8.56838 3 8.2874 2.28032?1
	is guard inside polygon? 0
0 other guards have coords 8.2874 3
scaling gradient with 0.0625 to 0.0062416 -0.00872514
	>>>> prev guard 8.56838 3 cur guard 8.06592 2.42618
	was guard reflex vertex? 0
	was guard in reflex area? 0
	does guard intersect boundary ray 8.56838 3 8.06592 2.42618?1
	is guard inside polygon? 0
0 other guards have coords 8.06592 3
scaling gradient with 0.125 to 0.0124832 -0.0174503
	>>>> prev guard 8.56838 3 cur guard 7.89254 2.54218
	was guard reflex vertex? 0
	was guard in reflex area? 0
	does guard intersect boundary ray 8.56838 3 7.89254 2.54218?1
	is guard inside polygon? 0
0 other guards have coords 7.89254 3
scaling gradient with 0.25 to 0.0249664 -0.0349005
	>>>> prev guard 8.56838 3 cur guard 7.75863 2.63358
	was guard reflex vertex? 0
	was guard in reflex area? 0
	does guard intersect boundary ray 8.56838 3 7.75863 2.63358?1
	is guard inside polygon? 0
0 other guards have coords 7.75863 3
scaling gradient with 0.5 to 0.0499328 -0.0698011
	>>>> prev guard 8.56838 3 cur guard 7.65831 2.7039
	was guard reflex vertex? 0
	was guard in reflex area? 0
	does guard intersect boundary ray 8.56838 3 7.65831 2.7039?1
	is guard inside polygon? 0
0 other guards have coords 7.65831 3
scaling gradient with 1 to 0.0998656 -0.139602
	>>>> prev guard 8.56838 3 cur guard 7.58885 2.75458
	was guard reflex vertex? 0
	was guard in reflex area? 0
	does guard intersect boundary ray 8.56838 3 7.58885 2.75458?1
	is guard inside polygon? 0
0 other guards have coords 7.58885 3
scaling gradient with 2 to 0.199731 -0.279204
	>>>> prev guard 8.56838 3 cur guard 7.55206 2.78396
	was guard reflex vertex? 0
	was guard in reflex area? 0
	does guard intersect boundary ray 8.56838 3 7.55206 2.78396?1
	is guard inside polygon? 0
0 other guards have coords 7.55206 3
scaling gradient with 4 to 0.399463 -0.558409
	>>>> prev guard 8.56838 3 cur guard 7.55739 2.78512
	was guard reflex vertex? 0
	was guard in reflex area? 0
	does guard intersect boundary ray 8.56838 3 7.55739 2.78512?1
	is guard inside polygon? 0
0 other guards have coords 7.55739 3
scaling gradient with 8 to 0.798925 -1.11682
	>>>> prev guard 8.56838 3 cur guard 7.62837 2.74138
	was guard reflex vertex? 0
	was guard in reflex area? 0
	does guard intersect boundary ray 8.56838 3 7.62837 2.74138?1
	is guard inside polygon? 0
0 other guards have coords 7.62837 3
scaling gradient with 16 to 1.59785 -2.23363
	>>>> prev guard 8.56838 3 cur guard 7.81579 2.61704
	was guard reflex vertex? 0
	was guard in reflex area? 0
	does guard intersect boundary ray 8.56838 3 7.81579 2.61704?1
	is guard inside polygon? 0
0 other guards have coords 7.81579 3
scaling gradient with 32 to 3.1957 -4.46727
	>>>> prev guard 8.56838 3 cur guard 8.22418 2.33887
	was guard reflex vertex? 0
	was guard in reflex area? 0
	does guard intersect boundary ray 8.56838 3 8.22418 2.33887?1
	is guard inside polygon? 0
0 other guards have coords 8.22418 3
Df=0 0
h=0 0
Df=0 0
h=0 0
Df=0 0
h=0 0
Df=0.0261095 -0.0186895
h=0.00759864 0.0106154
Df=0 0
h=0 0
Df=0.0095088 -0.0210697
h=0.00433352 0.00195573
Df=0 0
h=0 0
Df=0.00432792 -0.0160817
h=0.00208961 0.000562357
Df=-0.355043 -0.902452
h=0.0140218 0.0131335
is completely visible? 0
are areas equal? 48=47.7219?0
+++++2 guards with gradient 0
	======== guard 6.11015 3
	was guard reflex vertex? 0
	computed gradient -0 -0 and pull -0 0
	======== guard 6.31129 3
	was guard reflex vertex? 0
	computed gradient 0.0919324 -0.146755 and pull 0.0296738 0.0295562
	------- removing guard 6.31129 3
g2=6.31129 3
area2=37.269
alpha2=0.4
scaling gradient with 0.03125 to 0.00287289 -0.00458608
	>>>> prev guard 6.31129 3 cur guard 6.61595 2.35011
	was guard reflex vertex? 0
	was guard in reflex area? 0
	does guard intersect boundary ray 6.31129 3 6.61595 2.35011?1
	is guard inside polygon? 0
0 other guards have coords 6.61595 3
	 new best guard at 6.61595 3
scaling gradient with 0.0625 to 0.00574577 -0.00917217
	>>>> prev guard 6.31129 3 cur guard 6.86252 2.48172
	was guard reflex vertex? 0
	was guard in reflex area? 0
	does guard intersect boundary ray 6.31129 3 6.86252 2.48172?1
	is guard inside polygon? 0
0 other guards have coords 6.86252 3
scaling gradient with 0.125 to 0.0114915 -0.0183443
	>>>> prev guard 6.31129 3 cur guard 7.06306 2.58627
	was guard reflex vertex? 0
	was guard in reflex area? 0
	does guard intersect boundary ray 6.31129 3 7.06306 2.58627?1
	is guard inside polygon? 0
0 other guards have coords 7.06306 3
scaling gradient with 0.25 to 0.0229831 -0.0366887
	>>>> prev guard 6.31129 3 cur guard 7.22771 2.66845
	was guard reflex vertex? 0
	was guard in reflex area? 0
	does guard intersect boundary ray 6.31129 3 7.22771 2.66845?1
	is guard inside polygon? 0
0 other guards have coords 7.22771 3
scaling gradient with 0.5 to 0.0459662 -0.0733773
	>>>> prev guard 6.31129 3 cur guard 7.36548 2.73125
	was guard reflex vertex? 0
	was guard in reflex area? 0
	does guard intersect boundary ray 6.31129 3 7.36548 2.73125?1
	is guard inside polygon? 0
0 other guards have coords 7.36548 3
scaling gradient with 1 to 0.0919324 -0.146755
	>>>> prev guard 6.31129 3 cur guard 7.48542 2.77563
	was guard reflex vertex? 0
	was guard in reflex area? 0
	does guard intersect boundary ray 6.31129 3 7.48542 2.77563?1
	is guard inside polygon? 0
0 other guards have coords 7.48542 3
scaling gradient with 2 to 0.183865 -0.293509
	>>>> prev guard 6.31129 3 cur guard 7.59846 2.79938
	was guard reflex vertex? 0
	was guard in reflex area? 0
	does guard intersect boundary ray 6.31129 3 7.59846 2.79938?1
	is guard inside polygon? 0
0 other guards have coords 7.59846 3
scaling gradient with 4 to 0.367729 -0.587019
	>>>> prev guard 6.31129 3 cur guard 7.72069 2.79491
	was guard reflex vertex? 0
	was guard in reflex area? 0
	does guard intersect boundary ray 6.31129 3 7.72069 2.79491?1
	is guard inside polygon? 0
0 other guards have coords 7.72069 3
scaling gradient with 8 to 0.735459 -1.17404
	>>>> prev guard 6.31129 3 cur guard 7.87968 2.74437
	was guard reflex vertex? 0
	was guard in reflex area? 0
	does guard intersect boundary ray 6.31129 3 7.87968 2.74437?1
	is guard inside polygon? 0
0 other guards have coords 7.87968 3
scaling gradient with 16 to 1.47092 -2.34807
	>>>> prev guard 6.31129 3 cur guard 8.12691 2.61001
	was guard reflex vertex? 0
	was guard in reflex area? 0
	does guard intersect boundary ray 6.31129 3 8.12691 2.61001?1
	is guard inside polygon? 0
0 other guards have coords 8.12691 3
scaling gradient with 32 to 2.94184 -4.69615
	>>>> prev guard 6.31129 3 cur guard 8.56243 2.31468
	was guard reflex vertex? 0
	was guard in reflex area? 0
	does guard intersect boundary ray 6.31129 3 8.56243 2.31468?1
	is guard inside polygon? 0
0 other guards have coords 8.56243 3
Df=0 0
h=0 0
Df=0.0167493 -0.00576772
h=0.00272672 0.00791834
Df=0 0
h=0 0
Df=0.0121229 -0.0223589
h=0.0053286 0.00288914
Df=0 0
h=0 0
Df=0.00513238 -0.0171645
h=0.00245863 0.000735159
Df=0 0
h=0 0
Df=0.00276832 -0.0134107
h=0.00135558 0.000279827
Df=0.304663 -0.649889
h=0.0118695 0.0118225
is completely visible? 0
are areas equal? 48=47.7219?0
+++++1 guards with gradient 0
	======== guard 6.11015 3
	was guard reflex vertex? 0
	computed gradient 0.136761 -0.228393 and pull 0.048582 0.0463152
	------- removing guard 6.11015 3
g0=6.11015 3
area0=36.7155
alpha0=0.4
scaling gradient with 0.03125 to 0.00427377 -0.0071373
	>>>> prev guard 6.11015 3 cur guard 6.40717 2.37053
	was guard reflex vertex? 0
	was guard in reflex area? 0
	does guard intersect boundary ray 6.11015 3 6.40717 2.37053?1
	is guard inside polygon? 0
0 other guards have coords 6.40717 3
	 new best guard at 6.40717 3
scaling gradient with 0.0625 to 0.00854755 -0.0142746
	>>>> prev guard 6.11015 3 cur guard 6.64936 2.49899
	was guard reflex vertex? 0
	was guard in reflex area? 0
	does guard intersect boundary ray 6.11015 3 6.64936 2.49899?1
	is guard inside polygon? 0
0 other guards have coords 6.64936 3
scaling gradient with 0.125 to 0.0170951 -0.0285492
	>>>> prev guard 6.11015 3 cur guard 6.84836 2.60061
	was guard reflex vertex? 0
	was guard in reflex area? 0
	does guard intersect boundary ray 6.11015 3 6.84836 2.60061?1
	is guard inside polygon? 0
0 other guards have coords 6.84836 3
scaling gradient with 0.25 to 0.0341902 -0.0570984
	>>>> prev guard 6.11015 3 cur guard 7.01418 2.67963
	was guard reflex vertex? 0
	was guard in reflex area? 0
	does guard intersect boundary ray 6.11015 3 7.01418 2.67963?1
	is guard inside polygon? 0
0 other guards have coords 7.01418 3
scaling gradient with 0.5 to 0.0683804 -0.114197
	>>>> prev guard 6.11015 3 cur guard 7.1562 2.73827
	was guard reflex vertex? 0
	was guard in reflex area? 0
	does guard intersect boundary ray 6.11015 3 7.1562 2.73827?1
	is guard inside polygon? 0
0 other guards have coords 7.1562 3
scaling gradient with 1 to 0.136761 -0.228393
	>>>> prev guard 6.11015 3 cur guard 7.28464 2.77605
	was guard reflex vertex? 0
	was guard in reflex area? 0
	does guard intersect boundary ray 6.11015 3 7.28464 2.77605?1
	is guard inside polygon? 0
0 other guards have coords 7.28464 3
scaling gradient with 2 to 0.273521 -0.456787
	>>>> prev guard 6.11015 3 cur guard 7.41316 2.788
	was guard reflex vertex? 0
	was guard in reflex area? 0
	does guard intersect boundary ray 6.11015 3 7.41316 2.788?1
	is guard inside polygon? 0
0 other guards have coords 7.41316 3
scaling gradient with 4 to 0.547043 -0.913574
	>>>> prev guard 6.11015 3 cur guard 7.56363 2.76102
	was guard reflex vertex? 0
	was guard in reflex area? 0
	does guard intersect boundary ray 6.11015 3 7.56363 2.76102?1
	is guard inside polygon? 0
0 other guards have coords 7.56363 3
scaling gradient with 8 to 1.09409 -1.82715
	>>>> prev guard 6.11015 3 cur guard 7.77541 2.66635
	was guard reflex vertex? 0
	was guard in reflex area? 0
	does guard intersect boundary ray 6.11015 3 7.77541 2.66635?1
	is guard inside polygon? 0
0 other guards have coords 7.77541 3
scaling gradient with 16 to 2.18817 -3.6543
	>>>> prev guard 6.11015 3 cur guard 8.12378 2.44444
	was guard reflex vertex? 0
	was guard in reflex area? 0
	does guard intersect boundary ray 6.11015 3 8.12378 2.44444?1
	is guard inside polygon? 0
0 other guards have coords 8.12378 3
scaling gradient with 32 to 4.37634 -7.30859
	>>>> prev guard 6.11015 3 cur guard 8.75647 1.97457
	was guard reflex vertex? 0
	was guard in reflex area? 0
	does guard intersect boundary ray 6.11015 3 8.75647 1.97457?1
	is guard inside polygon? 0
0 other guards have coords 8.75647 3
Df=-0.00169486 -9.33472e-05
h=-4.6603e-05 0.000846147
Df=0.0237196 -0.0105534
h=0.00482105 0.0108357
Df=0.00939145 -0.0135699
h=0.0038612 0.00267226
Df=0.0113271 -0.0220303
h=0.00503678 0.00258971
Df=0.00299806 -0.00882906
h=0.00141943 0.000481991
Df=0.00489425 -0.0168603
h=0.00235011 0.000682196
Df=0.00139705 -0.00620976
h=0.000681489 0.000153319
Df=0.00267168 -0.0132113
h=0.00130934 0.000264784
Df=0.297019 -0.62947
h=0.0194328 0.0185261
is completely visible? 0
are areas equal? 48=47.7219?0
i=3
area=47.7219
+++++5 guards with gradient 0
	======== guard 6.40717 3
	was guard reflex vertex? 0
	computed gradient -0.00408086 -0.000830806 and pull -0.000407053 0.00199942
	------- removing guard 6.40717 3
g0=6.40717 3
area0=37.5978
alpha0=0.4
scaling gradient with 0.03125 to -0.000127527 -2.59627e-05
	>>>> prev guard 6.40717 3 cur guard 6.64474 2.49658
	was guard reflex vertex? 0
	was guard in reflex area? 0
	does guard intersect boundary ray 6.40717 3 6.64474 2.49658?1
	is guard inside polygon? 0
0 other guards have coords 6.64474 3
scaling gradient with 0.0625 to -0.000255054 -5.19254e-05
	>>>> prev guard 6.40717 3 cur guard 6.83475 2.59742
	was guard reflex vertex? 0
	was guard in reflex area? 0
	does guard intersect boundary ray 6.40717 3 6.83475 2.59742?1
	is guard inside polygon? 0
0 other guards have coords 6.83475 3
scaling gradient with 0.125 to -0.000510107 -0.000103851
	>>>> prev guard 6.40717 3 cur guard 6.98668 2.67809
	was guard reflex vertex? 0
	was guard in reflex area? 0
	does guard intersect boundary ray 6.40717 3 6.98668 2.67809?1
	is guard inside polygon? 0
0 other guards have coords 6.98668 3
scaling gradient with 0.25 to -0.00102021 -0.000207702
	>>>> prev guard 6.40717 3 cur guard 7.10811 2.74261
	was guard reflex vertex? 0
	was guard in reflex area? 0
	does guard intersect boundary ray 6.40717 3 7.10811 2.74261?1
	is guard inside polygon? 0
0 other guards have coords 7.10811 3
scaling gradient with 0.5 to -0.00204043 -0.000415403
	>>>> prev guard 6.40717 3 cur guard 7.20506 2.79422
	was guard reflex vertex? 0
	was guard in reflex area? 0
	does guard intersect boundary ray 6.40717 3 7.20506 2.79422?1
	is guard inside polygon? 0
0 other guards have coords 7.20506 3
scaling gradient with 1 to -0.00408086 -0.000830806
	>>>> prev guard 6.40717 3 cur guard 7.28226 2.83547
	was guard reflex vertex? 0
	was guard in reflex area? 0
	does guard intersect boundary ray 6.40717 3 7.28226 2.83547?1
	is guard inside polygon? 0
0 other guards have coords 7.28226 3
scaling gradient with 2 to -0.00816172 -0.00166161
	>>>> prev guard 6.40717 3 cur guard 7.34333 2.8684
	was guard reflex vertex? 0
	was guard in reflex area? 0
	does guard intersect boundary ray 6.40717 3 7.34333 2.8684?1
	is guard inside polygon? 0
0 other guards have coords 7.34333 3
scaling gradient with 4 to -0.0163234 -0.00332322
	>>>> prev guard 6.40717 3 cur guard 7.39085 2.89462
	was guard reflex vertex? 0
	was guard in reflex area? 0
	does guard intersect boundary ray 6.40717 3 7.39085 2.89462?1
	is guard inside polygon? 0
0 other guards have coords 7.39085 3
scaling gradient with 8 to -0.0326469 -0.00664645
	>>>> prev guard 6.40717 3 cur guard 7.42623 2.91532
	was guard reflex vertex? 0
	was guard in reflex area? 0
	does guard intersect boundary ray 6.40717 3 7.42623 2.91532?1
	is guard inside polygon? 0
0 other guards have coords 7.42623 3
scaling gradient with 16 to -0.0652938 -0.0132929
	>>>> prev guard 6.40717 3 cur guard 7.44927 2.93135
	was guard reflex vertex? 0
	was guard in reflex area? 0
	does guard intersect boundary ray 6.40717 3 7.44927 2.93135?1
	is guard inside polygon? 0
0 other guards have coords 7.44927 3
scaling gradient with 32 to -0.130588 -0.0265858
	>>>> prev guard 6.40717 3 cur guard 7.45722 2.94312
	was guard reflex vertex? 0
	was guard in reflex area? 0
	does guard intersect boundary ray 6.40717 3 7.45722 2.94312?1
	is guard inside polygon? 0
0 other guards have coords 7.45722 3
Df=-0.00163234 -0.000332322
h=-0.000162821 0.000799766
Df=0 0
h=0 0
Df=0 0
h=0 0
Df=0 0
h=0 0
Df=0 0
h=0 0
Df=0 0
h=0 0
Df=0 0
h=0 0
Df=0 0
h=0 0
Df=0.297019 -0.62947
h=-0.000162821 0.000799766
is completely visible? 0
are areas equal? 48=47.7219?0
+++++4 guards with gradient 0
	======== guard 17.2175 3
	was guard reflex vertex? 0
	computed gradient -0.0335391 -0.0371856 and pull -0.0124527 0.0112315
	------- removing guard 17.2175 3
g1=17.2175 3
area1=34.9718
alpha1=0.4
scaling gradient with 0.03125 to -0.0010481 -0.00116205
	>>>> prev guard 17.2175 3 cur guard 20.4418 2.68148
	was guard reflex vertex? 0
	was guard in reflex area? 0
	does guard intersect boundary ray 17.2175 3 20.4418 2.68148?1
	is guard inside polygon? 0
0 other guards have coords 18 3
scaling gradient with 0.0625 to -0.00209619 -0.0023241
	>>>> prev guard 17.2175 3 cur guard 20.5784 2.7459
	was guard reflex vertex? 0
	was guard in reflex area? 0
	does guard intersect boundary ray 17.2175 3 20.5784 2.7459?1
	is guard inside polygon? 0
0 other guards have coords 18 3
scaling gradient with 0.125 to -0.00419238 -0.0046482
	>>>> prev guard 17.2175 3 cur guard 20.0613 2.79725
	was guard reflex vertex? 0
	was guard in reflex area? 0
	does guard intersect boundary ray 17.2175 3 20.0613 2.79725?1
	is guard inside polygon? 0
0 other guards have coords 18 3
scaling gradient with 0.25 to -0.00838477 -0.00929641
	>>>> prev guard 17.2175 3 cur guard 19.6474 2.83795
	was guard reflex vertex? 0
	was guard in reflex area? 0
	does guard intersect boundary ray 17.2175 3 19.6474 2.83795?1
	is guard inside polygon? 0
0 other guards have coords 18 3
scaling gradient with 0.5 to -0.0167695 -0.0185928
	>>>> prev guard 17.2175 3 cur guard 19.3156 2.86977
	was guard reflex vertex? 0
	was guard in reflex area? 0
	does guard intersect boundary ray 17.2175 3 19.3156 2.86977?1
	is guard inside polygon? 0
0 other guards have coords 18 3
scaling gradient with 1 to -0.0335391 -0.0371856
	>>>> prev guard 17.2175 3 cur guard 19.0488 2.89374
	was guard reflex vertex? 0
	was guard in reflex area? 0
	does guard intersect boundary ray 17.2175 3 19.0488 2.89374?1
	is guard inside polygon? 0
0 other guards have coords 18 3
scaling gradient with 2 to -0.0670781 -0.0743712
	>>>> prev guard 17.2175 3 cur guard 18.8327 2.90994
	was guard reflex vertex? 0
	was guard in reflex area? 0
	does guard intersect boundary ray 17.2175 3 18.8327 2.90994?1
	is guard inside polygon? 0
0 other guards have coords 18 3
scaling gradient with 4 to -0.134156 -0.148742
	>>>> prev guard 17.2175 3 cur guard 18.6544 2.91695
	was guard reflex vertex? 0
	was guard in reflex area? 0
	does guard intersect boundary ray 17.2175 3 18.6544 2.91695?1
	is guard inside polygon? 0
0 other guards have coords 18 3
scaling gradient with 8 to -0.268312 -0.297485
	>>>> prev guard 17.2175 3 cur guard 18.5011 2.91066
	was guard reflex vertex? 0
	was guard in reflex area? 0
	does guard intersect boundary ray 17.2175 3 18.5011 2.91066?1
	is guard inside polygon? 0
0 other guards have coords 18 3
scaling gradient with 16 to -0.536625 -0.59497
	>>>> prev guard 17.2175 3 cur guard 18.3569 2.88183
	was guard reflex vertex? 0
	was guard in reflex area? 0
	does guard intersect boundary ray 17.2175 3 18.3569 2.88183?1
	is guard inside polygon? 0
0 other guards have coords 18 3
scaling gradient with 32 to -1.07325 -1.18994
	>>>> prev guard 17.2175 3 cur guard 18.1987 2.81117
	was guard reflex vertex? 0
	was guard in reflex area? 0
	does guard intersect boundary ray 17.2175 3 18.1987 2.81117?1
	is guard inside polygon? 0
0 other guards have coords 18 3
Df=0 0
h=0 0
Df=0 0
h=0 0
Df=0 0
h=0 0
Df=0 0
h=0 0
Df=0 0
h=0 0
Df=0 0
h=0 0
Df=-0.0134156 -0.0148742
h=-0.00498108 0.00449262
Df=0 0
h=0 0
Df=4.03184 -0.399151
h=-0.00498108 0.00449262
is completely visible? 0
are areas equal? 48=47.7219?0
+++++3 guards with gradient 0
	======== guard 6.61595 3
	was guard reflex vertex? 0
	computed gradient 0.237164 -0.0608931 and pull 0.0207384 0.146203
	------- removing guard 6.61595 3
g2=6.61595 3
area2=37.6
alpha2=0.4
scaling gradient with 0.03125 to 0.00741137 -0.00190291
	>>>> prev guard 6.61595 3 cur guard 6.86194 2.49163
	was guard reflex vertex? 0
	was guard in reflex area? 0
	does guard intersect boundary ray 6.61595 3 6.86194 2.49163?1
	is guard inside polygon? 0
0 other guards have coords 6.86194 3
scaling gradient with 0.0625 to 0.0148227 -0.00380582
	>>>> prev guard 6.61595 3 cur guard 7.06157 2.6047
	was guard reflex vertex? 0
	was guard in reflex area? 0
	does guard intersect boundary ray 6.61595 3 7.06157 2.6047?1
	is guard inside polygon? 0
0 other guards have coords 7.06157 3
scaling gradient with 0.125 to 0.0296455 -0.00761163
	>>>> prev guard 6.61595 3 cur guard 7.2253 2.69485
	was guard reflex vertex? 0
	was guard in reflex area? 0
	does guard intersect boundary ray 6.61595 3 7.2253 2.69485?1
	is guard inside polygon? 0
0 other guards have coords 7.2253 3
scaling gradient with 0.25 to 0.059291 -0.0152233
	>>>> prev guard 6.61595 3 cur guard 7.36269 2.76636
	was guard reflex vertex? 0
	was guard in reflex area? 0
	does guard intersect boundary ray 6.61595 3 7.36269 2.76636?1
	is guard inside polygon? 0
0 other guards have coords 7.36269 3
scaling gradient with 0.5 to 0.118582 -0.0304465
	>>>> prev guard 6.61595 3 cur guard 7.48375 2.82234
	was guard reflex vertex? 0
	was guard in reflex area? 0
	does guard intersect boundary ray 6.61595 3 7.48375 2.82234?1
	is guard inside polygon? 0
0 other guards have coords 7.48375 3
scaling gradient with 1 to 0.237164 -0.0608931
	>>>> prev guard 6.61595 3 cur guard 7.60123 2.8647
	was guard reflex vertex? 0
	was guard in reflex area? 0
	does guard intersect boundary ray 6.61595 3 7.60123 2.8647?1
	is guard inside polygon? 0
0 other guards have coords 7.60123 3
scaling gradient with 2 to 0.474328 -0.121786
	>>>> prev guard 6.61595 3 cur guard 7.73482 2.89371
	was guard reflex vertex? 0
	was guard in reflex area? 0
	does guard intersect boundary ray 6.61595 3 7.73482 2.89371?1
	is guard inside polygon? 0
0 other guards have coords 7.73482 3
scaling gradient with 4 to 0.948656 -0.243572
	>>>> prev guard 6.61595 3 cur guard 7.91924 2.90718
	was guard reflex vertex? 0
	was guard in reflex area? 0
	does guard intersect boundary ray 6.61595 3 7.91924 2.90718?1
	is guard inside polygon? 0
0 other guards have coords 7.91924 3
scaling gradient with 8 to 1.89731 -0.487145
	>>>> prev guard 6.61595 3 cur guard 8.22022 2.89847
	was guard reflex vertex? 0
	was guard in reflex area? 0
	does guard intersect boundary ray 6.61595 3 8.22022 2.89847?1
	is guard inside polygon? 0
0 other guards have coords 8.22022 3
scaling gradient with 16 to 3.79462 -0.974289
	>>>> prev guard 6.61595 3 cur guard 8.76624 2.85253
	was guard reflex vertex? 0
	was guard in reflex area? 0
	does guard intersect boundary ray 6.61595 3 8.76624 2.85253?1
	is guard inside polygon? 0
0 other guards have coords 8.76624 3
scaling gradient with 32 to 7.58925 -1.94858
	>>>> prev guard 6.61595 3 cur guard 9.81185 2.73783
	was guard reflex vertex? 0
	was guard in reflex area? 0
	does guard intersect boundary ray 6.61595 3 9.81185 2.73783?1
	is guard inside polygon? 0
0 other guards have coords 9.81185 3
	 new best guard at 9.81185 3
Df=-0.0122817 -0.00378247
h=-0.00180746 0.00586881
Df=0.107147 -0.0205748
h=0.0101028 0.0526124
Df=0 0
h=0 0
Df=0 0
h=0 0
Df=0 0
h=0 0
Df=0 0
h=0 0
Df=0 0
h=0 0
Df=0 0
h=0 0
Df=1.04561 -0.262167
h=0.00829535 0.0584812
is completely visible? 0
are areas equal? 48=47.7219?0
+++++2 guards with gradient 0
	======== guard 12.4118 3
	was guard reflex vertex? 0
	computed gradient -2.92762 -0.678196 and pull -0.283609 1.48142
	------- removing guard 12.4118 3
g3=12.4118 3
area3=38.2553
alpha3=0.4
scaling gradient with 0.03125 to -0.091488 -0.0211936
	>>>> prev guard 12.4118 3 cur guard 12.4953 2.95942
	was guard reflex vertex? 0
	was guard in reflex area? 0
	does guard intersect boundary ray 12.4118 3 12.4953 2.95942?1
	is guard inside polygon? 0
0 other guards have coords 12.4953 3
	 new best guard at 12.4953 3
scaling gradient with 0.0625 to -0.182976 -0.0423873
	>>>> prev guard 12.4118 3 cur guard 12.5248 3.08266
	was guard reflex vertex? 0
	was guard in reflex area? 0
	does guard intersect boundary ray 12.4118 3 12.5248 3.08266?1
	is guard inside polygon? 1
0 other guards have coords 12.5248 3
	 new best guard at 12.5248 3
scaling gradient with 0.125 to -0.365952 -0.0847745
	>>>> prev guard 12.4118 3 cur guard 12.4964 3.17786
	was guard reflex vertex? 0
	was guard in reflex area? 0
	does guard intersect boundary ray 12.4118 3 12.4964 3.17786?1
	is guard inside polygon? 1
0 other guards have coords 12.4964 3
	 new best guard at 12.4964 3
scaling gradient with 0.25 to -0.731904 -0.169549
	>>>> prev guard 12.4118 3 cur guard 12.3924 3.24724
	was guard reflex vertex? 0
	was guard in reflex area? 0
	does guard intersect boundary ray 12.4118 3 12.3924 3.24724?1
	is guard inside polygon? 1
0 other guards have coords 12.3924 3
scaling gradient with 0.5 to -1.46381 -0.339098
	>>>> prev guard 12.4118 3 cur guard 12.1695 3.28918
	was guard reflex vertex? 0
	was guard in reflex area? 0
	does guard intersect boundary ray 12.4118 3 12.1695 3.28918?1
	is guard inside polygon? 1
0 other guards have coords 12.1695 3
scaling gradient with 1 to -2.92762 -0.678196
	>>>> prev guard 12.4118 3 cur guard 11.7343 3.2956
	was guard reflex vertex? 0
	was guard in reflex area? 0
	does guard intersect boundary ray 12.4118 3 11.7343 3.2956?1
	is guard inside polygon? 1
0 other guards have coords 11.7343 3
scaling gradient with 2 to -5.85523 -1.35639
	>>>> prev guard 12.4118 3 cur guard 10.8949 3.24648
	was guard reflex vertex? 0
	was guard in reflex area? 0
	does guard intersect boundary ray 12.4118 3 10.8949 3.24648?1
	is guard inside polygon? 1
0 other guards have coords 10.8949 3
scaling gradient with 4 to -11.7105 -2.71279
	>>>> prev guard 12.4118 3 cur guard 9.26397 3.09868
	was guard reflex vertex? 0
	was guard in reflex area? 0
	does guard intersect boundary ray 12.4118 3 9.26397 3.09868?1
	is guard inside polygon? 1
0 other guards have coords 9.26397 3
scaling gradient with 8 to -23.4209 -5.42557
	>>>> prev guard 12.4118 3 cur guard 6.06282 2.76341
	was guard reflex vertex? 0
	was guard in reflex area? 0
	does guard intersect boundary ray 12.4118 3 6.06282 2.76341?1
	is guard inside polygon? 0
0 other guards have coords 6.06282 3
scaling gradient with 16 to -46.8419 -10.8511
	>>>> prev guard 12.4118 3 cur guard -0.268128 2.06115
	was guard reflex vertex? 0
	was guard in reflex area? 0
	does guard intersect boundary ray 12.4118 3 -0.268128 2.06115?1
	is guard inside polygon? 0
0 other guards have coords 4 3
scaling gradient with 32 to -93.6837 -21.7023
	>>>> prev guard 12.4118 3 cur guard -8.58215 0.63125
	was guard reflex vertex? 0
	was guard in reflex area? 0
	does guard intersect boundary ray 12.4118 3 -8.58215 0.63125?1
	is guard inside polygon? 0
0 other guards have coords 4 3
Df=0 0
h=0 0
Df=0 0
h=0 0
Df=0 0
h=0 0
Df=0 0
h=0 0
Df=-1.19378 -0.24577
h=-0.120361 0.584628
Df=0.010184 -0.00299535
h=0.00143682 0.00488506
Df=0 0
h=0 0
Df=0.0125484 -0.0225134
h=0.0054804 0.00305464
Df=-0.0283729 0.177859
h=-0.113443 0.592568
is completely visible? 0
are areas equal? 48=47.9876?0
+++++1 guards with gradient 0
	======== guard 8.56838 3
	was guard reflex vertex? 0
	computed gradient 0.148419 -0.26499 and pull 0.0354205 0.0862552
	------- removing guard 8.56838 3
g4=8.56838 3
area4=36.6898
alpha4=0.4
scaling gradient with 0.03125 to 0.0046381 -0.00828092
	>>>> prev guard 8.56838 3 cur guard 8.28755 2.28428
	was guard reflex vertex? 0
	was guard in reflex area? 0
	does guard intersect boundary ray 8.56838 3 8.28755 2.28428?1
	is guard inside polygon? 0
0 other guards have coords 8.28755 3
scaling gradient with 0.0625 to 0.00927621 -0.0165618
	>>>> prev guard 8.56838 3 cur guard 8.06646 2.433
	was guard reflex vertex? 0
	was guard in reflex area? 0
	does guard intersect boundary ray 8.56838 3 8.06646 2.433?1
	is guard inside polygon? 0
0 other guards have coords 8.06646 3
scaling gradient with 0.125 to 0.0185524 -0.0331237
	>>>> prev guard 8.56838 3 cur guard 7.89391 2.55065
	was guard reflex vertex? 0
	was guard in reflex area? 0
	does guard intersect boundary ray 8.56838 3 7.89391 2.55065?1
	is guard inside polygon? 0
0 other guards have coords 7.89391 3
scaling gradient with 0.25 to 0.0371048 -0.0662474
	>>>> prev guard 8.56838 3 cur guard 7.76167 2.64212
	was guard reflex vertex? 0
	was guard in reflex area? 0
	does guard intersect boundary ray 8.56838 3 7.76167 2.64212?1
	is guard inside polygon? 0
0 other guards have coords 7.76167 3
scaling gradient with 0.5 to 0.0742097 -0.132495
	>>>> prev guard 8.56838 3 cur guard 7.66465 2.71
	was guard reflex vertex? 0
	was guard in reflex area? 0
	does guard intersect boundary ray 8.56838 3 7.66465 2.71?1
	is guard inside polygon? 0
0 other guards have coords 7.66465 3
scaling gradient with 1 to 0.148419 -0.26499
	>>>> prev guard 8.56838 3 cur guard 7.60174 2.7537
	was guard reflex vertex? 0
	was guard in reflex area? 0
	does guard intersect boundary ray 8.56838 3 7.60174 2.7537?1
	is guard inside polygon? 0
0 other guards have coords 7.60174 3
scaling gradient with 2 to 0.296839 -0.529979
	>>>> prev guard 8.56838 3 cur guard 7.57799 2.76746
	was guard reflex vertex? 0
	was guard in reflex area? 0
	does guard intersect boundary ray 8.56838 3 7.57799 2.76746?1
	is guard inside polygon? 0
0 other guards have coords 7.57799 3
scaling gradient with 4 to 0.593677 -1.05996
	>>>> prev guard 8.56838 3 cur guard 7.60932 2.73607
	was guard reflex vertex? 0
	was guard in reflex area? 0
	does guard intersect boundary ray 8.56838 3 7.60932 2.73607?1
	is guard inside polygon? 0
0 other guards have coords 7.60932 3
scaling gradient with 8 to 1.18735 -2.11992
	>>>> prev guard 8.56838 3 cur guard 7.73221 2.62616
	was guard reflex vertex? 0
	was guard in reflex area? 0
	does guard intersect boundary ray 8.56838 3 7.73221 2.62616?1
	is guard inside polygon? 0
0 other guards have coords 7.73221 3
scaling gradient with 16 to 2.37471 -4.23983
	>>>> prev guard 8.56838 3 cur guard 8.02333 2.36865
	was guard reflex vertex? 0
	was guard in reflex area? 0
	does guard intersect boundary ray 8.56838 3 8.02333 2.36865?1
	is guard inside polygon? 0
0 other guards have coords 8.02333 3
scaling gradient with 32 to 4.74942 -8.47967
	>>>> prev guard 8.56838 3 cur guard 8.63901 1.82344
	was guard reflex vertex? 0
	was guard in reflex area? 0
	does guard intersect boundary ray 8.56838 3 8.63901 1.82344?1
	is guard inside polygon? 0
0 other guards have coords 8.63901 3
	 new best guard at 8.63901 3
Df=-0.0181347 -0.0232883
h=-0.00715411 0.00557091
Df=-6.19213e-05 -4.8558e-05
h=-1.91052e-05 2.43629e-05
Df=0.0277085 -0.00597976
h=0.00292259 0.0135425
Df=0.0261095 -0.0186895
h=0.00759864 0.0106154
Df=0.00735267 -0.0126158
h=0.00317626 0.00185117
Df=0.0095088 -0.0210697
h=0.00433352 0.00195573
Df=0.0025569 -0.00822252
h=0.00122079 0.000379621
Df=0.00432792 -0.0160817
h=0.00208961 0.000562357
Df=0.615682 -1.17656
h=0.0141682 0.0345021
is completely visible? 0
are areas equal? 48=47.9876?0
i=4
area=47.9876
+++++5 guards with gradient 0
	======== guard 6.40717 3
	was guard reflex vertex? 0
	computed gradient -0.00408086 -0.000830806 and pull -0.000407053 0.00199942
	------- removing guard 6.40717 3
g0=6.40717 3
area0=37.5978
alpha0=0.4
scaling gradient with 0.03125 to -0.000127527 -2.59627e-05
	>>>> prev guard 6.40717 3 cur guard 6.64474 2.49658
	was guard reflex vertex? 0
	was guard in reflex area? 0
	does guard intersect boundary ray 6.40717 3 6.64474 2.49658?1
	is guard inside polygon? 0
0 other guards have coords 6.64474 3
scaling gradient with 0.0625 to -0.000255054 -5.19254e-05
	>>>> prev guard 6.40717 3 cur guard 6.83475 2.59742
	was guard reflex vertex? 0
	was guard in reflex area? 0
	does guard intersect boundary ray 6.40717 3 6.83475 2.59742?1
	is guard inside polygon? 0
0 other guards have coords 6.83475 3
scaling gradient with 0.125 to -0.000510107 -0.000103851
	>>>> prev guard 6.40717 3 cur guard 6.98668 2.67809
	was guard reflex vertex? 0
	was guard in reflex area? 0
	does guard intersect boundary ray 6.40717 3 6.98668 2.67809?1
	is guard inside polygon? 0
0 other guards have coords 6.98668 3
scaling gradient with 0.25 to -0.00102021 -0.000207702
	>>>> prev guard 6.40717 3 cur guard 7.10811 2.74261
	was guard reflex vertex? 0
	was guard in reflex area? 0
	does guard intersect boundary ray 6.40717 3 7.10811 2.74261?1
	is guard inside polygon? 0
0 other guards have coords 7.10811 3
scaling gradient with 0.5 to -0.00204043 -0.000415403
	>>>> prev guard 6.40717 3 cur guard 7.20506 2.79422
	was guard reflex vertex? 0
	was guard in reflex area? 0
	does guard intersect boundary ray 6.40717 3 7.20506 2.79422?1
	is guard inside polygon? 0
0 other guards have coords 7.20506 3
scaling gradient with 1 to -0.00408086 -0.000830806
	>>>> prev guard 6.40717 3 cur guard 7.28226 2.83547
	was guard reflex vertex? 0
	was guard in reflex area? 0
	does guard intersect boundary ray 6.40717 3 7.28226 2.83547?1
	is guard inside polygon? 0
0 other guards have coords 7.28226 3
scaling gradient with 2 to -0.00816172 -0.00166161
	>>>> prev guard 6.40717 3 cur guard 7.34333 2.8684
	was guard reflex vertex? 0
	was guard in reflex area? 0
	does guard intersect boundary ray 6.40717 3 7.34333 2.8684?1
	is guard inside polygon? 0
0 other guards have coords 7.34333 3
scaling gradient with 4 to -0.0163234 -0.00332322
	>>>> prev guard 6.40717 3 cur guard 7.39085 2.89462
	was guard reflex vertex? 0
	was guard in reflex area? 0
	does guard intersect boundary ray 6.40717 3 7.39085 2.89462?1
	is guard inside polygon? 0
0 other guards have coords 7.39085 3
scaling gradient with 8 to -0.0326469 -0.00664645
	>>>> prev guard 6.40717 3 cur guard 7.42623 2.91532
	was guard reflex vertex? 0
	was guard in reflex area? 0
	does guard intersect boundary ray 6.40717 3 7.42623 2.91532?1
	is guard inside polygon? 0
0 other guards have coords 7.42623 3
scaling gradient with 16 to -0.0652938 -0.0132929
	>>>> prev guard 6.40717 3 cur guard 7.44927 2.93135
	was guard reflex vertex? 0
	was guard in reflex area? 0
	does guard intersect boundary ray 6.40717 3 7.44927 2.93135?1
	is guard inside polygon? 0
0 other guards have coords 7.44927 3
scaling gradient with 32 to -0.130588 -0.0265858
	>>>> prev guard 6.40717 3 cur guard 7.45722 2.94312
	was guard reflex vertex? 0
	was guard in reflex area? 0
	does guard intersect boundary ray 6.40717 3 7.45722 2.94312?1
	is guard inside polygon? 0
0 other guards have coords 7.45722 3
Df=-0.00163234 -0.000332322
h=-0.000162821 0.000799766
Df=0 0
h=0 0
Df=0 0
h=0 0
Df=0 0
h=0 0
Df=0 0
h=0 0
Df=0 0
h=0 0
Df=0 0
h=0 0
Df=0 0
h=0 0
Df=0.297019 -0.62947
h=-0.000162821 0.000799766
is completely visible? 0
are areas equal? 48=47.9876?0
+++++4 guards with gradient 0
	======== guard 17.2175 3
	was guard reflex vertex? 0
	computed gradient -0.00143678 -0.00159299 and pull -0.00053346 0.000481147
	------- removing guard 17.2175 3
g1=17.2175 3
area1=34.9718
alpha1=0.4
scaling gradient with 0.03125 to -4.48993e-05 -4.9781e-05
	>>>> prev guard 17.2175 3 cur guard 20.4429 2.68071
	was guard reflex vertex? 0
	was guard in reflex area? 0
	does guard intersect boundary ray 17.2175 3 20.4429 2.68071?1
	is guard inside polygon? 0
0 other guards have coords 18 3
scaling gradient with 0.0625 to -8.97985e-05 -9.95619e-05
	>>>> prev guard 17.2175 3 cur guard 20.5803 2.7446
	was guard reflex vertex? 0
	was guard in reflex area? 0
	does guard intersect boundary ray 17.2175 3 20.5803 2.7446?1
	is guard inside polygon? 0
0 other guards have coords 18 3
scaling gradient with 0.125 to -0.000179597 -0.000199124
	>>>> prev guard 17.2175 3 cur guard 20.0642 2.7957
	was guard reflex vertex? 0
	was guard in reflex area? 0
	does guard intersect boundary ray 17.2175 3 20.0642 2.7957?1
	is guard inside polygon? 0
0 other guards have coords 18 3
scaling gradient with 0.25 to -0.000359194 -0.000398248
	>>>> prev guard 17.2175 3 cur guard 19.6513 2.83657
	was guard reflex vertex? 0
	was guard in reflex area? 0
	does guard intersect boundary ray 17.2175 3 19.6513 2.83657?1
	is guard inside polygon? 0
0 other guards have coords 18 3
scaling gradient with 0.5 to -0.000718388 -0.000796495
	>>>> prev guard 17.2175 3 cur guard 19.3209 2.86923
	was guard reflex vertex? 0
	was guard in reflex area? 0
	does guard intersect boundary ray 17.2175 3 19.3209 2.86923?1
	is guard inside polygon? 0
0 other guards have coords 18 3
scaling gradient with 1 to -0.00143678 -0.00159299
	>>>> prev guard 17.2175 3 cur guard 19.0566 2.8953
	was guard reflex vertex? 0
	was guard in reflex area? 0
	does guard intersect boundary ray 17.2175 3 19.0566 2.8953?1
	is guard inside polygon? 0
0 other guards have coords 18 3
scaling gradient with 2 to -0.00287355 -0.00318598
	>>>> prev guard 17.2175 3 cur guard 18.845 2.91602
	was guard reflex vertex? 0
	was guard in reflex area? 0
	does guard intersect boundary ray 17.2175 3 18.845 2.91602?1
	is guard inside polygon? 0
0 other guards have coords 18 3
scaling gradient with 4 to -0.00574711 -0.00637196
	>>>> prev guard 17.2175 3 cur guard 18.6755 2.93234
	was guard reflex vertex? 0
	was guard in reflex area? 0
	does guard intersect boundary ray 17.2175 3 18.6755 2.93234?1
	is guard inside polygon? 0
0 other guards have coords 18 3
scaling gradient with 8 to -0.0114942 -0.0127439
	>>>> prev guard 17.2175 3 cur guard 18.5394 2.94489
	was guard reflex vertex? 0
	was guard in reflex area? 0
	does guard intersect boundary ray 17.2175 3 18.5394 2.94489?1
	is guard inside polygon? 0
0 other guards have coords 18 3
scaling gradient with 16 to -0.0229884 -0.0254879
	>>>> prev guard 17.2175 3 cur guard 18.4297 2.95392
	was guard reflex vertex? 0
	was guard in reflex area? 0
	does guard intersect boundary ray 17.2175 3 18.4297 2.95392?1
	is guard inside polygon? 0
0 other guards have coords 18 3
scaling gradient with 32 to -0.0459768 -0.0509757
	>>>> prev guard 17.2175 3 cur guard 18.34 2.95909
	was guard reflex vertex? 0
	was guard in reflex area? 0
	does guard intersect boundary ray 17.2175 3 18.34 2.95909?1
	is guard inside polygon? 0
0 other guards have coords 18 3
Df=0 0
h=0 0
Df=0 0
h=0 0
Df=0 0
h=0 0
Df=0 0
h=0 0
Df=0 0
h=0 0
Df=0 0
h=0 0
Df=-0.000574711 -0.000637196
h=-0.000213384 0.000192459
Df=0 0
h=0 0
Df=4.03184 -0.399151
h=-0.000213384 0.000192459
is completely visible? 0
are areas equal? 48=47.9876?0
+++++3 guards with gradient 0
	======== guard 9.81185 3
	was guard reflex vertex? 0
	computed gradient -0 -0 and pull -0 0
	======== guard 12.4964 3
	was guard reflex vertex? 0
	computed gradient -1.1186 -0.344764 and pull -0.124582 0.571409
	------- removing guard 12.4964 3
g3=12.4964 3
area3=38.5573
alpha3=0.4
scaling gradient with 0.03125 to -0.0349562 -0.0107739
	>>>> prev guard 12.4964 3 cur guard 12.4609 3.18714
	was guard reflex vertex? 0
	was guard in reflex area? 0
	does guard intersect boundary ray 12.4964 3 12.4609 3.18714?1
	is guard inside polygon? 1
0 other guards have coords 12.4609 3
scaling gradient with 0.0625 to -0.0699124 -0.0215478
	>>>> prev guard 12.4964 3 cur guard 12.417 3.1937
	was guard reflex vertex? 0
	was guard in reflex area? 0
	does guard intersect boundary ray 12.4964 3 12.417 3.1937?1
	is guard inside polygon? 1
0 other guards have coords 12.417 3
scaling gradient with 0.125 to -0.139825 -0.0430955
	>>>> prev guard 12.4964 3 cur guard 12.3607 3.19722
	was guard reflex vertex? 0
	was guard in reflex area? 0
	does guard intersect boundary ray 12.4964 3 12.3607 3.19722?1
	is guard inside polygon? 1
0 other guards have coords 12.3607 3
scaling gradient with 0.25 to -0.27965 -0.086191
	>>>> prev guard 12.4964 3 cur guard 12.2833 3.1966
	was guard reflex vertex? 0
	was guard in reflex area? 0
	does guard intersect boundary ray 12.4964 3 12.2833 3.1966?1
	is guard inside polygon? 1
0 other guards have coords 12.2833 3
scaling gradient with 0.5 to -0.5593 -0.172382
	>>>> prev guard 12.4964 3 cur guard 12.1667 3.1892
	was guard reflex vertex? 0
	was guard in reflex area? 0
	does guard intersect boundary ray 12.4964 3 12.1667 3.1892?1
	is guard inside polygon? 1
0 other guards have coords 12.1667 3
scaling gradient with 1 to -1.1186 -0.344764
	>>>> prev guard 12.4964 3 cur guard 11.974 3.16949
	was guard reflex vertex? 0
	was guard in reflex area? 0
	does guard intersect boundary ray 12.4964 3 11.974 3.16949?1
	is guard inside polygon? 1
0 other guards have coords 11.974 3
scaling gradient with 2 to -2.2372 -0.689528
	>>>> prev guard 12.4964 3 cur guard 11.6308 3.12614
	was guard reflex vertex? 0
	was guard in reflex area? 0
	does guard intersect boundary ray 12.4964 3 11.6308 3.12614?1
	is guard inside polygon? 1
0 other guards have coords 11.6308 3
scaling gradient with 4 to -4.4744 -1.37906
	>>>> prev guard 12.4964 3 cur guard 10.9884 3.0363
	was guard reflex vertex? 0
	was guard in reflex area? 0
	does guard intersect boundary ray 12.4964 3 10.9884 3.0363?1
	is guard inside polygon? 1
0 other guards have coords 10.9884 3
scaling gradient with 8 to -8.94879 -2.75811
	>>>> prev guard 12.4964 3 cur guard 9.7486 2.85411
	was guard reflex vertex? 0
	was guard in reflex area? 0
	does guard intersect boundary ray 12.4964 3 9.7486 2.85411?1
	is guard inside polygon? 0
0 other guards have coords 9.7486 3
scaling gradient with 16 to -17.8976 -5.51622
	>>>> prev guard 12.4964 3 cur guard 7.31498 2.4877
	was guard reflex vertex? 0
	was guard in reflex area? 0
	does guard intersect boundary ray 12.4964 3 7.31498 2.4877?1
	is guard inside polygon? 0
0 other guards have coords 7.31498 3
scaling gradient with 32 to -35.7952 -11.0324
	>>>> prev guard 12.4964 3 cur guard 2.4945 1.75328
	was guard reflex vertex? 0
	was guard in reflex area? 0
	does guard intersect boundary ray 12.4964 3 2.4945 1.75328?1
	is guard inside polygon? 0
0 other guards have coords 4 3
Df=0 0
h=0 0
Df=0 0
h=0 0
Df=0 0
h=0 0
Df=0 0
h=0 0
Df=-0.46238 -0.11476
h=-0.0556904 0.224382
Df=0.00201796 -0.000508133
h=0.000246376 0.000978437
Df=0 0
h=0 0
Df=0.0129223 -0.0226374
h=0.00561127 0.00320314
Df=-0.0283729 0.177859
h=-0.0498328 0.228564
is completely visible? 0
are areas equal? 48=47.9876?0
+++++2 guards with gradient 0
	======== guard 9.81185 3
	was guard reflex vertex? 0
	computed gradient 1.27228 -0.217405 and pull 0.0794147 0.619966
	------- removing guard 9.81185 3
g2=9.81185 3
area2=37.6594
alpha2=0.4
scaling gradient with 0.03125 to 0.0397586 -0.0067939
	>>>> prev guard 9.81185 3 cur guard 10.6579 2.83932
	was guard reflex vertex? 0
	was guard in reflex area? 0
	does guard intersect boundary ray 9.81185 3 10.6579 2.83932?1
	is guard inside polygon? 0
0 other guards have coords 10.6579 3
scaling gradient with 0.0625 to 0.0795173 -0.0135878
	>>>> prev guard 9.81185 3 cur guard 11.3474 2.91997
	was guard reflex vertex? 0
	was guard in reflex area? 0
	does guard intersect boundary ray 9.81185 3 11.3474 2.91997?1
	is guard inside polygon? 0
0 other guards have coords 11.3474 3
scaling gradient with 0.125 to 0.159035 -0.0271756
	>>>> prev guard 9.81185 3 cur guard 11.9181 2.9834
	was guard reflex vertex? 0
	was guard in reflex area? 0
	does guard intersect boundary ray 9.81185 3 11.9181 2.9834?1
	is guard inside polygon? 0
0 other guards have coords 11.9181 3
scaling gradient with 0.25 to 0.318069 -0.0543512
	>>>> prev guard 9.81185 3 cur guard 12.4065 3.03197
	was guard reflex vertex? 0
	was guard in reflex area? 0
	does guard intersect boundary ray 9.81185 3 12.4065 3.03197?1
	is guard inside polygon? 1
0 other guards have coords 12.4065 3
	 new best guard at 12.4065 3
scaling gradient with 0.5 to 0.636138 -0.108702
	>>>> prev guard 9.81185 3 cur guard 12.8544 3.06647
	was guard reflex vertex? 0
	was guard in reflex area? 0
	does guard intersect boundary ray 9.81185 3 12.8544 3.06647?1
	is guard inside polygon? 1
0 other guards have coords 12.8544 3
	 new best guard at 12.8544 3
scaling gradient with 1 to 1.27228 -0.217405
	>>>> prev guard 9.81185 3 cur guard 13.3209 3.08538
	was guard reflex vertex? 0
	was guard in reflex area? 0
	does guard intersect boundary ray 9.81185 3 13.3209 3.08538?1
	is guard inside polygon? 1
0 other guards have coords 13.3209 3
scaling gradient with 2 to 2.54455 -0.434809
	>>>> prev guard 9.81185 3 cur guard 13.904 3.08312
	was guard reflex vertex? 0
	was guard in reflex area? 0
	does guard intersect boundary ray 9.81185 3 13.904 3.08312?1
	is guard inside polygon? 1
0 other guards have coords 13.904 3
scaling gradient with 4 to 5.08911 -0.869619
	>>>> prev guard 9.81185 3 cur guard 14.7839 3.04652
	was guard reflex vertex? 0
	was guard in reflex area? 0
	does guard intersect boundary ray 9.81185 3 14.7839 3.04652?1
	is guard inside polygon? 1
0 other guards have coords 14.7839 3
scaling gradient with 8 to 10.1782 -1.73924
	>>>> prev guard 9.81185 3 cur guard 16.3085 2.94768
	was guard reflex vertex? 0
	was guard in reflex area? 0
	does guard intersect boundary ray 9.81185 3 16.3085 2.94768?1
	is guard inside polygon? 0
0 other guards have coords 16.3085 3
scaling gradient with 16 to 20.3564 -3.47848
	>>>> prev guard 9.81185 3 cur guard 19.1631 2.72946
	was guard reflex vertex? 0
	was guard in reflex area? 0
	does guard intersect boundary ray 9.81185 3 19.1631 2.72946?1
	is guard inside polygon? 0
0 other guards have coords 18 3
scaling gradient with 32 to 40.7128 -6.95695
	>>>> prev guard 9.81185 3 cur guard 23.547 2.27661
	was guard reflex vertex? 0
	was guard in reflex area? 0
	does guard intersect boundary ray 9.81185 3 23.547 2.27661?1
	is guard inside polygon? 0
0 other guards have coords 18 3
Df=0 0
h=0 0
Df=0 0
h=0 0
Df=0 0
h=0 0
Df=0.488657 -0.0459712
h=0.0228845 0.243255
Df=0 0
h=0 0
Df=0.0144493 -0.0230332
h=0.00612008 0.00383926
Df=0 0
h=0 0
Df=0.00580383 -0.0179575
h=0.00276128 0.00089244
Df=0.447932 0.0664741
h=0.0317659 0.247986
is completely visible? 1
are areas equal? 48=48?1
i=6
area=48
g0=6.40717 3
alpha0=0.4
area0=37.5978
g1=17.2175 3
alpha1=0.4
area1=34.9718
g2=12.8544 3
alpha2=0.4
area2=37.5131
g3=12.4964 3
alpha3=0.4
area3=38.5573
g4=8.63901 3
alpha4=0.4
area4=36.7554
