14
4 5 4 3
5 9 4 5
6 5 5 9
7 5 6 5
8 9 7 5
9 5 8 9
10 5 9 5
11 9 10 5
12 5 11 9
13 5 12 5
14 9 13 5
15 3 4 3
15 5 15 3
14 9 15 5
total area=38
i=0
area=32.1626
+++++4 guards with gradient 0
	======== guard 5.8 3.79
	was guard reflex vertex? 0
	computed gradient 0.0925655 -0.0918005 and pull 0.053869 0.0543179
	------- removing guard 5.8 3.79
g0=5.8 3.79
area0=28.4707
alpha0=0.4
scaling gradient with 0.03125 to 0.00289267 -0.00286876
	>>>> prev guard 5.8 3.79 cur guard 5.80454 3.79412
	was guard reflex vertex? 0
	was guard in reflex area? 0
	does guard intersect boundary ray 5.8 3.79 5.80454 3.79412?0
	is guard inside polygon? 1
0 other guards have coords 5.80454 3.79412
	 new best guard at 5.80454 3.79412
		new arrangement area = 32.1631
		old arrangement area = 32.1626
		new guard area = 28.4692
		best guard area = 28.4707
scaling gradient with 0.0625 to 0.00578534 -0.00573753
	>>>> prev guard 5.8 3.79 cur guard 5.80477 3.79389
	was guard reflex vertex? 0
	was guard in reflex area? 0
	does guard intersect boundary ray 5.8 3.79 5.80477 3.79389?0
	is guard inside polygon? 1
0 other guards have coords 5.80477 3.79389
	 new best guard at 5.80477 3.79389
		new arrangement area = 32.1636
		old arrangement area = 32.1631
		new guard area = 28.4698
		best guard area = 28.4692
scaling gradient with 0.125 to 0.0115707 -0.0114751
	>>>> prev guard 5.8 3.79 cur guard 5.80524 3.79343
	was guard reflex vertex? 0
	was guard in reflex area? 0
	does guard intersect boundary ray 5.8 3.79 5.80524 3.79343?0
	is guard inside polygon? 1
0 other guards have coords 5.80524 3.79343
	 new best guard at 5.80524 3.79343
		new arrangement area = 32.1646
		old arrangement area = 32.1636
		new guard area = 28.4712
		best guard area = 28.4698
scaling gradient with 0.25 to 0.0231414 -0.0229501
	>>>> prev guard 5.8 3.79 cur guard 5.80616 3.79251
	was guard reflex vertex? 0
	was guard in reflex area? 0
	does guard intersect boundary ray 5.8 3.79 5.80616 3.79251?0
	is guard inside polygon? 1
0 other guards have coords 5.80616 3.79251
	 new best guard at 5.80616 3.79251
		new arrangement area = 32.1666
		old arrangement area = 32.1646
		new guard area = 28.474
		best guard area = 28.4712
scaling gradient with 0.5 to 0.0462827 -0.0459002
	>>>> prev guard 5.8 3.79 cur guard 5.80801 3.79067
	was guard reflex vertex? 0
	was guard in reflex area? 0
	does guard intersect boundary ray 5.8 3.79 5.80801 3.79067?0
	is guard inside polygon? 1
0 other guards have coords 5.80801 3.79067
	 new best guard at 5.80801 3.79067
		new arrangement area = 32.1705
		old arrangement area = 32.1666
		new guard area = 28.4795
		best guard area = 28.474
scaling gradient with 1 to 0.0925655 -0.0918005
	>>>> prev guard 5.8 3.79 cur guard 5.81171 3.787
	was guard reflex vertex? 0
	was guard in reflex area? 0
	does guard intersect boundary ray 5.8 3.79 5.81171 3.787?0
	is guard inside polygon? 1
0 other guards have coords 5.81171 3.787
	 new best guard at 5.81171 3.787
		new arrangement area = 32.1785
		old arrangement area = 32.1705
		new guard area = 28.4905
		best guard area = 28.4795
scaling gradient with 2 to 0.185131 -0.183601
	>>>> prev guard 5.8 3.79 cur guard 5.81912 3.77966
	was guard reflex vertex? 0
	was guard in reflex area? 0
	does guard intersect boundary ray 5.8 3.79 5.81912 3.77966?0
	is guard inside polygon? 1
0 other guards have coords 5.81912 3.77966
	 new best guard at 5.81912 3.77966
		new arrangement area = 32.1945
		old arrangement area = 32.1785
		new guard area = 28.5126
		best guard area = 28.4905
scaling gradient with 4 to 0.370262 -0.367202
	>>>> prev guard 5.8 3.79 cur guard 5.83393 3.76497
	was guard reflex vertex? 0
	was guard in reflex area? 0
	does guard intersect boundary ray 5.8 3.79 5.83393 3.76497?0
	is guard inside polygon? 1
0 other guards have coords 5.83393 3.76497
	 new best guard at 5.83393 3.76497
		new arrangement area = 32.2268
		old arrangement area = 32.1945
		new guard area = 28.5573
		best guard area = 28.5126
scaling gradient with 8 to 0.740524 -0.734404
	>>>> prev guard 5.8 3.79 cur guard 5.86355 3.73559
	was guard reflex vertex? 0
	was guard in reflex area? 0
	does guard intersect boundary ray 5.8 3.79 5.86355 3.73559?0
	is guard inside polygon? 1
0 other guards have coords 5.86355 3.73559
	 new best guard at 5.86355 3.73559
		new arrangement area = 32.3089
		old arrangement area = 32.2268
		new guard area = 28.6482
		best guard area = 28.5573
scaling gradient with 16 to 1.48105 -1.46881
	>>>> prev guard 5.8 3.79 cur guard 5.92279 3.67684
	was guard reflex vertex? 0
	was guard in reflex area? 0
	does guard intersect boundary ray 5.8 3.79 5.92279 3.67684?0
	is guard inside polygon? 1
0 other guards have coords 5.92279 3.67684
	 new best guard at 5.92279 3.67684
		new arrangement area = 32.4798
		old arrangement area = 32.3089
		new guard area = 28.8371
		best guard area = 28.6482
scaling gradient with 32 to 2.96209 -2.93761
	>>>> prev guard 5.8 3.79 cur guard 6.04128 3.55934
	was guard reflex vertex? 0
	was guard in reflex area? 0
	does guard intersect boundary ray 5.8 3.79 6.04128 3.55934?0
	is guard inside polygon? 1
0 other guards have coords 6.04128 3.55934
	 new best guard at 6.04128 3.55934
		new arrangement area = 32.8518
		old arrangement area = 32.4798
		new guard area = 29.2455
		best guard area = 28.8371
---- official new best guard 6.04128 3.55934
Df=0 0
h=0 0
Df=0.0370262 -0.0367202
h=0.0215476 0.0217272
Df=0 0
h=0 0
Df=0 0
h=0 0
Df=0 0
h=0 0
Df=0 0
h=0 0
Df=0.241277 -0.230664
h=0.0215476 0.0217272
is completely visible? 0
are areas equal? 38=32.8518?0
+++++3 guards with gradient 0
	======== guard 13.29 6.14
	was guard reflex vertex? 0
	computed gradient 0 -0 and pull -0 -0
	======== guard 5.5 6.29
	was guard reflex vertex? 0
	computed gradient -0 -0 and pull 0 -0
	======== guard 4.67 3.42
	was guard reflex vertex? 0
	computed gradient 0.142012 -0.261105 and pull 0.0713664 0.0503751
	------- removing guard 4.67 3.42
g3=4.67 3.42
area3=28.0738
alpha3=0.4
scaling gradient with 0.03125 to 0.00443788 -0.00815953
	>>>> prev guard 4.67 3.42 cur guard 4.67606 3.42338
	was guard reflex vertex? 0
	was guard in reflex area? 0
	does guard intersect boundary ray 4.67 3.42 4.67606 3.42338?0
	is guard inside polygon? 1
0 other guards have coords 4.67606 3.42338
	 new best guard at 4.67606 3.42338
		new arrangement area = 32.8518
		old arrangement area = 32.8518
		new guard area = 28.0732
		best guard area = 28.0738
scaling gradient with 0.0625 to 0.00887576 -0.0163191
	>>>> prev guard 4.67 3.42 cur guard 4.67642 3.42272
	was guard reflex vertex? 0
	was guard in reflex area? 0
	does guard intersect boundary ray 4.67 3.42 4.67642 3.42272?0
	is guard inside polygon? 1
0 other guards have coords 4.67642 3.42272
	 new best guard at 4.67642 3.42272
		new arrangement area = 32.8518
		old arrangement area = 32.8518
		new guard area = 28.0742
		best guard area = 28.0732
scaling gradient with 0.125 to 0.0177515 -0.0326381
	>>>> prev guard 4.67 3.42 cur guard 4.67713 3.42142
	was guard reflex vertex? 0
	was guard in reflex area? 0
	does guard intersect boundary ray 4.67 3.42 4.67713 3.42142?0
	is guard inside polygon? 1
0 other guards have coords 4.67713 3.42142
	 new best guard at 4.67713 3.42142
		new arrangement area = 32.8518
		old arrangement area = 32.8518
		new guard area = 28.0761
		best guard area = 28.0742
scaling gradient with 0.25 to 0.0355031 -0.0652762
	>>>> prev guard 4.67 3.42 cur guard 4.67855 3.41881
	was guard reflex vertex? 0
	was guard in reflex area? 0
	does guard intersect boundary ray 4.67 3.42 4.67855 3.41881?0
	is guard inside polygon? 1
0 other guards have coords 4.67855 3.41881
	 new best guard at 4.67855 3.41881
		new arrangement area = 32.8518
		old arrangement area = 32.8518
		new guard area = 28.08
		best guard area = 28.0761
scaling gradient with 0.5 to 0.0710061 -0.130552
	>>>> prev guard 4.67 3.42 cur guard 4.68139 3.41359
	was guard reflex vertex? 0
	was guard in reflex area? 0
	does guard intersect boundary ray 4.67 3.42 4.68139 3.41359?0
	is guard inside polygon? 1
0 other guards have coords 4.68139 3.41359
	 new best guard at 4.68139 3.41359
		new arrangement area = 32.8518
		old arrangement area = 32.8518
		new guard area = 28.0877
		best guard area = 28.08
scaling gradient with 1 to 0.142012 -0.261105
	>>>> prev guard 4.67 3.42 cur guard 4.68707 3.40314
	was guard reflex vertex? 0
	was guard in reflex area? 0
	does guard intersect boundary ray 4.67 3.42 4.68707 3.40314?0
	is guard inside polygon? 1
0 other guards have coords 4.68707 3.40314
	 new best guard at 4.68707 3.40314
		new arrangement area = 32.8518
		old arrangement area = 32.8518
		new guard area = 28.1033
		best guard area = 28.0877
scaling gradient with 2 to 0.284024 -0.52221
	>>>> prev guard 4.67 3.42 cur guard 4.69843 3.38225
	was guard reflex vertex? 0
	was guard in reflex area? 0
	does guard intersect boundary ray 4.67 3.42 4.69843 3.38225?0
	is guard inside polygon? 1
0 other guards have coords 4.69843 3.38225
	 new best guard at 4.69843 3.38225
		new arrangement area = 32.8518
		old arrangement area = 32.8518
		new guard area = 28.1343
		best guard area = 28.1033
scaling gradient with 4 to 0.568049 -1.04442
	>>>> prev guard 4.67 3.42 cur guard 4.72115 3.34048
	was guard reflex vertex? 0
	was guard in reflex area? 0
	does guard intersect boundary ray 4.67 3.42 4.72115 3.34048?0
	is guard inside polygon? 1
0 other guards have coords 4.72115 3.34048
	 new best guard at 4.72115 3.34048
		new arrangement area = 32.8518
		old arrangement area = 32.8518
		new guard area = 28.1968
		best guard area = 28.1343
scaling gradient with 8 to 1.1361 -2.08884
	>>>> prev guard 4.67 3.42 cur guard 4.7666 3.25692
	was guard reflex vertex? 0
	was guard in reflex area? 0
	does guard intersect boundary ray 4.67 3.42 4.7666 3.25692?0
	is guard inside polygon? 1
0 other guards have coords 4.7666 3.25692
	 new best guard at 4.7666 3.25692
		new arrangement area = 32.8518
		old arrangement area = 32.8518
		new guard area = 28.3231
		best guard area = 28.1968
scaling gradient with 16 to 2.2722 -4.17768
	>>>> prev guard 4.67 3.42 cur guard 4.85748 3.08982
	was guard reflex vertex? 0
	was guard in reflex area? 0
	does guard intersect boundary ray 4.67 3.42 4.85748 3.08982?0
	is guard inside polygon? 1
0 other guards have coords 4.85748 3.08982
	 new best guard at 4.85748 3.08982
		new arrangement area = 32.8644
		old arrangement area = 32.8518
		new guard area = 28.5811
		best guard area = 28.3231
scaling gradient with 32 to 4.54439 -8.35536
	>>>> prev guard 4.67 3.42 cur guard 5.03926 2.7556
	was guard reflex vertex? 0
	was guard in reflex area? 0
	does guard intersect boundary ray 4.67 3.42 5.03926 2.7556?1
	is guard inside polygon? 0
0 other guards have coords 4.90343 3
	 new best guard at 4.90343 3
		new arrangement area = 32.8994
		old arrangement area = 32.8644
		new guard area = 28.7205
		best guard area = 28.5811
---- official new best guard 4.90343 3
Df=0.0214842 -0.0180848
h=0.00875668 0.0104027
Df=0.0199453 -0.029413
h=0.0104479 0.00708487
Df=0.00431327 -0.0118205
h=0.00256452 0.000935783
Df=0.00640741 -0.0216149
h=0.00388809 0.00115257
Df=0.00162981 -0.00756109
h=0.00100837 0.000217356
Df=0.00302489 -0.0159477
h=0.00188095 0.000356771
Df=0.369261 -0.664399
h=0.0285466 0.02015
is completely visible? 0
are areas equal? 38=32.8994?0
+++++2 guards with gradient 0
	======== guard 13.29 6.14
	was guard reflex vertex? 0
	computed gradient 0.370797 -0.0943255 and pull -0.0801878 -0.315221
	------- removing guard 13.29 6.14
g1=13.29 6.14
area1=8.50877
alpha1=0.4
scaling gradient with 0.03125 to 0.0115874 -0.00294767
	>>>> prev guard 13.29 6.14 cur guard 13.2845 6.11455
	was guard reflex vertex? 0
	was guard in reflex area? 0
	does guard intersect boundary ray 13.29 6.14 13.2845 6.11455?0
	is guard inside polygon? 1
0 other guards have coords 13.2845 6.11455
	 new best guard at 13.2845 6.11455
		new arrangement area = 32.8994
		old arrangement area = 32.8994
		new guard area = 8.51054
		best guard area = 8.50877
scaling gradient with 0.0625 to 0.0231748 -0.00589534
	>>>> prev guard 13.29 6.14 cur guard 13.2854 6.11431
	was guard reflex vertex? 0
	was guard in reflex area? 0
	does guard intersect boundary ray 13.29 6.14 13.2854 6.11431?0
	is guard inside polygon? 1
0 other guards have coords 13.2854 6.11431
	 new best guard at 13.2854 6.11431
		new arrangement area = 32.8994
		old arrangement area = 32.8994
		new guard area = 8.51231
		best guard area = 8.51054
scaling gradient with 0.125 to 0.0463496 -0.0117907
	>>>> prev guard 13.29 6.14 cur guard 13.2873 6.11384
	was guard reflex vertex? 0
	was guard in reflex area? 0
	does guard intersect boundary ray 13.29 6.14 13.2873 6.11384?0
	is guard inside polygon? 1
0 other guards have coords 13.2873 6.11384
	 new best guard at 13.2873 6.11384
		new arrangement area = 32.8994
		old arrangement area = 32.8994
		new guard area = 8.51586
		best guard area = 8.51231
scaling gradient with 0.25 to 0.0926992 -0.0235814
	>>>> prev guard 13.29 6.14 cur guard 13.291 6.1129
	was guard reflex vertex? 0
	was guard in reflex area? 0
	does guard intersect boundary ray 13.29 6.14 13.291 6.1129?0
	is guard inside polygon? 1
0 other guards have coords 13.291 6.1129
	 new best guard at 13.291 6.1129
		new arrangement area = 32.8994
		old arrangement area = 32.8994
		new guard area = 8.52296
		best guard area = 8.51586
scaling gradient with 0.5 to 0.185398 -0.0471627
	>>>> prev guard 13.29 6.14 cur guard 13.2984 6.11101
	was guard reflex vertex? 0
	was guard in reflex area? 0
	does guard intersect boundary ray 13.29 6.14 13.2984 6.11101?0
	is guard inside polygon? 1
0 other guards have coords 13.2984 6.11101
	 new best guard at 13.2984 6.11101
		new arrangement area = 32.8994
		old arrangement area = 32.8994
		new guard area = 8.5372
		best guard area = 8.52296
scaling gradient with 1 to 0.370797 -0.0943255
	>>>> prev guard 13.29 6.14 cur guard 13.3132 6.10724
	was guard reflex vertex? 0
	was guard in reflex area? 0
	does guard intersect boundary ray 13.29 6.14 13.3132 6.10724?0
	is guard inside polygon? 1
0 other guards have coords 13.3132 6.10724
	 new best guard at 13.3132 6.10724
		new arrangement area = 32.8994
		old arrangement area = 32.8994
		new guard area = 8.56582
		best guard area = 8.5372
scaling gradient with 2 to 0.741593 -0.188651
	>>>> prev guard 13.29 6.14 cur guard 13.3429 6.09969
	was guard reflex vertex? 0
	was guard in reflex area? 0
	does guard intersect boundary ray 13.29 6.14 13.3429 6.09969?0
	is guard inside polygon? 1
0 other guards have coords 13.3429 6.09969
	 new best guard at 13.3429 6.09969
		new arrangement area = 32.8994
		old arrangement area = 32.8994
		new guard area = 8.62365
		best guard area = 8.56582
scaling gradient with 4 to 1.48319 -0.377302
	>>>> prev guard 13.29 6.14 cur guard 13.4022 6.0846
	was guard reflex vertex? 0
	was guard in reflex area? 0
	does guard intersect boundary ray 13.29 6.14 13.4022 6.0846?0
	is guard inside polygon? 1
0 other guards have coords 13.4022 6.0846
	 new best guard at 13.4022 6.0846
		new arrangement area = 32.8994
		old arrangement area = 32.8994
		new guard area = 8.74173
		best guard area = 8.62365
scaling gradient with 8 to 2.96637 -0.754604
	>>>> prev guard 13.29 6.14 cur guard 13.5209 6.05441
	was guard reflex vertex? 0
	was guard in reflex area? 0
	does guard intersect boundary ray 13.29 6.14 13.5209 6.05441?0
	is guard inside polygon? 1
0 other guards have coords 13.5209 6.05441
	 new best guard at 13.5209 6.05441
		new arrangement area = 32.8994
		old arrangement area = 32.8994
		new guard area = 8.98803
		best guard area = 8.74173
scaling gradient with 16 to 5.93275 -1.50921
	>>>> prev guard 13.29 6.14 cur guard 13.7582 5.99405
	was guard reflex vertex? 0
	was guard in reflex area? 0
	does guard intersect boundary ray 13.29 6.14 13.7582 5.99405?0
	is guard inside polygon? 1
0 other guards have coords 13.7582 5.99405
	 new best guard at 13.7582 5.99405
		new arrangement area = 32.8994
		old arrangement area = 32.8994
		new guard area = 9.52549
		best guard area = 8.98803
scaling gradient with 32 to 11.8655 -3.01842
	>>>> prev guard 13.29 6.14 cur guard 14.2328 5.87331
	was guard reflex vertex? 0
	was guard in reflex area? 0
	does guard intersect boundary ray 13.29 6.14 14.2328 5.87331?0
	is guard inside polygon? 1
0 other guards have coords 14.2328 5.87331
	 new best guard at 14.2328 5.87331
		new arrangement area = 32.8994
		old arrangement area = 32.8994
		new guard area = 10.8233
		best guard area = 9.52549
---- official new best guard 14.2328 5.87331
Df=0.148319 -0.0377302
h=-0.0320751 -0.126088
Df=0.942825 -0.266691
h=-0.0320751 -0.126088
is completely visible? 0
are areas equal? 38=32.8994?0
+++++1 guards with gradient 0
	======== guard 5.5 6.29
	was guard reflex vertex? 0
	computed gradient -0.297906 -0.115468 and pull 0.0834598 -0.215326
	------- removing guard 5.5 6.29
g2=5.5 6.29
area2=8.77519
alpha2=0.4
scaling gradient with 0.03125 to -0.00930957 -0.00360836
	>>>> prev guard 5.5 6.29 cur guard 5.50593 6.27249
	was guard reflex vertex? 0
	was guard in reflex area? 0
	does guard intersect boundary ray 5.5 6.29 5.50593 6.27249?0
	is guard inside polygon? 1
0 other guards have coords 5.50593 6.27249
	 new best guard at 5.50593 6.27249
		new arrangement area = 32.8994
		old arrangement area = 32.8994
		new guard area = 8.77654
		best guard area = 8.77519
scaling gradient with 0.0625 to -0.0186191 -0.00721672
	>>>> prev guard 5.5 6.29 cur guard 5.50519 6.2722
	was guard reflex vertex? 0
	was guard in reflex area? 0
	does guard intersect boundary ray 5.5 6.29 5.50519 6.2722?0
	is guard inside polygon? 1
0 other guards have coords 5.50519 6.2722
	 new best guard at 5.50519 6.2722
		new arrangement area = 32.8994
		old arrangement area = 32.8994
		new guard area = 8.77789
		best guard area = 8.77654
scaling gradient with 0.125 to -0.0372383 -0.0144334
	>>>> prev guard 5.5 6.29 cur guard 5.5037 6.27162
	was guard reflex vertex? 0
	was guard in reflex area? 0
	does guard intersect boundary ray 5.5 6.29 5.5037 6.27162?0
	is guard inside polygon? 1
0 other guards have coords 5.5037 6.27162
	 new best guard at 5.5037 6.27162
		new arrangement area = 32.8994
		old arrangement area = 32.8994
		new guard area = 8.78058
		best guard area = 8.77789
scaling gradient with 0.25 to -0.0744766 -0.0288669
	>>>> prev guard 5.5 6.29 cur guard 5.50072 6.27046
	was guard reflex vertex? 0
	was guard in reflex area? 0
	does guard intersect boundary ray 5.5 6.29 5.50072 6.27046?0
	is guard inside polygon? 1
0 other guards have coords 5.50072 6.27046
	 new best guard at 5.50072 6.27046
		new arrangement area = 32.8994
		old arrangement area = 32.8994
		new guard area = 8.78598
		best guard area = 8.78058
scaling gradient with 0.5 to -0.148953 -0.0577338
	>>>> prev guard 5.5 6.29 cur guard 5.49476 6.26816
	was guard reflex vertex? 0
	was guard in reflex area? 0
	does guard intersect boundary ray 5.5 6.29 5.49476 6.26816?0
	is guard inside polygon? 1
0 other guards have coords 5.49476 6.26816
	 new best guard at 5.49476 6.26816
		new arrangement area = 32.8994
		old arrangement area = 32.8994
		new guard area = 8.79681
		best guard area = 8.78598
scaling gradient with 1 to -0.297906 -0.115468
	>>>> prev guard 5.5 6.29 cur guard 5.48284 6.26354
	was guard reflex vertex? 0
	was guard in reflex area? 0
	does guard intersect boundary ray 5.5 6.29 5.48284 6.26354?0
	is guard inside polygon? 1
0 other guards have coords 5.48284 6.26354
	 new best guard at 5.48284 6.26354
		new arrangement area = 32.8994
		old arrangement area = 32.8994
		new guard area = 8.81858
		best guard area = 8.79681
scaling gradient with 2 to -0.595812 -0.230935
	>>>> prev guard 5.5 6.29 cur guard 5.45901 6.2543
	was guard reflex vertex? 0
	was guard in reflex area? 0
	does guard intersect boundary ray 5.5 6.29 5.45901 6.2543?0
	is guard inside polygon? 1
0 other guards have coords 5.45901 6.2543
	 new best guard at 5.45901 6.2543
		new arrangement area = 32.8994
		old arrangement area = 32.8994
		new guard area = 8.86261
		best guard area = 8.81858
scaling gradient with 4 to -1.19162 -0.46187
	>>>> prev guard 5.5 6.29 cur guard 5.41135 6.23582
	was guard reflex vertex? 0
	was guard in reflex area? 0
	does guard intersect boundary ray 5.5 6.29 5.41135 6.23582?0
	is guard inside polygon? 1
0 other guards have coords 5.41135 6.23582
	 new best guard at 5.41135 6.23582
		new arrangement area = 32.8994
		old arrangement area = 32.8994
		new guard area = 8.95265
		best guard area = 8.86261
scaling gradient with 8 to -2.38325 -0.92374
	>>>> prev guard 5.5 6.29 cur guard 5.31602 6.19887
	was guard reflex vertex? 0
	was guard in reflex area? 0
	does guard intersect boundary ray 5.5 6.29 5.31602 6.19887?0
	is guard inside polygon? 1
0 other guards have coords 5.31602 6.19887
	 new best guard at 5.31602 6.19887
		new arrangement area = 32.8994
		old arrangement area = 32.8994
		new guard area = 9.14104
		best guard area = 8.95265
scaling gradient with 16 to -4.7665 -1.84748
	>>>> prev guard 5.5 6.29 cur guard 5.12536 6.12498
	was guard reflex vertex? 0
	was guard in reflex area? 0
	does guard intersect boundary ray 5.5 6.29 5.12536 6.12498?0
	is guard inside polygon? 1
0 other guards have coords 5.12536 6.12498
	 new best guard at 5.12536 6.12498
		new arrangement area = 32.8994
		old arrangement area = 32.8994
		new guard area = 9.55496
		best guard area = 9.14104
scaling gradient with 32 to -9.533 -3.69496
	>>>> prev guard 5.5 6.29 cur guard 4.74404 5.97718
	was guard reflex vertex? 0
	was guard in reflex area? 0
	does guard intersect boundary ray 5.5 6.29 4.74404 5.97718?0
	is guard inside polygon? 1
0 other guards have coords 4.74404 5.97718
	 new best guard at 4.74404 5.97718
		new arrangement area = 32.8994
		old arrangement area = 32.8994
		new guard area = 10.5706
		best guard area = 9.55496
---- official new best guard 4.74404 5.97718
Df=-0.119162 -0.046187
h=0.0333839 -0.0861306
Df=-0.755963 -0.312823
h=0.0333839 -0.0861306
is completely visible? 0
are areas equal? 38=32.8994?0
i=1
area=32.8994
+++++4 guards with gradient 0
	======== guard 6.04128 3.55934
	was guard reflex vertex? 0
	computed gradient 0.0918702 -0.0611371 and pull 0.035329 0.0530885
	------- removing guard 6.04128 3.55934
g0=6.04128 3.55934
area0=29.2455
alpha0=0.4
scaling gradient with 0.03125 to 0.00287094 -0.00191054
	>>>> prev guard 6.04128 3.55934 cur guard 6.23735 3.3789
	was guard reflex vertex? 0
	was guard in reflex area? 0
	does guard intersect boundary ray 6.04128 3.55934 6.23735 3.3789?0
	is guard inside polygon? 1
0 other guards have coords 6.23735 3.3789
	 new best guard at 6.23735 3.3789
		new arrangement area = 33.5539
		old arrangement area = 32.8994
		new guard area = 30.0063
		best guard area = 29.2455
scaling gradient with 0.0625 to 0.00574189 -0.00382107
	>>>> prev guard 6.04128 3.55934 cur guard 6.23758 3.37875
	was guard reflex vertex? 0
	was guard in reflex area? 0
	does guard intersect boundary ray 6.04128 3.55934 6.23758 3.37875?0
	is guard inside polygon? 1
0 other guards have coords 6.23758 3.37875
	 new best guard at 6.23758 3.37875
		new arrangement area = 33.5548
		old arrangement area = 33.5539
		new guard area = 30.0071
		best guard area = 30.0063
scaling gradient with 0.125 to 0.0114838 -0.00764214
	>>>> prev guard 6.04128 3.55934 cur guard 6.23804 3.37844
	was guard reflex vertex? 0
	was guard in reflex area? 0
	does guard intersect boundary ray 6.04128 3.55934 6.23804 3.37844?0
	is guard inside polygon? 1
0 other guards have coords 6.23804 3.37844
	 new best guard at 6.23804 3.37844
		new arrangement area = 33.5564
		old arrangement area = 33.5548
		new guard area = 30.0089
		best guard area = 30.0071
scaling gradient with 0.25 to 0.0229675 -0.0152843
	>>>> prev guard 6.04128 3.55934 cur guard 6.23896 3.37783
	was guard reflex vertex? 0
	was guard in reflex area? 0
	does guard intersect boundary ray 6.04128 3.55934 6.23896 3.37783?0
	is guard inside polygon? 1
0 other guards have coords 6.23896 3.37783
	 new best guard at 6.23896 3.37783
		new arrangement area = 33.5597
		old arrangement area = 33.5564
		new guard area = 30.0124
		best guard area = 30.0089
scaling gradient with 0.5 to 0.0459351 -0.0305686
	>>>> prev guard 6.04128 3.55934 cur guard 6.2408 3.37661
	was guard reflex vertex? 0
	was guard in reflex area? 0
	does guard intersect boundary ray 6.04128 3.55934 6.2408 3.37661?0
	is guard inside polygon? 1
0 other guards have coords 6.2408 3.37661
	 new best guard at 6.2408 3.37661
		new arrangement area = 33.5664
		old arrangement area = 33.5597
		new guard area = 30.0195
		best guard area = 30.0124
scaling gradient with 1 to 0.0918702 -0.0611371
	>>>> prev guard 6.04128 3.55934 cur guard 6.24447 3.37416
	was guard reflex vertex? 0
	was guard in reflex area? 0
	does guard intersect boundary ray 6.04128 3.55934 6.24447 3.37416?0
	is guard inside polygon? 1
0 other guards have coords 6.24447 3.37416
	 new best guard at 6.24447 3.37416
		new arrangement area = 33.5797
		old arrangement area = 33.5664
		new guard area = 30.0337
		best guard area = 30.0195
scaling gradient with 2 to 0.18374 -0.122274
	>>>> prev guard 6.04128 3.55934 cur guard 6.25182 3.36927
	was guard reflex vertex? 0
	was guard in reflex area? 0
	does guard intersect boundary ray 6.04128 3.55934 6.25182 3.36927?0
	is guard inside polygon? 1
0 other guards have coords 6.25182 3.36927
	 new best guard at 6.25182 3.36927
		new arrangement area = 33.6065
		old arrangement area = 33.5797
		new guard area = 30.0622
		best guard area = 30.0337
scaling gradient with 4 to 0.367481 -0.244549
	>>>> prev guard 6.04128 3.55934 cur guard 6.26652 3.35949
	was guard reflex vertex? 0
	was guard in reflex area? 0
	does guard intersect boundary ray 6.04128 3.55934 6.26652 3.35949?0
	is guard inside polygon? 1
0 other guards have coords 6.26652 3.35949
	 new best guard at 6.26652 3.35949
		new arrangement area = 33.6608
		old arrangement area = 33.6065
		new guard area = 30.1201
		best guard area = 30.0622
scaling gradient with 8 to 0.734962 -0.489097
	>>>> prev guard 6.04128 3.55934 cur guard 6.29592 3.33992
	was guard reflex vertex? 0
	was guard in reflex area? 0
	does guard intersect boundary ray 6.04128 3.55934 6.29592 3.33992?0
	is guard inside polygon? 1
0 other guards have coords 6.29592 3.33992
	 new best guard at 6.29592 3.33992
		new arrangement area = 33.7729
		old arrangement area = 33.6608
		new guard area = 30.2392
		best guard area = 30.1201
scaling gradient with 16 to 1.46992 -0.978194
	>>>> prev guard 6.04128 3.55934 cur guard 6.35472 3.3008
	was guard reflex vertex? 0
	was guard in reflex area? 0
	does guard intersect boundary ray 6.04128 3.55934 6.35472 3.3008?0
	is guard inside polygon? 1
0 other guards have coords 6.35472 3.3008
	 new best guard at 6.35472 3.3008
		new arrangement area = 34.0108
		old arrangement area = 33.7729
		new guard area = 30.4915
		best guard area = 30.2392
scaling gradient with 32 to 2.93985 -1.95639
	>>>> prev guard 6.04128 3.55934 cur guard 6.47231 3.22254
	was guard reflex vertex? 0
	was guard in reflex area? 0
	does guard intersect boundary ray 6.04128 3.55934 6.47231 3.22254?0
	is guard inside polygon? 1
0 other guards have coords 6.47231 3.22254
	 new best guard at 6.47231 3.22254
		new arrangement area = 34.5521
		old arrangement area = 34.0108
		new guard area = 30.94
		best guard area = 30.4915
---- official new best guard 6.47231 3.22254
Df=0 0
h=0 0
Df=0.0367481 -0.0244549
h=0.0141316 0.0212354
Df=0 0
h=0 0
Df=0 0
h=0 0
Df=0 0
h=0 0
Df=0 0
h=0 0
Df=0.431036 -0.336795
h=0.0141316 0.0212354
is completely visible? 0
are areas equal? 38=34.5521?0
+++++3 guards with gradient 0
	======== guard 14.2328 5.87331
	was guard reflex vertex? 0
	computed gradient 0 -0 and pull -0 -0
	======== guard 4.74404 5.97718
	was guard reflex vertex? 0
	computed gradient -0 -0 and pull 0 -0
	======== guard 4.90343 3
	was guard reflex vertex? 0
	computed gradient 0.15774 -0.222156 and pull 0.0553391 0.0514893
	------- removing guard 4.90343 3
g3=4.90343 3
area3=28.7205
alpha3=0.4
scaling gradient with 0.03125 to 0.00492937 -0.00694237
	>>>> prev guard 4.90343 3 cur guard 5.20366 2.47204
	was guard reflex vertex? 0
	was guard in reflex area? 0
	does guard intersect boundary ray 4.90343 3 5.20366 2.47204?1
	is guard inside polygon? 0
0 other guards have coords 5.20366 3
	 new best guard at 5.20366 3
		new arrangement area = 34.5521
		old arrangement area = 34.5521
		new guard area = 28.9793
		best guard area = 28.7205
scaling gradient with 0.0625 to 0.00985875 -0.0138847
	>>>> prev guard 4.90343 3 cur guard 5.20405 2.47149
	was guard reflex vertex? 0
	was guard in reflex area? 0
	does guard intersect boundary ray 4.90343 3 5.20405 2.47149?1
	is guard inside polygon? 0
0 other guards have coords 5.20405 3
	 new best guard at 5.20405 3
		new arrangement area = 34.5521
		old arrangement area = 34.5521
		new guard area = 28.9797
		best guard area = 28.9793
scaling gradient with 0.125 to 0.0197175 -0.0277695
	>>>> prev guard 4.90343 3 cur guard 5.20484 2.47038
	was guard reflex vertex? 0
	was guard in reflex area? 0
	does guard intersect boundary ray 4.90343 3 5.20484 2.47038?1
	is guard inside polygon? 0
0 other guards have coords 5.20484 3
	 new best guard at 5.20484 3
		new arrangement area = 34.5521
		old arrangement area = 34.5521
		new guard area = 28.9804
		best guard area = 28.9797
scaling gradient with 0.25 to 0.039435 -0.0555389
	>>>> prev guard 4.90343 3 cur guard 5.20642 2.46816
	was guard reflex vertex? 0
	was guard in reflex area? 0
	does guard intersect boundary ray 4.90343 3 5.20642 2.46816?1
	is guard inside polygon? 0
0 other guards have coords 5.20642 3
	 new best guard at 5.20642 3
		new arrangement area = 34.5521
		old arrangement area = 34.5521
		new guard area = 28.9819
		best guard area = 28.9804
scaling gradient with 0.5 to 0.07887 -0.111078
	>>>> prev guard 4.90343 3 cur guard 5.20957 2.46371
	was guard reflex vertex? 0
	was guard in reflex area? 0
	does guard intersect boundary ray 4.90343 3 5.20957 2.46371?1
	is guard inside polygon? 0
0 other guards have coords 5.20957 3
	 new best guard at 5.20957 3
		new arrangement area = 34.5521
		old arrangement area = 34.5521
		new guard area = 28.985
		best guard area = 28.9819
scaling gradient with 1 to 0.15774 -0.222156
	>>>> prev guard 4.90343 3 cur guard 5.21588 2.45483
	was guard reflex vertex? 0
	was guard in reflex area? 0
	does guard intersect boundary ray 4.90343 3 5.21588 2.45483?1
	is guard inside polygon? 0
0 other guards have coords 5.21588 3
	 new best guard at 5.21588 3
		new arrangement area = 34.5521
		old arrangement area = 34.5521
		new guard area = 28.9911
		best guard area = 28.985
scaling gradient with 2 to 0.31548 -0.444311
	>>>> prev guard 4.90343 3 cur guard 5.2285 2.43706
	was guard reflex vertex? 0
	was guard in reflex area? 0
	does guard intersect boundary ray 4.90343 3 5.2285 2.43706?1
	is guard inside polygon? 0
0 other guards have coords 5.2285 3
	 new best guard at 5.2285 3
		new arrangement area = 34.5521
		old arrangement area = 34.5521
		new guard area = 29.0033
		best guard area = 28.9911
scaling gradient with 4 to 0.63096 -0.888623
	>>>> prev guard 4.90343 3 cur guard 5.25374 2.40151
	was guard reflex vertex? 0
	was guard in reflex area? 0
	does guard intersect boundary ray 4.90343 3 5.25374 2.40151?1
	is guard inside polygon? 0
0 other guards have coords 5.25374 3
	 new best guard at 5.25374 3
		new arrangement area = 34.5521
		old arrangement area = 34.5521
		new guard area = 29.0283
		best guard area = 29.0033
scaling gradient with 8 to 1.26192 -1.77725
	>>>> prev guard 4.90343 3 cur guard 5.30422 2.33042
	was guard reflex vertex? 0
	was guard in reflex area? 0
	does guard intersect boundary ray 4.90343 3 5.30422 2.33042?1
	is guard inside polygon? 0
0 other guards have coords 5.30422 3
	 new best guard at 5.30422 3
		new arrangement area = 34.5521
		old arrangement area = 34.5521
		new guard area = 29.0796
		best guard area = 29.0283
scaling gradient with 16 to 2.52384 -3.55449
	>>>> prev guard 4.90343 3 cur guard 5.40517 2.18824
	was guard reflex vertex? 0
	was guard in reflex area? 0
	does guard intersect boundary ray 4.90343 3 5.40517 2.18824?1
	is guard inside polygon? 0
0 other guards have coords 5.40517 3
	 new best guard at 5.40517 3
		new arrangement area = 34.5521
		old arrangement area = 34.5521
		new guard area = 29.1887
		best guard area = 29.0796
scaling gradient with 32 to 5.04768 -7.10898
	>>>> prev guard 4.90343 3 cur guard 5.60708 1.90388
	was guard reflex vertex? 0
	was guard in reflex area? 0
	does guard intersect boundary ray 4.90343 3 5.60708 1.90388?1
	is guard inside polygon? 0
0 other guards have coords 5.60708 3
	 new best guard at 5.60708 3
		new arrangement area = 34.5521
		old arrangement area = 34.5521
		new guard area = 29.4374
		best guard area = 29.1887
---- official new best guard 5.60708 3
Df=0.0222963 -0.0122247
h=0.00535963 0.00977525
Df=0.0215388 -0.0225788
h=0.00779247 0.00743354
Df=0.00558158 -0.0114327
h=0.00250787 0.00122438
Df=0.00778982 -0.0198507
h=0.00362573 0.00142281
Df=0.00213379 -0.00757131
h=0.00102689 0.000289406
Df=0.00375568 -0.0152041
h=0.00182304 0.000450325
Df=0.70365 -1.09612
h=0.0221356 0.0205957
is completely visible? 0
are areas equal? 38=34.5521?0
+++++2 guards with gradient 0
	======== guard 14.2328 5.87331
	was guard reflex vertex? 0
	computed gradient 0.226934 -0.320356 and pull -0.212043 -0.150207
	------- removing guard 14.2328 5.87331
g1=14.2328 5.87331
area1=10.8233
alpha1=0.4
scaling gradient with 0.03125 to 0.00709168 -0.0100111
	>>>> prev guard 14.2328 5.87331 cur guard 14.9707 5.64714
	was guard reflex vertex? 0
	was guard in reflex area? 0
	does guard intersect boundary ray 14.2328 5.87331 14.9707 5.64714?1
	is guard inside polygon? 0
0 other guards have coords 14.8272 5.69111
	 new best guard at 14.8272 5.69111
		new arrangement area = 34.5521
		old arrangement area = 34.5521
		new guard area = 13.2878
		best guard area = 10.8233
scaling gradient with 0.0625 to 0.0141834 -0.0200222
	>>>> prev guard 14.2328 5.87331 cur guard 14.9713 5.64634
	was guard reflex vertex? 0
	was guard in reflex area? 0
	does guard intersect boundary ray 14.2328 5.87331 14.9713 5.64634?1
	is guard inside polygon? 0
0 other guards have coords 14.8274 5.69057
	 new best guard at 14.8274 5.69057
		new arrangement area = 34.5521
		old arrangement area = 34.5521
		new guard area = 13.2923
		best guard area = 13.2878
scaling gradient with 0.125 to 0.0283667 -0.0400445
	>>>> prev guard 14.2328 5.87331 cur guard 14.9724 5.64474
	was guard reflex vertex? 0
	was guard in reflex area? 0
	does guard intersect boundary ray 14.2328 5.87331 14.9724 5.64474?1
	is guard inside polygon? 0
0 other guards have coords 14.8276 5.68948
	 new best guard at 14.8276 5.68948
		new arrangement area = 34.5521
		old arrangement area = 34.5521
		new guard area = 13.3015
		best guard area = 13.2923
scaling gradient with 0.25 to 0.0567335 -0.080089
	>>>> prev guard 14.2328 5.87331 cur guard 14.9747 5.64153
	was guard reflex vertex? 0
	was guard in reflex area? 0
	does guard intersect boundary ray 14.2328 5.87331 14.9747 5.64153?1
	is guard inside polygon? 0
0 other guards have coords 14.8282 5.6873
	 new best guard at 14.8282 5.6873
		new arrangement area = 34.5521
		old arrangement area = 34.5521
		new guard area = 13.3199
		best guard area = 13.3015
scaling gradient with 0.5 to 0.113467 -0.160178
	>>>> prev guard 14.2328 5.87331 cur guard 14.9792 5.63513
	was guard reflex vertex? 0
	was guard in reflex area? 0
	does guard intersect boundary ray 14.2328 5.87331 14.9792 5.63513?1
	is guard inside polygon? 0
0 other guards have coords 14.8293 5.68298
	 new best guard at 14.8293 5.68298
		new arrangement area = 34.5521
		old arrangement area = 34.5521
		new guard area = 13.3567
		best guard area = 13.3199
scaling gradient with 1 to 0.226934 -0.320356
	>>>> prev guard 14.2328 5.87331 cur guard 14.9883 5.62231
	was guard reflex vertex? 0
	was guard in reflex area? 0
	does guard intersect boundary ray 14.2328 5.87331 14.9883 5.62231?1
	is guard inside polygon? 0
0 other guards have coords 14.8314 5.67444
	 new best guard at 14.8314 5.67444
		new arrangement area = 34.5521
		old arrangement area = 34.5521
		new guard area = 13.4309
		best guard area = 13.3567
scaling gradient with 2 to 0.453868 -0.640712
	>>>> prev guard 14.2328 5.87331 cur guard 15.0064 5.59668
	was guard reflex vertex? 0
	was guard in reflex area? 0
	does guard intersect boundary ray 14.2328 5.87331 15.0064 5.59668?1
	is guard inside polygon? 0
0 other guards have coords 14.8356 5.65778
	 new best guard at 14.8356 5.65778
		new arrangement area = 34.5521
		old arrangement area = 34.5521
		new guard area = 13.581
		best guard area = 13.4309
scaling gradient with 4 to 0.907736 -1.28142
	>>>> prev guard 14.2328 5.87331 cur guard 15.0427 5.54543
	was guard reflex vertex? 0
	was guard in reflex area? 0
	does guard intersect boundary ray 14.2328 5.87331 15.0427 5.54543?1
	is guard inside polygon? 0
0 other guards have coords 14.8435 5.62609
	 new best guard at 14.8435 5.62609
		new arrangement area = 34.5521
		old arrangement area = 34.5521
		new guard area = 13.8888
		best guard area = 13.581
scaling gradient with 8 to 1.81547 -2.56285
	>>>> prev guard 14.2328 5.87331 cur guard 15.1154 5.44291
	was guard reflex vertex? 0
	was guard in reflex area? 0
	does guard intersect boundary ray 14.2328 5.87331 15.1154 5.44291?1
	is guard inside polygon? 0
0 other guards have coords 14.8579 5.56848
	 new best guard at 14.8579 5.56848
		new arrangement area = 34.5521
		old arrangement area = 34.5521
		new guard area = 14.5363
		best guard area = 13.8888
scaling gradient with 16 to 3.63094 -5.12569
	>>>> prev guard 14.2328 5.87331 cur guard 15.2606 5.23788
	was guard reflex vertex? 0
	was guard in reflex area? 0
	does guard intersect boundary ray 14.2328 5.87331 15.2606 5.23788?1
	is guard inside polygon? 0
0 other guards have coords 14.882 5.47194
	 new best guard at 14.882 5.47194
		new arrangement area = 34.5521
		old arrangement area = 34.5521
		new guard area = 15.9756
		best guard area = 14.5363
scaling gradient with 32 to 7.26188 -10.2514
	>>>> prev guard 14.2328 5.87331 cur guard 15.5511 4.82783
	was guard reflex vertex? 0
	was guard in reflex area? 0
	does guard intersect boundary ray 14.2328 5.87331 15.5511 4.82783?1
	is guard inside polygon? 0
0 other guards have coords 14.9174 5.33038
	 new best guard at 14.9174 5.33038
		new arrangement area = 34.5521
		old arrangement area = 34.5521
		new guard area = 19.0216
		best guard area = 15.9756
---- official new best guard 14.9174 5.33038
Df=0.0907736 -0.128142
h=-0.0848174 -0.060083
Df=1.31825 -1.04548
h=-0.0848174 -0.060083
is completely visible? 0
are areas equal? 38=34.5521?0
+++++1 guards with gradient 0
	======== guard 4.74404 5.97718
	was guard reflex vertex? 0
	computed gradient -0.217429 -0.279461 and pull 0.175615 -0.136634
	------- removing guard 4.74404 5.97718
g2=4.74404 5.97718
area2=10.5706
alpha2=0.4
scaling gradient with 0.03125 to -0.00679466 -0.00873315
	>>>> prev guard 4.74404 5.97718 cur guard 4.15277 5.71529
	was guard reflex vertex? 0
	was guard in reflex area? 0
	does guard intersect boundary ray 4.74404 5.97718 4.15277 5.71529?1
	is guard inside polygon? 0
0 other guards have coords 4.18207 5.72826
	 new best guard at 4.18207 5.72826
		new arrangement area = 34.5521
		old arrangement area = 34.5521
		new guard area = 12.9925
		best guard area = 10.5706
scaling gradient with 0.0625 to -0.0135893 -0.0174663
	>>>> prev guard 4.74404 5.97718 cur guard 4.15223 5.71459
	was guard reflex vertex? 0
	was guard in reflex area? 0
	does guard intersect boundary ray 4.74404 5.97718 4.15223 5.71459?1
	is guard inside polygon? 0
0 other guards have coords 4.18194 5.72778
	 new best guard at 4.18194 5.72778
		new arrangement area = 34.5521
		old arrangement area = 34.5521
		new guard area = 12.9962
		best guard area = 12.9925
scaling gradient with 0.125 to -0.0271786 -0.0349326
	>>>> prev guard 4.74404 5.97718 cur guard 4.15114 5.71319
	was guard reflex vertex? 0
	was guard in reflex area? 0
	does guard intersect boundary ray 4.74404 5.97718 4.15114 5.71319?1
	is guard inside polygon? 0
0 other guards have coords 4.1817 5.7268
	 new best guard at 4.1817 5.7268
		new arrangement area = 34.5521
		old arrangement area = 34.5521
		new guard area = 13.0036
		best guard area = 12.9962
scaling gradient with 0.25 to -0.0543572 -0.0698652
	>>>> prev guard 4.74404 5.97718 cur guard 4.14897 5.7104
	was guard reflex vertex? 0
	was guard in reflex area? 0
	does guard intersect boundary ray 4.74404 5.97718 4.14897 5.7104?1
	is guard inside polygon? 0
0 other guards have coords 4.18121 5.72486
	 new best guard at 4.18121 5.72486
		new arrangement area = 34.5521
		old arrangement area = 34.5521
		new guard area = 13.0183
		best guard area = 13.0036
scaling gradient with 0.5 to -0.108714 -0.13973
	>>>> prev guard 4.74404 5.97718 cur guard 4.14462 5.70481
	was guard reflex vertex? 0
	was guard in reflex area? 0
	does guard intersect boundary ray 4.74404 5.97718 4.14462 5.70481?1
	is guard inside polygon? 0
0 other guards have coords 4.18025 5.721
	 new best guard at 4.18025 5.721
		new arrangement area = 34.5521
		old arrangement area = 34.5521
		new guard area = 13.0479
		best guard area = 13.0183
scaling gradient with 1 to -0.217429 -0.279461
	>>>> prev guard 4.74404 5.97718 cur guard 4.13592 5.69363
	was guard reflex vertex? 0
	was guard in reflex area? 0
	does guard intersect boundary ray 4.74404 5.97718 4.13592 5.69363?1
	is guard inside polygon? 0
0 other guards have coords 4.17835 5.71342
	 new best guard at 4.17835 5.71342
		new arrangement area = 34.5521
		old arrangement area = 34.5521
		new guard area = 13.1068
		best guard area = 13.0479
scaling gradient with 2 to -0.434858 -0.558922
	>>>> prev guard 4.74404 5.97718 cur guard 4.11853 5.67127
	was guard reflex vertex? 0
	was guard in reflex area? 0
	does guard intersect boundary ray 4.74404 5.97718 4.11853 5.67127?1
	is guard inside polygon? 0
0 other guards have coords 4.17468 5.69874
	 new best guard at 4.17468 5.69874
		new arrangement area = 34.5521
		old arrangement area = 34.5521
		new guard area = 13.2246
		best guard area = 13.1068
scaling gradient with 4 to -0.869716 -1.11784
	>>>> prev guard 4.74404 5.97718 cur guard 4.08374 5.62656
	was guard reflex vertex? 0
	was guard in reflex area? 0
	does guard intersect boundary ray 4.74404 5.97718 4.08374 5.62656?1
	is guard inside polygon? 0
0 other guards have coords 4.1678 5.6712
	 new best guard at 4.1678 5.6712
		new arrangement area = 34.5521
		old arrangement area = 34.5521
		new guard area = 13.4595
		best guard area = 13.2246
scaling gradient with 8 to -1.73943 -2.23569
	>>>> prev guard 4.74404 5.97718 cur guard 4.01416 5.53713
	was guard reflex vertex? 0
	was guard in reflex area? 0
	does guard intersect boundary ray 4.74404 5.97718 4.01416 5.53713?1
	is guard inside polygon? 0
0 other guards have coords 4.1556 5.62241
	 new best guard at 4.1556 5.62241
		new arrangement area = 34.5521
		old arrangement area = 34.5521
		new guard area = 13.9267
		best guard area = 13.4595
scaling gradient with 16 to -3.47886 -4.47137
	>>>> prev guard 4.74404 5.97718 cur guard 3.87501 5.35828
	was guard reflex vertex? 0
	was guard in reflex area? 0
	does guard intersect boundary ray 4.74404 5.97718 3.87501 5.35828?1
	is guard inside polygon? 0
0 other guards have coords 4.13605 5.54418
	 new best guard at 4.13605 5.54418
		new arrangement area = 34.5521
		old arrangement area = 34.5521
		new guard area = 14.8505
		best guard area = 13.9267
scaling gradient with 32 to -6.95773 -8.94275
	>>>> prev guard 4.74404 5.97718 cur guard 3.5967 5.00057
	was guard reflex vertex? 0
	was guard in reflex area? 0
	does guard intersect boundary ray 4.74404 5.97718 3.5967 5.00057?1
	is guard inside polygon? 0
0 other guards have coords 4.1092 5.43681
	 new best guard at 4.1092 5.43681
		new arrangement area = 34.5521
		old arrangement area = 34.5521
		new guard area = 16.6573
		best guard area = 14.8505
---- official new best guard 4.1092 5.43681
Df=-0.0869716 -0.111784
h=0.070246 -0.0546535
Df=-1.14734 -0.976609
h=0.070246 -0.0546535
is completely visible? 0
are areas equal? 38=34.5521?0
i=2
area=34.5521
+++++4 guards with gradient 0
	======== guard 6.47231 3.22254
	was guard reflex vertex? 0
	computed gradient 0.0609086 -0.0704598 and pull 0.0203754 0.0239691
	------- removing guard 6.47231 3.22254
g0=6.47231 3.22254
area0=30.94
alpha0=0.4
scaling gradient with 0.03125 to 0.0019034 -0.00220187
	>>>> prev guard 6.47231 3.22254 cur guard 6.81892 2.95485
	was guard reflex vertex? 0
	was guard in reflex area? 0
	does guard intersect boundary ray 6.47231 3.22254 6.81892 2.95485?1
	is guard inside polygon? 0
0 other guards have coords 6.76046 3
	 new best guard at 6.76046 3
		new arrangement area = 35.0697
		old arrangement area = 34.5521
		new guard area = 30.8366
		best guard area = 30.94
scaling gradient with 0.0625 to 0.00380679 -0.00440373
	>>>> prev guard 6.47231 3.22254 cur guard 6.81908 2.95467
	was guard reflex vertex? 0
	was guard in reflex area? 0
	does guard intersect boundary ray 6.47231 3.22254 6.81908 2.95467?1
	is guard inside polygon? 0
0 other guards have coords 6.7604 3
scaling gradient with 0.125 to 0.00761358 -0.00880747
	>>>> prev guard 6.47231 3.22254 cur guard 6.81938 2.95432
	was guard reflex vertex? 0
	was guard in reflex area? 0
	does guard intersect boundary ray 6.47231 3.22254 6.81938 2.95432?1
	is guard inside polygon? 0
0 other guards have coords 6.76027 3
scaling gradient with 0.25 to 0.0152272 -0.0176149
	>>>> prev guard 6.47231 3.22254 cur guard 6.81999 2.95361
	was guard reflex vertex? 0
	was guard in reflex area? 0
	does guard intersect boundary ray 6.47231 3.22254 6.81999 2.95361?1
	is guard inside polygon? 0
0 other guards have coords 6.76002 3
scaling gradient with 0.5 to 0.0304543 -0.0352299
	>>>> prev guard 6.47231 3.22254 cur guard 6.82121 2.9522
	was guard reflex vertex? 0
	was guard in reflex area? 0
	does guard intersect boundary ray 6.47231 3.22254 6.82121 2.9522?1
	is guard inside polygon? 0
0 other guards have coords 6.75952 3
scaling gradient with 1 to 0.0609086 -0.0704598
	>>>> prev guard 6.47231 3.22254 cur guard 6.82364 2.94939
	was guard reflex vertex? 0
	was guard in reflex area? 0
	does guard intersect boundary ray 6.47231 3.22254 6.82364 2.94939?1
	is guard inside polygon? 0
0 other guards have coords 6.75854 3
scaling gradient with 2 to 0.121817 -0.14092
	>>>> prev guard 6.47231 3.22254 cur guard 6.82852 2.94375
	was guard reflex vertex? 0
	was guard in reflex area? 0
	does guard intersect boundary ray 6.47231 3.22254 6.82852 2.94375?1
	is guard inside polygon? 0
0 other guards have coords 6.75665 3
scaling gradient with 4 to 0.243635 -0.281839
	>>>> prev guard 6.47231 3.22254 cur guard 6.83826 2.93248
	was guard reflex vertex? 0
	was guard in reflex area? 0
	does guard intersect boundary ray 6.47231 3.22254 6.83826 2.93248?1
	is guard inside polygon? 0
0 other guards have coords 6.75307 3
scaling gradient with 8 to 0.487269 -0.563678
	>>>> prev guard 6.47231 3.22254 cur guard 6.85775 2.90993
	was guard reflex vertex? 0
	was guard in reflex area? 0
	does guard intersect boundary ray 6.47231 3.22254 6.85775 2.90993?1
	is guard inside polygon? 0
0 other guards have coords 6.7467 3
scaling gradient with 16 to 0.974538 -1.12736
	>>>> prev guard 6.47231 3.22254 cur guard 6.89673 2.86483
	was guard reflex vertex? 0
	was guard in reflex area? 0
	does guard intersect boundary ray 6.47231 3.22254 6.89673 2.86483?1
	is guard inside polygon? 0
0 other guards have coords 6.73636 3
scaling gradient with 32 to 1.94908 -2.25471
	>>>> prev guard 6.47231 3.22254 cur guard 6.9747 2.77465
	was guard reflex vertex? 0
	was guard in reflex area? 0
	does guard intersect boundary ray 6.47231 3.22254 6.9747 2.77465?1
	is guard inside polygon? 0
0 other guards have coords 6.72193 3
---- official new best guard 6.76046 3
Df=0 0
h=0 0
Df=0.0119503 -0.00354778
h=0.00191344 0.00644523
Df=0 0
h=0 0
Df=0.0124131 -0.0246361
h=0.00623671 0.00314242
Df=0 0
h=0 0
Df=0 0
h=0 0
Df=0.346611 -0.267695
h=0.00815015 0.00958765
is completely visible? 0
are areas equal? 38=35.0697?0
+++++3 guards with gradient 0
	======== guard 14.9174 5.33038
	was guard reflex vertex? 0
	computed gradient 0 -0 and pull -0 -0
	======== guard 4.1092 5.43681
	was guard reflex vertex? 0
	computed gradient -0 -0 and pull 0 -0
	======== guard 5.60708 3
	was guard reflex vertex? 0
	computed gradient 0.178236 -0.14402 and pull 0.0444975 0.0709253
	------- removing guard 5.60708 3
g3=5.60708 3
area3=29.4374
alpha3=0.4
scaling gradient with 0.03125 to 0.00556986 -0.00450062
	>>>> prev guard 5.60708 3 cur guard 6.174 2.12842
	was guard reflex vertex? 0
	was guard in reflex area? 0
	does guard intersect boundary ray 5.60708 3 6.174 2.12842?1
	is guard inside polygon? 0
0 other guards have coords 6.174 3
	 new best guard at 6.174 3
		new arrangement area = 35.0697
		old arrangement area = 35.0697
		new guard area = 30.4872
		best guard area = 29.4374
scaling gradient with 0.0625 to 0.0111397 -0.00900124
	>>>> prev guard 5.60708 3 cur guard 6.17445 2.12806
	was guard reflex vertex? 0
	was guard in reflex area? 0
	does guard intersect boundary ray 5.60708 3 6.17445 2.12806?1
	is guard inside polygon? 0
0 other guards have coords 6.17445 3
	 new best guard at 6.17445 3
		new arrangement area = 35.0697
		old arrangement area = 35.0697
		new guard area = 30.4884
		best guard area = 30.4872
scaling gradient with 0.125 to 0.0222795 -0.0180025
	>>>> prev guard 5.60708 3 cur guard 6.17534 2.12734
	was guard reflex vertex? 0
	was guard in reflex area? 0
	does guard intersect boundary ray 5.60708 3 6.17534 2.12734?1
	is guard inside polygon? 0
0 other guards have coords 6.17534 3
	 new best guard at 6.17534 3
		new arrangement area = 35.0697
		old arrangement area = 35.0697
		new guard area = 30.4907
		best guard area = 30.4884
scaling gradient with 0.25 to 0.0445589 -0.036005
	>>>> prev guard 5.60708 3 cur guard 6.17712 2.1259
	was guard reflex vertex? 0
	was guard in reflex area? 0
	does guard intersect boundary ray 5.60708 3 6.17712 2.1259?1
	is guard inside polygon? 0
0 other guards have coords 6.17712 3
	 new best guard at 6.17712 3
		new arrangement area = 35.0697
		old arrangement area = 35.0697
		new guard area = 30.4953
		best guard area = 30.4907
scaling gradient with 0.5 to 0.0891178 -0.07201
	>>>> prev guard 5.60708 3 cur guard 6.18069 2.12302
	was guard reflex vertex? 0
	was guard in reflex area? 0
	does guard intersect boundary ray 5.60708 3 6.18069 2.12302?1
	is guard inside polygon? 0
0 other guards have coords 6.18069 3
	 new best guard at 6.18069 3
		new arrangement area = 35.0697
		old arrangement area = 35.0697
		new guard area = 30.5045
		best guard area = 30.4953
scaling gradient with 1 to 0.178236 -0.14402
	>>>> prev guard 5.60708 3 cur guard 6.18782 2.11726
	was guard reflex vertex? 0
	was guard in reflex area? 0
	does guard intersect boundary ray 5.60708 3 6.18782 2.11726?1
	is guard inside polygon? 0
0 other guards have coords 6.18782 3
	 new best guard at 6.18782 3
		new arrangement area = 35.0697
		old arrangement area = 35.0697
		new guard area = 30.523
		best guard area = 30.5045
scaling gradient with 2 to 0.356471 -0.28804
	>>>> prev guard 5.60708 3 cur guard 6.20208 2.10574
	was guard reflex vertex? 0
	was guard in reflex area? 0
	does guard intersect boundary ray 5.60708 3 6.20208 2.10574?1
	is guard inside polygon? 0
0 other guards have coords 6.20208 3
	 new best guard at 6.20208 3
		new arrangement area = 35.0697
		old arrangement area = 35.0697
		new guard area = 30.5606
		best guard area = 30.523
scaling gradient with 4 to 0.712943 -0.57608
	>>>> prev guard 5.60708 3 cur guard 6.23059 2.08269
	was guard reflex vertex? 0
	was guard in reflex area? 0
	does guard intersect boundary ray 5.60708 3 6.23059 2.08269?1
	is guard inside polygon? 0
0 other guards have coords 6.23059 3
	 new best guard at 6.23059 3
		new arrangement area = 35.0697
		old arrangement area = 35.0697
		new guard area = 30.6382
		best guard area = 30.5606
scaling gradient with 8 to 1.42589 -1.15216
	>>>> prev guard 5.60708 3 cur guard 6.28763 2.03661
	was guard reflex vertex? 0
	was guard in reflex area? 0
	does guard intersect boundary ray 5.60708 3 6.28763 2.03661?1
	is guard inside polygon? 0
0 other guards have coords 6.28763 3
	 new best guard at 6.28763 3
		new arrangement area = 35.0697
		old arrangement area = 35.0697
		new guard area = 30.8035
		best guard area = 30.6382
scaling gradient with 16 to 2.85177 -2.30432
	>>>> prev guard 5.60708 3 cur guard 6.4017 1.94443
	was guard reflex vertex? 0
	was guard in reflex area? 0
	does guard intersect boundary ray 5.60708 3 6.4017 1.94443?1
	is guard inside polygon? 0
0 other guards have coords 6.4017 3
	 new best guard at 6.4017 3
		new arrangement area = 35.0697
		old arrangement area = 35.0697
		new guard area = 31.1815
		best guard area = 30.8035
scaling gradient with 32 to 5.70354 -4.60864
	>>>> prev guard 5.60708 3 cur guard 6.62984 1.76009
	was guard reflex vertex? 0
	was guard in reflex area? 0
	does guard intersect boundary ray 5.60708 3 6.62984 1.76009?1
	is guard inside polygon? 0
0 other guards have coords 6.62984 3
	 new best guard at 6.62984 3
		new arrangement area = 35.0697
		old arrangement area = 35.0697
		new guard area = 31.1561
		best guard area = 31.1815
---- official new best guard 6.62984 3
Df=0.0279213 -0.00548544
h=0.00269127 0.0136988
Df=0.0262704 -0.0182963
h=0.00750693 0.0107787
Df=0.00747785 -0.0126859
h=0.00322098 0.00189865
Df=0.00962472 -0.0211403
h=0.0043798 0.00199403
Df=0 0
h=0 0
Df=0 0
h=0 0
Df=1.02276 -1.23991
h=0.017799 0.0283701
is completely visible? 0
are areas equal? 38=35.0697?0
+++++2 guards with gradient 0
	======== guard 14.9174 5.33038
	was guard reflex vertex? 0
	computed gradient 0.722332 -4.19216 and pull -2.15462 -0.371253
	------- removing guard 14.9174 5.33038
g1=14.9174 5.33038
area1=19.0216
alpha1=0.4
scaling gradient with 0.03125 to 0.0225729 -0.131005
	>>>> prev guard 14.9174 5.33038 cur guard 15.8014 4.45381
	was guard reflex vertex? 0
	was guard in reflex area? 0
	does guard intersect boundary ray 14.9174 5.33038 15.8014 4.45381?1
	is guard inside polygon? 0
0 other guards have coords 15 5
	 new best guard at 15 5
		new arrangement area = 35.0697
		old arrangement area = 35.0697
		new guard area = 26
		best guard area = 19.0216
scaling gradient with 0.0625 to 0.0451457 -0.26201
	>>>> prev guard 14.9174 5.33038 cur guard 15.8032 4.44333
	was guard reflex vertex? 0
	was guard in reflex area? 0
	does guard intersect boundary ray 14.9174 5.33038 15.8032 4.44333?1
	is guard inside polygon? 0
1 other guards have coords 15 5
	guard not allowed to use pull
	>>>> prev guard 14.9174 5.33038 cur guard 15.8032 4.44333
	was guard reflex vertex? 0
	was guard in reflex area? 0
	does guard intersect boundary ray 14.9174 5.33038 15.8032 4.44333?1
	is guard inside polygon? 0
1 other guards have coords 15 5
scaling gradient with 0.125 to 0.0902915 -0.52402
	>>>> prev guard 14.9174 5.33038 cur guard 15.8069 4.42237
	was guard reflex vertex? 0
	was guard in reflex area? 0
	does guard intersect boundary ray 14.9174 5.33038 15.8069 4.42237?1
	is guard inside polygon? 0
1 other guards have coords 15 5
	guard not allowed to use pull
	>>>> prev guard 14.9174 5.33038 cur guard 15.8069 4.42237
	was guard reflex vertex? 0
	was guard in reflex area? 0
	does guard intersect boundary ray 14.9174 5.33038 15.8069 4.42237?1
	is guard inside polygon? 0
1 other guards have coords 15 5
scaling gradient with 0.25 to 0.180583 -1.04804
	>>>> prev guard 14.9174 5.33038 cur guard 15.8141 4.38045
	was guard reflex vertex? 0
	was guard in reflex area? 0
	does guard intersect boundary ray 14.9174 5.33038 15.8141 4.38045?1
	is guard inside polygon? 0
1 other guards have coords 15 5
	guard not allowed to use pull
	>>>> prev guard 14.9174 5.33038 cur guard 15.8141 4.38045
	was guard reflex vertex? 0
	was guard in reflex area? 0
	does guard intersect boundary ray 14.9174 5.33038 15.8141 4.38045?1
	is guard inside polygon? 0
1 other guards have coords 15 5
scaling gradient with 0.5 to 0.361166 -2.09608
	>>>> prev guard 14.9174 5.33038 cur guard 15.8285 4.29661
	was guard reflex vertex? 0
	was guard in reflex area? 0
	does guard intersect boundary ray 14.9174 5.33038 15.8285 4.29661?1
	is guard inside polygon? 0
1 other guards have coords 15 5
	guard not allowed to use pull
	>>>> prev guard 14.9174 5.33038 cur guard 15.8285 4.29661
	was guard reflex vertex? 0
	was guard in reflex area? 0
	does guard intersect boundary ray 14.9174 5.33038 15.8285 4.29661?1
	is guard inside polygon? 0
1 other guards have coords 15 5
scaling gradient with 1 to 0.722332 -4.19216
	>>>> prev guard 14.9174 5.33038 cur guard 15.8574 4.12892
	was guard reflex vertex? 0
	was guard in reflex area? 0
	does guard intersect boundary ray 14.9174 5.33038 15.8574 4.12892?1
	is guard inside polygon? 0
1 other guards have coords 15 5
	guard not allowed to use pull
	>>>> prev guard 14.9174 5.33038 cur guard 15.8574 4.12892
	was guard reflex vertex? 0
	was guard in reflex area? 0
	does guard intersect boundary ray 14.9174 5.33038 15.8574 4.12892?1
	is guard inside polygon? 0
1 other guards have coords 15 5
scaling gradient with 2 to 1.44466 -8.38432
	>>>> prev guard 14.9174 5.33038 cur guard 15.9152 3.79355
	was guard reflex vertex? 0
	was guard in reflex area? 0
	does guard intersect boundary ray 14.9174 5.33038 15.9152 3.79355?1
	is guard inside polygon? 0
1 other guards have coords 15 5
	guard not allowed to use pull
	>>>> prev guard 14.9174 5.33038 cur guard 15.9152 3.79355
	was guard reflex vertex? 0
	was guard in reflex area? 0
	does guard intersect boundary ray 14.9174 5.33038 15.9152 3.79355?1
	is guard inside polygon? 0
1 other guards have coords 15 5
scaling gradient with 4 to 2.88933 -16.7686
	>>>> prev guard 14.9174 5.33038 cur guard 16.0308 3.1228
	was guard reflex vertex? 0
	was guard in reflex area? 0
	does guard intersect boundary ray 14.9174 5.33038 16.0308 3.1228?1
	is guard inside polygon? 0
1 other guards have coords 15 5
	guard not allowed to use pull
	>>>> prev guard 14.9174 5.33038 cur guard 16.0308 3.1228
	was guard reflex vertex? 0
	was guard in reflex area? 0
	does guard intersect boundary ray 14.9174 5.33038 16.0308 3.1228?1
	is guard inside polygon? 0
1 other guards have coords 15 5
scaling gradient with 8 to 5.77866 -33.5373
	>>>> prev guard 14.9174 5.33038 cur guard 16.2619 1.78131
	was guard reflex vertex? 0
	was guard in reflex area? 0
	does guard intersect boundary ray 14.9174 5.33038 16.2619 1.78131?1
	is guard inside polygon? 0
1 other guards have coords 15 5
	guard not allowed to use pull
	>>>> prev guard 14.9174 5.33038 cur guard 16.2619 1.78131
	was guard reflex vertex? 0
	was guard in reflex area? 0
	does guard intersect boundary ray 14.9174 5.33038 16.2619 1.78131?1
	is guard inside polygon? 0
1 other guards have coords 15 5
scaling gradient with 16 to 11.5573 -67.0746
	>>>> prev guard 14.9174 5.33038 cur guard 16.7242 -0.90167
	was guard reflex vertex? 0
	was guard in reflex area? 0
	does guard intersect boundary ray 14.9174 5.33038 16.7242 -0.90167?1
	is guard inside polygon? 0
1 other guards have coords 15 5
	guard not allowed to use pull
	>>>> prev guard 14.9174 5.33038 cur guard 16.7242 -0.90167
	was guard reflex vertex? 0
	was guard in reflex area? 0
	does guard intersect boundary ray 14.9174 5.33038 16.7242 -0.90167?1
	is guard inside polygon? 0
1 other guards have coords 15 5
scaling gradient with 32 to 23.1146 -134.149
	>>>> prev guard 14.9174 5.33038 cur guard 17.6488 -6.26763
	was guard reflex vertex? 0
	was guard in reflex area? 0
	does guard intersect boundary ray 14.9174 5.33038 17.6488 -6.26763?1
	is guard inside polygon? 0
1 other guards have coords 15 5
	guard not allowed to use pull
	>>>> prev guard 14.9174 5.33038 cur guard 17.6488 -6.26763
	was guard reflex vertex? 0
	was guard in reflex area? 0
	does guard intersect boundary ray 14.9174 5.33038 17.6488 -6.26763?1
	is guard inside polygon? 0
1 other guards have coords 15 5
---- official new best guard 15 5
Df=0.288933 -1.67686
h=-0.861848 -0.148501
Df=0.884034 -0.876565
h=-0.861848 -0.148501
is completely visible? 0
are areas equal? 38=35.0697?0
+++++1 guards with gradient 0
	======== guard 4.1092 5.43681
	was guard reflex vertex? 0
	computed gradient -0.170023 -0.735971 and pull 0.37925 -0.0876138
	------- removing guard 4.1092 5.43681
g2=4.1092 5.43681
area2=16.6573
alpha2=0.4
scaling gradient with 0.03125 to -0.00531322 -0.0229991
	>>>> prev guard 4.1092 5.43681 cur guard 3.22125 4.64667
	was guard reflex vertex? 0
	was guard in reflex area? 0
	does guard intersect boundary ray 4.1092 5.43681 3.22125 4.64667?1
	is guard inside polygon? 0
0 other guards have coords 4 5
	 new best guard at 4 5
		new arrangement area = 35.0697
		old arrangement area = 35.0697
		new guard area = 26
		best guard area = 16.6573
scaling gradient with 0.0625 to -0.0106264 -0.0459982
	>>>> prev guard 4.1092 5.43681 cur guard 3.22082 4.64483
	was guard reflex vertex? 0
	was guard in reflex area? 0
	does guard intersect boundary ray 4.1092 5.43681 3.22082 4.64483?1
	is guard inside polygon? 0
1 other guards have coords 4 5
	guard not allowed to use pull
	>>>> prev guard 4.1092 5.43681 cur guard 3.22082 4.64483
	was guard reflex vertex? 0
	was guard in reflex area? 0
	does guard intersect boundary ray 4.1092 5.43681 3.22082 4.64483?1
	is guard inside polygon? 0
1 other guards have coords 4 5
scaling gradient with 0.125 to -0.0212529 -0.0919964
	>>>> prev guard 4.1092 5.43681 cur guard 3.21997 4.64115
	was guard reflex vertex? 0
	was guard in reflex area? 0
	does guard intersect boundary ray 4.1092 5.43681 3.21997 4.64115?1
	is guard inside polygon? 0
1 other guards have coords 4 5
	guard not allowed to use pull
	>>>> prev guard 4.1092 5.43681 cur guard 3.21997 4.64115
	was guard reflex vertex? 0
	was guard in reflex area? 0
	does guard intersect boundary ray 4.1092 5.43681 3.21997 4.64115?1
	is guard inside polygon? 0
1 other guards have coords 4 5
scaling gradient with 0.25 to -0.0425058 -0.183993
	>>>> prev guard 4.1092 5.43681 cur guard 3.21827 4.63379
	was guard reflex vertex? 0
	was guard in reflex area? 0
	does guard intersect boundary ray 4.1092 5.43681 3.21827 4.63379?1
	is guard inside polygon? 0
1 other guards have coords 4 5
	guard not allowed to use pull
	>>>> prev guard 4.1092 5.43681 cur guard 3.21827 4.63379
	was guard reflex vertex? 0
	was guard in reflex area? 0
	does guard intersect boundary ray 4.1092 5.43681 3.21827 4.63379?1
	is guard inside polygon? 0
1 other guards have coords 4 5
scaling gradient with 0.5 to -0.0850115 -0.367986
	>>>> prev guard 4.1092 5.43681 cur guard 3.21487 4.61907
	was guard reflex vertex? 0
	was guard in reflex area? 0
	does guard intersect boundary ray 4.1092 5.43681 3.21487 4.61907?1
	is guard inside polygon? 0
1 other guards have coords 4 5
	guard not allowed to use pull
	>>>> prev guard 4.1092 5.43681 cur guard 3.21487 4.61907
	was guard reflex vertex? 0
	was guard in reflex area? 0
	does guard intersect boundary ray 4.1092 5.43681 3.21487 4.61907?1
	is guard inside polygon? 0
1 other guards have coords 4 5
scaling gradient with 1 to -0.170023 -0.735971
	>>>> prev guard 4.1092 5.43681 cur guard 3.20807 4.58964
	was guard reflex vertex? 0
	was guard in reflex area? 0
	does guard intersect boundary ray 4.1092 5.43681 3.20807 4.58964?1
	is guard inside polygon? 0
1 other guards have coords 4 5
	guard not allowed to use pull
	>>>> prev guard 4.1092 5.43681 cur guard 3.20807 4.58964
	was guard reflex vertex? 0
	was guard in reflex area? 0
	does guard intersect boundary ray 4.1092 5.43681 3.20807 4.58964?1
	is guard inside polygon? 0
1 other guards have coords 4 5
scaling gradient with 2 to -0.340046 -1.47194
	>>>> prev guard 4.1092 5.43681 cur guard 3.19447 4.53076
	was guard reflex vertex? 0
	was guard in reflex area? 0
	does guard intersect boundary ray 4.1092 5.43681 3.19447 4.53076?1
	is guard inside polygon? 0
1 other guards have coords 4 5
	guard not allowed to use pull
	>>>> prev guard 4.1092 5.43681 cur guard 3.19447 4.53076
	was guard reflex vertex? 0
	was guard in reflex area? 0
	does guard intersect boundary ray 4.1092 5.43681 3.19447 4.53076?1
	is guard inside polygon? 0
1 other guards have coords 4 5
scaling gradient with 4 to -0.680092 -2.94389
	>>>> prev guard 4.1092 5.43681 cur guard 3.16726 4.413
	was guard reflex vertex? 0
	was guard in reflex area? 0
	does guard intersect boundary ray 4.1092 5.43681 3.16726 4.413?1
	is guard inside polygon? 0
1 other guards have coords 4 5
	guard not allowed to use pull
	>>>> prev guard 4.1092 5.43681 cur guard 3.16726 4.413
	was guard reflex vertex? 0
	was guard in reflex area? 0
	does guard intersect boundary ray 4.1092 5.43681 3.16726 4.413?1
	is guard inside polygon? 0
1 other guards have coords 4 5
scaling gradient with 8 to -1.36018 -5.88777
	>>>> prev guard 4.1092 5.43681 cur guard 3.11286 4.17749
	was guard reflex vertex? 0
	was guard in reflex area? 0
	does guard intersect boundary ray 4.1092 5.43681 3.11286 4.17749?1
	is guard inside polygon? 0
1 other guards have coords 4 5
	guard not allowed to use pull
	>>>> prev guard 4.1092 5.43681 cur guard 3.11286 4.17749
	was guard reflex vertex? 0
	was guard in reflex area? 0
	does guard intersect boundary ray 4.1092 5.43681 3.11286 4.17749?1
	is guard inside polygon? 0
1 other guards have coords 4 5
scaling gradient with 16 to -2.72037 -11.7755
	>>>> prev guard 4.1092 5.43681 cur guard 3.00404 3.70647
	was guard reflex vertex? 0
	was guard in reflex area? 0
	does guard intersect boundary ray 4.1092 5.43681 3.00404 3.70647?1
	is guard inside polygon? 0
1 other guards have coords 4 5
	guard not allowed to use pull
	>>>> prev guard 4.1092 5.43681 cur guard 3.00404 3.70647
	was guard reflex vertex? 0
	was guard in reflex area? 0
	does guard intersect boundary ray 4.1092 5.43681 3.00404 3.70647?1
	is guard inside polygon? 0
1 other guards have coords 4 5
scaling gradient with 32 to -5.44074 -23.5511
	>>>> prev guard 4.1092 5.43681 cur guard 2.78641 2.76443
	was guard reflex vertex? 0
	was guard in reflex area? 0
	does guard intersect boundary ray 4.1092 5.43681 2.78641 2.76443?1
	is guard inside polygon? 0
1 other guards have coords 4 5
	guard not allowed to use pull
	>>>> prev guard 4.1092 5.43681 cur guard 2.78641 2.76443
	was guard reflex vertex? 0
	was guard in reflex area? 0
	does guard intersect boundary ray 4.1092 5.43681 2.78641 2.76443?1
	is guard inside polygon? 0
1 other guards have coords 4 5
---- official new best guard 4 5
Df=-0.0680092 -0.294389
h=0.1517 -0.0350455
Df=-0.887957 -0.790136
h=0.1517 -0.0350455
is completely visible? 0
are areas equal? 38=35.0697?0
i=3
area=35.0697
+++++4 guards with gradient 0
	======== guard 6.76046 3
	was guard reflex vertex? 0
	computed gradient 0.0354637 -0.0574431 and pull 0.0150881 0.00931496
	------- removing guard 6.76046 3
g0=6.76046 3
area0=30.8366
alpha0=0.4
scaling gradient with 0.03125 to 0.00110824 -0.0017951
	>>>> prev guard 6.76046 3 cur guard 7.03904 2.78645
	was guard reflex vertex? 0
	was guard in reflex area? 0
	does guard intersect boundary ray 6.76046 3 7.03904 2.78645?1
	is guard inside polygon? 0
0 other guards have coords 7.03904 3
	 new best guard at 7.03904 3
		new arrangement area = 35.1557
		old arrangement area = 35.0697
		new guard area = 30.3739
		best guard area = 30.8366
scaling gradient with 0.0625 to 0.00221648 -0.00359019
	>>>> prev guard 6.76046 3 cur guard 7.03913 2.7863
	was guard reflex vertex? 0
	was guard in reflex area? 0
	does guard intersect boundary ray 6.76046 3 7.03913 2.7863?1
	is guard inside polygon? 0
0 other guards have coords 7.03913 3
	 new best guard at 7.03913 3
		new arrangement area = 35.1558
		old arrangement area = 35.1557
		new guard area = 30.3738
		best guard area = 30.3739
scaling gradient with 0.125 to 0.00443297 -0.00718039
	>>>> prev guard 6.76046 3 cur guard 7.03931 2.78602
	was guard reflex vertex? 0
	was guard in reflex area? 0
	does guard intersect boundary ray 6.76046 3 7.03931 2.78602?1
	is guard inside polygon? 0
0 other guards have coords 7.03931 3
	 new best guard at 7.03931 3
		new arrangement area = 35.1558
		old arrangement area = 35.1558
		new guard area = 30.3735
		best guard area = 30.3738
scaling gradient with 0.25 to 0.00886593 -0.0143608
	>>>> prev guard 6.76046 3 cur guard 7.03966 2.78544
	was guard reflex vertex? 0
	was guard in reflex area? 0
	does guard intersect boundary ray 6.76046 3 7.03966 2.78544?1
	is guard inside polygon? 0
0 other guards have coords 7.03966 3
	 new best guard at 7.03966 3
		new arrangement area = 35.156
		old arrangement area = 35.1558
		new guard area = 30.3731
		best guard area = 30.3735
scaling gradient with 0.5 to 0.0177319 -0.0287215
	>>>> prev guard 6.76046 3 cur guard 7.04037 2.78429
	was guard reflex vertex? 0
	was guard in reflex area? 0
	does guard intersect boundary ray 6.76046 3 7.04037 2.78429?1
	is guard inside polygon? 0
0 other guards have coords 7.04037 3
	 new best guard at 7.04037 3
		new arrangement area = 35.1562
		old arrangement area = 35.156
		new guard area = 30.3722
		best guard area = 30.3731
scaling gradient with 1 to 0.0354637 -0.0574431
	>>>> prev guard 6.76046 3 cur guard 7.04179 2.78199
	was guard reflex vertex? 0
	was guard in reflex area? 0
	does guard intersect boundary ray 6.76046 3 7.04179 2.78199?1
	is guard inside polygon? 0
0 other guards have coords 7.04179 3
	 new best guard at 7.04179 3
		new arrangement area = 35.1567
		old arrangement area = 35.1562
		new guard area = 30.3704
		best guard area = 30.3722
scaling gradient with 2 to 0.0709275 -0.114886
	>>>> prev guard 6.76046 3 cur guard 7.04463 2.7774
	was guard reflex vertex? 0
	was guard in reflex area? 0
	does guard intersect boundary ray 6.76046 3 7.04463 2.7774?1
	is guard inside polygon? 0
0 other guards have coords 7.04463 3
	 new best guard at 7.04463 3
		new arrangement area = 35.1576
		old arrangement area = 35.1567
		new guard area = 30.3669
		best guard area = 30.3704
scaling gradient with 4 to 0.141855 -0.229772
	>>>> prev guard 6.76046 3 cur guard 7.0503 2.76821
	was guard reflex vertex? 0
	was guard in reflex area? 0
	does guard intersect boundary ray 6.76046 3 7.0503 2.76821?1
	is guard inside polygon? 0
0 other guards have coords 7.0503 3
	 new best guard at 7.0503 3
		new arrangement area = 35.1595
		old arrangement area = 35.1576
		new guard area = 30.3598
		best guard area = 30.3669
scaling gradient with 8 to 0.28371 -0.459545
	>>>> prev guard 6.76046 3 cur guard 7.06165 2.74983
	was guard reflex vertex? 0
	was guard in reflex area? 0
	does guard intersect boundary ray 6.76046 3 7.06165 2.74983?1
	is guard inside polygon? 0
0 other guards have coords 7.06165 3
	 new best guard at 7.06165 3
		new arrangement area = 35.1633
		old arrangement area = 35.1595
		new guard area = 30.346
		best guard area = 30.3598
scaling gradient with 16 to 0.56742 -0.91909
	>>>> prev guard 6.76046 3 cur guard 7.08435 2.71306
	was guard reflex vertex? 0
	was guard in reflex area? 0
	does guard intersect boundary ray 6.76046 3 7.08435 2.71306?1
	is guard inside polygon? 0
0 other guards have coords 7.08435 3
	 new best guard at 7.08435 3
		new arrangement area = 35.1711
		old arrangement area = 35.1633
		new guard area = 30.3193
		best guard area = 30.346
scaling gradient with 32 to 1.13484 -1.83818
	>>>> prev guard 6.76046 3 cur guard 7.12974 2.63954
	was guard reflex vertex? 0
	was guard in reflex area? 0
	does guard intersect boundary ray 6.76046 3 7.12974 2.63954?1
	is guard inside polygon? 0
0 other guards have coords 7.12974 3
	 new best guard at 7.12974 3
		new arrangement area = 35.1869
		old arrangement area = 35.1711
		new guard area = 30.2691
		best guard area = 30.3193
---- official new best guard 7.12974 3
Df=0 0
h=0 0
Df=0 0
h=0 0
Df=0 0
h=0 0
Df=0.0141855 -0.0229772
h=0.00603524 0.00372598
Df=0 0
h=0 0
Df=0 0
h=0 0
Df=0.369283 -0.360465
h=0.00603524 0.00372598
is completely visible? 0
are areas equal? 38=35.1869?0
+++++3 guards with gradient 0
	======== guard 15 5
	was guard reflex vertex? 0
	computed gradient -0 -0 and pull -0 -0
	======== guard 4 5
	was guard reflex vertex? 0
	computed gradient -0 -0 and pull 0 -0
	======== guard 6.62984 3
	was guard reflex vertex? 0
	computed gradient 1.22549 -0.277595 and pull 0.122989 0.594507
	------- removing guard 6.62984 3
g3=6.62984 3
area3=31.1561
alpha3=0.4
scaling gradient with 0.03125 to 0.0382966 -0.00867485
	>>>> prev guard 6.62984 3 cur guard 7.46095 2.05494
	was guard reflex vertex? 0
	was guard in reflex area? 0
	does guard intersect boundary ray 6.62984 3 7.46095 2.05494?1
	is guard inside polygon? 0
0 other guards have coords 7.46095 3
	 new best guard at 7.46095 3
		new arrangement area = 35.3162
		old arrangement area = 35.1869
		new guard area = 30.0184
		best guard area = 31.1561
scaling gradient with 0.0625 to 0.0765932 -0.0173497
	>>>> prev guard 6.62984 3 cur guard 7.46402 2.05424
	was guard reflex vertex? 0
	was guard in reflex area? 0
	does guard intersect boundary ray 6.62984 3 7.46402 2.05424?1
	is guard inside polygon? 0
0 other guards have coords 7.46402 3
	 new best guard at 7.46402 3
		new arrangement area = 35.3175
		old arrangement area = 35.3162
		new guard area = 30.0169
		best guard area = 30.0184
scaling gradient with 0.125 to 0.153186 -0.0346994
	>>>> prev guard 6.62984 3 cur guard 7.47015 2.05286
	was guard reflex vertex? 0
	was guard in reflex area? 0
	does guard intersect boundary ray 6.62984 3 7.47015 2.05286?1
	is guard inside polygon? 0
0 other guards have coords 7.47015 3
	 new best guard at 7.47015 3
		new arrangement area = 35.3202
		old arrangement area = 35.3175
		new guard area = 30.0139
		best guard area = 30.0169
scaling gradient with 0.25 to 0.306373 -0.0693988
	>>>> prev guard 6.62984 3 cur guard 7.4824 2.05008
	was guard reflex vertex? 0
	was guard in reflex area? 0
	does guard intersect boundary ray 6.62984 3 7.4824 2.05008?1
	is guard inside polygon? 0
0 other guards have coords 7.4824 3
	 new best guard at 7.4824 3
		new arrangement area = 35.3256
		old arrangement area = 35.3202
		new guard area = 30.008
		best guard area = 30.0139
scaling gradient with 0.5 to 0.612746 -0.138798
	>>>> prev guard 6.62984 3 cur guard 7.50691 2.04453
	was guard reflex vertex? 0
	was guard in reflex area? 0
	does guard intersect boundary ray 6.62984 3 7.50691 2.04453?1
	is guard inside polygon? 0
0 other guards have coords 7.50691 3
	 new best guard at 7.50691 3
		new arrangement area = 35.3364
		old arrangement area = 35.3256
		new guard area = 29.997
		best guard area = 30.008
scaling gradient with 1 to 1.22549 -0.277595
	>>>> prev guard 6.62984 3 cur guard 7.55593 2.03342
	was guard reflex vertex? 0
	was guard in reflex area? 0
	does guard intersect boundary ray 6.62984 3 7.55593 2.03342?1
	is guard inside polygon? 0
0 other guards have coords 7.55593 3
	 new best guard at 7.55593 3
		new arrangement area = 35.3587
		old arrangement area = 35.3364
		new guard area = 29.9772
		best guard area = 29.997
scaling gradient with 2 to 2.45098 -0.55519
	>>>> prev guard 6.62984 3 cur guard 7.65397 2.01122
	was guard reflex vertex? 0
	was guard in reflex area? 0
	does guard intersect boundary ray 6.62984 3 7.65397 2.01122?1
	is guard inside polygon? 0
0 other guards have coords 7.65397 3
	 new best guard at 7.65397 3
		new arrangement area = 35.4055
		old arrangement area = 35.3587
		new guard area = 29.9467
		best guard area = 29.9772
scaling gradient with 4 to 4.90197 -1.11038
	>>>> prev guard 6.62984 3 cur guard 7.85005 1.9668
	was guard reflex vertex? 0
	was guard in reflex area? 0
	does guard intersect boundary ray 6.62984 3 7.85005 1.9668?1
	is guard inside polygon? 0
0 other guards have coords 7.85005 3
	 new best guard at 7.85005 3
		new arrangement area = 35.5095
		old arrangement area = 35.4055
		new guard area = 29.9195
		best guard area = 29.9467
scaling gradient with 8 to 9.80393 -2.22076
	>>>> prev guard 6.62984 3 cur guard 8.24221 1.87797
	was guard reflex vertex? 0
	was guard in reflex area? 0
	does guard intersect boundary ray 6.62984 3 8.24221 1.87797?1
	is guard inside polygon? 0
0 other guards have coords 8.24221 3
	 new best guard at 8.24221 3
		new arrangement area = 35.7716
		old arrangement area = 35.5095
		new guard area = 29.9911
		best guard area = 29.9195
scaling gradient with 16 to 19.6079 -4.44152
	>>>> prev guard 6.62984 3 cur guard 9.02652 1.70031
	was guard reflex vertex? 0
	was guard in reflex area? 0
	does guard intersect boundary ray 6.62984 3 9.02652 1.70031?1
	is guard inside polygon? 0
0 other guards have coords 9.02652 3
	 new best guard at 9.02652 3
		new arrangement area = 36.7147
		old arrangement area = 35.7716
		new guard area = 30.7431
		best guard area = 29.9911
scaling gradient with 32 to 39.2157 -8.88304
	>>>> prev guard 6.62984 3 cur guard 10.5951 1.34499
	was guard reflex vertex? 0
	was guard in reflex area? 0
	does guard intersect boundary ray 6.62984 3 10.5951 1.34499?1
	is guard inside polygon? 0
0 other guards have coords 10.5951 3
	 new best guard at 10.5951 3
		new arrangement area = 38
		old arrangement area = 36.7147
		new guard area = 30.0712
		best guard area = 30.7431
---- official new best guard 10.5951 3
Df=0 0
h=0 0
Df=0.476655 -0.088219
h=0.0433729 0.234347
Df=0 0
h=0 0
Df=0.0135418 -0.022819
h=0.00582278 0.00345549
Df=0 0
h=0 0
Df=0 0
h=0 0
Df=3.96531 -1.65501
h=0.0491957 0.237803
is completely visible? 1
are areas equal? 38=38?1
i=5
area=38
g0=7.12974 3
alpha0=0.4
area0=30.2691
g1=15 5
alpha1=0.4
area1=26
g2=4 5
alpha2=0.4
area2=26
g3=10.5951 3
alpha3=0.4
area3=30.0712
