14
4 5 4 3
5 9 4 5
6 5 5 9
7 5 6 5
8 9 7 5
9 5 8 9
10 5 9 5
11 9 10 5
12 5 11 9
13 5 12 5
14 9 13 5
15 3 4 3
15 5 15 3
14 9 15 5
total area=38
i=0
area=38
+++++4 guards with gradient 0
	======== guard 11.7 3.95
	was guard reflex vertex? 0
	computed gradient -0 -0 and pull -0 0
	======== guard 7.48 4.26
	was guard reflex vertex? 0
	computed gradient -0 -0 and pull -0 0
	======== guard 13.98 6.1
	was guard reflex vertex? 0
	computed gradient 0 -0 and pull -0 -0
	======== guard 4.1 4
	was guard reflex vertex? 0
	computed gradient 0 -0 and pull 0 0
is completely visible? 1
are areas equal? 38=38?1
i=2
area=38
g0=11.7 3.95
alpha0=0.4
area0=28.4051
g1=7.48 4.26
alpha1=0.4
area1=27.6954
g2=13.98 6.1
alpha2=0.4
area2=9.78182
g3=4.1 4
alpha3=0.4
area3=27.1787
