14
4 5 4 3
5 9 4 5
6 5 5 9
7 5 6 5
8 9 7 5
9 5 8 9
10 5 9 5
11 9 10 5
12 5 11 9
13 5 12 5
14 9 13 5
15 3 4 3
15 5 15 3
14 9 15 5
total area=38
i=0
area=38
+++++4 guards with gradient 0
	======== guard 8.73 4
	was guard reflex vertex? 0
	computed gradient -0 -0 and pull -0 0
	======== guard 14.08 8.13
	was guard reflex vertex? 0
	computed gradient 0 -0 and pull -0 -0
	======== guard 4.3 4
	was guard reflex vertex? 0
	computed gradient 0 -0 and pull 0 0
	======== guard 11.7 3.95
	was guard reflex vertex? 0
	computed gradient -0 -0 and pull -0 0
is completely visible? 1
are areas equal? 38=38?1
i=2
area=38
g0=8.73 4
alpha0=0.4
area0=28.4294
g1=14.08 8.13
alpha1=0.4
area1=8.6901
g2=4.3 4
alpha2=0.4
area2=27.2376
g3=11.7 3.95
alpha3=0.4
area3=28.4051
