18
6 24 3 20
5 26 6 24
7 16 7 12
3 20 7 16
8 26 7 24
5 26 8 26
10 13 7 12
9 18 10 13
11 20 9 18
11 24 7 24
15 17 11 20
15 27 11 24
16 22 15 27
17 17 15 17
19 19 17 17
17 20 19 19
19 21 17 20
16 22 19 21
total area=103
i=0
area=101.336
+++++3 guards with gradient 0
	======== guard 8.89 17.24
	was guard reflex vertex? 0
	computed gradient -0.331664 -0.128907 and pull -0.0176909 0.0456744
	------- removing guard 8.89 17.24
g0=8.89 17.24
area0=48.9011
alpha0=0.6
scaling gradient with 0.03125 to -0.0103645 -0.00402834
	>>>> prev guard 8.89 17.24 cur guard 8.88663 17.245
	was guard reflex vertex? 0
	was guard in reflex area? 0
	does guard intersect boundary ray 8.89 17.24 8.88663 17.245?0
	is guard inside polygon? 1
0 other guards have coords 8.88663 17.245
	 new best guard at 8.88663 17.245
		new arrangement area = 101.336
		old arrangement area = 101.336
		new guard area = 48.9988
		best guard area = 48.9011
scaling gradient with 0.0625 to -0.020729 -0.00805669
	>>>> prev guard 8.89 17.24 cur guard 8.88539 17.2445
	was guard reflex vertex? 0
	was guard in reflex area? 0
	does guard intersect boundary ray 8.89 17.24 8.88539 17.2445?0
	is guard inside polygon? 1
0 other guards have coords 8.88539 17.2445
	 new best guard at 8.88539 17.2445
		new arrangement area = 101.336
		old arrangement area = 101.336
		new guard area = 49.0267
		best guard area = 48.9988
scaling gradient with 0.125 to -0.041458 -0.0161134
	>>>> prev guard 8.89 17.24 cur guard 8.8829 17.2435
	was guard reflex vertex? 0
	was guard in reflex area? 0
	does guard intersect boundary ray 8.89 17.24 8.8829 17.2435?0
	is guard inside polygon? 1
0 other guards have coords 8.8829 17.2435
	 new best guard at 8.8829 17.2435
		new arrangement area = 101.337
		old arrangement area = 101.336
		new guard area = 49.0824
		best guard area = 49.0267
scaling gradient with 0.25 to -0.082916 -0.0322268
	>>>> prev guard 8.89 17.24 cur guard 8.87793 17.2416
	was guard reflex vertex? 0
	was guard in reflex area? 0
	does guard intersect boundary ray 8.89 17.24 8.87793 17.2416?0
	is guard inside polygon? 1
0 other guards have coords 8.87793 17.2416
	 new best guard at 8.87793 17.2416
		new arrangement area = 101.337
		old arrangement area = 101.337
		new guard area = 49.1933
		best guard area = 49.0824
scaling gradient with 0.5 to -0.165832 -0.0644535
	>>>> prev guard 8.89 17.24 cur guard 8.86798 17.2377
	was guard reflex vertex? 0
	was guard in reflex area? 0
	does guard intersect boundary ray 8.89 17.24 8.86798 17.2377?0
	is guard inside polygon? 1
0 other guards have coords 8.86798 17.2377
	 new best guard at 8.86798 17.2377
		new arrangement area = 101.338
		old arrangement area = 101.337
		new guard area = 49.4134
		best guard area = 49.1933
scaling gradient with 1 to -0.331664 -0.128907
	>>>> prev guard 8.89 17.24 cur guard 8.84808 17.23
	was guard reflex vertex? 0
	was guard in reflex area? 0
	does guard intersect boundary ray 8.89 17.24 8.84808 17.23?0
	is guard inside polygon? 1
0 other guards have coords 8.84808 17.23
	 new best guard at 8.84808 17.23
		new arrangement area = 101.339
		old arrangement area = 101.338
		new guard area = 49.8469
		best guard area = 49.4134
scaling gradient with 2 to -0.663328 -0.257814
	>>>> prev guard 8.89 17.24 cur guard 8.80828 17.2145
	was guard reflex vertex? 0
	was guard in reflex area? 0
	does guard intersect boundary ray 8.89 17.24 8.80828 17.2145?0
	is guard inside polygon? 1
0 other guards have coords 8.80828 17.2145
	 new best guard at 8.80828 17.2145
		new arrangement area = 101.342
		old arrangement area = 101.339
		new guard area = 50.6884
		best guard area = 49.8469
scaling gradient with 4 to -1.32666 -0.515628
	>>>> prev guard 8.89 17.24 cur guard 8.72868 17.1836
	was guard reflex vertex? 0
	was guard in reflex area? 0
	does guard intersect boundary ray 8.89 17.24 8.72868 17.1836?0
	is guard inside polygon? 1
0 other guards have coords 8.72868 17.1836
	 new best guard at 8.72868 17.1836
		new arrangement area = 101.347
		old arrangement area = 101.342
		new guard area = 52.2756
		best guard area = 50.6884
scaling gradient with 8 to -2.65331 -1.03126
	>>>> prev guard 8.89 17.24 cur guard 8.56948 17.1217
	was guard reflex vertex? 0
	was guard in reflex area? 0
	does guard intersect boundary ray 8.89 17.24 8.56948 17.1217?0
	is guard inside polygon? 1
0 other guards have coords 8.56948 17.1217
	 new best guard at 8.56948 17.1217
		new arrangement area = 101.357
		old arrangement area = 101.347
		new guard area = 55.6395
		best guard area = 52.2756
scaling gradient with 16 to -5.30662 -2.06251
	>>>> prev guard 8.89 17.24 cur guard 8.25108 16.998
	was guard reflex vertex? 0
	was guard in reflex area? 0
	does guard intersect boundary ray 8.89 17.24 8.25108 16.998?0
	is guard inside polygon? 1
0 other guards have coords 8.25108 16.998
	 new best guard at 8.25108 16.998
		new arrangement area = 101.375
		old arrangement area = 101.357
		new guard area = 64.277
		best guard area = 55.6395
scaling gradient with 32 to -10.6132 -4.12503
	>>>> prev guard 8.89 17.24 cur guard 7.61429 16.7505
	was guard reflex vertex? 0
	was guard in reflex area? 0
	does guard intersect boundary ray 8.89 17.24 7.61429 16.7505?0
	is guard inside polygon? 1
0 other guards have coords 7.61429 16.7505
	 new best guard at 7.61429 16.7505
		new arrangement area = 101.403
		old arrangement area = 101.375
		new guard area = 71.4359
		best guard area = 64.277
---- official new best guard 7.61429 16.7505
Df=0 0
h=0 0
Df=-0.14674 -0.0627335
h=-0.00853302 0.0199596
Df=-0.0522585 -0.0146107
h=-0.00208153 0.00744504
Df=0 0
h=0 0
Df=-1.27571 -0.489522
h=-0.0106145 0.0274046
is completely visible? 0
are areas equal? 103=101.403?0
+++++2 guards with gradient 0
	======== guard 14.71 18.55
	was guard reflex vertex? 0
	computed gradient -0.0248768 -0.0351926 and pull -0.00372734 0.00263476
	------- removing guard 14.71 18.55
g1=14.71 18.55
area1=61.6453
alpha1=0.6
scaling gradient with 0.03125 to -0.000777399 -0.00109977
	>>>> prev guard 14.71 18.55 cur guard 14.7095 18.5502
	was guard reflex vertex? 0
	was guard in reflex area? 0
	does guard intersect boundary ray 14.71 18.55 14.7095 18.5502?0
	is guard inside polygon? 1
0 other guards have coords 14.7095 18.5502
	 new best guard at 14.7095 18.5502
		new arrangement area = 101.403
		old arrangement area = 101.403
		new guard area = 61.6455
		best guard area = 61.6453
scaling gradient with 0.0625 to -0.0015548 -0.00219954
	>>>> prev guard 14.71 18.55 cur guard 14.7094 18.5501
	was guard reflex vertex? 0
	was guard in reflex area? 0
	does guard intersect boundary ray 14.71 18.55 14.7094 18.5501?0
	is guard inside polygon? 1
0 other guards have coords 14.7094 18.5501
	 new best guard at 14.7094 18.5501
		new arrangement area = 101.403
		old arrangement area = 101.403
		new guard area = 61.6446
		best guard area = 61.6455
scaling gradient with 0.125 to -0.0031096 -0.00439908
	>>>> prev guard 14.71 18.55 cur guard 14.7092 18.5498
	was guard reflex vertex? 0
	was guard in reflex area? 0
	does guard intersect boundary ray 14.71 18.55 14.7092 18.5498?0
	is guard inside polygon? 1
0 other guards have coords 14.7092 18.5498
	 new best guard at 14.7092 18.5498
		new arrangement area = 101.403
		old arrangement area = 101.403
		new guard area = 61.6428
		best guard area = 61.6446
scaling gradient with 0.25 to -0.00621919 -0.00879816
	>>>> prev guard 14.71 18.55 cur guard 14.7088 18.5493
	was guard reflex vertex? 0
	was guard in reflex area? 0
	does guard intersect boundary ray 14.71 18.55 14.7088 18.5493?0
	is guard inside polygon? 1
0 other guards have coords 14.7088 18.5493
	 new best guard at 14.7088 18.5493
		new arrangement area = 101.403
		old arrangement area = 101.403
		new guard area = 61.6393
		best guard area = 61.6428
scaling gradient with 0.5 to -0.0124384 -0.0175963
	>>>> prev guard 14.71 18.55 cur guard 14.7081 18.5482
	was guard reflex vertex? 0
	was guard in reflex area? 0
	does guard intersect boundary ray 14.71 18.55 14.7081 18.5482?0
	is guard inside polygon? 1
0 other guards have coords 14.7081 18.5482
	 new best guard at 14.7081 18.5482
		new arrangement area = 101.403
		old arrangement area = 101.403
		new guard area = 61.6322
		best guard area = 61.6393
scaling gradient with 1 to -0.0248768 -0.0351926
	>>>> prev guard 14.71 18.55 cur guard 14.7066 18.5461
	was guard reflex vertex? 0
	was guard in reflex area? 0
	does guard intersect boundary ray 14.71 18.55 14.7066 18.5461?0
	is guard inside polygon? 1
0 other guards have coords 14.7066 18.5461
	 new best guard at 14.7066 18.5461
		new arrangement area = 101.403
		old arrangement area = 101.403
		new guard area = 61.6181
		best guard area = 61.6322
scaling gradient with 2 to -0.0497535 -0.0703853
	>>>> prev guard 14.71 18.55 cur guard 14.7036 18.5419
	was guard reflex vertex? 0
	was guard in reflex area? 0
	does guard intersect boundary ray 14.71 18.55 14.7036 18.5419?0
	is guard inside polygon? 1
0 other guards have coords 14.7036 18.5419
	 new best guard at 14.7036 18.5419
		new arrangement area = 101.404
		old arrangement area = 101.403
		new guard area = 61.5897
		best guard area = 61.6181
scaling gradient with 4 to -0.099507 -0.140771
	>>>> prev guard 14.71 18.55 cur guard 14.6976 18.5334
	was guard reflex vertex? 0
	was guard in reflex area? 0
	does guard intersect boundary ray 14.71 18.55 14.6976 18.5334?0
	is guard inside polygon? 1
0 other guards have coords 14.6976 18.5334
	 new best guard at 14.6976 18.5334
		new arrangement area = 101.405
		old arrangement area = 101.404
		new guard area = 61.5331
		best guard area = 61.5897
scaling gradient with 8 to -0.199014 -0.281541
	>>>> prev guard 14.71 18.55 cur guard 14.6857 18.5165
	was guard reflex vertex? 0
	was guard in reflex area? 0
	does guard intersect boundary ray 14.71 18.55 14.6857 18.5165?0
	is guard inside polygon? 1
0 other guards have coords 14.6857 18.5165
	 new best guard at 14.6857 18.5165
		new arrangement area = 101.406
		old arrangement area = 101.405
		new guard area = 61.42
		best guard area = 61.5331
scaling gradient with 16 to -0.398028 -0.563082
	>>>> prev guard 14.71 18.55 cur guard 14.6618 18.4827
	was guard reflex vertex? 0
	was guard in reflex area? 0
	does guard intersect boundary ray 14.71 18.55 14.6618 18.4827?0
	is guard inside polygon? 1
0 other guards have coords 14.6618 18.4827
	 new best guard at 14.6618 18.4827
		new arrangement area = 101.41
		old arrangement area = 101.406
		new guard area = 61.1944
		best guard area = 61.42
scaling gradient with 32 to -0.796056 -1.12616
	>>>> prev guard 14.71 18.55 cur guard 14.614 18.4152
	was guard reflex vertex? 0
	was guard in reflex area? 0
	does guard intersect boundary ray 14.71 18.55 14.614 18.4152?0
	is guard inside polygon? 1
0 other guards have coords 14.614 18.4152
	 new best guard at 14.614 18.4152
		new arrangement area = 101.417
		old arrangement area = 101.41
		new guard area = 60.7451
		best guard area = 61.1944
---- official new best guard 14.614 18.4152
Df=0 0
h=0 0
Df=0 0
h=0 0
Df=-0.0149261 -0.0211156
h=-0.00223641 0.00158086
Df=0 0
h=0 0
Df=0 0
h=0 0
Df=0 0
h=0 0
Df=-0.095974 -0.134824
h=-0.00223641 0.00158086
is completely visible? 0
are areas equal? 103=101.417?0
+++++1 guards with gradient 0
	======== guard 8.79 23.75
	was guard reflex vertex? 0
	computed gradient 0.091198 -2.14091 and pull -0.362152 0.0241771
	------- removing guard 8.79 23.75
g2=8.79 23.75
area2=91.1919
alpha2=0.6
scaling gradient with 0.03125 to 0.00284994 -0.0669036
	>>>> prev guard 8.79 23.75 cur guard 8.74688 23.7449
	was guard reflex vertex? 0
	was guard in reflex area? 0
	does guard intersect boundary ray 8.79 23.75 8.74688 23.7449?0
	is guard inside polygon? 1
0 other guards have coords 8.74688 23.7449
	 new best guard at 8.74688 23.7449
		new arrangement area = 101.417
		old arrangement area = 101.417
		new guard area = 91.3011
		best guard area = 91.1919
scaling gradient with 0.0625 to 0.00569987 -0.133807
	>>>> prev guard 8.79 23.75 cur guard 8.74723 23.7368
	was guard reflex vertex? 0
	was guard in reflex area? 0
	does guard intersect boundary ray 8.79 23.75 8.74723 23.7368?0
	is guard inside polygon? 1
0 other guards have coords 8.74723 23.7368
	 new best guard at 8.74723 23.7368
		new arrangement area = 101.417
		old arrangement area = 101.417
		new guard area = 91.34
		best guard area = 91.3011
scaling gradient with 0.125 to 0.0113997 -0.267614
	>>>> prev guard 8.79 23.75 cur guard 8.74791 23.7208
	was guard reflex vertex? 0
	was guard in reflex area? 0
	does guard intersect boundary ray 8.79 23.75 8.74791 23.7208?0
	is guard inside polygon? 1
0 other guards have coords 8.74791 23.7208
	 new best guard at 8.74791 23.7208
		new arrangement area = 101.417
		old arrangement area = 101.417
		new guard area = 91.4177
		best guard area = 91.34
scaling gradient with 0.25 to 0.0227995 -0.535229
	>>>> prev guard 8.79 23.75 cur guard 8.74928 23.6887
	was guard reflex vertex? 0
	was guard in reflex area? 0
	does guard intersect boundary ray 8.79 23.75 8.74928 23.6887?0
	is guard inside polygon? 1
0 other guards have coords 8.74928 23.6887
	 new best guard at 8.74928 23.6887
		new arrangement area = 101.417
		old arrangement area = 101.417
		new guard area = 91.5728
		best guard area = 91.4177
scaling gradient with 0.5 to 0.045599 -1.07046
	>>>> prev guard 8.79 23.75 cur guard 8.75201 23.6244
	was guard reflex vertex? 0
	was guard in reflex area? 0
	does guard intersect boundary ray 8.79 23.75 8.75201 23.6244?0
	is guard inside polygon? 1
0 other guards have coords 8.75201 23.6244
	 new best guard at 8.75201 23.6244
		new arrangement area = 101.417
		old arrangement area = 101.417
		new guard area = 91.8817
		best guard area = 91.5728
scaling gradient with 1 to 0.091198 -2.14091
	>>>> prev guard 8.79 23.75 cur guard 8.75749 23.496
	was guard reflex vertex? 0
	was guard in reflex area? 0
	does guard intersect boundary ray 8.79 23.75 8.75749 23.496?0
	is guard inside polygon? 1
0 other guards have coords 8.75749 23.496
	 new best guard at 8.75749 23.496
		new arrangement area = 101.417
		old arrangement area = 101.417
		new guard area = 92.4948
		best guard area = 91.8817
scaling gradient with 2 to 0.182396 -4.28183
	>>>> prev guard 8.79 23.75 cur guard 8.76843 23.2391
	was guard reflex vertex? 0
	was guard in reflex area? 0
	does guard intersect boundary ray 8.79 23.75 8.76843 23.2391?0
	is guard inside polygon? 1
0 other guards have coords 8.76843 23.2391
	 new best guard at 8.76843 23.2391
		new arrangement area = 101.417
		old arrangement area = 101.417
		new guard area = 93.7042
		best guard area = 92.4948
scaling gradient with 4 to 0.364792 -8.56366
	>>>> prev guard 8.79 23.75 cur guard 8.79032 22.7253
	was guard reflex vertex? 0
	was guard in reflex area? 0
	does guard intersect boundary ray 8.79 23.75 8.79032 22.7253?0
	is guard inside polygon? 1
0 other guards have coords 8.79032 22.7253
	 new best guard at 8.79032 22.7253
		new arrangement area = 101.417
		old arrangement area = 101.417
		new guard area = 96.0802
		best guard area = 93.7042
scaling gradient with 8 to 0.729584 -17.1273
	>>>> prev guard 8.79 23.75 cur guard 8.83409 21.6976
	was guard reflex vertex? 0
	was guard in reflex area? 0
	does guard intersect boundary ray 8.79 23.75 8.83409 21.6976?0
	is guard inside polygon? 1
0 other guards have coords 8.83409 21.6976
	 new best guard at 8.83409 21.6976
		new arrangement area = 101.811
		old arrangement area = 101.417
		new guard area = 98.3688
		best guard area = 96.0802
scaling gradient with 16 to 1.45917 -34.2546
	>>>> prev guard 8.79 23.75 cur guard 8.92164 19.6423
	was guard reflex vertex? 0
	was guard in reflex area? 0
	does guard intersect boundary ray 8.79 23.75 8.92164 19.6423?0
	is guard inside polygon? 1
0 other guards have coords 8.92164 19.6423
scaling gradient with 32 to 2.91833 -68.5093
	>>>> prev guard 8.79 23.75 cur guard 9.09674 15.5318
	was guard reflex vertex? 0
	was guard in reflex area? 0
	does guard intersect boundary ray 8.79 23.75 9.09674 15.5318?1
	is guard inside polygon? 1
0 other guards have coords 9.00445 18.0045
---- official new best guard 8.83409 21.6976
Df=-0.00818944 -0.0586364
h=-0.0324429 0.00453113
Df=0.0265625 -0.234812
h=0.105577 0.011943
Df=-0.031819 -0.131094
h=0.0176693 -0.00428866
Df=6.90469e-05 0.000151167
h=1.67481e-05 -7.64988e-06
Df=0.00148444 0.000874827
h=0.000200982 -0.000341032
Df=0.143635 0.00524578
h=0.000911703 -0.0249633
Df=0.000587988 -0.000135806
h=-1.70739e-05 -7.39233e-05
Df=-0.0776113 -0.866142
h=-0.309206 0.0277067
Df=0.0440918 -2.05238
h=-0.217291 0.0145063
is completely visible? 0
are areas equal? 103=101.811?0
i=1
area=101.811
+++++3 guards with gradient 0
	======== guard 7.61429 16.7505
	was guard reflex vertex? 0
	computed gradient -0.214275 -0.0443555 and pull -0.00597792 0.0289188
	------- removing guard 7.61429 16.7505
g0=7.61429 16.7505
area0=71.4359
alpha0=0.6
scaling gradient with 0.03125 to -0.0066961 -0.00138611
	>>>> prev guard 7.61429 16.7505 cur guard 6.5922 16.3622
	was guard reflex vertex? 0
	was guard in reflex area? 0
	does guard intersect boundary ray 7.61429 16.7505 6.5922 16.3622?1
	is guard inside polygon? 0
0 other guards have coords 6.62527 16.3747
	 new best guard at 6.62527 16.3747
		new arrangement area = 101.556
		old arrangement area = 101.811
		new guard area = 66.7978
		best guard area = 71.4359
scaling gradient with 0.0625 to -0.0133922 -0.00277222
	>>>> prev guard 7.61429 16.7505 cur guard 6.59139 16.362
	was guard reflex vertex? 0
	was guard in reflex area? 0
	does guard intersect boundary ray 7.61429 16.7505 6.59139 16.362?1
	is guard inside polygon? 0
0 other guards have coords 6.62517 16.3748
	 new best guard at 6.62517 16.3748
		new arrangement area = 101.556
		old arrangement area = 101.556
		new guard area = 66.7983
		best guard area = 66.7978
scaling gradient with 0.125 to -0.0267844 -0.00554444
	>>>> prev guard 7.61429 16.7505 cur guard 6.58979 16.3617
	was guard reflex vertex? 0
	was guard in reflex area? 0
	does guard intersect boundary ray 7.61429 16.7505 6.58979 16.3617?1
	is guard inside polygon? 0
0 other guards have coords 6.62498 16.375
	 new best guard at 6.62498 16.375
		new arrangement area = 101.556
		old arrangement area = 101.556
		new guard area = 66.7992
		best guard area = 66.7983
scaling gradient with 0.25 to -0.0535688 -0.0110889
	>>>> prev guard 7.61429 16.7505 cur guard 6.58657 16.361
	was guard reflex vertex? 0
	was guard in reflex area? 0
	does guard intersect boundary ray 7.61429 16.7505 6.58657 16.361?1
	is guard inside polygon? 0
0 other guards have coords 6.62459 16.3754
	 new best guard at 6.62459 16.3754
		new arrangement area = 101.556
		old arrangement area = 101.556
		new guard area = 66.8009
		best guard area = 66.7992
scaling gradient with 0.5 to -0.107138 -0.0221778
	>>>> prev guard 7.61429 16.7505 cur guard 6.58014 16.3597
	was guard reflex vertex? 0
	was guard in reflex area? 0
	does guard intersect boundary ray 7.61429 16.7505 6.58014 16.3597?1
	is guard inside polygon? 0
0 other guards have coords 6.62382 16.3762
	 new best guard at 6.62382 16.3762
		new arrangement area = 101.556
		old arrangement area = 101.556
		new guard area = 66.8044
		best guard area = 66.8009
scaling gradient with 1 to -0.214275 -0.0443555
	>>>> prev guard 7.61429 16.7505 cur guard 6.56729 16.357
	was guard reflex vertex? 0
	was guard in reflex area? 0
	does guard intersect boundary ray 7.61429 16.7505 6.56729 16.357?1
	is guard inside polygon? 0
0 other guards have coords 6.62231 16.3777
	 new best guard at 6.62231 16.3777
		new arrangement area = 101.556
		old arrangement area = 101.556
		new guard area = 66.8112
		best guard area = 66.8044
scaling gradient with 2 to -0.42855 -0.088711
	>>>> prev guard 7.61429 16.7505 cur guard 6.54157 16.3517
	was guard reflex vertex? 0
	was guard in reflex area? 0
	does guard intersect boundary ray 7.61429 16.7505 6.54157 16.3517?1
	is guard inside polygon? 0
0 other guards have coords 6.61939 16.3806
	 new best guard at 6.61939 16.3806
		new arrangement area = 101.557
		old arrangement area = 101.556
		new guard area = 66.8244
		best guard area = 66.8112
scaling gradient with 4 to -0.8571 -0.177422
	>>>> prev guard 7.61429 16.7505 cur guard 6.49015 16.341
	was guard reflex vertex? 0
	was guard in reflex area? 0
	does guard intersect boundary ray 7.61429 16.7505 6.49015 16.341?1
	is guard inside polygon? 0
0 other guards have coords 6.61389 16.3861
	 new best guard at 6.61389 16.3861
		new arrangement area = 101.557
		old arrangement area = 101.557
		new guard area = 66.8492
		best guard area = 66.8244
scaling gradient with 8 to -1.7142 -0.354844
	>>>> prev guard 7.61429 16.7505 cur guard 6.3873 16.3197
	was guard reflex vertex? 0
	was guard in reflex area? 0
	does guard intersect boundary ray 7.61429 16.7505 6.3873 16.3197?1
	is guard inside polygon? 0
0 other guards have coords 6.60413 16.3959
	 new best guard at 6.60413 16.3959
		new arrangement area = 101.559
		old arrangement area = 101.557
		new guard area = 66.8931
		best guard area = 66.8492
scaling gradient with 16 to -3.4284 -0.709688
	>>>> prev guard 7.61429 16.7505 cur guard 6.18159 16.2772
	was guard reflex vertex? 0
	was guard in reflex area? 0
	does guard intersect boundary ray 7.61429 16.7505 6.18159 16.2772?1
	is guard inside polygon? 0
0 other guards have coords 6.58843 16.4116
	 new best guard at 6.58843 16.4116
		new arrangement area = 101.561
		old arrangement area = 101.559
		new guard area = 66.9634
		best guard area = 66.8931
scaling gradient with 32 to -6.8568 -1.41938
	>>>> prev guard 7.61429 16.7505 cur guard 5.77018 16.192
	was guard reflex vertex? 0
	was guard in reflex area? 0
	does guard intersect boundary ray 7.61429 16.7505 5.77018 16.192?1
	is guard inside polygon? 0
0 other guards have coords 6.56676 16.4332
	 new best guard at 6.56676 16.4332
		new arrangement area = 101.565
		old arrangement area = 101.561
		new guard area = 67.0599
		best guard area = 66.9634
---- official new best guard 6.56676 16.4332
Df=0 0
h=0 0
Df=-0.113958 -0.0253756
h=-0.00341663 0.0153436
Df=-0.0146071 -0.00123773
h=-0.000170124 0.00200772
Df=0 0
h=0 0
Df=0 0
h=0 0
Df=0 0
h=0 0
Df=-1.8441 -0.558473
h=-0.00358675 0.0173513
is completely visible? 0
are areas equal? 103=101.565?0
+++++2 guards with gradient 0
	======== guard 14.614 18.4152
	was guard reflex vertex? 0
	computed gradient -0 -0 and pull -0 0
	======== guard 8.83409 21.6976
	was guard reflex vertex? 0
	computed gradient -2.05951 -2.62029 and pull -0.666173 0.577095
	------- removing guard 8.83409 21.6976
g2=8.83409 21.6976
area2=98.3688
alpha2=0.6
scaling gradient with 0.03125 to -0.0643597 -0.0818839
	>>>> prev guard 8.83409 21.6976 cur guard 8.7817 20.1151
	was guard reflex vertex? 0
	was guard in reflex area? 0
	does guard intersect boundary ray 8.83409 21.6976 8.7817 20.1151?0
	is guard inside polygon? 1
0 other guards have coords 8.7817 20.1151
	 new best guard at 8.7817 20.1151
		new arrangement area = 101.946
		old arrangement area = 101.565
		new guard area = 85.8777
		best guard area = 98.3688
scaling gradient with 0.0625 to -0.128719 -0.163768
	>>>> prev guard 8.83409 21.6976 cur guard 8.77398 20.1053
	was guard reflex vertex? 0
	was guard in reflex area? 0
	does guard intersect boundary ray 8.83409 21.6976 8.77398 20.1053?0
	is guard inside polygon? 1
0 other guards have coords 8.77398 20.1053
	 new best guard at 8.77398 20.1053
		new arrangement area = 101.96
		old arrangement area = 101.946
		new guard area = 85.8371
		best guard area = 85.8777
scaling gradient with 0.125 to -0.257439 -0.327536
	>>>> prev guard 8.83409 21.6976 cur guard 8.75853 20.0857
	was guard reflex vertex? 0
	was guard in reflex area? 0
	does guard intersect boundary ray 8.83409 21.6976 8.75853 20.0857?0
	is guard inside polygon? 1
0 other guards have coords 8.75853 20.0857
	 new best guard at 8.75853 20.0857
		new arrangement area = 101.986
		old arrangement area = 101.96
		new guard area = 85.7651
		best guard area = 85.8371
scaling gradient with 0.25 to -0.514878 -0.655071
	>>>> prev guard 8.83409 21.6976 cur guard 8.72764 20.0464
	was guard reflex vertex? 0
	was guard in reflex area? 0
	does guard intersect boundary ray 8.83409 21.6976 8.72764 20.0464?0
	is guard inside polygon? 1
0 other guards have coords 8.72764 20.0464
	 new best guard at 8.72764 20.0464
		new arrangement area = 102.032
		old arrangement area = 101.986
		new guard area = 85.6548
		best guard area = 85.7651
scaling gradient with 0.5 to -1.02976 -1.31014
	>>>> prev guard 8.83409 21.6976 cur guard 8.66585 19.9678
	was guard reflex vertex? 0
	was guard in reflex area? 0
	does guard intersect boundary ray 8.83409 21.6976 8.66585 19.9678?0
	is guard inside polygon? 1
0 other guards have coords 8.66585 19.9678
	 new best guard at 8.66585 19.9678
		new arrangement area = 102.095
		old arrangement area = 102.032
		new guard area = 85.5371
		best guard area = 85.6548
scaling gradient with 1 to -2.05951 -2.62029
	>>>> prev guard 8.83409 21.6976 cur guard 8.54228 19.8105
	was guard reflex vertex? 0
	was guard in reflex area? 0
	does guard intersect boundary ray 8.83409 21.6976 8.54228 19.8105?0
	is guard inside polygon? 1
0 other guards have coords 8.54228 19.8105
scaling gradient with 2 to -4.11902 -5.24057
	>>>> prev guard 8.83409 21.6976 cur guard 8.29514 19.4961
	was guard reflex vertex? 0
	was guard in reflex area? 0
	does guard intersect boundary ray 8.83409 21.6976 8.29514 19.4961?0
	is guard inside polygon? 1
0 other guards have coords 8.29514 19.4961
scaling gradient with 4 to -8.23804 -10.4811
	>>>> prev guard 8.83409 21.6976 cur guard 7.80086 18.8672
	was guard reflex vertex? 0
	was guard in reflex area? 0
	does guard intersect boundary ray 8.83409 21.6976 7.80086 18.8672?0
	is guard inside polygon? 1
0 other guards have coords 7.80086 18.8672
scaling gradient with 8 to -16.4761 -20.9623
	>>>> prev guard 8.83409 21.6976 cur guard 6.81229 17.6095
	was guard reflex vertex? 0
	was guard in reflex area? 0
	does guard intersect boundary ray 8.83409 21.6976 6.81229 17.6095?0
	is guard inside polygon? 1
0 other guards have coords 6.81229 17.6095
scaling gradient with 16 to -32.9522 -41.9246
	>>>> prev guard 8.83409 21.6976 cur guard 4.83516 15.094
	was guard reflex vertex? 0
	was guard in reflex area? 0
	does guard intersect boundary ray 8.83409 21.6976 4.83516 15.094?1
	is guard inside polygon? 0
0 other guards have coords 5.99337 17.0066
scaling gradient with 32 to -65.9043 -83.8491
	>>>> prev guard 8.83409 21.6976 cur guard 0.880903 10.0631
	was guard reflex vertex? 0
	was guard in reflex area? 0
	does guard intersect boundary ray 8.83409 21.6976 0.880903 10.0631?1
	is guard inside polygon? 0
0 other guards have coords 5.776 17.224
---- official new best guard 8.66585 19.9678
Df=0 0
h=0 0
Df=0.000763356 -0.000245728
h=-4.10535e-05 -0.000127533
Df=-1.14538 -1.4099
h=-0.386122 0.31368
Df=-0.0947805 -0.0755029
h=-0.0256498 0.0321988
Df=0 0
h=0 0
Df=0.00365834 -0.0866974
h=0.0120878 0.000510066
Df=3.66058e-05 0.000176081
h=2.11116e-05 -4.38892e-06
Df=0 0
h=0 0
Df=-0.168238 -1.72987
h=-0.399704 0.346257
is completely visible? 0
are areas equal? 103=102.095?0
+++++1 guards with gradient 0
	======== guard 14.614 18.4152
	was guard reflex vertex? 0
	computed gradient 0.361847 0.897466 and pull -0.247094 0.115309
	------- removing guard 14.614 18.4152
g1=14.614 18.4152
area1=60.7451
alpha1=0.6
scaling gradient with 0.03125 to 0.0113077 0.0280458
	>>>> prev guard 14.614 18.4152 cur guard 14.509 18.3245
	was guard reflex vertex? 0
	was guard in reflex area? 0
	does guard intersect boundary ray 14.614 18.4152 14.509 18.3245?0
	is guard inside polygon? 1
0 other guards have coords 14.509 18.3245
	 new best guard at 14.509 18.3245
		new arrangement area = 102.095
		old arrangement area = 102.095
		new guard area = 60.0709
		best guard area = 60.7451
scaling gradient with 0.0625 to 0.0226155 0.0560916
	>>>> prev guard 14.614 18.4152 cur guard 14.5103 18.3279
	was guard reflex vertex? 0
	was guard in reflex area? 0
	does guard intersect boundary ray 14.614 18.4152 14.5103 18.3279?0
	is guard inside polygon? 1
0 other guards have coords 14.5103 18.3279
	 new best guard at 14.5103 18.3279
		new arrangement area = 102.095
		old arrangement area = 102.095
		new guard area = 60.0914
		best guard area = 60.0709
scaling gradient with 0.125 to 0.0452309 0.112183
	>>>> prev guard 14.614 18.4152 cur guard 14.513 18.3346
	was guard reflex vertex? 0
	was guard in reflex area? 0
	does guard intersect boundary ray 14.614 18.4152 14.513 18.3346?0
	is guard inside polygon? 1
0 other guards have coords 14.513 18.3346
	 new best guard at 14.513 18.3346
		new arrangement area = 102.095
		old arrangement area = 102.095
		new guard area = 60.1323
		best guard area = 60.0914
scaling gradient with 0.25 to 0.0904618 0.224366
	>>>> prev guard 14.614 18.4152 cur guard 14.5185 18.3481
	was guard reflex vertex? 0
	was guard in reflex area? 0
	does guard intersect boundary ray 14.614 18.4152 14.5185 18.3481?0
	is guard inside polygon? 1
0 other guards have coords 14.5185 18.3481
	 new best guard at 14.5185 18.3481
		new arrangement area = 102.095
		old arrangement area = 102.095
		new guard area = 60.2144
		best guard area = 60.1323
scaling gradient with 0.5 to 0.180924 0.448733
	>>>> prev guard 14.614 18.4152 cur guard 14.5293 18.375
	was guard reflex vertex? 0
	was guard in reflex area? 0
	does guard intersect boundary ray 14.614 18.4152 14.5293 18.375?0
	is guard inside polygon? 1
0 other guards have coords 14.5293 18.375
	 new best guard at 14.5293 18.375
		new arrangement area = 102.095
		old arrangement area = 102.095
		new guard area = 60.3792
		best guard area = 60.2144
scaling gradient with 1 to 0.361847 0.897466
	>>>> prev guard 14.614 18.4152 cur guard 14.551 18.4289
	was guard reflex vertex? 0
	was guard in reflex area? 0
	does guard intersect boundary ray 14.614 18.4152 14.551 18.4289?0
	is guard inside polygon? 1
0 other guards have coords 14.551 18.4289
	 new best guard at 14.551 18.4289
		new arrangement area = 102.096
		old arrangement area = 102.095
		new guard area = 60.7118
		best guard area = 60.3792
scaling gradient with 2 to 0.723695 1.79493
	>>>> prev guard 14.614 18.4152 cur guard 14.5944 18.5365
	was guard reflex vertex? 0
	was guard in reflex area? 0
	does guard intersect boundary ray 14.614 18.4152 14.5944 18.5365?0
	is guard inside polygon? 1
0 other guards have coords 14.5944 18.5365
	 new best guard at 14.5944 18.5365
		new arrangement area = 102.096
		old arrangement area = 102.096
		new guard area = 61.3891
		best guard area = 60.7118
scaling gradient with 4 to 1.44739 3.58986
	>>>> prev guard 14.614 18.4152 cur guard 14.6813 18.7519
	was guard reflex vertex? 0
	was guard in reflex area? 0
	does guard intersect boundary ray 14.614 18.4152 14.6813 18.7519?0
	is guard inside polygon? 1
0 other guards have coords 14.6813 18.7519
	 new best guard at 14.6813 18.7519
		new arrangement area = 102.097
		old arrangement area = 102.096
		new guard area = 62.7961
		best guard area = 61.3891
scaling gradient with 8 to 2.89478 7.17973
	>>>> prev guard 14.614 18.4152 cur guard 14.855 19.1827
	was guard reflex vertex? 0
	was guard in reflex area? 0
	does guard intersect boundary ray 14.614 18.4152 14.855 19.1827?0
	is guard inside polygon? 1
0 other guards have coords 14.855 19.1827
	 new best guard at 14.855 19.1827
		new arrangement area = 102.097
		old arrangement area = 102.097
		new guard area = 65.5888
		best guard area = 62.7961
scaling gradient with 16 to 5.78956 14.3595
	>>>> prev guard 14.614 18.4152 cur guard 15.2023 20.0443
	was guard reflex vertex? 0
	was guard in reflex area? 0
	does guard intersect boundary ray 14.614 18.4152 15.2023 20.0443?0
	is guard inside polygon? 1
0 other guards have coords 15.2023 20.0443
	 new best guard at 15.2023 20.0443
		new arrangement area = 102.097
		old arrangement area = 102.097
		new guard area = 71.6515
		best guard area = 65.5888
scaling gradient with 32 to 11.5791 28.7189
	>>>> prev guard 14.614 18.4152 cur guard 15.8971 21.7674
	was guard reflex vertex? 0
	was guard in reflex area? 0
	does guard intersect boundary ray 14.614 18.4152 15.8971 21.7674?0
	is guard inside polygon? 1
0 other guards have coords 15.8971 21.7674
---- official new best guard 15.2023 20.0443
Df=0.252994 0.576926
h=-0.146196 0.06411
Df=-0.0149238 -0.0230184
h=-0.00224219 0.0014537
Df=-0.0161484 -0.0220158
h=-0.00233153 0.00171016
Df=-0.000605792 -0.000392017
h=-5.89307e-05 9.10667e-05
Df=0.000577002 -0.000223082
h=5.80426e-05 0.000150127
Df=-0.00478431 0.00720284
h=0.00251465 0.00167029
Df=0.588317 1.62911
h=-0.148256 0.0691853
is completely visible? 0
are areas equal? 103=102.097?0
i=2
area=102.097
+++++3 guards with gradient 0
	======== guard 6.56676 16.4332
	was guard reflex vertex? 0
	computed gradient 1.20351 1.22187 and pull 1.99276 -1.99034
	------- removing guard 6.56676 16.4332
g0=6.56676 16.4332
area0=67.0599
alpha0=0.6
scaling gradient with 0.03125 to 0.0376098 0.0381834
	>>>> prev guard 6.56676 16.4332 cur guard 5.33512 15.7522
	was guard reflex vertex? 0
	was guard in reflex area? 0
	does guard intersect boundary ray 6.56676 16.4332 5.33512 15.7522?1
	is guard inside polygon? 0
0 other guards have coords 6.29146 16.7085
	 new best guard at 6.29146 16.7085
		new arrangement area = 102.177
		old arrangement area = 102.097
		new guard area = 68.2324
		best guard area = 67.0599
scaling gradient with 0.0625 to 0.0752196 0.0763669
	>>>> prev guard 6.56676 16.4332 cur guard 5.33963 15.7568
	was guard reflex vertex? 0
	was guard in reflex area? 0
	does guard intersect boundary ray 6.56676 16.4332 5.33963 15.7568?1
	is guard inside polygon? 0
0 other guards have coords 6.29142 16.7086
	 new best guard at 6.29142 16.7086
		new arrangement area = 102.177
		old arrangement area = 102.177
		new guard area = 68.2326
		best guard area = 68.2324
scaling gradient with 0.125 to 0.150439 0.152734
	>>>> prev guard 6.56676 16.4332 cur guard 5.34866 15.766
	was guard reflex vertex? 0
	was guard in reflex area? 0
	does guard intersect boundary ray 6.56676 16.4332 5.34866 15.766?1
	is guard inside polygon? 0
0 other guards have coords 6.29135 16.7086
	 new best guard at 6.29135 16.7086
		new arrangement area = 102.177
		old arrangement area = 102.177
		new guard area = 68.2329
		best guard area = 68.2326
scaling gradient with 0.25 to 0.300878 0.305468
	>>>> prev guard 6.56676 16.4332 cur guard 5.36671 15.7843
	was guard reflex vertex? 0
	was guard in reflex area? 0
	does guard intersect boundary ray 6.56676 16.4332 5.36671 15.7843?1
	is guard inside polygon? 0
0 other guards have coords 6.29122 16.7088
	 new best guard at 6.29122 16.7088
		new arrangement area = 102.177
		old arrangement area = 102.177
		new guard area = 68.2334
		best guard area = 68.2329
scaling gradient with 0.5 to 0.601757 0.610935
	>>>> prev guard 6.56676 16.4332 cur guard 5.40282 15.8209
	was guard reflex vertex? 0
	was guard in reflex area? 0
	does guard intersect boundary ray 6.56676 16.4332 5.40282 15.8209?1
	is guard inside polygon? 0
0 other guards have coords 6.29094 16.7091
	 new best guard at 6.29094 16.7091
		new arrangement area = 102.177
		old arrangement area = 102.177
		new guard area = 68.2346
		best guard area = 68.2334
scaling gradient with 1 to 1.20351 1.22187
	>>>> prev guard 6.56676 16.4332 cur guard 5.47503 15.8942
	was guard reflex vertex? 0
	was guard in reflex area? 0
	does guard intersect boundary ray 6.56676 16.4332 5.47503 15.8942?1
	is guard inside polygon? 0
0 other guards have coords 6.29039 16.7096
	 new best guard at 6.29039 16.7096
		new arrangement area = 102.177
		old arrangement area = 102.177
		new guard area = 68.2368
		best guard area = 68.2346
scaling gradient with 2 to 2.40703 2.44374
	>>>> prev guard 6.56676 16.4332 cur guard 5.61945 16.0409
	was guard reflex vertex? 0
	was guard in reflex area? 0
	does guard intersect boundary ray 6.56676 16.4332 5.61945 16.0409?1
	is guard inside polygon? 0
0 other guards have coords 6.28929 16.7107
	 new best guard at 6.28929 16.7107
		new arrangement area = 102.178
		old arrangement area = 102.177
		new guard area = 68.2413
		best guard area = 68.2368
scaling gradient with 4 to 4.81405 4.88748
	>>>> prev guard 6.56676 16.4332 cur guard 5.90829 16.3341
	was guard reflex vertex? 0
	was guard in reflex area? 0
	does guard intersect boundary ray 6.56676 16.4332 5.90829 16.3341?1
	is guard inside polygon? 0
0 other guards have coords 6.28709 16.7129
	 new best guard at 6.28709 16.7129
		new arrangement area = 102.178
		old arrangement area = 102.178
		new guard area = 68.2503
		best guard area = 68.2413
scaling gradient with 8 to 9.62811 9.77496
	>>>> prev guard 6.56676 16.4332 cur guard 6.48598 16.9206
	was guard reflex vertex? 0
	was guard in reflex area? 0
	does guard intersect boundary ray 6.56676 16.4332 6.48598 16.9206?1
	is guard inside polygon? 1
0 other guards have coords 6.28268 16.7173
	 new best guard at 6.28268 16.7173
		new arrangement area = 102.18
		old arrangement area = 102.178
		new guard area = 68.2683
		best guard area = 68.2503
scaling gradient with 16 to 19.2562 19.5499
	>>>> prev guard 6.56676 16.4332 cur guard 7.64135 18.0936
	was guard reflex vertex? 0
	was guard in reflex area? 0
	does guard intersect boundary ray 6.56676 16.4332 7.64135 18.0936?1
	is guard inside polygon? 1
0 other guards have coords 6.27387 16.7261
	 new best guard at 6.27387 16.7261
		new arrangement area = 102.182
		old arrangement area = 102.18
		new guard area = 68.3041
		best guard area = 68.2683
scaling gradient with 32 to 38.5124 39.0998
	>>>> prev guard 6.56676 16.4332 cur guard 9.9521 20.4396
	was guard reflex vertex? 0
	was guard in reflex area? 0
	does guard intersect boundary ray 6.56676 16.4332 9.9521 20.4396?1
	is guard inside polygon? 1
0 other guards have coords 6.25625 16.7438
	 new best guard at 6.25625 16.7438
		new arrangement area = 102.188
		old arrangement area = 102.182
		new guard area = 68.3756
		best guard area = 68.3041
---- official new best guard 6.25625 16.7438
Df=0 0
h=0 0
Df=-0.0104175 0.000596466
h=7.86983e-05 0.0013745
Df=0 0
h=0 0
Df=0 0
h=0 0
Df=0 0
h=0 0
Df=0.732526 0.732526
h=1.19558 -1.19558
Df=3.38534 4.00636
h=1.19566 -1.1942
is completely visible? 0
are areas equal? 103=102.188?0
+++++2 guards with gradient 0
	======== guard 15.2023 20.0443
	was guard reflex vertex? 0
	computed gradient 0.0002488 0.0100985 and pull 0.00561591 -0.00013836
	------- removing guard 15.2023 20.0443
g1=15.2023 20.0443
area1=71.6515
alpha1=0.6
scaling gradient with 0.03125 to 7.77499e-06 0.00031558
	>>>> prev guard 15.2023 20.0443 cur guard 15.6737 21.3476
	was guard reflex vertex? 0
	was guard in reflex area? 0
	does guard intersect boundary ray 15.2023 20.0443 15.6737 21.3476?0
	is guard inside polygon? 1
0 other guards have coords 15.6737 21.3476
	 new best guard at 15.6737 21.3476
		new arrangement area = 101.42
		old arrangement area = 102.188
		new guard area = 77.5744
		best guard area = 71.6515
scaling gradient with 0.0625 to 1.555e-05 0.000631159
	>>>> prev guard 15.2023 20.0443 cur guard 15.6737 21.3476
	was guard reflex vertex? 0
	was guard in reflex area? 0
	does guard intersect boundary ray 15.2023 20.0443 15.6737 21.3476?0
	is guard inside polygon? 1
0 other guards have coords 15.6737 21.3476
scaling gradient with 0.125 to 3.10999e-05 0.00126232
	>>>> prev guard 15.2023 20.0443 cur guard 15.6737 21.3477
	was guard reflex vertex? 0
	was guard in reflex area? 0
	does guard intersect boundary ray 15.2023 20.0443 15.6737 21.3477?0
	is guard inside polygon? 1
0 other guards have coords 15.6737 21.3477
scaling gradient with 0.25 to 6.21999e-05 0.00252464
	>>>> prev guard 15.2023 20.0443 cur guard 15.6737 21.3479
	was guard reflex vertex? 0
	was guard in reflex area? 0
	does guard intersect boundary ray 15.2023 20.0443 15.6737 21.3479?0
	is guard inside polygon? 1
0 other guards have coords 15.6737 21.3479
scaling gradient with 0.5 to 0.0001244 0.00504927
	>>>> prev guard 15.2023 20.0443 cur guard 15.6737 21.3482
	was guard reflex vertex? 0
	was guard in reflex area? 0
	does guard intersect boundary ray 15.2023 20.0443 15.6737 21.3482?0
	is guard inside polygon? 1
0 other guards have coords 15.6737 21.3482
scaling gradient with 1 to 0.0002488 0.0100985
	>>>> prev guard 15.2023 20.0443 cur guard 15.6737 21.3488
	was guard reflex vertex? 0
	was guard in reflex area? 0
	does guard intersect boundary ray 15.2023 20.0443 15.6737 21.3488?0
	is guard inside polygon? 1
0 other guards have coords 15.6737 21.3488
scaling gradient with 2 to 0.000497599 0.0201971
	>>>> prev guard 15.2023 20.0443 cur guard 15.6737 21.35
	was guard reflex vertex? 0
	was guard in reflex area? 0
	does guard intersect boundary ray 15.2023 20.0443 15.6737 21.35?0
	is guard inside polygon? 1
0 other guards have coords 15.6737 21.35
scaling gradient with 4 to 0.000995198 0.0403942
	>>>> prev guard 15.2023 20.0443 cur guard 15.6738 21.3524
	was guard reflex vertex? 0
	was guard in reflex area? 0
	does guard intersect boundary ray 15.2023 20.0443 15.6738 21.3524?0
	is guard inside polygon? 1
0 other guards have coords 15.6738 21.3524
scaling gradient with 8 to 0.0019904 0.0807884
	>>>> prev guard 15.2023 20.0443 cur guard 15.6739 21.3573
	was guard reflex vertex? 0
	was guard in reflex area? 0
	does guard intersect boundary ray 15.2023 20.0443 15.6739 21.3573?0
	is guard inside polygon? 1
0 other guards have coords 15.6739 21.3573
scaling gradient with 16 to 0.00398079 0.161577
	>>>> prev guard 15.2023 20.0443 cur guard 15.6741 21.367
	was guard reflex vertex? 0
	was guard in reflex area? 0
	does guard intersect boundary ray 15.2023 20.0443 15.6741 21.367?0
	is guard inside polygon? 1
0 other guards have coords 15.6741 21.367
scaling gradient with 32 to 0.00796159 0.323154
	>>>> prev guard 15.2023 20.0443 cur guard 15.6746 21.3863
	was guard reflex vertex? 0
	was guard in reflex area? 0
	does guard intersect boundary ray 15.2023 20.0443 15.6746 21.3863?0
	is guard inside polygon? 1
0 other guards have coords 15.6746 21.3863
---- official new best guard 15.6737 21.3476
Df=0 0
h=0 0
Df=0 0
h=0 0
Df=0 0
h=0 0
Df=0 0
h=0 0
Df=0 0
h=0 0
Df=0.00014928 0.00605913
h=0.00336955 -8.30161e-05
Df=0.471328 1.30331
h=0.00336955 -8.30161e-05
is completely visible? 0
are areas equal? 103=101.42?0
+++++1 guards with gradient 0
	======== guard 8.66585 19.9678
	was guard reflex vertex? 0
	computed gradient 1.58448 0.199796 and pull 0.56277 -0.11404
	------- removing guard 8.66585 19.9678
g2=8.66585 19.9678
area2=85.5371
alpha2=0.6
scaling gradient with 0.03125 to 0.049515 0.00624364
	>>>> prev guard 8.66585 19.9678 cur guard 8.60474 18.5709
	was guard reflex vertex? 0
	was guard in reflex area? 0
	does guard intersect boundary ray 8.66585 19.9678 8.60474 18.5709?0
	is guard inside polygon? 1
0 other guards have coords 8.60474 18.5709
	 new best guard at 8.60474 18.5709
		new arrangement area = 101.398
		old arrangement area = 101.42
		new guard area = 75.4969
		best guard area = 85.5371
scaling gradient with 0.0625 to 0.0990301 0.0124873
	>>>> prev guard 8.66585 19.9678 cur guard 8.61068 18.5717
	was guard reflex vertex? 0
	was guard in reflex area? 0
	does guard intersect boundary ray 8.66585 19.9678 8.61068 18.5717?0
	is guard inside polygon? 1
0 other guards have coords 8.61068 18.5717
	 new best guard at 8.61068 18.5717
		new arrangement area = 101.4
		old arrangement area = 101.398
		new guard area = 75.4834
		best guard area = 75.4969
scaling gradient with 0.125 to 0.19806 0.0249746
	>>>> prev guard 8.66585 19.9678 cur guard 8.62256 18.5732
	was guard reflex vertex? 0
	was guard in reflex area? 0
	does guard intersect boundary ray 8.66585 19.9678 8.62256 18.5732?0
	is guard inside polygon? 1
0 other guards have coords 8.62256 18.5732
	 new best guard at 8.62256 18.5732
		new arrangement area = 101.405
		old arrangement area = 101.4
		new guard area = 75.456
		best guard area = 75.4834
scaling gradient with 0.25 to 0.39612 0.0499491
	>>>> prev guard 8.66585 19.9678 cur guard 8.64633 18.5762
	was guard reflex vertex? 0
	was guard in reflex area? 0
	does guard intersect boundary ray 8.66585 19.9678 8.64633 18.5762?0
	is guard inside polygon? 1
0 other guards have coords 8.64633 18.5762
	 new best guard at 8.64633 18.5762
		new arrangement area = 101.414
		old arrangement area = 101.405
		new guard area = 75.4007
		best guard area = 75.456
scaling gradient with 0.5 to 0.792241 0.0998982
	>>>> prev guard 8.66585 19.9678 cur guard 8.69386 18.5822
	was guard reflex vertex? 0
	was guard in reflex area? 0
	does guard intersect boundary ray 8.66585 19.9678 8.69386 18.5822?0
	is guard inside polygon? 1
0 other guards have coords 8.69386 18.5822
	 new best guard at 8.69386 18.5822
		new arrangement area = 101.432
		old arrangement area = 101.414
		new guard area = 75.2868
		best guard area = 75.4007
scaling gradient with 1 to 1.58448 0.199796
	>>>> prev guard 8.66585 19.9678 cur guard 8.78893 18.5942
	was guard reflex vertex? 0
	was guard in reflex area? 0
	does guard intersect boundary ray 8.66585 19.9678 8.78893 18.5942?0
	is guard inside polygon? 1
0 other guards have coords 8.78893 18.5942
	 new best guard at 8.78893 18.5942
		new arrangement area = 101.437
		old arrangement area = 101.432
		new guard area = 75.0137
		best guard area = 75.2868
scaling gradient with 2 to 3.16896 0.399593
	>>>> prev guard 8.66585 19.9678 cur guard 8.97907 18.6181
	was guard reflex vertex? 0
	was guard in reflex area? 0
	does guard intersect boundary ray 8.66585 19.9678 8.97907 18.6181?0
	is guard inside polygon? 1
0 other guards have coords 8.97907 18.6181
scaling gradient with 4 to 6.33792 0.799186
	>>>> prev guard 8.66585 19.9678 cur guard 9.35935 18.6661
	was guard reflex vertex? 0
	was guard in reflex area? 0
	does guard intersect boundary ray 8.66585 19.9678 9.35935 18.6661?0
	is guard inside polygon? 1
0 other guards have coords 9.35935 18.6661
scaling gradient with 8 to 12.6758 1.59837
	>>>> prev guard 8.66585 19.9678 cur guard 10.1199 18.762
	was guard reflex vertex? 0
	was guard in reflex area? 0
	does guard intersect boundary ray 8.66585 19.9678 10.1199 18.762?1
	is guard inside polygon? 0
0 other guards have coords 9.92424 18.9242
scaling gradient with 16 to 25.3517 3.19674
	>>>> prev guard 8.66585 19.9678 cur guard 11.641 18.9538
	was guard reflex vertex? 0
	was guard in reflex area? 0
	does guard intersect boundary ray 8.66585 19.9678 11.641 18.9538?1
	is guard inside polygon? 0
0 other guards have coords 10.3826 19.3826
scaling gradient with 32 to 50.7034 6.39349
	>>>> prev guard 8.66585 19.9678 cur guard 14.6832 19.3374
	was guard reflex vertex? 0
	was guard in reflex area? 0
	does guard intersect boundary ray 8.66585 19.9678 14.6832 19.3374?1
	is guard inside polygon? 1
0 other guards have coords 10.7495 19.7495
---- official new best guard 8.78893 18.5942
Df=0.408497 0.0693671
h=0.0347544 -0.204665
Df=0.00102846 -0.000431798
h=-0.000100342 -0.000238995
Df=-0.00129428 -0.000855692
h=-0.000177022 0.000267755
Df=-0.0408145 -0.0168618
h=-0.0038649 0.0093551
Df=0.555294 -0.321443
h=0.0689925 0.119185
Df=0.0351179 -0.126737
h=0.0166529 0.0046144
Df=-0.00713973 0.51684
h=0.221405 0.00305853
Df=0.12308 -1.3736
h=0.337662 -0.0684238
is completely visible? 0
are areas equal? 103=101.437?0
i=3
area=101.437
+++++3 guards with gradient 0
	======== guard 6.25625 16.7438
	was guard reflex vertex? 0
	computed gradient -0.0161338 0.00165369 and pull 0.000226711 0.00221185
	------- removing guard 6.25625 16.7438
g0=6.25625 16.7438
area0=68.3756
alpha0=0.6
scaling gradient with 0.03125 to -0.000504182 5.16778e-05
	>>>> prev guard 6.25625 16.7438 cur guard 8.96448 19.9491
	was guard reflex vertex? 0
	was guard in reflex area? 0
	does guard intersect boundary ray 6.25625 16.7438 8.96448 19.9491?1
	is guard inside polygon? 1
0 other guards have coords 6.00768 16.9923
	 new best guard at 6.00768 16.9923
		new arrangement area = 101.515
		old arrangement area = 101.437
		new guard area = 69.3461
		best guard area = 68.3756
scaling gradient with 0.0625 to -0.00100836 0.000103356
	>>>> prev guard 6.25625 16.7438 cur guard 8.96442 19.9491
	was guard reflex vertex? 0
	was guard in reflex area? 0
	does guard intersect boundary ray 6.25625 16.7438 8.96442 19.9491?1
	is guard inside polygon? 1
0 other guards have coords 6.00765 16.9923
	 new best guard at 6.00765 16.9923
		new arrangement area = 101.515
		old arrangement area = 101.515
		new guard area = 69.3462
		best guard area = 69.3461
scaling gradient with 0.125 to -0.00201673 0.000206711
	>>>> prev guard 6.25625 16.7438 cur guard 8.9643 19.9491
	was guard reflex vertex? 0
	was guard in reflex area? 0
	does guard intersect boundary ray 6.25625 16.7438 8.9643 19.9491?1
	is guard inside polygon? 1
0 other guards have coords 6.00758 16.9924
	 new best guard at 6.00758 16.9924
		new arrangement area = 101.515
		old arrangement area = 101.515
		new guard area = 69.3464
		best guard area = 69.3462
scaling gradient with 0.25 to -0.00403345 0.000413422
	>>>> prev guard 6.25625 16.7438 cur guard 8.96406 19.9492
	was guard reflex vertex? 0
	was guard in reflex area? 0
	does guard intersect boundary ray 6.25625 16.7438 8.96406 19.9492?1
	is guard inside polygon? 1
0 other guards have coords 6.00745 16.9925
	 new best guard at 6.00745 16.9925
		new arrangement area = 101.515
		old arrangement area = 101.515
		new guard area = 69.347
		best guard area = 69.3464
scaling gradient with 0.5 to -0.00806691 0.000826845
	>>>> prev guard 6.25625 16.7438 cur guard 8.96358 19.9492
	was guard reflex vertex? 0
	was guard in reflex area? 0
	does guard intersect boundary ray 6.25625 16.7438 8.96358 19.9492?1
	is guard inside polygon? 1
0 other guards have coords 6.00718 16.9928
	 new best guard at 6.00718 16.9928
		new arrangement area = 101.515
		old arrangement area = 101.515
		new guard area = 69.348
		best guard area = 69.347
scaling gradient with 1 to -0.0161338 0.00165369
	>>>> prev guard 6.25625 16.7438 cur guard 8.96261 19.9493
	was guard reflex vertex? 0
	was guard in reflex area? 0
	does guard intersect boundary ray 6.25625 16.7438 8.96261 19.9493?1
	is guard inside polygon? 1
0 other guards have coords 6.00665 16.9933
	 new best guard at 6.00665 16.9933
		new arrangement area = 101.516
		old arrangement area = 101.515
		new guard area = 69.35
		best guard area = 69.348
scaling gradient with 2 to -0.0322676 0.00330738
	>>>> prev guard 6.25625 16.7438 cur guard 8.96067 19.9495
	was guard reflex vertex? 0
	was guard in reflex area? 0
	does guard intersect boundary ray 6.25625 16.7438 8.96067 19.9495?1
	is guard inside polygon? 1
0 other guards have coords 6.00558 16.9944
	 new best guard at 6.00558 16.9944
		new arrangement area = 101.516
		old arrangement area = 101.516
		new guard area = 69.354
		best guard area = 69.35
scaling gradient with 4 to -0.0645352 0.00661476
	>>>> prev guard 6.25625 16.7438 cur guard 8.9568 19.9499
	was guard reflex vertex? 0
	was guard in reflex area? 0
	does guard intersect boundary ray 6.25625 16.7438 8.9568 19.9499?1
	is guard inside polygon? 1
0 other guards have coords 6.00345 16.9966
	 new best guard at 6.00345 16.9966
		new arrangement area = 101.517
		old arrangement area = 101.516
		new guard area = 69.362
		best guard area = 69.354
scaling gradient with 8 to -0.12907 0.0132295
	>>>> prev guard 6.25625 16.7438 cur guard 8.94906 19.9507
	was guard reflex vertex? 0
	was guard in reflex area? 0
	does guard intersect boundary ray 6.25625 16.7438 8.94906 19.9507?1
	is guard inside polygon? 1
0 other guards have coords 5.99918 17.0008
	 new best guard at 5.99918 17.0008
		new arrangement area = 101.518
		old arrangement area = 101.517
		new guard area = 69.3781
		best guard area = 69.362
scaling gradient with 16 to -0.258141 0.026459
	>>>> prev guard 6.25625 16.7438 cur guard 8.93357 19.9523
	was guard reflex vertex? 0
	was guard in reflex area? 0
	does guard intersect boundary ray 6.25625 16.7438 8.93357 19.9523?1
	is guard inside polygon? 1
0 other guards have coords 5.99064 17.0094
	 new best guard at 5.99064 17.0094
		new arrangement area = 101.521
		old arrangement area = 101.518
		new guard area = 69.4101
		best guard area = 69.3781
scaling gradient with 32 to -0.516282 0.0529181
	>>>> prev guard 6.25625 16.7438 cur guard 8.90259 19.9555
	was guard reflex vertex? 0
	was guard in reflex area? 0
	does guard intersect boundary ray 6.25625 16.7438 8.90259 19.9555?1
	is guard inside polygon? 1
0 other guards have coords 5.97357 17.0264
	 new best guard at 5.97357 17.0264
		new arrangement area = 101.526
		old arrangement area = 101.521
		new guard area = 69.474
		best guard area = 69.4101
---- official new best guard 5.97357 17.0264
Df=0 0
h=0 0
Df=-0.00968029 0.000992214
h=0.000136027 0.00132711
Df=0 0
h=0 0
Df=0 0
h=0 0
Df=0 0
h=0 0
Df=0 0
h=0 0
Df=2.64634 3.21171
h=0.000136027 0.00132711
is completely visible? 0
are areas equal? 103=101.526?0
+++++2 guards with gradient 0
	======== guard 15.6737 21.3476
	was guard reflex vertex? 0
	computed gradient 2.18521 -0.885201 and pull 1.47529 2.72966
	------- removing guard 15.6737 21.3476
g1=15.6737 21.3476
area1=77.5744
alpha1=0.6
scaling gradient with 0.03125 to 0.0682879 -0.0276625
	>>>> prev guard 15.6737 21.3476 cur guard 16.236 22.7145
	was guard reflex vertex? 0
	was guard in reflex area? 0
	does guard intersect boundary ray 15.6737 21.3476 16.236 22.7145?1
	is guard inside polygon? 0
0 other guards have coords 15.981 22.0948
	 new best guard at 15.981 22.0948
		new arrangement area = 95.2944
		old arrangement area = 101.526
		new guard area = 73.5922
		best guard area = 77.5744
scaling gradient with 0.0625 to 0.136576 -0.0553251
	>>>> prev guard 15.6737 21.3476 cur guard 16.2442 22.7112
	was guard reflex vertex? 0
	was guard in reflex area? 0
	does guard intersect boundary ray 15.6737 21.3476 16.2442 22.7112?1
	is guard inside polygon? 0
0 other guards have coords 15.9827 22.0863
	 new best guard at 15.9827 22.0863
		new arrangement area = 95.2944
		old arrangement area = 95.2944
		new guard area = 73.5635
		best guard area = 73.5922
scaling gradient with 0.125 to 0.273152 -0.11065
	>>>> prev guard 15.6737 21.3476 cur guard 16.2605 22.7045
	was guard reflex vertex? 0
	was guard in reflex area? 0
	does guard intersect boundary ray 15.6737 21.3476 16.2605 22.7045?1
	is guard inside polygon? 0
0 other guards have coords 15.986 22.0698
	 new best guard at 15.986 22.0698
		new arrangement area = 95.2944
		old arrangement area = 95.2944
		new guard area = 73.5075
		best guard area = 73.5635
scaling gradient with 0.25 to 0.546303 -0.2213
	>>>> prev guard 15.6737 21.3476 cur guard 16.2933 22.6913
	was guard reflex vertex? 0
	was guard in reflex area? 0
	does guard intersect boundary ray 15.6737 21.3476 16.2933 22.6913?1
	is guard inside polygon? 0
0 other guards have coords 15.9923 22.0385
	 new best guard at 15.9923 22.0385
		new arrangement area = 95.2944
		old arrangement area = 95.2944
		new guard area = 73.4005
		best guard area = 73.5075
scaling gradient with 0.5 to 1.09261 -0.442601
	>>>> prev guard 15.6737 21.3476 cur guard 16.3589 22.6647
	was guard reflex vertex? 0
	was guard in reflex area? 0
	does guard intersect boundary ray 15.6737 21.3476 16.3589 22.6647?1
	is guard inside polygon? 0
0 other guards have coords 16.0111 21.9963
	 new best guard at 16.0111 21.9963
		new arrangement area = 100.371
		old arrangement area = 95.2944
		new guard area = 66.232
		best guard area = 73.4005
scaling gradient with 1 to 2.18521 -0.885201
	>>>> prev guard 15.6737 21.3476 cur guard 16.49 22.6116
	was guard reflex vertex? 0
	was guard in reflex area? 0
	does guard intersect boundary ray 15.6737 21.3476 16.49 22.6116?1
	is guard inside polygon? 0
0 other guards have coords 16.0782 21.9739
scaling gradient with 2 to 4.37043 -1.7704
	>>>> prev guard 15.6737 21.3476 cur guard 16.7522 22.5054
	was guard reflex vertex? 0
	was guard in reflex area? 0
	does guard intersect boundary ray 15.6737 21.3476 16.7522 22.5054?1
	is guard inside polygon? 0
0 other guards have coords 16.2147 21.9284
scaling gradient with 4 to 8.74085 -3.5408
	>>>> prev guard 15.6737 21.3476 cur guard 17.2767 22.2929
	was guard reflex vertex? 0
	was guard in reflex area? 0
	does guard intersect boundary ray 15.6737 21.3476 17.2767 22.2929?1
	is guard inside polygon? 0
0 other guards have coords 16.4983 21.8339
scaling gradient with 8 to 17.4817 -7.08161
	>>>> prev guard 15.6737 21.3476 cur guard 18.3256 21.868
	was guard reflex vertex? 0
	was guard in reflex area? 0
	does guard intersect boundary ray 15.6737 21.3476 18.3256 21.868?1
	is guard inside polygon? 0
0 other guards have coords 17.111 21.6297
scaling gradient with 16 to 34.9634 -14.1632
	>>>> prev guard 15.6737 21.3476 cur guard 20.4234 21.0182
	was guard reflex vertex? 0
	was guard in reflex area? 0
	does guard intersect boundary ray 15.6737 21.3476 20.4234 21.0182?1
	is guard inside polygon? 0
0 other guards have coords 18.5571 21.1476
scaling gradient with 32 to 69.9268 -28.3264
	>>>> prev guard 15.6737 21.3476 cur guard 24.619 19.3186
	was guard reflex vertex? 0
	was guard in reflex area? 0
	does guard intersect boundary ray 15.6737 21.3476 24.619 19.3186?1
	is guard inside polygon? 0
0 other guards have coords 18.4402 20.7201
---- official new best guard 16.0111 21.9963
Df=0 0
h=0 0
Df=0 0
h=0 0
Df=0 0
h=0 0
Df=0 0
h=0 0
Df=1.22712 -0.613804
h=0.841446 1.68222
Df=0.084009 0.082683
h=0.0437288 -0.0444301
Df=0.68521 1.3171
h=0.885175 1.63779
is completely visible? 0
are areas equal? 103=100.371?0
+++++1 guards with gradient 0
	======== guard 8.78893 18.5942
	was guard reflex vertex? 0
	computed gradient 0.110585 0.665986 and pull 0.438748 0.377282
	------- removing guard 8.78893 18.5942
g2=8.78893 18.5942
area2=75.0137
alpha2=0.6
scaling gradient with 0.03125 to 0.00345578 0.020812
	>>>> prev guard 8.78893 18.5942 cur guard 8.94046 17.543
	was guard reflex vertex? 0
	was guard in reflex area? 0
	does guard intersect boundary ray 8.78893 18.5942 8.94046 17.543?0
	is guard inside polygon? 1
0 other guards have coords 8.94046 17.543
	 new best guard at 8.94046 17.543
		new arrangement area = 100.283
		old arrangement area = 100.371
		new guard area = 48.655
		best guard area = 75.0137
scaling gradient with 0.0625 to 0.00691156 0.0416241
	>>>> prev guard 8.78893 18.5942 cur guard 8.94088 17.5455
	was guard reflex vertex? 0
	was guard in reflex area? 0
	does guard intersect boundary ray 8.78893 18.5942 8.94088 17.5455?0
	is guard inside polygon? 1
0 other guards have coords 8.94088 17.5455
	 new best guard at 8.94088 17.5455
		new arrangement area = 100.284
		old arrangement area = 100.283
		new guard area = 48.6516
		best guard area = 48.655
scaling gradient with 0.125 to 0.0138231 0.0832482
	>>>> prev guard 8.78893 18.5942 cur guard 8.94171 17.5505
	was guard reflex vertex? 0
	was guard in reflex area? 0
	does guard intersect boundary ray 8.78893 18.5942 8.94171 17.5505?0
	is guard inside polygon? 1
0 other guards have coords 8.94171 17.5505
	 new best guard at 8.94171 17.5505
		new arrangement area = 100.285
		old arrangement area = 100.284
		new guard area = 48.6446
		best guard area = 48.6516
scaling gradient with 0.25 to 0.0276463 0.166496
	>>>> prev guard 8.78893 18.5942 cur guard 8.94336 17.5605
	was guard reflex vertex? 0
	was guard in reflex area? 0
	does guard intersect boundary ray 8.78893 18.5942 8.94336 17.5605?0
	is guard inside polygon? 1
0 other guards have coords 8.94336 17.5605
	 new best guard at 8.94336 17.5605
		new arrangement area = 100.287
		old arrangement area = 100.285
		new guard area = 48.6302
		best guard area = 48.6446
scaling gradient with 0.5 to 0.0552925 0.332993
	>>>> prev guard 8.78893 18.5942 cur guard 8.94668 17.5805
	was guard reflex vertex? 0
	was guard in reflex area? 0
	does guard intersect boundary ray 8.78893 18.5942 8.94668 17.5805?0
	is guard inside polygon? 1
0 other guards have coords 8.94668 17.5805
	 new best guard at 8.94668 17.5805
		new arrangement area = 100.29
		old arrangement area = 100.287
		new guard area = 48.5993
		best guard area = 48.6302
scaling gradient with 1 to 0.110585 0.665986
	>>>> prev guard 8.78893 18.5942 cur guard 8.95332 17.6205
	was guard reflex vertex? 0
	was guard in reflex area? 0
	does guard intersect boundary ray 8.78893 18.5942 8.95332 17.6205?0
	is guard inside polygon? 1
0 other guards have coords 8.95332 17.6205
	 new best guard at 8.95332 17.6205
		new arrangement area = 100.298
		old arrangement area = 100.29
		new guard area = 48.5275
		best guard area = 48.5993
scaling gradient with 2 to 0.22117 1.33197
	>>>> prev guard 8.78893 18.5942 cur guard 8.96659 17.7004
	was guard reflex vertex? 0
	was guard in reflex area? 0
	does guard intersect boundary ray 8.78893 18.5942 8.96659 17.7004?0
	is guard inside polygon? 1
0 other guards have coords 8.96659 17.7004
	 new best guard at 8.96659 17.7004
		new arrangement area = 100.314
		old arrangement area = 100.298
		new guard area = 48.3248
		best guard area = 48.5275
scaling gradient with 4 to 0.44234 2.66394
	>>>> prev guard 8.78893 18.5942 cur guard 8.99313 17.8602
	was guard reflex vertex? 0
	was guard in reflex area? 0
	does guard intersect boundary ray 8.78893 18.5942 8.99313 17.8602?0
	is guard inside polygon? 1
0 other guards have coords 8.99313 17.8602
	 new best guard at 8.99313 17.8602
		new arrangement area = 100.346
		old arrangement area = 100.314
		new guard area = 47.2106
		best guard area = 48.3248
scaling gradient with 8 to 0.88468 5.32788
	>>>> prev guard 8.78893 18.5942 cur guard 9.04621 18.1799
	was guard reflex vertex? 0
	was guard in reflex area? 0
	does guard intersect boundary ray 8.78893 18.5942 9.04621 18.1799?0
	is guard inside polygon? 1
0 other guards have coords 9.04621 18.1799
scaling gradient with 16 to 1.76936 10.6558
	>>>> prev guard 8.78893 18.5942 cur guard 9.15237 18.8192
	was guard reflex vertex? 0
	was guard in reflex area? 0
	does guard intersect boundary ray 8.78893 18.5942 9.15237 18.8192?0
	is guard inside polygon? 1
0 other guards have coords 9.15237 18.8192
scaling gradient with 32 to 3.53872 21.3115
	>>>> prev guard 8.78893 18.5942 cur guard 9.36469 20.0979
	was guard reflex vertex? 0
	was guard in reflex area? 0
	does guard intersect boundary ray 8.78893 18.5942 9.36469 20.0979?0
	is guard inside polygon? 1
0 other guards have coords 9.36469 20.0979
---- official new best guard 8.99313 17.8602
Df=-0.00109574 -0.000565304
h=-9.29337e-05 0.000180135
Df=-0.0278931 -0.00923054
h=-0.00162105 0.00489854
Df=0.473737 -0.193765
h=0.0331758 0.0811117
Df=-0.383238 0.602743
h=0.230041 0.146265
Df=0.00358675 0.00127415
h=0.00202077 -0.00568848
Df=0.00125398 -0.000864749
h=-0.000274421 -0.000397941
Df=0.204194 -0.733936
h=0.263249 0.226369
is completely visible? 0
are areas equal? 103=100.346?0
i=4
area=100.346
+++++3 guards with gradient 0
	======== guard 5.97357 17.0264
	was guard reflex vertex? 0
	computed gradient 0.00813618 0.419322 and pull 0.16919 0.133378
	------- removing guard 5.97357 17.0264
g0=5.97357 17.0264
area0=69.474
alpha0=0.6
scaling gradient with 0.03125 to 0.000254255 0.0131038
	>>>> prev guard 5.97357 17.0264 cur guard 8.11098 19.6134
	was guard reflex vertex? 0
	was guard in reflex area? 0
	does guard intersect boundary ray 5.97357 17.0264 8.11098 19.6134?1
	is guard inside polygon? 1
0 other guards have coords 5.7488 17.2512
	 new best guard at 5.7488 17.2512
		new arrangement area = 100.649
		old arrangement area = 100.346
		new guard area = 70.2876
		best guard area = 69.474
scaling gradient with 0.0625 to 0.000508511 0.0262076
	>>>> prev guard 5.97357 17.0264 cur guard 8.11101 19.6149
	was guard reflex vertex? 0
	was guard in reflex area? 0
	does guard intersect boundary ray 5.97357 17.0264 8.11101 19.6149?1
	is guard inside polygon? 1
0 other guards have coords 5.74803 17.252
	 new best guard at 5.74803 17.252
		new arrangement area = 100.65
		old arrangement area = 100.649
		new guard area = 70.2903
		best guard area = 70.2876
scaling gradient with 0.125 to 0.00101702 0.0524152
	>>>> prev guard 5.97357 17.0264 cur guard 8.11107 19.6181
	was guard reflex vertex? 0
	was guard in reflex area? 0
	does guard intersect boundary ray 5.97357 17.0264 8.11107 19.6181?1
	is guard inside polygon? 1
0 other guards have coords 5.74649 17.2535
	 new best guard at 5.74649 17.2535
		new arrangement area = 100.652
		old arrangement area = 100.65
		new guard area = 70.2957
		best guard area = 70.2903
scaling gradient with 0.25 to 0.00203404 0.10483
	>>>> prev guard 5.97357 17.0264 cur guard 8.11119 19.6244
	was guard reflex vertex? 0
	was guard in reflex area? 0
	does guard intersect boundary ray 5.97357 17.0264 8.11119 19.6244?1
	is guard inside polygon? 1
0 other guards have coords 5.7434 17.2566
	 new best guard at 5.7434 17.2566
		new arrangement area = 100.655
		old arrangement area = 100.652
		new guard area = 70.3065
		best guard area = 70.2957
scaling gradient with 0.5 to 0.00406809 0.209661
	>>>> prev guard 5.97357 17.0264 cur guard 8.11143 19.637
	was guard reflex vertex? 0
	was guard in reflex area? 0
	does guard intersect boundary ray 5.97357 17.0264 8.11143 19.637?1
	is guard inside polygon? 1
0 other guards have coords 5.73724 17.2628
	 new best guard at 5.73724 17.2628
		new arrangement area = 100.662
		old arrangement area = 100.655
		new guard area = 70.3281
		best guard area = 70.3065
scaling gradient with 1 to 0.00813618 0.419322
	>>>> prev guard 5.97357 17.0264 cur guard 8.11192 19.6621
	was guard reflex vertex? 0
	was guard in reflex area? 0
	does guard intersect boundary ray 5.97357 17.0264 8.11192 19.6621?1
	is guard inside polygon? 1
0 other guards have coords 5.7249 17.2751
	 new best guard at 5.7249 17.2751
		new arrangement area = 100.676
		old arrangement area = 100.662
		new guard area = 70.3712
		best guard area = 70.3281
scaling gradient with 2 to 0.0162724 0.838644
	>>>> prev guard 5.97357 17.0264 cur guard 8.1129 19.7124
	was guard reflex vertex? 0
	was guard in reflex area? 0
	does guard intersect boundary ray 5.97357 17.0264 8.1129 19.7124?1
	is guard inside polygon? 1
0 other guards have coords 5.70023 17.2998
	 new best guard at 5.70023 17.2998
		new arrangement area = 100.703
		old arrangement area = 100.676
		new guard area = 70.457
		best guard area = 70.3712
scaling gradient with 4 to 0.0325447 1.67729
	>>>> prev guard 5.97357 17.0264 cur guard 8.11485 19.8131
	was guard reflex vertex? 0
	was guard in reflex area? 0
	does guard intersect boundary ray 5.97357 17.0264 8.11485 19.8131?1
	is guard inside polygon? 1
0 other guards have coords 5.65089 17.3491
	 new best guard at 5.65089 17.3491
		new arrangement area = 100.755
		old arrangement area = 100.703
		new guard area = 70.6268
		best guard area = 70.457
scaling gradient with 8 to 0.0650894 3.35457
	>>>> prev guard 5.97357 17.0264 cur guard 8.11876 20.0144
	was guard reflex vertex? 0
	was guard in reflex area? 0
	does guard intersect boundary ray 5.97357 17.0264 8.11876 20.0144?1
	is guard inside polygon? 1
0 other guards have coords 5.5522 17.4478
	 new best guard at 5.5522 17.4478
		new arrangement area = 100.846
		old arrangement area = 100.755
		new guard area = 70.9599
		best guard area = 70.6268
scaling gradient with 16 to 0.130179 6.70915
	>>>> prev guard 5.97357 17.0264 cur guard 8.12657 20.4169
	was guard reflex vertex? 0
	was guard in reflex area? 0
	does guard intersect boundary ray 5.97357 17.0264 8.12657 20.4169?1
	is guard inside polygon? 1
0 other guards have coords 5.35483 17.6452
	 new best guard at 5.35483 17.6452
		new arrangement area = 100.98
		old arrangement area = 100.846
		new guard area = 71.6011
		best guard area = 70.9599
scaling gradient with 32 to 0.260358 13.4183
	>>>> prev guard 5.97357 17.0264 cur guard 8.14219 21.222
	was guard reflex vertex? 0
	was guard in reflex area? 0
	does guard intersect boundary ray 5.97357 17.0264 8.14219 21.222?1
	is guard inside polygon? 1
0 other guards have coords 4.96009 18.0399
	 new best guard at 4.96009 18.0399
		new arrangement area = 101.151
		old arrangement area = 100.98
		new guard area = 72.8873
		best guard area = 71.6011
---- official new best guard 4.96009 18.0399
Df=0 0
h=0 0
Df=-0.0088677 0.00130523
h=0.000185173 0.00125806
Df=0.282109 -0.203339
h=0.0236544 0.0328176
Df=-0.268359 0.453627
h=0.0776742 0.0459509
Df=0 0
h=0 0
Df=0 0
h=0 0
Df=2.16862 4.19557
h=0.101514 0.0800266
is completely visible? 0
are areas equal? 103=101.151?0
+++++2 guards with gradient 0
	======== guard 16.0111 21.9963
	was guard reflex vertex? 0
	computed gradient -90.6517 -271.505 and pull -23150.6 7716.77
	------- removing guard 16.0111 21.9963
g1=16.0111 21.9963
area1=66.232
alpha1=0.6
scaling gradient with 0.03125 to -2.83286 -8.48454
	>>>> prev guard 16.0111 21.9963 cur guard -2761.86 948.044
	was guard reflex vertex? 0
	was guard in reflex area? 0
	does guard intersect boundary ray 16.0111 21.9963 -2761.86 948.044?1
	is guard inside polygon? 0
0 other guards have coords 16 22
	 new best guard at 16 22
		new arrangement area = 101.16
		old arrangement area = 101.151
		new guard area = 78.7679
		best guard area = 66.232
scaling gradient with 0.0625 to -5.66573 -16.9691
	>>>> prev guard 16.0111 21.9963 cur guard -2762.2 947.026
	was guard reflex vertex? 0
	was guard in reflex area? 0
	does guard intersect boundary ray 16.0111 21.9963 -2762.2 947.026?1
	is guard inside polygon? 0
1 other guards have coords 16 22
	guard not allowed to use pull
	>>>> prev guard 16.0111 21.9963 cur guard -2762.2 947.026
	was guard reflex vertex? 0
	was guard in reflex area? 0
	does guard intersect boundary ray 16.0111 21.9963 -2762.2 947.026?1
	is guard inside polygon? 0
1 other guards have coords 16 22
scaling gradient with 0.125 to -11.3315 -33.9382
	>>>> prev guard 16.0111 21.9963 cur guard -2762.88 944.99
	was guard reflex vertex? 0
	was guard in reflex area? 0
	does guard intersect boundary ray 16.0111 21.9963 -2762.88 944.99?1
	is guard inside polygon? 0
1 other guards have coords 16 22
	guard not allowed to use pull
	>>>> prev guard 16.0111 21.9963 cur guard -2762.88 944.99
	was guard reflex vertex? 0
	was guard in reflex area? 0
	does guard intersect boundary ray 16.0111 21.9963 -2762.88 944.99?1
	is guard inside polygon? 0
1 other guards have coords 16 22
scaling gradient with 0.25 to -22.6629 -67.8763
	>>>> prev guard 16.0111 21.9963 cur guard -2764.24 940.917
	was guard reflex vertex? 0
	was guard in reflex area? 0
	does guard intersect boundary ray 16.0111 21.9963 -2764.24 940.917?1
	is guard inside polygon? 0
1 other guards have coords 16 22
	guard not allowed to use pull
	>>>> prev guard 16.0111 21.9963 cur guard -2764.24 940.917
	was guard reflex vertex? 0
	was guard in reflex area? 0
	does guard intersect boundary ray 16.0111 21.9963 -2764.24 940.917?1
	is guard inside polygon? 0
1 other guards have coords 16 22
scaling gradient with 0.5 to -45.3258 -135.753
	>>>> prev guard 16.0111 21.9963 cur guard -2766.96 932.772
	was guard reflex vertex? 0
	was guard in reflex area? 0
	does guard intersect boundary ray 16.0111 21.9963 -2766.96 932.772?1
	is guard inside polygon? 0
1 other guards have coords 16 22
	guard not allowed to use pull
	>>>> prev guard 16.0111 21.9963 cur guard -2766.96 932.772
	was guard reflex vertex? 0
	was guard in reflex area? 0
	does guard intersect boundary ray 16.0111 21.9963 -2766.96 932.772?1
	is guard inside polygon? 0
1 other guards have coords 16 22
scaling gradient with 1 to -90.6517 -271.505
	>>>> prev guard 16.0111 21.9963 cur guard -2772.4 916.482
	was guard reflex vertex? 0
	was guard in reflex area? 0
	does guard intersect boundary ray 16.0111 21.9963 -2772.4 916.482?1
	is guard inside polygon? 0
1 other guards have coords 16 22
	guard not allowed to use pull
	>>>> prev guard 16.0111 21.9963 cur guard -2772.4 916.482
	was guard reflex vertex? 0
	was guard in reflex area? 0
	does guard intersect boundary ray 16.0111 21.9963 -2772.4 916.482?1
	is guard inside polygon? 0
1 other guards have coords 16 22
scaling gradient with 2 to -181.303 -543.011
	>>>> prev guard 16.0111 21.9963 cur guard -2783.27 883.901
	was guard reflex vertex? 0
	was guard in reflex area? 0
	does guard intersect boundary ray 16.0111 21.9963 -2783.27 883.901?1
	is guard inside polygon? 0
1 other guards have coords 16 22
	guard not allowed to use pull
	>>>> prev guard 16.0111 21.9963 cur guard -2783.27 883.901
	was guard reflex vertex? 0
	was guard in reflex area? 0
	does guard intersect boundary ray 16.0111 21.9963 -2783.27 883.901?1
	is guard inside polygon? 0
1 other guards have coords 16 22
scaling gradient with 4 to -362.607 -1086.02
	>>>> prev guard 16.0111 21.9963 cur guard -2805.03 818.74
	was guard reflex vertex? 0
	was guard in reflex area? 0
	does guard intersect boundary ray 16.0111 21.9963 -2805.03 818.74?1
	is guard inside polygon? 0
1 other guards have coords 16 22
	guard not allowed to use pull
	>>>> prev guard 16.0111 21.9963 cur guard -2805.03 818.74
	was guard reflex vertex? 0
	was guard in reflex area? 0
	does guard intersect boundary ray 16.0111 21.9963 -2805.03 818.74?1
	is guard inside polygon? 0
1 other guards have coords 16 22
scaling gradient with 8 to -725.213 -2172.04
	>>>> prev guard 16.0111 21.9963 cur guard -2848.54 688.417
	was guard reflex vertex? 0
	was guard in reflex area? 0
	does guard intersect boundary ray 16.0111 21.9963 -2848.54 688.417?1
	is guard inside polygon? 0
1 other guards have coords 16 22
	guard not allowed to use pull
	>>>> prev guard 16.0111 21.9963 cur guard -2848.54 688.417
	was guard reflex vertex? 0
	was guard in reflex area? 0
	does guard intersect boundary ray 16.0111 21.9963 -2848.54 688.417?1
	is guard inside polygon? 0
1 other guards have coords 16 22
scaling gradient with 16 to -1450.43 -4344.09
	>>>> prev guard 16.0111 21.9963 cur guard -2935.57 427.772
	was guard reflex vertex? 0
	was guard in reflex area? 0
	does guard intersect boundary ray 16.0111 21.9963 -2935.57 427.772?1
	is guard inside polygon? 0
1 other guards have coords 16 22
	guard not allowed to use pull
	>>>> prev guard 16.0111 21.9963 cur guard -2935.57 427.772
	was guard reflex vertex? 0
	was guard in reflex area? 0
	does guard intersect boundary ray 16.0111 21.9963 -2935.57 427.772?1
	is guard inside polygon? 0
1 other guards have coords 16 22
scaling gradient with 32 to -2900.85 -8688.17
	>>>> prev guard 16.0111 21.9963 cur guard -3109.62 -93.518
	was guard reflex vertex? 0
	was guard in reflex area? 0
	does guard intersect boundary ray 16.0111 21.9963 -3109.62 -93.518?1
	is guard inside polygon? 0
1 other guards have coords 16 22
	guard not allowed to use pull
	>>>> prev guard 16.0111 21.9963 cur guard -3109.62 -93.518
	was guard reflex vertex? 0
	was guard in reflex area? 0
	does guard intersect boundary ray 16.0111 21.9963 -3109.62 -93.518?1
	is guard inside polygon? 0
1 other guards have coords 16 22
---- official new best guard 16 22
Df=-54.3909 -163.173
h=-13890.4 4630.12
Df=0.0896482 0.044407
h=0.0199333 -0.0402411
Df=-0.0897271 0.225236
h=-0.0417557 -0.0166342
Df=0 0
h=0 0
Df=-5.83456e-05 -0.000262393
h=-2.84245e-05 6.32046e-06
Df=-2777.87 926.048
h=-13890.4 4630.06
is completely visible? 0
are areas equal? 103=101.16?0
+++++1 guards with gradient 0
	======== guard 8.99313 17.8602
	was guard reflex vertex? 0
	computed gradient -15.8487 0.453725 and pull 5.30193 108.833
	------- removing guard 8.99313 17.8602
g2=8.99313 17.8602
area2=47.2106
alpha2=0.6
scaling gradient with 0.03125 to -0.495273 0.0141789
	>>>> prev guard 8.99313 17.8602 cur guard 9.73328 30.3348
	was guard reflex vertex? 0
	was guard in reflex area? 0
	does guard intersect boundary ray 8.99313 17.8602 9.73328 30.3348?1
	is guard inside polygon? 0
0 other guards have coords 9.0011 17.9945
	 new best guard at 9.0011 17.9945
		new arrangement area = 101.184
		old arrangement area = 101.16
		new guard area = 42.733
		best guard area = 47.2106
scaling gradient with 0.0625 to -0.990546 0.0283578
	>>>> prev guard 8.99313 17.8602 cur guard 9.67385 30.3365
	was guard reflex vertex? 0
	was guard in reflex area? 0
	does guard intersect boundary ray 8.99313 17.8602 9.67385 30.3365?1
	is guard inside polygon? 0
0 other guards have coords 9.00059 17.997
	 new best guard at 9.00059 17.997
		new arrangement area = 101.184
		old arrangement area = 101.184
		new guard area = 42.7332
		best guard area = 42.733
scaling gradient with 0.125 to -1.98109 0.0567156
	>>>> prev guard 8.99313 17.8602 cur guard 9.55498 30.3399
	was guard reflex vertex? 0
	was guard in reflex area? 0
	does guard intersect boundary ray 8.99313 17.8602 9.55498 30.3399?1
	is guard inside polygon? 0
0 other guards have coords 9.26955 24
scaling gradient with 0.25 to -3.96219 0.113431
	>>>> prev guard 8.99313 17.8602 cur guard 9.31725 30.3467
	was guard reflex vertex? 0
	was guard in reflex area? 0
	does guard intersect boundary ray 8.99313 17.8602 9.31725 30.3467?1
	is guard inside polygon? 0
0 other guards have coords 9.15251 24
scaling gradient with 0.5 to -7.92437 0.226862
	>>>> prev guard 8.99313 17.8602 cur guard 8.84179 30.3603
	was guard reflex vertex? 0
	was guard in reflex area? 0
	does guard intersect boundary ray 8.99313 17.8602 8.84179 30.3603?1
	is guard inside polygon? 0
0 other guards have coords 8.91879 24
scaling gradient with 1 to -15.8487 0.453725
	>>>> prev guard 8.99313 17.8602 cur guard 7.89087 30.3875
	was guard reflex vertex? 0
	was guard in reflex area? 0
	does guard intersect boundary ray 8.99313 17.8602 7.89087 30.3875?1
	is guard inside polygon? 0
0 other guards have coords 8.4529 24
scaling gradient with 2 to -31.6975 0.907449
	>>>> prev guard 8.99313 17.8602 cur guard 5.98902 30.442
	was guard reflex vertex? 0
	was guard in reflex area? 0
	does guard intersect boundary ray 8.99313 17.8602 5.98902 30.442?1
	is guard inside polygon? 0
0 other guards have coords 7.52715 24
	 new best guard at 7.52715 24
		new arrangement area = 101.354
		old arrangement area = 101.184
		new guard area = 92.1
		best guard area = 42.7332
scaling gradient with 4 to -63.395 1.8149
	>>>> prev guard 8.99313 17.8602 cur guard 2.18532 30.5508
	was guard reflex vertex? 0
	was guard in reflex area? 0
	does guard intersect boundary ray 8.99313 17.8602 2.18532 30.5508?1
	is guard inside polygon? 0
0 other guards have coords 5.8248 23.7664
scaling gradient with 8 to -126.79 3.6298
	>>>> prev guard 8.99313 17.8602 cur guard -5.42208 30.7686
	was guard reflex vertex? 0
	was guard in reflex area? 0
	does guard intersect boundary ray 8.99313 17.8602 -5.42208 30.7686?1
	is guard inside polygon? 0
0 other guards have coords 4.44781 21.9304
scaling gradient with 16 to -253.58 7.2596
	>>>> prev guard 8.99313 17.8602 cur guard -20.6369 31.2042
	was guard reflex vertex? 0
	was guard in reflex area? 0
	does guard intersect boundary ray 8.99313 17.8602 -20.6369 31.2042?1
	is guard inside polygon? 0
0 other guards have coords 3.31353 20.418
scaling gradient with 32 to -507.16 14.5192
	>>>> prev guard 8.99313 17.8602 cur guard -51.0665 32.0754
	was guard reflex vertex? 0
	was guard in reflex area? 0
	does guard intersect boundary ray 8.99313 17.8602 -51.0665 32.0754?1
	is guard inside polygon? 0
0 other guards have coords 3.94496 19.055
---- official new best guard 7.52715 24
Df=0.00120128 -0.00128711
h=-0.000472099 -0.000440617
Df=-0.320564 -0.156274
h=-0.0228788 0.0469312
Df=-0.0588212 -0.0190948
h=-0.00295806 0.00911222
Df=-9.13106 0.448891
h=3.20747 65.2444
Df=-3.00411 12.5817
h=3.18116 65.3
is completely visible? 0
are areas equal? 103=101.354?0
i=5
area=101.354
+++++3 guards with gradient 0
	======== guard 4.96009 18.0399
	was guard reflex vertex? 0
	computed gradient 0.32424 -0.0553168 and pull 0.00997326 0.0560178
	------- removing guard 4.96009 18.0399
g0=4.96009 18.0399
area0=72.8873
alpha0=0.6
scaling gradient with 0.03125 to 0.0101325 -0.00172865
	>>>> prev guard 4.96009 18.0399 cur guard 6.6974 21.4029
	was guard reflex vertex? 0
	was guard in reflex area? 0
	does guard intersect boundary ray 4.96009 18.0399 6.6974 21.4029?1
	is guard inside polygon? 1
0 other guards have coords 4.14727 18.8527
	 new best guard at 4.14727 18.8527
		new arrangement area = 101.302
		old arrangement area = 101.354
		new guard area = 76.0377
		best guard area = 72.8873
scaling gradient with 0.0625 to 0.020265 -0.0034573
	>>>> prev guard 4.96009 18.0399 cur guard 6.69862 21.4027
	was guard reflex vertex? 0
	was guard in reflex area? 0
	does guard intersect boundary ray 4.96009 18.0399 6.69862 21.4027?1
	is guard inside polygon? 1
0 other guards have coords 4.14798 18.852
	 new best guard at 4.14798 18.852
		new arrangement area = 101.303
		old arrangement area = 101.302
		new guard area = 76.0349
		best guard area = 76.0377
scaling gradient with 0.125 to 0.04053 -0.0069146
	>>>> prev guard 4.96009 18.0399 cur guard 6.70105 21.4023
	was guard reflex vertex? 0
	was guard in reflex area? 0
	does guard intersect boundary ray 4.96009 18.0399 6.70105 21.4023?1
	is guard inside polygon? 1
0 other guards have coords 4.1494 18.8506
	 new best guard at 4.1494 18.8506
		new arrangement area = 101.303
		old arrangement area = 101.303
		new guard area = 76.0291
		best guard area = 76.0349
scaling gradient with 0.25 to 0.08106 -0.0138292
	>>>> prev guard 4.96009 18.0399 cur guard 6.70592 21.4014
	was guard reflex vertex? 0
	was guard in reflex area? 0
	does guard intersect boundary ray 4.96009 18.0399 6.70592 21.4014?1
	is guard inside polygon? 1
0 other guards have coords 4.15225 18.8478
	 new best guard at 4.15225 18.8478
		new arrangement area = 101.305
		old arrangement area = 101.303
		new guard area = 76.0176
		best guard area = 76.0291
scaling gradient with 0.5 to 0.16212 -0.0276584
	>>>> prev guard 4.96009 18.0399 cur guard 6.71564 21.3998
	was guard reflex vertex? 0
	was guard in reflex area? 0
	does guard intersect boundary ray 4.96009 18.0399 6.71564 21.3998?1
	is guard inside polygon? 1
0 other guards have coords 4.15794 18.8421
	 new best guard at 4.15794 18.8421
		new arrangement area = 101.308
		old arrangement area = 101.305
		new guard area = 75.9947
		best guard area = 76.0176
scaling gradient with 1 to 0.32424 -0.0553168
	>>>> prev guard 4.96009 18.0399 cur guard 6.7351 21.3964
	was guard reflex vertex? 0
	was guard in reflex area? 0
	does guard intersect boundary ray 4.96009 18.0399 6.7351 21.3964?1
	is guard inside polygon? 1
0 other guards have coords 4.16933 18.8307
	 new best guard at 4.16933 18.8307
		new arrangement area = 101.314
		old arrangement area = 101.308
		new guard area = 75.949
		best guard area = 75.9947
scaling gradient with 2 to 0.64848 -0.110634
	>>>> prev guard 4.96009 18.0399 cur guard 6.77401 21.3898
	was guard reflex vertex? 0
	was guard in reflex area? 0
	does guard intersect boundary ray 4.96009 18.0399 6.77401 21.3898?1
	is guard inside polygon? 1
0 other guards have coords 4.1921 18.8079
	 new best guard at 4.1921 18.8079
		new arrangement area = 101.325
		old arrangement area = 101.314
		new guard area = 75.8582
		best guard area = 75.949
scaling gradient with 4 to 1.29696 -0.221267
	>>>> prev guard 4.96009 18.0399 cur guard 6.85182 21.3765
	was guard reflex vertex? 0
	was guard in reflex area? 0
	does guard intersect boundary ray 4.96009 18.0399 6.85182 21.3765?1
	is guard inside polygon? 1
0 other guards have coords 4.23765 18.7624
	 new best guard at 4.23765 18.7624
		new arrangement area = 101.349
		old arrangement area = 101.325
		new guard area = 75.679
		best guard area = 75.8582
scaling gradient with 8 to 2.59392 -0.442534
	>>>> prev guard 4.96009 18.0399 cur guard 7.00746 21.35
	was guard reflex vertex? 0
	was guard in reflex area? 0
	does guard intersect boundary ray 4.96009 18.0399 7.00746 21.35?1
	is guard inside polygon? 1
0 other guards have coords 4.32874 18.6713
	 new best guard at 4.32874 18.6713
		new arrangement area = 101.394
		old arrangement area = 101.349
		new guard area = 75.3298
		best guard area = 75.679
scaling gradient with 16 to 5.18784 -0.885068
	>>>> prev guard 4.96009 18.0399 cur guard 7.31873 21.2969
	was guard reflex vertex? 0
	was guard in reflex area? 0
	does guard intersect boundary ray 4.96009 18.0399 7.31873 21.2969?1
	is guard inside polygon? 1
0 other guards have coords 4.51093 18.4891
scaling gradient with 32 to 10.3757 -1.77014
	>>>> prev guard 4.96009 18.0399 cur guard 7.94127 21.1907
	was guard reflex vertex? 0
	was guard in reflex area? 0
	does guard intersect boundary ray 4.96009 18.0399 7.94127 21.1907?1
	is guard inside polygon? 1
0 other guards have coords 4.8753 18.1247
---- official new best guard 4.32874 18.6713
Df=0.199036 -0.0347273
h=0.00573993 0.0328977
Df=-0.00449154 0.00153728
h=0.000244031 0.000712997
Df=0 0
h=0 0
Df=0 0
h=0 0
Df=0 0
h=0 0
Df=0 0
h=0 0
Df=0 0
h=0 0
Df=2.04736 3.31007
h=0.00598396 0.0336107
is completely visible? 0
are areas equal? 103=101.394?0
+++++2 guards with gradient 0
	======== guard 16 22
	was guard reflex vertex? 0
	computed gradient -0.00453109 -0.0203899 and pull -0.00221159 0.000491465
	------- removing guard 16 22
g1=16 22
area1=78.7679
alpha1=0.6
scaling gradient with 0.03125 to -0.000141596 -0.000637184
	>>>> prev guard 16 22 cur guard -2206.29 762.839
	was guard reflex vertex? 0
	was guard in reflex area? 0
	does guard intersect boundary ray 16 22 -2206.29 762.839?1
	is guard inside polygon? 0
1 other guards have coords 16 22
	guard not allowed to use pull
	>>>> prev guard 16 22 cur guard -2206.29 762.839
	was guard reflex vertex? 0
	was guard in reflex area? 0
	does guard intersect boundary ray 16 22 -2206.29 762.839?1
	is guard inside polygon? 0
1 other guards have coords 16 22
scaling gradient with 0.0625 to -0.000283193 -0.00127437
	>>>> prev guard 16 22 cur guard -2206.29 762.838
	was guard reflex vertex? 0
	was guard in reflex area? 0
	does guard intersect boundary ray 16 22 -2206.29 762.838?1
	is guard inside polygon? 0
1 other guards have coords 16 22
	guard not allowed to use pull
	>>>> prev guard 16 22 cur guard -2206.29 762.838
	was guard reflex vertex? 0
	was guard in reflex area? 0
	does guard intersect boundary ray 16 22 -2206.29 762.838?1
	is guard inside polygon? 0
1 other guards have coords 16 22
scaling gradient with 0.125 to -0.000566386 -0.00254874
	>>>> prev guard 16 22 cur guard -2206.29 762.838
	was guard reflex vertex? 0
	was guard in reflex area? 0
	does guard intersect boundary ray 16 22 -2206.29 762.838?1
	is guard inside polygon? 0
1 other guards have coords 16 22
	guard not allowed to use pull
	>>>> prev guard 16 22 cur guard -2206.29 762.838
	was guard reflex vertex? 0
	was guard in reflex area? 0
	does guard intersect boundary ray 16 22 -2206.29 762.838?1
	is guard inside polygon? 0
1 other guards have coords 16 22
scaling gradient with 0.25 to -0.00113277 -0.00509747
	>>>> prev guard 16 22 cur guard -2206.3 762.838
	was guard reflex vertex? 0
	was guard in reflex area? 0
	does guard intersect boundary ray 16 22 -2206.3 762.838?1
	is guard inside polygon? 0
1 other guards have coords 16 22
	guard not allowed to use pull
	>>>> prev guard 16 22 cur guard -2206.3 762.838
	was guard reflex vertex? 0
	was guard in reflex area? 0
	does guard intersect boundary ray 16 22 -2206.3 762.838?1
	is guard inside polygon? 0
1 other guards have coords 16 22
scaling gradient with 0.5 to -0.00226554 -0.0101949
	>>>> prev guard 16 22 cur guard -2206.3 762.837
	was guard reflex vertex? 0
	was guard in reflex area? 0
	does guard intersect boundary ray 16 22 -2206.3 762.837?1
	is guard inside polygon? 0
1 other guards have coords 16 22
	guard not allowed to use pull
	>>>> prev guard 16 22 cur guard -2206.3 762.837
	was guard reflex vertex? 0
	was guard in reflex area? 0
	does guard intersect boundary ray 16 22 -2206.3 762.837?1
	is guard inside polygon? 0
1 other guards have coords 16 22
scaling gradient with 1 to -0.00453109 -0.0203899
	>>>> prev guard 16 22 cur guard -2206.3 762.836
	was guard reflex vertex? 0
	was guard in reflex area? 0
	does guard intersect boundary ray 16 22 -2206.3 762.836?1
	is guard inside polygon? 0
1 other guards have coords 16 22
	guard not allowed to use pull
	>>>> prev guard 16 22 cur guard -2206.3 762.836
	was guard reflex vertex? 0
	was guard in reflex area? 0
	does guard intersect boundary ray 16 22 -2206.3 762.836?1
	is guard inside polygon? 0
1 other guards have coords 16 22
scaling gradient with 2 to -0.00906217 -0.0407798
	>>>> prev guard 16 22 cur guard -2206.3 762.834
	was guard reflex vertex? 0
	was guard in reflex area? 0
	does guard intersect boundary ray 16 22 -2206.3 762.834?1
	is guard inside polygon? 0
1 other guards have coords 16 22
	guard not allowed to use pull
	>>>> prev guard 16 22 cur guard -2206.3 762.834
	was guard reflex vertex? 0
	was guard in reflex area? 0
	does guard intersect boundary ray 16 22 -2206.3 762.834?1
	is guard inside polygon? 0
1 other guards have coords 16 22
scaling gradient with 4 to -0.0181243 -0.0815596
	>>>> prev guard 16 22 cur guard -2206.3 762.829
	was guard reflex vertex? 0
	was guard in reflex area? 0
	does guard intersect boundary ray 16 22 -2206.3 762.829?1
	is guard inside polygon? 0
1 other guards have coords 16 22
	guard not allowed to use pull
	>>>> prev guard 16 22 cur guard -2206.3 762.829
	was guard reflex vertex? 0
	was guard in reflex area? 0
	does guard intersect boundary ray 16 22 -2206.3 762.829?1
	is guard inside polygon? 0
1 other guards have coords 16 22
scaling gradient with 8 to -0.0362487 -0.163119
	>>>> prev guard 16 22 cur guard -2206.3 762.819
	was guard reflex vertex? 0
	was guard in reflex area? 0
	does guard intersect boundary ray 16 22 -2206.3 762.819?1
	is guard inside polygon? 0
1 other guards have coords 16 22
	guard not allowed to use pull
	>>>> prev guard 16 22 cur guard -2206.3 762.819
	was guard reflex vertex? 0
	was guard in reflex area? 0
	does guard intersect boundary ray 16 22 -2206.3 762.819?1
	is guard inside polygon? 0
1 other guards have coords 16 22
scaling gradient with 16 to -0.0724974 -0.326238
	>>>> prev guard 16 22 cur guard -2206.3 762.799
	was guard reflex vertex? 0
	was guard in reflex area? 0
	does guard intersect boundary ray 16 22 -2206.3 762.799?1
	is guard inside polygon? 0
1 other guards have coords 16 22
	guard not allowed to use pull
	>>>> prev guard 16 22 cur guard -2206.3 762.799
	was guard reflex vertex? 0
	was guard in reflex area? 0
	does guard intersect boundary ray 16 22 -2206.3 762.799?1
	is guard inside polygon? 0
1 other guards have coords 16 22
scaling gradient with 32 to -0.144995 -0.652477
	>>>> prev guard 16 22 cur guard -2206.31 762.76
	was guard reflex vertex? 0
	was guard in reflex area? 0
	does guard intersect boundary ray 16 22 -2206.31 762.76?1
	is guard inside polygon? 0
1 other guards have coords 16 22
	guard not allowed to use pull
	>>>> prev guard 16 22 cur guard -2206.31 762.76
	was guard reflex vertex? 0
	was guard in reflex area? 0
	does guard intersect boundary ray 16 22 -2206.31 762.76?1
	is guard inside polygon? 0
1 other guards have coords 16 22
---- official new best guard 16 22
Df=0 0
h=0 0
Df=0 0
h=0 0
Df=0 0
h=0 0
Df=-0.00271865 -0.0122339
h=-0.00132696 0.000294879
Df=0 0
h=0 0
Df=-2777.87 926.048
h=-0.00132696 0.000294879
is completely visible? 0
are areas equal? 103=101.394?0
+++++1 guards with gradient 0
	======== guard 7.52715 24
	was guard reflex vertex? 0
	computed gradient -0.0405192 -2.83612 and pull -2.21275 -0.005628
	------- removing guard 7.52715 24
g2=7.52715 24
area2=92.1
alpha2=0.6
scaling gradient with 0.03125 to -0.00126622 -0.0886288
	>>>> prev guard 7.52715 24 cur guard 4.85818 34.0541
	was guard reflex vertex? 0
	was guard in reflex area? 0
	does guard intersect boundary ray 7.52715 24 4.85818 34.0541?1
	is guard inside polygon? 0
0 other guards have coords 7 24
	 new best guard at 7 24
		new arrangement area = 103
		old arrangement area = 101.394
		new guard area = 96.1
		best guard area = 92.1
scaling gradient with 0.0625 to -0.00253245 -0.177258
	>>>> prev guard 7.52715 24 cur guard 4.85802 34.0434
	was guard reflex vertex? 0
	was guard in reflex area? 0
	does guard intersect boundary ray 7.52715 24 4.85802 34.0434?1
	is guard inside polygon? 0
1 other guards have coords 7 24
	guard not allowed to use pull
	>>>> prev guard 7.52715 24 cur guard 4.85802 34.0434
	was guard reflex vertex? 0
	was guard in reflex area? 0
	does guard intersect boundary ray 7.52715 24 4.85802 34.0434?1
	is guard inside polygon? 0
1 other guards have coords 7 24
scaling gradient with 0.125 to -0.0050649 -0.354515
	>>>> prev guard 7.52715 24 cur guard 4.85772 34.0222
	was guard reflex vertex? 0
	was guard in reflex area? 0
	does guard intersect boundary ray 7.52715 24 4.85772 34.0222?1
	is guard inside polygon? 0
1 other guards have coords 7 24
	guard not allowed to use pull
	>>>> prev guard 7.52715 24 cur guard 4.85772 34.0222
	was guard reflex vertex? 0
	was guard in reflex area? 0
	does guard intersect boundary ray 7.52715 24 4.85772 34.0222?1
	is guard inside polygon? 0
1 other guards have coords 7 24
scaling gradient with 0.25 to -0.0101298 -0.709031
	>>>> prev guard 7.52715 24 cur guard 4.85711 33.9796
	was guard reflex vertex? 0
	was guard in reflex area? 0
	does guard intersect boundary ray 7.52715 24 4.85711 33.9796?1
	is guard inside polygon? 0
1 other guards have coords 7 24
	guard not allowed to use pull
	>>>> prev guard 7.52715 24 cur guard 4.85711 33.9796
	was guard reflex vertex? 0
	was guard in reflex area? 0
	does guard intersect boundary ray 7.52715 24 4.85711 33.9796?1
	is guard inside polygon? 0
1 other guards have coords 7 24
scaling gradient with 0.5 to -0.0202596 -1.41806
	>>>> prev guard 7.52715 24 cur guard 4.8559 33.8945
	was guard reflex vertex? 0
	was guard in reflex area? 0
	does guard intersect boundary ray 7.52715 24 4.8559 33.8945?1
	is guard inside polygon? 0
1 other guards have coords 7 24
	guard not allowed to use pull
	>>>> prev guard 7.52715 24 cur guard 4.8559 33.8945
	was guard reflex vertex? 0
	was guard in reflex area? 0
	does guard intersect boundary ray 7.52715 24 4.8559 33.8945?1
	is guard inside polygon? 0
1 other guards have coords 7 24
scaling gradient with 1 to -0.0405192 -2.83612
	>>>> prev guard 7.52715 24 cur guard 4.85347 33.7244
	was guard reflex vertex? 0
	was guard in reflex area? 0
	does guard intersect boundary ray 7.52715 24 4.85347 33.7244?1
	is guard inside polygon? 0
1 other guards have coords 7 24
	guard not allowed to use pull
	>>>> prev guard 7.52715 24 cur guard 4.85347 33.7244
	was guard reflex vertex? 0
	was guard in reflex area? 0
	does guard intersect boundary ray 7.52715 24 4.85347 33.7244?1
	is guard inside polygon? 0
1 other guards have coords 7 24
scaling gradient with 2 to -0.0810384 -5.67224
	>>>> prev guard 7.52715 24 cur guard 4.8486 33.384
	was guard reflex vertex? 0
	was guard in reflex area? 0
	does guard intersect boundary ray 7.52715 24 4.8486 33.384?1
	is guard inside polygon? 0
1 other guards have coords 7 24
	guard not allowed to use pull
	>>>> prev guard 7.52715 24 cur guard 4.8486 33.384
	was guard reflex vertex? 0
	was guard in reflex area? 0
	does guard intersect boundary ray 7.52715 24 4.8486 33.384?1
	is guard inside polygon? 0
1 other guards have coords 7 24
scaling gradient with 4 to -0.162077 -11.3445
	>>>> prev guard 7.52715 24 cur guard 4.83888 32.7034
	was guard reflex vertex? 0
	was guard in reflex area? 0
	does guard intersect boundary ray 7.52715 24 4.83888 32.7034?1
	is guard inside polygon? 0
1 other guards have coords 7 24
	guard not allowed to use pull
	>>>> prev guard 7.52715 24 cur guard 4.83888 32.7034
	was guard reflex vertex? 0
	was guard in reflex area? 0
	does guard intersect boundary ray 7.52715 24 4.83888 32.7034?1
	is guard inside polygon? 0
1 other guards have coords 7 24
scaling gradient with 8 to -0.324153 -22.689
	>>>> prev guard 7.52715 24 cur guard 4.81943 31.342
	was guard reflex vertex? 0
	was guard in reflex area? 0
	does guard intersect boundary ray 7.52715 24 4.81943 31.342?1
	is guard inside polygon? 0
1 other guards have coords 7 24
	guard not allowed to use pull
	>>>> prev guard 7.52715 24 cur guard 4.81943 31.342
	was guard reflex vertex? 0
	was guard in reflex area? 0
	does guard intersect boundary ray 7.52715 24 4.81943 31.342?1
	is guard inside polygon? 0
1 other guards have coords 7 24
scaling gradient with 16 to -0.648307 -45.378
	>>>> prev guard 7.52715 24 cur guard 4.78053 28.6194
	was guard reflex vertex? 0
	was guard in reflex area? 0
	does guard intersect boundary ray 7.52715 24 4.78053 28.6194?1
	is guard inside polygon? 0
1 other guards have coords 7 24
	guard not allowed to use pull
	>>>> prev guard 7.52715 24 cur guard 4.78053 28.6194
	was guard reflex vertex? 0
	was guard in reflex area? 0
	does guard intersect boundary ray 7.52715 24 4.78053 28.6194?1
	is guard inside polygon? 0
1 other guards have coords 7 24
scaling gradient with 32 to -1.29661 -90.7559
	>>>> prev guard 7.52715 24 cur guard 4.70273 23.174
	was guard reflex vertex? 0
	was guard in reflex area? 0
	does guard intersect boundary ray 7.52715 24 4.70273 23.174?1
	is guard inside polygon? 0
1 other guards have coords 7 24
	guard not allowed to use pull
	>>>> prev guard 7.52715 24 cur guard 4.70273 23.174
	was guard reflex vertex? 0
	was guard in reflex area? 0
	does guard intersect boundary ray 7.52715 24 4.70273 23.174?1
	is guard inside polygon? 0
1 other guards have coords 7 24
---- official new best guard 7 24
Df=0 -0.184839
h=-0.350641 0
Df=0 0.189034
h=0.0544319 0
Df=-0.026412 -0.111893
h=0.0128528 -0.00303388
Df=5.67459e-05 0.000134386
h=1.30691e-05 -5.51855e-06
Df=0.00106911 0.000928216
h=0.000175226 -0.000201824
Df=0.000377268 9.261e-05
h=1.499e-05 -6.10651e-05
Df=0.000597406 -3.93651e-05
h=-4.90999e-06 -7.45142e-05
Df=0 -1.59509
h=-1.04449 0
Df=-2.66897 10.0541
h=-1.32765 -0.0033768
is completely visible? 1
are areas equal? 103=103?1
i=7
area=103
g0=4.32874 18.6713
alpha0=0.6
area0=75.3298
g1=16 22
alpha1=0.6
area1=78.7679
g2=7 24
alpha2=0.6
area2=96.1
