18
6 24 3 20
5 26 6 24
7 16 7 12
3 20 7 16
8 26 7 24
5 26 8 26
10 13 7 12
9 18 10 13
11 20 9 18
11 24 7 24
15 17 11 20
15 27 11 24
16 22 15 27
17 17 15 17
19 19 17 17
17 20 19 19
19 21 17 20
16 22 19 21
total area=103
i=0
area=101.96
+++++3 guards with gradient 0
	======== guard 6.49 19.25
	was guard reflex vertex? 0
	computed gradient -0.0243237 0.0026116 and pull 0.000546668 0.00509152
	------- removing guard 6.49 19.25
g0=6.49 19.25
area0=81.0158
alpha0=0.6
scaling gradient with 0.03125 to -0.000760116 8.16124e-05
	>>>> prev guard 6.49 19.25 cur guard 6.48997 19.2506
	was guard reflex vertex? 0
	was guard in reflex area? 0
	does guard intersect boundary ray 6.49 19.25 6.48997 19.2506?0
	is guard inside polygon? 1
0 other guards have coords 6.48997 19.2506
	 new best guard at 6.48997 19.2506
		new arrangement area = 101.961
		old arrangement area = 101.96
		new guard area = 81.0197
		best guard area = 81.0158
scaling gradient with 0.0625 to -0.00152023 0.000163225
	>>>> prev guard 6.49 19.25 cur guard 6.48988 19.2506
	was guard reflex vertex? 0
	was guard in reflex area? 0
	does guard intersect boundary ray 6.49 19.25 6.48988 19.2506?0
	is guard inside polygon? 1
0 other guards have coords 6.48988 19.2506
	 new best guard at 6.48988 19.2506
		new arrangement area = 101.961
		old arrangement area = 101.961
		new guard area = 81.0197
		best guard area = 81.0197
scaling gradient with 0.125 to -0.00304046 0.00032645
	>>>> prev guard 6.49 19.25 cur guard 6.4897 19.2507
	was guard reflex vertex? 0
	was guard in reflex area? 0
	does guard intersect boundary ray 6.49 19.25 6.4897 19.2507?0
	is guard inside polygon? 1
0 other guards have coords 6.4897 19.2507
	 new best guard at 6.4897 19.2507
		new arrangement area = 101.961
		old arrangement area = 101.961
		new guard area = 81.0196
		best guard area = 81.0197
scaling gradient with 0.25 to -0.00608093 0.0006529
	>>>> prev guard 6.49 19.25 cur guard 6.48934 19.2507
	was guard reflex vertex? 0
	was guard in reflex area? 0
	does guard intersect boundary ray 6.49 19.25 6.48934 19.2507?0
	is guard inside polygon? 1
0 other guards have coords 6.48934 19.2507
	 new best guard at 6.48934 19.2507
		new arrangement area = 101.961
		old arrangement area = 101.961
		new guard area = 81.0194
		best guard area = 81.0196
scaling gradient with 0.5 to -0.0121619 0.0013058
	>>>> prev guard 6.49 19.25 cur guard 6.48861 19.2508
	was guard reflex vertex? 0
	was guard in reflex area? 0
	does guard intersect boundary ray 6.49 19.25 6.48861 19.2508?0
	is guard inside polygon? 1
0 other guards have coords 6.48861 19.2508
	 new best guard at 6.48861 19.2508
		new arrangement area = 101.961
		old arrangement area = 101.961
		new guard area = 81.019
		best guard area = 81.0194
scaling gradient with 1 to -0.0243237 0.0026116
	>>>> prev guard 6.49 19.25 cur guard 6.48715 19.2509
	was guard reflex vertex? 0
	was guard in reflex area? 0
	does guard intersect boundary ray 6.49 19.25 6.48715 19.2509?0
	is guard inside polygon? 1
0 other guards have coords 6.48715 19.2509
	 new best guard at 6.48715 19.2509
		new arrangement area = 101.962
		old arrangement area = 101.961
		new guard area = 81.0182
		best guard area = 81.019
scaling gradient with 2 to -0.0486474 0.0052232
	>>>> prev guard 6.49 19.25 cur guard 6.48423 19.2512
	was guard reflex vertex? 0
	was guard in reflex area? 0
	does guard intersect boundary ray 6.49 19.25 6.48423 19.2512?0
	is guard inside polygon? 1
0 other guards have coords 6.48423 19.2512
	 new best guard at 6.48423 19.2512
		new arrangement area = 101.963
		old arrangement area = 101.962
		new guard area = 81.0166
		best guard area = 81.0182
scaling gradient with 4 to -0.0972948 0.0104464
	>>>> prev guard 6.49 19.25 cur guard 6.47839 19.2519
	was guard reflex vertex? 0
	was guard in reflex area? 0
	does guard intersect boundary ray 6.49 19.25 6.47839 19.2519?0
	is guard inside polygon? 1
0 other guards have coords 6.47839 19.2519
	 new best guard at 6.47839 19.2519
		new arrangement area = 101.965
		old arrangement area = 101.963
		new guard area = 81.0135
		best guard area = 81.0166
scaling gradient with 8 to -0.19459 0.0208928
	>>>> prev guard 6.49 19.25 cur guard 6.46671 19.2531
	was guard reflex vertex? 0
	was guard in reflex area? 0
	does guard intersect boundary ray 6.49 19.25 6.46671 19.2531?0
	is guard inside polygon? 1
0 other guards have coords 6.46671 19.2531
	 new best guard at 6.46671 19.2531
		new arrangement area = 101.97
		old arrangement area = 101.965
		new guard area = 81.0072
		best guard area = 81.0135
scaling gradient with 16 to -0.389179 0.0417856
	>>>> prev guard 6.49 19.25 cur guard 6.44336 19.2556
	was guard reflex vertex? 0
	was guard in reflex area? 0
	does guard intersect boundary ray 6.49 19.25 6.44336 19.2556?0
	is guard inside polygon? 1
0 other guards have coords 6.44336 19.2556
	 new best guard at 6.44336 19.2556
		new arrangement area = 101.98
		old arrangement area = 101.97
		new guard area = 80.9948
		best guard area = 81.0072
scaling gradient with 32 to -0.778359 0.0835711
	>>>> prev guard 6.49 19.25 cur guard 6.39666 19.2606
	was guard reflex vertex? 0
	was guard in reflex area? 0
	does guard intersect boundary ray 6.49 19.25 6.39666 19.2606?0
	is guard inside polygon? 1
0 other guards have coords 6.39666 19.2606
	 new best guard at 6.39666 19.2606
		new arrangement area = 102
		old arrangement area = 101.98
		new guard area = 80.9702
		best guard area = 80.9948
---- official new best guard 6.39666 19.2606
Df=0 0
h=0 0
Df=-0.0145942 0.00156696
h=0.000328001 0.00305491
Df=0 0
h=0 0
Df=0 0
h=0 0
Df=0 0
h=0 0
Df=0 0
h=0 0
Df=0 0
h=0 0
Df=-0.0933374 0.0106395
h=0.000328001 0.00305491
is completely visible? 0
are areas equal? 103=102?0
+++++2 guards with gradient 0
	======== guard 14.6 21.02
	was guard reflex vertex? 0
	computed gradient -0.243921 -0.85511 and pull 0.126987 0.405433
	------- removing guard 14.6 21.02
g1=14.6 21.02
area1=78.3088
alpha1=0.6
scaling gradient with 0.03125 to -0.00762254 -0.0267222
	>>>> prev guard 14.6 21.02 cur guard 14.6143 21.0654
	was guard reflex vertex? 0
	was guard in reflex area? 0
	does guard intersect boundary ray 14.6 21.02 14.6143 21.0654?0
	is guard inside polygon? 1
0 other guards have coords 14.6143 21.0654
	 new best guard at 14.6143 21.0654
		new arrangement area = 102
		old arrangement area = 102
		new guard area = 78.5242
		best guard area = 78.3088
scaling gradient with 0.0625 to -0.0152451 -0.0534444
	>>>> prev guard 14.6 21.02 cur guard 14.6134 21.0622
	was guard reflex vertex? 0
	was guard in reflex area? 0
	does guard intersect boundary ray 14.6 21.02 14.6134 21.0622?0
	is guard inside polygon? 1
0 other guards have coords 14.6134 21.0622
	 new best guard at 14.6134 21.0622
		new arrangement area = 102
		old arrangement area = 102
		new guard area = 78.509
		best guard area = 78.5242
scaling gradient with 0.125 to -0.0304902 -0.106889
	>>>> prev guard 14.6 21.02 cur guard 14.6116 21.0558
	was guard reflex vertex? 0
	was guard in reflex area? 0
	does guard intersect boundary ray 14.6 21.02 14.6116 21.0558?0
	is guard inside polygon? 1
0 other guards have coords 14.6116 21.0558
	 new best guard at 14.6116 21.0558
		new arrangement area = 102
		old arrangement area = 102
		new guard area = 78.4786
		best guard area = 78.509
scaling gradient with 0.25 to -0.0609804 -0.213777
	>>>> prev guard 14.6 21.02 cur guard 14.6079 21.043
	was guard reflex vertex? 0
	was guard in reflex area? 0
	does guard intersect boundary ray 14.6 21.02 14.6079 21.043?0
	is guard inside polygon? 1
0 other guards have coords 14.6079 21.043
	 new best guard at 14.6079 21.043
		new arrangement area = 102
		old arrangement area = 102
		new guard area = 78.4174
		best guard area = 78.4786
scaling gradient with 0.5 to -0.121961 -0.427555
	>>>> prev guard 14.6 21.02 cur guard 14.6006 21.0173
	was guard reflex vertex? 0
	was guard in reflex area? 0
	does guard intersect boundary ray 14.6 21.02 14.6006 21.0173?0
	is guard inside polygon? 1
0 other guards have coords 14.6006 21.0173
	 new best guard at 14.6006 21.0173
		new arrangement area = 102
		old arrangement area = 102
		new guard area = 78.2938
		best guard area = 78.4174
scaling gradient with 1 to -0.243921 -0.85511
	>>>> prev guard 14.6 21.02 cur guard 14.586 20.966
	was guard reflex vertex? 0
	was guard in reflex area? 0
	does guard intersect boundary ray 14.6 21.02 14.586 20.966?0
	is guard inside polygon? 1
0 other guards have coords 14.586 20.966
	 new best guard at 14.586 20.966
		new arrangement area = 102.001
		old arrangement area = 102
		new guard area = 78.0411
		best guard area = 78.2938
scaling gradient with 2 to -0.487843 -1.71022
	>>>> prev guard 14.6 21.02 cur guard 14.5567 20.8634
	was guard reflex vertex? 0
	was guard in reflex area? 0
	does guard intersect boundary ray 14.6 21.02 14.5567 20.8634?0
	is guard inside polygon? 1
0 other guards have coords 14.5567 20.8634
	 new best guard at 14.5567 20.8634
		new arrangement area = 102.003
		old arrangement area = 102.001
		new guard area = 77.5128
		best guard area = 78.0411
scaling gradient with 4 to -0.975686 -3.42044
	>>>> prev guard 14.6 21.02 cur guard 14.4982 20.6582
	was guard reflex vertex? 0
	was guard in reflex area? 0
	does guard intersect boundary ray 14.6 21.02 14.4982 20.6582?0
	is guard inside polygon? 1
0 other guards have coords 14.4982 20.6582
	 new best guard at 14.4982 20.6582
		new arrangement area = 102.006
		old arrangement area = 102.003
		new guard area = 76.3542
		best guard area = 77.5128
scaling gradient with 8 to -1.95137 -6.84088
	>>>> prev guard 14.6 21.02 cur guard 14.3811 20.2477
	was guard reflex vertex? 0
	was guard in reflex area? 0
	does guard intersect boundary ray 14.6 21.02 14.3811 20.2477?0
	is guard inside polygon? 1
0 other guards have coords 14.3811 20.2477
	 new best guard at 14.3811 20.2477
		new arrangement area = 102.014
		old arrangement area = 102.006
		new guard area = 73.5255
		best guard area = 76.3542
scaling gradient with 16 to -3.90274 -13.6818
	>>>> prev guard 14.6 21.02 cur guard 14.1469 19.4268
	was guard reflex vertex? 0
	was guard in reflex area? 0
	does guard intersect boundary ray 14.6 21.02 14.1469 19.4268?0
	is guard inside polygon? 1
0 other guards have coords 14.1469 19.4268
	 new best guard at 14.1469 19.4268
		new arrangement area = 102.038
		old arrangement area = 102.014
		new guard area = 66.3426
		best guard area = 73.5255
scaling gradient with 32 to -7.80549 -27.3635
	>>>> prev guard 14.6 21.02 cur guard 13.6786 17.785
	was guard reflex vertex? 0
	was guard in reflex area? 0
	does guard intersect boundary ray 14.6 21.02 13.6786 17.785?1
	is guard inside polygon? 0
0 other guards have coords 13.7269 17.9548
---- official new best guard 14.1469 19.4268
Df=-0.116701 0.411884
h=-0.110079 -0.0311891
Df=0 0
h=0 0
Df=-0.00286026 -0.00729462
h=-0.000893581 0.000350378
Df=-0.362881 -0.43838
h=-0.0938037 0.0776486
Df=0.335864 -0.479805
h=0.280766 0.196536
Df=0.000224988 0.000529382
h=0.000203003 -8.62762e-05
Df=-0.453091 -1.59316
h=0.0761922 0.24326
is completely visible? 0
are areas equal? 103=102.038?0
+++++1 guards with gradient 0
	======== guard 9.65 14.01
	was guard reflex vertex? 0
	computed gradient -0.0113421 1.1936 and pull -0.479419 0.53759
	------- removing guard 9.65 14.01
g2=9.65 14.01
area2=43.2679
alpha2=0.6
scaling gradient with 0.03125 to -0.000354439 0.0373
	>>>> prev guard 9.65 14.01 cur guard 9.59243 14.079
	was guard reflex vertex? 0
	was guard in reflex area? 0
	does guard intersect boundary ray 9.65 14.01 9.59243 14.079?0
	is guard inside polygon? 1
0 other guards have coords 9.59243 14.079
	 new best guard at 9.59243 14.079
		new arrangement area = 102.033
		old arrangement area = 102.038
		new guard area = 43.482
		best guard area = 43.2679
scaling gradient with 0.0625 to -0.000708878 0.0746
	>>>> prev guard 9.65 14.01 cur guard 9.59238 14.0835
	was guard reflex vertex? 0
	was guard in reflex area? 0
	does guard intersect boundary ray 9.65 14.01 9.59238 14.0835?0
	is guard inside polygon? 1
0 other guards have coords 9.59238 14.0835
	 new best guard at 9.59238 14.0835
		new arrangement area = 102.033
		old arrangement area = 102.033
		new guard area = 43.4791
		best guard area = 43.482
scaling gradient with 0.125 to -0.00141776 0.1492
	>>>> prev guard 9.65 14.01 cur guard 9.5923 14.0924
	was guard reflex vertex? 0
	was guard in reflex area? 0
	does guard intersect boundary ray 9.65 14.01 9.5923 14.0924?0
	is guard inside polygon? 1
0 other guards have coords 9.5923 14.0924
	 new best guard at 9.5923 14.0924
		new arrangement area = 102.034
		old arrangement area = 102.033
		new guard area = 43.4735
		best guard area = 43.4791
scaling gradient with 0.25 to -0.00283551 0.2984
	>>>> prev guard 9.65 14.01 cur guard 9.59213 14.1103
	was guard reflex vertex? 0
	was guard in reflex area? 0
	does guard intersect boundary ray 9.65 14.01 9.59213 14.1103?0
	is guard inside polygon? 1
0 other guards have coords 9.59213 14.1103
	 new best guard at 9.59213 14.1103
		new arrangement area = 102.035
		old arrangement area = 102.034
		new guard area = 43.4621
		best guard area = 43.4735
scaling gradient with 0.5 to -0.00567103 0.5968
	>>>> prev guard 9.65 14.01 cur guard 9.59179 14.1461
	was guard reflex vertex? 0
	was guard in reflex area? 0
	does guard intersect boundary ray 9.65 14.01 9.59179 14.1461?0
	is guard inside polygon? 1
0 other guards have coords 9.59179 14.1461
	 new best guard at 9.59179 14.1461
		new arrangement area = 102.037
		old arrangement area = 102.035
		new guard area = 43.4389
		best guard area = 43.4621
scaling gradient with 1 to -0.0113421 1.1936
	>>>> prev guard 9.65 14.01 cur guard 9.59111 14.2177
	was guard reflex vertex? 0
	was guard in reflex area? 0
	does guard intersect boundary ray 9.65 14.01 9.59111 14.2177?0
	is guard inside polygon? 1
0 other guards have coords 9.59111 14.2177
	 new best guard at 9.59111 14.2177
		new arrangement area = 102.041
		old arrangement area = 102.037
		new guard area = 43.3913
		best guard area = 43.4389
scaling gradient with 2 to -0.0226841 2.3872
	>>>> prev guard 9.65 14.01 cur guard 9.58975 14.361
	was guard reflex vertex? 0
	was guard in reflex area? 0
	does guard intersect boundary ray 9.65 14.01 9.58975 14.361?0
	is guard inside polygon? 1
0 other guards have coords 9.58975 14.361
	 new best guard at 9.58975 14.361
		new arrangement area = 102.05
		old arrangement area = 102.041
		new guard area = 43.2904
		best guard area = 43.3913
scaling gradient with 4 to -0.0453682 4.7744
	>>>> prev guard 9.65 14.01 cur guard 9.58703 14.6474
	was guard reflex vertex? 0
	was guard in reflex area? 0
	does guard intersect boundary ray 9.65 14.01 9.58703 14.6474?0
	is guard inside polygon? 1
0 other guards have coords 9.58703 14.6474
	 new best guard at 9.58703 14.6474
		new arrangement area = 102.068
		old arrangement area = 102.05
		new guard area = 43.0621
		best guard area = 43.2904
scaling gradient with 8 to -0.0907364 9.54879
	>>>> prev guard 9.65 14.01 cur guard 9.58158 15.2204
	was guard reflex vertex? 0
	was guard in reflex area? 0
	does guard intersect boundary ray 9.65 14.01 9.58158 15.2204?1
	is guard inside polygon? 0
0 other guards have coords 9.59169 15.0416
	 new best guard at 9.59169 15.0416
		new arrangement area = 102.097
		old arrangement area = 102.068
		new guard area = 42.6233
		best guard area = 43.0621
scaling gradient with 16 to -0.181473 19.0976
	>>>> prev guard 9.65 14.01 cur guard 9.57069 16.3662
	was guard reflex vertex? 0
	was guard in reflex area? 0
	does guard intersect boundary ray 9.65 14.01 9.57069 16.3662?1
	is guard inside polygon? 0
0 other guards have coords 9.62005 14.8997
scaling gradient with 32 to -0.362946 38.1952
	>>>> prev guard 9.65 14.01 cur guard 9.54892 18.6579
	was guard reflex vertex? 0
	was guard in reflex area? 0
	does guard intersect boundary ray 9.65 14.01 9.54892 18.6579?1
	is guard inside polygon? 1
0 other guards have coords 9.63194 14.8403
---- official new best guard 9.59169 15.0416
Df=0.654044 0.870963
h=-0.262813 0.197358
Df=-0.215121 -0.0785977
h=-0.00738984 0.0202259
Df=-0.0351072 -0.00931273
h=-0.000901043 0.00339676
Df=-0.410621 -0.0668932
h=-0.0165471 0.101574
Df=-0.0684186 1.21037
h=-0.287651 0.322554
is completely visible? 0
are areas equal? 103=102.097?0
i=1
area=102.097
+++++3 guards with gradient 0
	======== guard 6.39666 19.2606
	was guard reflex vertex? 0
	computed gradient -1.23241 -0.0982816 and pull -0.0206679 0.259108
	------- removing guard 6.39666 19.2606
g0=6.39666 19.2606
area0=80.9702
alpha0=0.6
scaling gradient with 0.03125 to -0.0385127 -0.0030713
	>>>> prev guard 6.39666 19.2606 cur guard 6.31489 19.2999
	was guard reflex vertex? 0
	was guard in reflex area? 0
	does guard intersect boundary ray 6.39666 19.2606 6.31489 19.2999?0
	is guard inside polygon? 1
0 other guards have coords 6.31489 19.2999
	 new best guard at 6.31489 19.2999
		new arrangement area = 102.133
		old arrangement area = 102.097
		new guard area = 81.1297
		best guard area = 80.9702
scaling gradient with 0.0625 to -0.0770254 -0.0061426
	>>>> prev guard 6.39666 19.2606 cur guard 6.31027 19.2995
	was guard reflex vertex? 0
	was guard in reflex area? 0
	does guard intersect boundary ray 6.39666 19.2606 6.31027 19.2995?0
	is guard inside polygon? 1
0 other guards have coords 6.31027 19.2995
	 new best guard at 6.31027 19.2995
		new arrangement area = 102.135
		old arrangement area = 102.133
		new guard area = 81.1217
		best guard area = 81.1297
scaling gradient with 0.125 to -0.154051 -0.0122852
	>>>> prev guard 6.39666 19.2606 cur guard 6.30103 19.2988
	was guard reflex vertex? 0
	was guard in reflex area? 0
	does guard intersect boundary ray 6.39666 19.2606 6.30103 19.2988?0
	is guard inside polygon? 1
0 other guards have coords 6.30103 19.2988
	 new best guard at 6.30103 19.2988
		new arrangement area = 102.139
		old arrangement area = 102.135
		new guard area = 81.1057
		best guard area = 81.1217
scaling gradient with 0.25 to -0.308102 -0.0245704
	>>>> prev guard 6.39666 19.2606 cur guard 6.28254 19.2973
	was guard reflex vertex? 0
	was guard in reflex area? 0
	does guard intersect boundary ray 6.39666 19.2606 6.28254 19.2973?0
	is guard inside polygon? 1
0 other guards have coords 6.28254 19.2973
	 new best guard at 6.28254 19.2973
		new arrangement area = 102.147
		old arrangement area = 102.139
		new guard area = 81.0737
		best guard area = 81.1057
scaling gradient with 0.5 to -0.616203 -0.0491408
	>>>> prev guard 6.39666 19.2606 cur guard 6.24557 19.2943
	was guard reflex vertex? 0
	was guard in reflex area? 0
	does guard intersect boundary ray 6.39666 19.2606 6.24557 19.2943?0
	is guard inside polygon? 1
0 other guards have coords 6.24557 19.2943
	 new best guard at 6.24557 19.2943
		new arrangement area = 102.163
		old arrangement area = 102.147
		new guard area = 81.0099
		best guard area = 81.0737
scaling gradient with 1 to -1.23241 -0.0982816
	>>>> prev guard 6.39666 19.2606 cur guard 6.17162 19.2885
	was guard reflex vertex? 0
	was guard in reflex area? 0
	does guard intersect boundary ray 6.39666 19.2606 6.17162 19.2885?0
	is guard inside polygon? 1
0 other guards have coords 6.17162 19.2885
	 new best guard at 6.17162 19.2885
		new arrangement area = 102.194
		old arrangement area = 102.163
		new guard area = 80.8829
		best guard area = 81.0099
scaling gradient with 2 to -2.46481 -0.196563
	>>>> prev guard 6.39666 19.2606 cur guard 6.02373 19.2767
	was guard reflex vertex? 0
	was guard in reflex area? 0
	does guard intersect boundary ray 6.39666 19.2606 6.02373 19.2767?0
	is guard inside polygon? 1
0 other guards have coords 6.02373 19.2767
	 new best guard at 6.02373 19.2767
		new arrangement area = 102.255
		old arrangement area = 102.194
		new guard area = 80.6314
		best guard area = 80.8829
scaling gradient with 4 to -4.92963 -0.393126
	>>>> prev guard 6.39666 19.2606 cur guard 5.72796 19.2531
	was guard reflex vertex? 0
	was guard in reflex area? 0
	does guard intersect boundary ray 6.39666 19.2606 5.72796 19.2531?0
	is guard inside polygon? 1
0 other guards have coords 5.72796 19.2531
	 new best guard at 5.72796 19.2531
		new arrangement area = 102.378
		old arrangement area = 102.255
		new guard area = 80.1389
		best guard area = 80.6314
scaling gradient with 8 to -9.85925 -0.786253
	>>>> prev guard 6.39666 19.2606 cur guard 5.1364 19.2059
	was guard reflex vertex? 0
	was guard in reflex area? 0
	does guard intersect boundary ray 6.39666 19.2606 5.1364 19.2059?0
	is guard inside polygon? 1
0 other guards have coords 5.1364 19.2059
	 new best guard at 5.1364 19.2059
		new arrangement area = 102.619
		old arrangement area = 102.378
		new guard area = 79.1953
		best guard area = 80.1389
scaling gradient with 16 to -19.7185 -1.57251
	>>>> prev guard 6.39666 19.2606 cur guard 3.95329 19.1115
	was guard reflex vertex? 0
	was guard in reflex area? 0
	does guard intersect boundary ray 6.39666 19.2606 3.95329 19.1115?0
	is guard inside polygon? 1
0 other guards have coords 3.95329 19.1115
	 new best guard at 3.95329 19.1115
		new arrangement area = 102.72
		old arrangement area = 102.619
		new guard area = 76.7677
		best guard area = 79.1953
scaling gradient with 32 to -39.437 -3.14501
	>>>> prev guard 6.39666 19.2606 cur guard 1.58707 18.9228
	was guard reflex vertex? 0
	was guard in reflex area? 0
	does guard intersect boundary ray 6.39666 19.2606 1.58707 18.9228?1
	is guard inside polygon? 0
0 other guards have coords 3.91375 19.0863
---- official new best guard 3.95329 19.1115
Df=-0.725609 -0.0607302
h=-0.0127694 0.152569
Df=-0.0138346 0.00176119
h=0.000368634 0.00289571
Df=0 0
h=0 0
Df=0 0
h=0 0
Df=0 0
h=0 0
Df=0 0
h=0 0
Df=0 0
h=0 0
Df=-2.44337 -0.149096
h=-0.0124007 0.155465
is completely visible? 0
are areas equal? 103=102.72?0
+++++2 guards with gradient 0
	======== guard 14.1469 19.4268
	was guard reflex vertex? 0
	computed gradient -0.169361 0.131569 and pull -0.308009 0.329537
	------- removing guard 14.1469 19.4268
g1=14.1469 19.4268
area1=66.3426
alpha1=0.6
scaling gradient with 0.03125 to -0.00529255 0.00411154
	>>>> prev guard 14.1469 19.4268 cur guard 13.7468 18.1924
	was guard reflex vertex? 0
	was guard in reflex area? 0
	does guard intersect boundary ray 14.1469 19.4268 13.7468 18.1924?0
	is guard inside polygon? 1
0 other guards have coords 13.7468 18.1924
	 new best guard at 13.7468 18.1924
		new arrangement area = 102.679
		old arrangement area = 102.72
		new guard area = 57.5516
		best guard area = 66.3426
scaling gradient with 0.0625 to -0.0105851 0.00822307
	>>>> prev guard 14.1469 19.4268 cur guard 13.7462 18.1928
	was guard reflex vertex? 0
	was guard in reflex area? 0
	does guard intersect boundary ray 14.1469 19.4268 13.7462 18.1928?0
	is guard inside polygon? 1
0 other guards have coords 13.7462 18.1928
	 new best guard at 13.7462 18.1928
		new arrangement area = 102.679
		old arrangement area = 102.679
		new guard area = 57.5525
		best guard area = 57.5516
scaling gradient with 0.125 to -0.0211702 0.0164461
	>>>> prev guard 14.1469 19.4268 cur guard 13.7449 18.1938
	was guard reflex vertex? 0
	was guard in reflex area? 0
	does guard intersect boundary ray 14.1469 19.4268 13.7449 18.1938?0
	is guard inside polygon? 1
0 other guards have coords 13.7449 18.1938
	 new best guard at 13.7449 18.1938
		new arrangement area = 102.68
		old arrangement area = 102.679
		new guard area = 57.5542
		best guard area = 57.5525
scaling gradient with 0.25 to -0.0423404 0.0328923
	>>>> prev guard 14.1469 19.4268 cur guard 13.7424 18.1958
	was guard reflex vertex? 0
	was guard in reflex area? 0
	does guard intersect boundary ray 14.1469 19.4268 13.7424 18.1958?0
	is guard inside polygon? 1
0 other guards have coords 13.7424 18.1958
	 new best guard at 13.7424 18.1958
		new arrangement area = 102.682
		old arrangement area = 102.68
		new guard area = 57.5577
		best guard area = 57.5542
scaling gradient with 0.5 to -0.0846807 0.0657846
	>>>> prev guard 14.1469 19.4268 cur guard 13.7373 18.1998
	was guard reflex vertex? 0
	was guard in reflex area? 0
	does guard intersect boundary ray 14.1469 19.4268 13.7373 18.1998?0
	is guard inside polygon? 1
0 other guards have coords 13.7373 18.1998
	 new best guard at 13.7373 18.1998
		new arrangement area = 102.685
		old arrangement area = 102.682
		new guard area = 57.5646
		best guard area = 57.5577
scaling gradient with 1 to -0.169361 0.131569
	>>>> prev guard 14.1469 19.4268 cur guard 13.7272 18.2076
	was guard reflex vertex? 0
	was guard in reflex area? 0
	does guard intersect boundary ray 14.1469 19.4268 13.7272 18.2076?0
	is guard inside polygon? 1
0 other guards have coords 13.7272 18.2076
	 new best guard at 13.7272 18.2076
		new arrangement area = 102.692
		old arrangement area = 102.685
		new guard area = 57.5785
		best guard area = 57.5646
scaling gradient with 2 to -0.338723 0.263138
	>>>> prev guard 14.1469 19.4268 cur guard 13.7068 18.2234
	was guard reflex vertex? 0
	was guard in reflex area? 0
	does guard intersect boundary ray 14.1469 19.4268 13.7068 18.2234?0
	is guard inside polygon? 1
0 other guards have coords 13.7068 18.2234
	 new best guard at 13.7068 18.2234
		new arrangement area = 102.705
		old arrangement area = 102.692
		new guard area = 57.6066
		best guard area = 57.5785
scaling gradient with 4 to -0.677446 0.526277
	>>>> prev guard 14.1469 19.4268 cur guard 13.6662 18.255
	was guard reflex vertex? 0
	was guard in reflex area? 0
	does guard intersect boundary ray 14.1469 19.4268 13.6662 18.255?0
	is guard inside polygon? 1
0 other guards have coords 13.6662 18.255
	 new best guard at 13.6662 18.255
		new arrangement area = 102.734
		old arrangement area = 102.705
		new guard area = 57.6636
		best guard area = 57.6066
scaling gradient with 8 to -1.35489 1.05255
	>>>> prev guard 14.1469 19.4268 cur guard 13.5849 18.3182
	was guard reflex vertex? 0
	was guard in reflex area? 0
	does guard intersect boundary ray 14.1469 19.4268 13.5849 18.3182?0
	is guard inside polygon? 1
0 other guards have coords 13.5849 18.3182
	 new best guard at 13.5849 18.3182
		new arrangement area = 102.779
		old arrangement area = 102.734
		new guard area = 57.7663
		best guard area = 57.6636
scaling gradient with 16 to -2.70978 2.10511
	>>>> prev guard 14.1469 19.4268 cur guard 13.4223 18.4445
	was guard reflex vertex? 0
	was guard in reflex area? 0
	does guard intersect boundary ray 14.1469 19.4268 13.4223 18.4445?0
	is guard inside polygon? 1
0 other guards have coords 13.4223 18.4445
	 new best guard at 13.4223 18.4445
		new arrangement area = 102.78
		old arrangement area = 102.779
		new guard area = 57.8927
		best guard area = 57.7663
scaling gradient with 32 to -5.41957 4.21021
	>>>> prev guard 14.1469 19.4268 cur guard 13.0971 18.6971
	was guard reflex vertex? 0
	was guard in reflex area? 0
	does guard intersect boundary ray 14.1469 19.4268 13.0971 18.6971?0
	is guard inside polygon? 1
0 other guards have coords 13.0971 18.6971
	 new best guard at 13.0971 18.6971
		new arrangement area = 102.781
		old arrangement area = 102.78
		new guard area = 58.2077
		best guard area = 57.8927
---- official new best guard 13.0971 18.6971
Df=0.107716 0.591412
h=-0.184893 0.0336752
Df=0 0
h=0 0
Df=-0.00948221 -0.0148187
h=-0.0017465 0.00111755
Df=-0.455879 -0.313702
h=-0.0565098 0.0821213
Df=0.25613 -0.184455
h=0.0581697 0.0807731
Df=-0.000101521 0.000505353
h=0.000173655 3.48857e-05
Df=-1.04978 -0.729757
h=-0.184805 0.197722
is completely visible? 0
are areas equal? 103=102.781?0
+++++1 guards with gradient 0
	======== guard 9.59169 15.0416
	was guard reflex vertex? 0
	computed gradient -0.65908 1.6748 and pull -0.820745 0.638275
	------- removing guard 9.59169 15.0416
g2=9.59169 15.0416
area2=42.6233
alpha2=0.6
scaling gradient with 0.03125 to -0.0205962 0.0523375
	>>>> prev guard 9.59169 15.0416 cur guard 9.43599 16.0927
	was guard reflex vertex? 0
	was guard in reflex area? 0
	does guard intersect boundary ray 9.59169 15.0416 9.43599 16.0927?1
	is guard inside polygon? 0
0 other guards have coords 9.38355 16.0822
	 new best guard at 9.38355 16.0822
		new arrangement area = 102.798
		old arrangement area = 102.781
		new guard area = 42.6526
		best guard area = 42.6233
scaling gradient with 0.0625 to -0.0411925 0.104675
	>>>> prev guard 9.59169 15.0416 cur guard 9.43352 16.099
	was guard reflex vertex? 0
	was guard in reflex area? 0
	does guard intersect boundary ray 9.59169 15.0416 9.43352 16.099?1
	is guard inside polygon? 0
0 other guards have coords 9.38225 16.0887
	 new best guard at 9.38225 16.0887
		new arrangement area = 102.798
		old arrangement area = 102.798
		new guard area = 42.6528
		best guard area = 42.6526
scaling gradient with 0.125 to -0.082385 0.20935
	>>>> prev guard 9.59169 15.0416 cur guard 9.42858 16.1116
	was guard reflex vertex? 0
	was guard in reflex area? 0
	does guard intersect boundary ray 9.59169 15.0416 9.42858 16.1116?1
	is guard inside polygon? 0
0 other guards have coords 9.37964 16.1018
	 new best guard at 9.37964 16.1018
		new arrangement area = 102.798
		old arrangement area = 102.798
		new guard area = 42.6532
		best guard area = 42.6528
scaling gradient with 0.25 to -0.16477 0.4187
	>>>> prev guard 9.59169 15.0416 cur guard 9.41869 16.1367
	was guard reflex vertex? 0
	was guard in reflex area? 0
	does guard intersect boundary ray 9.59169 15.0416 9.41869 16.1367?1
	is guard inside polygon? 0
0 other guards have coords 9.37443 16.1278
	 new best guard at 9.37443 16.1278
		new arrangement area = 102.799
		old arrangement area = 102.798
		new guard area = 42.6541
		best guard area = 42.6532
scaling gradient with 0.5 to -0.32954 0.837401
	>>>> prev guard 9.59169 15.0416 cur guard 9.39892 16.1869
	was guard reflex vertex? 0
	was guard in reflex area? 0
	does guard intersect boundary ray 9.59169 15.0416 9.39892 16.1869?1
	is guard inside polygon? 0
0 other guards have coords 9.36401 16.1799
	 new best guard at 9.36401 16.1799
		new arrangement area = 102.8
		old arrangement area = 102.799
		new guard area = 42.6558
		best guard area = 42.6541
scaling gradient with 1 to -0.65908 1.6748
	>>>> prev guard 9.59169 15.0416 cur guard 9.35938 16.2874
	was guard reflex vertex? 0
	was guard in reflex area? 0
	does guard intersect boundary ray 9.59169 15.0416 9.35938 16.2874?1
	is guard inside polygon? 0
0 other guards have coords 9.34317 16.2842
	 new best guard at 9.34317 16.2842
		new arrangement area = 102.801
		old arrangement area = 102.8
		new guard area = 42.6592
		best guard area = 42.6558
scaling gradient with 2 to -1.31816 3.3496
	>>>> prev guard 9.59169 15.0416 cur guard 9.28029 16.4884
	was guard reflex vertex? 0
	was guard in reflex area? 0
	does guard intersect boundary ray 9.59169 15.0416 9.28029 16.4884?1
	is guard inside polygon? 1
0 other guards have coords 9.30147 16.4926
	 new best guard at 9.30147 16.4926
		new arrangement area = 102.805
		old arrangement area = 102.801
		new guard area = 42.6664
		best guard area = 42.6592
scaling gradient with 4 to -2.63632 6.69921
	>>>> prev guard 9.59169 15.0416 cur guard 9.12211 16.8903
	was guard reflex vertex? 0
	was guard in reflex area? 0
	does guard intersect boundary ray 9.59169 15.0416 9.12211 16.8903?1
	is guard inside polygon? 1
0 other guards have coords 9.21809 16.9095
	 new best guard at 9.21809 16.9095
		new arrangement area = 102.812
		old arrangement area = 102.805
		new guard area = 42.6821
		best guard area = 42.6664
scaling gradient with 8 to -5.27264 13.3984
	>>>> prev guard 9.59169 15.0416 cur guard 8.80575 17.6942
	was guard reflex vertex? 0
	was guard in reflex area? 0
	does guard intersect boundary ray 9.59169 15.0416 8.80575 17.6942?1
	is guard inside polygon? 1
0 other guards have coords 9.05133 17.7434
	 new best guard at 9.05133 17.7434
		new arrangement area = 102.827
		old arrangement area = 102.812
		new guard area = 42.7197
		best guard area = 42.6821
scaling gradient with 16 to -10.5453 26.7968
	>>>> prev guard 9.59169 15.0416 cur guard 8.17303 19.3021
	was guard reflex vertex? 0
	was guard in reflex area? 0
	does guard intersect boundary ray 9.59169 15.0416 8.17303 19.3021?1
	is guard inside polygon? 1
0 other guards have coords 8.7178 19.411
scaling gradient with 32 to -21.0906 53.5937
	>>>> prev guard 9.59169 15.0416 cur guard 6.9076 22.5177
	was guard reflex vertex? 0
	was guard in reflex area? 0
	does guard intersect boundary ray 9.59169 15.0416 6.9076 22.5177?1
	is guard inside polygon? 1
0 other guards have coords 8.05074 22.7463
---- official new best guard 9.05133 17.7434
Df=-0.574659 -0.114932
h=-0.0380943 0.190472
Df=0.453097 1.2252
h=-0.443392 0.163973
Df=-0.23426 -0.0939212
h=-0.00973112 0.0242715
Df=-0.0396256 -0.0114637
h=-0.00122925 0.00424903
Df=-0.785941 2.6527
h=-0.492447 0.382965
is completely visible? 0
are areas equal? 103=102.827?0
i=2
area=102.827
+++++3 guards with gradient 0
	======== guard 3.95329 19.1115
	was guard reflex vertex? 0
	computed gradient 0.225238 -0.0942278 and pull 0.0178633 0.0426342
	------- removing guard 3.95329 19.1115
g0=3.95329 19.1115
area0=76.7677
alpha0=0.6
scaling gradient with 0.03125 to 0.00703869 -0.00294462
	>>>> prev guard 3.95329 19.1115 cur guard 2.00158 18.997
	was guard reflex vertex? 0
	was guard in reflex area? 0
	does guard intersect boundary ray 3.95329 19.1115 2.00158 18.997?1
	is guard inside polygon? 0
0 other guards have coords 3.89205 19.108
	 new best guard at 3.89205 19.108
		new arrangement area = 102.813
		old arrangement area = 102.827
		new guard area = 76.6229
		best guard area = 76.7677
scaling gradient with 0.0625 to 0.0140774 -0.00588924
	>>>> prev guard 3.95329 19.1115 cur guard 2.00243 18.9967
	was guard reflex vertex? 0
	was guard in reflex area? 0
	does guard intersect boundary ray 3.95329 19.1115 2.00243 18.9967?1
	is guard inside polygon? 0
0 other guards have coords 3.89206 19.1079
	 new best guard at 3.89206 19.1079
		new arrangement area = 102.813
		old arrangement area = 102.813
		new guard area = 76.6228
		best guard area = 76.6229
scaling gradient with 0.125 to 0.0281548 -0.0117785
	>>>> prev guard 3.95329 19.1115 cur guard 2.00412 18.996
	was guard reflex vertex? 0
	was guard in reflex area? 0
	does guard intersect boundary ray 3.95329 19.1115 2.00412 18.996?1
	is guard inside polygon? 0
0 other guards have coords 3.89209 19.1079
	 new best guard at 3.89209 19.1079
		new arrangement area = 102.813
		old arrangement area = 102.813
		new guard area = 76.6228
		best guard area = 76.6228
scaling gradient with 0.25 to 0.0563095 -0.0235569
	>>>> prev guard 3.95329 19.1115 cur guard 2.0075 18.9946
	was guard reflex vertex? 0
	was guard in reflex area? 0
	does guard intersect boundary ray 3.95329 19.1115 2.0075 18.9946?1
	is guard inside polygon? 0
0 other guards have coords 3.89213 19.1079
	 new best guard at 3.89213 19.1079
		new arrangement area = 102.813
		old arrangement area = 102.813
		new guard area = 76.6227
		best guard area = 76.6228
scaling gradient with 0.5 to 0.112619 -0.0471139
	>>>> prev guard 3.95329 19.1115 cur guard 2.01425 18.9917
	was guard reflex vertex? 0
	was guard in reflex area? 0
	does guard intersect boundary ray 3.95329 19.1115 2.01425 18.9917?1
	is guard inside polygon? 0
0 other guards have coords 3.89223 19.1078
	 new best guard at 3.89223 19.1078
		new arrangement area = 102.813
		old arrangement area = 102.813
		new guard area = 76.6224
		best guard area = 76.6227
scaling gradient with 1 to 0.225238 -0.0942278
	>>>> prev guard 3.95329 19.1115 cur guard 2.02777 18.9861
	was guard reflex vertex? 0
	was guard in reflex area? 0
	does guard intersect boundary ray 3.95329 19.1115 2.02777 18.9861?1
	is guard inside polygon? 0
0 other guards have coords 3.89242 19.1076
	 new best guard at 3.89242 19.1076
		new arrangement area = 102.813
		old arrangement area = 102.813
		new guard area = 76.6219
		best guard area = 76.6224
scaling gradient with 2 to 0.450476 -0.188456
	>>>> prev guard 3.95329 19.1115 cur guard 2.0548 18.9748
	was guard reflex vertex? 0
	was guard in reflex area? 0
	does guard intersect boundary ray 3.95329 19.1115 2.0548 18.9748?1
	is guard inside polygon? 0
0 other guards have coords 3.89281 19.1072
	 new best guard at 3.89281 19.1072
		new arrangement area = 102.813
		old arrangement area = 102.813
		new guard area = 76.6209
		best guard area = 76.6219
scaling gradient with 4 to 0.900953 -0.376911
	>>>> prev guard 3.95329 19.1115 cur guard 2.10885 18.9522
	was guard reflex vertex? 0
	was guard in reflex area? 0
	does guard intersect boundary ray 3.95329 19.1115 2.10885 18.9522?1
	is guard inside polygon? 0
0 other guards have coords 3.89361 19.1064
	 new best guard at 3.89361 19.1064
		new arrangement area = 102.814
		old arrangement area = 102.813
		new guard area = 76.6189
		best guard area = 76.6209
scaling gradient with 8 to 1.80191 -0.753822
	>>>> prev guard 3.95329 19.1115 cur guard 2.21697 18.9069
	was guard reflex vertex? 0
	was guard in reflex area? 0
	does guard intersect boundary ray 3.95329 19.1115 2.21697 18.9069?1
	is guard inside polygon? 0
0 other guards have coords 3.89529 19.1047
	 new best guard at 3.89529 19.1047
		new arrangement area = 102.814
		old arrangement area = 102.814
		new guard area = 76.6147
		best guard area = 76.6189
scaling gradient with 16 to 3.60381 -1.50764
	>>>> prev guard 3.95329 19.1115 cur guard 2.4332 18.8165
	was guard reflex vertex? 0
	was guard in reflex area? 0
	does guard intersect boundary ray 3.95329 19.1115 2.4332 18.8165?1
	is guard inside polygon? 0
0 other guards have coords 3.899 19.101
	 new best guard at 3.899 19.101
		new arrangement area = 102.815
		old arrangement area = 102.814
		new guard area = 76.6053
		best guard area = 76.6147
scaling gradient with 32 to 7.20762 -3.01529
	>>>> prev guard 3.95329 19.1115 cur guard 2.86565 18.6355
	was guard reflex vertex? 0
	was guard in reflex area? 0
	does guard intersect boundary ray 3.95329 19.1115 2.86565 18.6355?1
	is guard inside polygon? 0
0 other guards have coords 3.90819 19.0918
	 new best guard at 3.90819 19.0918
		new arrangement area = 102.819
		old arrangement area = 102.815
		new guard area = 76.5823
		best guard area = 76.6053
---- official new best guard 3.90819 19.0918
Df=0 0
h=0 0
Df=0.135364 -0.0566744
h=0.010694 0.0255422
Df=-0.000221002 0.000137738
h=2.39122e-05 3.83673e-05
Df=0 0
h=0 0
Df=0 0
h=0 0
Df=0 0
h=0 0
Df=0 0
h=0 0
Df=-1.08764 -0.475995
h=0.010718 0.0255805
is completely visible? 0
are areas equal? 103=102.819?0
+++++2 guards with gradient 0
	======== guard 13.0971 18.6971
	was guard reflex vertex? 0
	computed gradient 0.554115 1.20117 and pull -0.727265 0.662888
	------- removing guard 13.0971 18.6971
g1=13.0971 18.6971
area1=58.2077
alpha1=0.6
scaling gradient with 0.03125 to 0.0173161 0.0375365
	>>>> prev guard 13.0971 18.6971 cur guard 12.1721 18.1973
	was guard reflex vertex? 0
	was guard in reflex area? 0
	does guard intersect boundary ray 13.0971 18.6971 12.1721 18.1973?1
	is guard inside polygon? 0
0 other guards have coords 12.8879 18.5841
	 new best guard at 12.8879 18.5841
		new arrangement area = 102.822
		old arrangement area = 102.819
		new guard area = 56.4916
		best guard area = 58.2077
scaling gradient with 0.0625 to 0.0346322 0.0750729
	>>>> prev guard 13.0971 18.6971 cur guard 12.1742 18.2018
	was guard reflex vertex? 0
	was guard in reflex area? 0
	does guard intersect boundary ray 13.0971 18.6971 12.1742 18.2018?1
	is guard inside polygon? 0
0 other guards have coords 12.8873 18.5845
	 new best guard at 12.8873 18.5845
		new arrangement area = 102.822
		old arrangement area = 102.822
		new guard area = 56.4916
		best guard area = 56.4916
scaling gradient with 0.125 to 0.0692644 0.150146
	>>>> prev guard 13.0971 18.6971 cur guard 12.1783 18.2108
	was guard reflex vertex? 0
	was guard in reflex area? 0
	does guard intersect boundary ray 13.0971 18.6971 12.1783 18.2108?1
	is guard inside polygon? 0
0 other guards have coords 12.8861 18.5854
	 new best guard at 12.8861 18.5854
		new arrangement area = 102.822
		old arrangement area = 102.822
		new guard area = 56.4917
		best guard area = 56.4916
scaling gradient with 0.25 to 0.138529 0.300292
	>>>> prev guard 13.0971 18.6971 cur guard 12.1867 18.2289
	was guard reflex vertex? 0
	was guard in reflex area? 0
	does guard intersect boundary ray 13.0971 18.6971 12.1867 18.2289?1
	is guard inside polygon? 0
0 other guards have coords 12.8836 18.5873
	 new best guard at 12.8836 18.5873
		new arrangement area = 102.822
		old arrangement area = 102.822
		new guard area = 56.4918
		best guard area = 56.4917
scaling gradient with 0.5 to 0.277058 0.600583
	>>>> prev guard 13.0971 18.6971 cur guard 12.2033 18.2649
	was guard reflex vertex? 0
	was guard in reflex area? 0
	does guard intersect boundary ray 13.0971 18.6971 12.2033 18.2649?1
	is guard inside polygon? 0
0 other guards have coords 12.8783 18.5913
	 new best guard at 12.8783 18.5913
		new arrangement area = 102.822
		old arrangement area = 102.822
		new guard area = 56.4921
		best guard area = 56.4918
scaling gradient with 1 to 0.554115 1.20117
	>>>> prev guard 13.0971 18.6971 cur guard 12.2365 18.337
	was guard reflex vertex? 0
	was guard in reflex area? 0
	does guard intersect boundary ray 13.0971 18.6971 12.2365 18.337?1
	is guard inside polygon? 0
0 other guards have coords 12.8661 18.6004
	 new best guard at 12.8661 18.6004
		new arrangement area = 102.822
		old arrangement area = 102.822
		new guard area = 56.4927
		best guard area = 56.4921
scaling gradient with 2 to 1.10823 2.40233
	>>>> prev guard 13.0971 18.6971 cur guard 12.303 18.4811
	was guard reflex vertex? 0
	was guard in reflex area? 0
	does guard intersect boundary ray 13.0971 18.6971 12.303 18.4811?1
	is guard inside polygon? 0
0 other guards have coords 12.833 18.6252
	 new best guard at 12.833 18.6252
		new arrangement area = 102.822
		old arrangement area = 102.822
		new guard area = 56.4943
		best guard area = 56.4927
scaling gradient with 4 to 2.21646 4.80467
	>>>> prev guard 13.0971 18.6971 cur guard 12.436 18.7694
	was guard reflex vertex? 0
	was guard in reflex area? 0
	does guard intersect boundary ray 13.0971 18.6971 12.436 18.7694?1
	is guard inside polygon? 0
0 other guards have coords 12.6758 18.7432
	 new best guard at 12.6758 18.7432
		new arrangement area = 102.822
		old arrangement area = 102.822
		new guard area = 56.5025
		best guard area = 56.4943
scaling gradient with 8 to 4.43292 9.60933
	>>>> prev guard 13.0971 18.6971 cur guard 12.702 19.3459
	was guard reflex vertex? 0
	was guard in reflex area? 0
	does guard intersect boundary ray 13.0971 18.6971 12.702 19.3459?0
	is guard inside polygon? 1
0 other guards have coords 12.702 19.3459
scaling gradient with 16 to 8.86584 19.2187
	>>>> prev guard 13.0971 18.6971 cur guard 13.2339 20.4991
	was guard reflex vertex? 0
	was guard in reflex area? 0
	does guard intersect boundary ray 13.0971 18.6971 13.2339 20.4991?0
	is guard inside polygon? 1
0 other guards have coords 13.2339 20.4991
scaling gradient with 32 to 17.7317 38.4373
	>>>> prev guard 13.0971 18.6971 cur guard 14.2978 22.8053
	was guard reflex vertex? 0
	was guard in reflex area? 0
	does guard intersect boundary ray 13.0971 18.6971 14.2978 22.8053?0
	is guard inside polygon? 1
0 other guards have coords 14.2978 22.8053
---- official new best guard 12.6758 18.7432
Df=0.66751 1.0744
h=-0.435171 0.270366
Df=0 0
h=0 0
Df=-0.00493461 -0.00567366
h=-0.000702134 0.000610675
Df=-0.500957 -0.198112
h=-0.0347411 0.0878482
Df=0.170967 -0.15026
h=0.0341712 0.0388803
Df=-0.000115439 0.000345796
h=8.4041e-05 2.80559e-05
Df=-0.661122 0.0723008
h=-0.436359 0.397733
is completely visible? 0
are areas equal? 103=102.822?0
+++++1 guards with gradient 0
	======== guard 9.05133 17.7434
	was guard reflex vertex? 0
	computed gradient -11.6596 -2.49771 and pull -8.47972 42.276
	------- removing guard 9.05133 17.7434
g2=9.05133 17.7434
area2=42.7197
alpha2=0.6
scaling gradient with 0.03125 to -0.364363 -0.0780534
	>>>> prev guard 9.05133 17.7434 cur guard 7.36128 24.9293
	was guard reflex vertex? 0
	was guard in reflex area? 0
	does guard intersect boundary ray 9.05133 17.7434 7.36128 24.9293?1
	is guard inside polygon? 1
0 other guards have coords 9 18
	 new best guard at 9 18
		new arrangement area = 102.823
		old arrangement area = 102.822
		new guard area = 71.0833
		best guard area = 42.7197
scaling gradient with 0.0625 to -0.728727 -0.156107
	>>>> prev guard 9.05133 17.7434 cur guard 7.31756 24.9199
	was guard reflex vertex? 0
	was guard in reflex area? 0
	does guard intersect boundary ray 9.05133 17.7434 7.31756 24.9199?1
	is guard inside polygon? 1
1 other guards have coords 9 18
	guard not allowed to use pull
	>>>> prev guard 9.05133 17.7434 cur guard 7.31756 24.9199
	was guard reflex vertex? 0
	was guard in reflex area? 0
	does guard intersect boundary ray 9.05133 17.7434 7.31756 24.9199?1
	is guard inside polygon? 1
1 other guards have coords 9 18
scaling gradient with 0.125 to -1.45745 -0.312214
	>>>> prev guard 9.05133 17.7434 cur guard 7.23011 24.9012
	was guard reflex vertex? 0
	was guard in reflex area? 0
	does guard intersect boundary ray 9.05133 17.7434 7.23011 24.9012?1
	is guard inside polygon? 1
1 other guards have coords 9 18
	guard not allowed to use pull
	>>>> prev guard 9.05133 17.7434 cur guard 7.23011 24.9012
	was guard reflex vertex? 0
	was guard in reflex area? 0
	does guard intersect boundary ray 9.05133 17.7434 7.23011 24.9012?1
	is guard inside polygon? 1
1 other guards have coords 9 18
scaling gradient with 0.25 to -2.91491 -0.624427
	>>>> prev guard 9.05133 17.7434 cur guard 7.05522 24.8637
	was guard reflex vertex? 0
	was guard in reflex area? 0
	does guard intersect boundary ray 9.05133 17.7434 7.05522 24.8637?1
	is guard inside polygon? 1
1 other guards have coords 9 18
	guard not allowed to use pull
	>>>> prev guard 9.05133 17.7434 cur guard 7.05522 24.8637
	was guard reflex vertex? 0
	was guard in reflex area? 0
	does guard intersect boundary ray 9.05133 17.7434 7.05522 24.8637?1
	is guard inside polygon? 1
1 other guards have coords 9 18
scaling gradient with 0.5 to -5.82981 -1.24885
	>>>> prev guard 9.05133 17.7434 cur guard 6.70543 24.7888
	was guard reflex vertex? 0
	was guard in reflex area? 0
	does guard intersect boundary ray 9.05133 17.7434 6.70543 24.7888?1
	is guard inside polygon? 1
1 other guards have coords 9 18
	guard not allowed to use pull
	>>>> prev guard 9.05133 17.7434 cur guard 6.70543 24.7888
	was guard reflex vertex? 0
	was guard in reflex area? 0
	does guard intersect boundary ray 9.05133 17.7434 6.70543 24.7888?1
	is guard inside polygon? 1
1 other guards have coords 9 18
scaling gradient with 1 to -11.6596 -2.49771
	>>>> prev guard 9.05133 17.7434 cur guard 6.00585 24.6389
	was guard reflex vertex? 0
	was guard in reflex area? 0
	does guard intersect boundary ray 9.05133 17.7434 6.00585 24.6389?1
	is guard inside polygon? 1
1 other guards have coords 9 18
	guard not allowed to use pull
	>>>> prev guard 9.05133 17.7434 cur guard 6.00585 24.6389
	was guard reflex vertex? 0
	was guard in reflex area? 0
	does guard intersect boundary ray 9.05133 17.7434 6.00585 24.6389?1
	is guard inside polygon? 1
1 other guards have coords 9 18
scaling gradient with 2 to -23.3193 -4.99542
	>>>> prev guard 9.05133 17.7434 cur guard 4.6067 24.3392
	was guard reflex vertex? 0
	was guard in reflex area? 0
	does guard intersect boundary ray 9.05133 17.7434 4.6067 24.3392?1
	is guard inside polygon? 0
1 other guards have coords 9 18
	guard not allowed to use pull
	>>>> prev guard 9.05133 17.7434 cur guard 4.6067 24.3392
	was guard reflex vertex? 0
	was guard in reflex area? 0
	does guard intersect boundary ray 9.05133 17.7434 4.6067 24.3392?1
	is guard inside polygon? 0
1 other guards have coords 9 18
scaling gradient with 4 to -46.6385 -9.99083
	>>>> prev guard 9.05133 17.7434 cur guard 1.80839 23.7397
	was guard reflex vertex? 0
	was guard in reflex area? 0
	does guard intersect boundary ray 9.05133 17.7434 1.80839 23.7397?1
	is guard inside polygon? 0
1 other guards have coords 9 18
	guard not allowed to use pull
	>>>> prev guard 9.05133 17.7434 cur guard 1.80839 23.7397
	was guard reflex vertex? 0
	was guard in reflex area? 0
	does guard intersect boundary ray 9.05133 17.7434 1.80839 23.7397?1
	is guard inside polygon? 0
1 other guards have coords 9 18
scaling gradient with 8 to -93.277 -19.9817
	>>>> prev guard 9.05133 17.7434 cur guard -3.78824 22.5408
	was guard reflex vertex? 0
	was guard in reflex area? 0
	does guard intersect boundary ray 9.05133 17.7434 -3.78824 22.5408?1
	is guard inside polygon? 0
1 other guards have coords 9 18
	guard not allowed to use pull
	>>>> prev guard 9.05133 17.7434 cur guard -3.78824 22.5408
	was guard reflex vertex? 0
	was guard in reflex area? 0
	does guard intersect boundary ray 9.05133 17.7434 -3.78824 22.5408?1
	is guard inside polygon? 0
1 other guards have coords 9 18
scaling gradient with 16 to -186.554 -39.9633
	>>>> prev guard 9.05133 17.7434 cur guard -14.9815 20.143
	was guard reflex vertex? 0
	was guard in reflex area? 0
	does guard intersect boundary ray 9.05133 17.7434 -14.9815 20.143?1
	is guard inside polygon? 0
1 other guards have coords 9 18
	guard not allowed to use pull
	>>>> prev guard 9.05133 17.7434 cur guard -14.9815 20.143
	was guard reflex vertex? 0
	was guard in reflex area? 0
	does guard intersect boundary ray 9.05133 17.7434 -14.9815 20.143?1
	is guard inside polygon? 0
1 other guards have coords 9 18
scaling gradient with 32 to -373.108 -79.9267
	>>>> prev guard 9.05133 17.7434 cur guard -37.368 15.3474
	was guard reflex vertex? 0
	was guard in reflex area? 0
	does guard intersect boundary ray 9.05133 17.7434 -37.368 15.3474?1
	is guard inside polygon? 0
1 other guards have coords 9 18
	guard not allowed to use pull
	>>>> prev guard 9.05133 17.7434 cur guard -37.368 15.3474
	was guard reflex vertex? 0
	was guard in reflex area? 0
	does guard intersect boundary ray 9.05133 17.7434 -37.368 15.3474?1
	is guard inside polygon? 0
1 other guards have coords 9 18
---- official new best guard 9 18
Df=-6.62459 -1.32492
h=-5.06241 25.3121
Df=0.00115466 -0.00135863
h=-0.000504679 -0.000428912
Df=-0.314528 -0.153393
h=-0.022036 0.045184
Df=-0.0578119 -0.0189545
h=-0.00287872 0.00878023
Df=-1.69004 7.18591
h=-5.08783 25.3656
is completely visible? 0
are areas equal? 103=102.823?0
i=3
area=102.823
+++++3 guards with gradient 0
	======== guard 3.90819 19.0918
	was guard reflex vertex? 0
	computed gradient 0.230526 -0.0981727 and pull 0.0184831 0.0433384
	------- removing guard 3.90819 19.0918
g0=3.90819 19.0918
area0=76.5823
alpha0=0.6
scaling gradient with 0.03125 to 0.00720393 -0.0030679
	>>>> prev guard 3.90819 19.0918 cur guard 3.04116 18.7158
	was guard reflex vertex? 0
	was guard in reflex area? 0
	does guard intersect boundary ray 3.90819 19.0918 3.04116 18.7158?1
	is guard inside polygon? 0
0 other guards have coords 3.66266 19.3373
	 new best guard at 3.66266 19.3373
		new arrangement area = 102.732
		old arrangement area = 102.823
		new guard area = 77.0786
		best guard area = 76.5823
scaling gradient with 0.0625 to 0.0144079 -0.00613579
	>>>> prev guard 3.90819 19.0918 cur guard 3.04203 18.7155
	was guard reflex vertex? 0
	was guard in reflex area? 0
	does guard intersect boundary ray 3.90819 19.0918 3.04203 18.7155?1
	is guard inside polygon? 0
0 other guards have coords 3.66328 19.3367
	 new best guard at 3.66328 19.3367
		new arrangement area = 102.732
		old arrangement area = 102.732
		new guard area = 77.0776
		best guard area = 77.0786
scaling gradient with 0.125 to 0.0288157 -0.0122716
	>>>> prev guard 3.90819 19.0918 cur guard 3.04376 18.7147
	was guard reflex vertex? 0
	was guard in reflex area? 0
	does guard intersect boundary ray 3.90819 19.0918 3.04376 18.7147?1
	is guard inside polygon? 0
0 other guards have coords 3.66451 19.3355
	 new best guard at 3.66451 19.3355
		new arrangement area = 102.732
		old arrangement area = 102.732
		new guard area = 77.0758
		best guard area = 77.0776
scaling gradient with 0.25 to 0.0576314 -0.0245432
	>>>> prev guard 3.90819 19.0918 cur guard 3.04722 18.7133
	was guard reflex vertex? 0
	was guard in reflex area? 0
	does guard intersect boundary ray 3.90819 19.0918 3.04722 18.7133?1
	is guard inside polygon? 0
0 other guards have coords 3.66698 19.333
	 new best guard at 3.66698 19.333
		new arrangement area = 102.733
		old arrangement area = 102.732
		new guard area = 77.0721
		best guard area = 77.0758
scaling gradient with 0.5 to 0.115263 -0.0490863
	>>>> prev guard 3.90819 19.0918 cur guard 3.05413 18.7103
	was guard reflex vertex? 0
	was guard in reflex area? 0
	does guard intersect boundary ray 3.90819 19.0918 3.05413 18.7103?1
	is guard inside polygon? 0
0 other guards have coords 3.67191 19.3281
	 new best guard at 3.67191 19.3281
		new arrangement area = 102.735
		old arrangement area = 102.733
		new guard area = 77.0647
		best guard area = 77.0721
scaling gradient with 1 to 0.230526 -0.0981727
	>>>> prev guard 3.90819 19.0918 cur guard 3.06796 18.7044
	was guard reflex vertex? 0
	was guard in reflex area? 0
	does guard intersect boundary ray 3.90819 19.0918 3.06796 18.7044?1
	is guard inside polygon? 0
0 other guards have coords 3.68177 19.3182
	 new best guard at 3.68177 19.3182
		new arrangement area = 102.74
		old arrangement area = 102.735
		new guard area = 77.0495
		best guard area = 77.0647
scaling gradient with 2 to 0.461051 -0.196345
	>>>> prev guard 3.90819 19.0918 cur guard 3.09563 18.6926
	was guard reflex vertex? 0
	was guard in reflex area? 0
	does guard intersect boundary ray 3.90819 19.0918 3.09563 18.6926?1
	is guard inside polygon? 0
0 other guards have coords 3.70149 19.2985
	 new best guard at 3.70149 19.2985
		new arrangement area = 102.747
		old arrangement area = 102.74
		new guard area = 77.018
		best guard area = 77.0495
scaling gradient with 4 to 0.922103 -0.392691
	>>>> prev guard 3.90819 19.0918 cur guard 3.15095 18.6691
	was guard reflex vertex? 0
	was guard in reflex area? 0
	does guard intersect boundary ray 3.90819 19.0918 3.15095 18.6691?1
	is guard inside polygon? 0
0 other guards have coords 3.74093 19.2591
	 new best guard at 3.74093 19.2591
		new arrangement area = 102.763
		old arrangement area = 102.747
		new guard area = 76.95
		best guard area = 77.018
scaling gradient with 8 to 1.84421 -0.785382
	>>>> prev guard 3.90819 19.0918 cur guard 3.26161 18.622
	was guard reflex vertex? 0
	was guard in reflex area? 0
	does guard intersect boundary ray 3.90819 19.0918 3.26161 18.622?1
	is guard inside polygon? 0
0 other guards have coords 3.81982 19.1802
	 new best guard at 3.81982 19.1802
		new arrangement area = 102.792
		old arrangement area = 102.763
		new guard area = 76.7933
		best guard area = 76.95
scaling gradient with 16 to 3.68841 -1.57076
	>>>> prev guard 3.90819 19.0918 cur guard 3.48291 18.5277
	was guard reflex vertex? 0
	was guard in reflex area? 0
	does guard intersect boundary ray 3.90819 19.0918 3.48291 18.5277?1
	is guard inside polygon? 0
0 other guards have coords 3.9776 19.0224
	 new best guard at 3.9776 19.0224
		new arrangement area = 102.845
		old arrangement area = 102.792
		new guard area = 76.4145
		best guard area = 76.7933
scaling gradient with 32 to 7.37682 -3.14153
	>>>> prev guard 3.90819 19.0918 cur guard 3.92552 18.3392
	was guard reflex vertex? 0
	was guard in reflex area? 0
	does guard intersect boundary ray 3.90819 19.0918 3.92552 18.3392?1
	is guard inside polygon? 0
0 other guards have coords 4.29315 18.7069
	 new best guard at 4.29315 18.7069
		new arrangement area = 102.926
		old arrangement area = 102.845
		new guard area = 75.4648
		best guard area = 76.4145
---- official new best guard 4.29315 18.7069
Df=0.138534 -0.0590414
h=0.0110661 0.0259653
Df=-0.000218793 0.000137824
h=2.37594e-05 3.77176e-05
Df=0 0
h=0 0
Df=0 0
h=0 0
Df=0 0
h=0 0
Df=0 0
h=0 0
Df=0 0
h=0 0
Df=0.0173257 -0.752579
h=0.0110898 0.026003
is completely visible? 0
are areas equal? 103=102.926?0
+++++2 guards with gradient 0
	======== guard 12.6758 18.7432
	was guard reflex vertex? 0
	computed gradient 0.250697 -0.255509 and pull 0.0551368 0.0539376
	------- removing guard 12.6758 18.7432
g1=12.6758 18.7432
area1=56.5025
alpha1=0.6
scaling gradient with 0.03125 to 0.00783429 -0.00798465
	>>>> prev guard 12.6758 18.7432 cur guard 12.1544 18.8065
	was guard reflex vertex? 0
	was guard in reflex area? 0
	does guard intersect boundary ray 12.6758 18.7432 12.1544 18.8065?1
	is guard inside polygon? 0
0 other guards have coords 12.3117 19.0162
	 new best guard at 12.3117 19.0162
		new arrangement area = 102.926
		old arrangement area = 102.926
		new guard area = 56.5237
		best guard area = 56.5025
scaling gradient with 0.0625 to 0.0156686 -0.0159693
	>>>> prev guard 12.6758 18.7432 cur guard 12.1554 18.8056
	was guard reflex vertex? 0
	was guard in reflex area? 0
	does guard intersect boundary ray 12.6758 18.7432 12.1554 18.8056?1
	is guard inside polygon? 0
0 other guards have coords 12.3128 19.0154
	 new best guard at 12.3128 19.0154
		new arrangement area = 102.926
		old arrangement area = 102.926
		new guard area = 56.5236
		best guard area = 56.5237
scaling gradient with 0.125 to 0.0313372 -0.0319386
	>>>> prev guard 12.6758 18.7432 cur guard 12.1573 18.8036
	was guard reflex vertex? 0
	was guard in reflex area? 0
	does guard intersect boundary ray 12.6758 18.7432 12.1573 18.8036?1
	is guard inside polygon? 0
0 other guards have coords 12.3149 19.0138
	 new best guard at 12.3149 19.0138
		new arrangement area = 102.926
		old arrangement area = 102.926
		new guard area = 56.5235
		best guard area = 56.5236
scaling gradient with 0.25 to 0.0626743 -0.0638772
	>>>> prev guard 12.6758 18.7432 cur guard 12.161 18.7998
	was guard reflex vertex? 0
	was guard in reflex area? 0
	does guard intersect boundary ray 12.6758 18.7432 12.161 18.7998?1
	is guard inside polygon? 0
0 other guards have coords 12.3191 19.0106
	 new best guard at 12.3191 19.0106
		new arrangement area = 102.926
		old arrangement area = 102.926
		new guard area = 56.5232
		best guard area = 56.5235
scaling gradient with 0.5 to 0.125349 -0.127754
	>>>> prev guard 12.6758 18.7432 cur guard 12.1685 18.7921
	was guard reflex vertex? 0
	was guard in reflex area? 0
	does guard intersect boundary ray 12.6758 18.7432 12.1685 18.7921?1
	is guard inside polygon? 0
0 other guards have coords 12.3276 19.0043
	 new best guard at 12.3276 19.0043
		new arrangement area = 102.926
		old arrangement area = 102.926
		new guard area = 56.5227
		best guard area = 56.5232
scaling gradient with 1 to 0.250697 -0.255509
	>>>> prev guard 12.6758 18.7432 cur guard 12.1836 18.7768
	was guard reflex vertex? 0
	was guard in reflex area? 0
	does guard intersect boundary ray 12.6758 18.7432 12.1836 18.7768?1
	is guard inside polygon? 0
0 other guards have coords 12.3446 18.9915
	 new best guard at 12.3446 18.9915
		new arrangement area = 102.926
		old arrangement area = 102.926
		new guard area = 56.5217
		best guard area = 56.5227
scaling gradient with 2 to 0.501394 -0.511018
	>>>> prev guard 12.6758 18.7432 cur guard 12.2137 18.7462
	was guard reflex vertex? 0
	was guard in reflex area? 0
	does guard intersect boundary ray 12.6758 18.7432 12.2137 18.7462?1
	is guard inside polygon? 0
0 other guards have coords 12.3786 18.9661
	 new best guard at 12.3786 18.9661
		new arrangement area = 102.926
		old arrangement area = 102.926
		new guard area = 56.5196
		best guard area = 56.5217
scaling gradient with 4 to 1.00279 -1.02204
	>>>> prev guard 12.6758 18.7432 cur guard 12.2738 18.6848
	was guard reflex vertex? 0
	was guard in reflex area? 0
	does guard intersect boundary ray 12.6758 18.7432 12.2738 18.6848?1
	is guard inside polygon? 0
0 other guards have coords 12.4465 18.9151
	 new best guard at 12.4465 18.9151
		new arrangement area = 102.926
		old arrangement area = 102.926
		new guard area = 56.5155
		best guard area = 56.5196
scaling gradient with 8 to 2.00558 -2.04407
	>>>> prev guard 12.6758 18.7432 cur guard 12.3942 18.5622
	was guard reflex vertex? 0
	was guard in reflex area? 0
	does guard intersect boundary ray 12.6758 18.7432 12.3942 18.5622?1
	is guard inside polygon? 0
0 other guards have coords 12.5824 18.8132
	 new best guard at 12.5824 18.8132
		new arrangement area = 102.926
		old arrangement area = 102.926
		new guard area = 56.5076
		best guard area = 56.5155
scaling gradient with 16 to 4.01116 -4.08814
	>>>> prev guard 12.6758 18.7432 cur guard 12.6348 18.3169
	was guard reflex vertex? 0
	was guard in reflex area? 0
	does guard intersect boundary ray 12.6758 18.7432 12.6348 18.3169?1
	is guard inside polygon? 0
0 other guards have coords 12.8542 18.6094
	 new best guard at 12.8542 18.6094
		new arrangement area = 102.926
		old arrangement area = 102.926
		new guard area = 56.4933
		best guard area = 56.5076
scaling gradient with 32 to 8.02231 -8.17628
	>>>> prev guard 12.6758 18.7432 cur guard 13.1162 17.8263
	was guard reflex vertex? 0
	was guard in reflex area? 0
	does guard intersect boundary ray 12.6758 18.7432 13.1162 17.8263?1
	is guard inside polygon? 0
0 other guards have coords 13.3977 18.2017
	 new best guard at 13.3977 18.2017
		new arrangement area = 102.926
		old arrangement area = 102.926
		new guard area = 56.4687
		best guard area = 56.4933
---- official new best guard 13.3977 18.2017
Df=0 0
h=0 0
Df=0 0
h=0 0
Df=0 0
h=0 0
Df=0 0
h=0 0
Df=0.150511 -0.153625
h=0.033011 0.0323419
Df=-9.29686e-05 0.000319863
h=7.10308e-05 2.06452e-05
Df=0.440396 -0.91684
h=0.0330821 0.0323626
is completely visible? 0
are areas equal? 103=102.926?0
+++++1 guards with gradient 0
	======== guard 9 18
	was guard reflex vertex? 0
	computed gradient -0.45068 0.89041 and pull 0.445178 0.533182
	------- removing guard 9 18
g2=9 18
area2=71.0833
alpha2=0.6
scaling gradient with 0.03125 to -0.0140838 0.0278253
	>>>> prev guard 9 18 cur guard 7.6997 23.816
	was guard reflex vertex? 0
	was guard in reflex area? 0
	does guard intersect boundary ray 9 18 7.6997 23.816?0
	is guard inside polygon? 1
0 other guards have coords 7.6997 23.816
	 new best guard at 7.6997 23.816
		new arrangement area = 101.833
		old arrangement area = 102.926
		new guard area = 92.8345
		best guard area = 71.0833
scaling gradient with 0.0625 to -0.0281675 0.0556506
	>>>> prev guard 9 18 cur guard 7.69801 23.8194
	was guard reflex vertex? 0
	was guard in reflex area? 0
	does guard intersect boundary ray 9 18 7.69801 23.8194?0
	is guard inside polygon? 1
0 other guards have coords 7.69801 23.8194
	 new best guard at 7.69801 23.8194
		new arrangement area = 101.833
		old arrangement area = 101.833
		new guard area = 92.821
		best guard area = 92.8345
scaling gradient with 0.125 to -0.056335 0.111301
	>>>> prev guard 9 18 cur guard 7.69463 23.8261
	was guard reflex vertex? 0
	was guard in reflex area? 0
	does guard intersect boundary ray 9 18 7.69463 23.8261?0
	is guard inside polygon? 1
0 other guards have coords 7.69463 23.8261
	 new best guard at 7.69463 23.8261
		new arrangement area = 101.833
		old arrangement area = 101.833
		new guard area = 92.7941
		best guard area = 92.821
scaling gradient with 0.25 to -0.11267 0.222602
	>>>> prev guard 9 18 cur guard 7.68787 23.8394
	was guard reflex vertex? 0
	was guard in reflex area? 0
	does guard intersect boundary ray 9 18 7.68787 23.8394?0
	is guard inside polygon? 1
0 other guards have coords 7.68787 23.8394
	 new best guard at 7.68787 23.8394
		new arrangement area = 101.833
		old arrangement area = 101.833
		new guard area = 92.7402
		best guard area = 92.7941
scaling gradient with 0.5 to -0.22534 0.445205
	>>>> prev guard 9 18 cur guard 7.67435 23.8661
	was guard reflex vertex? 0
	was guard in reflex area? 0
	does guard intersect boundary ray 9 18 7.67435 23.8661?0
	is guard inside polygon? 1
0 other guards have coords 7.67435 23.8661
	 new best guard at 7.67435 23.8661
		new arrangement area = 101.833
		old arrangement area = 101.833
		new guard area = 92.6327
		best guard area = 92.7402
scaling gradient with 1 to -0.45068 0.89041
	>>>> prev guard 9 18 cur guard 7.64731 23.9196
	was guard reflex vertex? 0
	was guard in reflex area? 0
	does guard intersect boundary ray 9 18 7.64731 23.9196?0
	is guard inside polygon? 1
0 other guards have coords 7.64731 23.9196
	 new best guard at 7.64731 23.9196
		new arrangement area = 101.833
		old arrangement area = 101.833
		new guard area = 92.4189
		best guard area = 92.6327
scaling gradient with 2 to -0.901361 1.78082
	>>>> prev guard 9 18 cur guard 7.59322 24.0264
	was guard reflex vertex? 0
	was guard in reflex area? 0
	does guard intersect boundary ray 9 18 7.59322 24.0264?1
	is guard inside polygon? 0
0 other guards have coords 11.3098 20.3098
scaling gradient with 4 to -1.80272 3.56164
	>>>> prev guard 9 18 cur guard 7.48506 24.2401
	was guard reflex vertex? 0
	was guard in reflex area? 0
	does guard intersect boundary ray 9 18 7.48506 24.2401?1
	is guard inside polygon? 0
0 other guards have coords 11.3626 20.3626
scaling gradient with 8 to -3.60544 7.12328
	>>>> prev guard 9 18 cur guard 7.26873 24.6675
	was guard reflex vertex? 0
	was guard in reflex area? 0
	does guard intersect boundary ray 9 18 7.26873 24.6675?1
	is guard inside polygon? 1
0 other guards have coords 11.4681 20.4681
scaling gradient with 16 to -7.21089 14.2466
	>>>> prev guard 9 18 cur guard 6.83608 25.5223
	was guard reflex vertex? 0
	was guard in reflex area? 0
	does guard intersect boundary ray 9 18 6.83608 25.5223?1
	is guard inside polygon? 1
0 other guards have coords 11.6792 20.6792
scaling gradient with 32 to -14.4218 28.4931
	>>>> prev guard 9 18 cur guard 5.97077 27.2319
	was guard reflex vertex? 0
	was guard in reflex area? 0
	does guard intersect boundary ray 9 18 5.97077 27.2319?1
	is guard inside polygon? 0
0 other guards have coords 12.1013 21.1013
---- official new best guard 7.64731 23.9196
Df=0.0012 -0.0012
h=-0.000424264 -0.000424264
Df=-0.001 -0.0005
h=-7.45356e-05 0.000149071
Df=-0.0252 -0.0084
h=-0.00132816 0.00398447
Df=0.448407 -0.149469
h=0.0236331 0.0708993
Df=-0.693815 0.693815
h=0.245301 0.245301
Df=-1.35269 5.91956
h=0.267107 0.319909
is completely visible? 0
are areas equal? 103=101.833?0
i=4
area=101.833
+++++3 guards with gradient 0
	======== guard 4.29315 18.7069
	was guard reflex vertex? 0
	computed gradient 0.331009 -0.106668 and pull 0.0192462 0.0596478
	------- removing guard 4.29315 18.7069
g0=4.29315 18.7069
area0=75.4648
alpha0=0.6
scaling gradient with 0.03125 to 0.010344 -0.00333338
	>>>> prev guard 4.29315 18.7069 cur guard 4.31056 18.1115
	was guard reflex vertex? 0
	was guard in reflex area? 0
	does guard intersect boundary ray 4.29315 18.7069 4.31056 18.1115?1
	is guard inside polygon? 0
0 other guards have coords 4.5995 18.4005
	 new best guard at 4.5995 18.4005
		new arrangement area = 101.816
		old arrangement area = 101.833
		new guard area = 74.2162
		best guard area = 75.4648
scaling gradient with 0.0625 to 0.0206881 -0.00666676
	>>>> prev guard 4.29315 18.7069 cur guard 4.3118 18.1111
	was guard reflex vertex? 0
	was guard in reflex area? 0
	does guard intersect boundary ray 4.29315 18.7069 4.3118 18.1111?1
	is guard inside polygon? 0
0 other guards have coords 4.60032 18.3997
scaling gradient with 0.125 to 0.0413762 -0.0133335
	>>>> prev guard 4.29315 18.7069 cur guard 4.31428 18.1103
	was guard reflex vertex? 0
	was guard in reflex area? 0
	does guard intersect boundary ray 4.29315 18.7069 4.31428 18.1103?1
	is guard inside polygon? 0
0 other guards have coords 4.60197 18.398
scaling gradient with 0.25 to 0.0827523 -0.026667
	>>>> prev guard 4.29315 18.7069 cur guard 4.31925 18.1087
	was guard reflex vertex? 0
	was guard in reflex area? 0
	does guard intersect boundary ray 4.29315 18.7069 4.31925 18.1087?1
	is guard inside polygon? 0
0 other guards have coords 4.60525 18.3948
scaling gradient with 0.5 to 0.165505 -0.0533341
	>>>> prev guard 4.29315 18.7069 cur guard 4.32918 18.1055
	was guard reflex vertex? 0
	was guard in reflex area? 0
	does guard intersect boundary ray 4.29315 18.7069 4.32918 18.1055?1
	is guard inside polygon? 0
0 other guards have coords 4.61181 18.3882
scaling gradient with 1 to 0.331009 -0.106668
	>>>> prev guard 4.29315 18.7069 cur guard 4.34904 18.0991
	was guard reflex vertex? 0
	was guard in reflex area? 0
	does guard intersect boundary ray 4.29315 18.7069 4.34904 18.0991?1
	is guard inside polygon? 0
0 other guards have coords 4.62494 18.3751
scaling gradient with 2 to 0.662019 -0.213336
	>>>> prev guard 4.29315 18.7069 cur guard 4.38876 18.0863
	was guard reflex vertex? 0
	was guard in reflex area? 0
	does guard intersect boundary ray 4.29315 18.7069 4.38876 18.0863?1
	is guard inside polygon? 0
0 other guards have coords 4.6512 18.3488
scaling gradient with 4 to 1.32404 -0.426673
	>>>> prev guard 4.29315 18.7069 cur guard 4.4682 18.0607
	was guard reflex vertex? 0
	was guard in reflex area? 0
	does guard intersect boundary ray 4.29315 18.7069 4.4682 18.0607?1
	is guard inside polygon? 0
0 other guards have coords 4.70373 18.2963
scaling gradient with 8 to 2.64807 -0.853346
	>>>> prev guard 4.29315 18.7069 cur guard 4.62708 18.0095
	was guard reflex vertex? 0
	was guard in reflex area? 0
	does guard intersect boundary ray 4.29315 18.7069 4.62708 18.0095?1
	is guard inside polygon? 0
0 other guards have coords 4.80877 18.1912
scaling gradient with 16 to 5.29615 -1.70669
	>>>> prev guard 4.29315 18.7069 cur guard 4.94485 17.9071
	was guard reflex vertex? 0
	was guard in reflex area? 0
	does guard intersect boundary ray 4.29315 18.7069 4.94485 17.9071?1
	is guard inside polygon? 0
0 other guards have coords 5.01885 17.9811
scaling gradient with 32 to 10.5923 -3.41338
	>>>> prev guard 4.29315 18.7069 cur guard 5.58039 17.7023
	was guard reflex vertex? 0
	was guard in reflex area? 0
	does guard intersect boundary ray 4.29315 18.7069 5.58039 17.7023?1
	is guard inside polygon? 1
0 other guards have coords 5.43902 17.561
---- official new best guard 4.5995 18.4005
Df=0.19883 -0.0641158
h=0.0115284 0.0357509
Df=-0.000224639 0.000114878
h=1.93231e-05 3.77855e-05
Df=0 0
h=0 0
Df=0 0
h=0 0
Df=0 0
h=0 0
Df=0 0
h=0 0
Df=0 0
h=0 0
Df=0.0174114 -0.595305
h=0.0115477 0.0357887
is completely visible? 0
are areas equal? 103=101.816?0
+++++2 guards with gradient 0
	======== guard 13.3977 18.2017
	was guard reflex vertex? 0
	computed gradient -0.0491735 -0.0542571 and pull -0.00628391 0.00569514
	------- removing guard 13.3977 18.2017
g1=13.3977 18.2017
area1=56.4687
alpha1=0.6
scaling gradient with 0.03125 to -0.00153667 -0.00169554
	>>>> prev guard 13.3977 18.2017 cur guard 13.7491 17.4687
	was guard reflex vertex? 0
	was guard in reflex area? 0
	does guard intersect boundary ray 13.3977 18.2017 13.7491 17.4687?1
	is guard inside polygon? 0
0 other guards have coords 13.9744 17.7692
	 new best guard at 13.9744 17.7692
		new arrangement area = 101.799
		old arrangement area = 101.816
		new guard area = 56.0779
		best guard area = 56.4687
scaling gradient with 0.0625 to -0.00307335 -0.00339107
	>>>> prev guard 13.3977 18.2017 cur guard 13.7489 17.4685
	was guard reflex vertex? 0
	was guard in reflex area? 0
	does guard intersect boundary ray 13.3977 18.2017 13.7489 17.4685?1
	is guard inside polygon? 0
0 other guards have coords 13.9744 17.7692
	 new best guard at 13.9744 17.7692
		new arrangement area = 101.799
		old arrangement area = 101.799
		new guard area = 56.0779
		best guard area = 56.0779
scaling gradient with 0.125 to -0.00614669 -0.00678214
	>>>> prev guard 13.3977 18.2017 cur guard 13.7485 17.4681
	was guard reflex vertex? 0
	was guard in reflex area? 0
	does guard intersect boundary ray 13.3977 18.2017 13.7485 17.4681?1
	is guard inside polygon? 0
0 other guards have coords 13.9744 17.7692
	 new best guard at 13.9744 17.7692
		new arrangement area = 101.799
		old arrangement area = 101.799
		new guard area = 56.0779
		best guard area = 56.0779
scaling gradient with 0.25 to -0.0122934 -0.0135643
	>>>> prev guard 13.3977 18.2017 cur guard 13.7478 17.4673
	was guard reflex vertex? 0
	was guard in reflex area? 0
	does guard intersect boundary ray 13.3977 18.2017 13.7478 17.4673?1
	is guard inside polygon? 0
0 other guards have coords 13.9743 17.7693
	 new best guard at 13.9743 17.7693
		new arrangement area = 101.799
		old arrangement area = 101.799
		new guard area = 56.078
		best guard area = 56.0779
scaling gradient with 0.5 to -0.0245868 -0.0271286
	>>>> prev guard 13.3977 18.2017 cur guard 13.7463 17.4657
	was guard reflex vertex? 0
	was guard in reflex area? 0
	does guard intersect boundary ray 13.3977 18.2017 13.7463 17.4657?1
	is guard inside polygon? 0
0 other guards have coords 13.9741 17.7694
	 new best guard at 13.9741 17.7694
		new arrangement area = 101.799
		old arrangement area = 101.799
		new guard area = 56.0781
		best guard area = 56.078
scaling gradient with 1 to -0.0491735 -0.0542571
	>>>> prev guard 13.3977 18.2017 cur guard 13.7434 17.4624
	was guard reflex vertex? 0
	was guard in reflex area? 0
	does guard intersect boundary ray 13.3977 18.2017 13.7434 17.4624?1
	is guard inside polygon? 0
0 other guards have coords 13.9738 17.7696
	 new best guard at 13.9738 17.7696
		new arrangement area = 101.799
		old arrangement area = 101.799
		new guard area = 56.0783
		best guard area = 56.0781
scaling gradient with 2 to -0.0983471 -0.108514
	>>>> prev guard 13.3977 18.2017 cur guard 13.7375 17.4559
	was guard reflex vertex? 0
	was guard in reflex area? 0
	does guard intersect boundary ray 13.3977 18.2017 13.7375 17.4559?1
	is guard inside polygon? 0
0 other guards have coords 13.9732 17.7701
	 new best guard at 13.9732 17.7701
		new arrangement area = 101.799
		old arrangement area = 101.799
		new guard area = 56.0787
		best guard area = 56.0783
scaling gradient with 4 to -0.196694 -0.217028
	>>>> prev guard 13.3977 18.2017 cur guard 13.7257 17.4429
	was guard reflex vertex? 0
	was guard in reflex area? 0
	does guard intersect boundary ray 13.3977 18.2017 13.7257 17.4429?1
	is guard inside polygon? 0
0 other guards have coords 13.9719 17.7711
	 new best guard at 13.9719 17.7711
		new arrangement area = 101.799
		old arrangement area = 101.799
		new guard area = 56.0795
		best guard area = 56.0787
scaling gradient with 8 to -0.393388 -0.434057
	>>>> prev guard 13.3977 18.2017 cur guard 13.7021 17.4168
	was guard reflex vertex? 0
	was guard in reflex area? 0
	does guard intersect boundary ray 13.3977 18.2017 13.7021 17.4168?1
	is guard inside polygon? 0
0 other guards have coords 13.9692 17.7731
	 new best guard at 13.9692 17.7731
		new arrangement area = 101.8
		old arrangement area = 101.799
		new guard area = 56.0811
		best guard area = 56.0795
scaling gradient with 16 to -0.786777 -0.868114
	>>>> prev guard 13.3977 18.2017 cur guard 13.6549 17.3647
	was guard reflex vertex? 0
	was guard in reflex area? 0
	does guard intersect boundary ray 13.3977 18.2017 13.6549 17.3647?1
	is guard inside polygon? 0
0 other guards have coords 13.964 17.777
	 new best guard at 13.964 17.777
		new arrangement area = 101.8
		old arrangement area = 101.8
		new guard area = 56.0844
		best guard area = 56.0811
scaling gradient with 32 to -1.57355 -1.73623
	>>>> prev guard 13.3977 18.2017 cur guard 13.5605 17.2606
	was guard reflex vertex? 0
	was guard in reflex area? 0
	does guard intersect boundary ray 13.3977 18.2017 13.5605 17.2606?1
	is guard inside polygon? 0
0 other guards have coords 13.9536 17.7848
	 new best guard at 13.9536 17.7848
		new arrangement area = 101.8
		old arrangement area = 101.8
		new guard area = 56.091
		best guard area = 56.0844
---- official new best guard 13.9536 17.7848
Df=0 0
h=0 0
Df=0 0
h=0 0
Df=-0.0295041 -0.0325543
h=-0.00377035 0.00341709
Df=0 0
h=0 0
Df=0 0
h=0 0
Df=0 0
h=0 0
Df=0.162737 -0.941136
h=-0.00377035 0.00341709
is completely visible? 0
are areas equal? 103=101.8?0
+++++1 guards with gradient 0
	======== guard 7.64731 23.9196
	was guard reflex vertex? 0
	computed gradient -0.185902 -3.22578 and pull -1.78626 0.120387
	------- removing guard 7.64731 23.9196
g2=7.64731 23.9196
area2=92.4189
alpha2=0.6
scaling gradient with 0.03125 to -0.00580944 -0.100806
	>>>> prev guard 7.64731 23.9196 cur guard 6.3501 28.6576
	was guard reflex vertex? 0
	was guard in reflex area? 0
	does guard intersect boundary ray 7.64731 23.9196 6.3501 28.6576?1
	is guard inside polygon? 0
0 other guards have coords 7.62528 24
	 new best guard at 7.62528 24
		new arrangement area = 101.8
		old arrangement area = 101.8
		new guard area = 92.1
		best guard area = 92.4189
scaling gradient with 0.0625 to -0.0116189 -0.201611
	>>>> prev guard 7.64731 23.9196 cur guard 6.3494 28.6455
	was guard reflex vertex? 0
	was guard in reflex area? 0
	does guard intersect boundary ray 7.64731 23.9196 6.3494 28.6455?1
	is guard inside polygon? 0
0 other guards have coords 7.62521 24
	 new best guard at 7.62521 24
		new arrangement area = 101.8
		old arrangement area = 101.8
		new guard area = 92.1
		best guard area = 92.1
scaling gradient with 0.125 to -0.0232378 -0.403222
	>>>> prev guard 7.64731 23.9196 cur guard 6.34801 28.6213
	was guard reflex vertex? 0
	was guard in reflex area? 0
	does guard intersect boundary ray 7.64731 23.9196 6.34801 28.6213?1
	is guard inside polygon? 0
0 other guards have coords 7.62508 24
	 new best guard at 7.62508 24
		new arrangement area = 101.8
		old arrangement area = 101.8
		new guard area = 92.1
		best guard area = 92.1
scaling gradient with 0.25 to -0.0464755 -0.806445
	>>>> prev guard 7.64731 23.9196 cur guard 6.34522 28.5729
	was guard reflex vertex? 0
	was guard in reflex area? 0
	does guard intersect boundary ray 7.64731 23.9196 6.34522 28.5729?1
	is guard inside polygon? 0
0 other guards have coords 7.6248 24
	 new best guard at 7.6248 24
		new arrangement area = 101.8
		old arrangement area = 101.8
		new guard area = 92.1
		best guard area = 92.1
scaling gradient with 0.5 to -0.092951 -1.61289
	>>>> prev guard 7.64731 23.9196 cur guard 6.33964 28.4761
	was guard reflex vertex? 0
	was guard in reflex area? 0
	does guard intersect boundary ray 7.64731 23.9196 6.33964 28.4761?1
	is guard inside polygon? 0
0 other guards have coords 7.62422 24
	 new best guard at 7.62422 24
		new arrangement area = 101.8
		old arrangement area = 101.8
		new guard area = 92.1
		best guard area = 92.1
scaling gradient with 1 to -0.185902 -3.22578
	>>>> prev guard 7.64731 23.9196 cur guard 6.32849 28.2826
	was guard reflex vertex? 0
	was guard in reflex area? 0
	does guard intersect boundary ray 7.64731 23.9196 6.32849 28.2826?1
	is guard inside polygon? 0
0 other guards have coords 7.62299 24
	 new best guard at 7.62299 24
		new arrangement area = 101.8
		old arrangement area = 101.8
		new guard area = 92.1
		best guard area = 92.1
scaling gradient with 2 to -0.371804 -6.45156
	>>>> prev guard 7.64731 23.9196 cur guard 6.30618 27.8955
	was guard reflex vertex? 0
	was guard in reflex area? 0
	does guard intersect boundary ray 7.64731 23.9196 6.30618 27.8955?1
	is guard inside polygon? 0
0 other guards have coords 7.62017 24
	 new best guard at 7.62017 24
		new arrangement area = 101.8
		old arrangement area = 101.8
		new guard area = 92.1
		best guard area = 92.1
scaling gradient with 4 to -0.743608 -12.9031
	>>>> prev guard 7.64731 23.9196 cur guard 6.26156 27.1213
	was guard reflex vertex? 0
	was guard in reflex area? 0
	does guard intersect boundary ray 7.64731 23.9196 6.26156 27.1213?1
	is guard inside polygon? 0
0 other guards have coords 7.61249 24
	 new best guard at 7.61249 24
		new arrangement area = 101.8
		old arrangement area = 101.8
		new guard area = 92.1
		best guard area = 92.1
scaling gradient with 8 to -1.48722 -25.8062
	>>>> prev guard 7.64731 23.9196 cur guard 6.17233 25.5729
	was guard reflex vertex? 0
	was guard in reflex area? 0
	does guard intersect boundary ray 7.64731 23.9196 6.17233 25.5729?1
	is guard inside polygon? 1
0 other guards have coords 7.57554 24
	 new best guard at 7.57554 24
		new arrangement area = 101.8
		old arrangement area = 101.8
		new guard area = 92.1
		best guard area = 92.1
scaling gradient with 16 to -2.97443 -51.6125
	>>>> prev guard 7.64731 23.9196 cur guard 5.99387 22.4762
	was guard reflex vertex? 0
	was guard in reflex area? 0
	does guard intersect boundary ray 7.64731 23.9196 5.99387 22.4762?0
	is guard inside polygon? 1
0 other guards have coords 5.99387 22.4762
scaling gradient with 32 to -5.94887 -103.225
	>>>> prev guard 7.64731 23.9196 cur guard 5.63693 16.2827
	was guard reflex vertex? 0
	was guard in reflex area? 0
	does guard intersect boundary ray 7.64731 23.9196 5.63693 16.2827?1
	is guard inside polygon? 0
0 other guards have coords 5.86208 17.1379
---- official new best guard 7.57554 24
Df=-0.0199784 -0.160766
h=-0.246466 0.0306283
Df=0.00448146 -0.186783
h=0.0556953 0.00133629
Df=-0.0261563 -0.113815
h=0.01328 -0.00305192
Df=5.71723e-05 0.000136422
h=1.34528e-05 -5.63785e-06
Df=0.00110499 0.000945184
h=0.000183251 -0.000214235
Df=0.000385316 8.80497e-05
h=1.45006e-05 -6.34564e-05
Df=0.000602072 -4.92104e-05
h=-6.19312e-06 -7.57708e-05
Df=-0.0720376 -1.47522
h=-0.894472 0.0436785
Df=-1.47497 1.65335
h=-1.07176 0.0722321
is completely visible? 0
are areas equal? 103=101.8?0
i=5
area=101.8
+++++3 guards with gradient 0
	======== guard 4.5995 18.4005
	was guard reflex vertex? 0
	computed gradient 0.305833 -0.0758329 and pull 0.013672 0.0542311
	------- removing guard 4.5995 18.4005
g0=4.5995 18.4005
area0=74.2162
alpha0=0.6
scaling gradient with 0.03125 to 0.00955728 -0.00236978
	>>>> prev guard 4.5995 18.4005 cur guard 4.61622 17.9305
	was guard reflex vertex? 0
	was guard in reflex area? 0
	does guard intersect boundary ray 4.5995 18.4005 4.61622 17.9305?1
	is guard inside polygon? 0
0 other guards have coords 4.84287 18.1571
	 new best guard at 4.84287 18.1571
		new arrangement area = 101.771
		old arrangement area = 101.8
		new guard area = 73.3013
		best guard area = 74.2162
scaling gradient with 0.0625 to 0.0191146 -0.00473956
	>>>> prev guard 4.5995 18.4005 cur guard 4.61737 17.9302
	was guard reflex vertex? 0
	was guard in reflex area? 0
	does guard intersect boundary ray 4.5995 18.4005 4.61737 17.9302?1
	is guard inside polygon? 0
0 other guards have coords 4.84359 18.1564
scaling gradient with 0.125 to 0.0382291 -0.00947911
	>>>> prev guard 4.5995 18.4005 cur guard 4.61966 17.9296
	was guard reflex vertex? 0
	was guard in reflex area? 0
	does guard intersect boundary ray 4.5995 18.4005 4.61966 17.9296?1
	is guard inside polygon? 0
0 other guards have coords 4.84502 18.155
scaling gradient with 0.25 to 0.0764582 -0.0189582
	>>>> prev guard 4.5995 18.4005 cur guard 4.62425 17.9285
	was guard reflex vertex? 0
	was guard in reflex area? 0
	does guard intersect boundary ray 4.5995 18.4005 4.62425 17.9285?1
	is guard inside polygon? 0
0 other guards have coords 4.84788 18.1521
scaling gradient with 0.5 to 0.152916 -0.0379165
	>>>> prev guard 4.5995 18.4005 cur guard 4.63342 17.9262
	was guard reflex vertex? 0
	was guard in reflex area? 0
	does guard intersect boundary ray 4.5995 18.4005 4.63342 17.9262?1
	is guard inside polygon? 0
0 other guards have coords 4.85361 18.1464
scaling gradient with 1 to 0.305833 -0.0758329
	>>>> prev guard 4.5995 18.4005 cur guard 4.65177 17.9217
	was guard reflex vertex? 0
	was guard in reflex area? 0
	does guard intersect boundary ray 4.5995 18.4005 4.65177 17.9217?1
	is guard inside polygon? 0
0 other guards have coords 4.86506 18.1349
scaling gradient with 2 to 0.611666 -0.151666
	>>>> prev guard 4.5995 18.4005 cur guard 4.68847 17.9126
	was guard reflex vertex? 0
	was guard in reflex area? 0
	does guard intersect boundary ray 4.5995 18.4005 4.68847 17.9126?1
	is guard inside polygon? 0
0 other guards have coords 4.88796 18.112
scaling gradient with 4 to 1.22333 -0.303332
	>>>> prev guard 4.5995 18.4005 cur guard 4.76187 17.8944
	was guard reflex vertex? 0
	was guard in reflex area? 0
	does guard intersect boundary ray 4.5995 18.4005 4.76187 17.8944?1
	is guard inside polygon? 0
0 other guards have coords 4.93376 18.0662
scaling gradient with 8 to 2.44666 -0.606663
	>>>> prev guard 4.5995 18.4005 cur guard 4.90867 17.858
	was guard reflex vertex? 0
	was guard in reflex area? 0
	does guard intersect boundary ray 4.5995 18.4005 4.90867 17.858?1
	is guard inside polygon? 0
0 other guards have coords 5.02536 17.9746
scaling gradient with 16 to 4.89333 -1.21333
	>>>> prev guard 4.5995 18.4005 cur guard 5.20227 17.7852
	was guard reflex vertex? 0
	was guard in reflex area? 0
	does guard intersect boundary ray 4.5995 18.4005 5.20227 17.7852?1
	is guard inside polygon? 0
0 other guards have coords 5.20856 17.7914
scaling gradient with 32 to 9.78665 -2.42665
	>>>> prev guard 4.5995 18.4005 cur guard 5.78947 17.6396
	was guard reflex vertex? 0
	was guard in reflex area? 0
	does guard intersect boundary ray 4.5995 18.4005 5.78947 17.6396?1
	is guard inside polygon? 1
0 other guards have coords 5.57496 17.425
---- official new best guard 4.84287 18.1571
Df=0.185714 -0.0464492
h=0.00804735 0.0321751
Df=-0.00221468 0.00094943
h=0.000155839 0.000363518
Df=0 0
h=0 0
Df=0 0
h=0 0
Df=0 0
h=0 0
Df=0 0
h=0 0
Df=0 0
h=0 0
Df=0.0167166 -0.470021
h=0.00820319 0.0325387
is completely visible? 0
are areas equal? 103=101.771?0
+++++2 guards with gradient 0
	======== guard 13.9536 17.7848
	was guard reflex vertex? 0
	computed gradient -0.0438471 -0.0490564 and pull -0.00525996 0.0047014
	------- removing guard 13.9536 17.7848
g1=13.9536 17.7848
area1=56.091
alpha1=0.6
scaling gradient with 0.03125 to -0.00137022 -0.00153301
	>>>> prev guard 13.9536 17.7848 cur guard 14.083 17.0323
	was guard reflex vertex? 0
	was guard in reflex area? 0
	does guard intersect boundary ray 13.9536 17.7848 14.083 17.0323?1
	is guard inside polygon? 0
0 other guards have coords 14.3976 17.4518
	 new best guard at 14.3976 17.4518
		new arrangement area = 101.76
		old arrangement area = 101.771
		new guard area = 55.8255
		best guard area = 56.091
scaling gradient with 0.0625 to -0.00274045 -0.00306603
	>>>> prev guard 13.9536 17.7848 cur guard 14.0828 17.0321
	was guard reflex vertex? 0
	was guard in reflex area? 0
	does guard intersect boundary ray 13.9536 17.7848 14.0828 17.0321?1
	is guard inside polygon? 0
0 other guards have coords 14.3976 17.4518
	 new best guard at 14.3976 17.4518
		new arrangement area = 101.76
		old arrangement area = 101.76
		new guard area = 55.8255
		best guard area = 55.8255
scaling gradient with 0.125 to -0.00548089 -0.00613205
	>>>> prev guard 13.9536 17.7848 cur guard 14.0825 17.0317
	was guard reflex vertex? 0
	was guard in reflex area? 0
	does guard intersect boundary ray 13.9536 17.7848 14.0825 17.0317?1
	is guard inside polygon? 0
0 other guards have coords 14.3976 17.4518
	 new best guard at 14.3976 17.4518
		new arrangement area = 101.76
		old arrangement area = 101.76
		new guard area = 55.8255
		best guard area = 55.8255
scaling gradient with 0.25 to -0.0109618 -0.0122641
	>>>> prev guard 13.9536 17.7848 cur guard 14.0819 17.031
	was guard reflex vertex? 0
	was guard in reflex area? 0
	does guard intersect boundary ray 13.9536 17.7848 14.0819 17.031?1
	is guard inside polygon? 0
0 other guards have coords 14.3975 17.4519
	 new best guard at 14.3975 17.4519
		new arrangement area = 101.76
		old arrangement area = 101.76
		new guard area = 55.8256
		best guard area = 55.8255
scaling gradient with 0.5 to -0.0219236 -0.0245282
	>>>> prev guard 13.9536 17.7848 cur guard 14.0805 17.0295
	was guard reflex vertex? 0
	was guard in reflex area? 0
	does guard intersect boundary ray 13.9536 17.7848 14.0805 17.0295?1
	is guard inside polygon? 0
0 other guards have coords 14.3974 17.452
	 new best guard at 14.3974 17.452
		new arrangement area = 101.76
		old arrangement area = 101.76
		new guard area = 55.8257
		best guard area = 55.8256
scaling gradient with 1 to -0.0438471 -0.0490564
	>>>> prev guard 13.9536 17.7848 cur guard 14.0779 17.0266
	was guard reflex vertex? 0
	was guard in reflex area? 0
	does guard intersect boundary ray 13.9536 17.7848 14.0779 17.0266?1
	is guard inside polygon? 0
0 other guards have coords 14.3971 17.4522
	 new best guard at 14.3971 17.4522
		new arrangement area = 101.76
		old arrangement area = 101.76
		new guard area = 55.8258
		best guard area = 55.8257
scaling gradient with 2 to -0.0876943 -0.0981129
	>>>> prev guard 13.9536 17.7848 cur guard 14.0727 17.0207
	was guard reflex vertex? 0
	was guard in reflex area? 0
	does guard intersect boundary ray 13.9536 17.7848 14.0727 17.0207?1
	is guard inside polygon? 0
0 other guards have coords 14.3966 17.4526
	 new best guard at 14.3966 17.4526
		new arrangement area = 101.76
		old arrangement area = 101.76
		new guard area = 55.8261
		best guard area = 55.8258
scaling gradient with 4 to -0.175389 -0.196226
	>>>> prev guard 13.9536 17.7848 cur guard 14.0621 17.0089
	was guard reflex vertex? 0
	was guard in reflex area? 0
	does guard intersect boundary ray 13.9536 17.7848 14.0621 17.0089?1
	is guard inside polygon? 0
0 other guards have coords 14.3955 17.4534
	 new best guard at 14.3955 17.4534
		new arrangement area = 101.76
		old arrangement area = 101.76
		new guard area = 55.8267
		best guard area = 55.8261
scaling gradient with 8 to -0.350777 -0.392452
	>>>> prev guard 13.9536 17.7848 cur guard 14.0411 16.9853
	was guard reflex vertex? 0
	was guard in reflex area? 0
	does guard intersect boundary ray 13.9536 17.7848 14.0411 16.9853?1
	is guard inside polygon? 0
0 other guards have coords 14.3933 17.455
	 new best guard at 14.3933 17.455
		new arrangement area = 101.76
		old arrangement area = 101.76
		new guard area = 55.828
		best guard area = 55.8267
scaling gradient with 16 to -0.701554 -0.784903
	>>>> prev guard 13.9536 17.7848 cur guard 13.999 16.9383
	was guard reflex vertex? 0
	was guard in reflex area? 0
	does guard intersect boundary ray 13.9536 17.7848 13.999 16.9383?1
	is guard inside polygon? 0
0 other guards have coords 14.389 17.4583
	 new best guard at 14.389 17.4583
		new arrangement area = 101.76
		old arrangement area = 101.76
		new guard area = 55.8304
		best guard area = 55.828
scaling gradient with 32 to -1.40311 -1.56981
	>>>> prev guard 13.9536 17.7848 cur guard 13.9148 16.8441
	was guard reflex vertex? 0
	was guard in reflex area? 0
	does guard intersect boundary ray 13.9536 17.7848 13.9148 16.8441?1
	is guard inside polygon? 0
0 other guards have coords 14.3803 17.4648
	 new best guard at 14.3803 17.4648
		new arrangement area = 101.76
		old arrangement area = 101.76
		new guard area = 55.8353
		best guard area = 55.8304
---- official new best guard 14.3803 17.4648
Df=0 0
h=0 0
Df=0 0
h=0 0
Df=-0.0263083 -0.0294339
h=-0.00315597 0.00282084
Df=0 0
h=0 0
Df=0 0
h=0 0
Df=0 0
h=0 0
Df=-0.038815 -0.940722
h=-0.00315597 0.00282084
is completely visible? 0
are areas equal? 103=101.76?0
+++++1 guards with gradient 0
	======== guard 7.57554 24
	was guard reflex vertex? 0
	computed gradient -0.0409756 -2.72507 and pull -2.01049 -0.00571758
	------- removing guard 7.57554 24
g2=7.57554 24
area2=92.1
alpha2=0.6
scaling gradient with 0.03125 to -0.00128049 -0.0851586
	>>>> prev guard 7.57554 24 cur guard 6.15415 25.3118
	was guard reflex vertex? 0
	was guard in reflex area? 0
	does guard intersect boundary ray 7.57554 24 6.15415 25.3118?1
	is guard inside polygon? 1
0 other guards have coords 6.15415 24
	 new best guard at 6.15415 24
		new arrangement area = 102.183
		old arrangement area = 101.76
		new guard area = 95.2829
		best guard area = 92.1
scaling gradient with 0.0625 to -0.00256097 -0.170317
	>>>> prev guard 7.57554 24 cur guard 6.154 25.3016
	was guard reflex vertex? 0
	was guard in reflex area? 0
	does guard intersect boundary ray 7.57554 24 6.154 25.3016?1
	is guard inside polygon? 1
0 other guards have coords 6.154 24
scaling gradient with 0.125 to -0.00512195 -0.340634
	>>>> prev guard 7.57554 24 cur guard 6.15369 25.2811
	was guard reflex vertex? 0
	was guard in reflex area? 0
	does guard intersect boundary ray 7.57554 24 6.15369 25.2811?1
	is guard inside polygon? 1
0 other guards have coords 6.15369 24
scaling gradient with 0.25 to -0.0102439 -0.681269
	>>>> prev guard 7.57554 24 cur guard 6.15308 25.2402
	was guard reflex vertex? 0
	was guard in reflex area? 0
	does guard intersect boundary ray 7.57554 24 6.15308 25.2402?1
	is guard inside polygon? 1
0 other guards have coords 6.15308 24
scaling gradient with 0.5 to -0.0204878 -1.36254
	>>>> prev guard 7.57554 24 cur guard 6.15185 25.1585
	was guard reflex vertex? 0
	was guard in reflex area? 0
	does guard intersect boundary ray 7.57554 24 6.15185 25.1585?1
	is guard inside polygon? 1
0 other guards have coords 6.15185 24
scaling gradient with 1 to -0.0409756 -2.72507
	>>>> prev guard 7.57554 24 cur guard 6.14939 24.995
	was guard reflex vertex? 0
	was guard in reflex area? 0
	does guard intersect boundary ray 7.57554 24 6.14939 24.995?1
	is guard inside polygon? 1
0 other guards have coords 6.14939 24
scaling gradient with 2 to -0.0819511 -5.45015
	>>>> prev guard 7.57554 24 cur guard 6.14447 24.668
	was guard reflex vertex? 0
	was guard in reflex area? 0
	does guard intersect boundary ray 7.57554 24 6.14447 24.668?1
	is guard inside polygon? 1
0 other guards have coords 6.14447 24
scaling gradient with 4 to -0.163902 -10.9003
	>>>> prev guard 7.57554 24 cur guard 6.13464 24.014
	was guard reflex vertex? 0
	was guard in reflex area? 0
	does guard intersect boundary ray 7.57554 24 6.13464 24.014?1
	is guard inside polygon? 1
0 other guards have coords 6.13464 24
scaling gradient with 8 to -0.327804 -21.8006
	>>>> prev guard 7.57554 24 cur guard 6.11497 22.7059
	was guard reflex vertex? 0
	was guard in reflex area? 0
	does guard intersect boundary ray 7.57554 24 6.11497 22.7059?1
	is guard inside polygon? 1
0 other guards have coords 6.11497 24
scaling gradient with 16 to -0.655609 -43.6012
	>>>> prev guard 7.57554 24 cur guard 6.07563 20.0898
	was guard reflex vertex? 0
	was guard in reflex area? 0
	does guard intersect boundary ray 7.57554 24 6.07563 20.0898?1
	is guard inside polygon? 1
0 other guards have coords 6.07563 24
scaling gradient with 32 to -1.31122 -87.2024
	>>>> prev guard 7.57554 24 cur guard 5.99696 14.8577
	was guard reflex vertex? 0
	was guard in reflex area? 0
	does guard intersect boundary ray 7.57554 24 5.99696 14.8577?1
	is guard inside polygon? 0
0 other guards have coords 7 24
	 new best guard at 7 24
		new arrangement area = 103
		old arrangement area = 102.183
		new guard area = 96.1
		best guard area = 95.2829
---- official new best guard 7 24
Df=0 -0.169297
h=-0.294151 0
Df=0 0.191705
h=0.0559813 0
Df=-0.0267001 -0.112467
h=0.012989 -0.00308365
Df=5.7241e-05 0.000134866
h=1.31729e-05 -5.59093e-06
Df=0.00108198 0.0009263
h=0.000175914 -0.00020548
Df=0.000378659 8.98972e-05
h=1.45777e-05 -6.14031e-05
Df=0.000596911 -4.29435e-05
h=-5.35409e-06 -7.44215e-05
Df=0 -1.54609
h=-0.981309 0
Df=-1.57858 -9.1423
h=-1.20629 -0.00343055
is completely visible? 1
are areas equal? 103=103?1
i=7
area=103
g0=4.84287 18.1571
alpha0=0.6
area0=73.3013
g1=14.3803 17.4648
alpha1=0.6
area1=55.8353
g2=7 24
alpha2=0.6
area2=96.1
