8
2.5 4 1.5 5
3 5.5 2.5 4
4 4 3.5 3.5
4 5 4 4
3 5.5 4 5
4 6.5 1.5 5
6 3.5 3.5 3.5
4 6.5 6 3.5
total area=5.375
i=0
area=5.24631
+++++2 guards with gradient 0
	======== guard 2.09 4.48
	was guard reflex vertex? 0
	computed gradient -0.0155292 0.0138545 and pull 0.0101355 0.0113607
	------- removing guard 2.09 4.48
g0=2.09 4.48
area0=1.45359
alpha0=0.3
scaling gradient with 0.03125 to -0.000485289 0.000432954
	>>>> prev guard 2.09 4.48 cur guard 2.09058 4.48071
	was guard reflex vertex? 0
	was guard in reflex area? 0
	does guard intersect boundary ray 2.09 4.48 2.09058 4.48071?0
	is guard inside polygon? 1
0 other guards have coords 2.09058 4.48071
	 new best guard at 2.09058 4.48071
		new arrangement area = 5.24631
		old arrangement area = 5.24631
		new guard area = 1.45361
		best guard area = 1.45359
scaling gradient with 0.0625 to -0.000970577 0.000865907
	>>>> prev guard 2.09 4.48 cur guard 2.09055 4.48073
	was guard reflex vertex? 0
	was guard in reflex area? 0
	does guard intersect boundary ray 2.09 4.48 2.09055 4.48073?0
	is guard inside polygon? 1
0 other guards have coords 2.09055 4.48073
	 new best guard at 2.09055 4.48073
		new arrangement area = 5.24631
		old arrangement area = 5.24631
		new guard area = 1.45362
		best guard area = 1.45361
scaling gradient with 0.125 to -0.00194115 0.00173181
	>>>> prev guard 2.09 4.48 cur guard 2.09049 4.48079
	was guard reflex vertex? 0
	was guard in reflex area? 0
	does guard intersect boundary ray 2.09 4.48 2.09049 4.48079?0
	is guard inside polygon? 1
0 other guards have coords 2.09049 4.48079
	 new best guard at 2.09049 4.48079
		new arrangement area = 5.24631
		old arrangement area = 5.24631
		new guard area = 1.45366
		best guard area = 1.45362
scaling gradient with 0.25 to -0.00388231 0.00346363
	>>>> prev guard 2.09 4.48 cur guard 2.09038 4.48089
	was guard reflex vertex? 0
	was guard in reflex area? 0
	does guard intersect boundary ray 2.09 4.48 2.09038 4.48089?0
	is guard inside polygon? 1
0 other guards have coords 2.09038 4.48089
	 new best guard at 2.09038 4.48089
		new arrangement area = 5.24631
		old arrangement area = 5.24631
		new guard area = 1.45374
		best guard area = 1.45366
scaling gradient with 0.5 to -0.00776462 0.00692726
	>>>> prev guard 2.09 4.48 cur guard 2.09014 4.4811
	was guard reflex vertex? 0
	was guard in reflex area? 0
	does guard intersect boundary ray 2.09 4.48 2.09014 4.4811?0
	is guard inside polygon? 1
0 other guards have coords 2.09014 4.4811
	 new best guard at 2.09014 4.4811
		new arrangement area = 5.24632
		old arrangement area = 5.24631
		new guard area = 1.45389
		best guard area = 1.45374
scaling gradient with 1 to -0.0155292 0.0138545
	>>>> prev guard 2.09 4.48 cur guard 2.08968 4.48151
	was guard reflex vertex? 0
	was guard in reflex area? 0
	does guard intersect boundary ray 2.09 4.48 2.08968 4.48151?0
	is guard inside polygon? 1
0 other guards have coords 2.08968 4.48151
	 new best guard at 2.08968 4.48151
		new arrangement area = 5.24633
		old arrangement area = 5.24632
		new guard area = 1.4542
		best guard area = 1.45389
scaling gradient with 2 to -0.0310585 0.027709
	>>>> prev guard 2.09 4.48 cur guard 2.08874 4.48234
	was guard reflex vertex? 0
	was guard in reflex area? 0
	does guard intersect boundary ray 2.09 4.48 2.08874 4.48234?0
	is guard inside polygon? 1
0 other guards have coords 2.08874 4.48234
	 new best guard at 2.08874 4.48234
		new arrangement area = 5.24636
		old arrangement area = 5.24633
		new guard area = 1.45481
		best guard area = 1.4542
scaling gradient with 4 to -0.0621169 0.055418
	>>>> prev guard 2.09 4.48 cur guard 2.08688 4.48401
	was guard reflex vertex? 0
	was guard in reflex area? 0
	does guard intersect boundary ray 2.09 4.48 2.08688 4.48401?0
	is guard inside polygon? 1
0 other guards have coords 2.08688 4.48401
	 new best guard at 2.08688 4.48401
		new arrangement area = 5.24641
		old arrangement area = 5.24636
		new guard area = 1.45605
		best guard area = 1.45481
scaling gradient with 8 to -0.124234 0.110836
	>>>> prev guard 2.09 4.48 cur guard 2.08315 4.48733
	was guard reflex vertex? 0
	was guard in reflex area? 0
	does guard intersect boundary ray 2.09 4.48 2.08315 4.48733?0
	is guard inside polygon? 1
0 other guards have coords 2.08315 4.48733
	 new best guard at 2.08315 4.48733
		new arrangement area = 5.24652
		old arrangement area = 5.24641
		new guard area = 1.45857
		best guard area = 1.45605
scaling gradient with 16 to -0.248468 0.221672
	>>>> prev guard 2.09 4.48 cur guard 2.0757 4.49398
	was guard reflex vertex? 0
	was guard in reflex area? 0
	does guard intersect boundary ray 2.09 4.48 2.0757 4.49398?0
	is guard inside polygon? 1
0 other guards have coords 2.0757 4.49398
	 new best guard at 2.0757 4.49398
		new arrangement area = 5.24672
		old arrangement area = 5.24652
		new guard area = 1.4638
		best guard area = 1.45857
scaling gradient with 32 to -0.496935 0.443344
	>>>> prev guard 2.09 4.48 cur guard 2.06079 4.50728
	was guard reflex vertex? 0
	was guard in reflex area? 0
	does guard intersect boundary ray 2.09 4.48 2.06079 4.50728?0
	is guard inside polygon? 1
0 other guards have coords 2.06079 4.50728
	 new best guard at 2.06079 4.50728
		new arrangement area = 5.24714
		old arrangement area = 5.24672
		new guard area = 1.47506
		best guard area = 1.4638
---- official new best guard 2.06079 4.50728
Df=-0.00465877 0.00415635
h=0.00304065 0.0034082
Df=-0.029208 0.0272823
h=0.00304065 0.0034082
is completely visible? 0
are areas equal? 5.375=5.24714?0
+++++1 guards with gradient 0
	======== guard 5.34 3.92
	was guard reflex vertex? 0
	computed gradient 0.0120293 0.0147531 and pull -0.00881865 0.00700422
	------- removing guard 5.34 3.92
g1=5.34 3.92
area1=3.92516
alpha1=0.3
scaling gradient with 0.03125 to 0.000375914 0.000461033
	>>>> prev guard 5.34 3.92 cur guard 5.33949 3.92045
	was guard reflex vertex? 0
	was guard in reflex area? 0
	does guard intersect boundary ray 5.34 3.92 5.33949 3.92045?0
	is guard inside polygon? 1
0 other guards have coords 5.33949 3.92045
	 new best guard at 5.33949 3.92045
		new arrangement area = 5.24715
		old arrangement area = 5.24714
		new guard area = 3.92518
		best guard area = 3.92516
scaling gradient with 0.0625 to 0.000751828 0.000922066
	>>>> prev guard 5.34 3.92 cur guard 5.33952 3.92048
	was guard reflex vertex? 0
	was guard in reflex area? 0
	does guard intersect boundary ray 5.34 3.92 5.33952 3.92048?0
	is guard inside polygon? 1
0 other guards have coords 5.33952 3.92048
	 new best guard at 5.33952 3.92048
		new arrangement area = 5.24716
		old arrangement area = 5.24715
		new guard area = 3.9252
		best guard area = 3.92518
scaling gradient with 0.125 to 0.00150366 0.00184413
	>>>> prev guard 5.34 3.92 cur guard 5.33956 3.92053
	was guard reflex vertex? 0
	was guard in reflex area? 0
	does guard intersect boundary ray 5.34 3.92 5.33956 3.92053?0
	is guard inside polygon? 1
0 other guards have coords 5.33956 3.92053
	 new best guard at 5.33956 3.92053
		new arrangement area = 5.24719
		old arrangement area = 5.24716
		new guard area = 3.92523
		best guard area = 3.9252
scaling gradient with 0.25 to 0.00300731 0.00368826
	>>>> prev guard 5.34 3.92 cur guard 5.33965 3.92064
	was guard reflex vertex? 0
	was guard in reflex area? 0
	does guard intersect boundary ray 5.34 3.92 5.33965 3.92064?0
	is guard inside polygon? 1
0 other guards have coords 5.33965 3.92064
	 new best guard at 5.33965 3.92064
		new arrangement area = 5.24724
		old arrangement area = 5.24719
		new guard area = 3.92531
		best guard area = 3.92523
scaling gradient with 0.5 to 0.00601463 0.00737653
	>>>> prev guard 5.34 3.92 cur guard 5.33983 3.92086
	was guard reflex vertex? 0
	was guard in reflex area? 0
	does guard intersect boundary ray 5.34 3.92 5.33983 3.92086?0
	is guard inside polygon? 1
0 other guards have coords 5.33983 3.92086
	 new best guard at 5.33983 3.92086
		new arrangement area = 5.24733
		old arrangement area = 5.24724
		new guard area = 3.92547
		best guard area = 3.92531
scaling gradient with 1 to 0.0120293 0.0147531
	>>>> prev guard 5.34 3.92 cur guard 5.34019 3.92131
	was guard reflex vertex? 0
	was guard in reflex area? 0
	does guard intersect boundary ray 5.34 3.92 5.34019 3.92131?0
	is guard inside polygon? 1
0 other guards have coords 5.34019 3.92131
	 new best guard at 5.34019 3.92131
		new arrangement area = 5.24752
		old arrangement area = 5.24733
		new guard area = 3.92578
		best guard area = 3.92547
scaling gradient with 2 to 0.0240585 0.0295061
	>>>> prev guard 5.34 3.92 cur guard 5.34091 3.92219
	was guard reflex vertex? 0
	was guard in reflex area? 0
	does guard intersect boundary ray 5.34 3.92 5.34091 3.92219?0
	is guard inside polygon? 1
0 other guards have coords 5.34091 3.92219
	 new best guard at 5.34091 3.92219
		new arrangement area = 5.2479
		old arrangement area = 5.24752
		new guard area = 3.9264
		best guard area = 3.92578
scaling gradient with 4 to 0.048117 0.0590122
	>>>> prev guard 5.34 3.92 cur guard 5.34236 3.92396
	was guard reflex vertex? 0
	was guard in reflex area? 0
	does guard intersect boundary ray 5.34 3.92 5.34236 3.92396?0
	is guard inside polygon? 1
0 other guards have coords 5.34236 3.92396
	 new best guard at 5.34236 3.92396
		new arrangement area = 5.24867
		old arrangement area = 5.2479
		new guard area = 3.92765
		best guard area = 3.9264
scaling gradient with 8 to 0.096234 0.118024
	>>>> prev guard 5.34 3.92 cur guard 5.34524 3.9275
	was guard reflex vertex? 0
	was guard in reflex area? 0
	does guard intersect boundary ray 5.34 3.92 5.34524 3.9275?0
	is guard inside polygon? 1
0 other guards have coords 5.34524 3.9275
	 new best guard at 5.34524 3.9275
		new arrangement area = 5.2502
		old arrangement area = 5.24867
		new guard area = 3.93015
		best guard area = 3.92765
scaling gradient with 16 to 0.192468 0.236049
	>>>> prev guard 5.34 3.92 cur guard 5.35102 3.93458
	was guard reflex vertex? 0
	was guard in reflex area? 0
	does guard intersect boundary ray 5.34 3.92 5.35102 3.93458?0
	is guard inside polygon? 1
0 other guards have coords 5.35102 3.93458
	 new best guard at 5.35102 3.93458
		new arrangement area = 5.25326
		old arrangement area = 5.2502
		new guard area = 3.93517
		best guard area = 3.93015
scaling gradient with 32 to 0.384936 0.472098
	>>>> prev guard 5.34 3.92 cur guard 5.36257 3.94875
	was guard reflex vertex? 0
	was guard in reflex area? 0
	does guard intersect boundary ray 5.34 3.92 5.36257 3.94875?0
	is guard inside polygon? 1
0 other guards have coords 5.36257 3.94875
	 new best guard at 5.36257 3.94875
		new arrangement area = 5.2594
		old arrangement area = 5.25326
		new guard area = 3.94526
		best guard area = 3.93517
---- official new best guard 5.36257 3.94875
Df=-3.32964e-06 -5.57716e-05
h=-4.15466e-05 2.48039e-06
Df=0.00361211 0.00448169
h=-0.00260405 0.00209878
Df=0.022567 0.0287461
h=-0.00264559 0.00210127
is completely visible? 0
are areas equal? 5.375=5.2594?0
i=1
area=5.2594
+++++2 guards with gradient 0
	======== guard 2.06079 4.50728
	was guard reflex vertex? 0
	computed gradient -0.012408 0.0117392 and pull 0.00859005 0.00907945
	------- removing guard 2.06079 4.50728
g0=2.06079 4.50728
area0=1.47506
alpha0=0.3
scaling gradient with 0.03125 to -0.00038775 0.000366849
	>>>> prev guard 2.06079 4.50728 cur guard 2.03792 4.52967
	was guard reflex vertex? 0
	was guard in reflex area? 0
	does guard intersect boundary ray 2.06079 4.50728 2.03792 4.52967?0
	is guard inside polygon? 1
0 other guards have coords 2.03792 4.52967
	 new best guard at 2.03792 4.52967
		new arrangement area = 5.25995
		old arrangement area = 5.2594
		new guard area = 1.49581
		best guard area = 1.47506
scaling gradient with 0.0625 to -0.000775499 0.000733698
	>>>> prev guard 2.06079 4.50728 cur guard 2.03789 4.5297
	was guard reflex vertex? 0
	was guard in reflex area? 0
	does guard intersect boundary ray 2.06079 4.50728 2.03789 4.5297?0
	is guard inside polygon? 1
0 other guards have coords 2.03789 4.5297
	 new best guard at 2.03789 4.5297
		new arrangement area = 5.25995
		old arrangement area = 5.25995
		new guard area = 1.49583
		best guard area = 1.49581
scaling gradient with 0.125 to -0.001551 0.0014674
	>>>> prev guard 2.06079 4.50728 cur guard 2.03785 4.52974
	was guard reflex vertex? 0
	was guard in reflex area? 0
	does guard intersect boundary ray 2.06079 4.50728 2.03785 4.52974?0
	is guard inside polygon? 1
0 other guards have coords 2.03785 4.52974
	 new best guard at 2.03785 4.52974
		new arrangement area = 5.25995
		old arrangement area = 5.25995
		new guard area = 1.49587
		best guard area = 1.49583
scaling gradient with 0.25 to -0.003102 0.00293479
	>>>> prev guard 2.06079 4.50728 cur guard 2.03775 4.52983
	was guard reflex vertex? 0
	was guard in reflex area? 0
	does guard intersect boundary ray 2.06079 4.50728 2.03775 4.52983?0
	is guard inside polygon? 1
0 other guards have coords 2.03775 4.52983
	 new best guard at 2.03775 4.52983
		new arrangement area = 5.25995
		old arrangement area = 5.25995
		new guard area = 1.49596
		best guard area = 1.49587
scaling gradient with 0.5 to -0.006204 0.00586959
	>>>> prev guard 2.06079 4.50728 cur guard 2.03757 4.53001
	was guard reflex vertex? 0
	was guard in reflex area? 0
	does guard intersect boundary ray 2.06079 4.50728 2.03757 4.53001?0
	is guard inside polygon? 1
0 other guards have coords 2.03757 4.53001
	 new best guard at 2.03757 4.53001
		new arrangement area = 5.25995
		old arrangement area = 5.25995
		new guard area = 1.49615
		best guard area = 1.49596
scaling gradient with 1 to -0.012408 0.0117392
	>>>> prev guard 2.06079 4.50728 cur guard 2.0372 4.53036
	was guard reflex vertex? 0
	was guard in reflex area? 0
	does guard intersect boundary ray 2.06079 4.50728 2.0372 4.53036?0
	is guard inside polygon? 1
0 other guards have coords 2.0372 4.53036
	 new best guard at 2.0372 4.53036
		new arrangement area = 5.25996
		old arrangement area = 5.25995
		new guard area = 1.49651
		best guard area = 1.49615
scaling gradient with 2 to -0.024816 0.0234783
	>>>> prev guard 2.06079 4.50728 cur guard 2.03645 4.53106
	was guard reflex vertex? 0
	was guard in reflex area? 0
	does guard intersect boundary ray 2.06079 4.50728 2.03645 4.53106?0
	is guard inside polygon? 1
0 other guards have coords 2.03645 4.53106
	 new best guard at 2.03645 4.53106
		new arrangement area = 5.25998
		old arrangement area = 5.25996
		new guard area = 1.49724
		best guard area = 1.49651
scaling gradient with 4 to -0.049632 0.0469567
	>>>> prev guard 2.06079 4.50728 cur guard 2.03496 4.53247
	was guard reflex vertex? 0
	was guard in reflex area? 0
	does guard intersect boundary ray 2.06079 4.50728 2.03496 4.53247?0
	is guard inside polygon? 1
0 other guards have coords 2.03496 4.53247
	 new best guard at 2.03496 4.53247
		new arrangement area = 5.26002
		old arrangement area = 5.25998
		new guard area = 1.49872
		best guard area = 1.49724
scaling gradient with 8 to -0.0992639 0.0939134
	>>>> prev guard 2.06079 4.50728 cur guard 2.03199 4.53529
	was guard reflex vertex? 0
	was guard in reflex area? 0
	does guard intersect boundary ray 2.06079 4.50728 2.03199 4.53529?0
	is guard inside polygon? 1
0 other guards have coords 2.03199 4.53529
	 new best guard at 2.03199 4.53529
		new arrangement area = 5.26009
		old arrangement area = 5.26002
		new guard area = 1.50171
		best guard area = 1.49872
scaling gradient with 16 to -0.198528 0.187827
	>>>> prev guard 2.06079 4.50728 cur guard 2.02603 4.54092
	was guard reflex vertex? 0
	was guard in reflex area? 0
	does guard intersect boundary ray 2.06079 4.50728 2.02603 4.54092?0
	is guard inside polygon? 1
0 other guards have coords 2.02603 4.54092
	 new best guard at 2.02603 4.54092
		new arrangement area = 5.26023
		old arrangement area = 5.26009
		new guard area = 1.50769
		best guard area = 1.50171
scaling gradient with 32 to -0.397056 0.375654
	>>>> prev guard 2.06079 4.50728 cur guard 2.01412 4.55219
	was guard reflex vertex? 0
	was guard in reflex area? 0
	does guard intersect boundary ray 2.06079 4.50728 2.01412 4.55219?0
	is guard inside polygon? 1
0 other guards have coords 2.01412 4.55219
	 new best guard at 2.01412 4.55219
		new arrangement area = 5.26051
		old arrangement area = 5.26023
		new guard area = 1.51961
		best guard area = 1.50769
---- official new best guard 2.01412 4.55219
Df=-0.0037224 0.00352175
h=0.00257701 0.00272383
Df=-0.0466743 0.0449098
h=0.00257701 0.00272383
is completely visible? 0
are areas equal? 5.375=5.26051?0
+++++1 guards with gradient 0
	======== guard 5.36257 3.94875
	was guard reflex vertex? 0
	computed gradient 0.01076 0.0137721 and pull -0.00824337 0.00626134
	------- removing guard 5.36257 3.94875
g1=5.36257 3.94875
area1=3.94526
alpha1=0.3
scaling gradient with 0.03125 to 0.000336249 0.000430378
	>>>> prev guard 5.36257 3.94875 cur guard 5.38015 3.97214
	was guard reflex vertex? 0
	was guard in reflex area? 0
	does guard intersect boundary ray 5.36257 3.94875 5.38015 3.97214?0
	is guard inside polygon? 1
0 other guards have coords 5.38015 3.97214
	 new best guard at 5.38015 3.97214
		new arrangement area = 5.27018
		old arrangement area = 5.26051
		new guard area = 3.96159
		best guard area = 3.94526
scaling gradient with 0.0625 to 0.000672498 0.000860755
	>>>> prev guard 5.36257 3.94875 cur guard 5.38017 3.97217
	was guard reflex vertex? 0
	was guard in reflex area? 0
	does guard intersect boundary ray 5.36257 3.94875 5.38017 3.97217?0
	is guard inside polygon? 1
0 other guards have coords 5.38017 3.97217
	 new best guard at 5.38017 3.97217
		new arrangement area = 5.27019
		old arrangement area = 5.27018
		new guard area = 3.96161
		best guard area = 3.96159
scaling gradient with 0.125 to 0.001345 0.00172151
	>>>> prev guard 5.36257 3.94875 cur guard 5.38021 3.97222
	was guard reflex vertex? 0
	was guard in reflex area? 0
	does guard intersect boundary ray 5.36257 3.94875 5.38021 3.97222?0
	is guard inside polygon? 1
0 other guards have coords 5.38021 3.97222
	 new best guard at 5.38021 3.97222
		new arrangement area = 5.27021
		old arrangement area = 5.27019
		new guard area = 3.96165
		best guard area = 3.96161
scaling gradient with 0.25 to 0.00268999 0.00344302
	>>>> prev guard 5.36257 3.94875 cur guard 5.38029 3.97233
	was guard reflex vertex? 0
	was guard in reflex area? 0
	does guard intersect boundary ray 5.36257 3.94875 5.38029 3.97233?0
	is guard inside polygon? 1
0 other guards have coords 5.38029 3.97233
	 new best guard at 5.38029 3.97233
		new arrangement area = 5.27026
		old arrangement area = 5.27021
		new guard area = 3.96172
		best guard area = 3.96165
scaling gradient with 0.5 to 0.00537998 0.00688604
	>>>> prev guard 5.36257 3.94875 cur guard 5.38045 3.97253
	was guard reflex vertex? 0
	was guard in reflex area? 0
	does guard intersect boundary ray 5.36257 3.94875 5.38045 3.97253?0
	is guard inside polygon? 1
0 other guards have coords 5.38045 3.97253
	 new best guard at 5.38045 3.97253
		new arrangement area = 5.27035
		old arrangement area = 5.27026
		new guard area = 3.96187
		best guard area = 3.96172
scaling gradient with 1 to 0.01076 0.0137721
	>>>> prev guard 5.36257 3.94875 cur guard 5.38077 3.97295
	was guard reflex vertex? 0
	was guard in reflex area? 0
	does guard intersect boundary ray 5.36257 3.94875 5.38077 3.97295?0
	is guard inside polygon? 1
0 other guards have coords 5.38077 3.97295
	 new best guard at 5.38077 3.97295
		new arrangement area = 5.27052
		old arrangement area = 5.27035
		new guard area = 3.96216
		best guard area = 3.96187
scaling gradient with 2 to 0.0215199 0.0275442
	>>>> prev guard 5.36257 3.94875 cur guard 5.38142 3.97377
	was guard reflex vertex? 0
	was guard in reflex area? 0
	does guard intersect boundary ray 5.36257 3.94875 5.38142 3.97377?0
	is guard inside polygon? 1
0 other guards have coords 5.38142 3.97377
	 new best guard at 5.38142 3.97377
		new arrangement area = 5.27087
		old arrangement area = 5.27052
		new guard area = 3.96275
		best guard area = 3.96216
scaling gradient with 4 to 0.0430399 0.0550883
	>>>> prev guard 5.36257 3.94875 cur guard 5.38271 3.97542
	was guard reflex vertex? 0
	was guard in reflex area? 0
	does guard intersect boundary ray 5.36257 3.94875 5.38271 3.97542?0
	is guard inside polygon? 1
0 other guards have coords 5.38271 3.97542
	 new best guard at 5.38271 3.97542
		new arrangement area = 5.27156
		old arrangement area = 5.27087
		new guard area = 3.96393
		best guard area = 3.96275
scaling gradient with 8 to 0.0860797 0.110177
	>>>> prev guard 5.36257 3.94875 cur guard 5.38529 3.97873
	was guard reflex vertex? 0
	was guard in reflex area? 0
	does guard intersect boundary ray 5.36257 3.94875 5.38529 3.97873?0
	is guard inside polygon? 1
0 other guards have coords 5.38529 3.97873
	 new best guard at 5.38529 3.97873
		new arrangement area = 5.27295
		old arrangement area = 5.27156
		new guard area = 3.96629
		best guard area = 3.96393
scaling gradient with 16 to 0.172159 0.220353
	>>>> prev guard 5.36257 3.94875 cur guard 5.39046 3.98534
	was guard reflex vertex? 0
	was guard in reflex area? 0
	does guard intersect boundary ray 5.36257 3.94875 5.39046 3.98534?0
	is guard inside polygon? 1
0 other guards have coords 5.39046 3.98534
	 new best guard at 5.39046 3.98534
		new arrangement area = 5.27574
		old arrangement area = 5.27295
		new guard area = 3.97104
		best guard area = 3.96629
scaling gradient with 32 to 0.344319 0.440707
	>>>> prev guard 5.36257 3.94875 cur guard 5.40079 3.99856
	was guard reflex vertex? 0
	was guard in reflex area? 0
	does guard intersect boundary ray 5.36257 3.94875 5.40079 3.99856?0
	is guard inside polygon? 1
0 other guards have coords 5.40079 3.99856
	 new best guard at 5.40079 3.99856
		new arrangement area = 5.28132
		old arrangement area = 5.27574
		new guard area = 3.98057
		best guard area = 3.97104
---- official new best guard 5.40079 3.99856
Df=-2.06757e-06 -5.49656e-05
h=-4.03112e-05 1.51633e-06
Df=0.00323006 0.00418659
h=-0.0024327 0.00187689
Df=0.0382182 0.049815
h=-0.00247301 0.0018784
is completely visible? 0
are areas equal? 5.375=5.28132?0
i=2
area=5.28132
+++++2 guards with gradient 0
	======== guard 2.01412 4.55219
	was guard reflex vertex? 0
	computed gradient -0.00801427 0.00833621 and pull 0.00609555 0.00586014
	------- removing guard 2.01412 4.55219
g0=2.01412 4.55219
area0=1.51961
alpha0=0.3
scaling gradient with 0.03125 to -0.000250446 0.000260507
	>>>> prev guard 2.01412 4.55219 cur guard 1.97713 4.58849
	was guard reflex vertex? 0
	was guard in reflex area? 0
	does guard intersect boundary ray 2.01412 4.55219 1.97713 4.58849?0
	is guard inside polygon? 1
0 other guards have coords 1.97713 4.58849
	 new best guard at 1.97713 4.58849
		new arrangement area = 5.28192
		old arrangement area = 5.28132
		new guard area = 1.55691
		best guard area = 1.51961
scaling gradient with 0.0625 to -0.000500892 0.000521013
	>>>> prev guard 2.01412 4.55219 cur guard 1.97711 4.5885
	was guard reflex vertex? 0
	was guard in reflex area? 0
	does guard intersect boundary ray 2.01412 4.55219 1.97711 4.5885?0
	is guard inside polygon? 1
0 other guards have coords 1.97711 4.5885
	 new best guard at 1.97711 4.5885
		new arrangement area = 5.28192
		old arrangement area = 5.28192
		new guard area = 1.55693
		best guard area = 1.55691
scaling gradient with 0.125 to -0.00100178 0.00104203
	>>>> prev guard 2.01412 4.55219 cur guard 1.97708 4.58853
	was guard reflex vertex? 0
	was guard in reflex area? 0
	does guard intersect boundary ray 2.01412 4.55219 1.97708 4.58853?0
	is guard inside polygon? 1
0 other guards have coords 1.97708 4.58853
	 new best guard at 1.97708 4.58853
		new arrangement area = 5.28192
		old arrangement area = 5.28192
		new guard area = 1.55696
		best guard area = 1.55693
scaling gradient with 0.25 to -0.00200357 0.00208405
	>>>> prev guard 2.01412 4.55219 cur guard 1.97702 4.5886
	was guard reflex vertex? 0
	was guard in reflex area? 0
	does guard intersect boundary ray 2.01412 4.55219 1.97702 4.5886?0
	is guard inside polygon? 1
0 other guards have coords 1.97702 4.5886
	 new best guard at 1.97702 4.5886
		new arrangement area = 5.28192
		old arrangement area = 5.28192
		new guard area = 1.55702
		best guard area = 1.55696
scaling gradient with 0.5 to -0.00400713 0.0041681
	>>>> prev guard 2.01412 4.55219 cur guard 1.9769 4.58872
	was guard reflex vertex? 0
	was guard in reflex area? 0
	does guard intersect boundary ray 2.01412 4.55219 1.9769 4.58872?0
	is guard inside polygon? 1
0 other guards have coords 1.9769 4.58872
	 new best guard at 1.9769 4.58872
		new arrangement area = 5.28193
		old arrangement area = 5.28192
		new guard area = 1.55715
		best guard area = 1.55702
scaling gradient with 1 to -0.00801427 0.00833621
	>>>> prev guard 2.01412 4.55219 cur guard 1.97666 4.58897
	was guard reflex vertex? 0
	was guard in reflex area? 0
	does guard intersect boundary ray 2.01412 4.55219 1.97666 4.58897?0
	is guard inside polygon? 1
0 other guards have coords 1.97666 4.58897
	 new best guard at 1.97666 4.58897
		new arrangement area = 5.28193
		old arrangement area = 5.28193
		new guard area = 1.55739
		best guard area = 1.55715
scaling gradient with 2 to -0.0160285 0.0166724
	>>>> prev guard 2.01412 4.55219 cur guard 1.97618 4.58947
	was guard reflex vertex? 0
	was guard in reflex area? 0
	does guard intersect boundary ray 2.01412 4.55219 1.97618 4.58947?0
	is guard inside polygon? 1
0 other guards have coords 1.97618 4.58947
	 new best guard at 1.97618 4.58947
		new arrangement area = 5.28194
		old arrangement area = 5.28193
		new guard area = 1.55789
		best guard area = 1.55739
scaling gradient with 4 to -0.0320571 0.0333448
	>>>> prev guard 2.01412 4.55219 cur guard 1.97522 4.59047
	was guard reflex vertex? 0
	was guard in reflex area? 0
	does guard intersect boundary ray 2.01412 4.55219 1.97522 4.59047?0
	is guard inside polygon? 1
0 other guards have coords 1.97522 4.59047
	 new best guard at 1.97522 4.59047
		new arrangement area = 5.28196
		old arrangement area = 5.28194
		new guard area = 1.55888
		best guard area = 1.55789
scaling gradient with 8 to -0.0641141 0.0666897
	>>>> prev guard 2.01412 4.55219 cur guard 1.9733 4.59247
	was guard reflex vertex? 0
	was guard in reflex area? 0
	does guard intersect boundary ray 2.01412 4.55219 1.9733 4.59247?0
	is guard inside polygon? 1
0 other guards have coords 1.9733 4.59247
	 new best guard at 1.9733 4.59247
		new arrangement area = 5.28199
		old arrangement area = 5.28196
		new guard area = 1.56086
		best guard area = 1.55888
scaling gradient with 16 to -0.128228 0.133379
	>>>> prev guard 2.01412 4.55219 cur guard 1.96945 4.59647
	was guard reflex vertex? 0
	was guard in reflex area? 0
	does guard intersect boundary ray 2.01412 4.55219 1.96945 4.59647?0
	is guard inside polygon? 1
0 other guards have coords 1.96945 4.59647
	 new best guard at 1.96945 4.59647
		new arrangement area = 5.28205
		old arrangement area = 5.28199
		new guard area = 1.56483
		best guard area = 1.56086
scaling gradient with 32 to -0.256457 0.266759
	>>>> prev guard 2.01412 4.55219 cur guard 1.96176 4.60448
	was guard reflex vertex? 0
	was guard in reflex area? 0
	does guard intersect boundary ray 2.01412 4.55219 1.96176 4.60448?0
	is guard inside polygon? 1
0 other guards have coords 1.96176 4.60448
	 new best guard at 1.96176 4.60448
		new arrangement area = 5.28218
		old arrangement area = 5.28205
		new guard area = 1.57273
		best guard area = 1.56483
---- official new best guard 1.96176 4.60448
Df=-0.00240428 0.00250086
h=0.00182866 0.00175804
Df=-0.0523611 0.052285
h=0.00182866 0.00175804
is completely visible? 0
are areas equal? 5.375=5.28218?0
+++++1 guards with gradient 0
	======== guard 5.40079 3.99856
	was guard reflex vertex? 0
	computed gradient 0.00863053 0.0118939 and pull -0.00713833 0.00501233
	------- removing guard 5.40079 3.99856
g1=5.40079 3.99856
area1=3.98057
alpha1=0.3
scaling gradient with 0.03125 to 0.000269704 0.000371685
	>>>> prev guard 5.40079 3.99856 cur guard 5.43095 4.03874
	was guard reflex vertex? 0
	was guard in reflex area? 0
	does guard intersect boundary ray 5.40079 3.99856 5.43095 4.03874?0
	is guard inside polygon? 1
0 other guards have coords 5.43095 4.03874
	 new best guard at 5.43095 4.03874
		new arrangement area = 5.29873
		old arrangement area = 5.28218
		new guard area = 4.0096
		best guard area = 3.98057
scaling gradient with 0.0625 to 0.000539408 0.00074337
	>>>> prev guard 5.40079 3.99856 cur guard 5.43096 4.03876
	was guard reflex vertex? 0
	was guard in reflex area? 0
	does guard intersect boundary ray 5.40079 3.99856 5.43096 4.03876?0
	is guard inside polygon? 1
0 other guards have coords 5.43096 4.03876
	 new best guard at 5.43096 4.03876
		new arrangement area = 5.29874
		old arrangement area = 5.29873
		new guard area = 4.00961
		best guard area = 4.0096
scaling gradient with 0.125 to 0.00107882 0.00148674
	>>>> prev guard 5.40079 3.99856 cur guard 5.431 4.0388
	was guard reflex vertex? 0
	was guard in reflex area? 0
	does guard intersect boundary ray 5.40079 3.99856 5.431 4.0388?0
	is guard inside polygon? 1
0 other guards have coords 5.431 4.0388
	 new best guard at 5.431 4.0388
		new arrangement area = 5.29876
		old arrangement area = 5.29874
		new guard area = 4.00964
		best guard area = 4.00961
scaling gradient with 0.25 to 0.00215763 0.00297348
	>>>> prev guard 5.40079 3.99856 cur guard 5.43106 4.03889
	was guard reflex vertex? 0
	was guard in reflex area? 0
	does guard intersect boundary ray 5.40079 3.99856 5.43106 4.03889?0
	is guard inside polygon? 1
0 other guards have coords 5.43106 4.03889
	 new best guard at 5.43106 4.03889
		new arrangement area = 5.2988
		old arrangement area = 5.29876
		new guard area = 4.00971
		best guard area = 4.00964
scaling gradient with 0.5 to 0.00431526 0.00594696
	>>>> prev guard 5.40079 3.99856 cur guard 5.43119 4.03907
	was guard reflex vertex? 0
	was guard in reflex area? 0
	does guard intersect boundary ray 5.40079 3.99856 5.43119 4.03907?0
	is guard inside polygon? 1
0 other guards have coords 5.43119 4.03907
	 new best guard at 5.43119 4.03907
		new arrangement area = 5.29887
		old arrangement area = 5.2988
		new guard area = 4.00984
		best guard area = 4.00971
scaling gradient with 1 to 0.00863053 0.0118939
	>>>> prev guard 5.40079 3.99856 cur guard 5.43145 4.03943
	was guard reflex vertex? 0
	was guard in reflex area? 0
	does guard intersect boundary ray 5.40079 3.99856 5.43145 4.03943?0
	is guard inside polygon? 1
0 other guards have coords 5.43145 4.03943
	 new best guard at 5.43145 4.03943
		new arrangement area = 5.29901
		old arrangement area = 5.29887
		new guard area = 4.0101
		best guard area = 4.00984
scaling gradient with 2 to 0.0172611 0.0237879
	>>>> prev guard 5.40079 3.99856 cur guard 5.43197 4.04014
	was guard reflex vertex? 0
	was guard in reflex area? 0
	does guard intersect boundary ray 5.40079 3.99856 5.43197 4.04014?0
	is guard inside polygon? 1
0 other guards have coords 5.43197 4.04014
	 new best guard at 5.43197 4.04014
		new arrangement area = 5.29931
		old arrangement area = 5.29901
		new guard area = 4.01061
		best guard area = 4.0101
scaling gradient with 4 to 0.0345221 0.0475757
	>>>> prev guard 5.40079 3.99856 cur guard 5.433 4.04157
	was guard reflex vertex? 0
	was guard in reflex area? 0
	does guard intersect boundary ray 5.40079 3.99856 5.433 4.04157?0
	is guard inside polygon? 1
0 other guards have coords 5.433 4.04157
	 new best guard at 5.433 4.04157
		new arrangement area = 5.29989
		old arrangement area = 5.29931
		new guard area = 4.01165
		best guard area = 4.01061
scaling gradient with 8 to 0.0690442 0.0951514
	>>>> prev guard 5.40079 3.99856 cur guard 5.43507 4.04442
	was guard reflex vertex? 0
	was guard in reflex area? 0
	does guard intersect boundary ray 5.40079 3.99856 5.43507 4.04442?0
	is guard inside polygon? 1
0 other guards have coords 5.43507 4.04442
	 new best guard at 5.43507 4.04442
		new arrangement area = 5.30106
		old arrangement area = 5.29989
		new guard area = 4.01371
		best guard area = 4.01165
scaling gradient with 16 to 0.138088 0.190303
	>>>> prev guard 5.40079 3.99856 cur guard 5.43922 4.05013
	was guard reflex vertex? 0
	was guard in reflex area? 0
	does guard intersect boundary ray 5.40079 3.99856 5.43922 4.05013?0
	is guard inside polygon? 1
0 other guards have coords 5.43922 4.05013
	 new best guard at 5.43922 4.05013
		new arrangement area = 5.30341
		old arrangement area = 5.30106
		new guard area = 4.01786
		best guard area = 4.01371
scaling gradient with 32 to 0.276177 0.380606
	>>>> prev guard 5.40079 3.99856 cur guard 5.4475 4.06155
	was guard reflex vertex? 0
	was guard in reflex area? 0
	does guard intersect boundary ray 5.40079 3.99856 5.4475 4.06155?0
	is guard inside polygon? 1
0 other guards have coords 5.4475 4.06155
	 new best guard at 5.4475 4.06155
		new arrangement area = 5.30812
		old arrangement area = 5.30341
		new guard area = 4.02621
		best guard area = 4.01786
---- official new best guard 5.4475 4.06155
Df=-5.49989e-08 -5.35415e-05
h=-3.82225e-05 3.92629e-08
Df=0.00258921 0.00362172
h=-0.00210328 0.00150366
Df=0.0467168 0.0629891
h=-0.0021415 0.0015037
is completely visible? 0
are areas equal? 5.375=5.30812?0
i=3
area=5.30812
+++++2 guards with gradient 0
	======== guard 1.96176 4.60448
	was guard reflex vertex? 0
	computed gradient -0.00400332 0.00464134 and pull 0.00338512 0.00291979
	------- removing guard 1.96176 4.60448
g0=1.96176 4.60448
area0=1.57273
alpha0=0.3
scaling gradient with 0.03125 to -0.000125104 0.000145042
	>>>> prev guard 1.96176 4.60448 cur guard 1.92006 4.64649
	was guard reflex vertex? 0
	was guard in reflex area? 0
	does guard intersect boundary ray 1.96176 4.60448 1.92006 4.64649?0
	is guard inside polygon? 1
0 other guards have coords 1.92006 4.64649
	 new best guard at 1.92006 4.64649
		new arrangement area = 5.30848
		old arrangement area = 5.30812
		new guard area = 1.61443
		best guard area = 1.57273
scaling gradient with 0.0625 to -0.000250208 0.000290084
	>>>> prev guard 1.96176 4.60448 cur guard 1.92006 4.6465
	was guard reflex vertex? 0
	was guard in reflex area? 0
	does guard intersect boundary ray 1.96176 4.60448 1.92006 4.6465?0
	is guard inside polygon? 1
0 other guards have coords 1.92006 4.6465
	 new best guard at 1.92006 4.6465
		new arrangement area = 5.30848
		old arrangement area = 5.30848
		new guard area = 1.61444
		best guard area = 1.61443
scaling gradient with 0.125 to -0.000500415 0.000580167
	>>>> prev guard 1.96176 4.60448 cur guard 1.92004 4.64652
	was guard reflex vertex? 0
	was guard in reflex area? 0
	does guard intersect boundary ray 1.96176 4.60448 1.92004 4.64652?0
	is guard inside polygon? 1
0 other guards have coords 1.92004 4.64652
	 new best guard at 1.92004 4.64652
		new arrangement area = 5.30848
		old arrangement area = 5.30848
		new guard area = 1.61445
		best guard area = 1.61444
scaling gradient with 0.25 to -0.00100083 0.00116033
	>>>> prev guard 1.96176 4.60448 cur guard 1.92001 4.64655
	was guard reflex vertex? 0
	was guard in reflex area? 0
	does guard intersect boundary ray 1.96176 4.60448 1.92001 4.64655?0
	is guard inside polygon? 1
0 other guards have coords 1.92001 4.64655
	 new best guard at 1.92001 4.64655
		new arrangement area = 5.30848
		old arrangement area = 5.30848
		new guard area = 1.61449
		best guard area = 1.61445
scaling gradient with 0.5 to -0.00200166 0.00232067
	>>>> prev guard 1.96176 4.60448 cur guard 1.91995 4.64662
	was guard reflex vertex? 0
	was guard in reflex area? 0
	does guard intersect boundary ray 1.96176 4.60448 1.91995 4.64662?0
	is guard inside polygon? 1
0 other guards have coords 1.91995 4.64662
	 new best guard at 1.91995 4.64662
		new arrangement area = 5.30849
		old arrangement area = 5.30848
		new guard area = 1.61455
		best guard area = 1.61449
scaling gradient with 1 to -0.00400332 0.00464134
	>>>> prev guard 1.96176 4.60448 cur guard 1.91983 4.64676
	was guard reflex vertex? 0
	was guard in reflex area? 0
	does guard intersect boundary ray 1.96176 4.60448 1.91983 4.64676?0
	is guard inside polygon? 1
0 other guards have coords 1.91983 4.64676
	 new best guard at 1.91983 4.64676
		new arrangement area = 5.30849
		old arrangement area = 5.30849
		new guard area = 1.61468
		best guard area = 1.61455
scaling gradient with 2 to -0.00800665 0.00928268
	>>>> prev guard 1.96176 4.60448 cur guard 1.91959 4.64704
	was guard reflex vertex? 0
	was guard in reflex area? 0
	does guard intersect boundary ray 1.96176 4.60448 1.91959 4.64704?0
	is guard inside polygon? 1
0 other guards have coords 1.91959 4.64704
	 new best guard at 1.91959 4.64704
		new arrangement area = 5.30849
		old arrangement area = 5.30849
		new guard area = 1.61494
		best guard area = 1.61468
scaling gradient with 4 to -0.0160133 0.0185654
	>>>> prev guard 1.96176 4.60448 cur guard 1.91911 4.64759
	was guard reflex vertex? 0
	was guard in reflex area? 0
	does guard intersect boundary ray 1.96176 4.60448 1.91911 4.64759?0
	is guard inside polygon? 1
0 other guards have coords 1.91911 4.64759
	 new best guard at 1.91911 4.64759
		new arrangement area = 5.30849
		old arrangement area = 5.30849
		new guard area = 1.61545
		best guard area = 1.61494
scaling gradient with 8 to -0.0320266 0.0371307
	>>>> prev guard 1.96176 4.60448 cur guard 1.91815 4.64871
	was guard reflex vertex? 0
	was guard in reflex area? 0
	does guard intersect boundary ray 1.96176 4.60448 1.91815 4.64871?0
	is guard inside polygon? 1
0 other guards have coords 1.91815 4.64871
	 new best guard at 1.91815 4.64871
		new arrangement area = 5.3085
		old arrangement area = 5.30849
		new guard area = 1.61649
		best guard area = 1.61545
scaling gradient with 16 to -0.0640532 0.0742614
	>>>> prev guard 1.96176 4.60448 cur guard 1.91623 4.65094
	was guard reflex vertex? 0
	was guard in reflex area? 0
	does guard intersect boundary ray 1.96176 4.60448 1.91623 4.65094?0
	is guard inside polygon? 1
0 other guards have coords 1.91623 4.65094
	 new best guard at 1.91623 4.65094
		new arrangement area = 5.30852
		old arrangement area = 5.3085
		new guard area = 1.61855
		best guard area = 1.61649
scaling gradient with 32 to -0.128106 0.148523
	>>>> prev guard 1.96176 4.60448 cur guard 1.91238 4.65539
	was guard reflex vertex? 0
	was guard in reflex area? 0
	does guard intersect boundary ray 1.96176 4.60448 1.91238 4.65539?0
	is guard inside polygon? 1
0 other guards have coords 1.91238 4.65539
	 new best guard at 1.91238 4.65539
		new arrangement area = 5.30856
		old arrangement area = 5.30852
		new guard area = 1.62268
		best guard area = 1.61855
---- official new best guard 1.91238 4.65539
Df=-0.001201 0.0013924
h=0.00101554 0.000875938
Df=-0.0493722 0.0509145
h=0.00101554 0.000875938
is completely visible? 0
are areas equal? 5.375=5.30856?0
+++++1 guards with gradient 0
	======== guard 5.4475 4.06155
	was guard reflex vertex? 0
	computed gradient 0.00607123 0.0091808 and pull -0.00554084 0.00351005
	------- removing guard 5.4475 4.06155
g1=5.4475 4.06155
area1=4.02621
alpha1=0.3
scaling gradient with 0.03125 to 0.000189726 0.0002869
	>>>> prev guard 5.4475 4.06155 cur guard 5.48455 4.11217
	was guard reflex vertex? 0
	was guard in reflex area? 0
	does guard intersect boundary ray 5.4475 4.06155 5.48455 4.11217?0
	is guard inside polygon? 1
0 other guards have coords 5.48455 4.11217
	 new best guard at 5.48455 4.11217
		new arrangement area = 5.32947
		old arrangement area = 5.30856
		new guard area = 4.06403
		best guard area = 4.02621
scaling gradient with 0.0625 to 0.000379452 0.0005738
	>>>> prev guard 5.4475 4.06155 cur guard 5.48457 4.11219
	was guard reflex vertex? 0
	was guard in reflex area? 0
	does guard intersect boundary ray 5.4475 4.06155 5.48457 4.11219?0
	is guard inside polygon? 1
0 other guards have coords 5.48457 4.11219
	 new best guard at 5.48457 4.11219
		new arrangement area = 5.32948
		old arrangement area = 5.32947
		new guard area = 4.06404
		best guard area = 4.06403
scaling gradient with 0.125 to 0.000758904 0.0011476
	>>>> prev guard 5.4475 4.06155 cur guard 5.48459 4.11222
	was guard reflex vertex? 0
	was guard in reflex area? 0
	does guard intersect boundary ray 5.4475 4.06155 5.48459 4.11222?0
	is guard inside polygon? 1
0 other guards have coords 5.48459 4.11222
	 new best guard at 5.48459 4.11222
		new arrangement area = 5.32949
		old arrangement area = 5.32948
		new guard area = 4.06407
		best guard area = 4.06404
scaling gradient with 0.25 to 0.00151781 0.0022952
	>>>> prev guard 5.4475 4.06155 cur guard 5.48463 4.11229
	was guard reflex vertex? 0
	was guard in reflex area? 0
	does guard intersect boundary ray 5.4475 4.06155 5.48463 4.11229?0
	is guard inside polygon? 1
0 other guards have coords 5.48463 4.11229
	 new best guard at 5.48463 4.11229
		new arrangement area = 5.32952
		old arrangement area = 5.32949
		new guard area = 4.06412
		best guard area = 4.06407
scaling gradient with 0.5 to 0.00303562 0.0045904
	>>>> prev guard 5.4475 4.06155 cur guard 5.48473 4.11243
	was guard reflex vertex? 0
	was guard in reflex area? 0
	does guard intersect boundary ray 5.4475 4.06155 5.48473 4.11243?0
	is guard inside polygon? 1
0 other guards have coords 5.48473 4.11243
	 new best guard at 5.48473 4.11243
		new arrangement area = 5.32958
		old arrangement area = 5.32952
		new guard area = 4.06422
		best guard area = 4.06412
scaling gradient with 1 to 0.00607123 0.0091808
	>>>> prev guard 5.4475 4.06155 cur guard 5.48491 4.1127
	was guard reflex vertex? 0
	was guard in reflex area? 0
	does guard intersect boundary ray 5.4475 4.06155 5.48491 4.1127?0
	is guard inside polygon? 1
0 other guards have coords 5.48491 4.1127
	 new best guard at 5.48491 4.1127
		new arrangement area = 5.32969
		old arrangement area = 5.32958
		new guard area = 4.06442
		best guard area = 4.06422
scaling gradient with 2 to 0.0121425 0.0183616
	>>>> prev guard 5.4475 4.06155 cur guard 5.48527 4.11325
	was guard reflex vertex? 0
	was guard in reflex area? 0
	does guard intersect boundary ray 5.4475 4.06155 5.48527 4.11325?0
	is guard inside polygon? 1
0 other guards have coords 5.48527 4.11325
	 new best guard at 5.48527 4.11325
		new arrangement area = 5.32991
		old arrangement area = 5.32969
		new guard area = 4.06483
		best guard area = 4.06442
scaling gradient with 4 to 0.0242849 0.0367232
	>>>> prev guard 5.4475 4.06155 cur guard 5.486 4.11436
	was guard reflex vertex? 0
	was guard in reflex area? 0
	does guard intersect boundary ray 5.4475 4.06155 5.486 4.11436?0
	is guard inside polygon? 1
0 other guards have coords 5.486 4.11436
	 new best guard at 5.486 4.11436
		new arrangement area = 5.33036
		old arrangement area = 5.32991
		new guard area = 4.06564
		best guard area = 4.06483
scaling gradient with 8 to 0.0485699 0.0734464
	>>>> prev guard 5.4475 4.06155 cur guard 5.48746 4.11656
	was guard reflex vertex? 0
	was guard in reflex area? 0
	does guard intersect boundary ray 5.4475 4.06155 5.48746 4.11656?0
	is guard inside polygon? 1
0 other guards have coords 5.48746 4.11656
	 new best guard at 5.48746 4.11656
		new arrangement area = 5.33126
		old arrangement area = 5.33036
		new guard area = 4.06727
		best guard area = 4.06564
scaling gradient with 16 to 0.0971397 0.146893
	>>>> prev guard 5.4475 4.06155 cur guard 5.49037 4.12097
	was guard reflex vertex? 0
	was guard in reflex area? 0
	does guard intersect boundary ray 5.4475 4.06155 5.49037 4.12097?0
	is guard inside polygon? 1
0 other guards have coords 5.49037 4.12097
	 new best guard at 5.49037 4.12097
		new arrangement area = 5.33305
		old arrangement area = 5.33126
		new guard area = 4.07053
		best guard area = 4.06727
scaling gradient with 32 to 0.194279 0.293786
	>>>> prev guard 5.4475 4.06155 cur guard 5.4962 4.12978
	was guard reflex vertex? 0
	was guard in reflex area? 0
	does guard intersect boundary ray 5.4475 4.06155 5.4962 4.12978?0
	is guard inside polygon? 1
0 other guards have coords 5.4962 4.12978
	 new best guard at 5.4962 4.12978
		new arrangement area = 5.33664
		old arrangement area = 5.33305
		new guard area = 4.07708
		best guard area = 4.07053
---- official new best guard 5.4962 4.12978
Df=2.19922e-06 -5.17201e-05
h=-3.56983e-05 -1.51795e-06
Df=0.00181917 0.00280596
h=-0.00162655 0.00105453
Df=0.0486978 0.068229
h=-0.00166225 0.00105302
is completely visible? 0
are areas equal? 5.375=5.33664?0
i=4
area=5.33664
+++++2 guards with gradient 0
	======== guard 1.91238 4.65539
	was guard reflex vertex? 0
	computed gradient -0.0012893 0.00166026 and pull 0.00120566 0.000936277
	------- removing guard 1.91238 4.65539
g0=1.91238 4.65539
area0=1.62268
alpha0=0.3
scaling gradient with 0.03125 to -4.02907e-05 5.1883e-05
	>>>> prev guard 1.91238 4.65539 cur guard 1.87296 4.69618
	was guard reflex vertex? 0
	was guard in reflex area? 0
	does guard intersect boundary ray 1.91238 4.65539 1.87296 4.69618?0
	is guard inside polygon? 1
0 other guards have coords 1.87296 4.69618
	 new best guard at 1.87296 4.69618
		new arrangement area = 5.33676
		old arrangement area = 5.33664
		new guard area = 1.66198
		best guard area = 1.62268
scaling gradient with 0.0625 to -8.05814e-05 0.000103766
	>>>> prev guard 1.91238 4.65539 cur guard 1.87295 4.69619
	was guard reflex vertex? 0
	was guard in reflex area? 0
	does guard intersect boundary ray 1.91238 4.65539 1.87295 4.69619?0
	is guard inside polygon? 1
0 other guards have coords 1.87295 4.69619
	 new best guard at 1.87295 4.69619
		new arrangement area = 5.33676
		old arrangement area = 5.33676
		new guard area = 1.66198
		best guard area = 1.66198
scaling gradient with 0.125 to -0.000161163 0.000207532
	>>>> prev guard 1.91238 4.65539 cur guard 1.87295 4.69619
	was guard reflex vertex? 0
	was guard in reflex area? 0
	does guard intersect boundary ray 1.91238 4.65539 1.87295 4.69619?0
	is guard inside polygon? 1
0 other guards have coords 1.87295 4.69619
	 new best guard at 1.87295 4.69619
		new arrangement area = 5.33676
		old arrangement area = 5.33676
		new guard area = 1.66199
		best guard area = 1.66198
scaling gradient with 0.25 to -0.000322326 0.000415064
	>>>> prev guard 1.91238 4.65539 cur guard 1.87294 4.6962
	was guard reflex vertex? 0
	was guard in reflex area? 0
	does guard intersect boundary ray 1.91238 4.65539 1.87294 4.6962?0
	is guard inside polygon? 1
0 other guards have coords 1.87294 4.6962
	 new best guard at 1.87294 4.6962
		new arrangement area = 5.33676
		old arrangement area = 5.33676
		new guard area = 1.662
		best guard area = 1.66199
scaling gradient with 0.5 to -0.000644651 0.000830128
	>>>> prev guard 1.91238 4.65539 cur guard 1.87292 4.69623
	was guard reflex vertex? 0
	was guard in reflex area? 0
	does guard intersect boundary ray 1.91238 4.65539 1.87292 4.69623?0
	is guard inside polygon? 1
0 other guards have coords 1.87292 4.69623
	 new best guard at 1.87292 4.69623
		new arrangement area = 5.33676
		old arrangement area = 5.33676
		new guard area = 1.66202
		best guard area = 1.662
scaling gradient with 1 to -0.0012893 0.00166026
	>>>> prev guard 1.91238 4.65539 cur guard 1.87288 4.69628
	was guard reflex vertex? 0
	was guard in reflex area? 0
	does guard intersect boundary ray 1.91238 4.65539 1.87288 4.69628?0
	is guard inside polygon? 1
0 other guards have coords 1.87288 4.69628
	 new best guard at 1.87288 4.69628
		new arrangement area = 5.33676
		old arrangement area = 5.33676
		new guard area = 1.66206
		best guard area = 1.66202
scaling gradient with 2 to -0.0025786 0.00332051
	>>>> prev guard 1.91238 4.65539 cur guard 1.8728 4.69638
	was guard reflex vertex? 0
	was guard in reflex area? 0
	does guard intersect boundary ray 1.91238 4.65539 1.8728 4.69638?0
	is guard inside polygon? 1
0 other guards have coords 1.8728 4.69638
	 new best guard at 1.8728 4.69638
		new arrangement area = 5.33676
		old arrangement area = 5.33676
		new guard area = 1.66215
		best guard area = 1.66206
scaling gradient with 4 to -0.00515721 0.00664102
	>>>> prev guard 1.91238 4.65539 cur guard 1.87265 4.69658
	was guard reflex vertex? 0
	was guard in reflex area? 0
	does guard intersect boundary ray 1.91238 4.65539 1.87265 4.69658?0
	is guard inside polygon? 1
0 other guards have coords 1.87265 4.69658
	 new best guard at 1.87265 4.69658
		new arrangement area = 5.33676
		old arrangement area = 5.33676
		new guard area = 1.66232
		best guard area = 1.66215
scaling gradient with 8 to -0.0103144 0.013282
	>>>> prev guard 1.91238 4.65539 cur guard 1.87234 4.69698
	was guard reflex vertex? 0
	was guard in reflex area? 0
	does guard intersect boundary ray 1.91238 4.65539 1.87234 4.69698?0
	is guard inside polygon? 1
0 other guards have coords 1.87234 4.69698
	 new best guard at 1.87234 4.69698
		new arrangement area = 5.33676
		old arrangement area = 5.33676
		new guard area = 1.66268
		best guard area = 1.66232
scaling gradient with 16 to -0.0206288 0.0265641
	>>>> prev guard 1.91238 4.65539 cur guard 1.87172 4.69777
	was guard reflex vertex? 0
	was guard in reflex area? 0
	does guard intersect boundary ray 1.91238 4.65539 1.87172 4.69777?0
	is guard inside polygon? 1
0 other guards have coords 1.87172 4.69777
	 new best guard at 1.87172 4.69777
		new arrangement area = 5.33677
		old arrangement area = 5.33676
		new guard area = 1.66338
		best guard area = 1.66268
scaling gradient with 32 to -0.0412577 0.0531282
	>>>> prev guard 1.91238 4.65539 cur guard 1.87048 4.69937
	was guard reflex vertex? 0
	was guard in reflex area? 0
	does guard intersect boundary ray 1.91238 4.65539 1.87048 4.69937?0
	is guard inside polygon? 1
0 other guards have coords 1.87048 4.69937
	 new best guard at 1.87048 4.69937
		new arrangement area = 5.33677
		old arrangement area = 5.33677
		new guard area = 1.66478
		best guard area = 1.66338
---- official new best guard 1.87048 4.69937
Df=-0.000386791 0.000498077
h=0.000361698 0.000280883
Df=-0.0419009 0.0439755
h=0.000361698 0.000280883
is completely visible? 0
are areas equal? 5.375=5.33677?0
+++++1 guards with gradient 0
	======== guard 5.4962 4.12978
	was guard reflex vertex? 0
	computed gradient 0.00347555 0.00578505 and pull -0.00354853 0.00199009
	------- removing guard 5.4962 4.12978
g1=5.4962 4.12978
area1=4.07708
alpha1=0.3
scaling gradient with 0.03125 to 0.000108611 0.000180783
	>>>> prev guard 5.4962 4.12978 cur guard 5.53495 4.18449
	was guard reflex vertex? 0
	was guard in reflex area? 0
	does guard intersect boundary ray 5.4962 4.12978 5.53495 4.18449?0
	is guard inside polygon? 1
0 other guards have coords 5.53495 4.18449
	 new best guard at 5.53495 4.18449
		new arrangement area = 5.35975
		old arrangement area = 5.33677
		new guard area = 4.11944
		best guard area = 4.07708
scaling gradient with 0.0625 to 0.000217222 0.000361566
	>>>> prev guard 5.4962 4.12978 cur guard 5.53496 4.1845
	was guard reflex vertex? 0
	was guard in reflex area? 0
	does guard intersect boundary ray 5.4962 4.12978 5.53496 4.1845?0
	is guard inside polygon? 1
0 other guards have coords 5.53496 4.1845
	 new best guard at 5.53496 4.1845
		new arrangement area = 5.35975
		old arrangement area = 5.35975
		new guard area = 4.11945
		best guard area = 4.11944
scaling gradient with 0.125 to 0.000434443 0.000723131
	>>>> prev guard 5.4962 4.12978 cur guard 5.53497 4.18453
	was guard reflex vertex? 0
	was guard in reflex area? 0
	does guard intersect boundary ray 5.4962 4.12978 5.53497 4.18453?0
	is guard inside polygon? 1
0 other guards have coords 5.53497 4.18453
	 new best guard at 5.53497 4.18453
		new arrangement area = 5.35976
		old arrangement area = 5.35975
		new guard area = 4.11946
		best guard area = 4.11945
scaling gradient with 0.25 to 0.000868887 0.00144626
	>>>> prev guard 5.4962 4.12978 cur guard 5.535 4.18457
	was guard reflex vertex? 0
	was guard in reflex area? 0
	does guard intersect boundary ray 5.4962 4.12978 5.535 4.18457?0
	is guard inside polygon? 1
0 other guards have coords 5.535 4.18457
	 new best guard at 5.535 4.18457
		new arrangement area = 5.35978
		old arrangement area = 5.35976
		new guard area = 4.1195
		best guard area = 4.11946
scaling gradient with 0.5 to 0.00173777 0.00289252
	>>>> prev guard 5.4962 4.12978 cur guard 5.53505 4.18466
	was guard reflex vertex? 0
	was guard in reflex area? 0
	does guard intersect boundary ray 5.4962 4.12978 5.53505 4.18466?0
	is guard inside polygon? 1
0 other guards have coords 5.53505 4.18466
	 new best guard at 5.53505 4.18466
		new arrangement area = 5.35982
		old arrangement area = 5.35978
		new guard area = 4.11956
		best guard area = 4.1195
scaling gradient with 1 to 0.00347555 0.00578505
	>>>> prev guard 5.4962 4.12978 cur guard 5.53515 4.18483
	was guard reflex vertex? 0
	was guard in reflex area? 0
	does guard intersect boundary ray 5.4962 4.12978 5.53515 4.18483?0
	is guard inside polygon? 1
0 other guards have coords 5.53515 4.18483
	 new best guard at 5.53515 4.18483
		new arrangement area = 5.35989
		old arrangement area = 5.35982
		new guard area = 4.11969
		best guard area = 4.11956
scaling gradient with 2 to 0.00695109 0.0115701
	>>>> prev guard 5.4962 4.12978 cur guard 5.53536 4.18518
	was guard reflex vertex? 0
	was guard in reflex area? 0
	does guard intersect boundary ray 5.4962 4.12978 5.53536 4.18518?0
	is guard inside polygon? 1
0 other guards have coords 5.53536 4.18518
	 new best guard at 5.53536 4.18518
		new arrangement area = 5.36003
		old arrangement area = 5.35989
		new guard area = 4.11995
		best guard area = 4.11969
scaling gradient with 4 to 0.0139022 0.0231402
	>>>> prev guard 5.4962 4.12978 cur guard 5.53578 4.18587
	was guard reflex vertex? 0
	was guard in reflex area? 0
	does guard intersect boundary ray 5.4962 4.12978 5.53578 4.18587?0
	is guard inside polygon? 1
0 other guards have coords 5.53578 4.18587
	 new best guard at 5.53578 4.18587
		new arrangement area = 5.36031
		old arrangement area = 5.36003
		new guard area = 4.12048
		best guard area = 4.11995
scaling gradient with 8 to 0.0278044 0.0462804
	>>>> prev guard 5.4962 4.12978 cur guard 5.53661 4.18726
	was guard reflex vertex? 0
	was guard in reflex area? 0
	does guard intersect boundary ray 5.4962 4.12978 5.53661 4.18726?0
	is guard inside polygon? 1
0 other guards have coords 5.53661 4.18726
	 new best guard at 5.53661 4.18726
		new arrangement area = 5.36088
		old arrangement area = 5.36031
		new guard area = 4.12153
		best guard area = 4.12048
scaling gradient with 16 to 0.0556087 0.0925608
	>>>> prev guard 5.4962 4.12978 cur guard 5.53828 4.19004
	was guard reflex vertex? 0
	was guard in reflex area? 0
	does guard intersect boundary ray 5.4962 4.12978 5.53828 4.19004?0
	is guard inside polygon? 1
0 other guards have coords 5.53828 4.19004
	 new best guard at 5.53828 4.19004
		new arrangement area = 5.36202
		old arrangement area = 5.36088
		new guard area = 4.12363
		best guard area = 4.12153
scaling gradient with 32 to 0.111217 0.185122
	>>>> prev guard 5.4962 4.12978 cur guard 5.54162 4.19559
	was guard reflex vertex? 0
	was guard in reflex area? 0
	does guard intersect boundary ray 5.4962 4.12978 5.54162 4.19559?1
	is guard inside polygon? 0
0 other guards have coords 5.5389 4.19165
	 new best guard at 5.5389 4.19165
		new arrangement area = 5.36262
		old arrangement area = 5.36202
		new guard area = 4.12475
		best guard area = 4.12363
---- official new best guard 5.5389 4.19165
Df=4.31552e-06 -4.97528e-05
h=-3.31284e-05 -2.87353e-06
Df=0.00103835 0.00178527
h=-0.00103143 0.000599901
Df=0.0454184 0.0658099
h=-0.00106456 0.000597027
is completely visible? 0
are areas equal? 5.375=5.36262?0
i=5
area=5.36262
+++++2 guards with gradient 0
	======== guard 1.87048 4.69937
	was guard reflex vertex? 0
	computed gradient -0.00013164 0.000185716 and pull 0.00013414 9.5082e-05
	------- removing guard 1.87048 4.69937
g0=1.87048 4.69937
area0=1.66478
alpha0=0.3
scaling gradient with 0.03125 to -4.11376e-06 5.80361e-06
	>>>> prev guard 1.87048 4.69937 cur guard 1.83697 4.73455
	was guard reflex vertex? 0
	was guard in reflex area? 0
	does guard intersect boundary ray 1.87048 4.69937 1.83697 4.73455?0
	is guard inside polygon? 1
0 other guards have coords 1.83697 4.73455
	 new best guard at 1.83697 4.73455
		new arrangement area = 5.36263
		old arrangement area = 5.36262
		new guard area = 1.698
		best guard area = 1.66478
scaling gradient with 0.0625 to -8.22753e-06 1.16072e-05
	>>>> prev guard 1.87048 4.69937 cur guard 1.83697 4.73455
	was guard reflex vertex? 0
	was guard in reflex area? 0
	does guard intersect boundary ray 1.87048 4.69937 1.83697 4.73455?0
	is guard inside polygon? 1
0 other guards have coords 1.83697 4.73455
	 new best guard at 1.83697 4.73455
		new arrangement area = 5.36263
		old arrangement area = 5.36263
		new guard area = 1.698
		best guard area = 1.698
scaling gradient with 0.125 to -1.64551e-05 2.32145e-05
	>>>> prev guard 1.87048 4.69937 cur guard 1.83697 4.73455
	was guard reflex vertex? 0
	was guard in reflex area? 0
	does guard intersect boundary ray 1.87048 4.69937 1.83697 4.73455?0
	is guard inside polygon? 1
0 other guards have coords 1.83697 4.73455
	 new best guard at 1.83697 4.73455
		new arrangement area = 5.36263
		old arrangement area = 5.36263
		new guard area = 1.698
		best guard area = 1.698
scaling gradient with 0.25 to -3.29101e-05 4.64289e-05
	>>>> prev guard 1.87048 4.69937 cur guard 1.83697 4.73456
	was guard reflex vertex? 0
	was guard in reflex area? 0
	does guard intersect boundary ray 1.87048 4.69937 1.83697 4.73456?0
	is guard inside polygon? 1
0 other guards have coords 1.83697 4.73456
	 new best guard at 1.83697 4.73456
		new arrangement area = 5.36263
		old arrangement area = 5.36263
		new guard area = 1.698
		best guard area = 1.698
scaling gradient with 0.5 to -6.58202e-05 9.28578e-05
	>>>> prev guard 1.87048 4.69937 cur guard 1.83697 4.73456
	was guard reflex vertex? 0
	was guard in reflex area? 0
	does guard intersect boundary ray 1.87048 4.69937 1.83697 4.73456?0
	is guard inside polygon? 1
0 other guards have coords 1.83697 4.73456
	 new best guard at 1.83697 4.73456
		new arrangement area = 5.36263
		old arrangement area = 5.36263
		new guard area = 1.698
		best guard area = 1.698
scaling gradient with 1 to -0.00013164 0.000185716
	>>>> prev guard 1.87048 4.69937 cur guard 1.83696 4.73456
	was guard reflex vertex? 0
	was guard in reflex area? 0
	does guard intersect boundary ray 1.87048 4.69937 1.83696 4.73456?0
	is guard inside polygon? 1
0 other guards have coords 1.83696 4.73456
	 new best guard at 1.83696 4.73456
		new arrangement area = 5.36263
		old arrangement area = 5.36263
		new guard area = 1.69801
		best guard area = 1.698
scaling gradient with 2 to -0.000263281 0.000371431
	>>>> prev guard 1.87048 4.69937 cur guard 1.83696 4.73458
	was guard reflex vertex? 0
	was guard in reflex area? 0
	does guard intersect boundary ray 1.87048 4.69937 1.83696 4.73458?0
	is guard inside polygon? 1
0 other guards have coords 1.83696 4.73458
	 new best guard at 1.83696 4.73458
		new arrangement area = 5.36263
		old arrangement area = 5.36263
		new guard area = 1.69802
		best guard area = 1.69801
scaling gradient with 4 to -0.000526562 0.000742862
	>>>> prev guard 1.87048 4.69937 cur guard 1.83694 4.7346
	was guard reflex vertex? 0
	was guard in reflex area? 0
	does guard intersect boundary ray 1.87048 4.69937 1.83694 4.7346?0
	is guard inside polygon? 1
0 other guards have coords 1.83694 4.7346
	 new best guard at 1.83694 4.7346
		new arrangement area = 5.36263
		old arrangement area = 5.36263
		new guard area = 1.69804
		best guard area = 1.69802
scaling gradient with 8 to -0.00105312 0.00148572
	>>>> prev guard 1.87048 4.69937 cur guard 1.83691 4.73464
	was guard reflex vertex? 0
	was guard in reflex area? 0
	does guard intersect boundary ray 1.87048 4.69937 1.83691 4.73464?0
	is guard inside polygon? 1
0 other guards have coords 1.83691 4.73464
	 new best guard at 1.83691 4.73464
		new arrangement area = 5.36263
		old arrangement area = 5.36263
		new guard area = 1.69808
		best guard area = 1.69804
scaling gradient with 16 to -0.00210625 0.00297145
	>>>> prev guard 1.87048 4.69937 cur guard 1.83684 4.73473
	was guard reflex vertex? 0
	was guard in reflex area? 0
	does guard intersect boundary ray 1.87048 4.69937 1.83684 4.73473?0
	is guard inside polygon? 1
0 other guards have coords 1.83684 4.73473
	 new best guard at 1.83684 4.73473
		new arrangement area = 5.36263
		old arrangement area = 5.36263
		new guard area = 1.69815
		best guard area = 1.69808
scaling gradient with 32 to -0.00421249 0.0059429
	>>>> prev guard 1.87048 4.69937 cur guard 1.83672 4.73491
	was guard reflex vertex? 0
	was guard in reflex area? 0
	does guard intersect boundary ray 1.87048 4.69937 1.83672 4.73491?0
	is guard inside polygon? 1
0 other guards have coords 1.83672 4.73491
	 new best guard at 1.83672 4.73491
		new arrangement area = 5.36263
		old arrangement area = 5.36263
		new guard area = 1.6983
		best guard area = 1.69815
---- official new best guard 1.83672 4.73491
Df=-3.94921e-05 5.57147e-05
h=4.02419e-05 2.85246e-05
Df=-0.0337654 0.0355427
h=4.02419e-05 2.85246e-05
is completely visible? 0
are areas equal? 5.375=5.36263?0
+++++1 guards with gradient 0
	======== guard 5.5389 4.19165
	was guard reflex vertex? 0
	computed gradient 0.0012893 0.00225662 and pull -0.00149337 0.000717401
	------- removing guard 5.5389 4.19165
g1=5.5389 4.19165
area1=4.12475
alpha1=0.3
scaling gradient with 0.03125 to 4.02907e-05 7.05193e-05
	>>>> prev guard 5.5389 4.19165 cur guard 5.57515 4.24435
	was guard reflex vertex? 0
	was guard in reflex area? 0
	does guard intersect boundary ray 5.5389 4.19165 5.57515 4.24435?1
	is guard inside polygon? 0
0 other guards have coords 5.52573 4.2114
	 new best guard at 5.52573 4.2114
		new arrangement area = 5.36669
		old arrangement area = 5.36263
		new guard area = 4.13228
		best guard area = 4.12475
scaling gradient with 0.0625 to 8.05815e-05 0.000141039
	>>>> prev guard 5.5389 4.19165 cur guard 5.57515 4.24435
	was guard reflex vertex? 0
	was guard in reflex area? 0
	does guard intersect boundary ray 5.5389 4.19165 5.57515 4.24435?1
	is guard inside polygon? 0
0 other guards have coords 5.52573 4.2114
	 new best guard at 5.52573 4.2114
		new arrangement area = 5.36669
		old arrangement area = 5.36669
		new guard area = 4.13228
		best guard area = 4.13228
scaling gradient with 0.125 to 0.000161163 0.000282077
	>>>> prev guard 5.5389 4.19165 cur guard 5.57515 4.24436
	was guard reflex vertex? 0
	was guard in reflex area? 0
	does guard intersect boundary ray 5.5389 4.19165 5.57515 4.24436?1
	is guard inside polygon? 0
0 other guards have coords 5.52573 4.21141
	 new best guard at 5.52573 4.21141
		new arrangement area = 5.36669
		old arrangement area = 5.36669
		new guard area = 4.13229
		best guard area = 4.13228
scaling gradient with 0.25 to 0.000322326 0.000564154
	>>>> prev guard 5.5389 4.19165 cur guard 5.57516 4.24437
	was guard reflex vertex? 0
	was guard in reflex area? 0
	does guard intersect boundary ray 5.5389 4.19165 5.57516 4.24437?1
	is guard inside polygon? 0
0 other guards have coords 5.52572 4.21141
	 new best guard at 5.52572 4.21141
		new arrangement area = 5.36669
		old arrangement area = 5.36669
		new guard area = 4.13229
		best guard area = 4.13229
scaling gradient with 0.5 to 0.000644652 0.00112831
	>>>> prev guard 5.5389 4.19165 cur guard 5.57518 4.24441
	was guard reflex vertex? 0
	was guard in reflex area? 0
	does guard intersect boundary ray 5.5389 4.19165 5.57518 4.24441?1
	is guard inside polygon? 0
0 other guards have coords 5.52571 4.21143
	 new best guard at 5.52571 4.21143
		new arrangement area = 5.36669
		old arrangement area = 5.36669
		new guard area = 4.13229
		best guard area = 4.13229
scaling gradient with 1 to 0.0012893 0.00225662
	>>>> prev guard 5.5389 4.19165 cur guard 5.57522 4.24448
	was guard reflex vertex? 0
	was guard in reflex area? 0
	does guard intersect boundary ray 5.5389 4.19165 5.57522 4.24448?1
	is guard inside polygon? 0
0 other guards have coords 5.52569 4.21146
	 new best guard at 5.52569 4.21146
		new arrangement area = 5.3667
		old arrangement area = 5.36669
		new guard area = 4.13231
		best guard area = 4.13229
scaling gradient with 2 to 0.00257861 0.00451323
	>>>> prev guard 5.5389 4.19165 cur guard 5.5753 4.24461
	was guard reflex vertex? 0
	was guard in reflex area? 0
	does guard intersect boundary ray 5.5389 4.19165 5.5753 4.24461?1
	is guard inside polygon? 0
0 other guards have coords 5.52566 4.21152
	 new best guard at 5.52566 4.21152
		new arrangement area = 5.36671
		old arrangement area = 5.3667
		new guard area = 4.13233
		best guard area = 4.13231
scaling gradient with 4 to 0.00515721 0.00902647
	>>>> prev guard 5.5389 4.19165 cur guard 5.57545 4.24488
	was guard reflex vertex? 0
	was guard in reflex area? 0
	does guard intersect boundary ray 5.5389 4.19165 5.57545 4.24488?1
	is guard inside polygon? 0
0 other guards have coords 5.52558 4.21163
	 new best guard at 5.52558 4.21163
		new arrangement area = 5.36674
		old arrangement area = 5.36671
		new guard area = 4.13237
		best guard area = 4.13233
scaling gradient with 8 to 0.0103144 0.0180529
	>>>> prev guard 5.5389 4.19165 cur guard 5.57576 4.24542
	was guard reflex vertex? 0
	was guard in reflex area? 0
	does guard intersect boundary ray 5.5389 4.19165 5.57576 4.24542?1
	is guard inside polygon? 0
0 other guards have coords 5.52542 4.21186
	 new best guard at 5.52542 4.21186
		new arrangement area = 5.36678
		old arrangement area = 5.36674
		new guard area = 4.13246
		best guard area = 4.13237
scaling gradient with 16 to 0.0206289 0.0361059
	>>>> prev guard 5.5389 4.19165 cur guard 5.57638 4.24651
	was guard reflex vertex? 0
	was guard in reflex area? 0
	does guard intersect boundary ray 5.5389 4.19165 5.57638 4.24651?1
	is guard inside polygon? 0
0 other guards have coords 5.52511 4.21233
	 new best guard at 5.52511 4.21233
		new arrangement area = 5.36688
		old arrangement area = 5.36678
		new guard area = 4.13264
		best guard area = 4.13246
scaling gradient with 32 to 0.0412577 0.0722117
	>>>> prev guard 5.5389 4.19165 cur guard 5.57762 4.24867
	was guard reflex vertex? 0
	was guard in reflex area? 0
	does guard intersect boundary ray 5.5389 4.19165 5.57762 4.24867?1
	is guard inside polygon? 0
0 other guards have coords 5.5245 4.21326
	 new best guard at 5.5245 4.21326
		new arrangement area = 5.36708
		old arrangement area = 5.36688
		new guard area = 4.133
		best guard area = 4.13264
---- official new best guard 5.5245 4.21326
Df=5.97678e-06 -4.79919e-05
h=-3.09468e-05 -3.85403e-06
Df=0.000380814 0.000724977
h=-0.000417064 0.000219074
Df=0.0387206 0.0570237
h=-0.000448011 0.00021522
is completely visible? 0
are areas equal? 5.375=5.36708?0
i=6
area=5.36708
+++++2 guards with gradient 0
	======== guard 1.83672 4.73491
	was guard reflex vertex? 0
	computed gradient -5.29738e-05 8.05441e-05 and pull 5.78483e-05 3.80468e-05
	------- removing guard 1.83672 4.73491
g0=1.83672 4.73491
area0=1.6983
alpha0=0.3
scaling gradient with 0.03125 to -1.65543e-06 2.517e-06
	>>>> prev guard 1.83672 4.73491 cur guard 1.80971 4.76335
	was guard reflex vertex? 0
	was guard in reflex area? 0
	does guard intersect boundary ray 1.83672 4.73491 1.80971 4.76335?0
	is guard inside polygon? 1
0 other guards have coords 1.80971 4.76335
	 new best guard at 1.80971 4.76335
		new arrangement area = 5.36708
		old arrangement area = 5.36708
		new guard area = 1.72483
		best guard area = 1.6983
scaling gradient with 0.0625 to -3.31086e-06 5.034e-06
	>>>> prev guard 1.83672 4.73491 cur guard 1.80971 4.76335
	was guard reflex vertex? 0
	was guard in reflex area? 0
	does guard intersect boundary ray 1.83672 4.73491 1.80971 4.76335?0
	is guard inside polygon? 1
0 other guards have coords 1.80971 4.76335
	 new best guard at 1.80971 4.76335
		new arrangement area = 5.36708
		old arrangement area = 5.36708
		new guard area = 1.72483
		best guard area = 1.72483
scaling gradient with 0.125 to -6.62173e-06 1.0068e-05
	>>>> prev guard 1.83672 4.73491 cur guard 1.80971 4.76335
	was guard reflex vertex? 0
	was guard in reflex area? 0
	does guard intersect boundary ray 1.83672 4.73491 1.80971 4.76335?0
	is guard inside polygon? 1
0 other guards have coords 1.80971 4.76335
	 new best guard at 1.80971 4.76335
		new arrangement area = 5.36708
		old arrangement area = 5.36708
		new guard area = 1.72483
		best guard area = 1.72483
scaling gradient with 0.25 to -1.32435e-05 2.0136e-05
	>>>> prev guard 1.83672 4.73491 cur guard 1.80971 4.76335
	was guard reflex vertex? 0
	was guard in reflex area? 0
	does guard intersect boundary ray 1.83672 4.73491 1.80971 4.76335?0
	is guard inside polygon? 1
0 other guards have coords 1.80971 4.76335
	 new best guard at 1.80971 4.76335
		new arrangement area = 5.36708
		old arrangement area = 5.36708
		new guard area = 1.72483
		best guard area = 1.72483
scaling gradient with 0.5 to -2.64869e-05 4.0272e-05
	>>>> prev guard 1.83672 4.73491 cur guard 1.80971 4.76335
	was guard reflex vertex? 0
	was guard in reflex area? 0
	does guard intersect boundary ray 1.83672 4.73491 1.80971 4.76335?0
	is guard inside polygon? 1
0 other guards have coords 1.80971 4.76335
	 new best guard at 1.80971 4.76335
		new arrangement area = 5.36708
		old arrangement area = 5.36708
		new guard area = 1.72483
		best guard area = 1.72483
scaling gradient with 1 to -5.29738e-05 8.05441e-05
	>>>> prev guard 1.83672 4.73491 cur guard 1.80971 4.76335
	was guard reflex vertex? 0
	was guard in reflex area? 0
	does guard intersect boundary ray 1.83672 4.73491 1.80971 4.76335?0
	is guard inside polygon? 1
0 other guards have coords 1.80971 4.76335
	 new best guard at 1.80971 4.76335
		new arrangement area = 5.36708
		old arrangement area = 5.36708
		new guard area = 1.72484
		best guard area = 1.72483
scaling gradient with 2 to -0.000105948 0.000161088
	>>>> prev guard 1.83672 4.73491 cur guard 1.8097 4.76336
	was guard reflex vertex? 0
	was guard in reflex area? 0
	does guard intersect boundary ray 1.83672 4.73491 1.8097 4.76336?0
	is guard inside polygon? 1
0 other guards have coords 1.8097 4.76336
	 new best guard at 1.8097 4.76336
		new arrangement area = 5.36708
		old arrangement area = 5.36708
		new guard area = 1.72484
		best guard area = 1.72484
scaling gradient with 4 to -0.000211895 0.000322176
	>>>> prev guard 1.83672 4.73491 cur guard 1.8097 4.76337
	was guard reflex vertex? 0
	was guard in reflex area? 0
	does guard intersect boundary ray 1.83672 4.73491 1.8097 4.76337?0
	is guard inside polygon? 1
0 other guards have coords 1.8097 4.76337
	 new best guard at 1.8097 4.76337
		new arrangement area = 5.36708
		old arrangement area = 5.36708
		new guard area = 1.72485
		best guard area = 1.72484
scaling gradient with 8 to -0.00042379 0.000644353
	>>>> prev guard 1.83672 4.73491 cur guard 1.80968 4.76338
	was guard reflex vertex? 0
	was guard in reflex area? 0
	does guard intersect boundary ray 1.83672 4.73491 1.80968 4.76338?0
	is guard inside polygon? 1
0 other guards have coords 1.80968 4.76338
	 new best guard at 1.80968 4.76338
		new arrangement area = 5.36708
		old arrangement area = 5.36708
		new guard area = 1.72486
		best guard area = 1.72485
scaling gradient with 16 to -0.000847581 0.00128871
	>>>> prev guard 1.83672 4.73491 cur guard 1.80966 4.76342
	was guard reflex vertex? 0
	was guard in reflex area? 0
	does guard intersect boundary ray 1.83672 4.73491 1.80966 4.76342?0
	is guard inside polygon? 1
0 other guards have coords 1.80966 4.76342
	 new best guard at 1.80966 4.76342
		new arrangement area = 5.36708
		old arrangement area = 5.36708
		new guard area = 1.7249
		best guard area = 1.72486
scaling gradient with 32 to -0.00169516 0.00257741
	>>>> prev guard 1.83672 4.73491 cur guard 1.80961 4.7635
	was guard reflex vertex? 0
	was guard in reflex area? 0
	does guard intersect boundary ray 1.83672 4.73491 1.80961 4.7635?0
	is guard inside polygon? 1
0 other guards have coords 1.80961 4.7635
	 new best guard at 1.80961 4.7635
		new arrangement area = 5.36708
		old arrangement area = 5.36708
		new guard area = 1.72496
		best guard area = 1.7249
---- official new best guard 1.80961 4.7635
Df=-1.58921e-05 2.41632e-05
h=1.73545e-05 1.1414e-05
Df=-0.0271106 0.0285911
h=1.73545e-05 1.1414e-05
is completely visible? 0
are areas equal? 5.375=5.36708?0
+++++1 guards with gradient 0
	======== guard 5.5245 4.21326
	was guard reflex vertex? 0
	computed gradient 0.000949699 0.00163582 and pull -0.00115178 0.000525857
	------- removing guard 5.5245 4.21326
g1=5.5245 4.21326
area1=4.133
alpha1=0.3
scaling gradient with 0.03125 to 2.96781e-05 5.11194e-05
	>>>> prev guard 5.5245 4.21326 cur guard 5.5554 4.25891
	was guard reflex vertex? 0
	was guard in reflex area? 0
	does guard intersect boundary ray 5.5245 4.21326 5.5554 4.25891?1
	is guard inside polygon? 0
0 other guards have coords 5.51293 4.2306
	 new best guard at 5.51293 4.2306
		new arrangement area = 5.37076
		old arrangement area = 5.36708
		new guard area = 4.13984
		best guard area = 4.133
scaling gradient with 0.0625 to 5.93562e-05 0.000102239
	>>>> prev guard 5.5245 4.21326 cur guard 5.55541 4.25891
	was guard reflex vertex? 0
	was guard in reflex area? 0
	does guard intersect boundary ray 5.5245 4.21326 5.55541 4.25891?1
	is guard inside polygon? 0
0 other guards have coords 5.51293 4.2306
	 new best guard at 5.51293 4.2306
		new arrangement area = 5.37076
		old arrangement area = 5.37076
		new guard area = 4.13984
		best guard area = 4.13984
scaling gradient with 0.125 to 0.000118712 0.000204477
	>>>> prev guard 5.5245 4.21326 cur guard 5.55541 4.25892
	was guard reflex vertex? 0
	was guard in reflex area? 0
	does guard intersect boundary ray 5.5245 4.21326 5.55541 4.25892?1
	is guard inside polygon? 0
0 other guards have coords 5.51293 4.2306
	 new best guard at 5.51293 4.2306
		new arrangement area = 5.37076
		old arrangement area = 5.37076
		new guard area = 4.13984
		best guard area = 4.13984
scaling gradient with 0.25 to 0.000237425 0.000408955
	>>>> prev guard 5.5245 4.21326 cur guard 5.55542 4.25893
	was guard reflex vertex? 0
	was guard in reflex area? 0
	does guard intersect boundary ray 5.5245 4.21326 5.55542 4.25893?1
	is guard inside polygon? 0
0 other guards have coords 5.51293 4.23061
	 new best guard at 5.51293 4.23061
		new arrangement area = 5.37076
		old arrangement area = 5.37076
		new guard area = 4.13984
		best guard area = 4.13984
scaling gradient with 0.5 to 0.000474849 0.00081791
	>>>> prev guard 5.5245 4.21326 cur guard 5.55543 4.25896
	was guard reflex vertex? 0
	was guard in reflex area? 0
	does guard intersect boundary ray 5.5245 4.21326 5.55543 4.25896?1
	is guard inside polygon? 0
0 other guards have coords 5.51292 4.23062
	 new best guard at 5.51292 4.23062
		new arrangement area = 5.37076
		old arrangement area = 5.37076
		new guard area = 4.13985
		best guard area = 4.13984
scaling gradient with 1 to 0.000949699 0.00163582
	>>>> prev guard 5.5245 4.21326 cur guard 5.55546 4.25901
	was guard reflex vertex? 0
	was guard in reflex area? 0
	does guard intersect boundary ray 5.5245 4.21326 5.55546 4.25901?1
	is guard inside polygon? 0
0 other guards have coords 5.51291 4.23064
	 new best guard at 5.51291 4.23064
		new arrangement area = 5.37077
		old arrangement area = 5.37076
		new guard area = 4.13986
		best guard area = 4.13985
scaling gradient with 2 to 0.0018994 0.00327164
	>>>> prev guard 5.5245 4.21326 cur guard 5.55552 4.2591
	was guard reflex vertex? 0
	was guard in reflex area? 0
	does guard intersect boundary ray 5.5245 4.21326 5.55552 4.2591?1
	is guard inside polygon? 0
0 other guards have coords 5.51288 4.23068
	 new best guard at 5.51288 4.23068
		new arrangement area = 5.37078
		old arrangement area = 5.37077
		new guard area = 4.13987
		best guard area = 4.13986
scaling gradient with 4 to 0.00379879 0.00654328
	>>>> prev guard 5.5245 4.21326 cur guard 5.55563 4.2593
	was guard reflex vertex? 0
	was guard in reflex area? 0
	does guard intersect boundary ray 5.5245 4.21326 5.55563 4.2593?1
	is guard inside polygon? 0
0 other guards have coords 5.51282 4.23076
	 new best guard at 5.51282 4.23076
		new arrangement area = 5.37079
		old arrangement area = 5.37078
		new guard area = 4.13991
		best guard area = 4.13987
scaling gradient with 8 to 0.00759759 0.0130866
	>>>> prev guard 5.5245 4.21326 cur guard 5.55586 4.25969
	was guard reflex vertex? 0
	was guard in reflex area? 0
	does guard intersect boundary ray 5.5245 4.21326 5.55586 4.25969?1
	is guard inside polygon? 0
0 other guards have coords 5.51271 4.23093
	 new best guard at 5.51271 4.23093
		new arrangement area = 5.37083
		old arrangement area = 5.37079
		new guard area = 4.13997
		best guard area = 4.13991
scaling gradient with 16 to 0.0151952 0.0261731
	>>>> prev guard 5.5245 4.21326 cur guard 5.55631 4.26048
	was guard reflex vertex? 0
	was guard in reflex area? 0
	does guard intersect boundary ray 5.5245 4.21326 5.55631 4.26048?1
	is guard inside polygon? 0
0 other guards have coords 5.51249 4.23126
	 new best guard at 5.51249 4.23126
		new arrangement area = 5.3709
		old arrangement area = 5.37083
		new guard area = 4.14011
		best guard area = 4.13997
scaling gradient with 32 to 0.0303904 0.0523462
	>>>> prev guard 5.5245 4.21326 cur guard 5.55723 4.26205
	was guard reflex vertex? 0
	was guard in reflex area? 0
	does guard intersect boundary ray 5.5245 4.21326 5.55723 4.26205?1
	is guard inside polygon? 0
0 other guards have coords 5.51205 4.23193
	 new best guard at 5.51205 4.23193
		new arrangement area = 5.37104
		old arrangement area = 5.3709
		new guard area = 4.14037
		best guard area = 4.14011
---- official new best guard 5.51205 4.23193
Df=6.7499e-06 -4.82526e-05
h=-3.13463e-05 -4.38494e-06
Df=0.00027816 0.000538998
h=-0.000314187 0.000162142
Df=0.0327308 0.0487913
h=-0.000345534 0.000157757
is completely visible? 0
are areas equal? 5.375=5.37104?0
i=8
area=5.37104
g0=1.80961 4.7635
alpha0=0.3
area0=1.72496
g1=5.51205 4.23193
alpha1=0.3
area1=4.14037
