8
2.5 4 1.5 5
3 5.5 2.5 4
4 4 3.5 3.5
4 5 4 4
3 5.5 4 5
4 6.5 1.5 5
6 3.5 3.5 3.5
4 6.5 6 3.5
total area=5.375
i=0
area=5.375
+++++2 guards with gradient 0
	======== guard 2.37 5.45
	was guard reflex vertex? 0
	computed gradient -0 0 and pull 0 0
	======== guard 4.99 4.82
	was guard reflex vertex? 0
	computed gradient 0.000124055 -0.000149774 and pull -0.00011651 -9.65035e-05
	------- removing guard 4.99 4.82
g1=4.99 4.82
area1=4.15995
alpha1=0.3
scaling gradient with 0.03125 to 3.87671e-06 -4.68042e-06
	>>>> prev guard 4.99 4.82 cur guard 4.98999 4.81999
	was guard reflex vertex? 0
	was guard in reflex area? 0
	does guard intersect boundary ray 4.99 4.82 4.98999 4.81999?0
	is guard inside polygon? 1
0 other guards have coords 4.98999 4.81999
	 new best guard at 4.98999 4.81999
		new arrangement area = 5.375
		old arrangement area = 5.375
		new guard area = 4.15995
		best guard area = 4.15995
scaling gradient with 0.0625 to 7.75343e-06 -9.36085e-06
	>>>> prev guard 4.99 4.82 cur guard 4.98999 4.81999
	was guard reflex vertex? 0
	was guard in reflex area? 0
	does guard intersect boundary ray 4.99 4.82 4.98999 4.81999?0
	is guard inside polygon? 1
0 other guards have coords 4.98999 4.81999
	 new best guard at 4.98999 4.81999
		new arrangement area = 5.375
		old arrangement area = 5.375
		new guard area = 4.15995
		best guard area = 4.15995
scaling gradient with 0.125 to 1.55069e-05 -1.87217e-05
	>>>> prev guard 4.99 4.82 cur guard 4.98999 4.81999
	was guard reflex vertex? 0
	was guard in reflex area? 0
	does guard intersect boundary ray 4.99 4.82 4.98999 4.81999?0
	is guard inside polygon? 1
0 other guards have coords 4.98999 4.81999
	 new best guard at 4.98999 4.81999
		new arrangement area = 5.375
		old arrangement area = 5.375
		new guard area = 4.15995
		best guard area = 4.15995
scaling gradient with 0.25 to 3.10137e-05 -3.74434e-05
	>>>> prev guard 4.99 4.82 cur guard 4.98999 4.81999
	was guard reflex vertex? 0
	was guard in reflex area? 0
	does guard intersect boundary ray 4.99 4.82 4.98999 4.81999?0
	is guard inside polygon? 1
0 other guards have coords 4.98999 4.81999
	 new best guard at 4.98999 4.81999
		new arrangement area = 5.375
		old arrangement area = 5.375
		new guard area = 4.15995
		best guard area = 4.15995
scaling gradient with 0.5 to 6.20274e-05 -7.48868e-05
	>>>> prev guard 4.99 4.82 cur guard 4.99 4.81999
	was guard reflex vertex? 0
	was guard in reflex area? 0
	does guard intersect boundary ray 4.99 4.82 4.99 4.81999?0
	is guard inside polygon? 1
0 other guards have coords 4.99 4.81999
	 new best guard at 4.99 4.81999
		new arrangement area = 5.375
		old arrangement area = 5.375
		new guard area = 4.15995
		best guard area = 4.15995
scaling gradient with 1 to 0.000124055 -0.000149774
	>>>> prev guard 4.99 4.82 cur guard 4.99 4.81999
	was guard reflex vertex? 0
	was guard in reflex area? 0
	does guard intersect boundary ray 4.99 4.82 4.99 4.81999?0
	is guard inside polygon? 1
0 other guards have coords 4.99 4.81999
	 new best guard at 4.99 4.81999
		new arrangement area = 5.375
		old arrangement area = 5.375
		new guard area = 4.15995
		best guard area = 4.15995
scaling gradient with 2 to 0.00024811 -0.000299547
	>>>> prev guard 4.99 4.82 cur guard 4.99001 4.81998
	was guard reflex vertex? 0
	was guard in reflex area? 0
	does guard intersect boundary ray 4.99 4.82 4.99001 4.81998?0
	is guard inside polygon? 1
0 other guards have coords 4.99001 4.81998
	 new best guard at 4.99001 4.81998
		new arrangement area = 5.375
		old arrangement area = 5.375
		new guard area = 4.15995
		best guard area = 4.15995
scaling gradient with 4 to 0.00049622 -0.000599094
	>>>> prev guard 4.99 4.82 cur guard 4.99002 4.81996
	was guard reflex vertex? 0
	was guard in reflex area? 0
	does guard intersect boundary ray 4.99 4.82 4.99002 4.81996?0
	is guard inside polygon? 1
0 other guards have coords 4.99002 4.81996
	 new best guard at 4.99002 4.81996
		new arrangement area = 5.375
		old arrangement area = 5.375
		new guard area = 4.15995
		best guard area = 4.15995
scaling gradient with 8 to 0.000992439 -0.00119819
	>>>> prev guard 4.99 4.82 cur guard 4.99005 4.81992
	was guard reflex vertex? 0
	was guard in reflex area? 0
	does guard intersect boundary ray 4.99 4.82 4.99005 4.81992?0
	is guard inside polygon? 1
0 other guards have coords 4.99005 4.81992
	 new best guard at 4.99005 4.81992
		new arrangement area = 5.375
		old arrangement area = 5.375
		new guard area = 4.15995
		best guard area = 4.15995
scaling gradient with 16 to 0.00198488 -0.00239638
	>>>> prev guard 4.99 4.82 cur guard 4.99011 4.81985
	was guard reflex vertex? 0
	was guard in reflex area? 0
	does guard intersect boundary ray 4.99 4.82 4.99011 4.81985?0
	is guard inside polygon? 1
0 other guards have coords 4.99011 4.81985
	 new best guard at 4.99011 4.81985
		new arrangement area = 5.375
		old arrangement area = 5.375
		new guard area = 4.15995
		best guard area = 4.15995
scaling gradient with 32 to 0.00396976 -0.00479275
	>>>> prev guard 4.99 4.82 cur guard 4.99023 4.81971
	was guard reflex vertex? 0
	was guard in reflex area? 0
	does guard intersect boundary ray 4.99 4.82 4.99023 4.81971?0
	is guard inside polygon? 1
0 other guards have coords 4.99023 4.81971
	 new best guard at 4.99023 4.81971
		new arrangement area = 5.375
		old arrangement area = 5.375
		new guard area = 4.15994
		best guard area = 4.15995
---- official new best guard 4.99023 4.81971
Df=3.72165e-05 -4.49321e-05
h=-3.49531e-05 -2.89511e-05
Df=0 0
h=0 0
Df=0 0
h=0 0
Df=0.000231195 -0.000293355
h=-3.49531e-05 -2.89511e-05
is completely visible? 1
are areas equal? 5.375=5.375?1
i=2
area=5.375
g0=2.37 5.45
alpha0=0.3
area0=2.22864
g1=4.99023 4.81971
alpha1=0.3
area1=4.15994
