8
2.5 4 1.5 5
3 5.5 2.5 4
4 4 3.5 3.5
4 5 4 4
3 5.5 4 5
4 6.5 1.5 5
6 3.5 3.5 3.5
4 6.5 6 3.5
total area=5.375
i=0
area=4.625
+++++2 guards with gradient 0
	======== guard 4 3.75
	was guard reflex vertex? 0
	computed gradient -0.001 -0 and pull -0 0.00400001
	------- removing guard 4 3.75
g0=4 3.75
area0=3.125
alpha0=0.3
scaling gradient with 0.03125 to -3.12501e-05 0
	>>>> prev guard 4 3.75 cur guard 4 3.75024
	was guard reflex vertex? 0
	was guard in reflex area? 0
	does guard intersect boundary ray 4 3.75 4 3.75024?0
	is guard inside polygon? 1
0 other guards have coords 4 3.75024
	 new best guard at 4 3.75024
		new arrangement area = 1.5
		old arrangement area = 4.625
		new guard area = 3.12498
		best guard area = 3.125
scaling gradient with 0.0625 to -6.25002e-05 0
	>>>> prev guard 4 3.75 cur guard 4 3.75024
	was guard reflex vertex? 0
	was guard in reflex area? 0
	does guard intersect boundary ray 4 3.75 4 3.75024?0
	is guard inside polygon? 1
0 other guards have coords 4 3.75024
	 new best guard at 4 3.75024
		new arrangement area = 1.5
		old arrangement area = 1.5
		new guard area = 3.12495
		best guard area = 3.12498
scaling gradient with 0.125 to -0.000125 0
	>>>> prev guard 4 3.75 cur guard 3.99999 3.75024
	was guard reflex vertex? 0
	was guard in reflex area? 0
	does guard intersect boundary ray 4 3.75 3.99999 3.75024?0
	is guard inside polygon? 1
0 other guards have coords 3.99999 3.75024
	 new best guard at 3.99999 3.75024
		new arrangement area = 1.5
		old arrangement area = 1.5
		new guard area = 3.12491
		best guard area = 3.12495
scaling gradient with 0.25 to -0.000250001 0
	>>>> prev guard 4 3.75 cur guard 3.99998 3.75024
	was guard reflex vertex? 0
	was guard in reflex area? 0
	does guard intersect boundary ray 4 3.75 3.99998 3.75024?0
	is guard inside polygon? 1
0 other guards have coords 3.99998 3.75024
	 new best guard at 3.99998 3.75024
		new arrangement area = 1.5
		old arrangement area = 1.5
		new guard area = 3.12481
		best guard area = 3.12491
scaling gradient with 0.5 to -0.000500002 0
	>>>> prev guard 4 3.75 cur guard 3.99997 3.75024
	was guard reflex vertex? 0
	was guard in reflex area? 0
	does guard intersect boundary ray 4 3.75 3.99997 3.75024?0
	is guard inside polygon? 1
0 other guards have coords 3.99997 3.75024
	 new best guard at 3.99997 3.75024
		new arrangement area = 1.5
		old arrangement area = 1.5
		new guard area = 3.12462
		best guard area = 3.12481
scaling gradient with 1 to -0.001 0
	>>>> prev guard 4 3.75 cur guard 3.99994 3.75024
	was guard reflex vertex? 0
	was guard in reflex area? 0
	does guard intersect boundary ray 4 3.75 3.99994 3.75024?0
	is guard inside polygon? 1
0 other guards have coords 3.99994 3.75024
	 new best guard at 3.99994 3.75024
		new arrangement area = 1.5
		old arrangement area = 1.5
		new guard area = 3.12425
		best guard area = 3.12462
scaling gradient with 2 to -0.00200001 0
	>>>> prev guard 4 3.75 cur guard 3.99988 3.75024
	was guard reflex vertex? 0
	was guard in reflex area? 0
	does guard intersect boundary ray 4 3.75 3.99988 3.75024?0
	is guard inside polygon? 1
0 other guards have coords 3.99988 3.75024
	 new best guard at 3.99988 3.75024
		new arrangement area = 1.5
		old arrangement area = 1.5
		new guard area = 3.1235
		best guard area = 3.12425
scaling gradient with 4 to -0.00400001 0
	>>>> prev guard 4 3.75 cur guard 3.99976 3.75024
	was guard reflex vertex? 0
	was guard in reflex area? 0
	does guard intersect boundary ray 4 3.75 3.99976 3.75024?0
	is guard inside polygon? 1
0 other guards have coords 3.99976 3.75024
	 new best guard at 3.99976 3.75024
		new arrangement area = 1.5
		old arrangement area = 1.5
		new guard area = 3.122
		best guard area = 3.1235
scaling gradient with 8 to -0.00800003 0
	>>>> prev guard 4 3.75 cur guard 3.99952 3.75024
	was guard reflex vertex? 0
	was guard in reflex area? 0
	does guard intersect boundary ray 4 3.75 3.99952 3.75024?0
	is guard inside polygon? 1
0 other guards have coords 3.99952 3.75024
	 new best guard at 3.99952 3.75024
		new arrangement area = 1.5
		old arrangement area = 1.5
		new guard area = 3.11901
		best guard area = 3.122
scaling gradient with 16 to -0.0160001 0
	>>>> prev guard 4 3.75 cur guard 3.99904 3.75024
	was guard reflex vertex? 0
	was guard in reflex area? 0
	does guard intersect boundary ray 4 3.75 3.99904 3.75024?0
	is guard inside polygon? 1
0 other guards have coords 3.99904 3.75024
	 new best guard at 3.99904 3.75024
		new arrangement area = 1.5
		old arrangement area = 1.5
		new guard area = 3.11306
		best guard area = 3.11901
scaling gradient with 32 to -0.0320001 0
	>>>> prev guard 4 3.75 cur guard 3.99808 3.75024
	was guard reflex vertex? 0
	was guard in reflex area? 0
	does guard intersect boundary ray 4 3.75 3.99808 3.75024?0
	is guard inside polygon? 1
0 other guards have coords 3.99808 3.75024
	 new best guard at 3.99808 3.75024
		new arrangement area = 1.5
		old arrangement area = 1.5
		new guard area = 3.10125
		best guard area = 3.11306
---- official new best guard 3.99808 3.75024
Df=-0.000300001 0
h=0 0.0012
Df=0 0
h=0 0
Df=-0.00192001 0.000240001
h=0 0.0012
is completely visible? 0
are areas equal? 5.375=1.5?0
+++++1 guards with gradient 0
	======== guard 2.5 5
	was guard reflex vertex? 0
	computed gradient -0.199792 0.199792 and pull 0.282548 0.282548
	------- removing guard 2.5 5
g1=2.5 5
area1=1.5
alpha1=0.3
scaling gradient with 0.03125 to -0.00624349 0.00624349
	>>>> prev guard 2.5 5 cur guard 2.51658 5.01733
	was guard reflex vertex? 0
	was guard in reflex area? 0
	does guard intersect boundary ray 2.5 5 2.51658 5.01733?0
	is guard inside polygon? 1
0 other guards have coords 2.51658 5.01733
	 new best guard at 2.51658 5.01733
		new arrangement area = 1.50078
		old arrangement area = 1.5
		new guard area = 1.50078
		best guard area = 1.5
scaling gradient with 0.0625 to -0.012487 0.012487
	>>>> prev guard 2.5 5 cur guard 2.5162 5.0177
	was guard reflex vertex? 0
	was guard in reflex area? 0
	does guard intersect boundary ray 2.5 5 2.5162 5.0177?0
	is guard inside polygon? 1
0 other guards have coords 2.5162 5.0177
	 new best guard at 2.5162 5.0177
		new arrangement area = 1.50155
		old arrangement area = 1.50078
		new guard area = 1.50155
		best guard area = 1.50078
scaling gradient with 0.125 to -0.024974 0.024974
	>>>> prev guard 2.5 5 cur guard 2.51545 5.01845
	was guard reflex vertex? 0
	was guard in reflex area? 0
	does guard intersect boundary ray 2.5 5 2.51545 5.01845?0
	is guard inside polygon? 1
0 other guards have coords 2.51545 5.01845
	 new best guard at 2.51545 5.01845
		new arrangement area = 1.5031
		old arrangement area = 1.50155
		new guard area = 1.5031
		best guard area = 1.50155
scaling gradient with 0.25 to -0.049948 0.049948
	>>>> prev guard 2.5 5 cur guard 2.51396 5.01995
	was guard reflex vertex? 0
	was guard in reflex area? 0
	does guard intersect boundary ray 2.5 5 2.51396 5.01995?0
	is guard inside polygon? 1
0 other guards have coords 2.51396 5.01995
	 new best guard at 2.51396 5.01995
		new arrangement area = 1.5062
		old arrangement area = 1.5031
		new guard area = 1.5062
		best guard area = 1.5031
scaling gradient with 0.5 to -0.0998959 0.0998959
	>>>> prev guard 2.5 5 cur guard 2.51096 5.02295
	was guard reflex vertex? 0
	was guard in reflex area? 0
	does guard intersect boundary ray 2.5 5 2.51096 5.02295?0
	is guard inside polygon? 1
0 other guards have coords 2.51096 5.02295
	 new best guard at 2.51096 5.02295
		new arrangement area = 1.51238
		old arrangement area = 1.5062
		new guard area = 1.51238
		best guard area = 1.5062
scaling gradient with 1 to -0.199792 0.199792
	>>>> prev guard 2.5 5 cur guard 2.50497 5.02894
	was guard reflex vertex? 0
	was guard in reflex area? 0
	does guard intersect boundary ray 2.5 5 2.50497 5.02894?0
	is guard inside polygon? 1
0 other guards have coords 2.50497 5.02894
	 new best guard at 2.50497 5.02894
		new arrangement area = 4.62594
		old arrangement area = 1.51238
		new guard area = 1.52469
		best guard area = 1.51238
scaling gradient with 2 to -0.399584 0.399584
	>>>> prev guard 2.5 5 cur guard 2.49298 5.04093
	was guard reflex vertex? 0
	was guard in reflex area? 0
	does guard intersect boundary ray 2.5 5 2.49298 5.04093?0
	is guard inside polygon? 1
0 other guards have coords 2.49298 5.04093
	 new best guard at 2.49298 5.04093
		new arrangement area = 4.64989
		old arrangement area = 4.62594
		new guard area = 1.54915
		best guard area = 1.52469
scaling gradient with 4 to -0.799167 0.799167
	>>>> prev guard 2.5 5 cur guard 2.469 5.0649
	was guard reflex vertex? 0
	was guard in reflex area? 0
	does guard intersect boundary ray 2.5 5 2.469 5.0649?0
	is guard inside polygon? 1
0 other guards have coords 2.469 5.0649
	 new best guard at 2.469 5.0649
		new arrangement area = 4.69449
		old arrangement area = 4.64989
		new guard area = 1.59733
		best guard area = 1.54915
scaling gradient with 8 to -1.59833 1.59833
	>>>> prev guard 2.5 5 cur guard 2.42105 5.11285
	was guard reflex vertex? 0
	was guard in reflex area? 0
	does guard intersect boundary ray 2.5 5 2.42105 5.11285?0
	is guard inside polygon? 1
0 other guards have coords 2.42105 5.11285
	 new best guard at 2.42105 5.11285
		new arrangement area = 4.77247
		old arrangement area = 4.69449
		new guard area = 1.69095
		best guard area = 1.59733
scaling gradient with 16 to -3.19667 3.19667
	>>>> prev guard 2.5 5 cur guard 2.32515 5.20875
	was guard reflex vertex? 0
	was guard in reflex area? 0
	does guard intersect boundary ray 2.5 5 2.32515 5.20875?0
	is guard inside polygon? 1
0 other guards have coords 2.32515 5.20875
	 new best guard at 2.32515 5.20875
		new arrangement area = 4.89482
		old arrangement area = 4.77247
		new guard area = 1.86785
		best guard area = 1.69095
scaling gradient with 32 to -6.39334 6.39334
	>>>> prev guard 2.5 5 cur guard 2.13335 5.40055
	was guard reflex vertex? 0
	was guard in reflex area? 0
	does guard intersect boundary ray 2.5 5 2.13335 5.40055?1
	is guard inside polygon? 0
0 other guards have coords 2.14549 5.38729
	 new best guard at 2.14549 5.38729
		new arrangement area = 5.04881
		old arrangement area = 4.89482
		new guard area = 2.16495
		best guard area = 1.86785
---- official new best guard 2.14549 5.38729
Df=-0.0599375 0.0599375
h=0.0847645 0.0847645
Df=-0.366647 0.400553
h=0.0847645 0.0847645
is completely visible? 0
are areas equal? 5.375=5.04881?0
i=1
area=5.04881
+++++2 guards with gradient 0
	======== guard 3.99808 3.75024
	was guard reflex vertex? 0
	computed gradient 5.34211 -0.041067 and pull 0.164421 21.3884
	------- removing guard 3.99808 3.75024
g0=3.99808 3.75024
area0=3.10125
alpha0=0.3
scaling gradient with 0.03125 to 0.166941 -0.00128334
	>>>> prev guard 3.99808 3.75024 cur guard 4.01643 5.03366
	was guard reflex vertex? 0
	was guard in reflex area? 0
	does guard intersect boundary ray 3.99808 3.75024 4.01643 5.03366?0
	is guard inside polygon? 1
0 other guards have coords 4.01643 5.03366
	 new best guard at 4.01643 5.03366
		new arrangement area = 5.25199
		old arrangement area = 5.04881
		new guard area = 4.02754
		best guard area = 3.10125
scaling gradient with 0.0625 to 0.333882 -0.00256669
	>>>> prev guard 3.99808 3.75024 cur guard 4.02644 5.03358
	was guard reflex vertex? 0
	was guard in reflex area? 0
	does guard intersect boundary ray 3.99808 3.75024 4.02644 5.03358?0
	is guard inside polygon? 1
0 other guards have coords 4.02644 5.03358
	 new best guard at 4.02644 5.03358
		new arrangement area = 5.2532
		old arrangement area = 5.25199
		new guard area = 4.02907
		best guard area = 4.02754
scaling gradient with 0.125 to 0.667764 -0.00513337
	>>>> prev guard 3.99808 3.75024 cur guard 4.04648 5.03343
	was guard reflex vertex? 0
	was guard in reflex area? 0
	does guard intersect boundary ray 3.99808 3.75024 4.04648 5.03343?0
	is guard inside polygon? 1
0 other guards have coords 4.04648 5.03343
	 new best guard at 4.04648 5.03343
		new arrangement area = 5.25562
		old arrangement area = 5.2532
		new guard area = 4.03211
		best guard area = 4.02907
scaling gradient with 0.25 to 1.33553 -0.0102667
	>>>> prev guard 3.99808 3.75024 cur guard 4.08654 5.03312
	was guard reflex vertex? 0
	was guard in reflex area? 0
	does guard intersect boundary ray 3.99808 3.75024 4.08654 5.03312?0
	is guard inside polygon? 1
0 other guards have coords 4.08654 5.03312
	 new best guard at 4.08654 5.03312
		new arrangement area = 5.26047
		old arrangement area = 5.25562
		new guard area = 4.03816
		best guard area = 4.03211
scaling gradient with 0.5 to 2.67106 -0.0205335
	>>>> prev guard 3.99808 3.75024 cur guard 4.16667 5.0325
	was guard reflex vertex? 0
	was guard in reflex area? 0
	does guard intersect boundary ray 3.99808 3.75024 4.16667 5.0325?0
	is guard inside polygon? 1
0 other guards have coords 4.16667 5.0325
	 new best guard at 4.16667 5.0325
		new arrangement area = 5.27018
		old arrangement area = 5.26047
		new guard area = 4.05012
		best guard area = 4.03816
scaling gradient with 1 to 5.34211 -0.041067
	>>>> prev guard 3.99808 3.75024 cur guard 4.32694 5.03127
	was guard reflex vertex? 0
	was guard in reflex area? 0
	does guard intersect boundary ray 3.99808 3.75024 4.32694 5.03127?0
	is guard inside polygon? 1
0 other guards have coords 4.32694 5.03127
	 new best guard at 4.32694 5.03127
		new arrangement area = 5.28963
		old arrangement area = 5.27018
		new guard area = 4.07355
		best guard area = 4.05012
scaling gradient with 2 to 10.6842 -0.082134
	>>>> prev guard 3.99808 3.75024 cur guard 4.64746 5.02881
	was guard reflex vertex? 0
	was guard in reflex area? 0
	does guard intersect boundary ray 3.99808 3.75024 4.64746 5.02881?0
	is guard inside polygon? 1
0 other guards have coords 4.64746 5.02881
	 new best guard at 4.64746 5.02881
		new arrangement area = 5.32867
		old arrangement area = 5.28963
		new guard area = 4.11896
		best guard area = 4.07355
scaling gradient with 4 to 21.3685 -0.164268
	>>>> prev guard 3.99808 3.75024 cur guard 5.28852 5.02388
	was guard reflex vertex? 0
	was guard in reflex area? 0
	does guard intersect boundary ray 3.99808 3.75024 5.28852 5.02388?1
	is guard inside polygon? 0
0 other guards have coords 5.1049 4.84265
	 new best guard at 5.1049 4.84265
		new arrangement area = 5.375
		old arrangement area = 5.32867
		new guard area = 4.16269
		best guard area = 4.11896
scaling gradient with 8 to 42.7369 -0.328536
	>>>> prev guard 3.99808 3.75024 cur guard 6.57062 5.01402
	was guard reflex vertex? 0
	was guard in reflex area? 0
	does guard intersect boundary ray 3.99808 3.75024 6.57062 5.01402?1
	is guard inside polygon? 0
0 other guards have coords 5.38044 4.42934
	 new best guard at 5.38044 4.42934
		new arrangement area = 5.375
		old arrangement area = 5.375
		new guard area = 4.15121
		best guard area = 4.16269
scaling gradient with 16 to 85.4738 -0.657072
	>>>> prev guard 3.99808 3.75024 cur guard 9.13484 4.99431
	was guard reflex vertex? 0
	was guard in reflex area? 0
	does guard intersect boundary ray 3.99808 3.75024 9.13484 4.99431?1
	is guard inside polygon? 0
0 other guards have coords 5.57807 4.1329
scaling gradient with 32 to 170.948 -1.31414
	>>>> prev guard 3.99808 3.75024 cur guard 14.2633 4.95488
	was guard reflex vertex? 0
	was guard in reflex area? 0
	does guard intersect boundary ray 3.99808 3.75024 14.2633 4.95488?1
	is guard inside polygon? 0
0 other guards have coords 5.70002 3.94997
---- official new best guard 5.38044 4.42934
Df=1.60263 -0.0123201
h=0.0493263 6.41651
Df=2.57254 1.26378
h=0.0493263 6.41651
is completely visible? 1
are areas equal? 5.375=5.375?1
i=3
area=5.375
g0=5.38044 4.42934
alpha0=0.3
area0=4.15121
g1=2.14549 5.38729
alpha1=0.3
area1=2.16495
