8
2.5 4 1.5 5
3 5.5 2.5 4
4 4 3.5 3.5
4 5 4 4
3 5.5 4 5
4 6.5 1.5 5
6 3.5 3.5 3.5
4 6.5 6 3.5
total area=5.375
i=0
area=5.09778
+++++2 guards with gradient 0
	======== guard 5.09 3.6
	was guard reflex vertex? 0
	computed gradient 0.294294 0.228984 and pull -0.129345 0.165971
	------- removing guard 5.09 3.6
g0=5.09 3.6
area0=3.72201
alpha0=0.3
scaling gradient with 0.03125 to 0.00919668 0.00715576
	>>>> prev guard 5.09 3.6 cur guard 5.08279 3.61039
	was guard reflex vertex? 0
	was guard in reflex area? 0
	does guard intersect boundary ray 5.09 3.6 5.08279 3.61039?0
	is guard inside polygon? 1
0 other guards have coords 5.08279 3.61039
	 new best guard at 5.08279 3.61039
		new arrangement area = 5.09804
		old arrangement area = 5.09778
		new guard area = 3.72234
		best guard area = 3.72201
scaling gradient with 0.0625 to 0.0183934 0.0143115
	>>>> prev guard 5.09 3.6 cur guard 5.08334 3.61082
	was guard reflex vertex? 0
	was guard in reflex area? 0
	does guard intersect boundary ray 5.09 3.6 5.08334 3.61082?0
	is guard inside polygon? 1
0 other guards have coords 5.08334 3.61082
	 new best guard at 5.08334 3.61082
		new arrangement area = 5.0983
		old arrangement area = 5.09804
		new guard area = 3.72267
		best guard area = 3.72234
scaling gradient with 0.125 to 0.0367867 0.028623
	>>>> prev guard 5.09 3.6 cur guard 5.08445 3.61168
	was guard reflex vertex? 0
	was guard in reflex area? 0
	does guard intersect boundary ray 5.09 3.6 5.08445 3.61168?0
	is guard inside polygon? 1
0 other guards have coords 5.08445 3.61168
	 new best guard at 5.08445 3.61168
		new arrangement area = 5.09882
		old arrangement area = 5.0983
		new guard area = 3.72334
		best guard area = 3.72267
scaling gradient with 0.25 to 0.0735734 0.0572461
	>>>> prev guard 5.09 3.6 cur guard 5.08665 3.61339
	was guard reflex vertex? 0
	was guard in reflex area? 0
	does guard intersect boundary ray 5.09 3.6 5.08665 3.61339?0
	is guard inside polygon? 1
0 other guards have coords 5.08665 3.61339
	 new best guard at 5.08665 3.61339
		new arrangement area = 5.09987
		old arrangement area = 5.09882
		new guard area = 3.72467
		best guard area = 3.72334
scaling gradient with 0.5 to 0.147147 0.114492
	>>>> prev guard 5.09 3.6 cur guard 5.09107 3.61683
	was guard reflex vertex? 0
	was guard in reflex area? 0
	does guard intersect boundary ray 5.09 3.6 5.09107 3.61683?0
	is guard inside polygon? 1
0 other guards have coords 5.09107 3.61683
	 new best guard at 5.09107 3.61683
		new arrangement area = 5.10197
		old arrangement area = 5.09987
		new guard area = 3.72734
		best guard area = 3.72467
scaling gradient with 1 to 0.294294 0.228984
	>>>> prev guard 5.09 3.6 cur guard 5.0999 3.6237
	was guard reflex vertex? 0
	was guard in reflex area? 0
	does guard intersect boundary ray 5.09 3.6 5.0999 3.6237?0
	is guard inside polygon? 1
0 other guards have coords 5.0999 3.6237
	 new best guard at 5.0999 3.6237
		new arrangement area = 5.10615
		old arrangement area = 5.10197
		new guard area = 3.73268
		best guard area = 3.72734
scaling gradient with 2 to 0.588587 0.457969
	>>>> prev guard 5.09 3.6 cur guard 5.11755 3.63744
	was guard reflex vertex? 0
	was guard in reflex area? 0
	does guard intersect boundary ray 5.09 3.6 5.11755 3.63744?0
	is guard inside polygon? 1
0 other guards have coords 5.11755 3.63744
	 new best guard at 5.11755 3.63744
		new arrangement area = 5.11446
		old arrangement area = 5.10615
		new guard area = 3.74339
		best guard area = 3.73268
scaling gradient with 4 to 1.17717 0.915937
	>>>> prev guard 5.09 3.6 cur guard 5.15287 3.66491
	was guard reflex vertex? 0
	was guard in reflex area? 0
	does guard intersect boundary ray 5.09 3.6 5.15287 3.66491?0
	is guard inside polygon? 1
0 other guards have coords 5.15287 3.66491
	 new best guard at 5.15287 3.66491
		new arrangement area = 5.1309
		old arrangement area = 5.11446
		new guard area = 3.76491
		best guard area = 3.74339
scaling gradient with 8 to 2.35435 1.83187
	>>>> prev guard 5.09 3.6 cur guard 5.2235 3.71987
	was guard reflex vertex? 0
	was guard in reflex area? 0
	does guard intersect boundary ray 5.09 3.6 5.2235 3.71987?0
	is guard inside polygon? 1
0 other guards have coords 5.2235 3.71987
	 new best guard at 5.2235 3.71987
		new arrangement area = 5.16307
		old arrangement area = 5.1309
		new guard area = 3.80836
		best guard area = 3.76491
scaling gradient with 16 to 4.7087 3.66375
	>>>> prev guard 5.09 3.6 cur guard 5.36476 3.82978
	was guard reflex vertex? 0
	was guard in reflex area? 0
	does guard intersect boundary ray 5.09 3.6 5.36476 3.82978?0
	is guard inside polygon? 1
0 other guards have coords 5.36476 3.82978
	 new best guard at 5.36476 3.82978
		new arrangement area = 5.22468
		old arrangement area = 5.16307
		new guard area = 3.8969
		best guard area = 3.80836
scaling gradient with 32 to 9.4174 7.3275
	>>>> prev guard 5.09 3.6 cur guard 5.64728 4.04961
	was guard reflex vertex? 0
	was guard in reflex area? 0
	does guard intersect boundary ray 5.09 3.6 5.64728 4.04961?1
	is guard inside polygon? 0
0 other guards have coords 5.63838 4.04243
	 new best guard at 5.63838 4.04243
		new arrangement area = 5.33457
		old arrangement area = 5.22468
		new guard area = 4.0748
		best guard area = 3.8969
---- official new best guard 5.63838 4.04243
Df=-2.22536e-05 -6.06411e-05
h=-5.22283e-05 1.91664e-05
Df=0.0883104 0.0687559
h=-0.0387513 0.0497723
Df=0.557283 0.449608
h=-0.0388035 0.0497914
is completely visible? 0
are areas equal? 5.375=5.33457?0
+++++1 guards with gradient 0
	======== guard 2.31 4.54
	was guard reflex vertex? 0
	computed gradient -0.0581203 0.0417739 and pull 0.0353345 0.049161
	------- removing guard 2.31 4.54
g1=2.31 4.54
area1=1.4011
alpha1=0.3
scaling gradient with 0.03125 to -0.00181626 0.00130544
	>>>> prev guard 2.31 4.54 cur guard 2.31201 4.54303
	was guard reflex vertex? 0
	was guard in reflex area? 0
	does guard intersect boundary ray 2.31 4.54 2.31201 4.54303?0
	is guard inside polygon? 1
0 other guards have coords 2.31201 4.54303
	 new best guard at 2.31201 4.54303
		new arrangement area = 5.33457
		old arrangement area = 5.33457
		new guard area = 1.40114
		best guard area = 1.4011
scaling gradient with 0.0625 to -0.00363252 0.00261087
	>>>> prev guard 2.31 4.54 cur guard 2.3119 4.54311
	was guard reflex vertex? 0
	was guard in reflex area? 0
	does guard intersect boundary ray 2.31 4.54 2.3119 4.54311?0
	is guard inside polygon? 1
0 other guards have coords 2.3119 4.54311
	 new best guard at 2.3119 4.54311
		new arrangement area = 5.33457
		old arrangement area = 5.33457
		new guard area = 1.40118
		best guard area = 1.40114
scaling gradient with 0.125 to -0.00726503 0.00522174
	>>>> prev guard 2.31 4.54 cur guard 2.31168 4.54326
	was guard reflex vertex? 0
	was guard in reflex area? 0
	does guard intersect boundary ray 2.31 4.54 2.31168 4.54326?0
	is guard inside polygon? 1
0 other guards have coords 2.31168 4.54326
	 new best guard at 2.31168 4.54326
		new arrangement area = 5.33458
		old arrangement area = 5.33457
		new guard area = 1.40127
		best guard area = 1.40118
scaling gradient with 0.25 to -0.0145301 0.0104435
	>>>> prev guard 2.31 4.54 cur guard 2.31125 4.54358
	was guard reflex vertex? 0
	was guard in reflex area? 0
	does guard intersect boundary ray 2.31 4.54 2.31125 4.54358?0
	is guard inside polygon? 1
0 other guards have coords 2.31125 4.54358
	 new best guard at 2.31125 4.54358
		new arrangement area = 5.33458
		old arrangement area = 5.33458
		new guard area = 1.40144
		best guard area = 1.40127
scaling gradient with 0.5 to -0.0290601 0.020887
	>>>> prev guard 2.31 4.54 cur guard 2.31038 4.5442
	was guard reflex vertex? 0
	was guard in reflex area? 0
	does guard intersect boundary ray 2.31 4.54 2.31038 4.5442?0
	is guard inside polygon? 1
0 other guards have coords 2.31038 4.5442
	 new best guard at 2.31038 4.5442
		new arrangement area = 5.33458
		old arrangement area = 5.33458
		new guard area = 1.40179
		best guard area = 1.40144
scaling gradient with 1 to -0.0581203 0.0417739
	>>>> prev guard 2.31 4.54 cur guard 2.30863 4.54546
	was guard reflex vertex? 0
	was guard in reflex area? 0
	does guard intersect boundary ray 2.31 4.54 2.30863 4.54546?0
	is guard inside polygon? 1
0 other guards have coords 2.30863 4.54546
	 new best guard at 2.30863 4.54546
		new arrangement area = 5.33458
		old arrangement area = 5.33458
		new guard area = 1.40248
		best guard area = 1.40179
scaling gradient with 2 to -0.116241 0.0835479
	>>>> prev guard 2.31 4.54 cur guard 2.30515 4.54796
	was guard reflex vertex? 0
	was guard in reflex area? 0
	does guard intersect boundary ray 2.31 4.54 2.30515 4.54796?0
	is guard inside polygon? 1
0 other guards have coords 2.30515 4.54796
	 new best guard at 2.30515 4.54796
		new arrangement area = 5.33459
		old arrangement area = 5.33458
		new guard area = 1.40388
		best guard area = 1.40248
scaling gradient with 4 to -0.232481 0.167096
	>>>> prev guard 2.31 4.54 cur guard 2.29817 4.55298
	was guard reflex vertex? 0
	was guard in reflex area? 0
	does guard intersect boundary ray 2.31 4.54 2.29817 4.55298?0
	is guard inside polygon? 1
0 other guards have coords 2.29817 4.55298
	 new best guard at 2.29817 4.55298
		new arrangement area = 5.33461
		old arrangement area = 5.33459
		new guard area = 1.40676
		best guard area = 1.40388
scaling gradient with 8 to -0.464962 0.334192
	>>>> prev guard 2.31 4.54 cur guard 2.28422 4.563
	was guard reflex vertex? 0
	was guard in reflex area? 0
	does guard intersect boundary ray 2.31 4.54 2.28422 4.563?0
	is guard inside polygon? 1
0 other guards have coords 2.28422 4.563
	 new best guard at 2.28422 4.563
		new arrangement area = 5.33465
		old arrangement area = 5.33461
		new guard area = 1.41282
		best guard area = 1.40676
scaling gradient with 16 to -0.929924 0.668383
	>>>> prev guard 2.31 4.54 cur guard 2.25632 4.58305
	was guard reflex vertex? 0
	was guard in reflex area? 0
	does guard intersect boundary ray 2.31 4.54 2.25632 4.58305?0
	is guard inside polygon? 1
0 other guards have coords 2.25632 4.58305
	 new best guard at 2.25632 4.58305
		new arrangement area = 5.33473
		old arrangement area = 5.33465
		new guard area = 1.42638
		best guard area = 1.41282
scaling gradient with 32 to -1.85985 1.33677
	>>>> prev guard 2.31 4.54 cur guard 2.20053 4.62316
	was guard reflex vertex? 0
	was guard in reflex area? 0
	does guard intersect boundary ray 2.31 4.54 2.20053 4.62316?0
	is guard inside polygon? 1
0 other guards have coords 2.20053 4.62316
	 new best guard at 2.20053 4.62316
		new arrangement area = 5.33489
		old arrangement area = 5.33473
		new guard area = 1.46104
		best guard area = 1.42638
---- official new best guard 2.20053 4.62316
Df=-0.0174361 0.0125322
h=0.0106003 0.0147483
Df=-0.109471 0.0831556
h=0.0106003 0.0147483
is completely visible? 0
are areas equal? 5.375=5.33489?0
i=1
area=5.33489
+++++2 guards with gradient 0
	======== guard 5.63838 4.04243
	was guard reflex vertex? 0
	computed gradient 0.160898 0.275134 and pull -0.145156 0.0847818
	------- removing guard 5.63838 4.04243
g0=5.63838 4.04243
area0=4.0748
alpha0=0.3
scaling gradient with 0.03125 to 0.00502807 0.00859792
	>>>> prev guard 5.63838 4.04243 cur guard 6.0758 4.40772
	was guard reflex vertex? 0
	was guard in reflex area? 0
	does guard intersect boundary ray 5.63838 4.04243 6.0758 4.40772?1
	is guard inside polygon? 0
0 other guards have coords 5.60438 4.09343
	 new best guard at 5.60438 4.09343
		new arrangement area = 5.34374
		old arrangement area = 5.33489
		new guard area = 4.09062
		best guard area = 4.0748
scaling gradient with 0.0625 to 0.0100561 0.0171958
	>>>> prev guard 5.63838 4.04243 cur guard 6.0761 4.40823
	was guard reflex vertex? 0
	was guard in reflex area? 0
	does guard intersect boundary ray 5.63838 4.04243 6.0761 4.40823?1
	is guard inside polygon? 0
0 other guards have coords 5.60423 4.09365
	 new best guard at 5.60423 4.09365
		new arrangement area = 5.34378
		old arrangement area = 5.34374
		new guard area = 4.09069
		best guard area = 4.09062
scaling gradient with 0.125 to 0.0201123 0.0343917
	>>>> prev guard 5.63838 4.04243 cur guard 6.07671 4.40926
	was guard reflex vertex? 0
	was guard in reflex area? 0
	does guard intersect boundary ray 5.63838 4.04243 6.07671 4.40926?1
	is guard inside polygon? 0
0 other guards have coords 5.60394 4.09409
	 new best guard at 5.60394 4.09409
		new arrangement area = 5.34386
		old arrangement area = 5.34378
		new guard area = 4.09083
		best guard area = 4.09069
scaling gradient with 0.25 to 0.0402246 0.0687834
	>>>> prev guard 5.63838 4.04243 cur guard 6.07791 4.41133
	was guard reflex vertex? 0
	was guard in reflex area? 0
	does guard intersect boundary ray 5.63838 4.04243 6.07791 4.41133?1
	is guard inside polygon? 0
0 other guards have coords 5.60336 4.09496
	 new best guard at 5.60336 4.09496
		new arrangement area = 5.34402
		old arrangement area = 5.34386
		new guard area = 4.09111
		best guard area = 4.09083
scaling gradient with 0.5 to 0.0804492 0.137567
	>>>> prev guard 5.63838 4.04243 cur guard 6.08033 4.41545
	was guard reflex vertex? 0
	was guard in reflex area? 0
	does guard intersect boundary ray 5.63838 4.04243 6.08033 4.41545?1
	is guard inside polygon? 0
0 other guards have coords 5.6022 4.0967
	 new best guard at 5.6022 4.0967
		new arrangement area = 5.34433
		old arrangement area = 5.34402
		new guard area = 4.09167
		best guard area = 4.09111
scaling gradient with 1 to 0.160898 0.275134
	>>>> prev guard 5.63838 4.04243 cur guard 6.08515 4.42371
	was guard reflex vertex? 0
	was guard in reflex area? 0
	does guard intersect boundary ray 5.63838 4.04243 6.08515 4.42371?1
	is guard inside polygon? 0
0 other guards have coords 5.59987 4.10019
	 new best guard at 5.59987 4.10019
		new arrangement area = 5.34496
		old arrangement area = 5.34433
		new guard area = 4.0928
		best guard area = 4.09167
scaling gradient with 2 to 0.321797 0.550267
	>>>> prev guard 5.63838 4.04243 cur guard 6.09481 4.44022
	was guard reflex vertex? 0
	was guard in reflex area? 0
	does guard intersect boundary ray 5.63838 4.04243 6.09481 4.44022?1
	is guard inside polygon? 0
0 other guards have coords 5.59523 4.10716
	 new best guard at 5.59523 4.10716
		new arrangement area = 5.34623
		old arrangement area = 5.34496
		new guard area = 4.09508
		best guard area = 4.0928
scaling gradient with 4 to 0.643593 1.10053
	>>>> prev guard 5.63838 4.04243 cur guard 6.11411 4.47323
	was guard reflex vertex? 0
	was guard in reflex area? 0
	does guard intersect boundary ray 5.63838 4.04243 6.11411 4.47323?1
	is guard inside polygon? 0
0 other guards have coords 5.58593 4.12111
	 new best guard at 5.58593 4.12111
		new arrangement area = 5.3488
		old arrangement area = 5.34623
		new guard area = 4.09972
		best guard area = 4.09508
scaling gradient with 8 to 1.28719 2.20107
	>>>> prev guard 5.63838 4.04243 cur guard 6.15273 4.53926
	was guard reflex vertex? 0
	was guard in reflex area? 0
	does guard intersect boundary ray 5.63838 4.04243 6.15273 4.53926?1
	is guard inside polygon? 0
0 other guards have coords 5.56733 4.149
	 new best guard at 5.56733 4.149
		new arrangement area = 5.35408
		old arrangement area = 5.3488
		new guard area = 4.10929
		best guard area = 4.09972
scaling gradient with 16 to 2.57437 4.40214
	>>>> prev guard 5.63838 4.04243 cur guard 6.22996 4.67133
	was guard reflex vertex? 0
	was guard in reflex area? 0
	does guard intersect boundary ray 5.63838 4.04243 6.22996 4.67133?1
	is guard inside polygon? 0
0 other guards have coords 5.53014 4.20478
	 new best guard at 5.53014 4.20478
		new arrangement area = 5.36527
		old arrangement area = 5.35408
		new guard area = 4.12973
		best guard area = 4.10929
scaling gradient with 32 to 5.14875 8.80427
	>>>> prev guard 5.63838 4.04243 cur guard 6.38442 4.93546
	was guard reflex vertex? 0
	was guard in reflex area? 0
	does guard intersect boundary ray 5.63838 4.04243 6.38442 4.93546?1
	is guard inside polygon? 0
0 other guards have coords 5.45577 4.31635
	 new best guard at 5.45577 4.31635
		new arrangement area = 5.375
		old arrangement area = 5.36527
		new guard area = 4.14894
		best guard area = 4.12973
---- official new best guard 5.45577 4.31635
Df=1.18463e-06 -4.57463e-05
h=-2.79123e-05 -7.22805e-07
Df=0.0482683 0.0825858
h=-0.043519 0.0254353
Df=0.746042 0.89303
h=-0.0435469 0.0254345
is completely visible? 1
are areas equal? 5.375=5.375?1
i=3
area=5.375
g0=5.45577 4.31635
alpha0=0.3
area0=4.14894
g1=2.20053 4.62316
alpha1=0.3
area1=1.46104
