8
2.5 4 1.5 5
3 5.5 2.5 4
4 4 3.5 3.5
4 5 4 4
3 5.5 4 5
4 6.5 1.5 5
6 3.5 3.5 3.5
4 6.5 6 3.5
total area=5.375
i=0
area=5.375
+++++2 guards with gradient 0
	======== guard 5.06 3.98
	was guard reflex vertex? 0
	computed gradient -4.44841e-06 -0.000235766 and pull -0.000222381 4.19587e-06
	------- removing guard 5.06 3.98
g0=5.06 3.98
area0=3.84511
alpha0=0.3
scaling gradient with 0.03125 to -1.39013e-07 -7.36768e-06
	>>>> prev guard 5.06 3.98 cur guard 5.05999 3.98
	was guard reflex vertex? 0
	was guard in reflex area? 0
	does guard intersect boundary ray 5.06 3.98 5.05999 3.98?0
	is guard inside polygon? 1
0 other guards have coords 5.05999 3.98
	 new best guard at 5.05999 3.98
		new arrangement area = 5.375
		old arrangement area = 5.375
		new guard area = 3.8451
		best guard area = 3.84511
scaling gradient with 0.0625 to -2.78026e-07 -1.47354e-05
	>>>> prev guard 5.06 3.98 cur guard 5.05999 3.98
	was guard reflex vertex? 0
	was guard in reflex area? 0
	does guard intersect boundary ray 5.06 3.98 5.05999 3.98?0
	is guard inside polygon? 1
0 other guards have coords 5.05999 3.98
	 new best guard at 5.05999 3.98
		new arrangement area = 5.375
		old arrangement area = 5.375
		new guard area = 3.8451
		best guard area = 3.8451
scaling gradient with 0.125 to -5.56052e-07 -2.94707e-05
	>>>> prev guard 5.06 3.98 cur guard 5.05999 3.98
	was guard reflex vertex? 0
	was guard in reflex area? 0
	does guard intersect boundary ray 5.06 3.98 5.05999 3.98?0
	is guard inside polygon? 1
0 other guards have coords 5.05999 3.98
	 new best guard at 5.05999 3.98
		new arrangement area = 5.375
		old arrangement area = 5.375
		new guard area = 3.8451
		best guard area = 3.8451
scaling gradient with 0.25 to -1.1121e-06 -5.89415e-05
	>>>> prev guard 5.06 3.98 cur guard 5.05999 3.98
	was guard reflex vertex? 0
	was guard in reflex area? 0
	does guard intersect boundary ray 5.06 3.98 5.05999 3.98?0
	is guard inside polygon? 1
0 other guards have coords 5.05999 3.98
	 new best guard at 5.05999 3.98
		new arrangement area = 5.375
		old arrangement area = 5.375
		new guard area = 3.8451
		best guard area = 3.8451
scaling gradient with 0.5 to -2.22421e-06 -0.000117883
	>>>> prev guard 5.06 3.98 cur guard 5.05999 3.97999
	was guard reflex vertex? 0
	was guard in reflex area? 0
	does guard intersect boundary ray 5.06 3.98 5.05999 3.97999?0
	is guard inside polygon? 1
0 other guards have coords 5.05999 3.97999
	 new best guard at 5.05999 3.97999
		new arrangement area = 5.375
		old arrangement area = 5.375
		new guard area = 3.8451
		best guard area = 3.8451
scaling gradient with 1 to -4.44841e-06 -0.000235766
	>>>> prev guard 5.06 3.98 cur guard 5.05999 3.97999
	was guard reflex vertex? 0
	was guard in reflex area? 0
	does guard intersect boundary ray 5.06 3.98 5.05999 3.97999?0
	is guard inside polygon? 1
0 other guards have coords 5.05999 3.97999
	 new best guard at 5.05999 3.97999
		new arrangement area = 5.375
		old arrangement area = 5.375
		new guard area = 3.8451
		best guard area = 3.8451
scaling gradient with 2 to -8.89683e-06 -0.000471532
	>>>> prev guard 5.06 3.98 cur guard 5.05999 3.97997
	was guard reflex vertex? 0
	was guard in reflex area? 0
	does guard intersect boundary ray 5.06 3.98 5.05999 3.97997?0
	is guard inside polygon? 1
0 other guards have coords 5.05999 3.97997
	 new best guard at 5.05999 3.97997
		new arrangement area = 5.375
		old arrangement area = 5.375
		new guard area = 3.84509
		best guard area = 3.8451
scaling gradient with 4 to -1.77937e-05 -0.000943064
	>>>> prev guard 5.06 3.98 cur guard 5.05999 3.97994
	was guard reflex vertex? 0
	was guard in reflex area? 0
	does guard intersect boundary ray 5.06 3.98 5.05999 3.97994?0
	is guard inside polygon? 1
0 other guards have coords 5.05999 3.97994
	 new best guard at 5.05999 3.97994
		new arrangement area = 5.375
		old arrangement area = 5.375
		new guard area = 3.84508
		best guard area = 3.84509
scaling gradient with 8 to -3.55873e-05 -0.00188613
	>>>> prev guard 5.06 3.98 cur guard 5.05998 3.97989
	was guard reflex vertex? 0
	was guard in reflex area? 0
	does guard intersect boundary ray 5.06 3.98 5.05998 3.97989?0
	is guard inside polygon? 1
0 other guards have coords 5.05998 3.97989
	 new best guard at 5.05998 3.97989
		new arrangement area = 5.375
		old arrangement area = 5.375
		new guard area = 3.84505
		best guard area = 3.84508
scaling gradient with 16 to -7.11746e-05 -0.00377225
	>>>> prev guard 5.06 3.98 cur guard 5.05998 3.97977
	was guard reflex vertex? 0
	was guard in reflex area? 0
	does guard intersect boundary ray 5.06 3.98 5.05998 3.97977?0
	is guard inside polygon? 1
0 other guards have coords 5.05998 3.97977
	 new best guard at 5.05998 3.97977
		new arrangement area = 5.375
		old arrangement area = 5.375
		new guard area = 3.845
		best guard area = 3.84505
scaling gradient with 32 to -0.000142349 -0.00754451
	>>>> prev guard 5.06 3.98 cur guard 5.05998 3.97955
	was guard reflex vertex? 0
	was guard in reflex area? 0
	does guard intersect boundary ray 5.06 3.98 5.05998 3.97955?0
	is guard inside polygon? 1
0 other guards have coords 5.05998 3.97955
	 new best guard at 5.05998 3.97955
		new arrangement area = 5.375
		old arrangement area = 5.375
		new guard area = 3.8449
		best guard area = 3.845
---- official new best guard 5.05998 3.97955
Df=-1.33452e-06 -7.07298e-05
h=-6.67143e-05 1.25876e-06
Df=0 0
h=0 0
Df=-2.18838e-05 -0.000452419
h=-6.67143e-05 1.25876e-06
is completely visible? 1
are areas equal? 5.375=5.375?1
i=2
area=5.375
g0=5.05998 3.97955
alpha0=0.3
area0=3.8449
g1=3.04 5.87
alpha1=0.3
area1=4.00862
