8
2.5 4 1.5 5
3 5.5 2.5 4
4 4 3.5 3.5
4 5 4 4
3 5.5 4 5
4 6.5 1.5 5
6 3.5 3.5 3.5
4 6.5 6 3.5
total area=5.375
i=0
area=5.04167
+++++2 guards with gradient 0
	======== guard 2.1 5.35
	was guard reflex vertex? 0
	computed gradient -0.0925926 0.555556 and pull 0.608885 0.101481
	------- removing guard 2.1 5.35
g0=2.1 5.35
area0=2.125
alpha0=0.3
scaling gradient with 0.03125 to -0.00289352 0.0173611
	>>>> prev guard 2.1 5.35 cur guard 2.13636 5.35713
	was guard reflex vertex? 0
	was guard in reflex area? 0
	does guard intersect boundary ray 2.1 5.35 2.13636 5.35713?0
	is guard inside polygon? 1
0 other guards have coords 2.13636 5.35713
	 new best guard at 2.13636 5.35713
		new arrangement area = 5.04229
		old arrangement area = 5.04167
		new guard area = 2.1264
		best guard area = 2.125
scaling gradient with 0.0625 to -0.00578704 0.0347222
	>>>> prev guard 2.1 5.35 cur guard 2.13619 5.35817
	was guard reflex vertex? 0
	was guard in reflex area? 0
	does guard intersect boundary ray 2.1 5.35 2.13619 5.35817?0
	is guard inside polygon? 1
0 other guards have coords 2.13619 5.35817
	 new best guard at 2.13619 5.35817
		new arrangement area = 5.04291
		old arrangement area = 5.04229
		new guard area = 2.12779
		best guard area = 2.1264
scaling gradient with 0.125 to -0.0115741 0.0694444
	>>>> prev guard 2.1 5.35 cur guard 2.13584 5.36026
	was guard reflex vertex? 0
	was guard in reflex area? 0
	does guard intersect boundary ray 2.1 5.35 2.13584 5.36026?0
	is guard inside polygon? 1
0 other guards have coords 2.13584 5.36026
	 new best guard at 2.13584 5.36026
		new arrangement area = 5.04414
		old arrangement area = 5.04291
		new guard area = 2.13059
		best guard area = 2.12779
scaling gradient with 0.25 to -0.0231481 0.138889
	>>>> prev guard 2.1 5.35 cur guard 2.13514 5.36442
	was guard reflex vertex? 0
	was guard in reflex area? 0
	does guard intersect boundary ray 2.1 5.35 2.13514 5.36442?0
	is guard inside polygon? 1
0 other guards have coords 2.13514 5.36442
	 new best guard at 2.13514 5.36442
		new arrangement area = 5.04662
		old arrangement area = 5.04414
		new guard area = 2.13621
		best guard area = 2.13059
scaling gradient with 0.5 to -0.0462963 0.277778
	>>>> prev guard 2.1 5.35 cur guard 2.13376 5.37276
	was guard reflex vertex? 0
	was guard in reflex area? 0
	does guard intersect boundary ray 2.1 5.35 2.13376 5.37276?0
	is guard inside polygon? 1
0 other guards have coords 2.13376 5.37276
	 new best guard at 2.13376 5.37276
		new arrangement area = 5.05155
		old arrangement area = 5.04662
		new guard area = 2.14751
		best guard area = 2.13621
scaling gradient with 1 to -0.0925926 0.555556
	>>>> prev guard 2.1 5.35 cur guard 2.13098 5.38942
	was guard reflex vertex? 0
	was guard in reflex area? 0
	does guard intersect boundary ray 2.1 5.35 2.13098 5.38942?1
	is guard inside polygon? 0
0 other guards have coords 2.11487 5.36892
scaling gradient with 2 to -0.185185 1.11111
	>>>> prev guard 2.1 5.35 cur guard 2.12542 5.42276
	was guard reflex vertex? 0
	was guard in reflex area? 0
	does guard intersect boundary ray 2.1 5.35 2.12542 5.42276?1
	is guard inside polygon? 0
0 other guards have coords 2.10442 5.36265
scaling gradient with 4 to -0.37037 2.22222
	>>>> prev guard 2.1 5.35 cur guard 2.11431 5.48942
	was guard reflex vertex? 0
	was guard in reflex area? 0
	does guard intersect boundary ray 2.1 5.35 2.11431 5.48942?1
	is guard inside polygon? 0
0 other guards have coords 2.10109 5.36066
scaling gradient with 8 to -0.740741 4.44444
	>>>> prev guard 2.1 5.35 cur guard 2.09209 5.62276
	was guard reflex vertex? 0
	was guard in reflex area? 0
	does guard intersect boundary ray 2.1 5.35 2.09209 5.62276?1
	is guard inside polygon? 0
0 other guards have coords 2.09971 5.35983
scaling gradient with 16 to -1.48148 8.88889
	>>>> prev guard 2.1 5.35 cur guard 2.04764 5.88942
	was guard reflex vertex? 0
	was guard in reflex area? 0
	does guard intersect boundary ray 2.1 5.35 2.04764 5.88942?1
	is guard inside polygon? 0
0 other guards have coords 2.09908 5.35945
scaling gradient with 32 to -2.96296 17.7778
	>>>> prev guard 2.1 5.35 cur guard 1.95876 6.42276
	was guard reflex vertex? 0
	was guard in reflex area? 0
	does guard intersect boundary ray 2.1 5.35 1.95876 6.42276?1
	is guard inside polygon? 0
0 other guards have coords 2.09878 5.35927
---- official new best guard 2.13376 5.37276
Df=-0.0277778 0.166667
h=0.182666 0.0304443
Df=0.0337553 0.0227555
h=0.182666 0.0304443
is completely visible? 0
are areas equal? 5.375=5.05155?0
+++++1 guards with gradient 0
	======== guard 4 3.75
	was guard reflex vertex? 0
	computed gradient -0.160487 -0 and pull -0 0.13159
	------- removing guard 4 3.75
g1=4 3.75
area1=3.125
alpha1=0.3
scaling gradient with 0.03125 to -0.00501523 0
	>>>> prev guard 4 3.75 cur guard 3.9997 3.7579
	was guard reflex vertex? 0
	was guard in reflex area? 0
	does guard intersect boundary ray 4 3.75 3.9997 3.7579?0
	is guard inside polygon? 1
0 other guards have coords 3.9997 3.7579
	 new best guard at 3.9997 3.7579
		new arrangement area = 5.04987
		old arrangement area = 5.05155
		new guard area = 3.12112
		best guard area = 3.125
scaling gradient with 0.0625 to -0.0100305 0
	>>>> prev guard 4 3.75 cur guard 3.9994 3.7579
	was guard reflex vertex? 0
	was guard in reflex area? 0
	does guard intersect boundary ray 4 3.75 3.9994 3.7579?0
	is guard inside polygon? 1
0 other guards have coords 3.9994 3.7579
scaling gradient with 0.125 to -0.0200609 0
	>>>> prev guard 4 3.75 cur guard 3.9988 3.7579
	was guard reflex vertex? 0
	was guard in reflex area? 0
	does guard intersect boundary ray 4 3.75 3.9988 3.7579?0
	is guard inside polygon? 1
0 other guards have coords 3.9988 3.7579
scaling gradient with 0.25 to -0.0401218 0
	>>>> prev guard 4 3.75 cur guard 3.99759 3.7579
	was guard reflex vertex? 0
	was guard in reflex area? 0
	does guard intersect boundary ray 4 3.75 3.99759 3.7579?0
	is guard inside polygon? 1
0 other guards have coords 3.99759 3.7579
scaling gradient with 0.5 to -0.0802437 0
	>>>> prev guard 4 3.75 cur guard 3.99519 3.7579
	was guard reflex vertex? 0
	was guard in reflex area? 0
	does guard intersect boundary ray 4 3.75 3.99519 3.7579?0
	is guard inside polygon? 1
0 other guards have coords 3.99519 3.7579
scaling gradient with 1 to -0.160487 0
	>>>> prev guard 4 3.75 cur guard 3.99037 3.7579
	was guard reflex vertex? 0
	was guard in reflex area? 0
	does guard intersect boundary ray 4 3.75 3.99037 3.7579?0
	is guard inside polygon? 1
0 other guards have coords 3.99037 3.7579
scaling gradient with 2 to -0.320975 0
	>>>> prev guard 4 3.75 cur guard 3.98074 3.7579
	was guard reflex vertex? 0
	was guard in reflex area? 0
	does guard intersect boundary ray 4 3.75 3.98074 3.7579?0
	is guard inside polygon? 1
0 other guards have coords 3.98074 3.7579
scaling gradient with 4 to -0.64195 0
	>>>> prev guard 4 3.75 cur guard 3.96148 3.7579
	was guard reflex vertex? 0
	was guard in reflex area? 0
	does guard intersect boundary ray 4 3.75 3.96148 3.7579?0
	is guard inside polygon? 1
0 other guards have coords 3.96148 3.7579
scaling gradient with 8 to -1.2839 0
	>>>> prev guard 4 3.75 cur guard 3.92297 3.7579
	was guard reflex vertex? 0
	was guard in reflex area? 0
	does guard intersect boundary ray 4 3.75 3.92297 3.7579?0
	is guard inside polygon? 1
0 other guards have coords 3.92297 3.7579
scaling gradient with 16 to -2.5678 0
	>>>> prev guard 4 3.75 cur guard 3.84593 3.7579
	was guard reflex vertex? 0
	was guard in reflex area? 0
	does guard intersect boundary ray 4 3.75 3.84593 3.7579?0
	is guard inside polygon? 1
0 other guards have coords 3.84593 3.7579
scaling gradient with 32 to -5.1356 0
	>>>> prev guard 4 3.75 cur guard 3.69186 3.7579
	was guard reflex vertex? 0
	was guard in reflex area? 0
	does guard intersect boundary ray 4 3.75 3.69186 3.7579?1
	is guard inside polygon? 0
0 other guards have coords 3.75625 3.75625
---- official new best guard 3.9997 3.7579
Df=-0.000300001 0
h=0 0.0012
Df=-0.0478462 0
h=0 0.038277
Df=-0.000300914 0.00789539
h=0 0.039477
is completely visible? 0
are areas equal? 5.375=5.04987?0
i=1
area=5.04987
+++++2 guards with gradient 0
	======== guard 2.13376 5.37276
	was guard reflex vertex? 0
	computed gradient -0.0851342 0.57957 and pull 0.661957 0.0972362
	------- removing guard 2.13376 5.37276
g0=2.13376 5.37276
area0=2.14751
alpha0=0.3
scaling gradient with 0.03125 to -0.00266045 0.0181116
	>>>> prev guard 2.13376 5.37276 cur guard 2.20032 5.39788
	was guard reflex vertex? 0
	was guard in reflex area? 0
	does guard intersect boundary ray 2.13376 5.37276 2.20032 5.39788?0
	is guard inside polygon? 1
0 other guards have coords 2.20032 5.39788
	 new best guard at 2.20032 5.39788
		new arrangement area = 5.0595
		old arrangement area = 5.04987
		new guard area = 2.16989
		best guard area = 2.14751
scaling gradient with 0.0625 to -0.00532089 0.0362231
	>>>> prev guard 2.13376 5.37276 cur guard 2.20016 5.39897
	was guard reflex vertex? 0
	was guard in reflex area? 0
	does guard intersect boundary ray 2.13376 5.37276 2.20016 5.39897?0
	is guard inside polygon? 1
0 other guards have coords 2.20016 5.39897
	 new best guard at 2.20016 5.39897
		new arrangement area = 5.0602
		old arrangement area = 5.0595
		new guard area = 2.17152
		best guard area = 2.16989
scaling gradient with 0.125 to -0.0106418 0.0724462
	>>>> prev guard 2.13376 5.37276 cur guard 2.19984 5.40114
	was guard reflex vertex? 0
	was guard in reflex area? 0
	does guard intersect boundary ray 2.13376 5.37276 2.19984 5.40114?0
	is guard inside polygon? 1
0 other guards have coords 2.19984 5.40114
	 new best guard at 2.19984 5.40114
		new arrangement area = 5.06159
		old arrangement area = 5.0602
		new guard area = 2.1748
		best guard area = 2.17152
scaling gradient with 0.25 to -0.0212836 0.144892
	>>>> prev guard 2.13376 5.37276 cur guard 2.1992 5.40549
	was guard reflex vertex? 0
	was guard in reflex area? 0
	does guard intersect boundary ray 2.13376 5.37276 2.1992 5.40549?0
	is guard inside polygon? 1
0 other guards have coords 2.1992 5.40549
	 new best guard at 2.1992 5.40549
		new arrangement area = 5.06436
		old arrangement area = 5.06159
		new guard area = 2.18137
		best guard area = 2.1748
scaling gradient with 0.5 to -0.0425671 0.289785
	>>>> prev guard 2.13376 5.37276 cur guard 2.19792 5.41418
	was guard reflex vertex? 0
	was guard in reflex area? 0
	does guard intersect boundary ray 2.13376 5.37276 2.19792 5.41418?0
	is guard inside polygon? 1
0 other guards have coords 2.19792 5.41418
	 new best guard at 2.19792 5.41418
		new arrangement area = 5.0699
		old arrangement area = 5.06436
		new guard area = 2.19462
		best guard area = 2.18137
scaling gradient with 1 to -0.0851342 0.57957
	>>>> prev guard 2.13376 5.37276 cur guard 2.19537 5.43157
	was guard reflex vertex? 0
	was guard in reflex area? 0
	does guard intersect boundary ray 2.13376 5.37276 2.19537 5.43157?1
	is guard inside polygon? 0
0 other guards have coords 2.1549 5.39294
scaling gradient with 2 to -0.170268 1.15914
	>>>> prev guard 2.13376 5.37276 cur guard 2.19026 5.46634
	was guard reflex vertex? 0
	was guard in reflex area? 0
	does guard intersect boundary ray 2.13376 5.37276 2.19026 5.46634?1
	is guard inside polygon? 0
0 other guards have coords 2.14085 5.38451
scaling gradient with 4 to -0.340537 2.31828
	>>>> prev guard 2.13376 5.37276 cur guard 2.18004 5.53589
	was guard reflex vertex? 0
	was guard in reflex area? 0
	does guard intersect boundary ray 2.13376 5.37276 2.18004 5.53589?1
	is guard inside polygon? 0
0 other guards have coords 2.13632 5.38179
scaling gradient with 8 to -0.681074 4.63656
	>>>> prev guard 2.13376 5.37276 cur guard 2.15961 5.67499
	was guard reflex vertex? 0
	was guard in reflex area? 0
	does guard intersect boundary ray 2.13376 5.37276 2.15961 5.67499?1
	is guard inside polygon? 0
0 other guards have coords 2.13443 5.38066
scaling gradient with 16 to -1.36215 9.27312
	>>>> prev guard 2.13376 5.37276 cur guard 2.11875 5.95318
	was guard reflex vertex? 0
	was guard in reflex area? 0
	does guard intersect boundary ray 2.13376 5.37276 2.11875 5.95318?1
	is guard inside polygon? 0
0 other guards have coords 2.13356 5.38014
scaling gradient with 32 to -2.7243 18.5462
	>>>> prev guard 2.13376 5.37276 cur guard 2.03702 6.50957
	was guard reflex vertex? 0
	was guard in reflex area? 0
	does guard intersect boundary ray 2.13376 5.37276 2.03702 6.50957?1
	is guard inside polygon? 0
0 other guards have coords 2.13315 5.37989
---- official new best guard 2.19792 5.41418
Df=-0.0255403 0.173871
h=0.198587 0.0291709
Df=0.0641676 0.0414257
h=0.198587 0.0291709
is completely visible? 0
are areas equal? 5.375=5.0699?0
+++++1 guards with gradient 0
	======== guard 3.9997 3.7579
	was guard reflex vertex? 0
	computed gradient 0.0154035 -1.91451e-05 and pull 7.90778e-05 0.0636232
	------- removing guard 3.9997 3.7579
g1=3.9997 3.7579
area1=3.12112
alpha1=0.3
scaling gradient with 0.03125 to 0.000481359 -5.98285e-07
	>>>> prev guard 3.9997 3.7579 cur guard 3.99949 3.76803
	was guard reflex vertex? 0
	was guard in reflex area? 0
	does guard intersect boundary ray 3.9997 3.7579 3.99949 3.76803?0
	is guard inside polygon? 1
0 other guards have coords 3.99949 3.76803
	 new best guard at 3.99949 3.76803
		new arrangement area = 5.06867
		old arrangement area = 5.0699
		new guard area = 3.11818
		best guard area = 3.12112
scaling gradient with 0.0625 to 0.000962717 -1.19657e-06
	>>>> prev guard 3.9997 3.7579 cur guard 3.99952 3.76803
	was guard reflex vertex? 0
	was guard in reflex area? 0
	does guard intersect boundary ray 3.9997 3.7579 3.99952 3.76803?0
	is guard inside polygon? 1
0 other guards have coords 3.99952 3.76803
	 new best guard at 3.99952 3.76803
		new arrangement area = 5.06883
		old arrangement area = 5.06867
		new guard area = 3.11857
		best guard area = 3.11818
scaling gradient with 0.125 to 0.00192543 -2.39314e-06
	>>>> prev guard 3.9997 3.7579 cur guard 3.99958 3.76803
	was guard reflex vertex? 0
	was guard in reflex area? 0
	does guard intersect boundary ray 3.9997 3.7579 3.99958 3.76803?0
	is guard inside polygon? 1
0 other guards have coords 3.99958 3.76803
	 new best guard at 3.99958 3.76803
		new arrangement area = 5.06916
		old arrangement area = 5.06883
		new guard area = 3.11934
		best guard area = 3.11857
scaling gradient with 0.25 to 0.00385087 -4.78628e-06
	>>>> prev guard 3.9997 3.7579 cur guard 3.99969 3.76803
	was guard reflex vertex? 0
	was guard in reflex area? 0
	does guard intersect boundary ray 3.9997 3.7579 3.99969 3.76803?0
	is guard inside polygon? 1
0 other guards have coords 3.99969 3.76803
	 new best guard at 3.99969 3.76803
		new arrangement area = 5.0698
		old arrangement area = 5.06916
		new guard area = 3.12089
		best guard area = 3.11934
scaling gradient with 0.5 to 0.00770174 -9.57256e-06
	>>>> prev guard 3.9997 3.7579 cur guard 3.99993 3.76803
	was guard reflex vertex? 0
	was guard in reflex area? 0
	does guard intersect boundary ray 3.9997 3.7579 3.99993 3.76803?0
	is guard inside polygon? 1
0 other guards have coords 3.99993 3.76803
	 new best guard at 3.99993 3.76803
		new arrangement area = 5.07109
		old arrangement area = 5.0698
		new guard area = 3.12399
		best guard area = 3.12089
scaling gradient with 1 to 0.0154035 -1.91451e-05
	>>>> prev guard 3.9997 3.7579 cur guard 4.00039 3.76803
	was guard reflex vertex? 0
	was guard in reflex area? 0
	does guard intersect boundary ray 3.9997 3.7579 4.00039 3.76803?0
	is guard inside polygon? 1
0 other guards have coords 4.00039 3.76803
	 new best guard at 4.00039 3.76803
		new arrangement area = 5.07156
		old arrangement area = 5.07109
		new guard area = 3.12535
		best guard area = 3.12399
scaling gradient with 2 to 0.030807 -3.82902e-05
	>>>> prev guard 3.9997 3.7579 cur guard 4.00131 3.76803
	was guard reflex vertex? 0
	was guard in reflex area? 0
	does guard intersect boundary ray 3.9997 3.7579 4.00131 3.76803?0
	is guard inside polygon? 1
0 other guards have coords 4.00131 3.76803
	 new best guard at 4.00131 3.76803
		new arrangement area = 5.0717
		old arrangement area = 5.07156
		new guard area = 3.1262
		best guard area = 3.12535
scaling gradient with 4 to 0.0616139 -7.65804e-05
	>>>> prev guard 3.9997 3.7579 cur guard 4.00316 3.76802
	was guard reflex vertex? 0
	was guard in reflex area? 0
	does guard intersect boundary ray 3.9997 3.7579 4.00316 3.76802?0
	is guard inside polygon? 1
0 other guards have coords 4.00316 3.76802
	 new best guard at 4.00316 3.76802
		new arrangement area = 5.07197
		old arrangement area = 5.0717
		new guard area = 3.12788
		best guard area = 3.1262
scaling gradient with 8 to 0.123228 -0.000153161
	>>>> prev guard 3.9997 3.7579 cur guard 4.00686 3.76802
	was guard reflex vertex? 0
	was guard in reflex area? 0
	does guard intersect boundary ray 3.9997 3.7579 4.00686 3.76802?0
	is guard inside polygon? 1
0 other guards have coords 4.00686 3.76802
	 new best guard at 4.00686 3.76802
		new arrangement area = 5.07253
		old arrangement area = 5.07197
		new guard area = 3.13124
		best guard area = 3.12788
scaling gradient with 16 to 0.246456 -0.000306322
	>>>> prev guard 3.9997 3.7579 cur guard 4.01425 3.76801
	was guard reflex vertex? 0
	was guard in reflex area? 0
	does guard intersect boundary ray 3.9997 3.7579 4.01425 3.76801?0
	is guard inside polygon? 1
0 other guards have coords 4.01425 3.76801
	 new best guard at 4.01425 3.76801
		new arrangement area = 5.07363
		old arrangement area = 5.07253
		new guard area = 3.13792
		best guard area = 3.13124
scaling gradient with 32 to 0.492911 -0.000612644
	>>>> prev guard 3.9997 3.7579 cur guard 4.02904 3.76799
	was guard reflex vertex? 0
	was guard in reflex area? 0
	does guard intersect boundary ray 3.9997 3.7579 4.02904 3.76799?0
	is guard inside polygon? 1
0 other guards have coords 4.02904 3.76799
	 new best guard at 4.02904 3.76799
		new arrangement area = 5.07583
		old arrangement area = 5.07363
		new guard area = 3.15115
		best guard area = 3.13792
---- official new best guard 4.02904 3.76799
Df=0.00462104 -5.74353e-06
h=2.37233e-05 0.019087
Df=0.0293387 0.0100969
h=2.37233e-05 0.019087
is completely visible? 0
are areas equal? 5.375=5.07583?0
i=2
area=5.07583
+++++2 guards with gradient 0
	======== guard 2.19792 5.41418
	was guard reflex vertex? 0
	computed gradient -0.0648091 0.605716 and pull 0.750899 0.080343
	------- removing guard 2.19792 5.41418
g0=2.19792 5.41418
area0=2.19462
alpha0=0.3
scaling gradient with 0.03125 to -0.00202528 0.0189286
	>>>> prev guard 2.19792 5.41418 cur guard 2.29419 5.45328
	was guard reflex vertex? 0
	was guard in reflex area? 0
	does guard intersect boundary ray 2.19792 5.41418 2.29419 5.45328?0
	is guard inside polygon? 1
0 other guards have coords 2.29419 5.45328
	 new best guard at 2.29419 5.45328
		new arrangement area = 5.09567
		old arrangement area = 5.07583
		new guard area = 2.24528
		best guard area = 2.19462
scaling gradient with 0.0625 to -0.00405057 0.0378573
	>>>> prev guard 2.19792 5.41418 cur guard 2.29407 5.45441
	was guard reflex vertex? 0
	was guard in reflex area? 0
	does guard intersect boundary ray 2.19792 5.41418 2.29407 5.45441?0
	is guard inside polygon? 1
0 other guards have coords 2.29407 5.45441
	 new best guard at 2.29407 5.45441
		new arrangement area = 5.09646
		old arrangement area = 5.09567
		new guard area = 2.24735
		best guard area = 2.24528
scaling gradient with 0.125 to -0.00810113 0.0757146
	>>>> prev guard 2.19792 5.41418 cur guard 2.29382 5.45669
	was guard reflex vertex? 0
	was guard in reflex area? 0
	does guard intersect boundary ray 2.19792 5.41418 2.29382 5.45669?0
	is guard inside polygon? 1
0 other guards have coords 2.29382 5.45669
	 new best guard at 2.29382 5.45669
		new arrangement area = 5.09804
		old arrangement area = 5.09646
		new guard area = 2.25149
		best guard area = 2.24735
scaling gradient with 0.25 to -0.0162023 0.151429
	>>>> prev guard 2.19792 5.41418 cur guard 2.29334 5.46123
	was guard reflex vertex? 0
	was guard in reflex area? 0
	does guard intersect boundary ray 2.19792 5.41418 2.29334 5.46123?0
	is guard inside polygon? 1
0 other guards have coords 2.29334 5.46123
	 new best guard at 2.29334 5.46123
		new arrangement area = 5.10119
		old arrangement area = 5.09804
		new guard area = 2.25982
		best guard area = 2.25149
scaling gradient with 0.5 to -0.0324045 0.302858
	>>>> prev guard 2.19792 5.41418 cur guard 2.29237 5.47031
	was guard reflex vertex? 0
	was guard in reflex area? 0
	does guard intersect boundary ray 2.19792 5.41418 2.29237 5.47031?0
	is guard inside polygon? 1
0 other guards have coords 2.29237 5.47031
	 new best guard at 2.29237 5.47031
		new arrangement area = 5.10748
		old arrangement area = 5.10119
		new guard area = 2.27665
		best guard area = 2.25982
scaling gradient with 1 to -0.0648091 0.605716
	>>>> prev guard 2.19792 5.41418 cur guard 2.29042 5.48849
	was guard reflex vertex? 0
	was guard in reflex area? 0
	does guard intersect boundary ray 2.19792 5.41418 2.29042 5.48849?1
	is guard inside polygon? 0
0 other guards have coords 2.22042 5.43225
scaling gradient with 2 to -0.129618 1.21143
	>>>> prev guard 2.19792 5.41418 cur guard 2.28653 5.52483
	was guard reflex vertex? 0
	was guard in reflex area? 0
	does guard intersect boundary ray 2.19792 5.41418 2.28653 5.52483?1
	is guard inside polygon? 0
0 other guards have coords 2.20497 5.42298
scaling gradient with 4 to -0.259236 2.42287
	>>>> prev guard 2.19792 5.41418 cur guard 2.27876 5.59751
	was guard reflex vertex? 0
	was guard in reflex area? 0
	does guard intersect boundary ray 2.19792 5.41418 2.27876 5.59751?1
	is guard inside polygon? 0
0 other guards have coords 2.20066 5.4204
scaling gradient with 8 to -0.518472 4.84573
	>>>> prev guard 2.19792 5.41418 cur guard 2.2632 5.74289
	was guard reflex vertex? 0
	was guard in reflex area? 0
	does guard intersect boundary ray 2.19792 5.41418 2.2632 5.74289?1
	is guard inside polygon? 0
0 other guards have coords 2.19895 5.41937
scaling gradient with 16 to -1.03694 9.69146
	>>>> prev guard 2.19792 5.41418 cur guard 2.23209 6.03363
	was guard reflex vertex? 0
	was guard in reflex area? 0
	does guard intersect boundary ray 2.19792 5.41418 2.23209 6.03363?1
	is guard inside polygon? 0
0 other guards have coords 2.19818 5.41891
scaling gradient with 32 to -2.07389 19.3829
	>>>> prev guard 2.19792 5.41418 cur guard 2.16988 6.61512
	was guard reflex vertex? 0
	was guard in reflex area? 0
	does guard intersect boundary ray 2.19792 5.41418 2.16988 6.61512?1
	is guard inside polygon? 0
0 other guards have coords 2.19782 5.41869
---- official new best guard 2.29237 5.47031
Df=-0.0194427 0.181715
h=0.22527 0.0241029
Df=0.0944438 0.0561326
h=0.22527 0.0241029
is completely visible? 0
are areas equal? 5.375=5.10748?0
+++++1 guards with gradient 0
	======== guard 4.02904 3.76799
	was guard reflex vertex? 0
	computed gradient 0.152944 0.00349704 and pull -0.00351335 0.129506
	------- removing guard 4.02904 3.76799
g1=4.02904 3.76799
area1=3.15115
alpha1=0.3
scaling gradient with 0.03125 to 0.00477951 0.000109282
	>>>> prev guard 4.02904 3.76799 cur guard 4.05258 3.78385
	was guard reflex vertex? 0
	was guard in reflex area? 0
	does guard intersect boundary ray 4.02904 3.76799 4.05258 3.78385?0
	is guard inside polygon? 1
0 other guards have coords 4.05258 3.78385
	 new best guard at 4.05258 3.78385
		new arrangement area = 5.11036
		old arrangement area = 5.10748
		new guard area = 3.17241
		best guard area = 3.15115
scaling gradient with 0.0625 to 0.00955902 0.000218565
	>>>> prev guard 4.02904 3.76799 cur guard 4.05287 3.78385
	was guard reflex vertex? 0
	was guard in reflex area? 0
	does guard intersect boundary ray 4.02904 3.76799 4.05287 3.78385?0
	is guard inside polygon? 1
0 other guards have coords 4.05287 3.78385
	 new best guard at 4.05287 3.78385
		new arrangement area = 5.1104
		old arrangement area = 5.11036
		new guard area = 3.17267
		best guard area = 3.17241
scaling gradient with 0.125 to 0.019118 0.00043713
	>>>> prev guard 4.02904 3.76799 cur guard 4.05345 3.78387
	was guard reflex vertex? 0
	was guard in reflex area? 0
	does guard intersect boundary ray 4.02904 3.76799 4.05345 3.78387?0
	is guard inside polygon? 1
0 other guards have coords 4.05345 3.78387
	 new best guard at 4.05345 3.78387
		new arrangement area = 5.11047
		old arrangement area = 5.1104
		new guard area = 3.17317
		best guard area = 3.17267
scaling gradient with 0.25 to 0.0382361 0.000874259
	>>>> prev guard 4.02904 3.76799 cur guard 4.05459 3.78389
	was guard reflex vertex? 0
	was guard in reflex area? 0
	does guard intersect boundary ray 4.02904 3.76799 4.05459 3.78389?0
	is guard inside polygon? 1
0 other guards have coords 4.05459 3.78389
	 new best guard at 4.05459 3.78389
		new arrangement area = 5.1106
		old arrangement area = 5.11047
		new guard area = 3.17418
		best guard area = 3.17317
scaling gradient with 0.5 to 0.0764721 0.00174852
	>>>> prev guard 4.02904 3.76799 cur guard 4.05689 3.78395
	was guard reflex vertex? 0
	was guard in reflex area? 0
	does guard intersect boundary ray 4.02904 3.76799 4.05689 3.78395?0
	is guard inside polygon? 1
0 other guards have coords 4.05689 3.78395
	 new best guard at 4.05689 3.78395
		new arrangement area = 5.11088
		old arrangement area = 5.1106
		new guard area = 3.17619
		best guard area = 3.17418
scaling gradient with 1 to 0.152944 0.00349704
	>>>> prev guard 4.02904 3.76799 cur guard 4.06147 3.78405
	was guard reflex vertex? 0
	was guard in reflex area? 0
	does guard intersect boundary ray 4.02904 3.76799 4.06147 3.78405?0
	is guard inside polygon? 1
0 other guards have coords 4.06147 3.78405
	 new best guard at 4.06147 3.78405
		new arrangement area = 5.11143
		old arrangement area = 5.11088
		new guard area = 3.1802
		best guard area = 3.17619
scaling gradient with 2 to 0.305889 0.00699407
	>>>> prev guard 4.02904 3.76799 cur guard 4.07065 3.78426
	was guard reflex vertex? 0
	was guard in reflex area? 0
	does guard intersect boundary ray 4.02904 3.76799 4.07065 3.78426?0
	is guard inside polygon? 1
0 other guards have coords 4.07065 3.78426
	 new best guard at 4.07065 3.78426
		new arrangement area = 5.11254
		old arrangement area = 5.11143
		new guard area = 3.18818
		best guard area = 3.1802
scaling gradient with 4 to 0.611777 0.0139881
	>>>> prev guard 4.02904 3.76799 cur guard 4.089 3.78468
	was guard reflex vertex? 0
	was guard in reflex area? 0
	does guard intersect boundary ray 4.02904 3.76799 4.089 3.78468?0
	is guard inside polygon? 1
0 other guards have coords 4.089 3.78468
	 new best guard at 4.089 3.78468
		new arrangement area = 5.11475
		old arrangement area = 5.11254
		new guard area = 3.20392
		best guard area = 3.18818
scaling gradient with 8 to 1.22355 0.0279763
	>>>> prev guard 4.02904 3.76799 cur guard 4.12571 3.78552
	was guard reflex vertex? 0
	was guard in reflex area? 0
	does guard intersect boundary ray 4.02904 3.76799 4.12571 3.78552?0
	is guard inside polygon? 1
0 other guards have coords 4.12571 3.78552
	 new best guard at 4.12571 3.78552
		new arrangement area = 5.11916
		old arrangement area = 5.11475
		new guard area = 3.23464
		best guard area = 3.20392
scaling gradient with 16 to 2.44711 0.0559526
	>>>> prev guard 4.02904 3.76799 cur guard 4.19912 3.7872
	was guard reflex vertex? 0
	was guard in reflex area? 0
	does guard intersect boundary ray 4.02904 3.76799 4.19912 3.7872?0
	is guard inside polygon? 1
0 other guards have coords 4.19912 3.7872
	 new best guard at 4.19912 3.7872
		new arrangement area = 5.12797
		old arrangement area = 5.11916
		new guard area = 3.29314
		best guard area = 3.23464
scaling gradient with 32 to 4.89422 0.111905
	>>>> prev guard 4.02904 3.76799 cur guard 4.34595 3.79055
	was guard reflex vertex? 0
	was guard in reflex area? 0
	does guard intersect boundary ray 4.02904 3.76799 4.34595 3.79055?0
	is guard inside polygon? 1
0 other guards have coords 4.34595 3.79055
	 new best guard at 4.34595 3.79055
		new arrangement area = 5.14553
		old arrangement area = 5.12797
		new guard area = 3.39966
		best guard area = 3.29314
---- official new best guard 4.34595 3.79055
Df=-0.000318281 -3.98356e-05
h=-0.00017037 0.00136123
Df=0.0462016 0.00108895
h=-0.000883634 0.0374906
Df=0.316913 0.0225622
h=-0.001054 0.0388519
is completely visible? 0
are areas equal? 5.375=5.14553?0
i=3
area=5.14553
+++++2 guards with gradient 0
	======== guard 2.29237 5.47031
	was guard reflex vertex? 0
	computed gradient -0.0212563 0.506689 and pull 0.715405 0.0300122
	------- removing guard 2.29237 5.47031
g0=2.29237 5.47031
area0=2.27665
alpha0=0.3
scaling gradient with 0.03125 to -0.00066426 0.015834
	>>>> prev guard 2.29237 5.47031 cur guard 2.41081 5.51797
	was guard reflex vertex? 0
	was guard in reflex area? 0
	does guard intersect boundary ray 2.29237 5.47031 2.41081 5.51797?0
	is guard inside polygon? 1
0 other guards have coords 2.41081 5.51797
	 new best guard at 2.41081 5.51797
		new arrangement area = 5.17205
		old arrangement area = 5.14553
		new guard area = 2.37657
		best guard area = 2.27665
scaling gradient with 0.0625 to -0.00132852 0.0316681
	>>>> prev guard 2.29237 5.47031 cur guard 2.41077 5.51892
	was guard reflex vertex? 0
	was guard in reflex area? 0
	does guard intersect boundary ray 2.29237 5.47031 2.41077 5.51892?0
	is guard inside polygon? 1
0 other guards have coords 2.41077 5.51892
	 new best guard at 2.41077 5.51892
		new arrangement area = 5.17266
		old arrangement area = 5.17205
		new guard area = 2.37891
		best guard area = 2.37657
scaling gradient with 0.125 to -0.00265704 0.0633362
	>>>> prev guard 2.29237 5.47031 cur guard 2.41069 5.52082
	was guard reflex vertex? 0
	was guard in reflex area? 0
	does guard intersect boundary ray 2.29237 5.47031 2.41069 5.52082?0
	is guard inside polygon? 1
0 other guards have coords 2.41069 5.52082
	 new best guard at 2.41069 5.52082
		new arrangement area = 5.17386
		old arrangement area = 5.17266
		new guard area = 2.38359
		best guard area = 2.37891
scaling gradient with 0.25 to -0.00531408 0.126672
	>>>> prev guard 2.29237 5.47031 cur guard 2.41053 5.52462
	was guard reflex vertex? 0
	was guard in reflex area? 0
	does guard intersect boundary ray 2.29237 5.47031 2.41053 5.52462?0
	is guard inside polygon? 1
0 other guards have coords 2.41053 5.52462
	 new best guard at 2.41053 5.52462
		new arrangement area = 5.17628
		old arrangement area = 5.17386
		new guard area = 2.39301
		best guard area = 2.38359
scaling gradient with 0.5 to -0.0106282 0.253345
	>>>> prev guard 2.29237 5.47031 cur guard 2.41021 5.53222
	was guard reflex vertex? 0
	was guard in reflex area? 0
	does guard intersect boundary ray 2.29237 5.47031 2.41021 5.53222?0
	is guard inside polygon? 1
0 other guards have coords 2.41021 5.53222
	 new best guard at 2.41021 5.53222
		new arrangement area = 5.18113
		old arrangement area = 5.17628
		new guard area = 2.41208
		best guard area = 2.39301
scaling gradient with 1 to -0.0212563 0.506689
	>>>> prev guard 2.29237 5.47031 cur guard 2.40957 5.54742
	was guard reflex vertex? 0
	was guard in reflex area? 0
	does guard intersect boundary ray 2.29237 5.47031 2.40957 5.54742?1
	is guard inside polygon? 0
0 other guards have coords 2.38056 5.52834
scaling gradient with 2 to -0.0425126 1.01338
	>>>> prev guard 2.29237 5.47031 cur guard 2.4083 5.57782
	was guard reflex vertex? 0
	was guard in reflex area? 0
	does guard intersect boundary ray 2.29237 5.47031 2.4083 5.57782?1
	is guard inside polygon? 0
0 other guards have coords 2.30796 5.48478
scaling gradient with 4 to -0.0850252 2.02676
	>>>> prev guard 2.29237 5.47031 cur guard 2.40574 5.63863
	was guard reflex vertex? 0
	was guard in reflex area? 0
	does guard intersect boundary ray 2.29237 5.47031 2.40574 5.63863?1
	is guard inside polygon? 0
0 other guards have coords 2.29814 5.47888
scaling gradient with 8 to -0.17005 4.05352
	>>>> prev guard 2.29237 5.47031 cur guard 2.40064 5.76023
	was guard reflex vertex? 0
	was guard in reflex area? 0
	does guard intersect boundary ray 2.29237 5.47031 2.40064 5.76023?1
	is guard inside polygon? 0
0 other guards have coords 2.29482 5.47689
scaling gradient with 16 to -0.340101 8.10703
	>>>> prev guard 2.29237 5.47031 cur guard 2.39044 6.00344
	was guard reflex vertex? 0
	was guard in reflex area? 0
	does guard intersect boundary ray 2.29237 5.47031 2.39044 6.00344?1
	is guard inside polygon? 0
0 other guards have coords 2.29342 5.47605
scaling gradient with 32 to -0.680202 16.2141
	>>>> prev guard 2.29237 5.47031 cur guard 2.37003 6.48986
	was guard reflex vertex? 0
	was guard in reflex area? 0
	does guard intersect boundary ray 2.29237 5.47031 2.37003 6.48986?1
	is guard inside polygon? 0
0 other guards have coords 2.29277 5.47566
---- official new best guard 2.41021 5.53222
Df=-0.00637689 0.152007
h=0.214621 0.00900366
Df=0.117842 0.0619075
h=0.214621 0.00900366
is completely visible? 0
are areas equal? 5.375=5.18113?0
+++++1 guards with gradient 0
	======== guard 4.34595 3.79055
	was guard reflex vertex? 0
	computed gradient 0.0897141 0.0252247 and pull -0.0217802 0.0723638
	------- removing guard 4.34595 3.79055
g1=4.34595 3.79055
area1=3.39966
alpha1=0.3
scaling gradient with 0.03125 to 0.00280356 0.000788271
	>>>> prev guard 4.34595 3.79055 cur guard 4.59834 3.81299
	was guard reflex vertex? 0
	was guard in reflex area? 0
	does guard intersect boundary ray 4.34595 3.79055 4.59834 3.81299?0
	is guard inside polygon? 1
0 other guards have coords 4.59834 3.81299
	 new best guard at 4.59834 3.81299
		new arrangement area = 5.20372
		old arrangement area = 5.18113
		new guard area = 3.5604
		best guard area = 3.39966
scaling gradient with 0.0625 to 0.00560713 0.00157654
	>>>> prev guard 4.34595 3.79055 cur guard 4.59851 3.81304
	was guard reflex vertex? 0
	was guard in reflex area? 0
	does guard intersect boundary ray 4.34595 3.79055 4.59851 3.81304?0
	is guard inside polygon? 1
0 other guards have coords 4.59851 3.81304
	 new best guard at 4.59851 3.81304
		new arrangement area = 5.20374
		old arrangement area = 5.20372
		new guard area = 3.56051
		best guard area = 3.5604
scaling gradient with 0.125 to 0.0112143 0.00315308
	>>>> prev guard 4.34595 3.79055 cur guard 4.59885 3.81314
	was guard reflex vertex? 0
	was guard in reflex area? 0
	does guard intersect boundary ray 4.34595 3.79055 4.59885 3.81314?0
	is guard inside polygon? 1
0 other guards have coords 4.59885 3.81314
	 new best guard at 4.59885 3.81314
		new arrangement area = 5.20378
		old arrangement area = 5.20374
		new guard area = 3.56072
		best guard area = 3.56051
scaling gradient with 0.25 to 0.0224285 0.00630616
	>>>> prev guard 4.34595 3.79055 cur guard 4.59952 3.81332
	was guard reflex vertex? 0
	was guard in reflex area? 0
	does guard intersect boundary ray 4.34595 3.79055 4.59952 3.81332?0
	is guard inside polygon? 1
0 other guards have coords 4.59952 3.81332
	 new best guard at 4.59952 3.81332
		new arrangement area = 5.20384
		old arrangement area = 5.20378
		new guard area = 3.56115
		best guard area = 3.56072
scaling gradient with 0.5 to 0.044857 0.0126123
	>>>> prev guard 4.34595 3.79055 cur guard 4.60087 3.8137
	was guard reflex vertex? 0
	was guard in reflex area? 0
	does guard intersect boundary ray 4.34595 3.79055 4.60087 3.8137?0
	is guard inside polygon? 1
0 other guards have coords 4.60087 3.8137
	 new best guard at 4.60087 3.8137
		new arrangement area = 5.20398
		old arrangement area = 5.20384
		new guard area = 3.56201
		best guard area = 3.56115
scaling gradient with 1 to 0.0897141 0.0252247
	>>>> prev guard 4.34595 3.79055 cur guard 4.60356 3.81446
	was guard reflex vertex? 0
	was guard in reflex area? 0
	does guard intersect boundary ray 4.34595 3.79055 4.60356 3.81446?0
	is guard inside polygon? 1
0 other guards have coords 4.60356 3.81446
	 new best guard at 4.60356 3.81446
		new arrangement area = 5.20425
		old arrangement area = 5.20398
		new guard area = 3.56372
		best guard area = 3.56201
scaling gradient with 2 to 0.179428 0.0504493
	>>>> prev guard 4.34595 3.79055 cur guard 4.60894 3.81597
	was guard reflex vertex? 0
	was guard in reflex area? 0
	does guard intersect boundary ray 4.34595 3.79055 4.60894 3.81597?0
	is guard inside polygon? 1
0 other guards have coords 4.60894 3.81597
	 new best guard at 4.60894 3.81597
		new arrangement area = 5.2048
		old arrangement area = 5.20425
		new guard area = 3.56715
		best guard area = 3.56372
scaling gradient with 4 to 0.358856 0.100899
	>>>> prev guard 4.34595 3.79055 cur guard 4.61971 3.819
	was guard reflex vertex? 0
	was guard in reflex area? 0
	does guard intersect boundary ray 4.34595 3.79055 4.61971 3.819?0
	is guard inside polygon? 1
0 other guards have coords 4.61971 3.819
	 new best guard at 4.61971 3.819
		new arrangement area = 5.20589
		old arrangement area = 5.2048
		new guard area = 3.57397
		best guard area = 3.56715
scaling gradient with 8 to 0.717713 0.201797
	>>>> prev guard 4.34595 3.79055 cur guard 4.64124 3.82505
	was guard reflex vertex? 0
	was guard in reflex area? 0
	does guard intersect boundary ray 4.34595 3.79055 4.64124 3.82505?0
	is guard inside polygon? 1
0 other guards have coords 4.64124 3.82505
	 new best guard at 4.64124 3.82505
		new arrangement area = 5.20811
		old arrangement area = 5.20589
		new guard area = 3.58752
		best guard area = 3.57397
scaling gradient with 16 to 1.43543 0.403595
	>>>> prev guard 4.34595 3.79055 cur guard 4.6843 3.83716
	was guard reflex vertex? 0
	was guard in reflex area? 0
	does guard intersect boundary ray 4.34595 3.79055 4.6843 3.83716?0
	is guard inside polygon? 1
0 other guards have coords 4.6843 3.83716
	 new best guard at 4.6843 3.83716
		new arrangement area = 5.21262
		old arrangement area = 5.20811
		new guard area = 3.61428
		best guard area = 3.58752
scaling gradient with 32 to 2.87085 0.807189
	>>>> prev guard 4.34595 3.79055 cur guard 4.77043 3.86138
	was guard reflex vertex? 0
	was guard in reflex area? 0
	does guard intersect boundary ray 4.34595 3.79055 4.77043 3.86138?0
	is guard inside polygon? 1
0 other guards have coords 4.77043 3.86138
	 new best guard at 4.77043 3.86138
		new arrangement area = 5.222
		old arrangement area = 5.21262
		new guard area = 3.66641
		best guard area = 3.61428
---- official new best guard 4.77043 3.86138
Df=-9.60472e-05 -0.000158646
h=-0.000392287 0.000237498
Df=0.0270103 0.00772604
h=-0.00614177 0.0214716
Df=0.424475 0.070823
h=-0.00653406 0.0217091
is completely visible? 0
are areas equal? 5.375=5.222?0
i=4
area=5.222
+++++2 guards with gradient 0
	======== guard 2.41021 5.53222
	was guard reflex vertex? 0
	computed gradient 0.0218643 0.400212 and pull 0.677555 -0.037016
	------- removing guard 2.41021 5.53222
g0=2.41021 5.53222
area0=2.41208
alpha0=0.3
scaling gradient with 0.03125 to 0.000683259 0.0125066
	>>>> prev guard 2.41021 5.53222 cur guard 2.54518 5.58028
	was guard reflex vertex? 0
	was guard in reflex area? 0
	does guard intersect boundary ray 2.41021 5.53222 2.54518 5.58028?0
	is guard inside polygon? 1
0 other guards have coords 2.54518 5.58028
	 new best guard at 2.54518 5.58028
		new arrangement area = 5.25346
		old arrangement area = 5.222
		new guard area = 2.61116
		best guard area = 2.41208
scaling gradient with 0.0625 to 0.00136652 0.0250133
	>>>> prev guard 2.41021 5.53222 cur guard 2.54522 5.58103
	was guard reflex vertex? 0
	was guard in reflex area? 0
	does guard intersect boundary ray 2.41021 5.53222 2.54522 5.58103?0
	is guard inside polygon? 1
0 other guards have coords 2.54522 5.58103
	 new best guard at 2.54522 5.58103
		new arrangement area = 5.25393
		old arrangement area = 5.25346
		new guard area = 2.61414
		best guard area = 2.61116
scaling gradient with 0.125 to 0.00273304 0.0500265
	>>>> prev guard 2.41021 5.53222 cur guard 2.5453 5.58253
	was guard reflex vertex? 0
	was guard in reflex area? 0
	does guard intersect boundary ray 2.41021 5.53222 2.5453 5.58253?0
	is guard inside polygon? 1
0 other guards have coords 2.5453 5.58253
	 new best guard at 2.5453 5.58253
		new arrangement area = 5.25487
		old arrangement area = 5.25393
		new guard area = 2.62012
		best guard area = 2.61414
scaling gradient with 0.25 to 0.00546607 0.100053
	>>>> prev guard 2.41021 5.53222 cur guard 2.54546 5.58553
	was guard reflex vertex? 0
	was guard in reflex area? 0
	does guard intersect boundary ray 2.41021 5.53222 2.54546 5.58553?0
	is guard inside polygon? 1
0 other guards have coords 2.54546 5.58553
	 new best guard at 2.54546 5.58553
		new arrangement area = 5.25678
		old arrangement area = 5.25487
		new guard area = 2.63217
		best guard area = 2.62012
scaling gradient with 0.5 to 0.0109321 0.200106
	>>>> prev guard 2.41021 5.53222 cur guard 2.54579 5.59153
	was guard reflex vertex? 0
	was guard in reflex area? 0
	does guard intersect boundary ray 2.41021 5.53222 2.54579 5.59153?0
	is guard inside polygon? 1
0 other guards have coords 2.54579 5.59153
	 new best guard at 2.54579 5.59153
		new arrangement area = 5.26066
		old arrangement area = 5.25678
		new guard area = 2.65666
		best guard area = 2.63217
scaling gradient with 1 to 0.0218643 0.400212
	>>>> prev guard 2.41021 5.53222 cur guard 2.54645 5.60354
	was guard reflex vertex? 0
	was guard in reflex area? 0
	does guard intersect boundary ray 2.41021 5.53222 2.54645 5.60354?0
	is guard inside polygon? 1
0 other guards have coords 2.54645 5.60354
	 new best guard at 2.54645 5.60354
		new arrangement area = 5.26868
		old arrangement area = 5.26066
		new guard area = 2.70731
		best guard area = 2.65666
scaling gradient with 2 to 0.0437286 0.800425
	>>>> prev guard 2.41021 5.53222 cur guard 2.54776 5.62755
	was guard reflex vertex? 0
	was guard in reflex area? 0
	does guard intersect boundary ray 2.41021 5.53222 2.54776 5.62755?0
	is guard inside polygon? 1
0 other guards have coords 2.54776 5.62755
	 new best guard at 2.54776 5.62755
		new arrangement area = 5.28588
		old arrangement area = 5.26868
		new guard area = 2.81577
		best guard area = 2.70731
scaling gradient with 4 to 0.0874572 1.60085
	>>>> prev guard 2.41021 5.53222 cur guard 2.55038 5.67558
	was guard reflex vertex? 0
	was guard in reflex area? 0
	does guard intersect boundary ray 2.41021 5.53222 2.55038 5.67558?1
	is guard inside polygon? 0
0 other guards have coords 2.4431 5.56586
scaling gradient with 8 to 0.174914 3.2017
	>>>> prev guard 2.41021 5.53222 cur guard 2.55563 5.77163
	was guard reflex vertex? 0
	was guard in reflex area? 0
	does guard intersect boundary ray 2.41021 5.53222 2.55563 5.77163?1
	is guard inside polygon? 0
0 other guards have coords 2.4235 5.5541
scaling gradient with 16 to 0.349829 6.4034
	>>>> prev guard 2.41021 5.53222 cur guard 2.56612 5.96373
	was guard reflex vertex? 0
	was guard in reflex area? 0
	does guard intersect boundary ray 2.41021 5.53222 2.56612 5.96373?1
	is guard inside polygon? 0
0 other guards have coords 2.41662 5.54997
scaling gradient with 32 to 0.699657 12.8068
	>>>> prev guard 2.41021 5.53222 cur guard 2.58711 6.34793
	was guard reflex vertex? 0
	was guard in reflex area? 0
	does guard intersect boundary ray 2.41021 5.53222 2.58711 6.34793?1
	is guard inside polygon? 0
0 other guards have coords 2.41367 5.5482
---- official new best guard 2.54776 5.62755
Df=0.00655929 0.120064
h=0.203267 -0.0111048
Df=0.13755 0.0953305
h=0.203267 -0.0111048
is completely visible? 0
are areas equal? 5.375=5.28588?0
+++++1 guards with gradient 0
	======== guard 4.77043 3.86138
	was guard reflex vertex? 0
	computed gradient 0.0411948 0.0275976 and pull -0.0207043 0.030078
	------- removing guard 4.77043 3.86138
g1=4.77043 3.86138
area1=3.66641
alpha1=0.3
scaling gradient with 0.03125 to 0.00128734 0.000862424
	>>>> prev guard 4.77043 3.86138 cur guard 5.10884 3.91989
	was guard reflex vertex? 0
	was guard in reflex area? 0
	does guard intersect boundary ray 4.77043 3.86138 5.10884 3.91989?0
	is guard inside polygon? 1
0 other guards have coords 5.10884 3.91989
	 new best guard at 5.10884 3.91989
		new arrangement area = 5.30034
		old arrangement area = 5.28588
		new guard area = 3.8397
		best guard area = 3.66641
scaling gradient with 0.0625 to 0.00257467 0.00172485
	>>>> prev guard 4.77043 3.86138 cur guard 5.10892 3.91994
	was guard reflex vertex? 0
	was guard in reflex area? 0
	does guard intersect boundary ray 4.77043 3.86138 5.10892 3.91994?0
	is guard inside polygon? 1
0 other guards have coords 5.10892 3.91994
	 new best guard at 5.10892 3.91994
		new arrangement area = 5.30035
		old arrangement area = 5.30034
		new guard area = 3.83975
		best guard area = 3.8397
scaling gradient with 0.125 to 0.00514935 0.00344969
	>>>> prev guard 4.77043 3.86138 cur guard 5.10907 3.92005
	was guard reflex vertex? 0
	was guard in reflex area? 0
	does guard intersect boundary ray 4.77043 3.86138 5.10907 3.92005?0
	is guard inside polygon? 1
0 other guards have coords 5.10907 3.92005
	 new best guard at 5.10907 3.92005
		new arrangement area = 5.30036
		old arrangement area = 5.30035
		new guard area = 3.83986
		best guard area = 3.83975
scaling gradient with 0.25 to 0.0102987 0.00689939
	>>>> prev guard 4.77043 3.86138 cur guard 5.10938 3.92025
	was guard reflex vertex? 0
	was guard in reflex area? 0
	does guard intersect boundary ray 4.77043 3.86138 5.10938 3.92025?0
	is guard inside polygon? 1
0 other guards have coords 5.10938 3.92025
	 new best guard at 5.10938 3.92025
		new arrangement area = 5.30038
		old arrangement area = 5.30036
		new guard area = 3.84006
		best guard area = 3.83986
scaling gradient with 0.5 to 0.0205974 0.0137988
	>>>> prev guard 4.77043 3.86138 cur guard 5.11 3.92067
	was guard reflex vertex? 0
	was guard in reflex area? 0
	does guard intersect boundary ray 4.77043 3.86138 5.11 3.92067?0
	is guard inside polygon? 1
0 other guards have coords 5.11 3.92067
	 new best guard at 5.11 3.92067
		new arrangement area = 5.30043
		old arrangement area = 5.30038
		new guard area = 3.84048
		best guard area = 3.84006
scaling gradient with 1 to 0.0411948 0.0275976
	>>>> prev guard 4.77043 3.86138 cur guard 5.11123 3.9215
	was guard reflex vertex? 0
	was guard in reflex area? 0
	does guard intersect boundary ray 4.77043 3.86138 5.11123 3.9215?0
	is guard inside polygon? 1
0 other guards have coords 5.11123 3.9215
	 new best guard at 5.11123 3.9215
		new arrangement area = 5.30052
		old arrangement area = 5.30043
		new guard area = 3.84131
		best guard area = 3.84048
scaling gradient with 2 to 0.0823896 0.0551951
	>>>> prev guard 4.77043 3.86138 cur guard 5.11371 3.92315
	was guard reflex vertex? 0
	was guard in reflex area? 0
	does guard intersect boundary ray 4.77043 3.86138 5.11371 3.92315?0
	is guard inside polygon? 1
0 other guards have coords 5.11371 3.92315
	 new best guard at 5.11371 3.92315
		new arrangement area = 5.3007
		old arrangement area = 5.30052
		new guard area = 3.84298
		best guard area = 3.84131
scaling gradient with 4 to 0.164779 0.11039
	>>>> prev guard 4.77043 3.86138 cur guard 5.11865 3.92646
	was guard reflex vertex? 0
	was guard in reflex area? 0
	does guard intersect boundary ray 4.77043 3.86138 5.11865 3.92646?0
	is guard inside polygon? 1
0 other guards have coords 5.11865 3.92646
	 new best guard at 5.11865 3.92646
		new arrangement area = 5.30107
		old arrangement area = 5.3007
		new guard area = 3.84631
		best guard area = 3.84298
scaling gradient with 8 to 0.329558 0.22078
	>>>> prev guard 4.77043 3.86138 cur guard 5.12854 3.93309
	was guard reflex vertex? 0
	was guard in reflex area? 0
	does guard intersect boundary ray 4.77043 3.86138 5.12854 3.93309?0
	is guard inside polygon? 1
0 other guards have coords 5.12854 3.93309
	 new best guard at 5.12854 3.93309
		new arrangement area = 5.30183
		old arrangement area = 5.30107
		new guard area = 3.85297
		best guard area = 3.84631
scaling gradient with 16 to 0.659116 0.441561
	>>>> prev guard 4.77043 3.86138 cur guard 5.14831 3.94633
	was guard reflex vertex? 0
	was guard in reflex area? 0
	does guard intersect boundary ray 4.77043 3.86138 5.14831 3.94633?0
	is guard inside polygon? 1
0 other guards have coords 5.14831 3.94633
	 new best guard at 5.14831 3.94633
		new arrangement area = 5.3034
		old arrangement area = 5.30183
		new guard area = 3.86631
		best guard area = 3.85297
scaling gradient with 32 to 1.31823 0.883122
	>>>> prev guard 4.77043 3.86138 cur guard 5.18786 3.97283
	was guard reflex vertex? 0
	was guard in reflex area? 0
	does guard intersect boundary ray 4.77043 3.86138 5.18786 3.97283?0
	is guard inside polygon? 1
0 other guards have coords 5.18786 3.97283
	 new best guard at 5.18786 3.97283
		new arrangement area = 5.30679
		old arrangement area = 5.3034
		new guard area = 3.89306
		best guard area = 3.86631
---- official new best guard 5.18786 3.97283
Df=-1.69667e-05 -9.42963e-05
h=-0.000120461 2.16745e-05
Df=0.0123754 0.00837356
h=-0.00609084 0.00900174
Df=0.417431 0.11145
h=-0.0062113 0.00902341
is completely visible? 0
are areas equal? 5.375=5.30679?0
i=5
area=5.30679
+++++2 guards with gradient 0
	======== guard 2.54776 5.62755
	was guard reflex vertex? 0
	computed gradient 0.122176 0.433182 and pull 0.92189 -0.260014
	------- removing guard 2.54776 5.62755
g0=2.54776 5.62755
area0=2.81577
alpha0=0.3
scaling gradient with 0.03125 to 0.00381801 0.0135369
	>>>> prev guard 2.54776 5.62755 cur guard 2.71334 5.68903
	was guard reflex vertex? 0
	was guard in reflex area? 0
	does guard intersect boundary ray 2.54776 5.62755 2.71334 5.68903?0
	is guard inside polygon? 1
0 other guards have coords 2.71334 5.68903
	 new best guard at 2.71334 5.68903
		new arrangement area = 5.375
		old arrangement area = 5.30679
		new guard area = 3.41643
		best guard area = 2.81577
scaling gradient with 0.0625 to 0.00763602 0.0270739
	>>>> prev guard 2.54776 5.62755 cur guard 2.71357 5.68984
	was guard reflex vertex? 0
	was guard in reflex area? 0
	does guard intersect boundary ray 2.54776 5.62755 2.71357 5.68984?0
	is guard inside polygon? 1
0 other guards have coords 2.71357 5.68984
	 new best guard at 2.71357 5.68984
		new arrangement area = 5.375
		old arrangement area = 5.375
		new guard area = 3.41731
		best guard area = 3.41643
scaling gradient with 0.125 to 0.015272 0.0541478
	>>>> prev guard 2.54776 5.62755 cur guard 2.71403 5.69146
	was guard reflex vertex? 0
	was guard in reflex area? 0
	does guard intersect boundary ray 2.54776 5.62755 2.71403 5.69146?0
	is guard inside polygon? 1
0 other guards have coords 2.71403 5.69146
	 new best guard at 2.71403 5.69146
		new arrangement area = 5.375
		old arrangement area = 5.375
		new guard area = 3.41907
		best guard area = 3.41731
scaling gradient with 0.25 to 0.0305441 0.108296
	>>>> prev guard 2.54776 5.62755 cur guard 2.71495 5.69471
	was guard reflex vertex? 0
	was guard in reflex area? 0
	does guard intersect boundary ray 2.54776 5.62755 2.71495 5.69471?0
	is guard inside polygon? 1
0 other guards have coords 2.71495 5.69471
	 new best guard at 2.71495 5.69471
		new arrangement area = 5.375
		old arrangement area = 5.375
		new guard area = 3.42262
		best guard area = 3.41907
scaling gradient with 0.5 to 0.0610882 0.216591
	>>>> prev guard 2.54776 5.62755 cur guard 2.71678 5.70121
	was guard reflex vertex? 0
	was guard in reflex area? 0
	does guard intersect boundary ray 2.54776 5.62755 2.71678 5.70121?0
	is guard inside polygon? 1
0 other guards have coords 2.71678 5.70121
	 new best guard at 2.71678 5.70121
		new arrangement area = 5.375
		old arrangement area = 5.375
		new guard area = 3.4298
		best guard area = 3.42262
scaling gradient with 1 to 0.122176 0.433182
	>>>> prev guard 2.54776 5.62755 cur guard 2.72044 5.71421
	was guard reflex vertex? 0
	was guard in reflex area? 0
	does guard intersect boundary ray 2.54776 5.62755 2.72044 5.71421?0
	is guard inside polygon? 1
0 other guards have coords 2.72044 5.71421
	 new best guard at 2.72044 5.71421
		new arrangement area = 5.375
		old arrangement area = 5.375
		new guard area = 3.44448
		best guard area = 3.4298
scaling gradient with 2 to 0.244353 0.866365
	>>>> prev guard 2.54776 5.62755 cur guard 2.72777 5.7402
	was guard reflex vertex? 0
	was guard in reflex area? 0
	does guard intersect boundary ray 2.54776 5.62755 2.72777 5.7402?1
	is guard inside polygon? 0
0 other guards have coords 2.5906 5.65436
scaling gradient with 4 to 0.488706 1.73273
	>>>> prev guard 2.54776 5.62755 cur guard 2.74243 5.79218
	was guard reflex vertex? 0
	was guard in reflex area? 0
	does guard intersect boundary ray 2.54776 5.62755 2.74243 5.79218?1
	is guard inside polygon? 0
0 other guards have coords 2.55225 5.63135
scaling gradient with 8 to 0.977411 3.46546
	>>>> prev guard 2.54776 5.62755 cur guard 2.77176 5.89614
	was guard reflex vertex? 0
	was guard in reflex area? 0
	does guard intersect boundary ray 2.54776 5.62755 2.77176 5.89614?1
	is guard inside polygon? 0
0 other guards have coords 2.5496 5.62976
scaling gradient with 16 to 1.95482 6.93092
	>>>> prev guard 2.54776 5.62755 cur guard 2.8304 6.10407
	was guard reflex vertex? 0
	was guard in reflex area? 0
	does guard intersect boundary ray 2.54776 5.62755 2.8304 6.10407?1
	is guard inside polygon? 0
0 other guards have coords 2.54877 5.62926
scaling gradient with 32 to 3.90964 13.8618
	>>>> prev guard 2.54776 5.62755 cur guard 2.94769 6.51993
	was guard reflex vertex? 0
	was guard in reflex area? 0
	does guard intersect boundary ray 2.54776 5.62755 2.94769 6.51993?1
	is guard inside polygon? 0
0 other guards have coords 2.54844 5.62906
---- official new best guard 2.72044 5.71421
Df=0.0366529 0.129955
h=0.276567 -0.0780041
Df=0.172684 0.0866545
h=0.276567 -0.0780041
is completely visible? 1
are areas equal? 5.375=5.375?1
i=7
area=5.375
g0=2.72044 5.71421
alpha0=0.3
area0=3.44448
g1=5.18786 3.97283
alpha1=0.3
area1=3.89306
