77
4 5 4 3
5 9 4 5
6 5 5 9
7 5 6 5
8 9 7 5
9 5 8 9
10 5 9 5
11 9 10 5
12 5 11 9
13 5 12 5
14 9 13 5
15 5 14 9
16 5 15 5
17 9 16 5
18 5 17 9
19 5 18 5
20 9 19 5
21 5 20 9
22 5 21 5
23 9 22 5
24 5 23 9
25 5 24 5
26 9 25 5
27 5 26 9
28 5 27 5
29 9 28 5
30 5 29 9
31 5 30 5
32 9 31 5
33 5 32 9
34 5 33 5
35 9 34 5
36 5 35 9
37 5 36 5
38 9 37 5
39 5 38 9
40 5 39 5
41 9 40 5
42 5 41 9
43 5 42 5
44 9 43 5
45 5 44 9
46 5 45 5
47 9 46 5
48 5 47 9
49 5 48 5
50 9 49 5
51 5 50 9
52 5 51 5
53 9 52 5
54 5 53 9
55 5 54 5
56 9 55 5
57 5 56 9
58 5 57 5
59 9 58 5
60 5 59 9
61 5 60 5
62 9 61 5
63 5 62 9
64 5 63 5
65 9 64 5
66 5 65 9
67 5 66 5
68 9 67 5
69 5 68 9
70 5 69 5
71 9 70 5
72 5 71 9
73 5 72 5
74 9 73 5
75 5 74 9
76 5 75 5
77 9 76 5
78 3 4 3
78 5 78 3
77 9 78 5
total area=248
i=0
area=156.93
+++++25 guards with gradient 0
	======== guard 4.1 4
	was guard reflex vertex? 0
	computed gradient 0 -0 and pull 0 0
	======== guard 4.2 4
	was guard reflex vertex? 0
	computed gradient 0 -0 and pull 0 0
	======== guard 4.3 4
	was guard reflex vertex? 0
	computed gradient 0 -0 and pull 0 0
	======== guard 4.4 4
	was guard reflex vertex? 0
	computed gradient 0 -0 and pull 0 0
	======== guard 4.5 4
	was guard reflex vertex? 0
	computed gradient 0 -0 and pull 0 0
	======== guard 4.6 4
	was guard reflex vertex? 0
	computed gradient 0 -0 and pull 0 0
	======== guard 4.7 4
	was guard reflex vertex? 0
	computed gradient 0 -0 and pull 0 0
	======== guard 4.8 4
	was guard reflex vertex? 0
	computed gradient 0 -0 and pull 0 0
	======== guard 4.9 4
	was guard reflex vertex? 0
	computed gradient 0 -0 and pull 0 0
	======== guard 5 4
	was guard reflex vertex? 0
	computed gradient 0 -0 and pull 0 0
	======== guard 5.1 4
	was guard reflex vertex? 0
	computed gradient 0 -0 and pull 0 0
	======== guard 5.2 4
	was guard reflex vertex? 0
	computed gradient 0 -0 and pull 0 0
	======== guard 5.3 4
	was guard reflex vertex? 0
	computed gradient 0 -0 and pull 0 0
	======== guard 5.4 4
	was guard reflex vertex? 0
	computed gradient 0 -0 and pull 0 0
	======== guard 5.5 4
	was guard reflex vertex? 0
	computed gradient 0 -0 and pull 0 0
	======== guard 5.6 4
	was guard reflex vertex? 0
	computed gradient 0 -0 and pull 0 0
	======== guard 5.7 4
	was guard reflex vertex? 0
	computed gradient 0 -0 and pull 0 0
	======== guard 5.8 4
	was guard reflex vertex? 0
	computed gradient 0 -0 and pull 0 0
	======== guard 5.9 4
	was guard reflex vertex? 0
	computed gradient 0 -0 and pull 0 0
	======== guard 6 4
	was guard reflex vertex? 0
	computed gradient -0 -0 and pull -0 0
	======== guard 6.1 4
	was guard reflex vertex? 0
	computed gradient -0 -0 and pull -0 0
	======== guard 6.2 4
	was guard reflex vertex? 0
	computed gradient -0 -0 and pull -0 0
	======== guard 6.3 4
	was guard reflex vertex? 0
	computed gradient -0 -0 and pull -0 0
	======== guard 6.4 4
	was guard reflex vertex? 0
	computed gradient -0 -0 and pull -0 0
	======== guard 6.5 4
	was guard reflex vertex? 0
	computed gradient 0.1736 -0.489712 and pull 0.10218 0.122611
	------- removing guard 6.5 4
g24=6.5 4
area24=155.597
alpha24=0.4
scaling gradient with 0.03125 to 0.00542499 -0.0153035
	>>>> prev guard 6.5 4 cur guard 6.50861 4.00858
	was guard reflex vertex? 0
	was guard in reflex area? 0
	does guard intersect boundary ray 6.5 4 6.50861 4.00858?0
	is guard inside polygon? 1
0 other guards have coords 6.50861 4.00858
	 new best guard at 6.50861 4.00858
scaling gradient with 0.0625 to 0.01085 -0.030607
	>>>> prev guard 6.5 4 cur guard 6.52454 4.02281
	was guard reflex vertex? 0
	was guard in reflex area? 0
	does guard intersect boundary ray 6.5 4 6.52454 4.02281?0
	is guard inside polygon? 1
0 other guards have coords 6.52454 4.02281
	 new best guard at 6.52454 4.02281
scaling gradient with 0.125 to 0.0216999 -0.061214
	>>>> prev guard 6.5 4 cur guard 6.54719 4.03911
	was guard reflex vertex? 0
	was guard in reflex area? 0
	does guard intersect boundary ray 6.5 4 6.54719 4.03911?0
	is guard inside polygon? 1
0 other guards have coords 6.54719 4.03911
	 new best guard at 6.54719 4.03911
scaling gradient with 0.25 to 0.0433999 -0.122428
	>>>> prev guard 6.5 4 cur guard 6.57696 4.05216
	was guard reflex vertex? 0
	was guard in reflex area? 0
	does guard intersect boundary ray 6.5 4 6.57696 4.05216?0
	is guard inside polygon? 1
0 other guards have coords 6.57696 4.05216
	 new best guard at 6.57696 4.05216
scaling gradient with 0.5 to 0.0867998 -0.244856
	>>>> prev guard 6.5 4 cur guard 6.61589 4.05282
	was guard reflex vertex? 0
	was guard in reflex area? 0
	does guard intersect boundary ray 6.5 4 6.61589 4.05282?0
	is guard inside polygon? 1
0 other guards have coords 6.61589 4.05282
	 new best guard at 6.61589 4.05282
scaling gradient with 1 to 0.1736 -0.489712
	>>>> prev guard 6.5 4 cur guard 6.6691 4.02398
	was guard reflex vertex? 0
	was guard in reflex area? 0
	does guard intersect boundary ray 6.5 4 6.6691 4.02398?0
	is guard inside polygon? 1
0 other guards have coords 6.6691 4.02398
	 new best guard at 6.6691 4.02398
scaling gradient with 2 to 0.347199 -0.979424
	>>>> prev guard 6.5 4 cur guard 6.74762 3.93236
	was guard reflex vertex? 0
	was guard in reflex area? 0
	does guard intersect boundary ray 6.5 4 6.74762 3.93236?0
	is guard inside polygon? 1
0 other guards have coords 6.74762 3.93236
	 new best guard at 6.74762 3.93236
scaling gradient with 4 to 0.694398 -1.95885
	>>>> prev guard 6.5 4 cur guard 6.87416 3.71217
	was guard reflex vertex? 0
	was guard in reflex area? 0
	does guard intersect boundary ray 6.5 4 6.87416 3.71217?0
	is guard inside polygon? 1
0 other guards have coords 6.87416 3.71217
	 new best guard at 6.87416 3.71217
scaling gradient with 8 to 1.3888 -3.9177
	>>>> prev guard 6.5 4 cur guard 7.09467 3.23241
	was guard reflex vertex? 0
	was guard in reflex area? 0
	does guard intersect boundary ray 6.5 4 7.09467 3.23241?0
	is guard inside polygon? 1
0 other guards have coords 7.09467 3.23241
	 new best guard at 7.09467 3.23241
scaling gradient with 16 to 2.77759 -7.83539
	>>>> prev guard 6.5 4 cur guard 7.50146 2.23158
	was guard reflex vertex? 0
	was guard in reflex area? 0
	does guard intersect boundary ray 6.5 4 7.50146 2.23158?1
	is guard inside polygon? 0
0 other guards have coords 7.0663 3
	 new best guard at 7.0663 3
scaling gradient with 32 to 5.55519 -15.6708
	>>>> prev guard 6.5 4 cur guard 7.84432 0.955482
	was guard reflex vertex? 0
	was guard in reflex area? 0
	does guard intersect boundary ray 6.5 4 7.84432 0.955482?1
	is guard inside polygon? 0
0 other guards have coords 6.94156 3
	 new best guard at 6.94156 3
Df=0 0
h=0 0
Df=0.00954127 -0.0333945
h=0.00917416 0.00262119
Df=0 0
h=0 0
Df=0.00329597 -0.0214238
h=0.00325764 0.000501175
Df=0 0
h=0 0
Df=0.00164371 -0.0156152
h=0.00163468 0.000172071
Df=0 0
h=0 0
Df=0.000980817 -0.0122602
h=0.000977693 7.82155e-05
Df=0 0
h=0 0
Df=0.000650664 -0.0100853
h=0.000649314 4.18912e-05
Df=0 0
h=0 0
Df=0.000462884 -0.00856335
h=0.000462209 2.49843e-05
Df=0 0
h=0 0
Df=0.000346023 -0.0074395
h=0.000345649 1.60767e-05
Df=0 0
h=0 0
Df=0.000268404 -0.0065759
h=0.000268181 1.09462e-05
Df=0 0
h=0 0
Df=0.000214243 -0.00589168
h=0.000214101 7.78551e-06
Df=0 0
h=0 0
Df=0.00017496 -0.00533627
h=0.000174866 5.7333e-06
Df=0 0
h=0 0
Df=0.000145566 -0.00487646
h=0.000145501 4.34332e-06
Df=0 0
h=0 0
Df=0.000123001 -0.00448955
h=0.000122955 3.36863e-06
Df=0 0
h=0 0
Df=0.000105303 -0.00415948
h=0.000105269 2.66505e-06
Df=0 0
h=0 0
Df=9.11668e-05 -0.00387459
h=9.11416e-05 2.14451e-06
Df=0 0
h=0 0
Df=7.96968e-05 -0.00362621
h=7.96776e-05 1.75116e-06
Df=0 0
h=0 0
Df=7.02626e-05 -0.00340774
h=7.02477e-05 1.44841e-06
Df=0 0
h=0 0
Df=6.24094e-05 -0.00321409
h=6.23977e-05 1.21161e-06
Df=0 0
h=0 0
Df=5.58028e-05 -0.00304125
h=5.57934e-05 1.02373e-06
Df=0 0
h=0 0
Df=5.01922e-05 -0.00288605
h=5.01846e-05 8.72776e-07
Df=0 0
h=0 0
Df=4.53871e-05 -0.00274592
h=4.53809e-05 7.50098e-07
Df=0 0
h=0 0
Df=4.12404e-05 -0.00261876
h=4.12352e-05 6.49374e-07
Df=0 0
h=0 0
Df=3.7637e-05 -0.00250286
h=3.76327e-05 5.65905e-07
Df=0 0
h=0 0
Df=3.4486e-05 -0.00239678
h=3.44824e-05 4.9615e-07
Df=0 0
h=0 0
Df=0.0509187 -0.0254594
h=0.0227716 0.0455431
Df=0.778022 -2.04452
h=0.0408719 0.0490445
is completely visible? 0
are areas equal? 248=160.629?0
+++++24 guards with gradient 0
	======== guard 4.1 4
	was guard reflex vertex? 0
	computed gradient 0 -0 and pull 0 0
	======== guard 4.2 4
	was guard reflex vertex? 0
	computed gradient 0 -0 and pull 0 0
	======== guard 4.3 4
	was guard reflex vertex? 0
	computed gradient 0 -0 and pull 0 0
	======== guard 4.4 4
	was guard reflex vertex? 0
	computed gradient 0 -0 and pull 0 0
	======== guard 4.5 4
	was guard reflex vertex? 0
	computed gradient 0 -0 and pull 0 0
	======== guard 4.6 4
	was guard reflex vertex? 0
	computed gradient 0 -0 and pull 0 0
	======== guard 4.7 4
	was guard reflex vertex? 0
	computed gradient 0 -0 and pull 0 0
	======== guard 4.8 4
	was guard reflex vertex? 0
	computed gradient 0 -0 and pull 0 0
	======== guard 4.9 4
	was guard reflex vertex? 0
	computed gradient 0 -0 and pull 0 0
	======== guard 5 4
	was guard reflex vertex? 0
	computed gradient 0 -0 and pull 0 0
	======== guard 5.1 4
	was guard reflex vertex? 0
	computed gradient 0 -0 and pull 0 0
	======== guard 5.2 4
	was guard reflex vertex? 0
	computed gradient 0 -0 and pull 0 0
	======== guard 5.3 4
	was guard reflex vertex? 0
	computed gradient 0 -0 and pull 0 0
	======== guard 5.4 4
	was guard reflex vertex? 0
	computed gradient 0 -0 and pull 0 0
	======== guard 5.5 4
	was guard reflex vertex? 0
	computed gradient 0 -0 and pull 0 0
	======== guard 5.6 4
	was guard reflex vertex? 0
	computed gradient 0 -0 and pull 0 0
	======== guard 5.7 4
	was guard reflex vertex? 0
	computed gradient 0 -0 and pull 0 0
	======== guard 5.8 4
	was guard reflex vertex? 0
	computed gradient 0 -0 and pull 0 0
	======== guard 5.9 4
	was guard reflex vertex? 0
	computed gradient 0 -0 and pull 0 0
	======== guard 6 4
	was guard reflex vertex? 0
	computed gradient -0 -0 and pull -0 0
	======== guard 6.1 4
	was guard reflex vertex? 0
	computed gradient -0 -0 and pull -0 0
	======== guard 6.2 4
	was guard reflex vertex? 0
	computed gradient -0 -0 and pull -0 0
	======== guard 6.3 4
	was guard reflex vertex? 0
	computed gradient -0 -0 and pull -0 0
	======== guard 6.4 4
	was guard reflex vertex? 0
	computed gradient 0.177766 -0.502431 and pull 0.112269 0.122212
	------- removing guard 6.4 4
g23=6.4 4
area23=155.668
alpha23=0.4
scaling gradient with 0.03125 to 0.00555518 -0.015701
	>>>> prev guard 6.4 4 cur guard 6.40943 4.00852
	was guard reflex vertex? 0
	was guard in reflex area? 0
	does guard intersect boundary ray 6.4 4 6.40943 4.00852?0
	is guard inside polygon? 1
0 other guards have coords 6.40943 4.00852
	 new best guard at 6.40943 4.00852
scaling gradient with 0.0625 to 0.0111104 -0.0314019
	>>>> prev guard 6.4 4 cur guard 6.42684 4.0226
	was guard reflex vertex? 0
	was guard in reflex area? 0
	does guard intersect boundary ray 6.4 4 6.42684 4.0226?0
	is guard inside polygon? 1
0 other guards have coords 6.42684 4.0226
scaling gradient with 0.125 to 0.0222207 -0.0628038
	>>>> prev guard 6.4 4 cur guard 6.45153 4.03862
	was guard reflex vertex? 0
	was guard in reflex area? 0
	does guard intersect boundary ray 6.4 4 6.45153 4.03862?0
	is guard inside polygon? 1
0 other guards have coords 6.45153 4.03862
scaling gradient with 0.25 to 0.0444414 -0.125608
	>>>> prev guard 6.4 4 cur guard 6.48381 4.05116
	was guard reflex vertex? 0
	was guard in reflex area? 0
	does guard intersect boundary ray 6.4 4 6.48381 4.05116?0
	is guard inside polygon? 1
0 other guards have coords 6.48381 4.05116
scaling gradient with 0.5 to 0.0888828 -0.251215
	>>>> prev guard 6.4 4 cur guard 6.52573 4.05088
	was guard reflex vertex? 0
	was guard in reflex area? 0
	does guard intersect boundary ray 6.4 4 6.52573 4.05088?0
	is guard inside polygon? 1
0 other guards have coords 6.52573 4.05088
scaling gradient with 1 to 0.177766 -0.502431
	>>>> prev guard 6.4 4 cur guard 6.58247 4.02023
	was guard reflex vertex? 0
	was guard in reflex area? 0
	does guard intersect boundary ray 6.4 4 6.58247 4.02023?0
	is guard inside polygon? 1
0 other guards have coords 6.58247 4.02023
scaling gradient with 2 to 0.355531 -1.00486
	>>>> prev guard 6.4 4 cur guard 6.66529 3.9251
	was guard reflex vertex? 0
	was guard in reflex area? 0
	does guard intersect boundary ray 6.4 4 6.66529 3.9251?0
	is guard inside polygon? 1
0 other guards have coords 6.66529 3.9251
	 new best guard at 6.66529 3.9251
scaling gradient with 4 to 0.711063 -2.00972
	>>>> prev guard 6.4 4 cur guard 6.79741 3.698
	was guard reflex vertex? 0
	was guard in reflex area? 0
	does guard intersect boundary ray 6.4 4 6.79741 3.698?0
	is guard inside polygon? 1
0 other guards have coords 6.79741 3.698
	 new best guard at 6.79741 3.698
scaling gradient with 8 to 1.42213 -4.01944
	>>>> prev guard 6.4 4 cur guard 7.02586 3.20454
	was guard reflex vertex? 0
	was guard in reflex area? 0
	does guard intersect boundary ray 6.4 4 7.02586 3.20454?0
	is guard inside polygon? 1
0 other guards have coords 7.02586 3.20454
	 new best guard at 7.02586 3.20454
scaling gradient with 16 to 2.84425 -8.03889
	>>>> prev guard 6.4 4 cur guard 7.44514 2.17643
	was guard reflex vertex? 0
	was guard in reflex area? 0
	does guard intersect boundary ray 6.4 4 7.44514 2.17643?1
	is guard inside polygon? 0
0 other guards have coords 6.97313 3
	 new best guard at 6.97313 3
scaling gradient with 32 to 5.6885 -16.0778
	>>>> prev guard 6.4 4 cur guard 7.77261 0.901072
	was guard reflex vertex? 0
	was guard in reflex area? 0
	does guard intersect boundary ray 6.4 4 7.77261 0.901072?1
	is guard inside polygon? 0
0 other guards have coords 6.84293 3
	 new best guard at 6.84293 3
Df=0 0
h=0 0
Df=0.00911522 -0.0328148
h=0.00878268 0.00243963
Df=0 0
h=0 0
Df=0.00320662 -0.0211637
h=0.00317043 0.000480368
Df=0 0
h=0 0
Df=0.00161193 -0.0154745
h=0.00160325 0.000167005
Df=0 0
h=0 0
Df=0.000966097 -0.0121728
h=0.000963069 7.6434e-05
Df=0 0
h=0 0
Df=0.000642688 -0.0100259
h=0.000641372 4.11136e-05
Df=0 0
h=0 0
Df=0.00045809 -0.00852047
h=0.000457429 2.4593e-05
Df=0 0
h=0 0
Df=0.00034292 -0.00740708
h=0.000342554 1.5859e-05
Df=0 0
h=0 0
Df=0.000266282 -0.00655055
h=0.000266063 1.08156e-05
Df=0 0
h=0 0
Df=0.000212729 -0.00587131
h=0.000212589 7.70251e-06
Df=0 0
h=0 0
Df=0.000173842 -0.00531955
h=0.000173749 5.67807e-06
Df=0 0
h=0 0
Df=0.000144717 -0.00486249
h=0.000144653 4.30515e-06
Df=0 0
h=0 0
Df=0.000122342 -0.0044777
h=0.000122296 3.34142e-06
Df=0 0
h=0 0
Df=0.00010478 -0.00414931
h=0.000104747 2.64513e-06
Df=0 0
h=0 0
Df=9.07456e-05 -0.00386576
h=9.07206e-05 2.12959e-06
Df=0 0
h=0 0
Df=7.93525e-05 -0.00361847
h=7.93334e-05 1.73977e-06
Df=0 0
h=0 0
Df=6.99775e-05 -0.00340091
h=6.99627e-05 1.43956e-06
Df=0 0
h=0 0
Df=6.21707e-05 -0.00320801
h=6.2159e-05 1.20463e-06
Df=0 0
h=0 0
Df=5.56009e-05 -0.00303581
h=5.55916e-05 1.01816e-06
Df=0 0
h=0 0
Df=5.002e-05 -0.00288115
h=5.00125e-05 8.68272e-07
Df=0 0
h=0 0
Df=4.5239e-05 -0.00274148
h=4.52328e-05 7.46417e-07
Df=0 0
h=0 0
Df=4.11121e-05 -0.00261473
h=4.1107e-05 6.46336e-07
Df=0 0
h=0 0
Df=3.75251e-05 -0.00249917
h=3.75209e-05 5.63376e-07
Df=0 0
h=0 0
Df=3.43879e-05 -0.00239339
h=3.43843e-05 4.94027e-07
Df=0 0
h=0 0
Df=0.0531719 -0.0319031
h=0.0273567 0.0455945
Df=0.799485 -2.09893
h=0.0449076 0.0488849
is completely visible? 0
are areas equal? 248=160.629?0
+++++23 guards with gradient 0
	======== guard 4.1 4
	was guard reflex vertex? 0
	computed gradient 0 -0 and pull 0 0
	======== guard 4.2 4
	was guard reflex vertex? 0
	computed gradient 0 -0 and pull 0 0
	======== guard 4.3 4
	was guard reflex vertex? 0
	computed gradient 0 -0 and pull 0 0
	======== guard 4.4 4
	was guard reflex vertex? 0
	computed gradient 0 -0 and pull 0 0
	======== guard 4.5 4
	was guard reflex vertex? 0
	computed gradient 0 -0 and pull 0 0
	======== guard 4.6 4
	was guard reflex vertex? 0
	computed gradient 0 -0 and pull 0 0
	======== guard 4.7 4
	was guard reflex vertex? 0
	computed gradient 0 -0 and pull 0 0
	======== guard 4.8 4
	was guard reflex vertex? 0
	computed gradient 0 -0 and pull 0 0
	======== guard 4.9 4
	was guard reflex vertex? 0
	computed gradient 0 -0 and pull 0 0
	======== guard 5 4
	was guard reflex vertex? 0
	computed gradient 0 -0 and pull 0 0
	======== guard 5.1 4
	was guard reflex vertex? 0
	computed gradient 0 -0 and pull 0 0
	======== guard 5.2 4
	was guard reflex vertex? 0
	computed gradient 0 -0 and pull 0 0
	======== guard 5.3 4
	was guard reflex vertex? 0
	computed gradient 0 -0 and pull 0 0
	======== guard 5.4 4
	was guard reflex vertex? 0
	computed gradient 0 -0 and pull 0 0
	======== guard 5.5 4
	was guard reflex vertex? 0
	computed gradient 0 -0 and pull 0 0
	======== guard 5.6 4
	was guard reflex vertex? 0
	computed gradient 0 -0 and pull 0 0
	======== guard 5.7 4
	was guard reflex vertex? 0
	computed gradient 0 -0 and pull 0 0
	======== guard 5.8 4
	was guard reflex vertex? 0
	computed gradient 0 -0 and pull 0 0
	======== guard 5.9 4
	was guard reflex vertex? 0
	computed gradient 0 -0 and pull 0 0
	======== guard 6 4
	was guard reflex vertex? 0
	computed gradient -0 -0 and pull -0 0
	======== guard 6.1 4
	was guard reflex vertex? 0
	computed gradient -0 -0 and pull -0 0
	======== guard 6.2 4
	was guard reflex vertex? 0
	computed gradient -0 -0 and pull -0 0
	======== guard 6.3 4
	was guard reflex vertex? 0
	computed gradient 0.174665 -0.511202 and pull 0.117821 0.115237
	------- removing guard 6.3 4
g22=6.3 4
area22=155.956
alpha22=0.4
scaling gradient with 0.03125 to 0.00545827 -0.0159751
	>>>> prev guard 6.3 4 cur guard 6.30986 4.00794
	was guard reflex vertex? 0
	was guard in reflex area? 0
	does guard intersect boundary ray 6.3 4 6.30986 4.00794?0
	is guard inside polygon? 1
0 other guards have coords 6.30986 4.00794
	 new best guard at 6.30986 4.00794
scaling gradient with 0.0625 to 0.0109165 -0.0319501
	>>>> prev guard 6.3 4 cur guard 6.32805 4.02096
	was guard reflex vertex? 0
	was guard in reflex area? 0
	does guard intersect boundary ray 6.3 4 6.32805 4.02096?0
	is guard inside polygon? 1
0 other guards have coords 6.32805 4.02096
scaling gradient with 0.125 to 0.0218331 -0.0639002
	>>>> prev guard 6.3 4 cur guard 6.35377 4.03548
	was guard reflex vertex? 0
	was guard in reflex area? 0
	does guard intersect boundary ray 6.3 4 6.35377 4.03548?0
	is guard inside polygon? 1
0 other guards have coords 6.35377 4.03548
scaling gradient with 0.25 to 0.0436662 -0.1278
	>>>> prev guard 6.3 4 cur guard 6.38727 4.04609
	was guard reflex vertex? 0
	was guard in reflex area? 0
	does guard intersect boundary ray 6.3 4 6.38727 4.04609?0
	is guard inside polygon? 1
0 other guards have coords 6.38727 4.04609
scaling gradient with 0.5 to 0.0873324 -0.255601
	>>>> prev guard 6.3 4 cur guard 6.43048 4.04335
	was guard reflex vertex? 0
	was guard in reflex area? 0
	does guard intersect boundary ray 6.3 4 6.43048 4.04335?0
	is guard inside polygon? 1
0 other guards have coords 6.43048 4.04335
scaling gradient with 1 to 0.174665 -0.511202
	>>>> prev guard 6.3 4 cur guard 6.48845 4.00948
	was guard reflex vertex? 0
	was guard in reflex area? 0
	does guard intersect boundary ray 6.3 4 6.48845 4.00948?0
	is guard inside polygon? 1
0 other guards have coords 6.48845 4.00948
scaling gradient with 2 to 0.34933 -1.0224
	>>>> prev guard 6.3 4 cur guard 6.5722 3.90981
	was guard reflex vertex? 0
	was guard in reflex area? 0
	does guard intersect boundary ray 6.3 4 6.5722 3.90981?0
	is guard inside polygon? 1
0 other guards have coords 6.5722 3.90981
	 new best guard at 6.5722 3.90981
scaling gradient with 4 to 0.698659 -2.04481
	>>>> prev guard 6.3 4 cur guard 6.70451 3.67571
	was guard reflex vertex? 0
	was guard in reflex area? 0
	does guard intersect boundary ray 6.3 4 6.70451 3.67571?0
	is guard inside polygon? 1
0 other guards have coords 6.70451 3.67571
	 new best guard at 6.70451 3.67571
scaling gradient with 8 to 1.39732 -4.08961
	>>>> prev guard 6.3 4 cur guard 6.93157 3.17048
	was guard reflex vertex? 0
	was guard in reflex area? 0
	does guard intersect boundary ray 6.3 4 6.93157 3.17048?0
	is guard inside polygon? 1
0 other guards have coords 6.93157 3.17048
	 new best guard at 6.93157 3.17048
scaling gradient with 16 to 2.79464 -8.17923
	>>>> prev guard 6.3 4 cur guard 7.34622 2.12117
	was guard reflex vertex? 0
	was guard in reflex area? 0
	does guard intersect boundary ray 6.3 4 7.34622 2.12117?1
	is guard inside polygon? 0
0 other guards have coords 6.85685 3
	 new best guard at 6.85685 3
scaling gradient with 32 to 5.58927 -16.3585
	>>>> prev guard 6.3 4 cur guard 7.64513 0.861099
	was guard reflex vertex? 0
	was guard in reflex area? 0
	does guard intersect boundary ray 6.3 4 7.64513 0.861099?1
	is guard inside polygon? 0
0 other guards have coords 6.72854 3
	 new best guard at 6.72854 3
Df=0 0
h=0 0
Df=0.00871652 -0.0322511
h=0.00841461 0.00227422
Df=0 0
h=0 0
Df=0.00312083 -0.0209096
h=0.00308664 0.000460693
Df=0 0
h=0 0
Df=0.00158105 -0.0153362
h=0.00157272 0.000162136
Df=0 0
h=0 0
Df=0.000951706 -0.0120867
h=0.000948769 7.47063e-05
Df=0 0
h=0 0
Df=0.000634858 -0.00996727
h=0.000633574 4.0355e-05
Df=0 0
h=0 0
Df=0.000453369 -0.00847801
h=0.000452722 2.42098e-05
Df=0 0
h=0 0
Df=0.000339859 -0.00737495
h=0.000339499 1.56451e-05
Df=0 0
h=0 0
Df=0.000264186 -0.00652539
h=0.00026397 1.0687e-05
Df=0 0
h=0 0
Df=0.000211231 -0.00585109
h=0.000211093 7.62069e-06
Df=0 0
h=0 0
Df=0.000172734 -0.00530294
h=0.000172643 5.62354e-06
Df=0 0
h=0 0
Df=0.000143876 -0.00484861
h=0.000143812 4.26743e-06
Df=0 0
h=0 0
Df=0.000121687 -0.00446592
h=0.000121642 3.3145e-06
Df=0 0
h=0 0
Df=0.000104262 -0.00413919
h=0.000104229 2.62541e-06
Df=0 0
h=0 0
Df=9.03273e-05 -0.00385698
h=9.03026e-05 2.11481e-06
Df=0 0
h=0 0
Df=7.90104e-05 -0.00361077
h=7.89915e-05 1.72848e-06
Df=0 0
h=0 0
Df=6.96941e-05 -0.0033941
h=6.96794e-05 1.43079e-06
Df=0 0
h=0 0
Df=6.19334e-05 -0.00320195
h=6.19218e-05 1.19771e-06
Df=0 0
h=0 0
Df=5.54002e-05 -0.00303039
h=5.53909e-05 1.01263e-06
Df=0 0
h=0 0
Df=4.98487e-05 -0.00287627
h=4.98412e-05 8.63799e-07
Df=0 0
h=0 0
Df=4.50916e-05 -0.00273706
h=4.50855e-05 7.42759e-07
Df=0 0
h=0 0
Df=4.09844e-05 -0.0026107
h=4.09793e-05 6.43317e-07
Df=0 0
h=0 0
Df=3.74137e-05 -0.00249549
h=3.74095e-05 5.60862e-07
Df=0 0
h=0 0
Df=3.42901e-05 -0.00239002
h=3.42866e-05 4.91917e-07
Df=0 0
h=0 0
Df=0.0524858 -0.03674
h=0.0300986 0.042998
Df=0.788285 -2.1389
h=0.0471284 0.0460949
is completely visible? 0
are areas equal? 248=160.629?0
+++++22 guards with gradient 0
	======== guard 4.1 4
	was guard reflex vertex? 0
	computed gradient 0 -0 and pull 0 0
	======== guard 4.2 4
	was guard reflex vertex? 0
	computed gradient 0 -0 and pull 0 0
	======== guard 4.3 4
	was guard reflex vertex? 0
	computed gradient 0 -0 and pull 0 0
	======== guard 4.4 4
	was guard reflex vertex? 0
	computed gradient 0 -0 and pull 0 0
	======== guard 4.5 4
	was guard reflex vertex? 0
	computed gradient 0 -0 and pull 0 0
	======== guard 4.6 4
	was guard reflex vertex? 0
	computed gradient 0 -0 and pull 0 0
	======== guard 4.7 4
	was guard reflex vertex? 0
	computed gradient 0 -0 and pull 0 0
	======== guard 4.8 4
	was guard reflex vertex? 0
	computed gradient 0 -0 and pull 0 0
	======== guard 4.9 4
	was guard reflex vertex? 0
	computed gradient 0 -0 and pull 0 0
	======== guard 5 4
	was guard reflex vertex? 0
	computed gradient 0 -0 and pull 0 0
	======== guard 5.1 4
	was guard reflex vertex? 0
	computed gradient 0 -0 and pull 0 0
	======== guard 5.2 4
	was guard reflex vertex? 0
	computed gradient 0 -0 and pull 0 0
	======== guard 5.3 4
	was guard reflex vertex? 0
	computed gradient 0 -0 and pull 0 0
	======== guard 5.4 4
	was guard reflex vertex? 0
	computed gradient 0 -0 and pull 0 0
	======== guard 5.5 4
	was guard reflex vertex? 0
	computed gradient 0 -0 and pull 0 0
	======== guard 5.6 4
	was guard reflex vertex? 0
	computed gradient 0 -0 and pull 0 0
	======== guard 5.7 4
	was guard reflex vertex? 0
	computed gradient 0 -0 and pull 0 0
	======== guard 5.8 4
	was guard reflex vertex? 0
	computed gradient 0 -0 and pull 0 0
	======== guard 5.9 4
	was guard reflex vertex? 0
	computed gradient 0 -0 and pull 0 0
	======== guard 6 4
	was guard reflex vertex? 0
	computed gradient -0 -0 and pull -0 0
	======== guard 6.1 4
	was guard reflex vertex? 0
	computed gradient -0 -0 and pull -0 0
	======== guard 6.2 4
	was guard reflex vertex? 0
	computed gradient 0.168033 -0.516814 and pull 0.119983 0.105604
	------- removing guard 6.2 4
g21=6.2 4
area21=156.095
alpha21=0.4
scaling gradient with 0.03125 to 0.00525104 -0.0161504
	>>>> prev guard 6.2 4 cur guard 6.21002 4.00716
	was guard reflex vertex? 0
	was guard in reflex area? 0
	does guard intersect boundary ray 6.2 4 6.21002 4.00716?0
	is guard inside polygon? 1
0 other guards have coords 6.21002 4.00716
	 new best guard at 6.21002 4.00716
scaling gradient with 0.0625 to 0.0105021 -0.0323009
	>>>> prev guard 6.2 4 cur guard 6.22847 4.01875
	was guard reflex vertex? 0
	was guard in reflex area? 0
	does guard intersect boundary ray 6.2 4 6.22847 4.01875?0
	is guard inside polygon? 1
0 other guards have coords 6.22847 4.01875
scaling gradient with 0.125 to 0.0210042 -0.0646017
	>>>> prev guard 6.2 4 cur guard 6.25451 4.0313
	was guard reflex vertex? 0
	was guard in reflex area? 0
	does guard intersect boundary ray 6.2 4 6.25451 4.0313?0
	is guard inside polygon? 1
0 other guards have coords 6.25451 4.0313
scaling gradient with 0.25 to 0.0420084 -0.129203
	>>>> prev guard 6.2 4 cur guard 6.28831 4.03945
	was guard reflex vertex? 0
	was guard in reflex area? 0
	does guard intersect boundary ray 6.2 4 6.28831 4.03945?0
	is guard inside polygon? 1
0 other guards have coords 6.28831 4.03945
scaling gradient with 0.5 to 0.0840167 -0.258407
	>>>> prev guard 6.2 4 cur guard 6.33166 4.03375
	was guard reflex vertex? 0
	was guard in reflex area? 0
	does guard intersect boundary ray 6.2 4 6.33166 4.03375?0
	is guard inside polygon? 1
0 other guards have coords 6.33166 4.03375
scaling gradient with 1 to 0.168033 -0.516814
	>>>> prev guard 6.2 4 cur guard 6.38939 3.99629
	was guard reflex vertex? 0
	was guard in reflex area? 0
	does guard intersect boundary ray 6.2 4 6.38939 3.99629?0
	is guard inside polygon? 1
0 other guards have coords 6.38939 3.99629
scaling gradient with 2 to 0.336067 -1.03363
	>>>> prev guard 6.2 4 cur guard 6.47205 3.89208
	was guard reflex vertex? 0
	was guard in reflex area? 0
	does guard intersect boundary ray 6.2 4 6.47205 3.89208?0
	is guard inside polygon? 1
0 other guards have coords 6.47205 3.89208
	 new best guard at 6.47205 3.89208
scaling gradient with 4 to 0.672134 -2.06726
	>>>> prev guard 6.2 4 cur guard 6.60155 3.65178
	was guard reflex vertex? 0
	was guard in reflex area? 0
	does guard intersect boundary ray 6.2 4 6.60155 3.65178?0
	is guard inside polygon? 1
0 other guards have coords 6.60155 3.65178
	 new best guard at 6.60155 3.65178
scaling gradient with 8 to 1.34427 -4.13451
	>>>> prev guard 6.2 4 cur guard 6.82229 3.13723
	was guard reflex vertex? 0
	was guard in reflex area? 0
	does guard intersect boundary ray 6.2 4 6.82229 3.13723?0
	is guard inside polygon? 1
0 other guards have coords 6.82229 3.13723
	 new best guard at 6.82229 3.13723
scaling gradient with 16 to 2.68853 -8.26902
	>>>> prev guard 6.2 4 cur guard 7.22356 2.07252
	was guard reflex vertex? 0
	was guard in reflex area? 0
	does guard intersect boundary ray 6.2 4 7.22356 2.07252?1
	is guard inside polygon? 0
0 other guards have coords 6.73104 3
	 new best guard at 6.73104 3
scaling gradient with 32 to 5.37707 -16.538
	>>>> prev guard 6.2 4 cur guard 7.49182 0.833633
	was guard reflex vertex? 0
	was guard in reflex area? 0
	does guard intersect boundary ray 6.2 4 7.49182 0.833633?1
	is guard inside polygon? 0
0 other guards have coords 6.60798 3
	 new best guard at 6.60798 3
Df=0 0
h=0 0
Df=0.00834293 -0.0317031
h=0.00806823 0.00212322
Df=0 0
h=0 0
Df=0.00303843 -0.0206613
h=0.0030061 0.000442073
Df=0 0
h=0 0
Df=0.00155106 -0.0152004
h=0.00154305 0.000157454
Df=0 0
h=0 0
Df=0.000937633 -0.0120017
h=0.000934785 7.30301e-05
Df=0 0
h=0 0
Df=0.00062717 -0.00990929
h=0.000625918 3.9615e-05
Df=0 0
h=0 0
Df=0.000448722 -0.00843597
h=0.000448088 2.38345e-05
Df=0 0
h=0 0
Df=0.000336839 -0.00734309
h=0.000336485 1.54351e-05
Df=0 0
h=0 0
Df=0.000262114 -0.00650042
h=0.000261901 1.05605e-05
Df=0 0
h=0 0
Df=0.000209748 -0.005831
h=0.000209613 7.54002e-06
Df=0 0
h=0 0
Df=0.000171637 -0.00528643
h=0.000171547 5.5697e-06
Df=0 0
h=0 0
Df=0.000143041 -0.0048348
h=0.000142979 4.23014e-06
Df=0 0
h=0 0
Df=0.000121038 -0.0044542
h=0.000120993 3.28787e-06
Df=0 0
h=0 0
Df=0.000103747 -0.00412912
h=0.000103714 2.60588e-06
Df=0 0
h=0 0
Df=8.99119e-05 -0.00384823
h=8.98874e-05 2.10017e-06
Df=0 0
h=0 0
Df=7.86705e-05 -0.00360311
h=7.86517e-05 1.71729e-06
Df=0 0
h=0 0
Df=6.94125e-05 -0.00338733
h=6.93979e-05 1.42209e-06
Df=0 0
h=0 0
Df=6.16974e-05 -0.00319592
h=6.16859e-05 1.19085e-06
Df=0 0
h=0 0
Df=5.52005e-05 -0.00302499
h=5.51913e-05 1.00714e-06
Df=0 0
h=0 0
Df=4.96782e-05 -0.0028714
h=4.96708e-05 8.59356e-07
Df=0 0
h=0 0
Df=4.49449e-05 -0.00273265
h=4.49389e-05 7.39126e-07
Df=0 0
h=0 0
Df=4.08572e-05 -0.00260669
h=4.08522e-05 6.40317e-07
Df=0 0
h=0 0
Df=3.73028e-05 -0.00249183
h=3.72987e-05 5.58363e-07
Df=0 0
h=0 0
Df=3.41928e-05 -0.00238666
h=3.41893e-05 4.89818e-07
Df=0 0
h=0 0
Df=0.0503574 -0.0402859
h=0.031458 0.0393225
Df=0.760783 -2.16637
h=0.0479932 0.0422417
is completely visible? 0
are areas equal? 248=160.629?0
+++++21 guards with gradient 0
	======== guard 4.1 4
	was guard reflex vertex? 0
	computed gradient 0 -0 and pull 0 0
	======== guard 4.2 4
	was guard reflex vertex? 0
	computed gradient 0 -0 and pull 0 0
	======== guard 4.3 4
	was guard reflex vertex? 0
	computed gradient 0 -0 and pull 0 0
	======== guard 4.4 4
	was guard reflex vertex? 0
	computed gradient 0 -0 and pull 0 0
	======== guard 4.5 4
	was guard reflex vertex? 0
	computed gradient 0 -0 and pull 0 0
	======== guard 4.6 4
	was guard reflex vertex? 0
	computed gradient 0 -0 and pull 0 0
	======== guard 4.7 4
	was guard reflex vertex? 0
	computed gradient 0 -0 and pull 0 0
	======== guard 4.8 4
	was guard reflex vertex? 0
	computed gradient 0 -0 and pull 0 0
	======== guard 4.9 4
	was guard reflex vertex? 0
	computed gradient 0 -0 and pull 0 0
	======== guard 5 4
	was guard reflex vertex? 0
	computed gradient 0 -0 and pull 0 0
	======== guard 5.1 4
	was guard reflex vertex? 0
	computed gradient 0 -0 and pull 0 0
	======== guard 5.2 4
	was guard reflex vertex? 0
	computed gradient 0 -0 and pull 0 0
	======== guard 5.3 4
	was guard reflex vertex? 0
	computed gradient 0 -0 and pull 0 0
	======== guard 5.4 4
	was guard reflex vertex? 0
	computed gradient 0 -0 and pull 0 0
	======== guard 5.5 4
	was guard reflex vertex? 0
	computed gradient 0 -0 and pull 0 0
	======== guard 5.6 4
	was guard reflex vertex? 0
	computed gradient 0 -0 and pull 0 0
	======== guard 5.7 4
	was guard reflex vertex? 0
	computed gradient 0 -0 and pull 0 0
	======== guard 5.8 4
	was guard reflex vertex? 0
	computed gradient 0 -0 and pull 0 0
	======== guard 5.9 4
	was guard reflex vertex? 0
	computed gradient 0 -0 and pull 0 0
	======== guard 6 4
	was guard reflex vertex? 0
	computed gradient -0 -0 and pull -0 0
	======== guard 6.1 4
	was guard reflex vertex? 0
	computed gradient 0.159828 -0.519949 and pull 0.119722 0.095288
	------- removing guard 6.1 4
g20=6.1 4
area20=155.907
alpha20=0.4
scaling gradient with 0.03125 to 0.00499461 -0.0162484
	>>>> prev guard 6.1 4 cur guard 6.10998 4.00632
	was guard reflex vertex? 0
	was guard in reflex area? 0
	does guard intersect boundary ray 6.1 4 6.10998 4.00632?0
	is guard inside polygon? 1
0 other guards have coords 6.10998 4.00632
	 new best guard at 6.10998 4.00632
scaling gradient with 0.0625 to 0.00998922 -0.0324968
	>>>> prev guard 6.1 4 cur guard 6.12834 4.01641
	was guard reflex vertex? 0
	was guard in reflex area? 0
	does guard intersect boundary ray 6.1 4 6.12834 4.01641?0
	is guard inside polygon? 1
0 other guards have coords 6.12834 4.01641
scaling gradient with 0.125 to 0.0199784 -0.0649936
	>>>> prev guard 6.1 4 cur guard 6.1542 4.02689
	was guard reflex vertex? 0
	was guard in reflex area? 0
	does guard intersect boundary ray 6.1 4 6.1542 4.02689?0
	is guard inside polygon? 1
0 other guards have coords 6.1542 4.02689
	 new best guard at 6.1542 4.02689
scaling gradient with 0.25 to 0.0399569 -0.129987
	>>>> prev guard 6.1 4 cur guard 6.18766 4.03251
	was guard reflex vertex? 0
	was guard in reflex area? 0
	does guard intersect boundary ray 6.1 4 6.18766 4.03251?0
	is guard inside polygon? 1
0 other guards have coords 6.18766 4.03251
	 new best guard at 6.18766 4.03251
scaling gradient with 0.5 to 0.0799138 -0.259975
	>>>> prev guard 6.1 4 cur guard 6.23041 4.02383
	was guard reflex vertex? 0
	was guard in reflex area? 0
	does guard intersect boundary ray 6.1 4 6.23041 4.02383?0
	is guard inside polygon? 1
0 other guards have coords 6.23041 4.02383
	 new best guard at 6.23041 4.02383
scaling gradient with 1 to 0.159828 -0.519949
	>>>> prev guard 6.1 4 cur guard 6.28696 3.98291
	was guard reflex vertex? 0
	was guard in reflex area? 0
	does guard intersect boundary ray 6.1 4 6.28696 3.98291?0
	is guard inside polygon? 1
0 other guards have coords 6.28696 3.98291
	 new best guard at 6.28696 3.98291
scaling gradient with 2 to 0.319655 -1.0399
	>>>> prev guard 6.1 4 cur guard 6.36736 3.8746
	was guard reflex vertex? 0
	was guard in reflex area? 0
	does guard intersect boundary ray 6.1 4 6.36736 3.8746?0
	is guard inside polygon? 1
0 other guards have coords 6.36736 3.8746
	 new best guard at 6.36736 3.8746
scaling gradient with 4 to 0.63931 -2.0798
	>>>> prev guard 6.1 4 cur guard 6.4924 3.6292
	was guard reflex vertex? 0
	was guard in reflex area? 0
	does guard intersect boundary ray 6.1 4 6.4924 3.6292?0
	is guard inside polygon? 1
0 other guards have coords 6.4924 3.6292
	 new best guard at 6.4924 3.6292
scaling gradient with 8 to 1.27862 -4.15959
	>>>> prev guard 6.1 4 cur guard 6.7043 3.10773
	was guard reflex vertex? 0
	was guard in reflex area? 0
	does guard intersect boundary ray 6.1 4 6.7043 3.10773?0
	is guard inside polygon? 1
0 other guards have coords 6.7043 3.10773
	 new best guard at 6.7043 3.10773
scaling gradient with 16 to 2.55724 -8.31918
	>>>> prev guard 6.1 4 cur guard 7.08798 2.03265
	was guard reflex vertex? 0
	was guard in reflex area? 0
	does guard intersect boundary ray 6.1 4 7.08798 2.03265?1
	is guard inside polygon? 0
0 other guards have coords 6.60219 3
	 new best guard at 6.60219 3
scaling gradient with 32 to 5.11448 -16.6384
	>>>> prev guard 6.1 4 cur guard 7.32786 0.816485
	was guard reflex vertex? 0
	was guard in reflex area? 0
	does guard intersect boundary ray 6.1 4 7.32786 0.816485?1
	is guard inside polygon? 0
0 other guards have coords 6.48569 3
	 new best guard at 6.48569 3
Df=0 0
h=0 0
Df=0.00799243 -0.0311705
h=0.00774198 0.00198512
Df=0 0
h=0 0
Df=0.00295923 -0.0204187
h=0.00292863 0.000424439
Df=0 0
h=0 0
Df=0.00152191 -0.0150669
h=0.0015142 0.00015295
Df=0 0
h=0 0
Df=0.00092387 -0.0119179
h=0.000921107 7.14036e-05
Df=0 0
h=0 0
Df=0.000619621 -0.00985197
h=0.000618399 3.8893e-05
Df=0 0
h=0 0
Df=0.000444145 -0.00839434
h=0.000443524 2.34669e-05
Df=0 0
h=0 0
Df=0.000333859 -0.0073115
h=0.000333511 1.52288e-05
Df=0 0
h=0 0
Df=0.000260066 -0.00647565
h=0.000259857 1.0436e-05
Df=0 0
h=0 0
Df=0.000208281 -0.00581105
h=0.000208148 7.46049e-06
Df=0 0
h=0 0
Df=0.000170551 -0.00527002
h=0.000170462 5.51655e-06
Df=0 0
h=0 0
Df=0.000142214 -0.00482107
h=0.000142153 4.19329e-06
Df=0 0
h=0 0
Df=0.000120394 -0.00444254
h=0.00012035 3.26152e-06
Df=0 0
h=0 0
Df=0.000103235 -0.0041191
h=0.000103203 2.58654e-06
Df=0 0
h=0 0
Df=8.94994e-05 -0.00383952
h=8.94751e-05 2.08567e-06
Df=0 0
h=0 0
Df=7.83327e-05 -0.00359547
h=7.83142e-05 1.70619e-06
Df=0 0
h=0 0
Df=6.91325e-05 -0.00338058
h=6.91181e-05 1.41346e-06
Df=0 0
h=0 0
Df=6.14627e-05 -0.00318992
h=6.14513e-05 1.18403e-06
Df=0 0
h=0 0
Df=5.50019e-05 -0.0030196
h=5.49927e-05 1.00169e-06
Df=0 0
h=0 0
Df=4.95086e-05 -0.00286655
h=4.95012e-05 8.54944e-07
Df=0 0
h=0 0
Df=4.4799e-05 -0.00272826
h=4.47929e-05 7.35516e-07
Df=0 0
h=0 0
Df=4.07307e-05 -0.00260269
h=4.07257e-05 6.37335e-07
Df=0 0
h=0 0
Df=3.71924e-05 -0.00248817
h=3.71883e-05 5.55879e-07
Df=0 0
h=0 0
Df=3.4096e-05 -0.00238331
h=3.40925e-05 4.87732e-07
Df=0 0
h=0 0
Df=0.0475715 -0.0428143
h=0.0318236 0.0353596
Df=0.725678 -2.18352
h=0.0478888 0.0381152
is completely visible? 0
are areas equal? 248=160.629?0
+++++20 guards with gradient 0
	======== guard 4.1 4
	was guard reflex vertex? 0
