14
4 5 4 3
5 9 4 5
6 5 5 9
7 5 6 5
8 9 7 5
9 5 8 9
10 5 9 5
11 9 10 5
12 5 11 9
13 5 12 5
14 9 13 5
15 3 4 3
15 5 15 3
14 9 15 5
total area=38
i=0
area=31.2698
+++++4 guards with gradient 0
	======== guard 4.1 4
	was guard reflex vertex? 0
	computed gradient 0 -0 and pull 0 0
	======== guard 4.2 4
	was guard reflex vertex? 0
	computed gradient 0 -0 and pull 0 0
	======== guard 4.3 4
	was guard reflex vertex? 0
	computed gradient 0 -0 and pull 0 0
	======== guard 8 4
	was guard reflex vertex? 0
	computed gradient 0.0677092 -0.174731 and pull 0.0616899 0.02699
	------- removing guard 8 4
g3=8 4
area3=28.1587
alpha3=0.4
scaling gradient with 0.03125 to 0.00211591 -0.00546036
	>>>> prev guard 8 4 cur guard 8.0051 4.00172
	was guard reflex vertex? 0
	was guard in reflex area? 0
	does guard intersect boundary ray 8 4 8.0051 4.00172?0
	is guard inside polygon? 1
0 other guards have coords 8.0051 4.00172
	 new best guard at 8.0051 4.00172
scaling gradient with 0.0625 to 0.00423183 -0.0109207
	>>>> prev guard 8 4 cur guard 8.01446 4.00439
	was guard reflex vertex? 0
	was guard in reflex area? 0
	does guard intersect boundary ray 8 4 8.01446 4.00439?0
	is guard inside polygon? 1
0 other guards have coords 8.01446 4.00439
	 new best guard at 8.01446 4.00439
scaling gradient with 0.125 to 0.00846365 -0.0218414
	>>>> prev guard 8 4 cur guard 8.02756 4.00693
	was guard reflex vertex? 0
	was guard in reflex area? 0
	does guard intersect boundary ray 8 4 8.02756 4.00693?0
	is guard inside polygon? 1
0 other guards have coords 8.02756 4.00693
	 new best guard at 8.02756 4.00693
scaling gradient with 0.25 to 0.0169273 -0.0436828
	>>>> prev guard 8 4 cur guard 8.04433 4.00763
	was guard reflex vertex? 0
	was guard in reflex area? 0
	does guard intersect boundary ray 8 4 8.04433 4.00763?0
	is guard inside polygon? 1
0 other guards have coords 8.04433 4.00763
	 new best guard at 8.04433 4.00763
scaling gradient with 0.5 to 0.0338546 -0.0873657
	>>>> prev guard 8 4 cur guard 8.06539 4.00336
	was guard reflex vertex? 0
	was guard in reflex area? 0
	does guard intersect boundary ray 8 4 8.06539 4.00336?0
	is guard inside polygon? 1
0 other guards have coords 8.06539 4.00336
	 new best guard at 8.06539 4.00336
scaling gradient with 1 to 0.0677092 -0.174731
	>>>> prev guard 8 4 cur guard 8.09258 3.98812
	was guard reflex vertex? 0
	was guard in reflex area? 0
	does guard intersect boundary ray 8 4 8.09258 3.98812?0
	is guard inside polygon? 1
0 other guards have coords 8.09258 3.98812
	 new best guard at 8.09258 3.98812
scaling gradient with 2 to 0.135418 -0.349463
	>>>> prev guard 8 4 cur guard 8.13011 3.95013
	was guard reflex vertex? 0
	was guard in reflex area? 0
	does guard intersect boundary ray 8 4 8.13011 3.95013?0
	is guard inside polygon? 1
0 other guards have coords 8.13011 3.95013
	 new best guard at 8.13011 3.95013
scaling gradient with 4 to 0.270837 -0.698926
	>>>> prev guard 8 4 cur guard 8.18674 3.86599
	was guard reflex vertex? 0
	was guard in reflex area? 0
	does guard intersect boundary ray 8 4 8.18674 3.86599?0
	is guard inside polygon? 1
0 other guards have coords 8.18674 3.86599
	 new best guard at 8.18674 3.86599
scaling gradient with 8 to 0.541674 -1.39785
	>>>> prev guard 8 4 cur guard 8.2803 3.689
	was guard reflex vertex? 0
	was guard in reflex area? 0
	does guard intersect boundary ray 8 4 8.2803 3.689?0
	is guard inside polygon? 1
0 other guards have coords 8.2803 3.689
	 new best guard at 8.2803 3.689
scaling gradient with 16 to 1.08335 -2.7957
	>>>> prev guard 8 4 cur guard 8.44676 3.32592
	was guard reflex vertex? 0
	was guard in reflex area? 0
	does guard intersect boundary ray 8 4 8.44676 3.32592?0
	is guard inside polygon? 1
0 other guards have coords 8.44676 3.32592
	 new best guard at 8.44676 3.32592
scaling gradient with 32 to 2.16669 -5.5914
	>>>> prev guard 8 4 cur guard 8.7582 2.5903
	was guard reflex vertex? 0
	was guard in reflex area? 0
	does guard intersect boundary ray 8 4 8.7582 2.5903?1
	is guard inside polygon? 0
0 other guards have coords 8.53784 3
	 new best guard at 8.53784 3
Df=0 0
h=0 0
Df=0 0
h=0 0
Df=0 0
h=0 0
Df=0.021842 -0.0436839
h=0.019536 0.00976802
Df=0 0
h=0 0
Df=0.00524173 -0.0262086
h=0.00513994 0.00102799
Df=0.311437 -0.735621
h=0.024676 0.010796
is completely visible? 0
are areas equal? 38=32.8447?0
+++++3 guards with gradient 0
	======== guard 4.1 4
	was guard reflex vertex? 0
	computed gradient 0 -0 and pull 0 0
	======== guard 4.2 4
	was guard reflex vertex? 0
	computed gradient 0 -0 and pull 0 0
	======== guard 4.3 4
	was guard reflex vertex? 0
	computed gradient 0.0510044 -0.197991 and pull 0.0485906 0.0147688
	------- removing guard 4.3 4
g2=4.3 4
area2=27.2376
alpha2=0.4
scaling gradient with 0.03125 to 0.00159389 -0.00618722
	>>>> prev guard 4.3 4 cur guard 4.30401 4.00069
	was guard reflex vertex? 0
	was guard in reflex area? 0
	does guard intersect boundary ray 4.3 4 4.30401 4.00069?0
	is guard inside polygon? 1
0 other guards have coords 4.30401 4.00069
	 new best guard at 4.30401 4.00069
scaling gradient with 0.0625 to 0.00318777 -0.0123744
	>>>> prev guard 4.3 4 cur guard 4.31137 4.00143
	was guard reflex vertex? 0
	was guard in reflex area? 0
	does guard intersect boundary ray 4.3 4 4.31137 4.00143?0
	is guard inside polygon? 1
0 other guards have coords 4.31137 4.00143
	 new best guard at 4.31137 4.00143
scaling gradient with 0.125 to 0.00637555 -0.0247489
	>>>> prev guard 4.3 4 cur guard 4.32165 4.00122
	was guard reflex vertex? 0
	was guard in reflex area? 0
	does guard intersect boundary ray 4.3 4 4.32165 4.00122?0
	is guard inside polygon? 1
0 other guards have coords 4.32165 4.00122
	 new best guard at 4.32165 4.00122
scaling gradient with 0.25 to 0.0127511 -0.0494978
	>>>> prev guard 4.3 4 cur guard 4.33478 3.99828
	was guard reflex vertex? 0
	was guard in reflex area? 0
	does guard intersect boundary ray 4.3 4 4.33478 3.99828?0
	is guard inside polygon? 1
0 other guards have coords 4.33478 3.99828
	 new best guard at 4.33478 3.99828
scaling gradient with 0.5 to 0.0255022 -0.0989955
	>>>> prev guard 4.3 4 cur guard 4.35121 3.98919
	was guard reflex vertex? 0
	was guard in reflex area? 0
	does guard intersect boundary ray 4.3 4 4.35121 3.98919?0
	is guard inside polygon? 1
0 other guards have coords 4.35121 3.98919
	 new best guard at 4.35121 3.98919
scaling gradient with 1 to 0.0510044 -0.197991
	>>>> prev guard 4.3 4 cur guard 4.37233 3.96725
	was guard reflex vertex? 0
	was guard in reflex area? 0
	does guard intersect boundary ray 4.3 4 4.37233 3.96725?0
	is guard inside polygon? 1
0 other guards have coords 4.37233 3.96725
	 new best guard at 4.37233 3.96725
scaling gradient with 2 to 0.102009 -0.395982
	>>>> prev guard 4.3 4 cur guard 4.40127 3.91921
	was guard reflex vertex? 0
	was guard in reflex area? 0
	does guard intersect boundary ray 4.3 4 4.40127 3.91921?0
	is guard inside polygon? 1
0 other guards have coords 4.40127 3.91921
	 new best guard at 4.40127 3.91921
scaling gradient with 4 to 0.204018 -0.791964
	>>>> prev guard 4.3 4 cur guard 4.44463 3.8186
	was guard reflex vertex? 0
	was guard in reflex area? 0
	does guard intersect boundary ray 4.3 4 4.44463 3.8186?0
	is guard inside polygon? 1
0 other guards have coords 4.44463 3.8186
	 new best guard at 4.44463 3.8186
scaling gradient with 8 to 0.408035 -1.58393
	>>>> prev guard 4.3 4 cur guard 4.51584 3.61258
	was guard reflex vertex? 0
	was guard in reflex area? 0
	does guard intersect boundary ray 4.3 4 4.51584 3.61258?0
	is guard inside polygon? 1
0 other guards have coords 4.51584 3.61258
	 new best guard at 4.51584 3.61258
scaling gradient with 16 to 0.81607 -3.16786
	>>>> prev guard 4.3 4 cur guard 4.64199 3.19552
	was guard reflex vertex? 0
	was guard in reflex area? 0
	does guard intersect boundary ray 4.3 4 4.64199 3.19552?0
	is guard inside polygon? 1
0 other guards have coords 4.64199 3.19552
	 new best guard at 4.64199 3.19552
scaling gradient with 32 to 1.63214 -6.33571
	>>>> prev guard 4.3 4 cur guard 4.87737 2.35619
	was guard reflex vertex? 0
	was guard in reflex area? 0
	does guard intersect boundary ray 4.3 4 4.87737 2.35619?1
	is guard inside polygon? 0
0 other guards have coords 4.65124 3
	 new best guard at 4.65124 3
Df=0 0
h=0 0
Df=0.0143 -0.03861
h=0.0134098 0.0049666
Df=0 0
h=0 0
Df=0.00416626 -0.0237477
h=0.00410358 0.000719927
Df=0 0
h=0 0
Df=0.00193549 -0.0168387
h=0.00192283 0.000221015
Df=0.235376 -0.839326
h=0.0194362 0.00590754
is completely visible? 0
are areas equal? 38=32.8447?0
+++++2 guards with gradient 0
	======== guard 4.1 4
	was guard reflex vertex? 0
	computed gradient 0 -0 and pull 0 0
	======== guard 4.2 4
	was guard reflex vertex? 0
	computed gradient 0.048681 -0.19503 and pull 0.0465322 0.0136338
	------- removing guard 4.2 4
g1=4.2 4
area1=27.2073
alpha1=0.4
scaling gradient with 0.03125 to 0.00152128 -0.00609469
	>>>> prev guard 4.2 4 cur guard 4.20384 4.0006
	was guard reflex vertex? 0
	was guard in reflex area? 0
	does guard intersect boundary ray 4.2 4 4.20384 4.0006?0
	is guard inside polygon? 1
0 other guards have coords 4.20384 4.0006
	 new best guard at 4.20384 4.0006
scaling gradient with 0.0625 to 0.00304256 -0.0121894
	>>>> prev guard 4.2 4 cur guard 4.21089 4.0012
	was guard reflex vertex? 0
	was guard in reflex area? 0
	does guard intersect boundary ray 4.2 4 4.21089 4.0012?0
	is guard inside polygon? 1
0 other guards have coords 4.21089 4.0012
	 new best guard at 4.21089 4.0012
scaling gradient with 0.125 to 0.00608512 -0.0243788
	>>>> prev guard 4.2 4 cur guard 4.22073 4.00082
	was guard reflex vertex? 0
	was guard in reflex area? 0
	does guard intersect boundary ray 4.2 4 4.22073 4.00082?0
	is guard inside polygon? 1
0 other guards have coords 4.22073 4.00082
	 new best guard at 4.22073 4.00082
scaling gradient with 0.25 to 0.0121702 -0.0487575
	>>>> prev guard 4.2 4 cur guard 4.2333 3.99771
	was guard reflex vertex? 0
	was guard in reflex area? 0
	does guard intersect boundary ray 4.2 4 4.2333 3.99771?0
	is guard inside polygon? 1
0 other guards have coords 4.2333 3.99771
	 new best guard at 4.2333 3.99771
scaling gradient with 0.5 to 0.0243405 -0.0975151
	>>>> prev guard 4.2 4 cur guard 4.24902 3.9885
	was guard reflex vertex? 0
	was guard in reflex area? 0
	does guard intersect boundary ray 4.2 4 4.24902 3.9885?0
	is guard inside polygon? 1
0 other guards have coords 4.24902 3.9885
	 new best guard at 4.24902 3.9885
scaling gradient with 1 to 0.048681 -0.19503
	>>>> prev guard 4.2 4 cur guard 4.26922 3.96663
	was guard reflex vertex? 0
	was guard in reflex area? 0
	does guard intersect boundary ray 4.2 4 4.26922 3.96663?0
	is guard inside polygon? 1
0 other guards have coords 4.26922 3.96663
	 new best guard at 4.26922 3.96663
scaling gradient with 2 to 0.097362 -0.39006
	>>>> prev guard 4.2 4 cur guard 4.29689 3.91902
	was guard reflex vertex? 0
	was guard in reflex area? 0
	does guard intersect boundary ray 4.2 4 4.29689 3.91902?0
	is guard inside polygon? 1
0 other guards have coords 4.29689 3.91902
	 new best guard at 4.29689 3.91902
scaling gradient with 4 to 0.194724 -0.780121
	>>>> prev guard 4.2 4 cur guard 4.33833 3.81961
	was guard reflex vertex? 0
	was guard in reflex area? 0
	does guard intersect boundary ray 4.2 4 4.33833 3.81961?0
	is guard inside polygon? 1
0 other guards have coords 4.33833 3.81961
	 new best guard at 4.33833 3.81961
scaling gradient with 8 to 0.389448 -1.56024
	>>>> prev guard 4.2 4 cur guard 4.40636 3.61635
	was guard reflex vertex? 0
	was guard in reflex area? 0
	does guard intersect boundary ray 4.2 4 4.40636 3.61635?0
	is guard inside polygon? 1
0 other guards have coords 4.40636 3.61635
	 new best guard at 4.40636 3.61635
scaling gradient with 16 to 0.778896 -3.12048
	>>>> prev guard 4.2 4 cur guard 4.52681 3.2052
	was guard reflex vertex? 0
	was guard in reflex area? 0
	does guard intersect boundary ray 4.2 4 4.52681 3.2052?0
	is guard inside polygon? 1
0 other guards have coords 4.52681 3.2052
	 new best guard at 4.52681 3.2052
scaling gradient with 32 to 1.55779 -6.24097
	>>>> prev guard 4.2 4 cur guard 4.75152 2.37809
	was guard reflex vertex? 0
	was guard in reflex area? 0
	does guard intersect boundary ray 4.2 4 4.75152 2.37809?1
	is guard inside polygon? 0
0 other guards have coords 4.54005 3
	 new best guard at 4.54005 3
Df=0 0
h=0 0
Df=0.0135376 -0.0379052
h=0.0127489 0.00455318
Df=0 0
h=0 0
Df=0.00403988 -0.0234313
h=0.00398114 0.000686403
Df=0 0
h=0 0
Df=0.00189495 -0.0166756
h=0.00188284 0.000213959
Df=0.224711 -0.827109
h=0.0186129 0.00545354
is completely visible? 0
are areas equal? 38=32.8447?0
+++++1 guards with gradient 0
	======== guard 4.1 4
	was guard reflex vertex? 0
	computed gradient 0.0860543 -0.298362 and pull 0.0803802 0.0287086
	------- removing guard 4.1 4
g0=4.1 4
area0=27.1787
alpha0=0.4
scaling gradient with 0.03125 to 0.0026892 -0.00932381
	>>>> prev guard 4.1 4 cur guard 4.10665 4.00155
	was guard reflex vertex? 0
	was guard in reflex area? 0
	does guard intersect boundary ray 4.1 4 4.10665 4.00155?0
	is guard inside polygon? 1
0 other guards have coords 4.10665 4.00155
	 new best guard at 4.10665 4.00155
scaling gradient with 0.0625 to 0.00537839 -0.0186476
	>>>> prev guard 4.1 4 cur guard 4.11882 4.0036
	was guard reflex vertex? 0
	was guard in reflex area? 0
	does guard intersect boundary ray 4.1 4 4.11882 4.0036?0
	is guard inside polygon? 1
0 other guards have coords 4.11882 4.0036
	 new best guard at 4.11882 4.0036
scaling gradient with 0.125 to 0.0107568 -0.0372952
	>>>> prev guard 4.1 4 cur guard 4.13586 4.00455
	was guard reflex vertex? 0
	was guard in reflex area? 0
	does guard intersect boundary ray 4.1 4 4.13586 4.00455?0
	is guard inside polygon? 1
0 other guards have coords 4.13586 4.00455
	 new best guard at 4.13586 4.00455
scaling gradient with 0.25 to 0.0215136 -0.0745905
	>>>> prev guard 4.1 4 cur guard 4.15763 4.00163
	was guard reflex vertex? 0
	was guard in reflex area? 0
	does guard intersect boundary ray 4.1 4 4.15763 4.00163?0
	is guard inside polygon? 1
0 other guards have coords 4.15763 4.00163
	 new best guard at 4.15763 4.00163
scaling gradient with 0.5 to 0.0430271 -0.149181
	>>>> prev guard 4.1 4 cur guard 4.18493 3.98967
	was guard reflex vertex? 0
	was guard in reflex area? 0
	does guard intersect boundary ray 4.1 4 4.18493 3.98967?0
	is guard inside polygon? 1
0 other guards have coords 4.18493 3.98967
	 new best guard at 4.18493 3.98967
scaling gradient with 1 to 0.0860543 -0.298362
	>>>> prev guard 4.1 4 cur guard 4.22008 3.95852
	was guard reflex vertex? 0
	was guard in reflex area? 0
	does guard intersect boundary ray 4.1 4 4.22008 3.95852?0
	is guard inside polygon? 1
0 other guards have coords 4.22008 3.95852
	 new best guard at 4.22008 3.95852
scaling gradient with 2 to 0.172109 -0.596724
	>>>> prev guard 4.1 4 cur guard 4.2684 3.88817
	was guard reflex vertex? 0
	was guard in reflex area? 0
	does guard intersect boundary ray 4.1 4 4.2684 3.88817?0
	is guard inside polygon? 1
0 other guards have coords 4.2684 3.88817
	 new best guard at 4.2684 3.88817
scaling gradient with 4 to 0.344217 -1.19345
	>>>> prev guard 4.1 4 cur guard 4.34102 3.7387
	was guard reflex vertex? 0
	was guard in reflex area? 0
	does guard intersect boundary ray 4.1 4 4.34102 3.7387?0
	is guard inside polygon? 1
0 other guards have coords 4.34102 3.7387
	 new best guard at 4.34102 3.7387
scaling gradient with 8 to 0.688434 -2.38689
	>>>> prev guard 4.1 4 cur guard 4.46063 3.43047
	was guard reflex vertex? 0
	was guard in reflex area? 0
	does guard intersect boundary ray 4.1 4 4.46063 3.43047?0
	is guard inside polygon? 1
0 other guards have coords 4.46063 3.43047
	 new best guard at 4.46063 3.43047
scaling gradient with 16 to 1.37687 -4.77379
	>>>> prev guard 4.1 4 cur guard 4.67289 2.80428
	was guard reflex vertex? 0
	was guard in reflex area? 0
	does guard intersect boundary ray 4.1 4 4.67289 2.80428?1
	is guard inside polygon? 0
0 other guards have coords 4.57912 3
	 new best guard at 4.57912 3
scaling gradient with 32 to 2.75374 -9.54758
	>>>> prev guard 4.1 4 cur guard 4.97566 1.73754
	was guard reflex vertex? 0
	was guard in reflex area? 0
	does guard intersect boundary ray 4.1 4 4.97566 1.73754?1
	is guard inside polygon? 0
0 other guards have coords 4.48704 3
Df=0.0125809 -0.0239037
h=0.0111331 0.00585951
Df=0.0128324 -0.0372139
h=0.0121314 0.00418323
Df=0.00231899 -0.011363
h=0.00227215 0.000463705
Df=0.00391913 -0.0231228
h=0.00386402 0.000654918
Df=0.000914649 -0.00722573
h=0.000907408 0.000114862
Df=0.00185568 -0.0165155
h=0.00184407 0.000207199
Df=0.212263 -0.626188
h=0.0321521 0.0114834
is completely visible? 0
are areas equal? 38=32.8447?0
i=1
area=32.8447
+++++4 guards with gradient 0
	======== guard 4.57912 3
	was guard reflex vertex? 0
	computed gradient 0 -0 and pull 0 0
	======== guard 4.54005 3
	was guard reflex vertex? 0
	computed gradient 0 -0 and pull 0 0
	======== guard 4.65124 3
	was guard reflex vertex? 0
	computed gradient 0 -0 and pull 0 0
	======== guard 8.53784 3
	was guard reflex vertex? 0
	computed gradient 0.088462 -0.0999927 and pull 0.0298994 0.0310176
	------- removing guard 8.53784 3
g3=8.53784 3
area3=30.1614
alpha3=0.4
scaling gradient with 0.03125 to 0.00276444 -0.00312477
	>>>> prev guard 8.53784 3 cur guard 8.78961 2.41373
	was guard reflex vertex? 0
	was guard in reflex area? 0
	does guard intersect boundary ray 8.53784 3 8.78961 2.41373?1
	is guard inside polygon? 0
0 other guards have coords 8.78961 3
	 new best guard at 8.78961 3
scaling gradient with 0.0625 to 0.00552887 -0.00624955
	>>>> prev guard 8.53784 3 cur guard 8.99385 2.53297
	was guard reflex vertex? 0
	was guard in reflex area? 0
	does guard intersect boundary ray 8.53784 3 8.99385 2.53297?1
	is guard inside polygon? 0
0 other guards have coords 8.99385 3
	 new best guard at 8.99385 3
scaling gradient with 0.125 to 0.0110577 -0.0124991
	>>>> prev guard 8.53784 3 cur guard 9.16052 2.62786
	was guard reflex vertex? 0
	was guard in reflex area? 0
	does guard intersect boundary ray 8.53784 3 9.16052 2.62786?1
	is guard inside polygon? 0
0 other guards have coords 9.16052 3
	 new best guard at 9.16052 3
scaling gradient with 0.25 to 0.0221155 -0.0249982
	>>>> prev guard 8.53784 3 cur guard 9.29802 2.70277
	was guard reflex vertex? 0
	was guard in reflex area? 0
	does guard intersect boundary ray 8.53784 3 9.29802 2.70277?1
	is guard inside polygon? 0
0 other guards have coords 9.29802 3
	 new best guard at 9.29802 3
scaling gradient with 0.5 to 0.044231 -0.0499964
	>>>> prev guard 8.53784 3 cur guard 9.41395 2.7607
	was guard reflex vertex? 0
	was guard in reflex area? 0
	does guard intersect boundary ray 8.53784 3 9.41395 2.7607?1
	is guard inside polygon? 0
0 other guards have coords 9.41395 3
	 new best guard at 9.41395 3
scaling gradient with 1 to 0.088462 -0.0999927
	>>>> prev guard 8.53784 3 cur guard 9.51616 2.80304
	was guard reflex vertex? 0
	was guard in reflex area? 0
	does guard intersect boundary ray 8.53784 3 9.51616 2.80304?1
	is guard inside polygon? 0
0 other guards have coords 9.51616 3
	 new best guard at 9.51616 3
scaling gradient with 2 to 0.176924 -0.199985
	>>>> prev guard 8.53784 3 cur guard 9.61448 2.82891
	was guard reflex vertex? 0
	was guard in reflex area? 0
	does guard intersect boundary ray 8.53784 3 9.61448 2.82891?1
	is guard inside polygon? 0
0 other guards have coords 9.61448 3
scaling gradient with 4 to 0.353848 -0.399971
	>>>> prev guard 8.53784 3 cur guard 9.72383 2.83361
	was guard reflex vertex? 0
	was guard in reflex area? 0
	does guard intersect boundary ray 8.53784 3 9.72383 2.83361?1
	is guard inside polygon? 0
0 other guards have coords 9.72383 3
scaling gradient with 8 to 0.707696 -0.799942
	>>>> prev guard 8.53784 3 cur guard 9.87032 2.80538
	was guard reflex vertex? 0
	was guard in reflex area? 0
	does guard intersect boundary ray 8.53784 3 9.87032 2.80538?1
	is guard inside polygon? 0
0 other guards have coords 9.87032 3
scaling gradient with 16 to 1.41539 -1.59988
	>>>> prev guard 8.53784 3 cur guard 10.1031 2.71879
	was guard reflex vertex? 0
	was guard in reflex area? 0
	does guard intersect boundary ray 8.53784 3 10.1031 2.71879?1
	is guard inside polygon? 0
0 other guards have coords 10.1031 3
scaling gradient with 32 to 2.83078 -3.19977
	>>>> prev guard 8.53784 3 cur guard 10.5182 2.52153
	was guard reflex vertex? 0
	was guard in reflex area? 0
	does guard intersect boundary ray 8.53784 3 10.5182 2.52153?1
	is guard inside polygon? 0
0 other guards have coords 10.5182 3
Df=0 0
h=0 0
Df=0 0
h=0 0
Df=0 0
h=0 0
Df=0.0259661 -0.0189833
h=0.00766233 0.0104809
Df=0 0
h=0 0
Df=0.00941869 -0.0210138
h=0.00429742 0.00192616
Df=0.102212 -0.196962
h=0.0119597 0.012407
is completely visible? 0
are areas equal? 38=34.9484?0
+++++3 guards with gradient 0
	======== guard 4.57912 3
	was guard reflex vertex? 0
	computed gradient 0 -0 and pull 0 0
	======== guard 4.54005 3
	was guard reflex vertex? 0
	computed gradient 0 -0 and pull 0 0
	======== guard 4.65124 3
	was guard reflex vertex? 0
	computed gradient 0.0762146 -0.143459 and pull 0.0315444 0.020151
	------- removing guard 4.65124 3
g2=4.65124 3
area2=28.5401
alpha2=0.4
scaling gradient with 0.03125 to 0.00238171 -0.00448309
	>>>> prev guard 4.65124 3 cur guard 4.84225 2.32979
	was guard reflex vertex? 0
	was guard in reflex area? 0
	does guard intersect boundary ray 4.65124 3 4.84225 2.32979?1
	is guard inside polygon? 0
0 other guards have coords 4.84225 3
	 new best guard at 4.84225 3
scaling gradient with 0.0625 to 0.00476341 -0.00896619
	>>>> prev guard 4.65124 3 cur guard 4.99797 2.46473
	was guard reflex vertex? 0
	was guard in reflex area? 0
	does guard intersect boundary ray 4.65124 3 4.99797 2.46473?1
	is guard inside polygon? 0
0 other guards have coords 4.99797 3
	 new best guard at 4.99797 3
scaling gradient with 0.125 to 0.00952682 -0.0179324
	>>>> prev guard 4.65124 3 cur guard 5.12583 2.57196
	was guard reflex vertex? 0
	was guard in reflex area? 0
	does guard intersect boundary ray 4.65124 3 5.12583 2.57196?1
	is guard inside polygon? 0
0 other guards have coords 5.12583 3
	 new best guard at 5.12583 3
scaling gradient with 0.25 to 0.0190536 -0.0358648
	>>>> prev guard 4.65124 3 cur guard 5.23216 2.65631
	was guard reflex vertex? 0
	was guard in reflex area? 0
	does guard intersect boundary ray 4.65124 3 5.23216 2.65631?1
	is guard inside polygon? 0
0 other guards have coords 5.23216 3
	 new best guard at 5.23216 3
scaling gradient with 0.5 to 0.0381073 -0.0717295
	>>>> prev guard 4.65124 3 cur guard 5.3228 2.72092
	was guard reflex vertex? 0
	was guard in reflex area? 0
	does guard intersect boundary ray 4.65124 3 5.3228 2.72092?1
	is guard inside polygon? 0
0 other guards have coords 5.3228 3
	 new best guard at 5.3228 3
scaling gradient with 1 to 0.0762146 -0.143459
	>>>> prev guard 4.65124 3 cur guard 5.40394 2.76687
	was guard reflex vertex? 0
	was guard in reflex area? 0
	does guard intersect boundary ray 4.65124 3 5.40394 2.76687?1
	is guard inside polygon? 0
0 other guards have coords 5.40394 3
	 new best guard at 5.40394 3
scaling gradient with 2 to 0.152429 -0.286918
	>>>> prev guard 4.65124 3 cur guard 5.48356 2.79216
	was guard reflex vertex? 0
	was guard in reflex area? 0
	does guard intersect boundary ray 4.65124 3 5.48356 2.79216?1
	is guard inside polygon? 0
0 other guards have coords 5.48356 3
	 new best guard at 5.48356 3
scaling gradient with 4 to 0.304858 -0.573836
	>>>> prev guard 4.65124 3 cur guard 5.57417 2.78943
	was guard reflex vertex? 0
	was guard in reflex area? 0
	does guard intersect boundary ray 4.65124 3 5.57417 2.78943?1
	is guard inside polygon? 0
0 other guards have coords 5.57417 3
	 new best guard at 5.57417 3
scaling gradient with 8 to 0.609717 -1.14767
	>>>> prev guard 4.65124 3 cur guard 5.69796 2.74134
	was guard reflex vertex? 0
	was guard in reflex area? 0
	does guard intersect boundary ray 4.65124 3 5.69796 2.74134?1
	is guard inside polygon? 0
0 other guards have coords 5.69796 3
	 new best guard at 5.69796 3
scaling gradient with 16 to 1.21943 -2.29534
	>>>> prev guard 4.65124 3 cur guard 5.89707 2.61106
	was guard reflex vertex? 0
	was guard in reflex area? 0
	does guard intersect boundary ray 4.65124 3 5.89707 2.61106?1
	is guard inside polygon? 0
0 other guards have coords 5.89707 3
	 new best guard at 5.89707 3
scaling gradient with 32 to 2.43887 -4.59069
	>>>> prev guard 4.65124 3 cur guard 6.25399 2.3232
	was guard reflex vertex? 0
	was guard in reflex area? 0
	does guard intersect boundary ray 4.65124 3 6.25399 2.3232?1
	is guard inside polygon? 0
0 other guards have coords 6.25399 3
	 new best guard at 6.25399 3
Df=0 0
h=0 0
Df=0.0196656 -0.0230949
h=0.00748642 0.00637478
Df=0 0
h=0 0
Df=0.00725263 -0.0193963
h=0.00339663 0.00127006
Df=0 0
h=0 0
Df=0.00356757 -0.0148924
h=0.0017347 0.000415559
Df=0.356921 -0.676796
h=0.0126178 0.0080604
is completely visible? 0
are areas equal? 38=34.9815?0
+++++2 guards with gradient 0
	======== guard 4.57912 3
	was guard reflex vertex? 0
	computed gradient 0.0744401 -0.143136 and pull 0.0310684 0.0193382
	------- removing guard 4.57912 3
g0=4.57912 3
area0=28.4934
alpha0=0.4
scaling gradient with 0.03125 to 0.00232625 -0.00447299
	>>>> prev guard 4.57912 3 cur guard 4.7516 2.50024
	was guard reflex vertex? 0
	was guard in reflex area? 0
	does guard intersect boundary ray 4.57912 3 4.7516 2.50024?1
	is guard inside polygon? 0
0 other guards have coords 4.7516 3
	 new best guard at 4.7516 3
scaling gradient with 0.0625 to 0.0046525 -0.00894598
	>>>> prev guard 4.57912 3 cur guard 4.89244 2.60102
	was guard reflex vertex? 0
	was guard in reflex area? 0
	does guard intersect boundary ray 4.57912 3 4.89244 2.60102?1
	is guard inside polygon? 0
0 other guards have coords 4.89244 3
	 new best guard at 4.89244 3
scaling gradient with 0.125 to 0.00930501 -0.017892
	>>>> prev guard 4.57912 3 cur guard 5.00835 2.68093
	was guard reflex vertex? 0
	was guard in reflex area? 0
	does guard intersect boundary ray 4.57912 3 5.00835 2.68093?1
	is guard inside polygon? 0
0 other guards have coords 5.00835 3
	 new best guard at 5.00835 3
scaling gradient with 0.25 to 0.01861 -0.0357839
	>>>> prev guard 4.57912 3 cur guard 5.10504 2.74343
	was guard reflex vertex? 0
	was guard in reflex area? 0
	does guard intersect boundary ray 4.57912 3 5.10504 2.74343?1
	is guard inside polygon? 0
0 other guards have coords 5.10504 3
	 new best guard at 5.10504 3
scaling gradient with 0.5 to 0.03722 -0.0715678
	>>>> prev guard 4.57912 3 cur guard 5.18787 2.79057
	was guard reflex vertex? 0
	was guard in reflex area? 0
	does guard intersect boundary ray 4.57912 3 5.18787 2.79057?1
	is guard inside polygon? 0
0 other guards have coords 5.18787 3
	 new best guard at 5.18787 3
scaling gradient with 1 to 0.0744401 -0.143136
	>>>> prev guard 4.57912 3 cur guard 5.26256 2.82255
	was guard reflex vertex? 0
	was guard in reflex area? 0
	does guard intersect boundary ray 4.57912 3 5.26256 2.82255?1
	is guard inside polygon? 0
0 other guards have coords 5.26256 3
	 new best guard at 5.26256 3
scaling gradient with 2 to 0.14888 -0.286271
	>>>> prev guard 4.57912 3 cur guard 5.33672 2.83668
	was guard reflex vertex? 0
	was guard in reflex area? 0
	does guard intersect boundary ray 4.57912 3 5.33672 2.83668?1
	is guard inside polygon? 0
0 other guards have coords 5.33672 3
	 new best guard at 5.33672 3
scaling gradient with 4 to 0.29776 -0.572543
	>>>> prev guard 4.57912 3 cur guard 5.42235 2.82509
	was guard reflex vertex? 0
	was guard in reflex area? 0
	does guard intersect boundary ray 4.57912 3 5.42235 2.82509?1
	is guard inside polygon? 0
0 other guards have coords 5.42235 3
	 new best guard at 5.42235 3
scaling gradient with 8 to 0.595521 -1.14509
	>>>> prev guard 4.57912 3 cur guard 5.54098 2.77001
	was guard reflex vertex? 0
	was guard in reflex area? 0
	does guard intersect boundary ray 4.57912 3 5.54098 2.77001?1
	is guard inside polygon? 0
0 other guards have coords 5.54098 3
	 new best guard at 5.54098 3
scaling gradient with 16 to 1.19104 -2.29017
	>>>> prev guard 4.57912 3 cur guard 5.73365 2.63434
	was guard reflex vertex? 0
	was guard in reflex area? 0
	does guard intersect boundary ray 4.57912 3 5.73365 2.63434?1
	is guard inside polygon? 0
0 other guards have coords 5.73365 3
	 new best guard at 5.73365 3
scaling gradient with 32 to 2.38208 -4.58034
	>>>> prev guard 4.57912 3 cur guard 6.08084 2.3426
	was guard reflex vertex? 0
	was guard in reflex area? 0
	does guard intersect boundary ray 4.57912 3 6.08084 2.3426?1
	is guard inside polygon? 0
0 other guards have coords 6.08084 3
	 new best guard at 6.08084 3
Df=0 0
h=0 0
Df=0.0191509 -0.0231811
h=0.0073821 0.00609869
Df=0 0
h=0 0
Df=0.00710878 -0.0192679
h=0.00333467 0.00123031
Df=0 0
h=0 0
Df=0.00351633 -0.0148053
h=0.00171058 0.000406271
Df=0.347191 -0.657405
h=0.0124274 0.00773526
is completely visible? 0
are areas equal? 38=34.9815?0
+++++1 guards with gradient 0
	======== guard 4.54005 3
	was guard reflex vertex? 0
	computed gradient 0.137791 -0.222663 and pull 0.0526352 0.041125
	------- removing guard 4.54005 3
g1=4.54005 3
area1=28.4689
alpha1=0.4
scaling gradient with 0.03125 to 0.00430596 -0.00695822
	>>>> prev guard 4.54005 3 cur guard 4.72437 2.34105
	was guard reflex vertex? 0
	was guard in reflex area? 0
	does guard intersect boundary ray 4.54005 3 4.72437 2.34105?1
	is guard inside polygon? 0
0 other guards have coords 4.72437 3
	 new best guard at 4.72437 3
scaling gradient with 0.0625 to 0.00861191 -0.0139164
	>>>> prev guard 4.54005 3 cur guard 4.87673 2.47501
	was guard reflex vertex? 0
	was guard in reflex area? 0
	does guard intersect boundary ray 4.54005 3 4.87673 2.47501?1
	is guard inside polygon? 0
0 other guards have coords 4.87673 3
	 new best guard at 4.87673 3
scaling gradient with 0.125 to 0.0172238 -0.0278329
	>>>> prev guard 4.54005 3 cur guard 5.0042 2.58107
	was guard reflex vertex? 0
	was guard in reflex area? 0
	does guard intersect boundary ray 4.54005 3 5.0042 2.58107?1
	is guard inside polygon? 0
0 other guards have coords 5.0042 3
	 new best guard at 5.0042 3
scaling gradient with 0.25 to 0.0344476 -0.0556657
	>>>> prev guard 4.54005 3 cur guard 5.11315 2.6637
	was guard reflex vertex? 0
	was guard in reflex area? 0
	does guard intersect boundary ray 4.54005 3 5.11315 2.6637?1
	is guard inside polygon? 0
0 other guards have coords 5.11315 3
	 new best guard at 5.11315 3
scaling gradient with 0.5 to 0.0688953 -0.111331
	>>>> prev guard 4.54005 3 cur guard 5.21003 2.72534
	was guard reflex vertex? 0
	was guard in reflex area? 0
	does guard intersect boundary ray 4.54005 3 5.21003 2.72534?1
	is guard inside polygon? 0
0 other guards have coords 5.21003 3
	 new best guard at 5.21003 3
scaling gradient with 1 to 0.137791 -0.222663
	>>>> prev guard 4.54005 3 cur guard 5.30277 2.76575
	was guard reflex vertex? 0
	was guard in reflex area? 0
	does guard intersect boundary ray 4.54005 3 5.30277 2.76575?1
	is guard inside polygon? 0
0 other guards have coords 5.30277 3
	 new best guard at 5.30277 3
scaling gradient with 2 to 0.275581 -0.445326
	>>>> prev guard 4.54005 3 cur guard 5.40322 2.78026
	was guard reflex vertex? 0
	was guard in reflex area? 0
	does guard intersect boundary ray 4.54005 3 5.40322 2.78026?1
	is guard inside polygon? 0
0 other guards have coords 5.40322 3
	 new best guard at 5.40322 3
scaling gradient with 4 to 0.551162 -0.890652
	>>>> prev guard 4.54005 3 cur guard 5.53188 2.75625
	was guard reflex vertex? 0
	was guard in reflex area? 0
	does guard intersect boundary ray 4.54005 3 5.53188 2.75625?1
	is guard inside polygon? 0
0 other guards have coords 5.53188 3
	 new best guard at 5.53188 3
scaling gradient with 8 to 1.10232 -1.7813
	>>>> prev guard 4.54005 3 cur guard 5.72721 2.66578
	was guard reflex vertex? 0
	was guard in reflex area? 0
	does guard intersect boundary ray 4.54005 3 5.72721 2.66578?1
	is guard inside polygon? 0
0 other guards have coords 5.72721 3
	 new best guard at 5.72721 3
scaling gradient with 16 to 2.20465 -3.56261
	>>>> prev guard 4.54005 3 cur guard 6.06405 2.45091
	was guard reflex vertex? 0
	was guard in reflex area? 0
	does guard intersect boundary ray 4.54005 3 6.06405 2.45091?1
	is guard inside polygon? 0
0 other guards have coords 6.06405 3
	 new best guard at 6.06405 3
scaling gradient with 32 to 4.4093 -7.12521
	>>>> prev guard 4.54005 3 cur guard 6.69048 1.994
	was guard reflex vertex? 0
	was guard in reflex area? 0
	does guard intersect boundary ray 4.54005 3 6.69048 1.994?1
	is guard inside polygon? 0
0 other guards have coords 6.69048 3
	 new best guard at 6.69048 3
Df=0.0189181 -0.0138098
h=0.00557706 0.00764004
Df=0.0188768 -0.023218
h=0.0073234 0.0059541
Df=0.00485517 -0.0108269
h=0.00221506 0.000993312
Df=0.00703255 -0.0191987
h=0.00330173 0.00120944
Df=0.00194458 -0.00725323
h=0.000939124 0.000251777
Df=0.00348902 -0.0147585
h=0.00169771 0.000401353
Df=0.62643 -1.006
h=0.0210541 0.01645
is completely visible? 0
are areas equal? 38=35.0041?0
i=2
area=35.0041
+++++4 guards with gradient 0
	======== guard 6.08084 3
	was guard reflex vertex? 0
	computed gradient -0 -0 and pull -0 0
	======== guard 6.69048 3
	was guard reflex vertex? 0
	computed gradient 0.130987 -0.0202715 and pull 0.0100165 0.0647229
	------- removing guard 6.69048 3
g1=6.69048 3
area1=30.9974
alpha1=0.4
scaling gradient with 0.03125 to 0.00409334 -0.000633484
	>>>> prev guard 6.69048 3 cur guard 7.19275 2.20033
	was guard reflex vertex? 0
	was guard in reflex area? 0
	does guard intersect boundary ray 6.69048 3 7.19275 2.20033?1
	is guard inside polygon? 0
0 other guards have coords 7.19275 3
	 new best guard at 7.19275 3
scaling gradient with 0.0625 to 0.00818668 -0.00126697
	>>>> prev guard 6.69048 3 cur guard 7.59603 2.36534
	was guard reflex vertex? 0
	was guard in reflex area? 0
	does guard intersect boundary ray 6.69048 3 7.59603 2.36534?1
	is guard inside polygon? 0
0 other guards have coords 7.59603 3
scaling gradient with 0.125 to 0.0163734 -0.00253393
	>>>> prev guard 6.69048 3 cur guard 7.92076 2.49725
	was guard reflex vertex? 0
	was guard in reflex area? 0
	does guard intersect boundary ray 6.69048 3 7.92076 2.49725?1
	is guard inside polygon? 0
0 other guards have coords 7.92076 3
scaling gradient with 0.25 to 0.0327467 -0.00506787
	>>>> prev guard 6.69048 3 cur guard 8.18396 2.60257
	was guard reflex vertex? 0
	was guard in reflex area? 0
	does guard intersect boundary ray 6.69048 3 8.18396 2.60257?1
	is guard inside polygon? 0
0 other guards have coords 8.18396 3
scaling gradient with 0.5 to 0.0654934 -0.0101357
	>>>> prev guard 6.69048 3 cur guard 8.40057 2.68642
	was guard reflex vertex? 0
	was guard in reflex area? 0
	does guard intersect boundary ray 6.69048 3 8.40057 2.68642?1
	is guard inside polygon? 0
0 other guards have coords 8.40057 3
scaling gradient with 1 to 0.130987 -0.0202715
	>>>> prev guard 6.69048 3 cur guard 8.58513 2.75269
	was guard reflex vertex? 0
	was guard in reflex area? 0
	does guard intersect boundary ray 6.69048 3 8.58513 2.75269?1
	is guard inside polygon? 0
0 other guards have coords 8.58513 3
scaling gradient with 2 to 0.261974 -0.040543
	>>>> prev guard 6.69048 3 cur guard 8.75455 2.80409
	was guard reflex vertex? 0
	was guard in reflex area? 0
	does guard intersect boundary ray 6.69048 3 8.75455 2.80409?1
	is guard inside polygon? 0
0 other guards have coords 8.75455 3
	 new best guard at 8.75455 3
scaling gradient with 4 to 0.523947 -0.0810859
	>>>> prev guard 6.69048 3 cur guard 8.93279 2.84196
	was guard reflex vertex? 0
	was guard in reflex area? 0
	does guard intersect boundary ray 6.69048 3 8.93279 2.84196?1
	is guard inside polygon? 0
0 other guards have coords 8.93279 3
	 new best guard at 8.93279 3
scaling gradient with 8 to 1.04789 -0.162172
	>>>> prev guard 6.69048 3 cur guard 9.16002 2.86577
	was guard reflex vertex? 0
	was guard in reflex area? 0
	does guard intersect boundary ray 6.69048 3 9.16002 2.86577?1
	is guard inside polygon? 0
0 other guards have coords 9.16002 3
	 new best guard at 9.16002 3
scaling gradient with 16 to 2.09579 -0.324344
	>>>> prev guard 6.69048 3 cur guard 9.51027 2.87185
	was guard reflex vertex? 0
	was guard in reflex area? 0
	does guard intersect boundary ray 6.69048 3 9.51027 2.87185?1
	is guard inside polygon? 0
0 other guards have coords 9.51027 3
	 new best guard at 9.51027 3
scaling gradient with 32 to 4.19158 -0.648687
	>>>> prev guard 6.69048 3 cur guard 10.1266 2.85076
	was guard reflex vertex? 0
	was guard in reflex area? 0
	does guard intersect boundary ray 6.69048 3 10.1266 2.85076?1
	is guard inside polygon? 0
0 other guards have coords 10.1266 3
	 new best guard at 10.1266 3
Df=0 0
h=0 0
Df=0.0523947 -0.00810859
h=0.0040066 0.0258892
Df=0 0
h=0 0
Df=0 0
h=0 0
Df=0 0
h=0 0
Df=0 0
h=0 0
Df=0.616326 -0.149237
h=0.0040066 0.0258892
is completely visible? 0
are areas equal? 38=35.1632?0
+++++3 guards with gradient 0
	======== guard 6.08084 3
	was guard reflex vertex? 0
	computed gradient -0 -0 and pull -0 0
	======== guard 6.25399 3
	was guard reflex vertex? 0
	computed gradient 0.0655634 -0.0244553 and pull 0.0114566 0.0307146
	------- removing guard 6.25399 3
g2=6.25399 3
area2=30.7043
alpha2=0.4
scaling gradient with 0.03125 to 0.00204886 -0.00076423
	>>>> prev guard 6.25399 3 cur guard 6.54061 2.46096
	was guard reflex vertex? 0
	was guard in reflex area? 0
	does guard intersect boundary ray 6.25399 3 6.54061 2.46096?1
	is guard inside polygon? 0
0 other guards have coords 6.54061 3
	 new best guard at 6.54061 3
scaling gradient with 0.0625 to 0.00409771 -0.00152846
	>>>> prev guard 6.25399 3 cur guard 6.77115 2.5711
	was guard reflex vertex? 0
	was guard in reflex area? 0
	does guard intersect boundary ray 6.25399 3 6.77115 2.5711?1
	is guard inside polygon? 0
0 other guards have coords 6.77115 3
scaling gradient with 0.125 to 0.00819543 -0.00305692
	>>>> prev guard 6.25399 3 cur guard 6.95715 2.65909
	was guard reflex vertex? 0
	was guard in reflex area? 0
	does guard intersect boundary ray 6.25399 3 6.95715 2.65909?1
	is guard inside polygon? 0
0 other guards have coords 6.95715 3
scaling gradient with 0.25 to 0.0163909 -0.00611384
	>>>> prev guard 6.25399 3 cur guard 7.10818 2.72924
	was guard reflex vertex? 0
	was guard in reflex area? 0
	does guard intersect boundary ray 6.25399 3 7.10818 2.72924?1
	is guard inside polygon? 0
0 other guards have coords 7.10818 3
scaling gradient with 0.5 to 0.0327817 -0.0122277
	>>>> prev guard 6.25399 3 cur guard 7.23255 2.78487
	was guard reflex vertex? 0
	was guard in reflex area? 0
	does guard intersect boundary ray 6.25399 3 7.23255 2.78487?1
	is guard inside polygon? 0
0 other guards have coords 7.23255 3
scaling gradient with 1 to 0.0655634 -0.0244553
	>>>> prev guard 6.25399 3 cur guard 7.3382 2.8284
	was guard reflex vertex? 0
	was guard in reflex area? 0
	does guard intersect boundary ray 6.25399 3 7.3382 2.8284?1
	is guard inside polygon? 0
0 other guards have coords 7.3382 3
scaling gradient with 2 to 0.131127 -0.0489107
	>>>> prev guard 6.25399 3 cur guard 7.43413 2.86126
	was guard reflex vertex? 0
	was guard in reflex area? 0
	does guard intersect boundary ray 6.25399 3 7.43413 2.86126?1
	is guard inside polygon? 0
0 other guards have coords 7.43413 3
scaling gradient with 4 to 0.262254 -0.0978214
	>>>> prev guard 6.25399 3 cur guard 7.53277 2.88364
	was guard reflex vertex? 0
	was guard in reflex area? 0
	does guard intersect boundary ray 6.25399 3 7.53277 2.88364?1
	is guard inside polygon? 0
0 other guards have coords 7.53277 3
scaling gradient with 8 to 0.524507 -0.195643
	>>>> prev guard 6.25399 3 cur guard 7.65455 2.89372
	was guard reflex vertex? 0
	was guard in reflex area? 0
	does guard intersect boundary ray 6.25399 3 7.65455 2.89372?1
	is guard inside polygon? 0
0 other guards have coords 7.65455 3
scaling gradient with 16 to 1.04901 -0.391286
	>>>> prev guard 6.25399 3 cur guard 7.83682 2.88613
	was guard reflex vertex? 0
	was guard in reflex area? 0
	does guard intersect boundary ray 6.25399 3 7.83682 2.88613?1
	is guard inside polygon? 0
0 other guards have coords 7.83682 3
scaling gradient with 32 to 2.09803 -0.782571
	>>>> prev guard 6.25399 3 cur guard 8.1514 2.84876
	was guard reflex vertex? 0
	was guard in reflex area? 0
	does guard intersect boundary ray 6.25399 3 8.1514 2.84876?1
	is guard inside polygon? 0
0 other guards have coords 8.1514 3
Df=0 0
h=0 0
Df=0.0262254 -0.00978214
h=0.00458265 0.0122858
Df=0 0
h=0 0
Df=0 0
h=0 0
Df=0 0
h=0 0
Df=0 0
h=0 0
Df=0.286617 -0.539041
h=0.00458265 0.0122858
is completely visible? 0
are areas equal? 38=35.1857?0
+++++2 guards with gradient 0
	======== guard 6.08084 3
	was guard reflex vertex? 0
	computed gradient 0.0402351 -0.0206127 and pull 0.00920112 0.022327
	------- removing guard 6.08084 3
g0=6.08084 3
area0=30.2629
alpha0=0.4
scaling gradient with 0.03125 to 0.00125735 -0.000644147
	>>>> prev guard 6.08084 3 cur guard 6.35943 2.47581
	was guard reflex vertex? 0
	was guard in reflex area? 0
	does guard intersect boundary ray 6.08084 3 6.35943 2.47581?1
	is guard inside polygon? 0
0 other guards have coords 6.35943 3
	 new best guard at 6.35943 3
scaling gradient with 0.0625 to 0.00251469 -0.00128829
	>>>> prev guard 6.08084 3 cur guard 6.58324 2.58233
	was guard reflex vertex? 0
	was guard in reflex area? 0
	does guard intersect boundary ray 6.08084 3 6.58324 2.58233?1
	is guard inside polygon? 0
0 other guards have coords 6.58324 3
	 new best guard at 6.58324 3
scaling gradient with 0.125 to 0.00502938 -0.00257659
	>>>> prev guard 6.08084 3 cur guard 6.76343 2.66745
	was guard reflex vertex? 0
	was guard in reflex area? 0
	does guard intersect boundary ray 6.08084 3 6.76343 2.66745?1
	is guard inside polygon? 0
0 other guards have coords 6.76343 3
scaling gradient with 0.25 to 0.0100588 -0.00515318
	>>>> prev guard 6.08084 3 cur guard 6.90911 2.73533
	was guard reflex vertex? 0
	was guard in reflex area? 0
	does guard intersect boundary ray 6.08084 3 6.90911 2.73533?1
	is guard inside polygon? 0
0 other guards have coords 6.90911 3
scaling gradient with 0.5 to 0.0201175 -0.0103064
	>>>> prev guard 6.08084 3 cur guard 7.02801 2.78923
	was guard reflex vertex? 0
	was guard in reflex area? 0
	does guard intersect boundary ray 6.08084 3 7.02801 2.78923?1
	is guard inside polygon? 0
0 other guards have coords 7.02801 3
scaling gradient with 1 to 0.0402351 -0.0206127
	>>>> prev guard 6.08084 3 cur guard 7.12708 2.83152
	was guard reflex vertex? 0
	was guard in reflex area? 0
	does guard intersect boundary ray 6.08084 3 7.12708 2.83152?1
	is guard inside polygon? 0
0 other guards have coords 7.12708 3
scaling gradient with 2 to 0.0804701 -0.0412254
	>>>> prev guard 6.08084 3 cur guard 7.21352 2.8637
	was guard reflex vertex? 0
	was guard in reflex area? 0
	does guard intersect boundary ray 6.08084 3 7.21352 2.8637?1
	is guard inside polygon? 0
0 other guards have coords 7.21352 3
scaling gradient with 4 to 0.16094 -0.0824509
	>>>> prev guard 6.08084 3 cur guard 7.29627 2.88615
	was guard reflex vertex? 0
	was guard in reflex area? 0
	does guard intersect boundary ray 6.08084 3 7.29627 2.88615?1
	is guard inside polygon? 0
0 other guards have coords 7.29627 3
scaling gradient with 8 to 0.321881 -0.164902
	>>>> prev guard 6.08084 3 cur guard 7.38896 2.89752
	was guard reflex vertex? 0
	was guard in reflex area? 0
	does guard intersect boundary ray 6.08084 3 7.38896 2.89752?1
	is guard inside polygon? 0
0 other guards have coords 7.38896 3
scaling gradient with 16 to 0.643761 -0.329803
	>>>> prev guard 6.08084 3 cur guard 7.51535 2.89341
	was guard reflex vertex? 0
	was guard in reflex area? 0
	does guard intersect boundary ray 6.08084 3 7.51535 2.89341?1
	is guard inside polygon? 0
0 other guards have coords 7.51535 3
scaling gradient with 32 to 1.28752 -0.659607
	>>>> prev guard 6.08084 3 cur guard 7.7202 2.86375
	was guard reflex vertex? 0
	was guard in reflex area? 0
	does guard intersect boundary ray 6.08084 3 7.7202 2.86375?1
	is guard inside polygon? 0
0 other guards have coords 7.7202 3
Df=-0.00169723 -6.8604e-05
h=-3.4274e-05 0.000847921
Df=0.0177913 -0.00817648
h=0.00371472 0.00808288
Df=0 0
h=0 0
Df=0 0
h=0 0
Df=0 0
h=0 0
Df=0 0
h=0 0
Df=0.223809 -0.417668
h=0.00368045 0.00893081
is completely visible? 0
are areas equal? 38=35.0296?0
+++++1 guards with gradient 0
	======== guard 9.51616 3
	was guard reflex vertex? 0
	computed gradient 1.15657 -0.467817 and pull 0.136062 0.603701
	------- removing guard 9.51616 3
g3=9.51616 3
area3=31.9364
alpha3=0.4
scaling gradient with 0.03125 to 0.0361428 -0.0146193
	>>>> prev guard 9.51616 3 cur guard 9.61171 2.88956
	was guard reflex vertex? 0
	was guard in reflex area? 0
	does guard intersect boundary ray 9.51616 3 9.61171 2.88956?1
	is guard inside polygon? 0
0 other guards have coords 9.61171 3
	 new best guard at 9.61171 3
scaling gradient with 0.0625 to 0.0722857 -0.0292386
	>>>> prev guard 9.51616 3 cur guard 9.70481 2.9576
	was guard reflex vertex? 0
	was guard in reflex area? 0
	does guard intersect boundary ray 9.51616 3 9.70481 2.9576?1
	is guard inside polygon? 0
0 other guards have coords 9.70481 3
scaling gradient with 0.125 to 0.144571 -0.0584771
	>>>> prev guard 9.51616 3 cur guard 9.80175 3.0097
	was guard reflex vertex? 0
	was guard in reflex area? 0
	does guard intersect boundary ray 9.51616 3 9.80175 3.0097?1
	is guard inside polygon? 1
0 other guards have coords 9.80175 3
scaling gradient with 0.25 to 0.289143 -0.116954
	>>>> prev guard 9.51616 3 cur guard 9.91331 3.0467
	was guard reflex vertex? 0
	was guard in reflex area? 0
	does guard intersect boundary ray 9.51616 3 9.91331 3.0467?1
	is guard inside polygon? 1
0 other guards have coords 9.91331 3
scaling gradient with 0.5 to 0.578286 -0.233909
	>>>> prev guard 9.51616 3 cur guard 10.0597 3.06694
	was guard reflex vertex? 0
	was guard in reflex area? 0
	does guard intersect boundary ray 9.51616 3 10.0597 3.06694?1
	is guard inside polygon? 1
0 other guards have coords 10.0597 3
scaling gradient with 1 to 1.15657 -0.467817
	>>>> prev guard 9.51616 3 cur guard 10.2802 3.06443
	was guard reflex vertex? 0
	was guard in reflex area? 0
	does guard intersect boundary ray 9.51616 3 10.2802 3.06443?1
	is guard inside polygon? 1
0 other guards have coords 10.2802 3
	 new best guard at 10.2802 3
scaling gradient with 2 to 2.31314 -0.935634
	>>>> prev guard 9.51616 3 cur guard 10.6526 3.02499
	was guard reflex vertex? 0
	was guard in reflex area? 0
	does guard intersect boundary ray 9.51616 3 10.6526 3.02499?1
	is guard inside polygon? 1
0 other guards have coords 10.6526 3
	 new best guard at 10.6526 3
scaling gradient with 4 to 4.62628 -1.87127
	>>>> prev guard 9.51616 3 cur guard 11.3315 2.91858
	was guard reflex vertex? 0
	was guard in reflex area? 0
	does guard intersect boundary ray 9.51616 3 11.3315 2.91858?1
	is guard inside polygon? 0
0 other guards have coords 11.3315 3
	 new best guard at 11.3315 3
scaling gradient with 8 to 9.25257 -3.74254
	>>>> prev guard 9.51616 3 cur guard 12.6257 2.68376
	was guard reflex vertex? 0
	was guard in reflex area? 0
	does guard intersect boundary ray 9.51616 3 12.6257 2.68376?1
	is guard inside polygon? 0
0 other guards have coords 12.6257 3
	 new best guard at 12.6257 3
scaling gradient with 16 to 18.5051 -7.48507
	>>>> prev guard 9.51616 3 cur guard 15.1523 2.1965
	was guard reflex vertex? 0
	was guard in reflex area? 0
	does guard intersect boundary ray 9.51616 3 15.1523 2.1965?1
	is guard inside polygon? 0
0 other guards have coords 15 3
scaling gradient with 32 to 37.0103 -14.9701
	>>>> prev guard 9.51616 3 cur guard 19.993 1.20788
	was guard reflex vertex? 0
	was guard in reflex area? 0
	does guard intersect boundary ray 9.51616 3 19.993 1.20788?1
	is guard inside polygon? 0
0 other guards have coords 15 3
Df=-0.0128659 -0.0226194
h=-0.0055917 0.00318057
Df=-0.0112279 -0.0141256
h=-0.00439474 0.0034932
Df=-0.00342165 -0.000883065
h=-0.000427524 0.00165655
Df=0.465726 -0.112668
h=0.0547544 0.226334
Df=0.0114063 -0.0141657
h=0.00444211 0.00357681
Df=0.0130117 -0.0226654
h=0.00564223 0.00323909
Df=1.29419 -0.31624
h=0.0544248 0.24148
is completely visible? 0
are areas equal? 38=37.8439?0
i=3
area=37.8439
+++++4 guards with gradient 0
	======== guard 6.58324 3
	was guard reflex vertex? 0
	computed gradient 1.30017 -0.270929 and pull 0.132616 0.636413
	------- removing guard 6.58324 3
g0=6.58324 3
area0=31.2922
alpha0=0.4
scaling gradient with 0.03125 to 0.0406302 -0.00846652
	>>>> prev guard 6.58324 3 cur guard 6.77615 2.7161
	was guard reflex vertex? 0
	was guard in reflex area? 0
	does guard intersect boundary ray 6.58324 3 6.77615 2.7161?1
	is guard inside polygon? 0
0 other guards have coords 6.77615 3
	 new best guard at 6.77615 3
scaling gradient with 0.0625 to 0.0812605 -0.016933
	>>>> prev guard 6.58324 3 cur guard 6.94758 2.82244
	was guard reflex vertex? 0
	was guard in reflex area? 0
	does guard intersect boundary ray 6.58324 3 6.94758 2.82244?1
	is guard inside polygon? 0
0 other guards have coords 6.94758 3
scaling gradient with 0.125 to 0.162521 -0.0338661
	>>>> prev guard 6.58324 3 cur guard 7.10834 2.90616
	was guard reflex vertex? 0
	was guard in reflex area? 0
	does guard intersect boundary ray 6.58324 3 7.10834 2.90616?1
	is guard inside polygon? 0
0 other guards have coords 7.10834 3
scaling gradient with 0.25 to 0.325042 -0.0677322
	>>>> prev guard 6.58324 3 cur guard 7.27356 2.97042
	was guard reflex vertex? 0
	was guard in reflex area? 0
	does guard intersect boundary ray 6.58324 3 7.27356 2.97042?1
	is guard inside polygon? 0
0 other guards have coords 7.27356 3
scaling gradient with 0.5 to 0.650084 -0.135464
	>>>> prev guard 6.58324 3 cur guard 7.46835 3.01641
	was guard reflex vertex? 0
	was guard in reflex area? 0
	does guard intersect boundary ray 6.58324 3 7.46835 3.01641?1
	is guard inside polygon? 1
0 other guards have coords 7.46835 3
scaling gradient with 1 to 1.30017 -0.270929
	>>>> prev guard 6.58324 3 cur guard 7.73881 3.04237
	was guard reflex vertex? 0
	was guard in reflex area? 0
	does guard intersect boundary ray 6.58324 3 7.73881 3.04237?1
	is guard inside polygon? 1
0 other guards have coords 7.73881 3
scaling gradient with 2 to 2.60034 -0.541857
	>>>> prev guard 6.58324 3 cur guard 8.17381 3.04146
	was guard reflex vertex? 0
	was guard in reflex area? 0
	does guard intersect boundary ray 6.58324 3 8.17381 3.04146?1
	is guard inside polygon? 1
0 other guards have coords 8.17381 3
scaling gradient with 4 to 5.20067 -1.08371
	>>>> prev guard 6.58324 3 cur guard 8.94847 2.99738
	was guard reflex vertex? 0
	was guard in reflex area? 0
	does guard intersect boundary ray 6.58324 3 8.94847 2.99738?1
	is guard inside polygon? 0
0 other guards have coords 8.94847 3
scaling gradient with 8 to 10.4013 -2.16743
	>>>> prev guard 6.58324 3 cur guard 10.4109 2.87542
	was guard reflex vertex? 0
	was guard in reflex area? 0
	does guard intersect boundary ray 6.58324 3 10.4109 2.87542?1
	is guard inside polygon? 0
0 other guards have coords 10.4109 3
scaling gradient with 16 to 20.8027 -4.33486
	>>>> prev guard 6.58324 3 cur guard 13.2557 2.60446
	was guard reflex vertex? 0
	was guard in reflex area? 0
	does guard intersect boundary ray 6.58324 3 13.2557 2.60446?1
	is guard inside polygon? 0
0 other guards have coords 13.2557 3
scaling gradient with 32 to 41.6054 -8.66972
	>>>> prev guard 6.58324 3 cur guard 18.8706 2.04091
	was guard reflex vertex? 0
	was guard in reflex area? 0
	does guard intersect boundary ray 6.58324 3 18.8706 2.04091?1
	is guard inside polygon? 0
0 other guards have coords 15 3
Df=0 0
h=0 0
Df=0.520067 -0.108371
h=0.0530463 0.254565
Df=0 0
h=0 0
Df=0 0
h=0 0
Df=0 0
h=0 0
Df=0 0
h=0 0
Df=0.192907 -0.283899
h=0.0530463 0.254565
is completely visible? 0
are areas equal? 38=37.8439?0
+++++3 guards with gradient 0
	======== guard 10.1266 3
	was guard reflex vertex? 0
	computed gradient -0 -0 and pull -0 0
	======== guard 6.54061 3
	was guard reflex vertex? 0
	computed gradient 2.7335 -0.635306 and pull 0.305691 1.34649
	------- removing guard 6.54061 3
g2=6.54061 3
area2=31.4289
alpha2=0.4
scaling gradient with 0.03125 to 0.0854218 -0.0198533
	>>>> prev guard 6.54061 3 cur guard 6.80119 2.6749
	was guard reflex vertex? 0
	was guard in reflex area? 0
	does guard intersect boundary ray 6.54061 3 6.80119 2.6749?1
	is guard inside polygon? 0
0 other guards have coords 6.80119 3
	 new best guard at 6.80119 3
scaling gradient with 0.0625 to 0.170844 -0.0397066
	>>>> prev guard 6.54061 3 cur guard 7.04778 2.84446
	was guard reflex vertex? 0
	was guard in reflex area? 0
	does guard intersect boundary ray 6.54061 3 7.04778 2.84446?1
	is guard inside polygon? 0
0 other guards have coords 7.04778 3
scaling gradient with 0.125 to 0.341687 -0.0794133
	>>>> prev guard 6.54061 3 cur guard 7.29685 2.97694
	was guard reflex vertex? 0
	was guard in reflex area? 0
	does guard intersect boundary ray 6.54061 3 7.29685 2.97694?1
	is guard inside polygon? 0
0 other guards have coords 7.29685 3
scaling gradient with 0.25 to 0.683375 -0.158827
	>>>> prev guard 6.54061 3 cur guard 7.57522 3.07656
	was guard reflex vertex? 0
	was guard in reflex area? 0
	does guard intersect boundary ray 6.54061 3 7.57522 3.07656?1
	is guard inside polygon? 1
0 other guards have coords 7.57522 3
scaling gradient with 0.5 to 1.36675 -0.317653
	>>>> prev guard 6.54061 3 cur guard 7.93171 3.14356
	was guard reflex vertex? 0
	was guard in reflex area? 0
	does guard intersect boundary ray 6.54061 3 7.93171 3.14356?1
	is guard inside polygon? 1
0 other guards have coords 7.93171 3
scaling gradient with 1 to 2.7335 -0.635306
	>>>> prev guard 6.54061 3 cur guard 8.46005 3.17174
	was guard reflex vertex? 0
	was guard in reflex area? 0
	does guard intersect boundary ray 6.54061 3 8.46005 3.17174?1
	is guard inside polygon? 1
0 other guards have coords 8.46005 3
scaling gradient with 2 to 5.467 -1.27061
	>>>> prev guard 6.54061 3 cur guard 9.34453 3.14346
	was guard reflex vertex? 0
	was guard in reflex area? 0
	does guard intersect boundary ray 6.54061 3 9.34453 3.14346?1
	is guard inside polygon? 1
0 other guards have coords 9.34453 3
	 new best guard at 9.34453 3
scaling gradient with 4 to 10.934 -2.54123
	>>>> prev guard 6.54061 3 cur guard 10.9513 3.01919
	was guard reflex vertex? 0
	was guard in reflex area? 0
	does guard intersect boundary ray 6.54061 3 10.9513 3.01919?1
	is guard inside polygon? 1
0 other guards have coords 10.9513 3
scaling gradient with 8 to 21.868 -5.08245
	>>>> prev guard 6.54061 3 cur guard 14.0106 2.71648
	was guard reflex vertex? 0
	was guard in reflex area? 0
	does guard intersect boundary ray 6.54061 3 14.0106 2.71648?1
	is guard inside polygon? 0
0 other guards have coords 14.0106 3
scaling gradient with 16 to 43.736 -10.1649
	>>>> prev guard 6.54061 3 cur guard 19.9814 2.06771
	was guard reflex vertex? 0
	was guard in reflex area? 0
	does guard intersect boundary ray 6.54061 3 19.9814 2.06771?1
	is guard inside polygon? 0
0 other guards have coords 15 3
scaling gradient with 32 to 87.472 -20.3298
	>>>> prev guard 6.54061 3 cur guard 26.7988 0.735501
	was guard reflex vertex? 0
	was guard in reflex area? 0
	does guard intersect boundary ray 6.54061 3 26.7988 0.735501?1
	is guard inside polygon? 0
0 other guards have coords 15 3
Df=-0.00594985 -0.00160828
h=-0.00077628 0.00287186
Df=1.09935 -0.252514
h=0.123053 0.535724
Df=0 0
h=0 0
Df=0 0
h=0 0
Df=0 0
h=0 0
Df=0 0
h=0 0
Df=0.88448 0.143462
h=0.122276 0.538596
is completely visible? 0
are areas equal? 38=37.1344?0
+++++2 guards with gradient 0
	======== guard 10.1266 3
	was guard reflex vertex? 0
	computed gradient -0.0921963 -0.0912279 and pull -0.0279827 0.0344649
	------- removing guard 10.1266 3
g1=10.1266 3
area1=30.5094
alpha1=0.4
scaling gradient with 0.03125 to -0.00288114 -0.00285087
	>>>> prev guard 10.1266 3 cur guard 10.6172 2.88314
	was guard reflex vertex? 0
	was guard in reflex area? 0
	does guard intersect boundary ray 10.1266 3 10.6172 2.88314?1
	is guard inside polygon? 0
0 other guards have coords 10.6172 3
	 new best guard at 10.6172 3
scaling gradient with 0.0625 to -0.00576227 -0.00570174
	>>>> prev guard 10.1266 3 cur guard 11.007 2.90881
	was guard reflex vertex? 0
	was guard in reflex area? 0
	does guard intersect boundary ray 10.1266 3 11.007 2.90881?1
	is guard inside polygon? 0
0 other guards have coords 11.007 3
scaling gradient with 0.125 to -0.0115245 -0.0114035
	>>>> prev guard 10.1266 3 cur guard 11.3156 2.92889
	was guard reflex vertex? 0
	was guard in reflex area? 0
	does guard intersect boundary ray 10.1266 3 11.3156 2.92889?1
	is guard inside polygon? 0
0 other guards have coords 11.3156 3
scaling gradient with 0.25 to -0.0230491 -0.022807
	>>>> prev guard 10.1266 3 cur guard 11.5585 2.94405
	was guard reflex vertex? 0
	was guard in reflex area? 0
	does guard intersect boundary ray 10.1266 3 11.5585 2.94405?1
	is guard inside polygon? 0
0 other guards have coords 11.5585 3
scaling gradient with 0.5 to -0.0460982 -0.0456139
	>>>> prev guard 10.1266 3 cur guard 11.7468 2.95435
	was guard reflex vertex? 0
	was guard in reflex area? 0
	does guard intersect boundary ray 10.1266 3 11.7468 2.95435?1
	is guard inside polygon? 0
0 other guards have coords 11.7468 3
	 new best guard at 11.7468 3
scaling gradient with 1 to -0.0921963 -0.0912279
	>>>> prev guard 10.1266 3 cur guard 11.8879 2.95894
	was guard reflex vertex? 0
	was guard in reflex area? 0
	does guard intersect boundary ray 10.1266 3 11.8879 2.95894?1
	is guard inside polygon? 0
0 other guards have coords 11.8879 3
	 new best guard at 11.8879 3
scaling gradient with 2 to -0.184393 -0.182456
	>>>> prev guard 10.1266 3 cur guard 11.9837 2.95531
	was guard reflex vertex? 0
	was guard in reflex area? 0
	does guard intersect boundary ray 10.1266 3 11.9837 2.95531?1
	is guard inside polygon? 0
0 other guards have coords 11.9837 3
	 new best guard at 11.9837 3
scaling gradient with 4 to -0.368785 -0.364912
	>>>> prev guard 10.1266 3 cur guard 12.0287 2.93781
	was guard reflex vertex? 0
	was guard in reflex area? 0
	does guard intersect boundary ray 10.1266 3 12.0287 2.93781?1
	is guard inside polygon? 0
0 other guards have coords 12.0287 3
	 new best guard at 12.0287 3
scaling gradient with 8 to -0.737571 -0.729823
	>>>> prev guard 10.1266 3 cur guard 12.0034 2.89462
	was guard reflex vertex? 0
	was guard in reflex area? 0
	does guard intersect boundary ray 10.1266 3 12.0034 2.89462?1
	is guard inside polygon? 0
0 other guards have coords 12.0034 3
scaling gradient with 16 to -1.47514 -1.45965
	>>>> prev guard 10.1266 3 cur guard 11.8629 2.80168
	was guard reflex vertex? 0
	was guard in reflex area? 0
	does guard intersect boundary ray 10.1266 3 11.8629 2.80168?1
	is guard inside polygon? 0
0 other guards have coords 11.8629 3
scaling gradient with 32 to -2.95028 -2.91929
	>>>> prev guard 10.1266 3 cur guard 11.5123 2.61056
	was guard reflex vertex? 0
	was guard in reflex area? 0
	does guard intersect boundary ray 10.1266 3 11.5123 2.61056?1
	is guard inside polygon? 0
0 other guards have coords 11.5123 3
Df=-0.0104784 -0.02162
h=-0.00471464 0.002285
Df=0 0
h=0 0
Df=-0.0264002 -0.0148711
h=-0.00647845 0.0115009
Df=0 0
h=0 0
Df=0 0
h=0 0
Df=0 0
h=0 0
Df=0.044948 -0.0621878
h=-0.0111931 0.0137859
is completely visible? 0
are areas equal? 38=37.1344?0
+++++1 guards with gradient 0
	======== guard 12.6257 3
	was guard reflex vertex? 0
	computed gradient 1.07959 -0.390126 and pull 0.0704799 0.61946
	------- removing guard 12.6257 3
g3=12.6257 3
area3=31.0843
alpha3=0.4
scaling gradient with 0.03125 to 0.0337372 -0.0121914
	>>>> prev guard 12.6257 3 cur guard 13.6694 2.79559
	was guard reflex vertex? 0
	was guard in reflex area? 0
	does guard intersect boundary ray 12.6257 3 13.6694 2.79559?1
	is guard inside polygon? 0
0 other guards have coords 13.6694 3
	 new best guard at 13.6694 3
scaling gradient with 0.0625 to 0.0674745 -0.0243829
	>>>> prev guard 12.6257 3 cur guard 14.5153 2.88408
	was guard reflex vertex? 0
	was guard in reflex area? 0
	does guard intersect boundary ray 12.6257 3 14.5153 2.88408?1
	is guard inside polygon? 0
0 other guards have coords 14.5153 3
scaling gradient with 0.125 to 0.134949 -0.0487658
	>>>> prev guard 12.6257 3 cur guard 15.2086 2.95292
	was guard reflex vertex? 0
	was guard in reflex area? 0
	does guard intersect boundary ray 12.6257 3 15.2086 2.95292?1
	is guard inside polygon? 0
0 other guards have coords 15 3
scaling gradient with 0.25 to 0.269898 -0.0975315
	>>>> prev guard 12.6257 3 cur guard 15.5818 3.00409
	was guard reflex vertex? 0
	was guard in reflex area? 0
	does guard intersect boundary ray 12.6257 3 15.5818 3.00409?1
	is guard inside polygon? 0
0 other guards have coords 15 3
scaling gradient with 0.5 to 0.539796 -0.195063
	>>>> prev guard 12.6257 3 cur guard 15.5143 3.03722
	was guard reflex vertex? 0
	was guard in reflex area? 0
	does guard intersect boundary ray 12.6257 3 15.5143 3.03722?1
	is guard inside polygon? 0
0 other guards have coords 15 3
scaling gradient with 1 to 1.07959 -0.390126
	>>>> prev guard 12.6257 3 cur guard 15.5034 3.04812
	was guard reflex vertex? 0
	was guard in reflex area? 0
	does guard intersect boundary ray 12.6257 3 15.5034 3.04812?1
	is guard inside polygon? 0
0 other guards have coords 15 3
scaling gradient with 2 to 2.15918 -0.780252
	>>>> prev guard 12.6257 3 cur guard 15.5811 3.02564
	was guard reflex vertex? 0
	was guard in reflex area? 0
	does guard intersect boundary ray 12.6257 3 15.5811 3.02564?1
	is guard inside polygon? 0
0 other guards have coords 15 3
scaling gradient with 4 to 4.31837 -1.5605
	>>>> prev guard 12.6257 3 cur guard 15.816 2.94523
	was guard reflex vertex? 0
	was guard in reflex area? 0
	does guard intersect boundary ray 12.6257 3 15.816 2.94523?1
	is guard inside polygon? 0
0 other guards have coords 15 3
scaling gradient with 8 to 8.63673 -3.12101
	>>>> prev guard 12.6257 3 cur guard 16.3494 2.75606
	was guard reflex vertex? 0
	was guard in reflex area? 0
	does guard intersect boundary ray 12.6257 3 16.3494 2.75606?1
	is guard inside polygon? 0
0 other guards have coords 15 3
scaling gradient with 16 to 17.2735 -6.24202
	>>>> prev guard 12.6257 3 cur guard 17.467 2.35504
	was guard reflex vertex? 0
	was guard in reflex area? 0
	does guard intersect boundary ray 12.6257 3 17.467 2.35504?1
	is guard inside polygon? 0
0 other guards have coords 15 3
scaling gradient with 32 to 34.5469 -12.484
	>>>> prev guard 12.6257 3 cur guard 19.743 1.53487
	was guard reflex vertex? 0
	was guard in reflex area? 0
	does guard intersect boundary ray 12.6257 3 19.743 1.53487?1
	is guard inside polygon? 0
0 other guards have coords 15 3
Df=-0.00521051 -0.0172616
h=-0.0024941 0.000752861
Df=-0.00325391 -0.00915271
h=-0.00153296 0.000544988
Df=-0.0123876 -0.0224567
h=-0.0054234 0.00299167
Df=-0.0106475 -0.0139785
h=-0.00423509 0.00322592
Df=-0.012961 -0.00405465
h=-0.00193486 0.00618493
Df=0.476297 -0.0891464
h=0.0438124 0.234084
Df=1.04369 -0.204411
h=0.028192 0.247784
is completely visible? 0
are areas equal? 38=37.1344?0
i=4
area=37.1344
+++++4 guards with gradient 0
	======== guard 6.77615 3
	was guard reflex vertex? 0
	computed gradient 0.128622 -0.0400962 and pull 0.000714219 0.113412
	------- removing guard 6.77615 3
g0=6.77615 3
area0=30.8035
alpha0=0.4
scaling gradient with 0.03125 to 0.00401944 -0.00125301
	>>>> prev guard 6.77615 3 cur guard 6.93085 2.78185
	was guard reflex vertex? 0
	was guard in reflex area? 0
	does guard intersect boundary ray 6.77615 3 6.93085 2.78185?1
	is guard inside polygon? 0
0 other guards have coords 6.93085 3
	 new best guard at 6.93085 3
scaling gradient with 0.0625 to 0.00803889 -0.00250601
	>>>> prev guard 6.77615 3 cur guard 7.05531 2.83436
	was guard reflex vertex? 0
	was guard in reflex area? 0
	does guard intersect boundary ray 6.77615 3 7.05531 2.83436?1
	is guard inside polygon? 0
0 other guards have coords 7.05531 3
scaling gradient with 0.125 to 0.0160778 -0.00501203
	>>>> prev guard 6.77615 3 cur guard 7.15623 2.87616
	was guard reflex vertex? 0
	was guard in reflex area? 0
	does guard intersect boundary ray 6.77615 3 7.15623 2.87616?1
	is guard inside polygon? 0
0 other guards have coords 7.15623 3
scaling gradient with 0.25 to 0.0321556 -0.0100241
	>>>> prev guard 6.77615 3 cur guard 7.23959 2.9092
	was guard reflex vertex? 0
	was guard in reflex area? 0
	does guard intersect boundary ray 6.77615 3 7.23959 2.9092?1
	is guard inside polygon? 0
0 other guards have coords 7.23959 3
scaling gradient with 0.5 to 0.0643111 -0.0200481
	>>>> prev guard 6.77615 3 cur guard 7.31148 2.93483
	was guard reflex vertex? 0
	was guard in reflex area? 0
	does guard intersect boundary ray 6.77615 3 7.31148 2.93483?1
	is guard inside polygon? 0
0 other guards have coords 7.31148 3
scaling gradient with 1 to 0.128622 -0.0400962
	>>>> prev guard 6.77615 3 cur guard 7.37934 2.95373
	was guard reflex vertex? 0
	was guard in reflex area? 0
	does guard intersect boundary ray 6.77615 3 7.37934 2.95373?1
	is guard inside polygon? 0
0 other guards have coords 7.37934 3
scaling gradient with 2 to 0.257244 -0.0801924
	>>>> prev guard 6.77615 3 cur guard 7.45426 2.96564
	was guard reflex vertex? 0
	was guard in reflex area? 0
	does guard intersect boundary ray 6.77615 3 7.45426 2.96564?1
	is guard inside polygon? 0
0 other guards have coords 7.45426 3
scaling gradient with 4 to 0.514489 -0.160385
	>>>> prev guard 6.77615 3 cur guard 7.55542 2.96875
	was guard reflex vertex? 0
	was guard in reflex area? 0
	does guard intersect boundary ray 6.77615 3 7.55542 2.96875?1
	is guard inside polygon? 0
0 other guards have coords 7.55542 3
scaling gradient with 8 to 1.02898 -0.32077
	>>>> prev guard 6.77615 3 cur guard 7.71872 2.95841
	was guard reflex vertex? 0
	was guard in reflex area? 0
	does guard intersect boundary ray 6.77615 3 7.71872 2.95841?1
	is guard inside polygon? 0
0 other guards have coords 7.71872 3
scaling gradient with 16 to 2.05796 -0.641539
	>>>> prev guard 6.77615 3 cur guard 8.01405 2.92448
	was guard reflex vertex? 0
	was guard in reflex area? 0
	does guard intersect boundary ray 6.77615 3 8.01405 2.92448?1
	is guard inside polygon? 0
0 other guards have coords 8.01405 3
scaling gradient with 32 to 4.11591 -1.28308
	>>>> prev guard 6.77615 3 cur guard 8.57965 2.84601
	was guard reflex vertex? 0
	was guard in reflex area? 0
	does guard intersect boundary ray 6.77615 3 8.57965 2.84601?1
	is guard inside polygon? 0
0 other guards have coords 8.57965 3
Df=-0.02056 -0.00797878
h=-0.00371916 0.00958364
Df=0.0720089 -0.0080597
h=0.00400484 0.035781
Df=0 0
h=0 0
Df=0 0
h=0 0
Df=0 0
h=0 0
Df=0 0
h=0 0
Df=0.154704 -0.218146
h=0.000285687 0.0453646
is completely visible? 0
are areas equal? 38=36.7955?0
+++++3 guards with gradient 0
	======== guard 12.0287 3
	was guard reflex vertex? 0
	computed gradient -1.06655 -0.015298 and pull -0.0076482 0.53322
	------- removing guard 12.0287 3
g1=12.0287 3
area1=30.4649
alpha1=0.4
scaling gradient with 0.03125 to -0.0333296 -0.000478062
	>>>> prev guard 12.0287 3 cur guard 12.0614 2.99287
	was guard reflex vertex? 0
	was guard in reflex area? 0
	does guard intersect boundary ray 12.0287 3 12.0614 2.99287?1
	is guard inside polygon? 0
0 other guards have coords 12.0614 3
	 new best guard at 12.0614 3
scaling gradient with 0.0625 to -0.0666593 -0.000956124
	>>>> prev guard 12.0287 3 cur guard 12.0816 3.03688
	was guard reflex vertex? 0
	was guard in reflex area? 0
	does guard intersect boundary ray 12.0287 3 12.0816 3.03688?1
	is guard inside polygon? 1
0 other guards have coords 12.0816 3
	 new best guard at 12.0816 3
scaling gradient with 0.125 to -0.133319 -0.00191225
	>>>> prev guard 12.0287 3 cur guard 12.0864 3.07201
	was guard reflex vertex? 0
	was guard in reflex area? 0
	does guard intersect boundary ray 12.0287 3 12.0864 3.07201?1
	is guard inside polygon? 1
0 other guards have coords 12.0864 3
	 new best guard at 12.0864 3
scaling gradient with 0.25 to -0.266637 -0.00382449
	>>>> prev guard 12.0287 3 cur guard 12.0684 3.09996
	was guard reflex vertex? 0
	was guard in reflex area? 0
	does guard intersect boundary ray 12.0287 3 12.0684 3.09996?1
	is guard inside polygon? 1
0 other guards have coords 12.0684 3
scaling gradient with 0.5 to -0.533274 -0.00764899
	>>>> prev guard 12.0287 3 cur guard 12.0107 3.12201
	was guard reflex vertex? 0
	was guard in reflex area? 0
	does guard intersect boundary ray 12.0287 3 12.0107 3.12201?1
	is guard inside polygon? 1
0 other guards have coords 12.0107 3
scaling gradient with 1 to -1.06655 -0.015298
	>>>> prev guard 12.0287 3 cur guard 11.8786 3.13904
	was guard reflex vertex? 0
	was guard in reflex area? 0
	does guard intersect boundary ray 12.0287 3 11.8786 3.13904?1
	is guard inside polygon? 1
0 other guards have coords 11.8786 3
scaling gradient with 2 to -2.1331 -0.030596
	>>>> prev guard 12.0287 3 cur guard 11.6017 3.15144
	was guard reflex vertex? 0
	was guard in reflex area? 0
	does guard intersect boundary ray 12.0287 3 11.6017 3.15144?1
	is guard inside polygon? 1
0 other guards have coords 11.6017 3
scaling gradient with 4 to -4.2662 -0.0611919
	>>>> prev guard 12.0287 3 cur guard 11.0382 3.15892
	was guard reflex vertex? 0
	was guard in reflex area? 0
	does guard intersect boundary ray 12.0287 3 11.0382 3.15892?1
	is guard inside polygon? 1
0 other guards have coords 11.0382 3
scaling gradient with 8 to -8.53239 -0.122384
	>>>> prev guard 12.0287 3 cur guard 9.90424 3.16
	was guard reflex vertex? 0
	was guard in reflex area? 0
	does guard intersect boundary ray 12.0287 3 9.90424 3.16?1
	is guard inside polygon? 1
0 other guards have coords 9.90424 3
	 new best guard at 9.90424 3
scaling gradient with 16 to -17.0648 -0.244768
	>>>> prev guard 12.0287 3 cur guard 7.63127 3.15108
	was guard reflex vertex? 0
	was guard in reflex area? 0
	does guard intersect boundary ray 12.0287 3 7.63127 3.15108?1
	is guard inside polygon? 1
0 other guards have coords 7.63127 3
scaling gradient with 32 to -34.1296 -0.489535
	>>>> prev guard 12.0287 3 cur guard 3.08192 3.12436
	was guard reflex vertex? 0
	was guard in reflex area? 0
	does guard intersect boundary ray 12.0287 3 3.08192 3.12436?1
	is guard inside polygon? 0
0 other guards have coords 4 3
	 new best guard at 4 3
Df=0 0
h=0 0
Df=0 0
h=0 0
Df=0 0
h=0 0
Df=0 0
h=0 0
Df=-0.42662 -0.00611919
h=-0.00305928 0.213288
Df=0 0
h=0 0
Df=-4.54935 0.124356
h=-0.00305928 0.213288
is completely visible? 0
are areas equal? 38=37.5851?0
+++++2 guards with gradient 0
	======== guard 9.34453 3
	was guard reflex vertex? 0
	computed gradient 2.21762 -0.797185 and pull 0.336277 1.08266
	------- removing guard 9.34453 3
g2=9.34453 3
area2=31.4648
alpha2=0.4
scaling gradient with 0.03125 to 0.0693005 -0.024912
	>>>> prev guard 9.34453 3 cur guard 10.0846 3.19939
	was guard reflex vertex? 0
	was guard in reflex area? 0
	does guard intersect boundary ray 9.34453 3 10.0846 3.19939?1
	is guard inside polygon? 1
0 other guards have coords 10.0846 3
	 new best guard at 10.0846 3
scaling gradient with 0.0625 to 0.138601 -0.0498241
	>>>> prev guard 9.34453 3 cur guard 10.7146 3.24214
	was guard reflex vertex? 0
	was guard in reflex area? 0
	does guard intersect boundary ray 9.34453 3 10.7146 3.24214?1
	is guard inside polygon? 1
0 other guards have coords 10.7146 3
scaling gradient with 0.125 to 0.277202 -0.0996481
	>>>> prev guard 9.34453 3 cur guard 11.2677 3.27235
	was guard reflex vertex? 0
	was guard in reflex area? 0
	does guard intersect boundary ray 9.34453 3 11.2677 3.27235?1
	is guard inside polygon? 1
0 other guards have coords 11.2677 3
scaling gradient with 0.25 to 0.554404 -0.199296
	>>>> prev guard 9.34453 3 cur guard 11.7814 3.28855
	was guard reflex vertex? 0
	was guard in reflex area? 0
	does guard intersect boundary ray 9.34453 3 11.7814 3.28855?1
	is guard inside polygon? 1
0 other guards have coords 11.7814 3
scaling gradient with 0.5 to 1.10881 -0.398593
	>>>> prev guard 9.34453 3 cur guard 12.308 3.28556
	was guard reflex vertex? 0
	was guard in reflex area? 0
	does guard intersect boundary ray 9.34453 3 12.308 3.28556?1
	is guard inside polygon? 1
0 other guards have coords 12.308 3
	 new best guard at 12.308 3
scaling gradient with 1 to 2.21762 -0.797185
	>>>> prev guard 9.34453 3 cur guard 12.9336 3.25129
	was guard reflex vertex? 0
	was guard in reflex area? 0
	does guard intersect boundary ray 9.34453 3 12.9336 3.25129?1
	is guard inside polygon? 1
0 other guards have coords 12.9336 3
scaling gradient with 2 to 4.43523 -1.59437
	>>>> prev guard 9.34453 3 cur guard 13.8157 3.16009
	was guard reflex vertex? 0
	was guard in reflex area? 0
	does guard intersect boundary ray 9.34453 3 13.8157 3.16009?1
	is guard inside polygon? 1
0 other guards have coords 13.8157 3
scaling gradient with 4 to 8.87047 -3.18874
	>>>> prev guard 9.34453 3 cur guard 15.258 2.95959
	was guard reflex vertex? 0
	was guard in reflex area? 0
	does guard intersect boundary ray 9.34453 3 15.258 2.95959?1
	is guard inside polygon? 0
0 other guards have coords 15 3
scaling gradient with 8 to 17.7409 -6.37748
	>>>> prev guard 9.34453 3 cur guard 17.6 2.54409
	was guard reflex vertex? 0
	was guard in reflex area? 0
	does guard intersect boundary ray 9.34453 3 17.6 2.54409?1
	is guard inside polygon? 0
0 other guards have coords 15 3
scaling gradient with 16 to 35.4819 -12.755
	>>>> prev guard 9.34453 3 cur guard 19.9455 1.70148
	was guard reflex vertex? 0
	was guard in reflex area? 0
	does guard intersect boundary ray 9.34453 3 19.9455 1.70148?1
	is guard inside polygon? 0
0 other guards have coords 15 3
scaling gradient with 32 to 70.9637 -25.5099
	>>>> prev guard 9.34453 3 cur guard 24.6604 0.00700585
	was guard reflex vertex? 0
	was guard in reflex area? 0
	does guard intersect boundary ray 9.34453 3 24.6604 0.00700585?1
	is guard inside polygon? 0
0 other guards have coords 15 3
Df=-0.0136652 -0.0228517
h=-0.00586408 0.00350667
Df=0 0
h=0 0
Df=-0.00165101 -0.000284407
h=-0.000140139 0.000813521
Df=0.902363 -0.295738
h=0.140515 0.428743
Df=0 0
h=0 0
Df=0 0
h=0 0
Df=0.526588 0.285565
h=0.134511 0.433063
is completely visible? 1
are areas equal? 38=38?1
i=6
area=38
g0=6.93085 3
alpha0=0.4
area0=30.5252
g1=4 3
alpha1=0.4
area1=28.1793
g2=12.308 3
alpha2=0.4
area2=30.9936
g3=13.6694 3
alpha3=0.4
area3=29.1073
